ARM GAS  C:\Users\chemi\AppData\Local\Temp\ccJSY9uV.s 			page 1


   1              		.syntax unified
   2              		.cpu cortex-m3
   3              		.fpu softvfp
   4              		.eabi_attribute 20, 1
   5              		.eabi_attribute 21, 1
   6              		.eabi_attribute 23, 3
   7              		.eabi_attribute 24, 1
   8              		.eabi_attribute 25, 1
   9              		.eabi_attribute 26, 1
  10              		.eabi_attribute 30, 4
  11              		.eabi_attribute 34, 1
  12              		.eabi_attribute 18, 4
  13              		.thumb
  14              		.syntax unified
  15              		.file	"ADC_peak_PM.c"
  16              		.text
  17              	.Ltext0:
  18              		.cfi_sections	.debug_frame
  19              		.section	.text.ADC_peak_SaveConfig,"ax",%progbits
  20              		.align	1
  21              		.global	ADC_peak_SaveConfig
  22              		.thumb
  23              		.thumb_func
  24              		.type	ADC_peak_SaveConfig, %function
  25              	ADC_peak_SaveConfig:
  26              	.LFB5:
  27              		.cfi_startproc
  28              		@ args = 0, pretend = 0, frame = 0
  29              		@ frame_needed = 0, uses_anonymous_args = 0
  30              		@ link register save eliminated.
  31 0000 7047     		bx	lr
  32              		.cfi_endproc
  33              	.LFE5:
  34              		.size	ADC_peak_SaveConfig, .-ADC_peak_SaveConfig
  35              		.section	.text.ADC_peak_RestoreConfig,"ax",%progbits
  36              		.align	1
  37              		.global	ADC_peak_RestoreConfig
  38              		.thumb
  39              		.thumb_func
  40              		.type	ADC_peak_RestoreConfig, %function
  41              	ADC_peak_RestoreConfig:
  42              	.LFB1:
  43              		.file 1 "Generated_Source\\PSoC5\\ADC_peak_PM.c"
   1:Generated_Source\PSoC5/ADC_peak_PM.c **** /*******************************************************************************
   2:Generated_Source\PSoC5/ADC_peak_PM.c **** * File Name: ADC_peak_PM.c
   3:Generated_Source\PSoC5/ADC_peak_PM.c **** * Version 3.10
   4:Generated_Source\PSoC5/ADC_peak_PM.c **** *
   5:Generated_Source\PSoC5/ADC_peak_PM.c **** * Description:
   6:Generated_Source\PSoC5/ADC_peak_PM.c **** *  This file provides Sleep/WakeUp APIs functionality.
   7:Generated_Source\PSoC5/ADC_peak_PM.c **** *
   8:Generated_Source\PSoC5/ADC_peak_PM.c **** * Note:
   9:Generated_Source\PSoC5/ADC_peak_PM.c **** *
  10:Generated_Source\PSoC5/ADC_peak_PM.c **** ********************************************************************************
  11:Generated_Source\PSoC5/ADC_peak_PM.c **** * Copyright 2008-2015, Cypress Semiconductor Corporation.  All rights reserved.
  12:Generated_Source\PSoC5/ADC_peak_PM.c **** * You may use this file only in accordance with the license, terms, conditions,
  13:Generated_Source\PSoC5/ADC_peak_PM.c **** * disclaimers, and limitations in the end user license agreement accompanying
  14:Generated_Source\PSoC5/ADC_peak_PM.c **** * the software package with which this file was provided.
ARM GAS  C:\Users\chemi\AppData\Local\Temp\ccJSY9uV.s 			page 2


  15:Generated_Source\PSoC5/ADC_peak_PM.c **** *******************************************************************************/
  16:Generated_Source\PSoC5/ADC_peak_PM.c **** 
  17:Generated_Source\PSoC5/ADC_peak_PM.c **** #include "ADC_peak.h"
  18:Generated_Source\PSoC5/ADC_peak_PM.c **** 
  19:Generated_Source\PSoC5/ADC_peak_PM.c **** 
  20:Generated_Source\PSoC5/ADC_peak_PM.c **** /***************************************
  21:Generated_Source\PSoC5/ADC_peak_PM.c **** * Local data allocation
  22:Generated_Source\PSoC5/ADC_peak_PM.c **** ***************************************/
  23:Generated_Source\PSoC5/ADC_peak_PM.c **** 
  24:Generated_Source\PSoC5/ADC_peak_PM.c **** static ADC_peak_BACKUP_STRUCT  ADC_peak_backup =
  25:Generated_Source\PSoC5/ADC_peak_PM.c **** {
  26:Generated_Source\PSoC5/ADC_peak_PM.c ****     ADC_peak_DISABLED
  27:Generated_Source\PSoC5/ADC_peak_PM.c **** };
  28:Generated_Source\PSoC5/ADC_peak_PM.c **** 
  29:Generated_Source\PSoC5/ADC_peak_PM.c **** 
  30:Generated_Source\PSoC5/ADC_peak_PM.c **** /*******************************************************************************
  31:Generated_Source\PSoC5/ADC_peak_PM.c **** * Function Name: ADC_peak_SaveConfig
  32:Generated_Source\PSoC5/ADC_peak_PM.c **** ********************************************************************************
  33:Generated_Source\PSoC5/ADC_peak_PM.c **** *
  34:Generated_Source\PSoC5/ADC_peak_PM.c **** * Summary:
  35:Generated_Source\PSoC5/ADC_peak_PM.c **** *  Saves the current user configuration.
  36:Generated_Source\PSoC5/ADC_peak_PM.c **** *
  37:Generated_Source\PSoC5/ADC_peak_PM.c **** * Parameters:
  38:Generated_Source\PSoC5/ADC_peak_PM.c **** *  None.
  39:Generated_Source\PSoC5/ADC_peak_PM.c **** *
  40:Generated_Source\PSoC5/ADC_peak_PM.c **** * Return:
  41:Generated_Source\PSoC5/ADC_peak_PM.c **** *  None.
  42:Generated_Source\PSoC5/ADC_peak_PM.c **** *
  43:Generated_Source\PSoC5/ADC_peak_PM.c **** *******************************************************************************/
  44:Generated_Source\PSoC5/ADC_peak_PM.c **** void ADC_peak_SaveConfig(void)
  45:Generated_Source\PSoC5/ADC_peak_PM.c **** {
  46:Generated_Source\PSoC5/ADC_peak_PM.c ****     /* All configuration registers are marked as [reset_all_retention] */
  47:Generated_Source\PSoC5/ADC_peak_PM.c **** }
  48:Generated_Source\PSoC5/ADC_peak_PM.c **** 
  49:Generated_Source\PSoC5/ADC_peak_PM.c **** 
  50:Generated_Source\PSoC5/ADC_peak_PM.c **** /*******************************************************************************
  51:Generated_Source\PSoC5/ADC_peak_PM.c **** * Function Name: ADC_peak_RestoreConfig
  52:Generated_Source\PSoC5/ADC_peak_PM.c **** ********************************************************************************
  53:Generated_Source\PSoC5/ADC_peak_PM.c **** *
  54:Generated_Source\PSoC5/ADC_peak_PM.c **** * Summary:
  55:Generated_Source\PSoC5/ADC_peak_PM.c **** *  Restores the current user configuration.
  56:Generated_Source\PSoC5/ADC_peak_PM.c **** *
  57:Generated_Source\PSoC5/ADC_peak_PM.c **** * Parameters:
  58:Generated_Source\PSoC5/ADC_peak_PM.c **** *  None.
  59:Generated_Source\PSoC5/ADC_peak_PM.c **** *
  60:Generated_Source\PSoC5/ADC_peak_PM.c **** * Return:
  61:Generated_Source\PSoC5/ADC_peak_PM.c **** *  None.
  62:Generated_Source\PSoC5/ADC_peak_PM.c **** *
  63:Generated_Source\PSoC5/ADC_peak_PM.c **** *******************************************************************************/
  64:Generated_Source\PSoC5/ADC_peak_PM.c **** void ADC_peak_RestoreConfig(void)
  65:Generated_Source\PSoC5/ADC_peak_PM.c **** {
  44              		.loc 1 65 0
  45              		.cfi_startproc
  46              		@ args = 0, pretend = 0, frame = 0
  47              		@ frame_needed = 0, uses_anonymous_args = 0
  48              		@ link register save eliminated.
  49 0000 7047     		bx	lr
ARM GAS  C:\Users\chemi\AppData\Local\Temp\ccJSY9uV.s 			page 3


  50              		.cfi_endproc
  51              	.LFE1:
  52              		.size	ADC_peak_RestoreConfig, .-ADC_peak_RestoreConfig
  53              		.section	.text.ADC_peak_Sleep,"ax",%progbits
  54              		.align	1
  55              		.global	ADC_peak_Sleep
  56              		.thumb
  57              		.thumb_func
  58              		.type	ADC_peak_Sleep, %function
  59              	ADC_peak_Sleep:
  60              	.LFB2:
  66:Generated_Source\PSoC5/ADC_peak_PM.c ****     /* All congiguration registers are marked as [reset_all_retention] */
  67:Generated_Source\PSoC5/ADC_peak_PM.c **** }
  68:Generated_Source\PSoC5/ADC_peak_PM.c **** 
  69:Generated_Source\PSoC5/ADC_peak_PM.c **** 
  70:Generated_Source\PSoC5/ADC_peak_PM.c **** /*******************************************************************************
  71:Generated_Source\PSoC5/ADC_peak_PM.c **** * Function Name: ADC_peak_Sleep
  72:Generated_Source\PSoC5/ADC_peak_PM.c **** ********************************************************************************
  73:Generated_Source\PSoC5/ADC_peak_PM.c **** *
  74:Generated_Source\PSoC5/ADC_peak_PM.c **** * Summary:
  75:Generated_Source\PSoC5/ADC_peak_PM.c **** *  This is the preferred routine to prepare the component for sleep.
  76:Generated_Source\PSoC5/ADC_peak_PM.c **** *  The ADC_peak_Sleep() routine saves the current component state,
  77:Generated_Source\PSoC5/ADC_peak_PM.c **** *  then it calls the ADC_Stop() function.
  78:Generated_Source\PSoC5/ADC_peak_PM.c **** *
  79:Generated_Source\PSoC5/ADC_peak_PM.c **** * Parameters:
  80:Generated_Source\PSoC5/ADC_peak_PM.c **** *  None.
  81:Generated_Source\PSoC5/ADC_peak_PM.c **** *
  82:Generated_Source\PSoC5/ADC_peak_PM.c **** * Return:
  83:Generated_Source\PSoC5/ADC_peak_PM.c **** *  None.
  84:Generated_Source\PSoC5/ADC_peak_PM.c **** *
  85:Generated_Source\PSoC5/ADC_peak_PM.c **** * Global Variables:
  86:Generated_Source\PSoC5/ADC_peak_PM.c **** *  ADC_peak_backup - The structure field 'enableState' is modified
  87:Generated_Source\PSoC5/ADC_peak_PM.c **** *  depending on the enable state of the block before entering to sleep mode.
  88:Generated_Source\PSoC5/ADC_peak_PM.c **** *
  89:Generated_Source\PSoC5/ADC_peak_PM.c **** *******************************************************************************/
  90:Generated_Source\PSoC5/ADC_peak_PM.c **** void ADC_peak_Sleep(void)
  91:Generated_Source\PSoC5/ADC_peak_PM.c **** {
  61              		.loc 1 91 0
  62              		.cfi_startproc
  63              		@ args = 0, pretend = 0, frame = 0
  64              		@ frame_needed = 0, uses_anonymous_args = 0
  65              		@ link register save eliminated.
  92:Generated_Source\PSoC5/ADC_peak_PM.c ****     if((ADC_peak_PWRMGR_SAR_REG  & ADC_peak_ACT_PWR_SAR_EN) != 0u)
  66              		.loc 1 92 0
  67 0000 084B     		ldr	r3, .L9
  68 0002 094A     		ldr	r2, .L9+4
  69 0004 1B78     		ldrb	r3, [r3]	@ zero_extendqisi2
  70 0006 13F00103 		ands	r3, r3, #1
  71 000a 08D0     		beq	.L4
  93:Generated_Source\PSoC5/ADC_peak_PM.c ****     {
  94:Generated_Source\PSoC5/ADC_peak_PM.c ****         if((ADC_peak_SAR_CSR0_REG & ADC_peak_SAR_SOF_START_CONV) != 0u)
  72              		.loc 1 94 0
  73 000c 074B     		ldr	r3, .L9+8
  74 000e 1B78     		ldrb	r3, [r3]	@ zero_extendqisi2
  75 0010 DB07     		lsls	r3, r3, #31
  95:Generated_Source\PSoC5/ADC_peak_PM.c ****         {
  96:Generated_Source\PSoC5/ADC_peak_PM.c ****             ADC_peak_backup.enableState = ADC_peak_ENABLED | ADC_peak_STARTED;
ARM GAS  C:\Users\chemi\AppData\Local\Temp\ccJSY9uV.s 			page 4


  76              		.loc 1 96 0
  77 0012 4CBF     		ite	mi
  78 0014 0323     		movmi	r3, #3
  97:Generated_Source\PSoC5/ADC_peak_PM.c ****         }
  98:Generated_Source\PSoC5/ADC_peak_PM.c ****         else
  99:Generated_Source\PSoC5/ADC_peak_PM.c ****         {
 100:Generated_Source\PSoC5/ADC_peak_PM.c ****             ADC_peak_backup.enableState = ADC_peak_ENABLED;
  79              		.loc 1 100 0
  80 0016 0123     		movpl	r3, #1
  81 0018 1370     		strb	r3, [r2]
 101:Generated_Source\PSoC5/ADC_peak_PM.c ****         }
 102:Generated_Source\PSoC5/ADC_peak_PM.c ****         ADC_peak_Stop();
  82              		.loc 1 102 0
  83 001a FFF7FEBF 		b	ADC_peak_Stop
  84              	.LVL0:
  85              	.L4:
 103:Generated_Source\PSoC5/ADC_peak_PM.c ****     }
 104:Generated_Source\PSoC5/ADC_peak_PM.c ****     else
 105:Generated_Source\PSoC5/ADC_peak_PM.c ****     {
 106:Generated_Source\PSoC5/ADC_peak_PM.c ****         ADC_peak_backup.enableState = ADC_peak_DISABLED;
  86              		.loc 1 106 0
  87 001e 1370     		strb	r3, [r2]
  88 0020 7047     		bx	lr
  89              	.L10:
  90 0022 00BF     		.align	2
  91              	.L9:
  92 0024 AB430040 		.word	1073759147
  93 0028 00000000 		.word	.LANCHOR0
  94 002c 00590040 		.word	1073764608
  95              		.cfi_endproc
  96              	.LFE2:
  97              		.size	ADC_peak_Sleep, .-ADC_peak_Sleep
  98              		.section	.text.ADC_peak_Wakeup,"ax",%progbits
  99              		.align	1
 100              		.global	ADC_peak_Wakeup
 101              		.thumb
 102              		.thumb_func
 103              		.type	ADC_peak_Wakeup, %function
 104              	ADC_peak_Wakeup:
 105              	.LFB3:
 107:Generated_Source\PSoC5/ADC_peak_PM.c ****     }
 108:Generated_Source\PSoC5/ADC_peak_PM.c **** }
 109:Generated_Source\PSoC5/ADC_peak_PM.c **** 
 110:Generated_Source\PSoC5/ADC_peak_PM.c **** 
 111:Generated_Source\PSoC5/ADC_peak_PM.c **** /*******************************************************************************
 112:Generated_Source\PSoC5/ADC_peak_PM.c **** * Function Name: ADC_peak_Wakeup
 113:Generated_Source\PSoC5/ADC_peak_PM.c **** ********************************************************************************
 114:Generated_Source\PSoC5/ADC_peak_PM.c **** *
 115:Generated_Source\PSoC5/ADC_peak_PM.c **** * Summary:
 116:Generated_Source\PSoC5/ADC_peak_PM.c **** *  This is the preferred routine to restore the component to the state when
 117:Generated_Source\PSoC5/ADC_peak_PM.c **** *  ADC_peak_Sleep() was called. If the component was enabled before the
 118:Generated_Source\PSoC5/ADC_peak_PM.c **** *  ADC_peak_Sleep() function was called, the
 119:Generated_Source\PSoC5/ADC_peak_PM.c **** *  ADC_peak_Wakeup() function also re-enables the component.
 120:Generated_Source\PSoC5/ADC_peak_PM.c **** *
 121:Generated_Source\PSoC5/ADC_peak_PM.c **** * Parameters:
 122:Generated_Source\PSoC5/ADC_peak_PM.c **** *  None.
 123:Generated_Source\PSoC5/ADC_peak_PM.c **** *
ARM GAS  C:\Users\chemi\AppData\Local\Temp\ccJSY9uV.s 			page 5


 124:Generated_Source\PSoC5/ADC_peak_PM.c **** * Return:
 125:Generated_Source\PSoC5/ADC_peak_PM.c **** *  None.
 126:Generated_Source\PSoC5/ADC_peak_PM.c **** *
 127:Generated_Source\PSoC5/ADC_peak_PM.c **** * Global Variables:
 128:Generated_Source\PSoC5/ADC_peak_PM.c **** *  ADC_peak_backup - The structure field 'enableState' is used to
 129:Generated_Source\PSoC5/ADC_peak_PM.c **** *  restore the enable state of block after wakeup from sleep mode.
 130:Generated_Source\PSoC5/ADC_peak_PM.c **** *
 131:Generated_Source\PSoC5/ADC_peak_PM.c **** *******************************************************************************/
 132:Generated_Source\PSoC5/ADC_peak_PM.c **** void ADC_peak_Wakeup(void)
 133:Generated_Source\PSoC5/ADC_peak_PM.c **** {
 106              		.loc 1 133 0
 107              		.cfi_startproc
 108              		@ args = 0, pretend = 0, frame = 0
 109              		@ frame_needed = 0, uses_anonymous_args = 0
 110              		@ link register save eliminated.
 134:Generated_Source\PSoC5/ADC_peak_PM.c ****     if(ADC_peak_backup.enableState != ADC_peak_DISABLED)
 111              		.loc 1 134 0
 112 0000 024B     		ldr	r3, .L13
 113 0002 1B78     		ldrb	r3, [r3]	@ zero_extendqisi2
 114 0004 0BB1     		cbz	r3, .L11
 135:Generated_Source\PSoC5/ADC_peak_PM.c ****     {
 136:Generated_Source\PSoC5/ADC_peak_PM.c ****         ADC_peak_Enable();
 115              		.loc 1 136 0
 116 0006 FFF7FEBF 		b	ADC_peak_Enable
 117              	.LVL1:
 118              	.L11:
 119 000a 7047     		bx	lr
 120              	.L14:
 121              		.align	2
 122              	.L13:
 123 000c 00000000 		.word	.LANCHOR0
 124              		.cfi_endproc
 125              	.LFE3:
 126              		.size	ADC_peak_Wakeup, .-ADC_peak_Wakeup
 127              		.bss
 128              		.set	.LANCHOR0,. + 0
 129              		.type	ADC_peak_backup, %object
 130              		.size	ADC_peak_backup, 1
 131              	ADC_peak_backup:
 132 0000 00       		.space	1
 133              		.text
 134              	.Letext0:
 135              		.file 2 "Generated_Source\\PSoC5\\cytypes.h"
 136              		.file 3 "Generated_Source\\PSoC5\\ADC_peak.h"
 137              		.section	.debug_info,"",%progbits
 138              	.Ldebug_info0:
 139 0000 36010000 		.4byte	0x136
 140 0004 0400     		.2byte	0x4
 141 0006 00000000 		.4byte	.Ldebug_abbrev0
 142 000a 04       		.byte	0x4
 143 000b 01       		.uleb128 0x1
 144 000c 52000000 		.4byte	.LASF19
 145 0010 0C       		.byte	0xc
 146 0011 48010000 		.4byte	.LASF20
 147 0015 90010000 		.4byte	.LASF21
 148 0019 00000000 		.4byte	.Ldebug_ranges0+0
 149 001d 00000000 		.4byte	0
ARM GAS  C:\Users\chemi\AppData\Local\Temp\ccJSY9uV.s 			page 6


 150 0021 00000000 		.4byte	.Ldebug_line0
 151 0025 02       		.uleb128 0x2
 152 0026 01       		.byte	0x1
 153 0027 06       		.byte	0x6
 154 0028 E1010000 		.4byte	.LASF0
 155 002c 02       		.uleb128 0x2
 156 002d 01       		.byte	0x1
 157 002e 08       		.byte	0x8
 158 002f 1D000000 		.4byte	.LASF1
 159 0033 02       		.uleb128 0x2
 160 0034 02       		.byte	0x2
 161 0035 05       		.byte	0x5
 162 0036 80010000 		.4byte	.LASF2
 163 003a 02       		.uleb128 0x2
 164 003b 02       		.byte	0x2
 165 003c 07       		.byte	0x7
 166 003d EB000000 		.4byte	.LASF3
 167 0041 02       		.uleb128 0x2
 168 0042 04       		.byte	0x4
 169 0043 05       		.byte	0x5
 170 0044 CC010000 		.4byte	.LASF4
 171 0048 02       		.uleb128 0x2
 172 0049 04       		.byte	0x4
 173 004a 07       		.byte	0x7
 174 004b 40000000 		.4byte	.LASF5
 175 004f 02       		.uleb128 0x2
 176 0050 08       		.byte	0x8
 177 0051 05       		.byte	0x5
 178 0052 6D010000 		.4byte	.LASF6
 179 0056 02       		.uleb128 0x2
 180 0057 08       		.byte	0x8
 181 0058 07       		.byte	0x7
 182 0059 31010000 		.4byte	.LASF7
 183 005d 03       		.uleb128 0x3
 184 005e 04       		.byte	0x4
 185 005f 05       		.byte	0x5
 186 0060 696E7400 		.ascii	"int\000"
 187 0064 02       		.uleb128 0x2
 188 0065 04       		.byte	0x4
 189 0066 07       		.byte	0x7
 190 0067 24010000 		.4byte	.LASF8
 191 006b 04       		.uleb128 0x4
 192 006c 8A010000 		.4byte	.LASF12
 193 0070 02       		.byte	0x2
 194 0071 9201     		.2byte	0x192
 195 0073 2C000000 		.4byte	0x2c
 196 0077 02       		.uleb128 0x2
 197 0078 04       		.byte	0x4
 198 0079 04       		.byte	0x4
 199 007a 17000000 		.4byte	.LASF9
 200 007e 02       		.uleb128 0x2
 201 007f 08       		.byte	0x8
 202 0080 04       		.byte	0x4
 203 0081 0E010000 		.4byte	.LASF10
 204 0085 02       		.uleb128 0x2
 205 0086 01       		.byte	0x1
 206 0087 08       		.byte	0x8
ARM GAS  C:\Users\chemi\AppData\Local\Temp\ccJSY9uV.s 			page 7


 207 0088 7B010000 		.4byte	.LASF11
 208 008c 04       		.uleb128 0x4
 209 008d 3B000000 		.4byte	.LASF13
 210 0091 02       		.byte	0x2
 211 0092 3C02     		.2byte	0x23c
 212 0094 98000000 		.4byte	0x98
 213 0098 05       		.uleb128 0x5
 214 0099 6B000000 		.4byte	0x6b
 215 009d 06       		.uleb128 0x6
 216 009e 01       		.byte	0x1
 217 009f 03       		.byte	0x3
 218 00a0 2A       		.byte	0x2a
 219 00a1 B2000000 		.4byte	0xb2
 220 00a5 07       		.uleb128 0x7
 221 00a6 D5010000 		.4byte	.LASF22
 222 00aa 03       		.byte	0x3
 223 00ab 2C       		.byte	0x2c
 224 00ac 6B000000 		.4byte	0x6b
 225 00b0 00       		.byte	0
 226 00b1 00       		.byte	0
 227 00b2 08       		.uleb128 0x8
 228 00b3 B5010000 		.4byte	.LASF14
 229 00b7 03       		.byte	0x3
 230 00b8 2D       		.byte	0x2d
 231 00b9 9D000000 		.4byte	0x9d
 232 00bd 09       		.uleb128 0x9
 233 00be 00000000 		.4byte	.LASF23
 234 00c2 01       		.byte	0x1
 235 00c3 40       		.byte	0x40
 236 00c4 01       		.byte	0x1
 237 00c5 0A       		.uleb128 0xa
 238 00c6 BD000000 		.4byte	0xbd
 239 00ca 00000000 		.4byte	.LFB1
 240 00ce 02000000 		.4byte	.LFE1-.LFB1
 241 00d2 01       		.uleb128 0x1
 242 00d3 9C       		.byte	0x9c
 243 00d4 0B       		.uleb128 0xb
 244 00d5 15010000 		.4byte	.LASF15
 245 00d9 01       		.byte	0x1
 246 00da 5A       		.byte	0x5a
 247 00db 00000000 		.4byte	.LFB2
 248 00df 30000000 		.4byte	.LFE2-.LFB2
 249 00e3 01       		.uleb128 0x1
 250 00e4 9C       		.byte	0x9c
 251 00e5 F3000000 		.4byte	0xf3
 252 00e9 0C       		.uleb128 0xc
 253 00ea 1E000000 		.4byte	.LVL0
 254 00ee 23010000 		.4byte	0x123
 255 00f2 00       		.byte	0
 256 00f3 0B       		.uleb128 0xb
 257 00f4 FE000000 		.4byte	.LASF16
 258 00f8 01       		.byte	0x1
 259 00f9 84       		.byte	0x84
 260 00fa 00000000 		.4byte	.LFB3
 261 00fe 10000000 		.4byte	.LFE3-.LFB3
 262 0102 01       		.uleb128 0x1
 263 0103 9C       		.byte	0x9c
ARM GAS  C:\Users\chemi\AppData\Local\Temp\ccJSY9uV.s 			page 8


 264 0104 12010000 		.4byte	0x112
 265 0108 0C       		.uleb128 0xc
 266 0109 0A000000 		.4byte	.LVL1
 267 010d 2E010000 		.4byte	0x12e
 268 0111 00       		.byte	0
 269 0112 0D       		.uleb128 0xd
 270 0113 2B000000 		.4byte	.LASF24
 271 0117 01       		.byte	0x1
 272 0118 18       		.byte	0x18
 273 0119 B2000000 		.4byte	0xb2
 274 011d 05       		.uleb128 0x5
 275 011e 03       		.byte	0x3
 276 011f 00000000 		.4byte	ADC_peak_backup
 277 0123 0E       		.uleb128 0xe
 278 0124 FD010000 		.4byte	.LASF17
 279 0128 FD010000 		.4byte	.LASF17
 280 012c 03       		.byte	0x3
 281 012d 35       		.byte	0x35
 282 012e 0E       		.uleb128 0xe
 283 012f ED010000 		.4byte	.LASF18
 284 0133 ED010000 		.4byte	.LASF18
 285 0137 03       		.byte	0x3
 286 0138 44       		.byte	0x44
 287 0139 00       		.byte	0
 288              		.section	.debug_abbrev,"",%progbits
 289              	.Ldebug_abbrev0:
 290 0000 01       		.uleb128 0x1
 291 0001 11       		.uleb128 0x11
 292 0002 01       		.byte	0x1
 293 0003 25       		.uleb128 0x25
 294 0004 0E       		.uleb128 0xe
 295 0005 13       		.uleb128 0x13
 296 0006 0B       		.uleb128 0xb
 297 0007 03       		.uleb128 0x3
 298 0008 0E       		.uleb128 0xe
 299 0009 1B       		.uleb128 0x1b
 300 000a 0E       		.uleb128 0xe
 301 000b 55       		.uleb128 0x55
 302 000c 17       		.uleb128 0x17
 303 000d 11       		.uleb128 0x11
 304 000e 01       		.uleb128 0x1
 305 000f 10       		.uleb128 0x10
 306 0010 17       		.uleb128 0x17
 307 0011 00       		.byte	0
 308 0012 00       		.byte	0
 309 0013 02       		.uleb128 0x2
 310 0014 24       		.uleb128 0x24
 311 0015 00       		.byte	0
 312 0016 0B       		.uleb128 0xb
 313 0017 0B       		.uleb128 0xb
 314 0018 3E       		.uleb128 0x3e
 315 0019 0B       		.uleb128 0xb
 316 001a 03       		.uleb128 0x3
 317 001b 0E       		.uleb128 0xe
 318 001c 00       		.byte	0
 319 001d 00       		.byte	0
 320 001e 03       		.uleb128 0x3
ARM GAS  C:\Users\chemi\AppData\Local\Temp\ccJSY9uV.s 			page 9


 321 001f 24       		.uleb128 0x24
 322 0020 00       		.byte	0
 323 0021 0B       		.uleb128 0xb
 324 0022 0B       		.uleb128 0xb
 325 0023 3E       		.uleb128 0x3e
 326 0024 0B       		.uleb128 0xb
 327 0025 03       		.uleb128 0x3
 328 0026 08       		.uleb128 0x8
 329 0027 00       		.byte	0
 330 0028 00       		.byte	0
 331 0029 04       		.uleb128 0x4
 332 002a 16       		.uleb128 0x16
 333 002b 00       		.byte	0
 334 002c 03       		.uleb128 0x3
 335 002d 0E       		.uleb128 0xe
 336 002e 3A       		.uleb128 0x3a
 337 002f 0B       		.uleb128 0xb
 338 0030 3B       		.uleb128 0x3b
 339 0031 05       		.uleb128 0x5
 340 0032 49       		.uleb128 0x49
 341 0033 13       		.uleb128 0x13
 342 0034 00       		.byte	0
 343 0035 00       		.byte	0
 344 0036 05       		.uleb128 0x5
 345 0037 35       		.uleb128 0x35
 346 0038 00       		.byte	0
 347 0039 49       		.uleb128 0x49
 348 003a 13       		.uleb128 0x13
 349 003b 00       		.byte	0
 350 003c 00       		.byte	0
 351 003d 06       		.uleb128 0x6
 352 003e 13       		.uleb128 0x13
 353 003f 01       		.byte	0x1
 354 0040 0B       		.uleb128 0xb
 355 0041 0B       		.uleb128 0xb
 356 0042 3A       		.uleb128 0x3a
 357 0043 0B       		.uleb128 0xb
 358 0044 3B       		.uleb128 0x3b
 359 0045 0B       		.uleb128 0xb
 360 0046 01       		.uleb128 0x1
 361 0047 13       		.uleb128 0x13
 362 0048 00       		.byte	0
 363 0049 00       		.byte	0
 364 004a 07       		.uleb128 0x7
 365 004b 0D       		.uleb128 0xd
 366 004c 00       		.byte	0
 367 004d 03       		.uleb128 0x3
 368 004e 0E       		.uleb128 0xe
 369 004f 3A       		.uleb128 0x3a
 370 0050 0B       		.uleb128 0xb
 371 0051 3B       		.uleb128 0x3b
 372 0052 0B       		.uleb128 0xb
 373 0053 49       		.uleb128 0x49
 374 0054 13       		.uleb128 0x13
 375 0055 38       		.uleb128 0x38
 376 0056 0B       		.uleb128 0xb
 377 0057 00       		.byte	0
ARM GAS  C:\Users\chemi\AppData\Local\Temp\ccJSY9uV.s 			page 10


 378 0058 00       		.byte	0
 379 0059 08       		.uleb128 0x8
 380 005a 16       		.uleb128 0x16
 381 005b 00       		.byte	0
 382 005c 03       		.uleb128 0x3
 383 005d 0E       		.uleb128 0xe
 384 005e 3A       		.uleb128 0x3a
 385 005f 0B       		.uleb128 0xb
 386 0060 3B       		.uleb128 0x3b
 387 0061 0B       		.uleb128 0xb
 388 0062 49       		.uleb128 0x49
 389 0063 13       		.uleb128 0x13
 390 0064 00       		.byte	0
 391 0065 00       		.byte	0
 392 0066 09       		.uleb128 0x9
 393 0067 2E       		.uleb128 0x2e
 394 0068 00       		.byte	0
 395 0069 3F       		.uleb128 0x3f
 396 006a 19       		.uleb128 0x19
 397 006b 03       		.uleb128 0x3
 398 006c 0E       		.uleb128 0xe
 399 006d 3A       		.uleb128 0x3a
 400 006e 0B       		.uleb128 0xb
 401 006f 3B       		.uleb128 0x3b
 402 0070 0B       		.uleb128 0xb
 403 0071 27       		.uleb128 0x27
 404 0072 19       		.uleb128 0x19
 405 0073 20       		.uleb128 0x20
 406 0074 0B       		.uleb128 0xb
 407 0075 00       		.byte	0
 408 0076 00       		.byte	0
 409 0077 0A       		.uleb128 0xa
 410 0078 2E       		.uleb128 0x2e
 411 0079 00       		.byte	0
 412 007a 31       		.uleb128 0x31
 413 007b 13       		.uleb128 0x13
 414 007c 11       		.uleb128 0x11
 415 007d 01       		.uleb128 0x1
 416 007e 12       		.uleb128 0x12
 417 007f 06       		.uleb128 0x6
 418 0080 40       		.uleb128 0x40
 419 0081 18       		.uleb128 0x18
 420 0082 9742     		.uleb128 0x2117
 421 0084 19       		.uleb128 0x19
 422 0085 00       		.byte	0
 423 0086 00       		.byte	0
 424 0087 0B       		.uleb128 0xb
 425 0088 2E       		.uleb128 0x2e
 426 0089 01       		.byte	0x1
 427 008a 3F       		.uleb128 0x3f
 428 008b 19       		.uleb128 0x19
 429 008c 03       		.uleb128 0x3
 430 008d 0E       		.uleb128 0xe
 431 008e 3A       		.uleb128 0x3a
 432 008f 0B       		.uleb128 0xb
 433 0090 3B       		.uleb128 0x3b
 434 0091 0B       		.uleb128 0xb
ARM GAS  C:\Users\chemi\AppData\Local\Temp\ccJSY9uV.s 			page 11


 435 0092 27       		.uleb128 0x27
 436 0093 19       		.uleb128 0x19
 437 0094 11       		.uleb128 0x11
 438 0095 01       		.uleb128 0x1
 439 0096 12       		.uleb128 0x12
 440 0097 06       		.uleb128 0x6
 441 0098 40       		.uleb128 0x40
 442 0099 18       		.uleb128 0x18
 443 009a 9742     		.uleb128 0x2117
 444 009c 19       		.uleb128 0x19
 445 009d 01       		.uleb128 0x1
 446 009e 13       		.uleb128 0x13
 447 009f 00       		.byte	0
 448 00a0 00       		.byte	0
 449 00a1 0C       		.uleb128 0xc
 450 00a2 898201   		.uleb128 0x4109
 451 00a5 00       		.byte	0
 452 00a6 11       		.uleb128 0x11
 453 00a7 01       		.uleb128 0x1
 454 00a8 9542     		.uleb128 0x2115
 455 00aa 19       		.uleb128 0x19
 456 00ab 31       		.uleb128 0x31
 457 00ac 13       		.uleb128 0x13
 458 00ad 00       		.byte	0
 459 00ae 00       		.byte	0
 460 00af 0D       		.uleb128 0xd
 461 00b0 34       		.uleb128 0x34
 462 00b1 00       		.byte	0
 463 00b2 03       		.uleb128 0x3
 464 00b3 0E       		.uleb128 0xe
 465 00b4 3A       		.uleb128 0x3a
 466 00b5 0B       		.uleb128 0xb
 467 00b6 3B       		.uleb128 0x3b
 468 00b7 0B       		.uleb128 0xb
 469 00b8 49       		.uleb128 0x49
 470 00b9 13       		.uleb128 0x13
 471 00ba 02       		.uleb128 0x2
 472 00bb 18       		.uleb128 0x18
 473 00bc 00       		.byte	0
 474 00bd 00       		.byte	0
 475 00be 0E       		.uleb128 0xe
 476 00bf 2E       		.uleb128 0x2e
 477 00c0 00       		.byte	0
 478 00c1 3F       		.uleb128 0x3f
 479 00c2 19       		.uleb128 0x19
 480 00c3 3C       		.uleb128 0x3c
 481 00c4 19       		.uleb128 0x19
 482 00c5 6E       		.uleb128 0x6e
 483 00c6 0E       		.uleb128 0xe
 484 00c7 03       		.uleb128 0x3
 485 00c8 0E       		.uleb128 0xe
 486 00c9 3A       		.uleb128 0x3a
 487 00ca 0B       		.uleb128 0xb
 488 00cb 3B       		.uleb128 0x3b
 489 00cc 0B       		.uleb128 0xb
 490 00cd 00       		.byte	0
 491 00ce 00       		.byte	0
ARM GAS  C:\Users\chemi\AppData\Local\Temp\ccJSY9uV.s 			page 12


 492 00cf 00       		.byte	0
 493              		.section	.debug_aranges,"",%progbits
 494 0000 2C000000 		.4byte	0x2c
 495 0004 0200     		.2byte	0x2
 496 0006 00000000 		.4byte	.Ldebug_info0
 497 000a 04       		.byte	0x4
 498 000b 00       		.byte	0
 499 000c 0000     		.2byte	0
 500 000e 0000     		.2byte	0
 501 0010 00000000 		.4byte	.LFB1
 502 0014 02000000 		.4byte	.LFE1-.LFB1
 503 0018 00000000 		.4byte	.LFB2
 504 001c 30000000 		.4byte	.LFE2-.LFB2
 505 0020 00000000 		.4byte	.LFB3
 506 0024 10000000 		.4byte	.LFE3-.LFB3
 507 0028 00000000 		.4byte	0
 508 002c 00000000 		.4byte	0
 509              		.section	.debug_ranges,"",%progbits
 510              	.Ldebug_ranges0:
 511 0000 00000000 		.4byte	.LFB1
 512 0004 02000000 		.4byte	.LFE1
 513 0008 00000000 		.4byte	.LFB2
 514 000c 30000000 		.4byte	.LFE2
 515 0010 00000000 		.4byte	.LFB3
 516 0014 10000000 		.4byte	.LFE3
 517 0018 00000000 		.4byte	0
 518 001c 00000000 		.4byte	0
 519              		.section	.debug_line,"",%progbits
 520              	.Ldebug_line0:
 521 0000 94000000 		.section	.debug_str,"MS",%progbits,1
 521      02005600 
 521      00000201 
 521      FB0E0D00 
 521      01010101 
 522              	.LASF23:
 523 0000 4144435F 		.ascii	"ADC_peak_RestoreConfig\000"
 523      7065616B 
 523      5F526573 
 523      746F7265 
 523      436F6E66 
 524              	.LASF9:
 525 0017 666C6F61 		.ascii	"float\000"
 525      7400
 526              	.LASF1:
 527 001d 756E7369 		.ascii	"unsigned char\000"
 527      676E6564 
 527      20636861 
 527      7200
 528              	.LASF24:
 529 002b 4144435F 		.ascii	"ADC_peak_backup\000"
 529      7065616B 
 529      5F626163 
 529      6B757000 
 530              	.LASF13:
 531 003b 72656738 		.ascii	"reg8\000"
 531      00
 532              	.LASF5:
ARM GAS  C:\Users\chemi\AppData\Local\Temp\ccJSY9uV.s 			page 13


 533 0040 6C6F6E67 		.ascii	"long unsigned int\000"
 533      20756E73 
 533      69676E65 
 533      6420696E 
 533      7400
 534              	.LASF19:
 535 0052 474E5520 		.ascii	"GNU C99 5.4.1 20160609 (release) [ARM/embedded-5-br"
 535      43393920 
 535      352E342E 
 535      31203230 
 535      31363036 
 536 0085 616E6368 		.ascii	"anch revision 237715] -mcpu=cortex-m3 -mthumb -g -O"
 536      20726576 
 536      6973696F 
 536      6E203233 
 536      37373135 
 537 00b8 73202D73 		.ascii	"s -std=gnu99 -ffunction-sections -ffat-lto-objects\000"
 537      74643D67 
 537      6E753939 
 537      202D6666 
 537      756E6374 
 538              	.LASF3:
 539 00eb 73686F72 		.ascii	"short unsigned int\000"
 539      7420756E 
 539      7369676E 
 539      65642069 
 539      6E7400
 540              	.LASF16:
 541 00fe 4144435F 		.ascii	"ADC_peak_Wakeup\000"
 541      7065616B 
 541      5F57616B 
 541      65757000 
 542              	.LASF10:
 543 010e 646F7562 		.ascii	"double\000"
 543      6C6500
 544              	.LASF15:
 545 0115 4144435F 		.ascii	"ADC_peak_Sleep\000"
 545      7065616B 
 545      5F536C65 
 545      657000
 546              	.LASF8:
 547 0124 756E7369 		.ascii	"unsigned int\000"
 547      676E6564 
 547      20696E74 
 547      00
 548              	.LASF7:
 549 0131 6C6F6E67 		.ascii	"long long unsigned int\000"
 549      206C6F6E 
 549      6720756E 
 549      7369676E 
 549      65642069 
 550              	.LASF20:
 551 0148 47656E65 		.ascii	"Generated_Source\\PSoC5\\ADC_peak_PM.c\000"
 551      72617465 
 551      645F536F 
 551      75726365 
 551      5C50536F 
ARM GAS  C:\Users\chemi\AppData\Local\Temp\ccJSY9uV.s 			page 14


 552              	.LASF6:
 553 016d 6C6F6E67 		.ascii	"long long int\000"
 553      206C6F6E 
 553      6720696E 
 553      7400
 554              	.LASF11:
 555 017b 63686172 		.ascii	"char\000"
 555      00
 556              	.LASF2:
 557 0180 73686F72 		.ascii	"short int\000"
 557      7420696E 
 557      7400
 558              	.LASF12:
 559 018a 75696E74 		.ascii	"uint8\000"
 559      3800
 560              	.LASF21:
 561 0190 433A5C55 		.ascii	"C:\\Users\\chemi\\UD3_QCW\\UD3_QFN.cydsn\000"
 561      73657273 
 561      5C636865 
 561      6D695C55 
 561      44335F51 
 562              	.LASF14:
 563 01b5 4144435F 		.ascii	"ADC_peak_BACKUP_STRUCT\000"
 563      7065616B 
 563      5F424143 
 563      4B55505F 
 563      53545255 
 564              	.LASF4:
 565 01cc 6C6F6E67 		.ascii	"long int\000"
 565      20696E74 
 565      00
 566              	.LASF22:
 567 01d5 656E6162 		.ascii	"enableState\000"
 567      6C655374 
 567      61746500 
 568              	.LASF0:
 569 01e1 7369676E 		.ascii	"signed char\000"
 569      65642063 
 569      68617200 
 570              	.LASF18:
 571 01ed 4144435F 		.ascii	"ADC_peak_Enable\000"
 571      7065616B 
 571      5F456E61 
 571      626C6500 
 572              	.LASF17:
 573 01fd 4144435F 		.ascii	"ADC_peak_Stop\000"
 573      7065616B 
 573      5F53746F 
 573      7000
 574              		.ident	"GCC: (GNU Tools for ARM Embedded Processors) 5.4.1 20160609 (release) [ARM/embedded-5-bran
