ARM GAS  C:\Users\chemi\AppData\Local\Temp\ccQcHqOn.s 			page 1


   1              		.syntax unified
   2              		.cpu cortex-m3
   3              		.fpu softvfp
   4              		.eabi_attribute 20, 1
   5              		.eabi_attribute 21, 1
   6              		.eabi_attribute 23, 3
   7              		.eabi_attribute 24, 1
   8              		.eabi_attribute 25, 1
   9              		.eabi_attribute 26, 1
  10              		.eabi_attribute 30, 4
  11              		.eabi_attribute 34, 1
  12              		.eabi_attribute 18, 4
  13              		.thumb
  14              		.syntax unified
  15              		.file	"ADC_PM.c"
  16              		.text
  17              	.Ltext0:
  18              		.cfi_sections	.debug_frame
  19              		.section	.text.ADC_SaveConfig,"ax",%progbits
  20              		.align	1
  21              		.global	ADC_SaveConfig
  22              		.thumb
  23              		.thumb_func
  24              		.type	ADC_SaveConfig, %function
  25              	ADC_SaveConfig:
  26              	.LFB5:
  27              		.cfi_startproc
  28              		@ args = 0, pretend = 0, frame = 0
  29              		@ frame_needed = 0, uses_anonymous_args = 0
  30              		@ link register save eliminated.
  31 0000 7047     		bx	lr
  32              		.cfi_endproc
  33              	.LFE5:
  34              		.size	ADC_SaveConfig, .-ADC_SaveConfig
  35              		.section	.text.ADC_RestoreConfig,"ax",%progbits
  36              		.align	1
  37              		.global	ADC_RestoreConfig
  38              		.thumb
  39              		.thumb_func
  40              		.type	ADC_RestoreConfig, %function
  41              	ADC_RestoreConfig:
  42              	.LFB1:
  43              		.file 1 "Generated_Source\\PSoC5\\ADC_PM.c"
   1:Generated_Source\PSoC5/ADC_PM.c **** /*******************************************************************************
   2:Generated_Source\PSoC5/ADC_PM.c **** * File Name: ADC_PM.c
   3:Generated_Source\PSoC5/ADC_PM.c **** * Version 3.10
   4:Generated_Source\PSoC5/ADC_PM.c **** *
   5:Generated_Source\PSoC5/ADC_PM.c **** * Description:
   6:Generated_Source\PSoC5/ADC_PM.c **** *  This file provides Sleep/WakeUp APIs functionality.
   7:Generated_Source\PSoC5/ADC_PM.c **** *
   8:Generated_Source\PSoC5/ADC_PM.c **** * Note:
   9:Generated_Source\PSoC5/ADC_PM.c **** *
  10:Generated_Source\PSoC5/ADC_PM.c **** ********************************************************************************
  11:Generated_Source\PSoC5/ADC_PM.c **** * Copyright 2008-2015, Cypress Semiconductor Corporation.  All rights reserved.
  12:Generated_Source\PSoC5/ADC_PM.c **** * You may use this file only in accordance with the license, terms, conditions,
  13:Generated_Source\PSoC5/ADC_PM.c **** * disclaimers, and limitations in the end user license agreement accompanying
  14:Generated_Source\PSoC5/ADC_PM.c **** * the software package with which this file was provided.
ARM GAS  C:\Users\chemi\AppData\Local\Temp\ccQcHqOn.s 			page 2


  15:Generated_Source\PSoC5/ADC_PM.c **** *******************************************************************************/
  16:Generated_Source\PSoC5/ADC_PM.c **** 
  17:Generated_Source\PSoC5/ADC_PM.c **** #include "ADC.h"
  18:Generated_Source\PSoC5/ADC_PM.c **** 
  19:Generated_Source\PSoC5/ADC_PM.c **** 
  20:Generated_Source\PSoC5/ADC_PM.c **** /***************************************
  21:Generated_Source\PSoC5/ADC_PM.c **** * Local data allocation
  22:Generated_Source\PSoC5/ADC_PM.c **** ***************************************/
  23:Generated_Source\PSoC5/ADC_PM.c **** 
  24:Generated_Source\PSoC5/ADC_PM.c **** static ADC_BACKUP_STRUCT  ADC_backup =
  25:Generated_Source\PSoC5/ADC_PM.c **** {
  26:Generated_Source\PSoC5/ADC_PM.c ****     ADC_DISABLED
  27:Generated_Source\PSoC5/ADC_PM.c **** };
  28:Generated_Source\PSoC5/ADC_PM.c **** 
  29:Generated_Source\PSoC5/ADC_PM.c **** 
  30:Generated_Source\PSoC5/ADC_PM.c **** /*******************************************************************************
  31:Generated_Source\PSoC5/ADC_PM.c **** * Function Name: ADC_SaveConfig
  32:Generated_Source\PSoC5/ADC_PM.c **** ********************************************************************************
  33:Generated_Source\PSoC5/ADC_PM.c **** *
  34:Generated_Source\PSoC5/ADC_PM.c **** * Summary:
  35:Generated_Source\PSoC5/ADC_PM.c **** *  Saves the current user configuration.
  36:Generated_Source\PSoC5/ADC_PM.c **** *
  37:Generated_Source\PSoC5/ADC_PM.c **** * Parameters:
  38:Generated_Source\PSoC5/ADC_PM.c **** *  None.
  39:Generated_Source\PSoC5/ADC_PM.c **** *
  40:Generated_Source\PSoC5/ADC_PM.c **** * Return:
  41:Generated_Source\PSoC5/ADC_PM.c **** *  None.
  42:Generated_Source\PSoC5/ADC_PM.c **** *
  43:Generated_Source\PSoC5/ADC_PM.c **** *******************************************************************************/
  44:Generated_Source\PSoC5/ADC_PM.c **** void ADC_SaveConfig(void)
  45:Generated_Source\PSoC5/ADC_PM.c **** {
  46:Generated_Source\PSoC5/ADC_PM.c ****     /* All configuration registers are marked as [reset_all_retention] */
  47:Generated_Source\PSoC5/ADC_PM.c **** }
  48:Generated_Source\PSoC5/ADC_PM.c **** 
  49:Generated_Source\PSoC5/ADC_PM.c **** 
  50:Generated_Source\PSoC5/ADC_PM.c **** /*******************************************************************************
  51:Generated_Source\PSoC5/ADC_PM.c **** * Function Name: ADC_RestoreConfig
  52:Generated_Source\PSoC5/ADC_PM.c **** ********************************************************************************
  53:Generated_Source\PSoC5/ADC_PM.c **** *
  54:Generated_Source\PSoC5/ADC_PM.c **** * Summary:
  55:Generated_Source\PSoC5/ADC_PM.c **** *  Restores the current user configuration.
  56:Generated_Source\PSoC5/ADC_PM.c **** *
  57:Generated_Source\PSoC5/ADC_PM.c **** * Parameters:
  58:Generated_Source\PSoC5/ADC_PM.c **** *  None.
  59:Generated_Source\PSoC5/ADC_PM.c **** *
  60:Generated_Source\PSoC5/ADC_PM.c **** * Return:
  61:Generated_Source\PSoC5/ADC_PM.c **** *  None.
  62:Generated_Source\PSoC5/ADC_PM.c **** *
  63:Generated_Source\PSoC5/ADC_PM.c **** *******************************************************************************/
  64:Generated_Source\PSoC5/ADC_PM.c **** void ADC_RestoreConfig(void)
  65:Generated_Source\PSoC5/ADC_PM.c **** {
  44              		.loc 1 65 0
  45              		.cfi_startproc
  46              		@ args = 0, pretend = 0, frame = 0
  47              		@ frame_needed = 0, uses_anonymous_args = 0
  48              		@ link register save eliminated.
  49 0000 7047     		bx	lr
ARM GAS  C:\Users\chemi\AppData\Local\Temp\ccQcHqOn.s 			page 3


  50              		.cfi_endproc
  51              	.LFE1:
  52              		.size	ADC_RestoreConfig, .-ADC_RestoreConfig
  53              		.section	.text.ADC_Sleep,"ax",%progbits
  54              		.align	1
  55              		.global	ADC_Sleep
  56              		.thumb
  57              		.thumb_func
  58              		.type	ADC_Sleep, %function
  59              	ADC_Sleep:
  60              	.LFB2:
  66:Generated_Source\PSoC5/ADC_PM.c ****     /* All congiguration registers are marked as [reset_all_retention] */
  67:Generated_Source\PSoC5/ADC_PM.c **** }
  68:Generated_Source\PSoC5/ADC_PM.c **** 
  69:Generated_Source\PSoC5/ADC_PM.c **** 
  70:Generated_Source\PSoC5/ADC_PM.c **** /*******************************************************************************
  71:Generated_Source\PSoC5/ADC_PM.c **** * Function Name: ADC_Sleep
  72:Generated_Source\PSoC5/ADC_PM.c **** ********************************************************************************
  73:Generated_Source\PSoC5/ADC_PM.c **** *
  74:Generated_Source\PSoC5/ADC_PM.c **** * Summary:
  75:Generated_Source\PSoC5/ADC_PM.c **** *  This is the preferred routine to prepare the component for sleep.
  76:Generated_Source\PSoC5/ADC_PM.c **** *  The ADC_Sleep() routine saves the current component state,
  77:Generated_Source\PSoC5/ADC_PM.c **** *  then it calls the ADC_Stop() function.
  78:Generated_Source\PSoC5/ADC_PM.c **** *
  79:Generated_Source\PSoC5/ADC_PM.c **** * Parameters:
  80:Generated_Source\PSoC5/ADC_PM.c **** *  None.
  81:Generated_Source\PSoC5/ADC_PM.c **** *
  82:Generated_Source\PSoC5/ADC_PM.c **** * Return:
  83:Generated_Source\PSoC5/ADC_PM.c **** *  None.
  84:Generated_Source\PSoC5/ADC_PM.c **** *
  85:Generated_Source\PSoC5/ADC_PM.c **** * Global Variables:
  86:Generated_Source\PSoC5/ADC_PM.c **** *  ADC_backup - The structure field 'enableState' is modified
  87:Generated_Source\PSoC5/ADC_PM.c **** *  depending on the enable state of the block before entering to sleep mode.
  88:Generated_Source\PSoC5/ADC_PM.c **** *
  89:Generated_Source\PSoC5/ADC_PM.c **** *******************************************************************************/
  90:Generated_Source\PSoC5/ADC_PM.c **** void ADC_Sleep(void)
  91:Generated_Source\PSoC5/ADC_PM.c **** {
  61              		.loc 1 91 0
  62              		.cfi_startproc
  63              		@ args = 0, pretend = 0, frame = 0
  64              		@ frame_needed = 0, uses_anonymous_args = 0
  65              		@ link register save eliminated.
  92:Generated_Source\PSoC5/ADC_PM.c ****     if((ADC_PWRMGR_SAR_REG  & ADC_ACT_PWR_SAR_EN) != 0u)
  66              		.loc 1 92 0
  67 0000 094B     		ldr	r3, .L9
  68 0002 0A4A     		ldr	r2, .L9+4
  69 0004 1B78     		ldrb	r3, [r3]	@ zero_extendqisi2
  70 0006 03F00203 		and	r3, r3, #2
  71 000a 03F0FF01 		and	r1, r3, #255
  72 000e 43B1     		cbz	r3, .L4
  93:Generated_Source\PSoC5/ADC_PM.c ****     {
  94:Generated_Source\PSoC5/ADC_PM.c ****         if((ADC_SAR_CSR0_REG & ADC_SAR_SOF_START_CONV) != 0u)
  73              		.loc 1 94 0
  74 0010 074B     		ldr	r3, .L9+8
  75 0012 1B78     		ldrb	r3, [r3]	@ zero_extendqisi2
  76 0014 DB07     		lsls	r3, r3, #31
  95:Generated_Source\PSoC5/ADC_PM.c ****         {
ARM GAS  C:\Users\chemi\AppData\Local\Temp\ccQcHqOn.s 			page 4


  96:Generated_Source\PSoC5/ADC_PM.c ****             ADC_backup.enableState = ADC_ENABLED | ADC_STARTED;
  77              		.loc 1 96 0
  78 0016 4CBF     		ite	mi
  79 0018 0323     		movmi	r3, #3
  97:Generated_Source\PSoC5/ADC_PM.c ****         }
  98:Generated_Source\PSoC5/ADC_PM.c ****         else
  99:Generated_Source\PSoC5/ADC_PM.c ****         {
 100:Generated_Source\PSoC5/ADC_PM.c ****             ADC_backup.enableState = ADC_ENABLED;
  80              		.loc 1 100 0
  81 001a 0123     		movpl	r3, #1
  82 001c 1370     		strb	r3, [r2]
 101:Generated_Source\PSoC5/ADC_PM.c ****         }
 102:Generated_Source\PSoC5/ADC_PM.c ****         ADC_Stop();
  83              		.loc 1 102 0
  84 001e FFF7FEBF 		b	ADC_Stop
  85              	.LVL0:
  86              	.L4:
 103:Generated_Source\PSoC5/ADC_PM.c ****     }
 104:Generated_Source\PSoC5/ADC_PM.c ****     else
 105:Generated_Source\PSoC5/ADC_PM.c ****     {
 106:Generated_Source\PSoC5/ADC_PM.c ****         ADC_backup.enableState = ADC_DISABLED;
  87              		.loc 1 106 0
  88 0022 1170     		strb	r1, [r2]
  89 0024 7047     		bx	lr
  90              	.L10:
  91 0026 00BF     		.align	2
  92              	.L9:
  93 0028 AB430040 		.word	1073759147
  94 002c 00000000 		.word	.LANCHOR0
  95 0030 08590040 		.word	1073764616
  96              		.cfi_endproc
  97              	.LFE2:
  98              		.size	ADC_Sleep, .-ADC_Sleep
  99              		.section	.text.ADC_Wakeup,"ax",%progbits
 100              		.align	1
 101              		.global	ADC_Wakeup
 102              		.thumb
 103              		.thumb_func
 104              		.type	ADC_Wakeup, %function
 105              	ADC_Wakeup:
 106              	.LFB3:
 107:Generated_Source\PSoC5/ADC_PM.c ****     }
 108:Generated_Source\PSoC5/ADC_PM.c **** }
 109:Generated_Source\PSoC5/ADC_PM.c **** 
 110:Generated_Source\PSoC5/ADC_PM.c **** 
 111:Generated_Source\PSoC5/ADC_PM.c **** /*******************************************************************************
 112:Generated_Source\PSoC5/ADC_PM.c **** * Function Name: ADC_Wakeup
 113:Generated_Source\PSoC5/ADC_PM.c **** ********************************************************************************
 114:Generated_Source\PSoC5/ADC_PM.c **** *
 115:Generated_Source\PSoC5/ADC_PM.c **** * Summary:
 116:Generated_Source\PSoC5/ADC_PM.c **** *  This is the preferred routine to restore the component to the state when
 117:Generated_Source\PSoC5/ADC_PM.c **** *  ADC_Sleep() was called. If the component was enabled before the
 118:Generated_Source\PSoC5/ADC_PM.c **** *  ADC_Sleep() function was called, the
 119:Generated_Source\PSoC5/ADC_PM.c **** *  ADC_Wakeup() function also re-enables the component.
 120:Generated_Source\PSoC5/ADC_PM.c **** *
 121:Generated_Source\PSoC5/ADC_PM.c **** * Parameters:
 122:Generated_Source\PSoC5/ADC_PM.c **** *  None.
ARM GAS  C:\Users\chemi\AppData\Local\Temp\ccQcHqOn.s 			page 5


 123:Generated_Source\PSoC5/ADC_PM.c **** *
 124:Generated_Source\PSoC5/ADC_PM.c **** * Return:
 125:Generated_Source\PSoC5/ADC_PM.c **** *  None.
 126:Generated_Source\PSoC5/ADC_PM.c **** *
 127:Generated_Source\PSoC5/ADC_PM.c **** * Global Variables:
 128:Generated_Source\PSoC5/ADC_PM.c **** *  ADC_backup - The structure field 'enableState' is used to
 129:Generated_Source\PSoC5/ADC_PM.c **** *  restore the enable state of block after wakeup from sleep mode.
 130:Generated_Source\PSoC5/ADC_PM.c **** *
 131:Generated_Source\PSoC5/ADC_PM.c **** *******************************************************************************/
 132:Generated_Source\PSoC5/ADC_PM.c **** void ADC_Wakeup(void)
 133:Generated_Source\PSoC5/ADC_PM.c **** {
 107              		.loc 1 133 0
 108              		.cfi_startproc
 109              		@ args = 0, pretend = 0, frame = 0
 110              		@ frame_needed = 0, uses_anonymous_args = 0
 111              		@ link register save eliminated.
 134:Generated_Source\PSoC5/ADC_PM.c ****     if(ADC_backup.enableState != ADC_DISABLED)
 112              		.loc 1 134 0
 113 0000 024B     		ldr	r3, .L13
 114 0002 1B78     		ldrb	r3, [r3]	@ zero_extendqisi2
 115 0004 0BB1     		cbz	r3, .L11
 135:Generated_Source\PSoC5/ADC_PM.c ****     {
 136:Generated_Source\PSoC5/ADC_PM.c ****         ADC_Enable();
 116              		.loc 1 136 0
 117 0006 FFF7FEBF 		b	ADC_Enable
 118              	.LVL1:
 119              	.L11:
 120 000a 7047     		bx	lr
 121              	.L14:
 122              		.align	2
 123              	.L13:
 124 000c 00000000 		.word	.LANCHOR0
 125              		.cfi_endproc
 126              	.LFE3:
 127              		.size	ADC_Wakeup, .-ADC_Wakeup
 128              		.bss
 129              		.set	.LANCHOR0,. + 0
 130              		.type	ADC_backup, %object
 131              		.size	ADC_backup, 1
 132              	ADC_backup:
 133 0000 00       		.space	1
 134              		.text
 135              	.Letext0:
 136              		.file 2 "Generated_Source\\PSoC5\\cytypes.h"
 137              		.file 3 "Generated_Source\\PSoC5\\ADC.h"
 138              		.section	.debug_info,"",%progbits
 139              	.Ldebug_info0:
 140 0000 36010000 		.4byte	0x136
 141 0004 0400     		.2byte	0x4
 142 0006 00000000 		.4byte	.Ldebug_abbrev0
 143 000a 04       		.byte	0x4
 144 000b 01       		.uleb128 0x1
 145 000c 36000000 		.4byte	.LASF19
 146 0010 0C       		.byte	0xc
 147 0011 BA010000 		.4byte	.LASF20
 148 0015 69010000 		.4byte	.LASF21
 149 0019 00000000 		.4byte	.Ldebug_ranges0+0
ARM GAS  C:\Users\chemi\AppData\Local\Temp\ccQcHqOn.s 			page 6


 150 001d 00000000 		.4byte	0
 151 0021 00000000 		.4byte	.Ldebug_line0
 152 0025 02       		.uleb128 0x2
 153 0026 01       		.byte	0x1
 154 0027 06       		.byte	0x6
 155 0028 A3010000 		.4byte	.LASF0
 156 002c 02       		.uleb128 0x2
 157 002d 01       		.byte	0x1
 158 002e 08       		.byte	0x8
 159 002f 11000000 		.4byte	.LASF1
 160 0033 02       		.uleb128 0x2
 161 0034 02       		.byte	0x2
 162 0035 05       		.byte	0x5
 163 0036 59010000 		.4byte	.LASF2
 164 003a 02       		.uleb128 0x2
 165 003b 02       		.byte	0x2
 166 003c 07       		.byte	0x7
 167 003d CF000000 		.4byte	.LASF3
 168 0041 02       		.uleb128 0x2
 169 0042 04       		.byte	0x4
 170 0043 05       		.byte	0x5
 171 0044 8E010000 		.4byte	.LASF4
 172 0048 02       		.uleb128 0x2
 173 0049 04       		.byte	0x4
 174 004a 07       		.byte	0x7
 175 004b 24000000 		.4byte	.LASF5
 176 004f 02       		.uleb128 0x2
 177 0050 08       		.byte	0x8
 178 0051 05       		.byte	0x5
 179 0052 22010000 		.4byte	.LASF6
 180 0056 02       		.uleb128 0x2
 181 0057 08       		.byte	0x8
 182 0058 07       		.byte	0x7
 183 0059 0B010000 		.4byte	.LASF7
 184 005d 03       		.uleb128 0x3
 185 005e 04       		.byte	0x4
 186 005f 05       		.byte	0x5
 187 0060 696E7400 		.ascii	"int\000"
 188 0064 02       		.uleb128 0x2
 189 0065 04       		.byte	0x4
 190 0066 07       		.byte	0x7
 191 0067 F3000000 		.4byte	.LASF8
 192 006b 04       		.uleb128 0x4
 193 006c 63010000 		.4byte	.LASF12
 194 0070 02       		.byte	0x2
 195 0071 9201     		.2byte	0x192
 196 0073 2C000000 		.4byte	0x2c
 197 0077 02       		.uleb128 0x2
 198 0078 04       		.byte	0x4
 199 0079 04       		.byte	0x4
 200 007a 0B000000 		.4byte	.LASF9
 201 007e 02       		.uleb128 0x2
 202 007f 08       		.byte	0x8
 203 0080 04       		.byte	0x4
 204 0081 EC000000 		.4byte	.LASF10
 205 0085 02       		.uleb128 0x2
 206 0086 01       		.byte	0x1
ARM GAS  C:\Users\chemi\AppData\Local\Temp\ccQcHqOn.s 			page 7


 207 0087 08       		.byte	0x8
 208 0088 42010000 		.4byte	.LASF11
 209 008c 04       		.uleb128 0x4
 210 008d 1F000000 		.4byte	.LASF13
 211 0091 02       		.byte	0x2
 212 0092 3C02     		.2byte	0x23c
 213 0094 98000000 		.4byte	0x98
 214 0098 05       		.uleb128 0x5
 215 0099 6B000000 		.4byte	0x6b
 216 009d 06       		.uleb128 0x6
 217 009e 01       		.byte	0x1
 218 009f 03       		.byte	0x3
 219 00a0 2A       		.byte	0x2a
 220 00a1 B2000000 		.4byte	0xb2
 221 00a5 07       		.uleb128 0x7
 222 00a6 97010000 		.4byte	.LASF22
 223 00aa 03       		.byte	0x3
 224 00ab 2C       		.byte	0x2c
 225 00ac 6B000000 		.4byte	0x6b
 226 00b0 00       		.byte	0
 227 00b1 00       		.byte	0
 228 00b2 08       		.uleb128 0x8
 229 00b3 30010000 		.4byte	.LASF14
 230 00b7 03       		.byte	0x3
 231 00b8 2D       		.byte	0x2d
 232 00b9 9D000000 		.4byte	0x9d
 233 00bd 09       		.uleb128 0x9
 234 00be 47010000 		.4byte	.LASF23
 235 00c2 01       		.byte	0x1
 236 00c3 40       		.byte	0x40
 237 00c4 01       		.byte	0x1
 238 00c5 0A       		.uleb128 0xa
 239 00c6 BD000000 		.4byte	0xbd
 240 00ca 00000000 		.4byte	.LFB1
 241 00ce 02000000 		.4byte	.LFE1-.LFB1
 242 00d2 01       		.uleb128 0x1
 243 00d3 9C       		.byte	0x9c
 244 00d4 0B       		.uleb128 0xb
 245 00d5 E2000000 		.4byte	.LASF15
 246 00d9 01       		.byte	0x1
 247 00da 5A       		.byte	0x5a
 248 00db 00000000 		.4byte	.LFB2
 249 00df 34000000 		.4byte	.LFE2-.LFB2
 250 00e3 01       		.uleb128 0x1
 251 00e4 9C       		.byte	0x9c
 252 00e5 F3000000 		.4byte	0xf3
 253 00e9 0C       		.uleb128 0xc
 254 00ea 22000000 		.4byte	.LVL0
 255 00ee 23010000 		.4byte	0x123
 256 00f2 00       		.byte	0
 257 00f3 0B       		.uleb128 0xb
 258 00f4 00000000 		.4byte	.LASF16
 259 00f8 01       		.byte	0x1
 260 00f9 84       		.byte	0x84
 261 00fa 00000000 		.4byte	.LFB3
 262 00fe 10000000 		.4byte	.LFE3-.LFB3
 263 0102 01       		.uleb128 0x1
ARM GAS  C:\Users\chemi\AppData\Local\Temp\ccQcHqOn.s 			page 8


 264 0103 9C       		.byte	0x9c
 265 0104 12010000 		.4byte	0x112
 266 0108 0C       		.uleb128 0xc
 267 0109 0A000000 		.4byte	.LVL1
 268 010d 2E010000 		.4byte	0x12e
 269 0111 00       		.byte	0
 270 0112 0D       		.uleb128 0xd
 271 0113 AF010000 		.4byte	.LASF24
 272 0117 01       		.byte	0x1
 273 0118 18       		.byte	0x18
 274 0119 B2000000 		.4byte	0xb2
 275 011d 05       		.uleb128 0x5
 276 011e 03       		.byte	0x3
 277 011f 00000000 		.4byte	ADC_backup
 278 0123 0E       		.uleb128 0xe
 279 0124 DA010000 		.4byte	.LASF17
 280 0128 DA010000 		.4byte	.LASF17
 281 012c 03       		.byte	0x3
 282 012d 35       		.byte	0x35
 283 012e 0E       		.uleb128 0xe
 284 012f 00010000 		.4byte	.LASF18
 285 0133 00010000 		.4byte	.LASF18
 286 0137 03       		.byte	0x3
 287 0138 44       		.byte	0x44
 288 0139 00       		.byte	0
 289              		.section	.debug_abbrev,"",%progbits
 290              	.Ldebug_abbrev0:
 291 0000 01       		.uleb128 0x1
 292 0001 11       		.uleb128 0x11
 293 0002 01       		.byte	0x1
 294 0003 25       		.uleb128 0x25
 295 0004 0E       		.uleb128 0xe
 296 0005 13       		.uleb128 0x13
 297 0006 0B       		.uleb128 0xb
 298 0007 03       		.uleb128 0x3
 299 0008 0E       		.uleb128 0xe
 300 0009 1B       		.uleb128 0x1b
 301 000a 0E       		.uleb128 0xe
 302 000b 55       		.uleb128 0x55
 303 000c 17       		.uleb128 0x17
 304 000d 11       		.uleb128 0x11
 305 000e 01       		.uleb128 0x1
 306 000f 10       		.uleb128 0x10
 307 0010 17       		.uleb128 0x17
 308 0011 00       		.byte	0
 309 0012 00       		.byte	0
 310 0013 02       		.uleb128 0x2
 311 0014 24       		.uleb128 0x24
 312 0015 00       		.byte	0
 313 0016 0B       		.uleb128 0xb
 314 0017 0B       		.uleb128 0xb
 315 0018 3E       		.uleb128 0x3e
 316 0019 0B       		.uleb128 0xb
 317 001a 03       		.uleb128 0x3
 318 001b 0E       		.uleb128 0xe
 319 001c 00       		.byte	0
 320 001d 00       		.byte	0
ARM GAS  C:\Users\chemi\AppData\Local\Temp\ccQcHqOn.s 			page 9


 321 001e 03       		.uleb128 0x3
 322 001f 24       		.uleb128 0x24
 323 0020 00       		.byte	0
 324 0021 0B       		.uleb128 0xb
 325 0022 0B       		.uleb128 0xb
 326 0023 3E       		.uleb128 0x3e
 327 0024 0B       		.uleb128 0xb
 328 0025 03       		.uleb128 0x3
 329 0026 08       		.uleb128 0x8
 330 0027 00       		.byte	0
 331 0028 00       		.byte	0
 332 0029 04       		.uleb128 0x4
 333 002a 16       		.uleb128 0x16
 334 002b 00       		.byte	0
 335 002c 03       		.uleb128 0x3
 336 002d 0E       		.uleb128 0xe
 337 002e 3A       		.uleb128 0x3a
 338 002f 0B       		.uleb128 0xb
 339 0030 3B       		.uleb128 0x3b
 340 0031 05       		.uleb128 0x5
 341 0032 49       		.uleb128 0x49
 342 0033 13       		.uleb128 0x13
 343 0034 00       		.byte	0
 344 0035 00       		.byte	0
 345 0036 05       		.uleb128 0x5
 346 0037 35       		.uleb128 0x35
 347 0038 00       		.byte	0
 348 0039 49       		.uleb128 0x49
 349 003a 13       		.uleb128 0x13
 350 003b 00       		.byte	0
 351 003c 00       		.byte	0
 352 003d 06       		.uleb128 0x6
 353 003e 13       		.uleb128 0x13
 354 003f 01       		.byte	0x1
 355 0040 0B       		.uleb128 0xb
 356 0041 0B       		.uleb128 0xb
 357 0042 3A       		.uleb128 0x3a
 358 0043 0B       		.uleb128 0xb
 359 0044 3B       		.uleb128 0x3b
 360 0045 0B       		.uleb128 0xb
 361 0046 01       		.uleb128 0x1
 362 0047 13       		.uleb128 0x13
 363 0048 00       		.byte	0
 364 0049 00       		.byte	0
 365 004a 07       		.uleb128 0x7
 366 004b 0D       		.uleb128 0xd
 367 004c 00       		.byte	0
 368 004d 03       		.uleb128 0x3
 369 004e 0E       		.uleb128 0xe
 370 004f 3A       		.uleb128 0x3a
 371 0050 0B       		.uleb128 0xb
 372 0051 3B       		.uleb128 0x3b
 373 0052 0B       		.uleb128 0xb
 374 0053 49       		.uleb128 0x49
 375 0054 13       		.uleb128 0x13
 376 0055 38       		.uleb128 0x38
 377 0056 0B       		.uleb128 0xb
ARM GAS  C:\Users\chemi\AppData\Local\Temp\ccQcHqOn.s 			page 10


 378 0057 00       		.byte	0
 379 0058 00       		.byte	0
 380 0059 08       		.uleb128 0x8
 381 005a 16       		.uleb128 0x16
 382 005b 00       		.byte	0
 383 005c 03       		.uleb128 0x3
 384 005d 0E       		.uleb128 0xe
 385 005e 3A       		.uleb128 0x3a
 386 005f 0B       		.uleb128 0xb
 387 0060 3B       		.uleb128 0x3b
 388 0061 0B       		.uleb128 0xb
 389 0062 49       		.uleb128 0x49
 390 0063 13       		.uleb128 0x13
 391 0064 00       		.byte	0
 392 0065 00       		.byte	0
 393 0066 09       		.uleb128 0x9
 394 0067 2E       		.uleb128 0x2e
 395 0068 00       		.byte	0
 396 0069 3F       		.uleb128 0x3f
 397 006a 19       		.uleb128 0x19
 398 006b 03       		.uleb128 0x3
 399 006c 0E       		.uleb128 0xe
 400 006d 3A       		.uleb128 0x3a
 401 006e 0B       		.uleb128 0xb
 402 006f 3B       		.uleb128 0x3b
 403 0070 0B       		.uleb128 0xb
 404 0071 27       		.uleb128 0x27
 405 0072 19       		.uleb128 0x19
 406 0073 20       		.uleb128 0x20
 407 0074 0B       		.uleb128 0xb
 408 0075 00       		.byte	0
 409 0076 00       		.byte	0
 410 0077 0A       		.uleb128 0xa
 411 0078 2E       		.uleb128 0x2e
 412 0079 00       		.byte	0
 413 007a 31       		.uleb128 0x31
 414 007b 13       		.uleb128 0x13
 415 007c 11       		.uleb128 0x11
 416 007d 01       		.uleb128 0x1
 417 007e 12       		.uleb128 0x12
 418 007f 06       		.uleb128 0x6
 419 0080 40       		.uleb128 0x40
 420 0081 18       		.uleb128 0x18
 421 0082 9742     		.uleb128 0x2117
 422 0084 19       		.uleb128 0x19
 423 0085 00       		.byte	0
 424 0086 00       		.byte	0
 425 0087 0B       		.uleb128 0xb
 426 0088 2E       		.uleb128 0x2e
 427 0089 01       		.byte	0x1
 428 008a 3F       		.uleb128 0x3f
 429 008b 19       		.uleb128 0x19
 430 008c 03       		.uleb128 0x3
 431 008d 0E       		.uleb128 0xe
 432 008e 3A       		.uleb128 0x3a
 433 008f 0B       		.uleb128 0xb
 434 0090 3B       		.uleb128 0x3b
ARM GAS  C:\Users\chemi\AppData\Local\Temp\ccQcHqOn.s 			page 11


 435 0091 0B       		.uleb128 0xb
 436 0092 27       		.uleb128 0x27
 437 0093 19       		.uleb128 0x19
 438 0094 11       		.uleb128 0x11
 439 0095 01       		.uleb128 0x1
 440 0096 12       		.uleb128 0x12
 441 0097 06       		.uleb128 0x6
 442 0098 40       		.uleb128 0x40
 443 0099 18       		.uleb128 0x18
 444 009a 9742     		.uleb128 0x2117
 445 009c 19       		.uleb128 0x19
 446 009d 01       		.uleb128 0x1
 447 009e 13       		.uleb128 0x13
 448 009f 00       		.byte	0
 449 00a0 00       		.byte	0
 450 00a1 0C       		.uleb128 0xc
 451 00a2 898201   		.uleb128 0x4109
 452 00a5 00       		.byte	0
 453 00a6 11       		.uleb128 0x11
 454 00a7 01       		.uleb128 0x1
 455 00a8 9542     		.uleb128 0x2115
 456 00aa 19       		.uleb128 0x19
 457 00ab 31       		.uleb128 0x31
 458 00ac 13       		.uleb128 0x13
 459 00ad 00       		.byte	0
 460 00ae 00       		.byte	0
 461 00af 0D       		.uleb128 0xd
 462 00b0 34       		.uleb128 0x34
 463 00b1 00       		.byte	0
 464 00b2 03       		.uleb128 0x3
 465 00b3 0E       		.uleb128 0xe
 466 00b4 3A       		.uleb128 0x3a
 467 00b5 0B       		.uleb128 0xb
 468 00b6 3B       		.uleb128 0x3b
 469 00b7 0B       		.uleb128 0xb
 470 00b8 49       		.uleb128 0x49
 471 00b9 13       		.uleb128 0x13
 472 00ba 02       		.uleb128 0x2
 473 00bb 18       		.uleb128 0x18
 474 00bc 00       		.byte	0
 475 00bd 00       		.byte	0
 476 00be 0E       		.uleb128 0xe
 477 00bf 2E       		.uleb128 0x2e
 478 00c0 00       		.byte	0
 479 00c1 3F       		.uleb128 0x3f
 480 00c2 19       		.uleb128 0x19
 481 00c3 3C       		.uleb128 0x3c
 482 00c4 19       		.uleb128 0x19
 483 00c5 6E       		.uleb128 0x6e
 484 00c6 0E       		.uleb128 0xe
 485 00c7 03       		.uleb128 0x3
 486 00c8 0E       		.uleb128 0xe
 487 00c9 3A       		.uleb128 0x3a
 488 00ca 0B       		.uleb128 0xb
 489 00cb 3B       		.uleb128 0x3b
 490 00cc 0B       		.uleb128 0xb
 491 00cd 00       		.byte	0
ARM GAS  C:\Users\chemi\AppData\Local\Temp\ccQcHqOn.s 			page 12


 492 00ce 00       		.byte	0
 493 00cf 00       		.byte	0
 494              		.section	.debug_aranges,"",%progbits
 495 0000 2C000000 		.4byte	0x2c
 496 0004 0200     		.2byte	0x2
 497 0006 00000000 		.4byte	.Ldebug_info0
 498 000a 04       		.byte	0x4
 499 000b 00       		.byte	0
 500 000c 0000     		.2byte	0
 501 000e 0000     		.2byte	0
 502 0010 00000000 		.4byte	.LFB1
 503 0014 02000000 		.4byte	.LFE1-.LFB1
 504 0018 00000000 		.4byte	.LFB2
 505 001c 34000000 		.4byte	.LFE2-.LFB2
 506 0020 00000000 		.4byte	.LFB3
 507 0024 10000000 		.4byte	.LFE3-.LFB3
 508 0028 00000000 		.4byte	0
 509 002c 00000000 		.4byte	0
 510              		.section	.debug_ranges,"",%progbits
 511              	.Ldebug_ranges0:
 512 0000 00000000 		.4byte	.LFB1
 513 0004 02000000 		.4byte	.LFE1
 514 0008 00000000 		.4byte	.LFB2
 515 000c 34000000 		.4byte	.LFE2
 516 0010 00000000 		.4byte	.LFB3
 517 0014 10000000 		.4byte	.LFE3
 518 0018 00000000 		.4byte	0
 519 001c 00000000 		.4byte	0
 520              		.section	.debug_line,"",%progbits
 521              	.Ldebug_line0:
 522 0000 8A000000 		.section	.debug_str,"MS",%progbits,1
 522      02004C00 
 522      00000201 
 522      FB0E0D00 
 522      01010101 
 523              	.LASF16:
 524 0000 4144435F 		.ascii	"ADC_Wakeup\000"
 524      57616B65 
 524      757000
 525              	.LASF9:
 526 000b 666C6F61 		.ascii	"float\000"
 526      7400
 527              	.LASF1:
 528 0011 756E7369 		.ascii	"unsigned char\000"
 528      676E6564 
 528      20636861 
 528      7200
 529              	.LASF13:
 530 001f 72656738 		.ascii	"reg8\000"
 530      00
 531              	.LASF5:
 532 0024 6C6F6E67 		.ascii	"long unsigned int\000"
 532      20756E73 
 532      69676E65 
 532      6420696E 
 532      7400
 533              	.LASF19:
ARM GAS  C:\Users\chemi\AppData\Local\Temp\ccQcHqOn.s 			page 13


 534 0036 474E5520 		.ascii	"GNU C99 5.4.1 20160609 (release) [ARM/embedded-5-br"
 534      43393920 
 534      352E342E 
 534      31203230 
 534      31363036 
 535 0069 616E6368 		.ascii	"anch revision 237715] -mcpu=cortex-m3 -mthumb -g -O"
 535      20726576 
 535      6973696F 
 535      6E203233 
 535      37373135 
 536 009c 73202D73 		.ascii	"s -std=gnu99 -ffunction-sections -ffat-lto-objects\000"
 536      74643D67 
 536      6E753939 
 536      202D6666 
 536      756E6374 
 537              	.LASF3:
 538 00cf 73686F72 		.ascii	"short unsigned int\000"
 538      7420756E 
 538      7369676E 
 538      65642069 
 538      6E7400
 539              	.LASF15:
 540 00e2 4144435F 		.ascii	"ADC_Sleep\000"
 540      536C6565 
 540      7000
 541              	.LASF10:
 542 00ec 646F7562 		.ascii	"double\000"
 542      6C6500
 543              	.LASF8:
 544 00f3 756E7369 		.ascii	"unsigned int\000"
 544      676E6564 
 544      20696E74 
 544      00
 545              	.LASF18:
 546 0100 4144435F 		.ascii	"ADC_Enable\000"
 546      456E6162 
 546      6C6500
 547              	.LASF7:
 548 010b 6C6F6E67 		.ascii	"long long unsigned int\000"
 548      206C6F6E 
 548      6720756E 
 548      7369676E 
 548      65642069 
 549              	.LASF6:
 550 0122 6C6F6E67 		.ascii	"long long int\000"
 550      206C6F6E 
 550      6720696E 
 550      7400
 551              	.LASF14:
 552 0130 4144435F 		.ascii	"ADC_BACKUP_STRUCT\000"
 552      4241434B 
 552      55505F53 
 552      54525543 
 552      5400
 553              	.LASF11:
 554 0142 63686172 		.ascii	"char\000"
 554      00
ARM GAS  C:\Users\chemi\AppData\Local\Temp\ccQcHqOn.s 			page 14


 555              	.LASF23:
 556 0147 4144435F 		.ascii	"ADC_RestoreConfig\000"
 556      52657374 
 556      6F726543 
 556      6F6E6669 
 556      6700
 557              	.LASF2:
 558 0159 73686F72 		.ascii	"short int\000"
 558      7420696E 
 558      7400
 559              	.LASF12:
 560 0163 75696E74 		.ascii	"uint8\000"
 560      3800
 561              	.LASF21:
 562 0169 433A5C55 		.ascii	"C:\\Users\\chemi\\UD3_QCW\\UD3_QFN.cydsn\000"
 562      73657273 
 562      5C636865 
 562      6D695C55 
 562      44335F51 
 563              	.LASF4:
 564 018e 6C6F6E67 		.ascii	"long int\000"
 564      20696E74 
 564      00
 565              	.LASF22:
 566 0197 656E6162 		.ascii	"enableState\000"
 566      6C655374 
 566      61746500 
 567              	.LASF0:
 568 01a3 7369676E 		.ascii	"signed char\000"
 568      65642063 
 568      68617200 
 569              	.LASF24:
 570 01af 4144435F 		.ascii	"ADC_backup\000"
 570      6261636B 
 570      757000
 571              	.LASF20:
 572 01ba 47656E65 		.ascii	"Generated_Source\\PSoC5\\ADC_PM.c\000"
 572      72617465 
 572      645F536F 
 572      75726365 
 572      5C50536F 
 573              	.LASF17:
 574 01da 4144435F 		.ascii	"ADC_Stop\000"
 574      53746F70 
 574      00
 575              		.ident	"GCC: (GNU Tools for ARM Embedded Processors) 5.4.1 20160609 (release) [ARM/embedded-5-bran
