ARM GAS  C:\Users\chemi\AppData\Local\Temp\ccffgXhW.s 			page 1


   1              		.syntax unified
   2              		.cpu cortex-m3
   3              		.fpu softvfp
   4              		.eabi_attribute 20, 1
   5              		.eabi_attribute 21, 1
   6              		.eabi_attribute 23, 3
   7              		.eabi_attribute 24, 1
   8              		.eabi_attribute 25, 1
   9              		.eabi_attribute 26, 1
  10              		.eabi_attribute 30, 4
  11              		.eabi_attribute 34, 1
  12              		.eabi_attribute 18, 4
  13              		.thumb
  14              		.syntax unified
  15              		.file	"apps.c"
  16              		.text
  17              	.Ltext0:
  18              		.cfi_sections	.debug_frame
  19              		.section	.text.REGISTER_apps,"ax",%progbits
  20              		.align	1
  21              		.global	REGISTER_apps
  22              		.thumb
  23              		.thumb_func
  24              		.type	REGISTER_apps, %function
  25              	REGISTER_apps:
  26              	.LFB68:
  27              		.file 1 "..\\common\\tterm\\apps.c"
   1:..\common\tterm/apps.c **** /*
   2:..\common\tterm/apps.c ****  * TTerm
   3:..\common\tterm/apps.c ****  *
   4:..\common\tterm/apps.c ****  * Copyright (c) 2020 Thorben Zethoff, Jens Kerrinnes
   5:..\common\tterm/apps.c ****  *
   6:..\common\tterm/apps.c ****  * Permission is hereby granted, free of charge, to any person obtaining a copy of
   7:..\common\tterm/apps.c ****  * this software and associated documentation files (the "Software"), to deal in
   8:..\common\tterm/apps.c ****  * the Software without restriction, including without limitation the rights to
   9:..\common\tterm/apps.c ****  * use, copy, modify, merge, publish, distribute, sublicense, and/or sell copies of
  10:..\common\tterm/apps.c ****  * the Software, and to permit persons to whom the Software is furnished to do so,
  11:..\common\tterm/apps.c ****  * subject to the following conditions:
  12:..\common\tterm/apps.c ****  *
  13:..\common\tterm/apps.c ****  * The above copyright notice and this permission notice shall be included in all
  14:..\common\tterm/apps.c ****  * copies or substantial portions of the Software.
  15:..\common\tterm/apps.c ****  *
  16:..\common\tterm/apps.c ****  * THE SOFTWARE IS PROVIDED "AS IS", WITHOUT WARRANTY OF ANY KIND, EXPRESS OR
  17:..\common\tterm/apps.c ****  * IMPLIED, INCLUDING BUT NOT LIMITED TO THE WARRANTIES OF MERCHANTABILITY, FITNESS
  18:..\common\tterm/apps.c ****  * FOR A PARTICULAR PURPOSE AND NONINFRINGEMENT. IN NO EVENT SHALL THE AUTHORS OR
  19:..\common\tterm/apps.c ****  * COPYRIGHT HOLDERS BE LIABLE FOR ANY CLAIM, DAMAGES OR OTHER LIABILITY, WHETHER
  20:..\common\tterm/apps.c ****  * IN AN ACTION OF CONTRACT, TORT OR OTHERWISE, ARISING FROM, OUT OF OR IN
  21:..\common\tterm/apps.c ****  * CONNECTION WITH THE SOFTWARE OR THE USE OR OTHER DEALINGS IN THE SOFTWARE.
  22:..\common\tterm/apps.c **** */
  23:..\common\tterm/apps.c **** #include "apps.h"
  24:..\common\tterm/apps.c **** 
  25:..\common\tterm/apps.c **** uint8_t REGISTER_apps(TermCommandDescriptor * desc){
  28              		.loc 1 25 0
  29              		.cfi_startproc
  30              		@ args = 0, pretend = 0, frame = 0
  31              		@ frame_needed = 0, uses_anonymous_args = 0
  32              	.LVL0:
ARM GAS  C:\Users\chemi\AppData\Local\Temp\ccffgXhW.s 			page 2


  33 0000 08B5     		push	{r3, lr}
  34              		.cfi_def_cfa_offset 8
  35              		.cfi_offset 3, -8
  36              		.cfi_offset 14, -4
  26:..\common\tterm/apps.c ****     REGISTER_top(desc);
  37              		.loc 1 26 0
  38 0002 FFF7FEFF 		bl	REGISTER_top
  39              	.LVL1:
  27:..\common\tterm/apps.c ****     return pdTRUE;
  28:..\common\tterm/apps.c **** }...
  40              		.loc 1 28 0
  41 0006 0120     		movs	r0, #1
  42 0008 08BD     		pop	{r3, pc}
  43              		.cfi_endproc
  44              	.LFE68:
  45              		.size	REGISTER_apps, .-REGISTER_apps
  46              		.text
  47              	.Letext0:
  48              		.file 2 "c:\\program files (x86)\\cypress\\psoc creator\\4.4\\psoc creator\\import\\gnu\\arm\\5.4.
  49              		.file 3 "c:\\program files (x86)\\cypress\\psoc creator\\4.4\\psoc creator\\import\\gnu\\arm\\5.4.
  50              		.file 4 "..\\common\\rtos\\portable\\GCC\\ARM_CM3/portmacro.h"
  51              		.file 5 "..\\common\\rtos\\include/task.h"
  52              		.file 6 "..\\common\\rtos\\include/stream_buffer.h"
  53              		.file 7 "..\\common\\tterm\\TTerm.h"
  54              		.file 8 "Generated_Source\\PSoC5/core_cm3.h"
  55              		.file 9 "..\\common\\tterm\\top.h"
  56              		.section	.debug_info,"",%progbits
  57              	.Ldebug_info0:
  58 0000 43040000 		.4byte	0x443
  59 0004 0400     		.2byte	0x4
  60 0006 00000000 		.4byte	.Ldebug_abbrev0
  61 000a 04       		.byte	0x4
  62 000b 01       		.uleb128 0x1
  63 000c B6000000 		.4byte	.LASF69
  64 0010 0C       		.byte	0xc
  65 0011 C1030000 		.4byte	.LASF70
  66 0015 38040000 		.4byte	.LASF71
  67 0019 00000000 		.4byte	.Ldebug_ranges0+0
  68 001d 00000000 		.4byte	0
  69 0021 00000000 		.4byte	.Ldebug_line0
  70 0025 02       		.uleb128 0x2
  71 0026 04       		.byte	0x4
  72 0027 05       		.byte	0x5
  73 0028 696E7400 		.ascii	"int\000"
  74 002c 03       		.uleb128 0x3
  75 002d 04       		.byte	0x4
  76 002e 07       		.byte	0x7
  77 002f C2020000 		.4byte	.LASF0
  78 0033 03       		.uleb128 0x3
  79 0034 01       		.byte	0x1
  80 0035 06       		.byte	0x6
  81 0036 83020000 		.4byte	.LASF1
  82 003a 04       		.uleb128 0x4
  83 003b 19020000 		.4byte	.LASF4
  84 003f 02       		.byte	0x2
  85 0040 1D       		.byte	0x1d
  86 0041 45000000 		.4byte	0x45
ARM GAS  C:\Users\chemi\AppData\Local\Temp\ccffgXhW.s 			page 3


  87 0045 03       		.uleb128 0x3
  88 0046 01       		.byte	0x1
  89 0047 08       		.byte	0x8
  90 0048 51020000 		.4byte	.LASF2
  91 004c 03       		.uleb128 0x3
  92 004d 02       		.byte	0x2
  93 004e 05       		.byte	0x5
  94 004f 4A000000 		.4byte	.LASF3
  95 0053 04       		.uleb128 0x4
  96 0054 4F010000 		.4byte	.LASF5
  97 0058 02       		.byte	0x2
  98 0059 2B       		.byte	0x2b
  99 005a 5E000000 		.4byte	0x5e
 100 005e 03       		.uleb128 0x3
 101 005f 02       		.byte	0x2
 102 0060 07       		.byte	0x7
 103 0061 FF020000 		.4byte	.LASF6
 104 0065 04       		.uleb128 0x4
 105 0066 D8030000 		.4byte	.LASF7
 106 006a 02       		.byte	0x2
 107 006b 3F       		.byte	0x3f
 108 006c 70000000 		.4byte	0x70
 109 0070 03       		.uleb128 0x3
 110 0071 04       		.byte	0x4
 111 0072 05       		.byte	0x5
 112 0073 EE010000 		.4byte	.LASF8
 113 0077 04       		.uleb128 0x4
 114 0078 AB000000 		.4byte	.LASF9
 115 007c 02       		.byte	0x2
 116 007d 41       		.byte	0x41
 117 007e 82000000 		.4byte	0x82
 118 0082 03       		.uleb128 0x3
 119 0083 04       		.byte	0x4
 120 0084 07       		.byte	0x7
 121 0085 90030000 		.4byte	.LASF10
 122 0089 03       		.uleb128 0x3
 123 008a 08       		.byte	0x8
 124 008b 05       		.byte	0x5
 125 008c E0010000 		.4byte	.LASF11
 126 0090 03       		.uleb128 0x3
 127 0091 08       		.byte	0x8
 128 0092 07       		.byte	0x7
 129 0093 8F020000 		.4byte	.LASF12
 130 0097 04       		.uleb128 0x4
 131 0098 8B010000 		.4byte	.LASF13
 132 009c 03       		.byte	0x3
 133 009d 18       		.byte	0x18
 134 009e 3A000000 		.4byte	0x3a
 135 00a2 04       		.uleb128 0x4
 136 00a3 CF020000 		.4byte	.LASF14
 137 00a7 03       		.byte	0x3
 138 00a8 24       		.byte	0x24
 139 00a9 53000000 		.4byte	0x53
 140 00ad 04       		.uleb128 0x4
 141 00ae 4F030000 		.4byte	.LASF15
 142 00b2 03       		.byte	0x3
 143 00b3 2C       		.byte	0x2c
ARM GAS  C:\Users\chemi\AppData\Local\Temp\ccffgXhW.s 			page 4


 144 00b4 65000000 		.4byte	0x65
 145 00b8 04       		.uleb128 0x4
 146 00b9 AC020000 		.4byte	.LASF16
 147 00bd 03       		.byte	0x3
 148 00be 30       		.byte	0x30
 149 00bf 77000000 		.4byte	0x77
 150 00c3 03       		.uleb128 0x3
 151 00c4 04       		.byte	0x4
 152 00c5 04       		.byte	0x4
 153 00c6 C4010000 		.4byte	.LASF17
 154 00ca 03       		.uleb128 0x3
 155 00cb 08       		.byte	0x8
 156 00cc 04       		.byte	0x4
 157 00cd BA030000 		.4byte	.LASF18
 158 00d1 03       		.uleb128 0x3
 159 00d2 01       		.byte	0x1
 160 00d3 08       		.byte	0x8
 161 00d4 25030000 		.4byte	.LASF19
 162 00d8 03       		.uleb128 0x3
 163 00d9 04       		.byte	0x4
 164 00da 07       		.byte	0x7
 165 00db 54000000 		.4byte	.LASF20
 166 00df 05       		.uleb128 0x5
 167 00e0 04       		.byte	0x4
 168 00e1 06       		.uleb128 0x6
 169 00e2 04       		.byte	0x4
 170 00e3 D1000000 		.4byte	0xd1
 171 00e7 06       		.uleb128 0x6
 172 00e8 04       		.byte	0x4
 173 00e9 ED000000 		.4byte	0xed
 174 00ed 07       		.uleb128 0x7
 175 00ee D1000000 		.4byte	0xd1
 176 00f2 04       		.uleb128 0x4
 177 00f3 E5020000 		.4byte	.LASF21
 178 00f7 04       		.byte	0x4
 179 00f8 38       		.byte	0x38
 180 00f9 70000000 		.4byte	0x70
 181 00fd 04       		.uleb128 0x4
 182 00fe B5020000 		.4byte	.LASF22
 183 0102 05       		.byte	0x5
 184 0103 4E       		.byte	0x4e
 185 0104 08010000 		.4byte	0x108
 186 0108 06       		.uleb128 0x6
 187 0109 04       		.byte	0x4
 188 010a 0E010000 		.4byte	0x10e
 189 010e 08       		.uleb128 0x8
 190 010f 05020000 		.4byte	.LASF24
 191 0113 04       		.uleb128 0x4
 192 0114 E2030000 		.4byte	.LASF23
 193 0118 06       		.byte	0x6
 194 0119 46       		.byte	0x46
 195 011a 1E010000 		.4byte	0x11e
 196 011e 06       		.uleb128 0x6
 197 011f 04       		.byte	0x4
 198 0120 24010000 		.4byte	0x124
 199 0124 08       		.uleb128 0x8
 200 0125 38000000 		.4byte	.LASF25
ARM GAS  C:\Users\chemi\AppData\Local\Temp\ccffgXhW.s 			page 5


 201 0129 04       		.uleb128 0x4
 202 012a 3F030000 		.4byte	.LASF26
 203 012e 07       		.byte	0x7
 204 012f A3       		.byte	0xa3
 205 0130 34010000 		.4byte	0x134
 206 0134 09       		.uleb128 0x9
 207 0135 77010000 		.4byte	.LASF47
 208 0139 94       		.byte	0x94
 209 013a 07       		.byte	0x7
 210 013b C6       		.byte	0xc6
 211 013c 25020000 		.4byte	0x225
 212 0140 0A       		.uleb128 0xa
 213 0141 45020000 		.4byte	.LASF27
 214 0145 07       		.byte	0x7
 215 0146 C7       		.byte	0xc7
 216 0147 E1000000 		.4byte	0xe1
 217 014b 00       		.byte	0
 218 014c 0A       		.uleb128 0xa
 219 014d 8B030000 		.4byte	.LASF28
 220 0151 07       		.byte	0x7
 221 0152 C9       		.byte	0xc9
 222 0153 DF000000 		.4byte	0xdf
 223 0157 04       		.byte	0x4
 224 0158 0A       		.uleb128 0xa
 225 0159 5D040000 		.4byte	.LASF29
 226 015d 07       		.byte	0x7
 227 015e CB       		.byte	0xcb
 228 015f B8000000 		.4byte	0xb8
 229 0163 08       		.byte	0x8
 230 0164 0A       		.uleb128 0xa
 231 0165 5A010000 		.4byte	.LASF30
 232 0169 07       		.byte	0x7
 233 016a CC       		.byte	0xcc
 234 016b B8000000 		.4byte	0xb8
 235 016f 0C       		.byte	0xc
 236 0170 0A       		.uleb128 0xa
 237 0171 FC030000 		.4byte	.LASF31
 238 0175 07       		.byte	0x7
 239 0176 CD       		.byte	0xcd
 240 0177 B8000000 		.4byte	0xb8
 241 017b 10       		.byte	0x10
 242 017c 0A       		.uleb128 0xa
 243 017d 72030000 		.4byte	.LASF32
 244 0181 07       		.byte	0x7
 245 0182 CE       		.byte	0xce
 246 0183 CA030000 		.4byte	0x3ca
 247 0187 14       		.byte	0x14
 248 0188 0A       		.uleb128 0xa
 249 0189 12030000 		.4byte	.LASF33
 250 018d 07       		.byte	0x7
 251 018e CF       		.byte	0xcf
 252 018f CD020000 		.4byte	0x2cd
 253 0193 18       		.byte	0x18
 254 0194 0A       		.uleb128 0xa
 255 0195 84040000 		.4byte	.LASF34
 256 0199 07       		.byte	0x7
 257 019a D0       		.byte	0xd0
ARM GAS  C:\Users\chemi\AppData\Local\Temp\ccffgXhW.s 			page 6


 258 019b B8000000 		.4byte	0xb8
 259 019f 1C       		.byte	0x1c
 260 01a0 0A       		.uleb128 0xa
 261 01a1 57030000 		.4byte	.LASF35
 262 01a5 07       		.byte	0x7
 263 01a6 D1       		.byte	0xd1
 264 01a7 B8000000 		.4byte	0xb8
 265 01ab 20       		.byte	0x20
 266 01ac 0A       		.uleb128 0xa
 267 01ad A6020000 		.4byte	.LASF36
 268 01b1 07       		.byte	0x7
 269 01b2 D2       		.byte	0xd2
 270 01b3 1D030000 		.4byte	0x31d
 271 01b7 24       		.byte	0x24
 272 01b8 0A       		.uleb128 0xa
 273 01b9 D8020000 		.4byte	.LASF37
 274 01bd 07       		.byte	0x7
 275 01be D3       		.byte	0xd3
 276 01bf E1000000 		.4byte	0xe1
 277 01c3 28       		.byte	0x28
 278 01c4 0A       		.uleb128 0xa
 279 01c5 F7010000 		.4byte	.LASF38
 280 01c9 07       		.byte	0x7
 281 01ca D4       		.byte	0xd4
 282 01cb D0030000 		.4byte	0x3d0
 283 01cf 2C       		.byte	0x2c
 284 01d0 0A       		.uleb128 0xa
 285 01d1 1F000000 		.4byte	.LASF39
 286 01d5 07       		.byte	0x7
 287 01d6 D5       		.byte	0xd5
 288 01d7 B8000000 		.4byte	0xb8
 289 01db 6C       		.byte	0x6c
 290 01dc 0A       		.uleb128 0xa
 291 01dd 6A000000 		.4byte	.LASF40
 292 01e1 07       		.byte	0x7
 293 01e2 D6       		.byte	0xd6
 294 01e3 B8000000 		.4byte	0xb8
 295 01e7 70       		.byte	0x70
 296 01e8 0A       		.uleb128 0xa
 297 01e9 6B020000 		.4byte	.LASF41
 298 01ed 07       		.byte	0x7
 299 01ee D7       		.byte	0xd7
 300 01ef 97000000 		.4byte	0x97
 301 01f3 74       		.byte	0x74
 302 01f4 0A       		.uleb128 0xa
 303 01f5 82000000 		.4byte	.LASF42
 304 01f9 07       		.byte	0x7
 305 01fa D8       		.byte	0xd8
 306 01fb E0030000 		.4byte	0x3e0
 307 01ff 75       		.byte	0x75
 308 0200 0A       		.uleb128 0xa
 309 0201 5F020000 		.4byte	.LASF43
 310 0205 07       		.byte	0x7
 311 0206 D9       		.byte	0xd9
 312 0207 2C000000 		.4byte	0x2c
 313 020b 88       		.byte	0x88
 314 020c 0A       		.uleb128 0xa
ARM GAS  C:\Users\chemi\AppData\Local\Temp\ccffgXhW.s 			page 7


 315 020d 6B010000 		.4byte	.LASF44
 316 0211 07       		.byte	0x7
 317 0212 DA       		.byte	0xda
 318 0213 C4030000 		.4byte	0x3c4
 319 0217 8C       		.byte	0x8c
 320 0218 0A       		.uleb128 0xa
 321 0219 8D000000 		.4byte	.LASF45
 322 021d 07       		.byte	0x7
 323 021e DB       		.byte	0xdb
 324 021f F8020000 		.4byte	0x2f8
 325 0223 90       		.byte	0x90
 326 0224 00       		.byte	0
 327 0225 04       		.uleb128 0x4
 328 0226 CA010000 		.4byte	.LASF46
 329 022a 07       		.byte	0x7
 330 022b A4       		.byte	0xa4
 331 022c 30020000 		.4byte	0x230
 332 0230 09       		.uleb128 0x9
 333 0231 93010000 		.4byte	.LASF48
 334 0235 20       		.byte	0x20
 335 0236 07       		.byte	0x7
 336 0237 BA       		.byte	0xba
 337 0238 9D020000 		.4byte	0x29d
 338 023c 0A       		.uleb128 0xa
 339 023d 2A030000 		.4byte	.LASF49
 340 0241 07       		.byte	0x7
 341 0242 BB       		.byte	0xbb
 342 0243 9D020000 		.4byte	0x29d
 343 0247 00       		.byte	0
 344 0248 0A       		.uleb128 0xa
 345 0249 9D040000 		.4byte	.LASF50
 346 024d 07       		.byte	0x7
 347 024e BC       		.byte	0xbc
 348 024f E7000000 		.4byte	0xe7
 349 0253 04       		.byte	0x4
 350 0254 0A       		.uleb128 0xa
 351 0255 00000000 		.4byte	.LASF51
 352 0259 07       		.byte	0x7
 353 025a BD       		.byte	0xbd
 354 025b E7000000 		.4byte	0xe7
 355 025f 08       		.byte	0x8
 356 0260 0A       		.uleb128 0xa
 357 0261 AD010000 		.4byte	.LASF52
 358 0265 07       		.byte	0x7
 359 0266 BE       		.byte	0xbe
 360 0267 B8000000 		.4byte	0xb8
 361 026b 0C       		.byte	0xc
 362 026c 0A       		.uleb128 0xa
 363 026d A5040000 		.4byte	.LASF53
 364 0271 07       		.byte	0x7
 365 0272 BF       		.byte	0xbf
 366 0273 97000000 		.4byte	0x97
 367 0277 10       		.byte	0x10
 368 0278 0A       		.uleb128 0xa
 369 0279 F5020000 		.4byte	.LASF54
 370 027d 07       		.byte	0x7
 371 027e C0       		.byte	0xc0
ARM GAS  C:\Users\chemi\AppData\Local\Temp\ccffgXhW.s 			page 8


 372 027f 43030000 		.4byte	0x343
 373 0283 14       		.byte	0x14
 374 0284 0A       		.uleb128 0xa
 375 0285 69030000 		.4byte	.LASF55
 376 0289 07       		.byte	0x7
 377 028a C1       		.byte	0xc1
 378 028b DF000000 		.4byte	0xdf
 379 028f 18       		.byte	0x18
 380 0290 0A       		.uleb128 0xa
 381 0291 12040000 		.4byte	.LASF56
 382 0295 07       		.byte	0x7
 383 0296 C3       		.byte	0xc3
 384 0297 C4030000 		.4byte	0x3c4
 385 029b 1C       		.byte	0x1c
 386 029c 00       		.byte	0
 387 029d 04       		.uleb128 0x4
 388 029e 31020000 		.4byte	.LASF57
 389 02a2 07       		.byte	0x7
 390 02a3 A6       		.byte	0xa6
 391 02a4 A8020000 		.4byte	0x2a8
 392 02a8 06       		.uleb128 0x6
 393 02a9 04       		.byte	0x4
 394 02aa AE020000 		.4byte	0x2ae
 395 02ae 0B       		.uleb128 0xb
 396 02af 97000000 		.4byte	0x97
 397 02b3 C7020000 		.4byte	0x2c7
 398 02b7 0C       		.uleb128 0xc
 399 02b8 C7020000 		.4byte	0x2c7
 400 02bc 0C       		.uleb128 0xc
 401 02bd 97000000 		.4byte	0x97
 402 02c1 0C       		.uleb128 0xc
 403 02c2 CD020000 		.4byte	0x2cd
 404 02c6 00       		.byte	0
 405 02c7 06       		.uleb128 0x6
 406 02c8 04       		.byte	0x4
 407 02c9 29010000 		.4byte	0x129
 408 02cd 06       		.uleb128 0x6
 409 02ce 04       		.byte	0x4
 410 02cf E1000000 		.4byte	0xe1
 411 02d3 04       		.uleb128 0x4
 412 02d4 A2030000 		.4byte	.LASF58
 413 02d8 07       		.byte	0x7
 414 02d9 A7       		.byte	0xa7
 415 02da DE020000 		.4byte	0x2de
 416 02de 06       		.uleb128 0x6
 417 02df 04       		.byte	0x4
 418 02e0 E4020000 		.4byte	0x2e4
 419 02e4 0B       		.uleb128 0xb
 420 02e5 97000000 		.4byte	0x97
 421 02e9 F8020000 		.4byte	0x2f8
 422 02ed 0C       		.uleb128 0xc
 423 02ee C7020000 		.4byte	0x2c7
 424 02f2 0C       		.uleb128 0xc
 425 02f3 A2000000 		.4byte	0xa2
 426 02f7 00       		.byte	0
 427 02f8 04       		.uleb128 0x4
 428 02f9 9A000000 		.4byte	.LASF59
ARM GAS  C:\Users\chemi\AppData\Local\Temp\ccffgXhW.s 			page 9


 429 02fd 07       		.byte	0x7
 430 02fe A8       		.byte	0xa8
 431 02ff 03030000 		.4byte	0x303
 432 0303 06       		.uleb128 0x6
 433 0304 04       		.byte	0x4
 434 0305 09030000 		.4byte	0x309
 435 0309 0B       		.uleb128 0xb
 436 030a 97000000 		.4byte	0x97
 437 030e 1D030000 		.4byte	0x31d
 438 0312 0C       		.uleb128 0xc
 439 0313 C7020000 		.4byte	0x2c7
 440 0317 0C       		.uleb128 0xc
 441 0318 B8000000 		.4byte	0xb8
 442 031c 00       		.byte	0
 443 031d 04       		.uleb128 0x4
 444 031e 27040000 		.4byte	.LASF60
 445 0322 07       		.byte	0x7
 446 0323 AB       		.byte	0xab
 447 0324 28030000 		.4byte	0x328
 448 0328 06       		.uleb128 0x6
 449 0329 04       		.byte	0x4
 450 032a 2E030000 		.4byte	0x32e
 451 032e 0B       		.uleb128 0xb
 452 032f B8000000 		.4byte	0xb8
 453 0333 43030000 		.4byte	0x343
 454 0337 0C       		.uleb128 0xc
 455 0338 DF000000 		.4byte	0xdf
 456 033c 0C       		.uleb128 0xc
 457 033d E1000000 		.4byte	0xe1
 458 0341 0D       		.uleb128 0xd
 459 0342 00       		.byte	0
 460 0343 04       		.uleb128 0x4
 461 0344 70040000 		.4byte	.LASF61
 462 0348 07       		.byte	0x7
 463 0349 AF       		.byte	0xaf
 464 034a 4E030000 		.4byte	0x34e
 465 034e 06       		.uleb128 0x6
 466 034f 04       		.byte	0x4
 467 0350 54030000 		.4byte	0x354
 468 0354 0B       		.uleb128 0xb
 469 0355 97000000 		.4byte	0x97
 470 0359 68030000 		.4byte	0x368
 471 035d 0C       		.uleb128 0xc
 472 035e C7020000 		.4byte	0x2c7
 473 0362 0C       		.uleb128 0xc
 474 0363 DF000000 		.4byte	0xdf
 475 0367 00       		.byte	0
 476 0368 0E       		.uleb128 0xe
 477 0369 18       		.byte	0x18
 478 036a 07       		.byte	0x7
 479 036b B1       		.byte	0xb1
 480 036c B9030000 		.4byte	0x3b9
 481 0370 0A       		.uleb128 0xa
 482 0371 F7030000 		.4byte	.LASF62
 483 0375 07       		.byte	0x7
 484 0376 B2       		.byte	0xb2
 485 0377 FD000000 		.4byte	0xfd
ARM GAS  C:\Users\chemi\AppData\Local\Temp\ccffgXhW.s 			page 10


 486 037b 00       		.byte	0
 487 037c 0A       		.uleb128 0xa
 488 037d 5D000000 		.4byte	.LASF63
 489 0381 07       		.byte	0x7
 490 0382 B3       		.byte	0xb3
 491 0383 D3020000 		.4byte	0x2d3
 492 0387 04       		.byte	0x4
 493 0388 0A       		.uleb128 0xa
 494 0389 79020000 		.4byte	.LASF64
 495 038d 07       		.byte	0x7
 496 038e B4       		.byte	0xb4
 497 038f 97000000 		.4byte	0x97
 498 0393 08       		.byte	0x8
 499 0394 0A       		.uleb128 0xa
 500 0395 33030000 		.4byte	.LASF65
 501 0399 07       		.byte	0x7
 502 039a B5       		.byte	0xb5
 503 039b 13010000 		.4byte	0x113
 504 039f 0C       		.byte	0xc
 505 03a0 0A       		.uleb128 0xa
 506 03a1 F0020000 		.4byte	.LASF66
 507 03a5 07       		.byte	0x7
 508 03a6 B6       		.byte	0xb6
 509 03a7 CD020000 		.4byte	0x2cd
 510 03ab 10       		.byte	0x10
 511 03ac 0A       		.uleb128 0xa
 512 03ad BB010000 		.4byte	.LASF67
 513 03b1 07       		.byte	0x7
 514 03b2 B7       		.byte	0xb7
 515 03b3 97000000 		.4byte	0x97
 516 03b7 14       		.byte	0x14
 517 03b8 00       		.byte	0
 518 03b9 04       		.uleb128 0x4
 519 03ba 13000000 		.4byte	.LASF68
 520 03be 07       		.byte	0x7
 521 03bf B8       		.byte	0xb8
 522 03c0 68030000 		.4byte	0x368
 523 03c4 06       		.uleb128 0x6
 524 03c5 04       		.byte	0x4
 525 03c6 25020000 		.4byte	0x225
 526 03ca 06       		.uleb128 0x6
 527 03cb 04       		.byte	0x4
 528 03cc B9030000 		.4byte	0x3b9
 529 03d0 0F       		.uleb128 0xf
 530 03d1 E1000000 		.4byte	0xe1
 531 03d5 E0030000 		.4byte	0x3e0
 532 03d9 10       		.uleb128 0x10
 533 03da D8000000 		.4byte	0xd8
 534 03de 0F       		.byte	0xf
 535 03df 00       		.byte	0
 536 03e0 0F       		.uleb128 0xf
 537 03e1 97000000 		.4byte	0x97
 538 03e5 F0030000 		.4byte	0x3f0
 539 03e9 10       		.uleb128 0x10
 540 03ea D8000000 		.4byte	0xd8
 541 03ee 0F       		.byte	0xf
 542 03ef 00       		.byte	0
ARM GAS  C:\Users\chemi\AppData\Local\Temp\ccffgXhW.s 			page 11


 543 03f0 11       		.uleb128 0x11
 544 03f1 23020000 		.4byte	.LASF72
 545 03f5 01       		.byte	0x1
 546 03f6 19       		.byte	0x19
 547 03f7 97000000 		.4byte	0x97
 548 03fb 00000000 		.4byte	.LFB68
 549 03ff 0A000000 		.4byte	.LFE68-.LFB68
 550 0403 01       		.uleb128 0x1
 551 0404 9C       		.byte	0x9c
 552 0405 2A040000 		.4byte	0x42a
 553 0409 12       		.uleb128 0x12
 554 040a B8040000 		.4byte	.LASF73
 555 040e 01       		.byte	0x1
 556 040f 19       		.byte	0x19
 557 0410 C4030000 		.4byte	0x3c4
 558 0414 00000000 		.4byte	.LLST0
 559 0418 13       		.uleb128 0x13
 560 0419 06000000 		.4byte	.LVL1
 561 041d 3B040000 		.4byte	0x43b
 562 0421 14       		.uleb128 0x14
 563 0422 01       		.uleb128 0x1
 564 0423 50       		.byte	0x50
 565 0424 03       		.uleb128 0x3
 566 0425 F3       		.byte	0xf3
 567 0426 01       		.uleb128 0x1
 568 0427 50       		.byte	0x50
 569 0428 00       		.byte	0
 570 0429 00       		.byte	0
 571 042a 15       		.uleb128 0x15
 572 042b 1A040000 		.4byte	.LASF74
 573 042f 08       		.byte	0x8
 574 0430 1207     		.2byte	0x712
 575 0432 36040000 		.4byte	0x436
 576 0436 16       		.uleb128 0x16
 577 0437 AD000000 		.4byte	0xad
 578 043b 17       		.uleb128 0x17
 579 043c 7E030000 		.4byte	.LASF75
 580 0440 7E030000 		.4byte	.LASF75
 581 0444 09       		.byte	0x9
 582 0445 1D       		.byte	0x1d
 583 0446 00       		.byte	0
 584              		.section	.debug_abbrev,"",%progbits
 585              	.Ldebug_abbrev0:
 586 0000 01       		.uleb128 0x1
 587 0001 11       		.uleb128 0x11
 588 0002 01       		.byte	0x1
 589 0003 25       		.uleb128 0x25
 590 0004 0E       		.uleb128 0xe
 591 0005 13       		.uleb128 0x13
 592 0006 0B       		.uleb128 0xb
 593 0007 03       		.uleb128 0x3
 594 0008 0E       		.uleb128 0xe
 595 0009 1B       		.uleb128 0x1b
 596 000a 0E       		.uleb128 0xe
 597 000b 55       		.uleb128 0x55
 598 000c 17       		.uleb128 0x17
 599 000d 11       		.uleb128 0x11
ARM GAS  C:\Users\chemi\AppData\Local\Temp\ccffgXhW.s 			page 12


 600 000e 01       		.uleb128 0x1
 601 000f 10       		.uleb128 0x10
 602 0010 17       		.uleb128 0x17
 603 0011 00       		.byte	0
 604 0012 00       		.byte	0
 605 0013 02       		.uleb128 0x2
 606 0014 24       		.uleb128 0x24
 607 0015 00       		.byte	0
 608 0016 0B       		.uleb128 0xb
 609 0017 0B       		.uleb128 0xb
 610 0018 3E       		.uleb128 0x3e
 611 0019 0B       		.uleb128 0xb
 612 001a 03       		.uleb128 0x3
 613 001b 08       		.uleb128 0x8
 614 001c 00       		.byte	0
 615 001d 00       		.byte	0
 616 001e 03       		.uleb128 0x3
 617 001f 24       		.uleb128 0x24
 618 0020 00       		.byte	0
 619 0021 0B       		.uleb128 0xb
 620 0022 0B       		.uleb128 0xb
 621 0023 3E       		.uleb128 0x3e
 622 0024 0B       		.uleb128 0xb
 623 0025 03       		.uleb128 0x3
 624 0026 0E       		.uleb128 0xe
 625 0027 00       		.byte	0
 626 0028 00       		.byte	0
 627 0029 04       		.uleb128 0x4
 628 002a 16       		.uleb128 0x16
 629 002b 00       		.byte	0
 630 002c 03       		.uleb128 0x3
 631 002d 0E       		.uleb128 0xe
 632 002e 3A       		.uleb128 0x3a
 633 002f 0B       		.uleb128 0xb
 634 0030 3B       		.uleb128 0x3b
 635 0031 0B       		.uleb128 0xb
 636 0032 49       		.uleb128 0x49
 637 0033 13       		.uleb128 0x13
 638 0034 00       		.byte	0
 639 0035 00       		.byte	0
 640 0036 05       		.uleb128 0x5
 641 0037 0F       		.uleb128 0xf
 642 0038 00       		.byte	0
 643 0039 0B       		.uleb128 0xb
 644 003a 0B       		.uleb128 0xb
 645 003b 00       		.byte	0
 646 003c 00       		.byte	0
 647 003d 06       		.uleb128 0x6
 648 003e 0F       		.uleb128 0xf
 649 003f 00       		.byte	0
 650 0040 0B       		.uleb128 0xb
 651 0041 0B       		.uleb128 0xb
 652 0042 49       		.uleb128 0x49
 653 0043 13       		.uleb128 0x13
 654 0044 00       		.byte	0
 655 0045 00       		.byte	0
 656 0046 07       		.uleb128 0x7
ARM GAS  C:\Users\chemi\AppData\Local\Temp\ccffgXhW.s 			page 13


 657 0047 26       		.uleb128 0x26
 658 0048 00       		.byte	0
 659 0049 49       		.uleb128 0x49
 660 004a 13       		.uleb128 0x13
 661 004b 00       		.byte	0
 662 004c 00       		.byte	0
 663 004d 08       		.uleb128 0x8
 664 004e 13       		.uleb128 0x13
 665 004f 00       		.byte	0
 666 0050 03       		.uleb128 0x3
 667 0051 0E       		.uleb128 0xe
 668 0052 3C       		.uleb128 0x3c
 669 0053 19       		.uleb128 0x19
 670 0054 00       		.byte	0
 671 0055 00       		.byte	0
 672 0056 09       		.uleb128 0x9
 673 0057 13       		.uleb128 0x13
 674 0058 01       		.byte	0x1
 675 0059 03       		.uleb128 0x3
 676 005a 0E       		.uleb128 0xe
 677 005b 0B       		.uleb128 0xb
 678 005c 0B       		.uleb128 0xb
 679 005d 3A       		.uleb128 0x3a
 680 005e 0B       		.uleb128 0xb
 681 005f 3B       		.uleb128 0x3b
 682 0060 0B       		.uleb128 0xb
 683 0061 01       		.uleb128 0x1
 684 0062 13       		.uleb128 0x13
 685 0063 00       		.byte	0
 686 0064 00       		.byte	0
 687 0065 0A       		.uleb128 0xa
 688 0066 0D       		.uleb128 0xd
 689 0067 00       		.byte	0
 690 0068 03       		.uleb128 0x3
 691 0069 0E       		.uleb128 0xe
 692 006a 3A       		.uleb128 0x3a
 693 006b 0B       		.uleb128 0xb
 694 006c 3B       		.uleb128 0x3b
 695 006d 0B       		.uleb128 0xb
 696 006e 49       		.uleb128 0x49
 697 006f 13       		.uleb128 0x13
 698 0070 38       		.uleb128 0x38
 699 0071 0B       		.uleb128 0xb
 700 0072 00       		.byte	0
 701 0073 00       		.byte	0
 702 0074 0B       		.uleb128 0xb
 703 0075 15       		.uleb128 0x15
 704 0076 01       		.byte	0x1
 705 0077 27       		.uleb128 0x27
 706 0078 19       		.uleb128 0x19
 707 0079 49       		.uleb128 0x49
 708 007a 13       		.uleb128 0x13
 709 007b 01       		.uleb128 0x1
 710 007c 13       		.uleb128 0x13
 711 007d 00       		.byte	0
 712 007e 00       		.byte	0
 713 007f 0C       		.uleb128 0xc
ARM GAS  C:\Users\chemi\AppData\Local\Temp\ccffgXhW.s 			page 14


 714 0080 05       		.uleb128 0x5
 715 0081 00       		.byte	0
 716 0082 49       		.uleb128 0x49
 717 0083 13       		.uleb128 0x13
 718 0084 00       		.byte	0
 719 0085 00       		.byte	0
 720 0086 0D       		.uleb128 0xd
 721 0087 18       		.uleb128 0x18
 722 0088 00       		.byte	0
 723 0089 00       		.byte	0
 724 008a 00       		.byte	0
 725 008b 0E       		.uleb128 0xe
 726 008c 13       		.uleb128 0x13
 727 008d 01       		.byte	0x1
 728 008e 0B       		.uleb128 0xb
 729 008f 0B       		.uleb128 0xb
 730 0090 3A       		.uleb128 0x3a
 731 0091 0B       		.uleb128 0xb
 732 0092 3B       		.uleb128 0x3b
 733 0093 0B       		.uleb128 0xb
 734 0094 01       		.uleb128 0x1
 735 0095 13       		.uleb128 0x13
 736 0096 00       		.byte	0
 737 0097 00       		.byte	0
 738 0098 0F       		.uleb128 0xf
 739 0099 01       		.uleb128 0x1
 740 009a 01       		.byte	0x1
 741 009b 49       		.uleb128 0x49
 742 009c 13       		.uleb128 0x13
 743 009d 01       		.uleb128 0x1
 744 009e 13       		.uleb128 0x13
 745 009f 00       		.byte	0
 746 00a0 00       		.byte	0
 747 00a1 10       		.uleb128 0x10
 748 00a2 21       		.uleb128 0x21
 749 00a3 00       		.byte	0
 750 00a4 49       		.uleb128 0x49
 751 00a5 13       		.uleb128 0x13
 752 00a6 2F       		.uleb128 0x2f
 753 00a7 0B       		.uleb128 0xb
 754 00a8 00       		.byte	0
 755 00a9 00       		.byte	0
 756 00aa 11       		.uleb128 0x11
 757 00ab 2E       		.uleb128 0x2e
 758 00ac 01       		.byte	0x1
 759 00ad 3F       		.uleb128 0x3f
 760 00ae 19       		.uleb128 0x19
 761 00af 03       		.uleb128 0x3
 762 00b0 0E       		.uleb128 0xe
 763 00b1 3A       		.uleb128 0x3a
 764 00b2 0B       		.uleb128 0xb
 765 00b3 3B       		.uleb128 0x3b
 766 00b4 0B       		.uleb128 0xb
 767 00b5 27       		.uleb128 0x27
 768 00b6 19       		.uleb128 0x19
 769 00b7 49       		.uleb128 0x49
 770 00b8 13       		.uleb128 0x13
ARM GAS  C:\Users\chemi\AppData\Local\Temp\ccffgXhW.s 			page 15


 771 00b9 11       		.uleb128 0x11
 772 00ba 01       		.uleb128 0x1
 773 00bb 12       		.uleb128 0x12
 774 00bc 06       		.uleb128 0x6
 775 00bd 40       		.uleb128 0x40
 776 00be 18       		.uleb128 0x18
 777 00bf 9742     		.uleb128 0x2117
 778 00c1 19       		.uleb128 0x19
 779 00c2 01       		.uleb128 0x1
 780 00c3 13       		.uleb128 0x13
 781 00c4 00       		.byte	0
 782 00c5 00       		.byte	0
 783 00c6 12       		.uleb128 0x12
 784 00c7 05       		.uleb128 0x5
 785 00c8 00       		.byte	0
 786 00c9 03       		.uleb128 0x3
 787 00ca 0E       		.uleb128 0xe
 788 00cb 3A       		.uleb128 0x3a
 789 00cc 0B       		.uleb128 0xb
 790 00cd 3B       		.uleb128 0x3b
 791 00ce 0B       		.uleb128 0xb
 792 00cf 49       		.uleb128 0x49
 793 00d0 13       		.uleb128 0x13
 794 00d1 02       		.uleb128 0x2
 795 00d2 17       		.uleb128 0x17
 796 00d3 00       		.byte	0
 797 00d4 00       		.byte	0
 798 00d5 13       		.uleb128 0x13
 799 00d6 898201   		.uleb128 0x4109
 800 00d9 01       		.byte	0x1
 801 00da 11       		.uleb128 0x11
 802 00db 01       		.uleb128 0x1
 803 00dc 31       		.uleb128 0x31
 804 00dd 13       		.uleb128 0x13
 805 00de 00       		.byte	0
 806 00df 00       		.byte	0
 807 00e0 14       		.uleb128 0x14
 808 00e1 8A8201   		.uleb128 0x410a
 809 00e4 00       		.byte	0
 810 00e5 02       		.uleb128 0x2
 811 00e6 18       		.uleb128 0x18
 812 00e7 9142     		.uleb128 0x2111
 813 00e9 18       		.uleb128 0x18
 814 00ea 00       		.byte	0
 815 00eb 00       		.byte	0
 816 00ec 15       		.uleb128 0x15
 817 00ed 34       		.uleb128 0x34
 818 00ee 00       		.byte	0
 819 00ef 03       		.uleb128 0x3
 820 00f0 0E       		.uleb128 0xe
 821 00f1 3A       		.uleb128 0x3a
 822 00f2 0B       		.uleb128 0xb
 823 00f3 3B       		.uleb128 0x3b
 824 00f4 05       		.uleb128 0x5
 825 00f5 49       		.uleb128 0x49
 826 00f6 13       		.uleb128 0x13
 827 00f7 3F       		.uleb128 0x3f
ARM GAS  C:\Users\chemi\AppData\Local\Temp\ccffgXhW.s 			page 16


 828 00f8 19       		.uleb128 0x19
 829 00f9 3C       		.uleb128 0x3c
 830 00fa 19       		.uleb128 0x19
 831 00fb 00       		.byte	0
 832 00fc 00       		.byte	0
 833 00fd 16       		.uleb128 0x16
 834 00fe 35       		.uleb128 0x35
 835 00ff 00       		.byte	0
 836 0100 49       		.uleb128 0x49
 837 0101 13       		.uleb128 0x13
 838 0102 00       		.byte	0
 839 0103 00       		.byte	0
 840 0104 17       		.uleb128 0x17
 841 0105 2E       		.uleb128 0x2e
 842 0106 00       		.byte	0
 843 0107 3F       		.uleb128 0x3f
 844 0108 19       		.uleb128 0x19
 845 0109 3C       		.uleb128 0x3c
 846 010a 19       		.uleb128 0x19
 847 010b 6E       		.uleb128 0x6e
 848 010c 0E       		.uleb128 0xe
 849 010d 03       		.uleb128 0x3
 850 010e 0E       		.uleb128 0xe
 851 010f 3A       		.uleb128 0x3a
 852 0110 0B       		.uleb128 0xb
 853 0111 3B       		.uleb128 0x3b
 854 0112 0B       		.uleb128 0xb
 855 0113 00       		.byte	0
 856 0114 00       		.byte	0
 857 0115 00       		.byte	0
 858              		.section	.debug_loc,"",%progbits
 859              	.Ldebug_loc0:
 860              	.LLST0:
 861 0000 00000000 		.4byte	.LVL0
 862 0004 05000000 		.4byte	.LVL1-1
 863 0008 0100     		.2byte	0x1
 864 000a 50       		.byte	0x50
 865 000b 05000000 		.4byte	.LVL1-1
 866 000f 0A000000 		.4byte	.LFE68
 867 0013 0400     		.2byte	0x4
 868 0015 F3       		.byte	0xf3
 869 0016 01       		.uleb128 0x1
 870 0017 50       		.byte	0x50
 871 0018 9F       		.byte	0x9f
 872 0019 00000000 		.4byte	0
 873 001d 00000000 		.4byte	0
 874              		.section	.debug_aranges,"",%progbits
 875 0000 1C000000 		.4byte	0x1c
 876 0004 0200     		.2byte	0x2
 877 0006 00000000 		.4byte	.Ldebug_info0
 878 000a 04       		.byte	0x4
 879 000b 00       		.byte	0
 880 000c 0000     		.2byte	0
 881 000e 0000     		.2byte	0
 882 0010 00000000 		.4byte	.LFB68
 883 0014 0A000000 		.4byte	.LFE68-.LFB68
 884 0018 00000000 		.4byte	0
ARM GAS  C:\Users\chemi\AppData\Local\Temp\ccffgXhW.s 			page 17


 885 001c 00000000 		.4byte	0
 886              		.section	.debug_ranges,"",%progbits
 887              	.Ldebug_ranges0:
 888 0000 00000000 		.4byte	.LFB68
 889 0004 0A000000 		.4byte	.LFE68
 890 0008 00000000 		.4byte	0
 891 000c 00000000 		.4byte	0
 892              		.section	.debug_line,"",%progbits
 893              	.Ldebug_line0:
 894 0000 E1010000 		.section	.debug_str,"MS",%progbits,1
 894      0200CA01 
 894      00000201 
 894      FB0E0D00 
 894      01010101 
 895              	.LASF51:
 896 0000 636F6D6D 		.ascii	"commandDescription\000"
 896      616E6444 
 896      65736372 
 896      69707469 
 896      6F6E00
 897              	.LASF68:
 898 0013 5465726D 		.ascii	"TermProgram\000"
 898      50726F67 
 898      72616D00 
 899              	.LASF39:
 900 001f 63757272 		.ascii	"currHistoryWritePosition\000"
 900      48697374 
 900      6F727957 
 900      72697465 
 900      506F7369 
 901              	.LASF25:
 902 0038 53747265 		.ascii	"StreamBufferDef_t\000"
 902      616D4275 
 902      66666572 
 902      4465665F 
 902      7400
 903              	.LASF3:
 904 004a 73686F72 		.ascii	"short int\000"
 904      7420696E 
 904      7400
 905              	.LASF20:
 906 0054 73697A65 		.ascii	"sizetype\000"
 906      74797065 
 906      00
 907              	.LASF63:
 908 005d 696E7075 		.ascii	"inputHandler\000"
 908      7448616E 
 908      646C6572 
 908      00
 909              	.LASF40:
 910 006a 63757272 		.ascii	"currHistoryReadPosition\000"
 910      48697374 
 910      6F727952 
 910      65616450 
 910      6F736974 
 911              	.LASF42:
 912 0082 65736353 		.ascii	"escSeqBuff\000"
ARM GAS  C:\Users\chemi\AppData\Local\Temp\ccffgXhW.s 			page 18


 912      65714275 
 912      666600
 913              	.LASF45:
 914 008d 6572726F 		.ascii	"errorPrinter\000"
 914      72507269 
 914      6E746572 
 914      00
 915              	.LASF59:
 916 009a 5465726D 		.ascii	"TermErrorPrinter\000"
 916      4572726F 
 916      72507269 
 916      6E746572 
 916      00
 917              	.LASF9:
 918 00ab 5F5F7569 		.ascii	"__uint32_t\000"
 918      6E743332 
 918      5F7400
 919              	.LASF69:
 920 00b6 474E5520 		.ascii	"GNU C99 5.4.1 20160609 (release) [ARM/embedded-5-br"
 920      43393920 
 920      352E342E 
 920      31203230 
 920      31363036 
 921 00e9 616E6368 		.ascii	"anch revision 237715] -mcpu=cortex-m3 -mthumb -g -O"
 921      20726576 
 921      6973696F 
 921      6E203233 
 921      37373135 
 922 011c 73202D73 		.ascii	"s -std=gnu99 -ffunction-sections -ffat-lto-objects\000"
 922      74643D67 
 922      6E753939 
 922      202D6666 
 922      756E6374 
 923              	.LASF5:
 924 014f 5F5F7569 		.ascii	"__uint16_t\000"
 924      6E743136 
 924      5F7400
 925              	.LASF30:
 926 015a 63757272 		.ascii	"currBufferLength\000"
 926      42756666 
 926      65724C65 
 926      6E677468 
 926      00
 927              	.LASF44:
 928 016b 636D644C 		.ascii	"cmdListHead\000"
 928      69737448 
 928      65616400 
 929              	.LASF47:
 930 0177 5F5F5445 		.ascii	"__TERMINAL_HANDLE__\000"
 930      524D494E 
 930      414C5F48 
 930      414E444C 
 930      455F5F00 
 931              	.LASF13:
 932 018b 75696E74 		.ascii	"uint8_t\000"
 932      385F7400 
 933              	.LASF48:
ARM GAS  C:\Users\chemi\AppData\Local\Temp\ccffgXhW.s 			page 19


 934 0193 5F5F5465 		.ascii	"__TermCommandDescriptor__\000"
 934      726D436F 
 934      6D6D616E 
 934      64446573 
 934      63726970 
 935              	.LASF52:
 936 01ad 636F6D6D 		.ascii	"commandLength\000"
 936      616E644C 
 936      656E6774 
 936      6800
 937              	.LASF67:
 938 01bb 61726743 		.ascii	"argCount\000"
 938      6F756E74 
 938      00
 939              	.LASF17:
 940 01c4 666C6F61 		.ascii	"float\000"
 940      7400
 941              	.LASF46:
 942 01ca 5465726D 		.ascii	"TermCommandDescriptor\000"
 942      436F6D6D 
 942      616E6444 
 942      65736372 
 942      6970746F 
 943              	.LASF11:
 944 01e0 6C6F6E67 		.ascii	"long long int\000"
 944      206C6F6E 
 944      6720696E 
 944      7400
 945              	.LASF8:
 946 01ee 6C6F6E67 		.ascii	"long int\000"
 946      20696E74 
 946      00
 947              	.LASF38:
 948 01f7 68697374 		.ascii	"historyBuffer\000"
 948      6F727942 
 948      75666665 
 948      7200
 949              	.LASF24:
 950 0205 74736B54 		.ascii	"tskTaskControlBlock\000"
 950      61736B43 
 950      6F6E7472 
 950      6F6C426C 
 950      6F636B00 
 951              	.LASF4:
 952 0219 5F5F7569 		.ascii	"__uint8_t\000"
 952      6E74385F 
 952      7400
 953              	.LASF72:
 954 0223 52454749 		.ascii	"REGISTER_apps\000"
 954      53544552 
 954      5F617070 
 954      7300
 955              	.LASF57:
 956 0231 5465726D 		.ascii	"TermCommandFunction\000"
 956      436F6D6D 
 956      616E6446 
 956      756E6374 
ARM GAS  C:\Users\chemi\AppData\Local\Temp\ccffgXhW.s 			page 20


 956      696F6E00 
 957              	.LASF27:
 958 0245 696E7075 		.ascii	"inputBuffer\000"
 958      74427566 
 958      66657200 
 959              	.LASF2:
 960 0251 756E7369 		.ascii	"unsigned char\000"
 960      676E6564 
 960      20636861 
 960      7200
 961              	.LASF43:
 962 025f 6563686F 		.ascii	"echoEnabled\000"
 962      456E6162 
 962      6C656400 
 963              	.LASF41:
 964 026b 63757272 		.ascii	"currEscSeqPos\000"
 964      45736353 
 964      6571506F 
 964      7300
 965              	.LASF64:
 966 0279 7261775F 		.ascii	"raw_input\000"
 966      696E7075 
 966      7400
 967              	.LASF1:
 968 0283 7369676E 		.ascii	"signed char\000"
 968      65642063 
 968      68617200 
 969              	.LASF12:
 970 028f 6C6F6E67 		.ascii	"long long unsigned int\000"
 970      206C6F6E 
 970      6720756E 
 970      7369676E 
 970      65642069 
 971              	.LASF36:
 972 02a6 7072696E 		.ascii	"print\000"
 972      7400
 973              	.LASF16:
 974 02ac 75696E74 		.ascii	"uint32_t\000"
 974      33325F74 
 974      00
 975              	.LASF22:
 976 02b5 5461736B 		.ascii	"TaskHandle_t\000"
 976      48616E64 
 976      6C655F74 
 976      00
 977              	.LASF0:
 978 02c2 756E7369 		.ascii	"unsigned int\000"
 978      676E6564 
 978      20696E74 
 978      00
 979              	.LASF14:
 980 02cf 75696E74 		.ascii	"uint16_t\000"
 980      31365F74 
 980      00
 981              	.LASF37:
 982 02d8 63757272 		.ascii	"currUserName\000"
 982      55736572 
ARM GAS  C:\Users\chemi\AppData\Local\Temp\ccffgXhW.s 			page 21


 982      4E616D65 
 982      00
 983              	.LASF21:
 984 02e5 42617365 		.ascii	"BaseType_t\000"
 984      54797065 
 984      5F7400
 985              	.LASF66:
 986 02f0 61726773 		.ascii	"args\000"
 986      00
 987              	.LASF54:
 988 02f5 41434861 		.ascii	"ACHandler\000"
 988      6E646C65 
 988      7200
 989              	.LASF6:
 990 02ff 73686F72 		.ascii	"short unsigned int\000"
 990      7420756E 
 990      7369676E 
 990      65642069 
 990      6E7400
 991              	.LASF33:
 992 0312 6175746F 		.ascii	"autocompleteBuffer\000"
 992      636F6D70 
 992      6C657465 
 992      42756666 
 992      657200
 993              	.LASF19:
 994 0325 63686172 		.ascii	"char\000"
 994      00
 995              	.LASF49:
 996 032a 66756E63 		.ascii	"function\000"
 996      74696F6E 
 996      00
 997              	.LASF65:
 998 0333 696E7075 		.ascii	"inputStream\000"
 998      74537472 
 998      65616D00 
 999              	.LASF26:
 1000 033f 5445524D 		.ascii	"TERMINAL_HANDLE\000"
 1000      494E414C 
 1000      5F48414E 
 1000      444C4500 
 1001              	.LASF15:
 1002 034f 696E7433 		.ascii	"int32_t\000"
 1002      325F7400 
 1003              	.LASF35:
 1004 0357 6175746F 		.ascii	"autocompleteStart\000"
 1004      636F6D70 
 1004      6C657465 
 1004      53746172 
 1004      7400
 1005              	.LASF55:
 1006 0369 41435061 		.ascii	"ACParams\000"
 1006      72616D73 
 1006      00
 1007              	.LASF32:
 1008 0372 63757272 		.ascii	"currProgram\000"
 1008      50726F67 
ARM GAS  C:\Users\chemi\AppData\Local\Temp\ccffgXhW.s 			page 22


 1008      72616D00 
 1009              	.LASF75:
 1010 037e 52454749 		.ascii	"REGISTER_top\000"
 1010      53544552 
 1010      5F746F70 
 1010      00
 1011              	.LASF28:
 1012 038b 706F7274 		.ascii	"port\000"
 1012      00
 1013              	.LASF10:
 1014 0390 6C6F6E67 		.ascii	"long unsigned int\000"
 1014      20756E73 
 1014      69676E65 
 1014      6420696E 
 1014      7400
 1015              	.LASF58:
 1016 03a2 5465726D 		.ascii	"TermCommandInputHandler\000"
 1016      436F6D6D 
 1016      616E6449 
 1016      6E707574 
 1016      48616E64 
 1017              	.LASF18:
 1018 03ba 646F7562 		.ascii	"double\000"
 1018      6C6500
 1019              	.LASF70:
 1020 03c1 2E2E5C63 		.ascii	"..\\common\\tterm\\apps.c\000"
 1020      6F6D6D6F 
 1020      6E5C7474 
 1020      65726D5C 
 1020      61707073 
 1021              	.LASF7:
 1022 03d8 5F5F696E 		.ascii	"__int32_t\000"
 1022      7433325F 
 1022      7400
 1023              	.LASF23:
 1024 03e2 53747265 		.ascii	"StreamBufferHandle_t\000"
 1024      616D4275 
 1024      66666572 
 1024      48616E64 
 1024      6C655F74 
 1025              	.LASF62:
 1026 03f7 7461736B 		.ascii	"task\000"
 1026      00
 1027              	.LASF31:
 1028 03fc 63757272 		.ascii	"currAutocompleteCount\000"
 1028      4175746F 
 1028      636F6D70 
 1028      6C657465 
 1028      436F756E 
 1029              	.LASF56:
 1030 0412 6E657874 		.ascii	"nextCmd\000"
 1030      436D6400 
 1031              	.LASF74:
 1032 041a 49544D5F 		.ascii	"ITM_RxBuffer\000"
 1032      52784275 
 1032      66666572 
 1032      00
ARM GAS  C:\Users\chemi\AppData\Local\Temp\ccffgXhW.s 			page 23


 1033              	.LASF60:
 1034 0427 5465726D 		.ascii	"TermPrintHandler\000"
 1034      5072696E 
 1034      7448616E 
 1034      646C6572 
 1034      00
 1035              	.LASF71:
 1036 0438 433A5C55 		.ascii	"C:\\Users\\chemi\\UD3_QCW\\UD3_QFN.cydsn\000"
 1036      73657273 
 1036      5C636865 
 1036      6D695C55 
 1036      44335F51 
 1037              	.LASF29:
 1038 045d 63757272 		.ascii	"currBufferPosition\000"
 1038      42756666 
 1038      6572506F 
 1038      73697469 
 1038      6F6E00
 1039              	.LASF61:
 1040 0470 5465726D 		.ascii	"TermAutoCompHandler\000"
 1040      4175746F 
 1040      436F6D70 
 1040      48616E64 
 1040      6C657200 
 1041              	.LASF34:
 1042 0484 6175746F 		.ascii	"autocompleteBufferLength\000"
 1042      636F6D70 
 1042      6C657465 
 1042      42756666 
 1042      65724C65 
 1043              	.LASF50:
 1044 049d 636F6D6D 		.ascii	"command\000"
 1044      616E6400 
 1045              	.LASF53:
 1046 04a5 6D696E50 		.ascii	"minPermissionLevel\000"
 1046      65726D69 
 1046      7373696F 
 1046      6E4C6576 
 1046      656C00
 1047              	.LASF73:
 1048 04b8 64657363 		.ascii	"desc\000"
 1048      00
 1049              		.ident	"GCC: (GNU Tools for ARM Embedded Processors) 5.4.1 20160609 (release) [ARM/embedded-5-bran
