ARM GAS  C:\Users\chemi\AppData\Local\Temp\ccLUIJN4.s 			page 1


   1              		.syntax unified
   2              		.cpu cortex-m3
   3              		.fpu softvfp
   4              		.eabi_attribute 20, 1
   5              		.eabi_attribute 21, 1
   6              		.eabi_attribute 23, 3
   7              		.eabi_attribute 24, 1
   8              		.eabi_attribute 25, 1
   9              		.eabi_attribute 26, 1
  10              		.eabi_attribute 30, 4
  11              		.eabi_attribute 34, 1
  12              		.eabi_attribute 18, 4
  13              		.thumb
  14              		.syntax unified
  15              		.file	"croutine.c"
  16              		.text
  17              	.Ltext0:
  18              		.cfi_sections	.debug_frame
  19              	.Letext0:
  20              		.file 1 "c:\\program files (x86)\\cypress\\psoc creator\\4.4\\psoc creator\\import\\gnu\\arm\\5.4.
  21              		.file 2 "c:\\program files (x86)\\cypress\\psoc creator\\4.4\\psoc creator\\import\\gnu\\arm\\5.4.
  22              		.file 3 "Generated_Source\\PSoC5/core_cm3.h"
  23              		.section	.debug_info,"",%progbits
  24              	.Ldebug_info0:
  25 0000 A3000000 		.4byte	0xa3
  26 0004 0400     		.2byte	0x4
  27 0006 00000000 		.4byte	.Ldebug_abbrev0
  28 000a 04       		.byte	0x4
  29 000b 01       		.uleb128 0x1
  30 000c 2E000000 		.4byte	.LASF15
  31 0010 0C       		.byte	0xc
  32 0011 61010000 		.4byte	.LASF16
  33 0015 09010000 		.4byte	.LASF17
  34 0019 00000000 		.4byte	.Ldebug_line0
  35 001d 02       		.uleb128 0x2
  36 001e 04       		.byte	0x4
  37 001f 05       		.byte	0x5
  38 0020 696E7400 		.ascii	"int\000"
  39 0024 03       		.uleb128 0x3
  40 0025 04       		.byte	0x4
  41 0026 07       		.byte	0x7
  42 0027 21000000 		.4byte	.LASF0
  43 002b 03       		.uleb128 0x3
  44 002c 01       		.byte	0x1
  45 002d 06       		.byte	0x6
  46 002e 4B010000 		.4byte	.LASF1
  47 0032 03       		.uleb128 0x3
  48 0033 01       		.byte	0x1
  49 0034 08       		.byte	0x8
  50 0035 F6000000 		.4byte	.LASF2
  51 0039 03       		.uleb128 0x3
  52 003a 02       		.byte	0x2
  53 003b 05       		.byte	0x5
  54 003c 7B010000 		.4byte	.LASF3
  55 0040 03       		.uleb128 0x3
  56 0041 02       		.byte	0x2
  57 0042 07       		.byte	0x7
ARM GAS  C:\Users\chemi\AppData\Local\Temp\ccLUIJN4.s 			page 2


  58 0043 0E000000 		.4byte	.LASF4
  59 0047 04       		.uleb128 0x4
  60 0048 57010000 		.4byte	.LASF9
  61 004c 01       		.byte	0x1
  62 004d 3F       		.byte	0x3f
  63 004e 52000000 		.4byte	0x52
  64 0052 03       		.uleb128 0x3
  65 0053 04       		.byte	0x4
  66 0054 05       		.byte	0x5
  67 0055 2E010000 		.4byte	.LASF5
  68 0059 03       		.uleb128 0x3
  69 005a 04       		.byte	0x4
  70 005b 07       		.byte	0x7
  71 005c C7000000 		.4byte	.LASF6
  72 0060 03       		.uleb128 0x3
  73 0061 08       		.byte	0x8
  74 0062 05       		.byte	0x5
  75 0063 00000000 		.4byte	.LASF7
  76 0067 03       		.uleb128 0x3
  77 0068 08       		.byte	0x8
  78 0069 07       		.byte	0x7
  79 006a D9000000 		.4byte	.LASF8
  80 006e 04       		.uleb128 0x4
  81 006f 85010000 		.4byte	.LASF10
  82 0073 02       		.byte	0x2
  83 0074 2C       		.byte	0x2c
  84 0075 47000000 		.4byte	0x47
  85 0079 03       		.uleb128 0x3
  86 007a 04       		.byte	0x4
  87 007b 04       		.byte	0x4
  88 007c F0000000 		.4byte	.LASF11
  89 0080 03       		.uleb128 0x3
  90 0081 08       		.byte	0x8
  91 0082 04       		.byte	0x4
  92 0083 37010000 		.4byte	.LASF12
  93 0087 03       		.uleb128 0x3
  94 0088 01       		.byte	0x1
  95 0089 08       		.byte	0x8
  96 008a 04010000 		.4byte	.LASF13
  97 008e 03       		.uleb128 0x3
  98 008f 04       		.byte	0x4
  99 0090 07       		.byte	0x7
 100 0091 8D010000 		.4byte	.LASF14
 101 0095 05       		.uleb128 0x5
 102 0096 3E010000 		.4byte	.LASF18
 103 009a 03       		.byte	0x3
 104 009b 1207     		.2byte	0x712
 105 009d A1000000 		.4byte	0xa1
 106 00a1 06       		.uleb128 0x6
 107 00a2 6E000000 		.4byte	0x6e
 108 00a6 00       		.byte	0
 109              		.section	.debug_abbrev,"",%progbits
 110              	.Ldebug_abbrev0:
 111 0000 01       		.uleb128 0x1
 112 0001 11       		.uleb128 0x11
 113 0002 01       		.byte	0x1
 114 0003 25       		.uleb128 0x25
ARM GAS  C:\Users\chemi\AppData\Local\Temp\ccLUIJN4.s 			page 3


 115 0004 0E       		.uleb128 0xe
 116 0005 13       		.uleb128 0x13
 117 0006 0B       		.uleb128 0xb
 118 0007 03       		.uleb128 0x3
 119 0008 0E       		.uleb128 0xe
 120 0009 1B       		.uleb128 0x1b
 121 000a 0E       		.uleb128 0xe
 122 000b 10       		.uleb128 0x10
 123 000c 17       		.uleb128 0x17
 124 000d 00       		.byte	0
 125 000e 00       		.byte	0
 126 000f 02       		.uleb128 0x2
 127 0010 24       		.uleb128 0x24
 128 0011 00       		.byte	0
 129 0012 0B       		.uleb128 0xb
 130 0013 0B       		.uleb128 0xb
 131 0014 3E       		.uleb128 0x3e
 132 0015 0B       		.uleb128 0xb
 133 0016 03       		.uleb128 0x3
 134 0017 08       		.uleb128 0x8
 135 0018 00       		.byte	0
 136 0019 00       		.byte	0
 137 001a 03       		.uleb128 0x3
 138 001b 24       		.uleb128 0x24
 139 001c 00       		.byte	0
 140 001d 0B       		.uleb128 0xb
 141 001e 0B       		.uleb128 0xb
 142 001f 3E       		.uleb128 0x3e
 143 0020 0B       		.uleb128 0xb
 144 0021 03       		.uleb128 0x3
 145 0022 0E       		.uleb128 0xe
 146 0023 00       		.byte	0
 147 0024 00       		.byte	0
 148 0025 04       		.uleb128 0x4
 149 0026 16       		.uleb128 0x16
 150 0027 00       		.byte	0
 151 0028 03       		.uleb128 0x3
 152 0029 0E       		.uleb128 0xe
 153 002a 3A       		.uleb128 0x3a
 154 002b 0B       		.uleb128 0xb
 155 002c 3B       		.uleb128 0x3b
 156 002d 0B       		.uleb128 0xb
 157 002e 49       		.uleb128 0x49
 158 002f 13       		.uleb128 0x13
 159 0030 00       		.byte	0
 160 0031 00       		.byte	0
 161 0032 05       		.uleb128 0x5
 162 0033 34       		.uleb128 0x34
 163 0034 00       		.byte	0
 164 0035 03       		.uleb128 0x3
 165 0036 0E       		.uleb128 0xe
 166 0037 3A       		.uleb128 0x3a
 167 0038 0B       		.uleb128 0xb
 168 0039 3B       		.uleb128 0x3b
 169 003a 05       		.uleb128 0x5
 170 003b 49       		.uleb128 0x49
 171 003c 13       		.uleb128 0x13
ARM GAS  C:\Users\chemi\AppData\Local\Temp\ccLUIJN4.s 			page 4


 172 003d 3F       		.uleb128 0x3f
 173 003e 19       		.uleb128 0x19
 174 003f 3C       		.uleb128 0x3c
 175 0040 19       		.uleb128 0x19
 176 0041 00       		.byte	0
 177 0042 00       		.byte	0
 178 0043 06       		.uleb128 0x6
 179 0044 35       		.uleb128 0x35
 180 0045 00       		.byte	0
 181 0046 49       		.uleb128 0x49
 182 0047 13       		.uleb128 0x13
 183 0048 00       		.byte	0
 184 0049 00       		.byte	0
 185 004a 00       		.byte	0
 186              		.section	.debug_aranges,"",%progbits
 187 0000 14000000 		.4byte	0x14
 188 0004 0200     		.2byte	0x2
 189 0006 00000000 		.4byte	.Ldebug_info0
 190 000a 04       		.byte	0x4
 191 000b 00       		.byte	0
 192 000c 0000     		.2byte	0
 193 000e 0000     		.2byte	0
 194 0010 00000000 		.4byte	0
 195 0014 00000000 		.4byte	0
 196              		.section	.debug_line,"",%progbits
 197              	.Ldebug_line0:
 198 0000 3B010000 		.section	.debug_str,"MS",%progbits,1
 198      02003501 
 198      00000201 
 198      FB0E0D00 
 198      01010101 
 199              	.LASF7:
 200 0000 6C6F6E67 		.ascii	"long long int\000"
 200      206C6F6E 
 200      6720696E 
 200      7400
 201              	.LASF4:
 202 000e 73686F72 		.ascii	"short unsigned int\000"
 202      7420756E 
 202      7369676E 
 202      65642069 
 202      6E7400
 203              	.LASF0:
 204 0021 756E7369 		.ascii	"unsigned int\000"
 204      676E6564 
 204      20696E74 
 204      00
 205              	.LASF15:
 206 002e 474E5520 		.ascii	"GNU C99 5.4.1 20160609 (release) [ARM/embedded-5-br"
 206      43393920 
 206      352E342E 
 206      31203230 
 206      31363036 
 207 0061 616E6368 		.ascii	"anch revision 237715] -mcpu=cortex-m3 -mthumb -g -O"
 207      20726576 
 207      6973696F 
 207      6E203233 
ARM GAS  C:\Users\chemi\AppData\Local\Temp\ccLUIJN4.s 			page 5


 207      37373135 
 208 0094 73202D73 		.ascii	"s -std=gnu99 -ffunction-sections -ffat-lto-objects\000"
 208      74643D67 
 208      6E753939 
 208      202D6666 
 208      756E6374 
 209              	.LASF6:
 210 00c7 6C6F6E67 		.ascii	"long unsigned int\000"
 210      20756E73 
 210      69676E65 
 210      6420696E 
 210      7400
 211              	.LASF8:
 212 00d9 6C6F6E67 		.ascii	"long long unsigned int\000"
 212      206C6F6E 
 212      6720756E 
 212      7369676E 
 212      65642069 
 213              	.LASF11:
 214 00f0 666C6F61 		.ascii	"float\000"
 214      7400
 215              	.LASF2:
 216 00f6 756E7369 		.ascii	"unsigned char\000"
 216      676E6564 
 216      20636861 
 216      7200
 217              	.LASF13:
 218 0104 63686172 		.ascii	"char\000"
 218      00
 219              	.LASF17:
 220 0109 433A5C55 		.ascii	"C:\\Users\\chemi\\UD3_QCW\\UD3_QFN.cydsn\000"
 220      73657273 
 220      5C636865 
 220      6D695C55 
 220      44335F51 
 221              	.LASF5:
 222 012e 6C6F6E67 		.ascii	"long int\000"
 222      20696E74 
 222      00
 223              	.LASF12:
 224 0137 646F7562 		.ascii	"double\000"
 224      6C6500
 225              	.LASF18:
 226 013e 49544D5F 		.ascii	"ITM_RxBuffer\000"
 226      52784275 
 226      66666572 
 226      00
 227              	.LASF1:
 228 014b 7369676E 		.ascii	"signed char\000"
 228      65642063 
 228      68617200 
 229              	.LASF9:
 230 0157 5F5F696E 		.ascii	"__int32_t\000"
 230      7433325F 
 230      7400
 231              	.LASF16:
 232 0161 2E2E5C63 		.ascii	"..\\common\\rtos\\croutine.c\000"
ARM GAS  C:\Users\chemi\AppData\Local\Temp\ccLUIJN4.s 			page 6


 232      6F6D6D6F 
 232      6E5C7274 
 232      6F735C63 
 232      726F7574 
 233              	.LASF3:
 234 017b 73686F72 		.ascii	"short int\000"
 234      7420696E 
 234      7400
 235              	.LASF10:
 236 0185 696E7433 		.ascii	"int32_t\000"
 236      325F7400 
 237              	.LASF14:
 238 018d 73697A65 		.ascii	"sizetype\000"
 238      74797065 
 238      00
 239              		.ident	"GCC: (GNU Tools for ARM Embedded Processors) 5.4.1 20160609 (release) [ARM/embedded-5-bran
