ARM GAS  C:\Users\chemi\AppData\Local\Temp\ccnSQXmF.s 			page 1


   1              		.syntax unified
   2              		.cpu cortex-m3
   3              		.fpu softvfp
   4              		.eabi_attribute 20, 1
   5              		.eabi_attribute 21, 1
   6              		.eabi_attribute 23, 3
   7              		.eabi_attribute 24, 1
   8              		.eabi_attribute 25, 1
   9              		.eabi_attribute 26, 1
  10              		.eabi_attribute 30, 4
  11              		.eabi_attribute 34, 1
  12              		.eabi_attribute 18, 4
  13              		.thumb
  14              		.syntax unified
  15              		.file	"CT1_comp_PM.c"
  16              		.text
  17              	.Ltext0:
  18              		.cfi_sections	.debug_frame
  19              		.section	.text.CT1_comp_SaveConfig,"ax",%progbits
  20              		.align	1
  21              		.global	CT1_comp_SaveConfig
  22              		.thumb
  23              		.thumb_func
  24              		.type	CT1_comp_SaveConfig, %function
  25              	CT1_comp_SaveConfig:
  26              	.LFB5:
  27              		.cfi_startproc
  28              		@ args = 0, pretend = 0, frame = 0
  29              		@ frame_needed = 0, uses_anonymous_args = 0
  30              		@ link register save eliminated.
  31 0000 7047     		bx	lr
  32              		.cfi_endproc
  33              	.LFE5:
  34              		.size	CT1_comp_SaveConfig, .-CT1_comp_SaveConfig
  35              		.section	.text.CT1_comp_RestoreConfig,"ax",%progbits
  36              		.align	1
  37              		.global	CT1_comp_RestoreConfig
  38              		.thumb
  39              		.thumb_func
  40              		.type	CT1_comp_RestoreConfig, %function
  41              	CT1_comp_RestoreConfig:
  42              	.LFB1:
  43              		.file 1 "Generated_Source\\PSoC5\\CT1_comp_PM.c"
   1:Generated_Source\PSoC5/CT1_comp_PM.c **** /*******************************************************************************
   2:Generated_Source\PSoC5/CT1_comp_PM.c **** * File Name: CT1_comp.c
   3:Generated_Source\PSoC5/CT1_comp_PM.c **** * Version 2.0
   4:Generated_Source\PSoC5/CT1_comp_PM.c **** *
   5:Generated_Source\PSoC5/CT1_comp_PM.c **** * Description:
   6:Generated_Source\PSoC5/CT1_comp_PM.c **** *  This file provides the power management source code APIs for the
   7:Generated_Source\PSoC5/CT1_comp_PM.c **** *  Comparator.
   8:Generated_Source\PSoC5/CT1_comp_PM.c **** *
   9:Generated_Source\PSoC5/CT1_comp_PM.c **** * Note:
  10:Generated_Source\PSoC5/CT1_comp_PM.c **** *  None
  11:Generated_Source\PSoC5/CT1_comp_PM.c **** *
  12:Generated_Source\PSoC5/CT1_comp_PM.c **** ********************************************************************************
  13:Generated_Source\PSoC5/CT1_comp_PM.c **** * Copyright 2008-2012, Cypress Semiconductor Corporation.  All rights reserved.
  14:Generated_Source\PSoC5/CT1_comp_PM.c **** * You may use this file only in accordance with the license, terms, conditions, 
ARM GAS  C:\Users\chemi\AppData\Local\Temp\ccnSQXmF.s 			page 2


  15:Generated_Source\PSoC5/CT1_comp_PM.c **** * disclaimers, and limitations in the end user license agreement accompanying 
  16:Generated_Source\PSoC5/CT1_comp_PM.c **** * the software package with which this file was provided.
  17:Generated_Source\PSoC5/CT1_comp_PM.c **** *******************************************************************************/
  18:Generated_Source\PSoC5/CT1_comp_PM.c **** 
  19:Generated_Source\PSoC5/CT1_comp_PM.c **** #include "CT1_comp.h"
  20:Generated_Source\PSoC5/CT1_comp_PM.c **** 
  21:Generated_Source\PSoC5/CT1_comp_PM.c **** static CT1_comp_backupStruct CT1_comp_backup;
  22:Generated_Source\PSoC5/CT1_comp_PM.c **** 
  23:Generated_Source\PSoC5/CT1_comp_PM.c **** 
  24:Generated_Source\PSoC5/CT1_comp_PM.c **** /*******************************************************************************
  25:Generated_Source\PSoC5/CT1_comp_PM.c **** * Function Name: CT1_comp_SaveConfig
  26:Generated_Source\PSoC5/CT1_comp_PM.c **** ********************************************************************************
  27:Generated_Source\PSoC5/CT1_comp_PM.c **** *
  28:Generated_Source\PSoC5/CT1_comp_PM.c **** * Summary:
  29:Generated_Source\PSoC5/CT1_comp_PM.c **** *  Save the current user configuration
  30:Generated_Source\PSoC5/CT1_comp_PM.c **** *
  31:Generated_Source\PSoC5/CT1_comp_PM.c **** * Parameters:
  32:Generated_Source\PSoC5/CT1_comp_PM.c **** *  void:
  33:Generated_Source\PSoC5/CT1_comp_PM.c **** *
  34:Generated_Source\PSoC5/CT1_comp_PM.c **** * Return:
  35:Generated_Source\PSoC5/CT1_comp_PM.c **** *  void
  36:Generated_Source\PSoC5/CT1_comp_PM.c **** *
  37:Generated_Source\PSoC5/CT1_comp_PM.c **** *******************************************************************************/
  38:Generated_Source\PSoC5/CT1_comp_PM.c **** void CT1_comp_SaveConfig(void) 
  39:Generated_Source\PSoC5/CT1_comp_PM.c **** {
  40:Generated_Source\PSoC5/CT1_comp_PM.c ****     /* Empty since all are system reset for retention flops */
  41:Generated_Source\PSoC5/CT1_comp_PM.c **** }
  42:Generated_Source\PSoC5/CT1_comp_PM.c **** 
  43:Generated_Source\PSoC5/CT1_comp_PM.c **** 
  44:Generated_Source\PSoC5/CT1_comp_PM.c **** /*******************************************************************************
  45:Generated_Source\PSoC5/CT1_comp_PM.c **** * Function Name: CT1_comp_RestoreConfig
  46:Generated_Source\PSoC5/CT1_comp_PM.c **** ********************************************************************************
  47:Generated_Source\PSoC5/CT1_comp_PM.c **** *
  48:Generated_Source\PSoC5/CT1_comp_PM.c **** * Summary:
  49:Generated_Source\PSoC5/CT1_comp_PM.c **** *  Restores the current user configuration.
  50:Generated_Source\PSoC5/CT1_comp_PM.c **** *
  51:Generated_Source\PSoC5/CT1_comp_PM.c **** * Parameters:
  52:Generated_Source\PSoC5/CT1_comp_PM.c **** *  void
  53:Generated_Source\PSoC5/CT1_comp_PM.c **** *
  54:Generated_Source\PSoC5/CT1_comp_PM.c **** * Return:
  55:Generated_Source\PSoC5/CT1_comp_PM.c **** *  void
  56:Generated_Source\PSoC5/CT1_comp_PM.c **** *
  57:Generated_Source\PSoC5/CT1_comp_PM.c **** ********************************************************************************/
  58:Generated_Source\PSoC5/CT1_comp_PM.c **** void CT1_comp_RestoreConfig(void) 
  59:Generated_Source\PSoC5/CT1_comp_PM.c **** {
  44              		.loc 1 59 0
  45              		.cfi_startproc
  46              		@ args = 0, pretend = 0, frame = 0
  47              		@ frame_needed = 0, uses_anonymous_args = 0
  48              		@ link register save eliminated.
  49 0000 7047     		bx	lr
  50              		.cfi_endproc
  51              	.LFE1:
  52              		.size	CT1_comp_RestoreConfig, .-CT1_comp_RestoreConfig
  53              		.section	.text.CT1_comp_Sleep,"ax",%progbits
  54              		.align	1
  55              		.global	CT1_comp_Sleep
ARM GAS  C:\Users\chemi\AppData\Local\Temp\ccnSQXmF.s 			page 3


  56              		.thumb
  57              		.thumb_func
  58              		.type	CT1_comp_Sleep, %function
  59              	CT1_comp_Sleep:
  60              	.LFB2:
  60:Generated_Source\PSoC5/CT1_comp_PM.c ****     /* Empty since all are system reset for retention flops */    
  61:Generated_Source\PSoC5/CT1_comp_PM.c **** }
  62:Generated_Source\PSoC5/CT1_comp_PM.c **** 
  63:Generated_Source\PSoC5/CT1_comp_PM.c **** 
  64:Generated_Source\PSoC5/CT1_comp_PM.c **** /*******************************************************************************
  65:Generated_Source\PSoC5/CT1_comp_PM.c **** * Function Name: CT1_comp_Sleep
  66:Generated_Source\PSoC5/CT1_comp_PM.c **** ********************************************************************************
  67:Generated_Source\PSoC5/CT1_comp_PM.c **** *
  68:Generated_Source\PSoC5/CT1_comp_PM.c **** * Summary:
  69:Generated_Source\PSoC5/CT1_comp_PM.c **** *  Stop and Save the user configuration
  70:Generated_Source\PSoC5/CT1_comp_PM.c **** *
  71:Generated_Source\PSoC5/CT1_comp_PM.c **** * Parameters:
  72:Generated_Source\PSoC5/CT1_comp_PM.c **** *  void:
  73:Generated_Source\PSoC5/CT1_comp_PM.c **** *
  74:Generated_Source\PSoC5/CT1_comp_PM.c **** * Return:
  75:Generated_Source\PSoC5/CT1_comp_PM.c **** *  void
  76:Generated_Source\PSoC5/CT1_comp_PM.c **** *
  77:Generated_Source\PSoC5/CT1_comp_PM.c **** * Global variables:
  78:Generated_Source\PSoC5/CT1_comp_PM.c **** *  CT1_comp_backup.enableState:  Is modified depending on the enable 
  79:Generated_Source\PSoC5/CT1_comp_PM.c **** *   state of the block before entering sleep mode.
  80:Generated_Source\PSoC5/CT1_comp_PM.c **** *
  81:Generated_Source\PSoC5/CT1_comp_PM.c **** *******************************************************************************/
  82:Generated_Source\PSoC5/CT1_comp_PM.c **** void CT1_comp_Sleep(void) 
  83:Generated_Source\PSoC5/CT1_comp_PM.c **** {
  61              		.loc 1 83 0
  62              		.cfi_startproc
  63              		@ args = 0, pretend = 0, frame = 0
  64              		@ frame_needed = 0, uses_anonymous_args = 0
  65              		@ link register save eliminated.
  84:Generated_Source\PSoC5/CT1_comp_PM.c ****     /* Save Comp's enable state */    
  85:Generated_Source\PSoC5/CT1_comp_PM.c ****     if(CT1_comp_ACT_PWR_EN == (CT1_comp_PWRMGR & CT1_comp_ACT_PWR_EN))
  66              		.loc 1 85 0
  67 0000 064B     		ldr	r3, .L7
  68 0002 074A     		ldr	r2, .L7+4
  69 0004 1B78     		ldrb	r3, [r3]	@ zero_extendqisi2
  70 0006 03F00203 		and	r3, r3, #2
  71 000a 03F0FF01 		and	r1, r3, #255
  72 000e 13B1     		cbz	r3, .L4
  86:Generated_Source\PSoC5/CT1_comp_PM.c ****     {
  87:Generated_Source\PSoC5/CT1_comp_PM.c ****         /* Comp is enabled */
  88:Generated_Source\PSoC5/CT1_comp_PM.c ****         CT1_comp_backup.enableState = 1u;
  73              		.loc 1 88 0
  74 0010 0123     		movs	r3, #1
  75 0012 1370     		strb	r3, [r2]
  76 0014 00E0     		b	.L5
  77              	.L4:
  89:Generated_Source\PSoC5/CT1_comp_PM.c ****     }
  90:Generated_Source\PSoC5/CT1_comp_PM.c ****     else
  91:Generated_Source\PSoC5/CT1_comp_PM.c ****     {
  92:Generated_Source\PSoC5/CT1_comp_PM.c ****         /* Comp is disabled */
  93:Generated_Source\PSoC5/CT1_comp_PM.c ****         CT1_comp_backup.enableState = 0u;
  78              		.loc 1 93 0
ARM GAS  C:\Users\chemi\AppData\Local\Temp\ccnSQXmF.s 			page 4


  79 0016 1170     		strb	r1, [r2]
  80              	.L5:
  94:Generated_Source\PSoC5/CT1_comp_PM.c ****     }    
  95:Generated_Source\PSoC5/CT1_comp_PM.c ****     
  96:Generated_Source\PSoC5/CT1_comp_PM.c ****     CT1_comp_Stop();
  81              		.loc 1 96 0
  82 0018 FFF7FEBF 		b	CT1_comp_Stop
  83              	.LVL0:
  84              	.L8:
  85              		.align	2
  86              	.L7:
  87 001c A7430040 		.word	1073759143
  88 0020 00000000 		.word	.LANCHOR0
  89              		.cfi_endproc
  90              	.LFE2:
  91              		.size	CT1_comp_Sleep, .-CT1_comp_Sleep
  92              		.section	.text.CT1_comp_Wakeup,"ax",%progbits
  93              		.align	1
  94              		.global	CT1_comp_Wakeup
  95              		.thumb
  96              		.thumb_func
  97              		.type	CT1_comp_Wakeup, %function
  98              	CT1_comp_Wakeup:
  99              	.LFB3:
  97:Generated_Source\PSoC5/CT1_comp_PM.c ****     CT1_comp_SaveConfig();
  98:Generated_Source\PSoC5/CT1_comp_PM.c **** }
  99:Generated_Source\PSoC5/CT1_comp_PM.c **** 
 100:Generated_Source\PSoC5/CT1_comp_PM.c **** 
 101:Generated_Source\PSoC5/CT1_comp_PM.c **** /*******************************************************************************
 102:Generated_Source\PSoC5/CT1_comp_PM.c **** * Function Name: CT1_comp_Wakeup
 103:Generated_Source\PSoC5/CT1_comp_PM.c **** ********************************************************************************
 104:Generated_Source\PSoC5/CT1_comp_PM.c **** *
 105:Generated_Source\PSoC5/CT1_comp_PM.c **** * Summary:
 106:Generated_Source\PSoC5/CT1_comp_PM.c **** *  Restores and enables the user configuration
 107:Generated_Source\PSoC5/CT1_comp_PM.c **** *  
 108:Generated_Source\PSoC5/CT1_comp_PM.c **** * Parameters:
 109:Generated_Source\PSoC5/CT1_comp_PM.c **** *  void
 110:Generated_Source\PSoC5/CT1_comp_PM.c **** *
 111:Generated_Source\PSoC5/CT1_comp_PM.c **** * Return:
 112:Generated_Source\PSoC5/CT1_comp_PM.c **** *  void
 113:Generated_Source\PSoC5/CT1_comp_PM.c **** *
 114:Generated_Source\PSoC5/CT1_comp_PM.c **** * Global variables:
 115:Generated_Source\PSoC5/CT1_comp_PM.c **** *  CT1_comp_backup.enableState:  Is used to restore the enable state of 
 116:Generated_Source\PSoC5/CT1_comp_PM.c **** *  block on wakeup from sleep mode.
 117:Generated_Source\PSoC5/CT1_comp_PM.c **** *
 118:Generated_Source\PSoC5/CT1_comp_PM.c **** *******************************************************************************/
 119:Generated_Source\PSoC5/CT1_comp_PM.c **** void CT1_comp_Wakeup(void) 
 120:Generated_Source\PSoC5/CT1_comp_PM.c **** {
 100              		.loc 1 120 0
 101              		.cfi_startproc
 102              		@ args = 0, pretend = 0, frame = 0
 103              		@ frame_needed = 0, uses_anonymous_args = 0
 104              		@ link register save eliminated.
 121:Generated_Source\PSoC5/CT1_comp_PM.c ****     CT1_comp_RestoreConfig();
 122:Generated_Source\PSoC5/CT1_comp_PM.c ****     
 123:Generated_Source\PSoC5/CT1_comp_PM.c ****     if(CT1_comp_backup.enableState == 1u)
 105              		.loc 1 123 0
ARM GAS  C:\Users\chemi\AppData\Local\Temp\ccnSQXmF.s 			page 5


 106 0000 034B     		ldr	r3, .L11
 107 0002 1B78     		ldrb	r3, [r3]	@ zero_extendqisi2
 108 0004 012B     		cmp	r3, #1
 109 0006 01D1     		bne	.L9
 124:Generated_Source\PSoC5/CT1_comp_PM.c ****     {
 125:Generated_Source\PSoC5/CT1_comp_PM.c ****         /* Enable Comp's operation */
 126:Generated_Source\PSoC5/CT1_comp_PM.c ****         CT1_comp_Enable();
 110              		.loc 1 126 0
 111 0008 FFF7FEBF 		b	CT1_comp_Enable
 112              	.LVL1:
 113              	.L9:
 114 000c 7047     		bx	lr
 115              	.L12:
 116 000e 00BF     		.align	2
 117              	.L11:
 118 0010 00000000 		.word	.LANCHOR0
 119              		.cfi_endproc
 120              	.LFE3:
 121              		.size	CT1_comp_Wakeup, .-CT1_comp_Wakeup
 122              		.bss
 123              		.set	.LANCHOR0,. + 0
 124              		.type	CT1_comp_backup, %object
 125              		.size	CT1_comp_backup, 1
 126              	CT1_comp_backup:
 127 0000 00       		.space	1
 128              		.text
 129              	.Letext0:
 130              		.file 2 "Generated_Source\\PSoC5\\cytypes.h"
 131              		.file 3 "Generated_Source\\PSoC5\\CT1_comp.h"
 132              		.section	.debug_info,"",%progbits
 133              	.Ldebug_info0:
 134 0000 45010000 		.4byte	0x145
 135 0004 0400     		.2byte	0x4
 136 0006 00000000 		.4byte	.Ldebug_abbrev0
 137 000a 04       		.byte	0x4
 138 000b 01       		.uleb128 0x1
 139 000c 45000000 		.4byte	.LASF22
 140 0010 0C       		.byte	0xc
 141 0011 E4010000 		.4byte	.LASF23
 142 0015 59010000 		.4byte	.LASF24
 143 0019 00000000 		.4byte	.Ldebug_ranges0+0
 144 001d 00000000 		.4byte	0
 145 0021 00000000 		.4byte	.Ldebug_line0
 146 0025 02       		.uleb128 0x2
 147 0026 01       		.byte	0x1
 148 0027 06       		.byte	0x6
 149 0028 D2010000 		.4byte	.LASF0
 150 002c 02       		.uleb128 0x2
 151 002d 01       		.byte	0x1
 152 002e 08       		.byte	0x8
 153 002f 46010000 		.4byte	.LASF1
 154 0033 02       		.uleb128 0x2
 155 0034 02       		.byte	0x2
 156 0035 05       		.byte	0x5
 157 0036 0E010000 		.4byte	.LASF2
 158 003a 02       		.uleb128 0x2
 159 003b 02       		.byte	0x2
ARM GAS  C:\Users\chemi\AppData\Local\Temp\ccnSQXmF.s 			page 6


 160 003c 07       		.byte	0x7
 161 003d BF010000 		.4byte	.LASF3
 162 0041 02       		.uleb128 0x2
 163 0042 04       		.byte	0x4
 164 0043 05       		.byte	0x5
 165 0044 8E010000 		.4byte	.LASF4
 166 0048 02       		.uleb128 0x2
 167 0049 04       		.byte	0x4
 168 004a 07       		.byte	0x7
 169 004b A6010000 		.4byte	.LASF5
 170 004f 02       		.uleb128 0x2
 171 0050 08       		.byte	0x8
 172 0051 05       		.byte	0x5
 173 0052 00000000 		.4byte	.LASF6
 174 0056 02       		.uleb128 0x2
 175 0057 08       		.byte	0x8
 176 0058 07       		.byte	0x7
 177 0059 18010000 		.4byte	.LASF7
 178 005d 03       		.uleb128 0x3
 179 005e 04       		.byte	0x4
 180 005f 05       		.byte	0x5
 181 0060 696E7400 		.ascii	"int\000"
 182 0064 02       		.uleb128 0x2
 183 0065 04       		.byte	0x4
 184 0066 07       		.byte	0x7
 185 0067 28000000 		.4byte	.LASF8
 186 006b 04       		.uleb128 0x4
 187 006c F4000000 		.4byte	.LASF12
 188 0070 02       		.byte	0x2
 189 0071 9201     		.2byte	0x192
 190 0073 2C000000 		.4byte	0x2c
 191 0077 02       		.uleb128 0x2
 192 0078 04       		.byte	0x4
 193 0079 04       		.byte	0x4
 194 007a DE010000 		.4byte	.LASF9
 195 007e 02       		.uleb128 0x2
 196 007f 08       		.byte	0x8
 197 0080 04       		.byte	0x4
 198 0081 B8010000 		.4byte	.LASF10
 199 0085 02       		.uleb128 0x2
 200 0086 01       		.byte	0x1
 201 0087 08       		.byte	0x8
 202 0088 54010000 		.4byte	.LASF11
 203 008c 04       		.uleb128 0x4
 204 008d 19020000 		.4byte	.LASF13
 205 0091 02       		.byte	0x2
 206 0092 3C02     		.2byte	0x23c
 207 0094 98000000 		.4byte	0x98
 208 0098 05       		.uleb128 0x5
 209 0099 6B000000 		.4byte	0x6b
 210 009d 02       		.uleb128 0x2
 211 009e 04       		.byte	0x4
 212 009f 07       		.byte	0x7
 213 00a0 1E020000 		.4byte	.LASF14
 214 00a4 06       		.uleb128 0x6
 215 00a5 01       		.byte	0x1
 216 00a6 03       		.byte	0x3
ARM GAS  C:\Users\chemi\AppData\Local\Temp\ccnSQXmF.s 			page 7


 217 00a7 29       		.byte	0x29
 218 00a8 B9000000 		.4byte	0xb9
 219 00ac 07       		.uleb128 0x7
 220 00ad 1C000000 		.4byte	.LASF25
 221 00b1 03       		.byte	0x3
 222 00b2 2B       		.byte	0x2b
 223 00b3 6B000000 		.4byte	0x6b
 224 00b7 00       		.byte	0
 225 00b8 00       		.byte	0
 226 00b9 08       		.uleb128 0x8
 227 00ba DE000000 		.4byte	.LASF15
 228 00be 03       		.byte	0x3
 229 00bf 2D       		.byte	0x2d
 230 00c0 A4000000 		.4byte	0xa4
 231 00c4 09       		.uleb128 0x9
 232 00c5 FA000000 		.4byte	.LASF16
 233 00c9 01       		.byte	0x1
 234 00ca 26       		.byte	0x26
 235 00cb 01       		.byte	0x1
 236 00cc 09       		.uleb128 0x9
 237 00cd 2F010000 		.4byte	.LASF17
 238 00d1 01       		.byte	0x1
 239 00d2 3A       		.byte	0x3a
 240 00d3 01       		.byte	0x1
 241 00d4 0A       		.uleb128 0xa
 242 00d5 CC000000 		.4byte	0xcc
 243 00d9 00000000 		.4byte	.LFB1
 244 00dd 02000000 		.4byte	.LFE1-.LFB1
 245 00e1 01       		.uleb128 0x1
 246 00e2 9C       		.byte	0x9c
 247 00e3 0B       		.uleb128 0xb
 248 00e4 97010000 		.4byte	.LASF18
 249 00e8 01       		.byte	0x1
 250 00e9 52       		.byte	0x52
 251 00ea 00000000 		.4byte	.LFB2
 252 00ee 24000000 		.4byte	.LFE2-.LFB2
 253 00f2 01       		.uleb128 0x1
 254 00f3 9C       		.byte	0x9c
 255 00f4 02010000 		.4byte	0x102
 256 00f8 0C       		.uleb128 0xc
 257 00f9 1C000000 		.4byte	.LVL0
 258 00fd 32010000 		.4byte	0x132
 259 0101 00       		.byte	0
 260 0102 0B       		.uleb128 0xb
 261 0103 35000000 		.4byte	.LASF19
 262 0107 01       		.byte	0x1
 263 0108 77       		.byte	0x77
 264 0109 00000000 		.4byte	.LFB3
 265 010d 14000000 		.4byte	.LFE3-.LFB3
 266 0111 01       		.uleb128 0x1
 267 0112 9C       		.byte	0x9c
 268 0113 21010000 		.4byte	0x121
 269 0117 0C       		.uleb128 0xc
 270 0118 0C000000 		.4byte	.LVL1
 271 011c 3D010000 		.4byte	0x13d
 272 0120 00       		.byte	0
 273 0121 0D       		.uleb128 0xd
ARM GAS  C:\Users\chemi\AppData\Local\Temp\ccnSQXmF.s 			page 8


 274 0122 7E010000 		.4byte	.LASF26
 275 0126 01       		.byte	0x1
 276 0127 15       		.byte	0x15
 277 0128 B9000000 		.4byte	0xb9
 278 012c 05       		.uleb128 0x5
 279 012d 03       		.byte	0x3
 280 012e 00000000 		.4byte	CT1_comp_backup
 281 0132 0E       		.uleb128 0xe
 282 0133 0E000000 		.4byte	.LASF20
 283 0137 0E000000 		.4byte	.LASF20
 284 013b 03       		.byte	0x3
 285 013c 40       		.byte	0x40
 286 013d 0E       		.uleb128 0xe
 287 013e 09020000 		.4byte	.LASF21
 288 0142 09020000 		.4byte	.LASF21
 289 0146 03       		.byte	0x3
 290 0147 46       		.byte	0x46
 291 0148 00       		.byte	0
 292              		.section	.debug_abbrev,"",%progbits
 293              	.Ldebug_abbrev0:
 294 0000 01       		.uleb128 0x1
 295 0001 11       		.uleb128 0x11
 296 0002 01       		.byte	0x1
 297 0003 25       		.uleb128 0x25
 298 0004 0E       		.uleb128 0xe
 299 0005 13       		.uleb128 0x13
 300 0006 0B       		.uleb128 0xb
 301 0007 03       		.uleb128 0x3
 302 0008 0E       		.uleb128 0xe
 303 0009 1B       		.uleb128 0x1b
 304 000a 0E       		.uleb128 0xe
 305 000b 55       		.uleb128 0x55
 306 000c 17       		.uleb128 0x17
 307 000d 11       		.uleb128 0x11
 308 000e 01       		.uleb128 0x1
 309 000f 10       		.uleb128 0x10
 310 0010 17       		.uleb128 0x17
 311 0011 00       		.byte	0
 312 0012 00       		.byte	0
 313 0013 02       		.uleb128 0x2
 314 0014 24       		.uleb128 0x24
 315 0015 00       		.byte	0
 316 0016 0B       		.uleb128 0xb
 317 0017 0B       		.uleb128 0xb
 318 0018 3E       		.uleb128 0x3e
 319 0019 0B       		.uleb128 0xb
 320 001a 03       		.uleb128 0x3
 321 001b 0E       		.uleb128 0xe
 322 001c 00       		.byte	0
 323 001d 00       		.byte	0
 324 001e 03       		.uleb128 0x3
 325 001f 24       		.uleb128 0x24
 326 0020 00       		.byte	0
 327 0021 0B       		.uleb128 0xb
 328 0022 0B       		.uleb128 0xb
 329 0023 3E       		.uleb128 0x3e
 330 0024 0B       		.uleb128 0xb
ARM GAS  C:\Users\chemi\AppData\Local\Temp\ccnSQXmF.s 			page 9


 331 0025 03       		.uleb128 0x3
 332 0026 08       		.uleb128 0x8
 333 0027 00       		.byte	0
 334 0028 00       		.byte	0
 335 0029 04       		.uleb128 0x4
 336 002a 16       		.uleb128 0x16
 337 002b 00       		.byte	0
 338 002c 03       		.uleb128 0x3
 339 002d 0E       		.uleb128 0xe
 340 002e 3A       		.uleb128 0x3a
 341 002f 0B       		.uleb128 0xb
 342 0030 3B       		.uleb128 0x3b
 343 0031 05       		.uleb128 0x5
 344 0032 49       		.uleb128 0x49
 345 0033 13       		.uleb128 0x13
 346 0034 00       		.byte	0
 347 0035 00       		.byte	0
 348 0036 05       		.uleb128 0x5
 349 0037 35       		.uleb128 0x35
 350 0038 00       		.byte	0
 351 0039 49       		.uleb128 0x49
 352 003a 13       		.uleb128 0x13
 353 003b 00       		.byte	0
 354 003c 00       		.byte	0
 355 003d 06       		.uleb128 0x6
 356 003e 13       		.uleb128 0x13
 357 003f 01       		.byte	0x1
 358 0040 0B       		.uleb128 0xb
 359 0041 0B       		.uleb128 0xb
 360 0042 3A       		.uleb128 0x3a
 361 0043 0B       		.uleb128 0xb
 362 0044 3B       		.uleb128 0x3b
 363 0045 0B       		.uleb128 0xb
 364 0046 01       		.uleb128 0x1
 365 0047 13       		.uleb128 0x13
 366 0048 00       		.byte	0
 367 0049 00       		.byte	0
 368 004a 07       		.uleb128 0x7
 369 004b 0D       		.uleb128 0xd
 370 004c 00       		.byte	0
 371 004d 03       		.uleb128 0x3
 372 004e 0E       		.uleb128 0xe
 373 004f 3A       		.uleb128 0x3a
 374 0050 0B       		.uleb128 0xb
 375 0051 3B       		.uleb128 0x3b
 376 0052 0B       		.uleb128 0xb
 377 0053 49       		.uleb128 0x49
 378 0054 13       		.uleb128 0x13
 379 0055 38       		.uleb128 0x38
 380 0056 0B       		.uleb128 0xb
 381 0057 00       		.byte	0
 382 0058 00       		.byte	0
 383 0059 08       		.uleb128 0x8
 384 005a 16       		.uleb128 0x16
 385 005b 00       		.byte	0
 386 005c 03       		.uleb128 0x3
 387 005d 0E       		.uleb128 0xe
ARM GAS  C:\Users\chemi\AppData\Local\Temp\ccnSQXmF.s 			page 10


 388 005e 3A       		.uleb128 0x3a
 389 005f 0B       		.uleb128 0xb
 390 0060 3B       		.uleb128 0x3b
 391 0061 0B       		.uleb128 0xb
 392 0062 49       		.uleb128 0x49
 393 0063 13       		.uleb128 0x13
 394 0064 00       		.byte	0
 395 0065 00       		.byte	0
 396 0066 09       		.uleb128 0x9
 397 0067 2E       		.uleb128 0x2e
 398 0068 00       		.byte	0
 399 0069 3F       		.uleb128 0x3f
 400 006a 19       		.uleb128 0x19
 401 006b 03       		.uleb128 0x3
 402 006c 0E       		.uleb128 0xe
 403 006d 3A       		.uleb128 0x3a
 404 006e 0B       		.uleb128 0xb
 405 006f 3B       		.uleb128 0x3b
 406 0070 0B       		.uleb128 0xb
 407 0071 27       		.uleb128 0x27
 408 0072 19       		.uleb128 0x19
 409 0073 20       		.uleb128 0x20
 410 0074 0B       		.uleb128 0xb
 411 0075 00       		.byte	0
 412 0076 00       		.byte	0
 413 0077 0A       		.uleb128 0xa
 414 0078 2E       		.uleb128 0x2e
 415 0079 00       		.byte	0
 416 007a 31       		.uleb128 0x31
 417 007b 13       		.uleb128 0x13
 418 007c 11       		.uleb128 0x11
 419 007d 01       		.uleb128 0x1
 420 007e 12       		.uleb128 0x12
 421 007f 06       		.uleb128 0x6
 422 0080 40       		.uleb128 0x40
 423 0081 18       		.uleb128 0x18
 424 0082 9742     		.uleb128 0x2117
 425 0084 19       		.uleb128 0x19
 426 0085 00       		.byte	0
 427 0086 00       		.byte	0
 428 0087 0B       		.uleb128 0xb
 429 0088 2E       		.uleb128 0x2e
 430 0089 01       		.byte	0x1
 431 008a 3F       		.uleb128 0x3f
 432 008b 19       		.uleb128 0x19
 433 008c 03       		.uleb128 0x3
 434 008d 0E       		.uleb128 0xe
 435 008e 3A       		.uleb128 0x3a
 436 008f 0B       		.uleb128 0xb
 437 0090 3B       		.uleb128 0x3b
 438 0091 0B       		.uleb128 0xb
 439 0092 27       		.uleb128 0x27
 440 0093 19       		.uleb128 0x19
 441 0094 11       		.uleb128 0x11
 442 0095 01       		.uleb128 0x1
 443 0096 12       		.uleb128 0x12
 444 0097 06       		.uleb128 0x6
ARM GAS  C:\Users\chemi\AppData\Local\Temp\ccnSQXmF.s 			page 11


 445 0098 40       		.uleb128 0x40
 446 0099 18       		.uleb128 0x18
 447 009a 9742     		.uleb128 0x2117
 448 009c 19       		.uleb128 0x19
 449 009d 01       		.uleb128 0x1
 450 009e 13       		.uleb128 0x13
 451 009f 00       		.byte	0
 452 00a0 00       		.byte	0
 453 00a1 0C       		.uleb128 0xc
 454 00a2 898201   		.uleb128 0x4109
 455 00a5 00       		.byte	0
 456 00a6 11       		.uleb128 0x11
 457 00a7 01       		.uleb128 0x1
 458 00a8 9542     		.uleb128 0x2115
 459 00aa 19       		.uleb128 0x19
 460 00ab 31       		.uleb128 0x31
 461 00ac 13       		.uleb128 0x13
 462 00ad 00       		.byte	0
 463 00ae 00       		.byte	0
 464 00af 0D       		.uleb128 0xd
 465 00b0 34       		.uleb128 0x34
 466 00b1 00       		.byte	0
 467 00b2 03       		.uleb128 0x3
 468 00b3 0E       		.uleb128 0xe
 469 00b4 3A       		.uleb128 0x3a
 470 00b5 0B       		.uleb128 0xb
 471 00b6 3B       		.uleb128 0x3b
 472 00b7 0B       		.uleb128 0xb
 473 00b8 49       		.uleb128 0x49
 474 00b9 13       		.uleb128 0x13
 475 00ba 02       		.uleb128 0x2
 476 00bb 18       		.uleb128 0x18
 477 00bc 00       		.byte	0
 478 00bd 00       		.byte	0
 479 00be 0E       		.uleb128 0xe
 480 00bf 2E       		.uleb128 0x2e
 481 00c0 00       		.byte	0
 482 00c1 3F       		.uleb128 0x3f
 483 00c2 19       		.uleb128 0x19
 484 00c3 3C       		.uleb128 0x3c
 485 00c4 19       		.uleb128 0x19
 486 00c5 6E       		.uleb128 0x6e
 487 00c6 0E       		.uleb128 0xe
 488 00c7 03       		.uleb128 0x3
 489 00c8 0E       		.uleb128 0xe
 490 00c9 3A       		.uleb128 0x3a
 491 00ca 0B       		.uleb128 0xb
 492 00cb 3B       		.uleb128 0x3b
 493 00cc 0B       		.uleb128 0xb
 494 00cd 00       		.byte	0
 495 00ce 00       		.byte	0
 496 00cf 00       		.byte	0
 497              		.section	.debug_aranges,"",%progbits
 498 0000 2C000000 		.4byte	0x2c
 499 0004 0200     		.2byte	0x2
 500 0006 00000000 		.4byte	.Ldebug_info0
 501 000a 04       		.byte	0x4
ARM GAS  C:\Users\chemi\AppData\Local\Temp\ccnSQXmF.s 			page 12


 502 000b 00       		.byte	0
 503 000c 0000     		.2byte	0
 504 000e 0000     		.2byte	0
 505 0010 00000000 		.4byte	.LFB1
 506 0014 02000000 		.4byte	.LFE1-.LFB1
 507 0018 00000000 		.4byte	.LFB2
 508 001c 24000000 		.4byte	.LFE2-.LFB2
 509 0020 00000000 		.4byte	.LFB3
 510 0024 14000000 		.4byte	.LFE3-.LFB3
 511 0028 00000000 		.4byte	0
 512 002c 00000000 		.4byte	0
 513              		.section	.debug_ranges,"",%progbits
 514              	.Ldebug_ranges0:
 515 0000 00000000 		.4byte	.LFB1
 516 0004 02000000 		.4byte	.LFE1
 517 0008 00000000 		.4byte	.LFB2
 518 000c 24000000 		.4byte	.LFE2
 519 0010 00000000 		.4byte	.LFB3
 520 0014 14000000 		.4byte	.LFE3
 521 0018 00000000 		.4byte	0
 522 001c 00000000 		.4byte	0
 523              		.section	.debug_line,"",%progbits
 524              	.Ldebug_line0:
 525 0000 91000000 		.section	.debug_str,"MS",%progbits,1
 525      02005600 
 525      00000201 
 525      FB0E0D00 
 525      01010101 
 526              	.LASF6:
 527 0000 6C6F6E67 		.ascii	"long long int\000"
 527      206C6F6E 
 527      6720696E 
 527      7400
 528              	.LASF20:
 529 000e 4354315F 		.ascii	"CT1_comp_Stop\000"
 529      636F6D70 
 529      5F53746F 
 529      7000
 530              	.LASF25:
 531 001c 656E6162 		.ascii	"enableState\000"
 531      6C655374 
 531      61746500 
 532              	.LASF8:
 533 0028 756E7369 		.ascii	"unsigned int\000"
 533      676E6564 
 533      20696E74 
 533      00
 534              	.LASF19:
 535 0035 4354315F 		.ascii	"CT1_comp_Wakeup\000"
 535      636F6D70 
 535      5F57616B 
 535      65757000 
 536              	.LASF22:
 537 0045 474E5520 		.ascii	"GNU C99 5.4.1 20160609 (release) [ARM/embedded-5-br"
 537      43393920 
 537      352E342E 
 537      31203230 
ARM GAS  C:\Users\chemi\AppData\Local\Temp\ccnSQXmF.s 			page 13


 537      31363036 
 538 0078 616E6368 		.ascii	"anch revision 237715] -mcpu=cortex-m3 -mthumb -g -O"
 538      20726576 
 538      6973696F 
 538      6E203233 
 538      37373135 
 539 00ab 73202D73 		.ascii	"s -std=gnu99 -ffunction-sections -ffat-lto-objects\000"
 539      74643D67 
 539      6E753939 
 539      202D6666 
 539      756E6374 
 540              	.LASF15:
 541 00de 4354315F 		.ascii	"CT1_comp_backupStruct\000"
 541      636F6D70 
 541      5F626163 
 541      6B757053 
 541      74727563 
 542              	.LASF12:
 543 00f4 75696E74 		.ascii	"uint8\000"
 543      3800
 544              	.LASF16:
 545 00fa 4354315F 		.ascii	"CT1_comp_SaveConfig\000"
 545      636F6D70 
 545      5F536176 
 545      65436F6E 
 545      66696700 
 546              	.LASF2:
 547 010e 73686F72 		.ascii	"short int\000"
 547      7420696E 
 547      7400
 548              	.LASF7:
 549 0118 6C6F6E67 		.ascii	"long long unsigned int\000"
 549      206C6F6E 
 549      6720756E 
 549      7369676E 
 549      65642069 
 550              	.LASF17:
 551 012f 4354315F 		.ascii	"CT1_comp_RestoreConfig\000"
 551      636F6D70 
 551      5F526573 
 551      746F7265 
 551      436F6E66 
 552              	.LASF1:
 553 0146 756E7369 		.ascii	"unsigned char\000"
 553      676E6564 
 553      20636861 
 553      7200
 554              	.LASF11:
 555 0154 63686172 		.ascii	"char\000"
 555      00
 556              	.LASF24:
 557 0159 433A5C55 		.ascii	"C:\\Users\\chemi\\UD3_QCW\\UD3_QFN.cydsn\000"
 557      73657273 
 557      5C636865 
 557      6D695C55 
 557      44335F51 
 558              	.LASF26:
ARM GAS  C:\Users\chemi\AppData\Local\Temp\ccnSQXmF.s 			page 14


 559 017e 4354315F 		.ascii	"CT1_comp_backup\000"
 559      636F6D70 
 559      5F626163 
 559      6B757000 
 560              	.LASF4:
 561 018e 6C6F6E67 		.ascii	"long int\000"
 561      20696E74 
 561      00
 562              	.LASF18:
 563 0197 4354315F 		.ascii	"CT1_comp_Sleep\000"
 563      636F6D70 
 563      5F536C65 
 563      657000
 564              	.LASF5:
 565 01a6 6C6F6E67 		.ascii	"long unsigned int\000"
 565      20756E73 
 565      69676E65 
 565      6420696E 
 565      7400
 566              	.LASF10:
 567 01b8 646F7562 		.ascii	"double\000"
 567      6C6500
 568              	.LASF3:
 569 01bf 73686F72 		.ascii	"short unsigned int\000"
 569      7420756E 
 569      7369676E 
 569      65642069 
 569      6E7400
 570              	.LASF0:
 571 01d2 7369676E 		.ascii	"signed char\000"
 571      65642063 
 571      68617200 
 572              	.LASF9:
 573 01de 666C6F61 		.ascii	"float\000"
 573      7400
 574              	.LASF23:
 575 01e4 47656E65 		.ascii	"Generated_Source\\PSoC5\\CT1_comp_PM.c\000"
 575      72617465 
 575      645F536F 
 575      75726365 
 575      5C50536F 
 576              	.LASF21:
 577 0209 4354315F 		.ascii	"CT1_comp_Enable\000"
 577      636F6D70 
 577      5F456E61 
 577      626C6500 
 578              	.LASF13:
 579 0219 72656738 		.ascii	"reg8\000"
 579      00
 580              	.LASF14:
 581 021e 73697A65 		.ascii	"sizetype\000"
 581      74797065 
 581      00
 582              		.ident	"GCC: (GNU Tools for ARM Embedded Processors) 5.4.1 20160609 (release) [ARM/embedded-5-bran
