ARM GAS  C:\Users\chemi\AppData\Local\Temp\ccmi0d0r.s 			page 1


   1              		.syntax unified
   2              		.cpu cortex-m3
   3              		.fpu softvfp
   4              		.eabi_attribute 20, 1
   5              		.eabi_attribute 21, 1
   6              		.eabi_attribute 23, 3
   7              		.eabi_attribute 24, 1
   8              		.eabi_attribute 25, 1
   9              		.eabi_attribute 26, 1
  10              		.eabi_attribute 30, 4
  11              		.eabi_attribute 34, 1
  12              		.eabi_attribute 18, 4
  13              		.thumb
  14              		.syntax unified
  15              		.file	"digipot.c"
  16              		.text
  17              	.Ltext0:
  18              		.cfi_sections	.debug_frame
  19              		.section	.text.digipot_write,"ax",%progbits
  20              		.align	1
  21              		.global	digipot_write
  22              		.thumb
  23              		.thumb_func
  24              		.type	digipot_write, %function
  25              	digipot_write:
  26              	.LFB68:
  27              		.file 1 "..\\common\\ud3core\\helper\\digipot.c"
   1:..\common\ud3core\helper/digipot.c **** /*
   2:..\common\ud3core\helper/digipot.c ****  * UD3
   3:..\common\ud3core\helper/digipot.c ****  *
   4:..\common\ud3core\helper/digipot.c ****  * Copyright (c) 2018 Jens Kerrinnes
   5:..\common\ud3core\helper/digipot.c ****  * Copyright (c) 2015 Steve Ward
   6:..\common\ud3core\helper/digipot.c ****  *
   7:..\common\ud3core\helper/digipot.c ****  * Permission is hereby granted, free of charge, to any person obtaining a copy of
   8:..\common\ud3core\helper/digipot.c ****  * this software and associated documentation files (the "Software"), to deal in
   9:..\common\ud3core\helper/digipot.c ****  * the Software without restriction, including without limitation the rights to
  10:..\common\ud3core\helper/digipot.c ****  * use, copy, modify, merge, publish, distribute, sublicense, and/or sell copies of
  11:..\common\ud3core\helper/digipot.c ****  * the Software, and to permit persons to whom the Software is furnished to do so,
  12:..\common\ud3core\helper/digipot.c ****  * subject to the following conditions:
  13:..\common\ud3core\helper/digipot.c ****  *
  14:..\common\ud3core\helper/digipot.c ****  * The above copyright notice and this permission notice shall be included in all
  15:..\common\ud3core\helper/digipot.c ****  * copies or substantial portions of the Software.
  16:..\common\ud3core\helper/digipot.c ****  *
  17:..\common\ud3core\helper/digipot.c ****  * THE SOFTWARE IS PROVIDED "AS IS", WITHOUT WARRANTY OF ANY KIND, EXPRESS OR
  18:..\common\ud3core\helper/digipot.c ****  * IMPLIED, INCLUDING BUT NOT LIMITED TO THE WARRANTIES OF MERCHANTABILITY, FITNESS
  19:..\common\ud3core\helper/digipot.c ****  * FOR A PARTICULAR PURPOSE AND NONINFRINGEMENT. IN NO EVENT SHALL THE AUTHORS OR
  20:..\common\ud3core\helper/digipot.c ****  * COPYRIGHT HOLDERS BE LIABLE FOR ANY CLAIM, DAMAGES OR OTHER LIABILITY, WHETHER
  21:..\common\ud3core\helper/digipot.c ****  * IN AN ACTION OF CONTRACT, TORT OR OTHERWISE, ARISING FROM, OUT OF OR IN
  22:..\common\ud3core\helper/digipot.c ****  * CONNECTION WITH THE SOFTWARE OR THE USE OR OTHER DEALINGS IN THE SOFTWARE.
  23:..\common\ud3core\helper/digipot.c **** */
  24:..\common\ud3core\helper/digipot.c **** 
  25:..\common\ud3core\helper/digipot.c **** #include "digipot.h"
  26:..\common\ud3core\helper/digipot.c **** #include "FreeRTOS.h"
  27:..\common\ud3core\helper/digipot.c **** #include "task.h"
  28:..\common\ud3core\helper/digipot.c **** #include "cli_common.h"
  29:..\common\ud3core\helper/digipot.c **** 
  30:..\common\ud3core\helper/digipot.c **** #define R_DCDC_TOP 82000.0
ARM GAS  C:\Users\chemi\AppData\Local\Temp\ccmi0d0r.s 			page 2


  31:..\common\ud3core\helper/digipot.c **** #define R_DCDC_BOTTOM_V3 2700.0
  32:..\common\ud3core\helper/digipot.c **** #define R_DCDC_BOTTOM 3300.0
  33:..\common\ud3core\helper/digipot.c **** #define R_DIGIPOT 5000.0
  34:..\common\ud3core\helper/digipot.c **** 
  35:..\common\ud3core\helper/digipot.c **** void digipot_write(uint8_t value){
  28              		.loc 1 35 0
  29              		.cfi_startproc
  30              		@ args = 0, pretend = 0, frame = 0
  31              		@ frame_needed = 0, uses_anonymous_args = 0
  32              	.LVL0:
  33 0000 38B5     		push	{r3, r4, r5, lr}
  34              		.cfi_def_cfa_offset 16
  35              		.cfi_offset 3, -16
  36              		.cfi_offset 4, -12
  37              		.cfi_offset 5, -8
  38              		.cfi_offset 14, -4
  39              		.loc 1 35 0
  40 0002 0546     		mov	r5, r0
  36:..\common\ud3core\helper/digipot.c ****  
  37:..\common\ud3core\helper/digipot.c ****     uint8_t bit_to_write=0;
  38:..\common\ud3core\helper/digipot.c ****     uint8_t bit_shift = 7;
  39:..\common\ud3core\helper/digipot.c ****     
  40:..\common\ud3core\helper/digipot.c ****     digipot_ncs_Write(0); //select digipot
  41              		.loc 1 40 0
  42 0004 0020     		movs	r0, #0
  43              	.LVL1:
  44 0006 FFF7FEFF 		bl	digipot_ncs_Write
  45              	.LVL2:
  41:..\common\ud3core\helper/digipot.c ****     
  42:..\common\ud3core\helper/digipot.c ****     CyDelayUs(1);
  46              		.loc 1 42 0
  47 000a 0120     		movs	r0, #1
  48 000c FFF7FEFF 		bl	CyDelayUs
  49              	.LVL3:
  50 0010 0724     		movs	r4, #7
  51              	.LVL4:
  52              	.L2:
  53              	.LBB2:
  43:..\common\ud3core\helper/digipot.c ****     
  44:..\common\ud3core\helper/digipot.c ****     for(uint32_t i=0;i<8;i++){
  45:..\common\ud3core\helper/digipot.c ****         
  46:..\common\ud3core\helper/digipot.c ****         digipot_clk_Write(0);
  54              		.loc 1 46 0 discriminator 3
  55 0012 0020     		movs	r0, #0
  56 0014 FFF7FEFF 		bl	digipot_clk_Write
  57              	.LVL5:
  47:..\common\ud3core\helper/digipot.c ****         
  48:..\common\ud3core\helper/digipot.c ****         bit_to_write = (value >> bit_shift) & 0x01;
  49:..\common\ud3core\helper/digipot.c ****         
  50:..\common\ud3core\helper/digipot.c ****         digipot_data_Write(bit_to_write);
  58              		.loc 1 50 0 discriminator 3
  59 0018 45FA04F0 		asr	r0, r5, r4
  60 001c 00F00100 		and	r0, r0, #1
  61 0020 FFF7FEFF 		bl	digipot_data_Write
  62              	.LVL6:
  51:..\common\ud3core\helper/digipot.c ****         
  52:..\common\ud3core\helper/digipot.c ****         CyDelayUs(1); 
ARM GAS  C:\Users\chemi\AppData\Local\Temp\ccmi0d0r.s 			page 3


  63              		.loc 1 52 0 discriminator 3
  64 0024 0120     		movs	r0, #1
  65 0026 FFF7FEFF 		bl	CyDelayUs
  66              	.LVL7:
  53:..\common\ud3core\helper/digipot.c ****         
  54:..\common\ud3core\helper/digipot.c ****         digipot_clk_Write(1);
  67              		.loc 1 54 0 discriminator 3
  68 002a 0120     		movs	r0, #1
  69 002c FFF7FEFF 		bl	digipot_clk_Write
  70              	.LVL8:
  55:..\common\ud3core\helper/digipot.c ****         
  56:..\common\ud3core\helper/digipot.c ****         bit_shift--;
  57:..\common\ud3core\helper/digipot.c ****         
  58:..\common\ud3core\helper/digipot.c ****         CyDelayUs(1); 
  71              		.loc 1 58 0 discriminator 3
  72 0030 0120     		movs	r0, #1
  73 0032 FFF7FEFF 		bl	CyDelayUs
  74              	.LVL9:
  44:..\common\ud3core\helper/digipot.c ****         
  75              		.loc 1 44 0 discriminator 3
  76 0036 14F1FF34 		adds	r4, r4, #-1
  77              	.LVL10:
  78 003a EAD2     		bcs	.L2
  79              	.LBE2:
  59:..\common\ud3core\helper/digipot.c ****     }
  60:..\common\ud3core\helper/digipot.c ****     
  61:..\common\ud3core\helper/digipot.c ****     digipot_clk_Write(0);
  80              		.loc 1 61 0
  81 003c 0020     		movs	r0, #0
  82 003e FFF7FEFF 		bl	digipot_clk_Write
  83              	.LVL11:
  62:..\common\ud3core\helper/digipot.c ****     digipot_data_Write(0);
  84              		.loc 1 62 0
  85 0042 0020     		movs	r0, #0
  86 0044 FFF7FEFF 		bl	digipot_data_Write
  87              	.LVL12:
  63:..\common\ud3core\helper/digipot.c ****     
  64:..\common\ud3core\helper/digipot.c ****     digipot_ncs_Write(1); //deselect digipot
  65:..\common\ud3core\helper/digipot.c ****     
  66:..\common\ud3core\helper/digipot.c **** }
  88              		.loc 1 66 0
  89 0048 BDE83840 		pop	{r3, r4, r5, lr}
  90              		.cfi_restore 14
  91              		.cfi_restore 5
  92              		.cfi_restore 4
  93              		.cfi_restore 3
  94              		.cfi_def_cfa_offset 0
  95              	.LVL13:
  64:..\common\ud3core\helper/digipot.c ****     
  96              		.loc 1 64 0
  97 004c 0120     		movs	r0, #1
  98 004e FFF7FEBF 		b	digipot_ncs_Write
  99              	.LVL14:
 100              		.cfi_endproc
 101              	.LFE68:
 102              		.size	digipot_write, .-digipot_write
 103              		.global	__aeabi_fmul
ARM GAS  C:\Users\chemi\AppData\Local\Temp\ccmi0d0r.s 			page 4


 104              		.global	__aeabi_f2d
 105              		.global	__aeabi_dmul
 106              		.global	__aeabi_dsub
 107              		.global	__aeabi_ddiv
 108              		.global	__aeabi_dadd
 109              		.global	__aeabi_d2f
 110              		.global	__aeabi_fcmpgt
 111              		.global	__aeabi_fcmplt
 112              		.global	__aeabi_f2uiz
 113              		.section	.text.digipot_set_voltage,"ax",%progbits
 114              		.align	1
 115              		.global	digipot_set_voltage
 116              		.thumb
 117              		.thumb_func
 118              		.type	digipot_set_voltage, %function
 119              	digipot_set_voltage:
 120              	.LFB69:
  67:..\common\ud3core\helper/digipot.c **** 
  68:..\common\ud3core\helper/digipot.c **** void digipot_set_voltage(float voltage){
 121              		.loc 1 68 0
 122              		.cfi_startproc
 123              		@ args = 0, pretend = 0, frame = 0
 124              		@ frame_needed = 0, uses_anonymous_args = 0
 125              	.LVL15:
 126 0000 F8B5     		push	{r3, r4, r5, r6, r7, lr}
 127              		.cfi_def_cfa_offset 24
 128              		.cfi_offset 3, -24
 129              		.cfi_offset 4, -20
 130              		.cfi_offset 5, -16
 131              		.cfi_offset 6, -12
 132              		.cfi_offset 7, -8
 133              		.cfi_offset 14, -4
  69:..\common\ud3core\helper/digipot.c ****     
  70:..\common\ud3core\helper/digipot.c ****     float r_bottom = R_DCDC_BOTTOM;
  71:..\common\ud3core\helper/digipot.c ****     
  72:..\common\ud3core\helper/digipot.c ****     if(configuration.hw_rev < 2){
 134              		.loc 1 72 0
 135 0002 354B     		ldr	r3, .L12+32
  68:..\common\ud3core\helper/digipot.c ****     
 136              		.loc 1 68 0
 137 0004 0446     		mov	r4, r0
 138              		.loc 1 72 0
 139 0006 93F87030 		ldrb	r3, [r3, #112]	@ zero_extendqisi2
  73:..\common\ud3core\helper/digipot.c ****         r_bottom = R_DCDC_BOTTOM_V3;
  74:..\common\ud3core\helper/digipot.c ****     }
  75:..\common\ud3core\helper/digipot.c ****     
  76:..\common\ud3core\helper/digipot.c ****     float r_pot = (voltage * r_bottom - 0.8 * r_bottom - 0.8 * R_DCDC_TOP) / -voltage + 0.8;
  77:..\common\ud3core\helper/digipot.c ****     
  78:..\common\ud3core\helper/digipot.c ****     float data = 255.0 - 255.0 / R_DIGIPOT * r_pot;
 140              		.loc 1 78 0
 141 000a 0146     		mov	r1, r0
  72:..\common\ud3core\helper/digipot.c ****         r_bottom = R_DCDC_BOTTOM_V3;
 142              		.loc 1 72 0
 143 000c 012B     		cmp	r3, #1
  73:..\common\ud3core\helper/digipot.c ****         r_bottom = R_DCDC_BOTTOM_V3;
 144              		.loc 1 73 0
 145 000e 94BF     		ite	ls
ARM GAS  C:\Users\chemi\AppData\Local\Temp\ccmi0d0r.s 			page 5


 146 0010 324D     		ldrls	r5, .L12+36
  70:..\common\ud3core\helper/digipot.c ****     
 147              		.loc 1 70 0
 148 0012 334D     		ldrhi	r5, .L12+40
 149              	.LVL16:
 150              		.loc 1 78 0
 151 0014 2846     		mov	r0, r5
 152              	.LVL17:
 153 0016 FFF7FEFF 		bl	__aeabi_fmul
 154              	.LVL18:
 155 001a FFF7FEFF 		bl	__aeabi_f2d
 156              	.LVL19:
 157 001e 0646     		mov	r6, r0
 158 0020 2846     		mov	r0, r5
 159 0022 0F46     		mov	r7, r1
 160 0024 FFF7FEFF 		bl	__aeabi_f2d
 161              	.LVL20:
 162 0028 23A3     		adr	r3, .L12
 163 002a D3E90023 		ldrd	r2, [r3]
 164 002e FFF7FEFF 		bl	__aeabi_dmul
 165              	.LVL21:
 166 0032 0246     		mov	r2, r0
 167 0034 0B46     		mov	r3, r1
 168 0036 3046     		mov	r0, r6
 169 0038 3946     		mov	r1, r7
 170 003a FFF7FEFF 		bl	__aeabi_dsub
 171              	.LVL22:
 172 003e 20A3     		adr	r3, .L12+8
 173 0040 D3E90023 		ldrd	r2, [r3]
 174 0044 FFF7FEFF 		bl	__aeabi_dsub
 175              	.LVL23:
 176 0048 0646     		mov	r6, r0
 177 004a 04F10040 		add	r0, r4, #-2147483648
 178 004e 0F46     		mov	r7, r1
 179 0050 FFF7FEFF 		bl	__aeabi_f2d
 180              	.LVL24:
 181 0054 0246     		mov	r2, r0
 182 0056 0B46     		mov	r3, r1
 183 0058 3046     		mov	r0, r6
 184 005a 3946     		mov	r1, r7
 185 005c FFF7FEFF 		bl	__aeabi_ddiv
 186              	.LVL25:
 187 0060 15A3     		adr	r3, .L12
 188 0062 D3E90023 		ldrd	r2, [r3]
 189 0066 FFF7FEFF 		bl	__aeabi_dadd
 190              	.LVL26:
 191 006a FFF7FEFF 		bl	__aeabi_d2f
 192              	.LVL27:
 193 006e FFF7FEFF 		bl	__aeabi_f2d
 194              	.LVL28:
 195 0072 15A3     		adr	r3, .L12+16
 196 0074 D3E90023 		ldrd	r2, [r3]
 197 0078 FFF7FEFF 		bl	__aeabi_dmul
 198              	.LVL29:
 199 007c 0246     		mov	r2, r0
 200 007e 0B46     		mov	r3, r1
 201 0080 13A1     		adr	r1, .L12+24
ARM GAS  C:\Users\chemi\AppData\Local\Temp\ccmi0d0r.s 			page 6


 202 0082 D1E90001 		ldrd	r0, [r1]
 203 0086 FFF7FEFF 		bl	__aeabi_dsub
 204              	.LVL30:
 205 008a FFF7FEFF 		bl	__aeabi_d2f
 206              	.LVL31:
  79:..\common\ud3core\helper/digipot.c ****     
  80:..\common\ud3core\helper/digipot.c ****     if(data > 255.0) data = 255.0;
 207              		.loc 1 80 0
 208 008e 1549     		ldr	r1, .L12+44
  78:..\common\ud3core\helper/digipot.c ****     
 209              		.loc 1 78 0
 210 0090 0446     		mov	r4, r0
 211              	.LVL32:
 212              		.loc 1 80 0
 213 0092 FFF7FEFF 		bl	__aeabi_fcmpgt
 214              	.LVL33:
 215 0096 30B9     		cbnz	r0, .L10
  81:..\common\ud3core\helper/digipot.c ****     if(data < 0.0) data = 0.0;
 216              		.loc 1 81 0
 217 0098 0021     		movs	r1, #0
 218 009a 2046     		mov	r0, r4
 219 009c FFF7FEFF 		bl	__aeabi_fcmplt
 220              	.LVL34:
 221 00a0 10B1     		cbz	r0, .L7
 222 00a2 0024     		movs	r4, #0
 223              	.LVL35:
 224 00a4 00E0     		b	.L7
 225              	.LVL36:
 226              	.L10:
  80:..\common\ud3core\helper/digipot.c ****     if(data < 0.0) data = 0.0;
 227              		.loc 1 80 0
 228 00a6 0F4C     		ldr	r4, .L12+44
 229              	.LVL37:
 230              	.L7:
  82:..\common\ud3core\helper/digipot.c ****     
  83:..\common\ud3core\helper/digipot.c ****     digipot_write(data);
 231              		.loc 1 83 0
 232 00a8 2046     		mov	r0, r4
 233 00aa FFF7FEFF 		bl	__aeabi_f2uiz
 234              	.LVL38:
  84:..\common\ud3core\helper/digipot.c ****     
  85:..\common\ud3core\helper/digipot.c **** }...
 235              		.loc 1 85 0
 236 00ae BDE8F840 		pop	{r3, r4, r5, r6, r7, lr}
 237              		.cfi_restore 14
 238              		.cfi_restore 7
 239              		.cfi_restore 6
 240              		.cfi_restore 5
 241              		.cfi_restore 4
 242              		.cfi_restore 3
 243              		.cfi_def_cfa_offset 0
 244              	.LVL39:
  83:..\common\ud3core\helper/digipot.c ****     digipot_write(data);
 245              		.loc 1 83 0
 246 00b2 C0B2     		uxtb	r0, r0
 247 00b4 FFF7FEBF 		b	digipot_write
 248              	.LVL40:
ARM GAS  C:\Users\chemi\AppData\Local\Temp\ccmi0d0r.s 			page 7


 249              	.L13:
 250              		.align	3
 251              	.L12:
 252 00b8 9A999999 		.word	-1717986918
 253 00bc 9999E93F 		.word	1072273817
 254 00c0 00000000 		.word	0
 255 00c4 0004F040 		.word	1089471488
 256 00c8 E9263108 		.word	137438953
 257 00cc AC1CAA3F 		.word	1068113068
 258 00d0 00000000 		.word	0
 259 00d4 00E06F40 		.word	1081073664
 260 00d8 00000000 		.word	configuration
 261 00dc 00C02845 		.word	1160298496
 262 00e0 00404E45 		.word	1162756096
 263 00e4 00007F43 		.word	1132396544
 264              		.cfi_endproc
 265              	.LFE69:
 266              		.size	digipot_set_voltage, .-digipot_set_voltage
 267              		.text
 268              	.Letext0:
 269              		.file 2 "c:\\program files (x86)\\cypress\\psoc creator\\4.4\\psoc creator\\import\\gnu\\arm\\5.4.
 270              		.file 3 "c:\\program files (x86)\\cypress\\psoc creator\\4.4\\psoc creator\\import\\gnu\\arm\\5.4.
 271              		.file 4 "..\\common\\ud3core/cli_common.h"
 272              		.file 5 "Generated_Source\\PSoC5/core_cm3.h"
 273              		.file 6 "Generated_Source\\PSoC5/digipot_clk.h"
 274              		.file 7 "Generated_Source\\PSoC5/digipot_data.h"
 275              		.file 8 "Generated_Source\\PSoC5/CyLib.h"
 276              		.file 9 "Generated_Source\\PSoC5/digipot_ncs.h"
 277              		.section	.debug_info,"",%progbits
 278              	.Ldebug_info0:
 279 0000 61050000 		.4byte	0x561
 280 0004 0400     		.2byte	0x4
 281 0006 00000000 		.4byte	.Ldebug_abbrev0
 282 000a 04       		.byte	0x4
 283 000b 01       		.uleb128 0x1
 284 000c 89000000 		.4byte	.LASF93
 285 0010 0C       		.byte	0xc
 286 0011 00050000 		.4byte	.LASF94
 287 0015 C1040000 		.4byte	.LASF95
 288 0019 00000000 		.4byte	.Ldebug_ranges0+0
 289 001d 00000000 		.4byte	0
 290 0021 00000000 		.4byte	.Ldebug_line0
 291 0025 02       		.uleb128 0x2
 292 0026 08       		.byte	0x8
 293 0027 04       		.byte	0x4
 294 0028 03040000 		.4byte	.LASF0
 295 002c 02       		.uleb128 0x2
 296 002d 04       		.byte	0x4
 297 002e 04       		.byte	0x4
 298 002f 00000000 		.4byte	.LASF1
 299 0033 02       		.uleb128 0x2
 300 0034 01       		.byte	0x1
 301 0035 06       		.byte	0x6
 302 0036 E9020000 		.4byte	.LASF2
 303 003a 03       		.uleb128 0x3
 304 003b 5D020000 		.4byte	.LASF5
 305 003f 02       		.byte	0x2
ARM GAS  C:\Users\chemi\AppData\Local\Temp\ccmi0d0r.s 			page 8


 306 0040 1D       		.byte	0x1d
 307 0041 45000000 		.4byte	0x45
 308 0045 02       		.uleb128 0x2
 309 0046 01       		.byte	0x1
 310 0047 08       		.byte	0x8
 311 0048 8F020000 		.4byte	.LASF3
 312 004c 02       		.uleb128 0x2
 313 004d 02       		.byte	0x2
 314 004e 05       		.byte	0x5
 315 004f 49000000 		.4byte	.LASF4
 316 0053 03       		.uleb128 0x3
 317 0054 43010000 		.4byte	.LASF6
 318 0058 02       		.byte	0x2
 319 0059 2B       		.byte	0x2b
 320 005a 5E000000 		.4byte	0x5e
 321 005e 02       		.uleb128 0x2
 322 005f 02       		.byte	0x2
 323 0060 07       		.byte	0x7
 324 0061 6C030000 		.4byte	.LASF7
 325 0065 03       		.uleb128 0x3
 326 0066 66040000 		.4byte	.LASF8
 327 006a 02       		.byte	0x2
 328 006b 3F       		.byte	0x3f
 329 006c 70000000 		.4byte	0x70
 330 0070 02       		.uleb128 0x2
 331 0071 04       		.byte	0x4
 332 0072 05       		.byte	0x5
 333 0073 2E020000 		.4byte	.LASF9
 334 0077 03       		.uleb128 0x3
 335 0078 7E000000 		.4byte	.LASF10
 336 007c 02       		.byte	0x2
 337 007d 41       		.byte	0x41
 338 007e 82000000 		.4byte	0x82
 339 0082 02       		.uleb128 0x2
 340 0083 04       		.byte	0x4
 341 0084 07       		.byte	0x7
 342 0085 E6030000 		.4byte	.LASF11
 343 0089 02       		.uleb128 0x2
 344 008a 08       		.byte	0x8
 345 008b 05       		.byte	0x5
 346 008c F6010000 		.4byte	.LASF12
 347 0090 02       		.uleb128 0x2
 348 0091 08       		.byte	0x8
 349 0092 07       		.byte	0x7
 350 0093 04030000 		.4byte	.LASF13
 351 0097 04       		.uleb128 0x4
 352 0098 04       		.byte	0x4
 353 0099 05       		.byte	0x5
 354 009a 696E7400 		.ascii	"int\000"
 355 009e 02       		.uleb128 0x2
 356 009f 04       		.byte	0x4
 357 00a0 07       		.byte	0x7
 358 00a1 DF010000 		.4byte	.LASF14
 359 00a5 03       		.uleb128 0x3
 360 00a6 74010000 		.4byte	.LASF15
 361 00aa 03       		.byte	0x3
 362 00ab 18       		.byte	0x18
ARM GAS  C:\Users\chemi\AppData\Local\Temp\ccmi0d0r.s 			page 9


 363 00ac 3A000000 		.4byte	0x3a
 364 00b0 03       		.uleb128 0x3
 365 00b1 3A030000 		.4byte	.LASF16
 366 00b5 03       		.byte	0x3
 367 00b6 24       		.byte	0x24
 368 00b7 53000000 		.4byte	0x53
 369 00bb 03       		.uleb128 0x3
 370 00bc CA030000 		.4byte	.LASF17
 371 00c0 03       		.byte	0x3
 372 00c1 2C       		.byte	0x2c
 373 00c2 65000000 		.4byte	0x65
 374 00c6 03       		.uleb128 0x3
 375 00c7 1B030000 		.4byte	.LASF18
 376 00cb 03       		.byte	0x3
 377 00cc 30       		.byte	0x30
 378 00cd 77000000 		.4byte	0x77
 379 00d1 02       		.uleb128 0x2
 380 00d2 01       		.byte	0x1
 381 00d3 08       		.byte	0x8
 382 00d4 A5030000 		.4byte	.LASF19
 383 00d8 02       		.uleb128 0x2
 384 00d9 04       		.byte	0x4
 385 00da 07       		.byte	0x7
 386 00db 5E000000 		.4byte	.LASF20
 387 00df 05       		.uleb128 0x5
 388 00e0 8A030000 		.4byte	.LASF96
 389 00e4 7C       		.byte	0x7c
 390 00e5 04       		.byte	0x4
 391 00e6 4B       		.byte	0x4b
 392 00e7 8C030000 		.4byte	0x38c
 393 00eb 06       		.uleb128 0x6
 394 00ec 32000000 		.4byte	.LASF21
 395 00f0 04       		.byte	0x4
 396 00f1 4C       		.byte	0x4c
 397 00f2 A5000000 		.4byte	0xa5
 398 00f6 00       		.byte	0
 399 00f7 06       		.uleb128 0x6
 400 00f8 37020000 		.4byte	.LASF22
 401 00fc 04       		.byte	0x4
 402 00fd 4D       		.byte	0x4d
 403 00fe B0000000 		.4byte	0xb0
 404 0102 02       		.byte	0x2
 405 0103 06       		.uleb128 0x6
 406 0104 67020000 		.4byte	.LASF23
 407 0108 04       		.byte	0x4
 408 0109 4E       		.byte	0x4e
 409 010a B0000000 		.4byte	0xb0
 410 010e 04       		.byte	0x4
 411 010f 06       		.uleb128 0x6
 412 0110 67000000 		.4byte	.LASF24
 413 0114 04       		.byte	0x4
 414 0115 4F       		.byte	0x4f
 415 0116 B0000000 		.4byte	0xb0
 416 011a 06       		.byte	0x6
 417 011b 06       		.uleb128 0x6
 418 011c E6040000 		.4byte	.LASF25
 419 0120 04       		.byte	0x4
ARM GAS  C:\Users\chemi\AppData\Local\Temp\ccmi0d0r.s 			page 10


 420 0121 50       		.byte	0x50
 421 0122 B0000000 		.4byte	0xb0
 422 0126 08       		.byte	0x8
 423 0127 06       		.uleb128 0x6
 424 0128 65010000 		.4byte	.LASF26
 425 012c 04       		.byte	0x4
 426 012d 51       		.byte	0x51
 427 012e B0000000 		.4byte	0xb0
 428 0132 0A       		.byte	0xa
 429 0133 06       		.uleb128 0x6
 430 0134 D7030000 		.4byte	.LASF27
 431 0138 04       		.byte	0x4
 432 0139 52       		.byte	0x52
 433 013a B0000000 		.4byte	0xb0
 434 013e 0C       		.byte	0xc
 435 013f 06       		.uleb128 0x6
 436 0140 10000000 		.4byte	.LASF28
 437 0144 04       		.byte	0x4
 438 0145 53       		.byte	0x53
 439 0146 B0000000 		.4byte	0xb0
 440 014a 0E       		.byte	0xe
 441 014b 06       		.uleb128 0x6
 442 014c 7C010000 		.4byte	.LASF29
 443 0150 04       		.byte	0x4
 444 0151 54       		.byte	0x54
 445 0152 A5000000 		.4byte	0xa5
 446 0156 10       		.byte	0x10
 447 0157 06       		.uleb128 0x6
 448 0158 8E010000 		.4byte	.LASF30
 449 015c 04       		.byte	0x4
 450 015d 55       		.byte	0x55
 451 015e A5000000 		.4byte	0xa5
 452 0162 11       		.byte	0x11
 453 0163 06       		.uleb128 0x6
 454 0164 AA030000 		.4byte	.LASF31
 455 0168 04       		.byte	0x4
 456 0169 56       		.byte	0x56
 457 016a B0000000 		.4byte	0xb0
 458 016e 12       		.byte	0x12
 459 016f 06       		.uleb128 0x6
 460 0170 4E010000 		.4byte	.LASF32
 461 0174 04       		.byte	0x4
 462 0175 57       		.byte	0x57
 463 0176 B0000000 		.4byte	0xb0
 464 017a 14       		.byte	0x14
 465 017b 06       		.uleb128 0x6
 466 017c F8030000 		.4byte	.LASF33
 467 0180 04       		.byte	0x4
 468 0181 58       		.byte	0x58
 469 0182 B0000000 		.4byte	0xb0
 470 0186 16       		.byte	0x16
 471 0187 06       		.uleb128 0x6
 472 0188 53000000 		.4byte	.LASF34
 473 018c 04       		.byte	0x4
 474 018d 59       		.byte	0x59
 475 018e B0000000 		.4byte	0xb0
 476 0192 18       		.byte	0x18
ARM GAS  C:\Users\chemi\AppData\Local\Temp\ccmi0d0r.s 			page 11


 477 0193 06       		.uleb128 0x6
 478 0194 71020000 		.4byte	.LASF35
 479 0198 04       		.byte	0x4
 480 0199 5A       		.byte	0x5a
 481 019a B0000000 		.4byte	0xb0
 482 019e 1A       		.byte	0x1a
 483 019f 06       		.uleb128 0x6
 484 01a0 BF030000 		.4byte	.LASF36
 485 01a4 04       		.byte	0x4
 486 01a5 5B       		.byte	0x5b
 487 01a6 B0000000 		.4byte	0xb0
 488 01aa 1C       		.byte	0x1c
 489 01ab 06       		.uleb128 0x6
 490 01ac BF010000 		.4byte	.LASF37
 491 01b0 04       		.byte	0x4
 492 01b1 5C       		.byte	0x5c
 493 01b2 A5000000 		.4byte	0xa5
 494 01b6 1E       		.byte	0x1e
 495 01b7 06       		.uleb128 0x6
 496 01b8 70040000 		.4byte	.LASF38
 497 01bc 04       		.byte	0x4
 498 01bd 5D       		.byte	0x5d
 499 01be B0000000 		.4byte	0xb0
 500 01c2 20       		.byte	0x20
 501 01c3 06       		.uleb128 0x6
 502 01c4 98030000 		.4byte	.LASF39
 503 01c8 04       		.byte	0x4
 504 01c9 5E       		.byte	0x5e
 505 01ca B0000000 		.4byte	0xb0
 506 01ce 22       		.byte	0x22
 507 01cf 06       		.uleb128 0x6
 508 01d0 DA020000 		.4byte	.LASF40
 509 01d4 04       		.byte	0x4
 510 01d5 5F       		.byte	0x5f
 511 01d6 B0000000 		.4byte	0xb0
 512 01da 24       		.byte	0x24
 513 01db 06       		.uleb128 0x6
 514 01dc 27040000 		.4byte	.LASF41
 515 01e0 04       		.byte	0x4
 516 01e1 60       		.byte	0x60
 517 01e2 B0000000 		.4byte	0xb0
 518 01e6 26       		.byte	0x26
 519 01e7 06       		.uleb128 0x6
 520 01e8 AD020000 		.4byte	.LASF42
 521 01ec 04       		.byte	0x4
 522 01ed 61       		.byte	0x61
 523 01ee B0000000 		.4byte	0xb0
 524 01f2 28       		.byte	0x28
 525 01f3 06       		.uleb128 0x6
 526 01f4 22010000 		.4byte	.LASF43
 527 01f8 04       		.byte	0x4
 528 01f9 62       		.byte	0x62
 529 01fa A5000000 		.4byte	0xa5
 530 01fe 2A       		.byte	0x2a
 531 01ff 06       		.uleb128 0x6
 532 0200 7F030000 		.4byte	.LASF44
 533 0204 04       		.byte	0x4
ARM GAS  C:\Users\chemi\AppData\Local\Temp\ccmi0d0r.s 			page 12


 534 0205 63       		.byte	0x63
 535 0206 2C000000 		.4byte	0x2c
 536 020a 2C       		.byte	0x2c
 537 020b 06       		.uleb128 0x6
 538 020c 5C030000 		.4byte	.LASF45
 539 0210 04       		.byte	0x4
 540 0211 64       		.byte	0x64
 541 0212 2C000000 		.4byte	0x2c
 542 0216 30       		.byte	0x30
 543 0217 06       		.uleb128 0x6
 544 0218 B4030000 		.4byte	.LASF46
 545 021c 04       		.byte	0x4
 546 021d 65       		.byte	0x65
 547 021e A5000000 		.4byte	0xa5
 548 0222 34       		.byte	0x34
 549 0223 06       		.uleb128 0x6
 550 0224 53020000 		.4byte	.LASF47
 551 0228 04       		.byte	0x4
 552 0229 66       		.byte	0x66
 553 022a A5000000 		.4byte	0xa5
 554 022e 35       		.byte	0x35
 555 022f 06       		.uleb128 0x6
 556 0230 0C020000 		.4byte	.LASF48
 557 0234 04       		.byte	0x4
 558 0235 67       		.byte	0x67
 559 0236 A5000000 		.4byte	0xa5
 560 023a 36       		.byte	0x36
 561 023b 06       		.uleb128 0x6
 562 023c 04020000 		.4byte	.LASF49
 563 0240 04       		.byte	0x4
 564 0241 68       		.byte	0x68
 565 0242 8C030000 		.4byte	0x38c
 566 0246 37       		.byte	0x37
 567 0247 06       		.uleb128 0x6
 568 0248 7B020000 		.4byte	.LASF50
 569 024c 04       		.byte	0x4
 570 024d 69       		.byte	0x69
 571 024e C6000000 		.4byte	0xc6
 572 0252 48       		.byte	0x48
 573 0253 06       		.uleb128 0x6
 574 0254 F1040000 		.4byte	.LASF51
 575 0258 04       		.byte	0x4
 576 0259 6A       		.byte	0x6a
 577 025a A5000000 		.4byte	0xa5
 578 025e 4C       		.byte	0x4c
 579 025f 06       		.uleb128 0x6
 580 0260 72000000 		.4byte	.LASF52
 581 0264 04       		.byte	0x4
 582 0265 6B       		.byte	0x6b
 583 0266 B0000000 		.4byte	0xb0
 584 026a 4E       		.byte	0x4e
 585 026b 06       		.uleb128 0x6
 586 026c 23050000 		.4byte	.LASF53
 587 0270 04       		.byte	0x4
 588 0271 6C       		.byte	0x6c
 589 0272 B0000000 		.4byte	0xb0
 590 0276 50       		.byte	0x50
ARM GAS  C:\Users\chemi\AppData\Local\Temp\ccmi0d0r.s 			page 13


 591 0277 06       		.uleb128 0x6
 592 0278 84020000 		.4byte	.LASF54
 593 027c 04       		.byte	0x4
 594 027d 6D       		.byte	0x6d
 595 027e B0000000 		.4byte	0xb0
 596 0282 52       		.byte	0x52
 597 0283 06       		.uleb128 0x6
 598 0284 9D020000 		.4byte	.LASF55
 599 0288 04       		.byte	0x4
 600 0289 6E       		.byte	0x6e
 601 028a C6000000 		.4byte	0xc6
 602 028e 54       		.byte	0x54
 603 028f 06       		.uleb128 0x6
 604 0290 7C040000 		.4byte	.LASF56
 605 0294 04       		.byte	0x4
 606 0295 6F       		.byte	0x6f
 607 0296 B0000000 		.4byte	0xb0
 608 029a 58       		.byte	0x58
 609 029b 06       		.uleb128 0x6
 610 029c 5D040000 		.4byte	.LASF57
 611 02a0 04       		.byte	0x4
 612 02a1 70       		.byte	0x70
 613 02a2 A5000000 		.4byte	0xa5
 614 02a6 5A       		.byte	0x5a
 615 02a7 06       		.uleb128 0x6
 616 02a8 17040000 		.4byte	.LASF58
 617 02ac 04       		.byte	0x4
 618 02ad 71       		.byte	0x71
 619 02ae A5000000 		.4byte	0xa5
 620 02b2 5B       		.byte	0x5b
 621 02b3 06       		.uleb128 0x6
 622 02b4 8F040000 		.4byte	.LASF59
 623 02b8 04       		.byte	0x4
 624 02b9 72       		.byte	0x72
 625 02ba A5000000 		.4byte	0xa5
 626 02be 5C       		.byte	0x5c
 627 02bf 06       		.uleb128 0x6
 628 02c0 9E010000 		.4byte	.LASF60
 629 02c4 04       		.byte	0x4
 630 02c5 73       		.byte	0x73
 631 02c6 A5000000 		.4byte	0xa5
 632 02ca 5D       		.byte	0x5d
 633 02cb 06       		.uleb128 0x6
 634 02cc 20020000 		.4byte	.LASF61
 635 02d0 04       		.byte	0x4
 636 02d1 74       		.byte	0x74
 637 02d2 B0000000 		.4byte	0xb0
 638 02d6 5E       		.byte	0x5e
 639 02d7 06       		.uleb128 0x6
 640 02d8 FA040000 		.4byte	.LASF62
 641 02dc 04       		.byte	0x4
 642 02dd 75       		.byte	0x75
 643 02de B0000000 		.4byte	0xb0
 644 02e2 60       		.byte	0x60
 645 02e3 06       		.uleb128 0x6
 646 02e4 86010000 		.4byte	.LASF63
 647 02e8 04       		.byte	0x4
ARM GAS  C:\Users\chemi\AppData\Local\Temp\ccmi0d0r.s 			page 14


 648 02e9 76       		.byte	0x76
 649 02ea B0000000 		.4byte	0xb0
 650 02ee 62       		.byte	0x62
 651 02ef 06       		.uleb128 0x6
 652 02f0 67030000 		.4byte	.LASF64
 653 02f4 04       		.byte	0x4
 654 02f5 77       		.byte	0x77
 655 02f6 B0000000 		.4byte	0xb0
 656 02fa 64       		.byte	0x64
 657 02fb 06       		.uleb128 0x6
 658 02fc 54030000 		.4byte	.LASF65
 659 0300 04       		.byte	0x4
 660 0301 78       		.byte	0x78
 661 0302 A5000000 		.4byte	0xa5
 662 0306 66       		.byte	0x66
 663 0307 06       		.uleb128 0x6
 664 0308 96040000 		.4byte	.LASF66
 665 030c 04       		.byte	0x4
 666 030d 79       		.byte	0x79
 667 030e B0000000 		.4byte	0xb0
 668 0312 68       		.byte	0x68
 669 0313 06       		.uleb128 0x6
 670 0314 88040000 		.4byte	.LASF67
 671 0318 04       		.byte	0x4
 672 0319 7A       		.byte	0x7a
 673 031a 2C000000 		.4byte	0x2c
 674 031e 6C       		.byte	0x6c
 675 031f 06       		.uleb128 0x6
 676 0320 58010000 		.4byte	.LASF68
 677 0324 04       		.byte	0x4
 678 0325 7B       		.byte	0x7b
 679 0326 A5000000 		.4byte	0xa5
 680 032a 70       		.byte	0x70
 681 032b 06       		.uleb128 0x6
 682 032c 06000000 		.4byte	.LASF69
 683 0330 04       		.byte	0x4
 684 0331 7C       		.byte	0x7c
 685 0332 A5000000 		.4byte	0xa5
 686 0336 71       		.byte	0x71
 687 0337 06       		.uleb128 0x6
 688 0338 F5020000 		.4byte	.LASF70
 689 033c 04       		.byte	0x4
 690 033d 7D       		.byte	0x7d
 691 033e A5000000 		.4byte	0xa5
 692 0342 72       		.byte	0x72
 693 0343 06       		.uleb128 0x6
 694 0344 BA020000 		.4byte	.LASF71
 695 0348 04       		.byte	0x4
 696 0349 7F       		.byte	0x7f
 697 034a A5000000 		.4byte	0xa5
 698 034e 73       		.byte	0x73
 699 034f 06       		.uleb128 0x6
 700 0350 43030000 		.4byte	.LASF72
 701 0354 04       		.byte	0x4
 702 0355 81       		.byte	0x81
 703 0356 A5000000 		.4byte	0xa5
 704 035a 74       		.byte	0x74
ARM GAS  C:\Users\chemi\AppData\Local\Temp\ccmi0d0r.s 			page 15


 705 035b 06       		.uleb128 0x6
 706 035c 4A040000 		.4byte	.LASF73
 707 0360 04       		.byte	0x4
 708 0361 82       		.byte	0x82
 709 0362 A5000000 		.4byte	0xa5
 710 0366 75       		.byte	0x75
 711 0367 06       		.uleb128 0x6
 712 0368 30010000 		.4byte	.LASF74
 713 036c 04       		.byte	0x4
 714 036d 83       		.byte	0x83
 715 036e A5000000 		.4byte	0xa5
 716 0372 76       		.byte	0x76
 717 0373 06       		.uleb128 0x6
 718 0374 A6010000 		.4byte	.LASF75
 719 0378 04       		.byte	0x4
 720 0379 84       		.byte	0x84
 721 037a A5000000 		.4byte	0xa5
 722 037e 77       		.byte	0x77
 723 037f 06       		.uleb128 0x6
 724 0380 CD020000 		.4byte	.LASF76
 725 0384 04       		.byte	0x4
 726 0385 86       		.byte	0x86
 727 0386 2C000000 		.4byte	0x2c
 728 038a 78       		.byte	0x78
 729 038b 00       		.byte	0
 730 038c 07       		.uleb128 0x7
 731 038d D1000000 		.4byte	0xd1
 732 0391 9C030000 		.4byte	0x39c
 733 0395 08       		.uleb128 0x8
 734 0396 D8000000 		.4byte	0xd8
 735 039a 0F       		.byte	0xf
 736 039b 00       		.byte	0
 737 039c 03       		.uleb128 0x3
 738 039d 48020000 		.4byte	.LASF77
 739 03a1 04       		.byte	0x4
 740 03a2 88       		.byte	0x88
 741 03a3 DF000000 		.4byte	0xdf
 742 03a7 09       		.uleb128 0x9
 743 03a8 3B000000 		.4byte	.LASF80
 744 03ac 01       		.byte	0x1
 745 03ad 23       		.byte	0x23
 746 03ae 00000000 		.4byte	.LFB68
 747 03b2 52000000 		.4byte	.LFE68-.LFB68
 748 03b6 01       		.uleb128 0x1
 749 03b7 9C       		.byte	0x9c
 750 03b8 C1040000 		.4byte	0x4c1
 751 03bc 0A       		.uleb128 0xa
 752 03bd 5F010000 		.4byte	.LASF82
 753 03c1 01       		.byte	0x1
 754 03c2 23       		.byte	0x23
 755 03c3 A5000000 		.4byte	0xa5
 756 03c7 00000000 		.4byte	.LLST0
 757 03cb 0B       		.uleb128 0xb
 758 03cc A2040000 		.4byte	.LASF78
 759 03d0 01       		.byte	0x1
 760 03d1 25       		.byte	0x25
 761 03d2 A5000000 		.4byte	0xa5
ARM GAS  C:\Users\chemi\AppData\Local\Temp\ccmi0d0r.s 			page 16


 762 03d6 21000000 		.4byte	.LLST1
 763 03da 0B       		.uleb128 0xb
 764 03db EC010000 		.4byte	.LASF79
 765 03df 01       		.byte	0x1
 766 03e0 26       		.byte	0x26
 767 03e1 A5000000 		.4byte	0xa5
 768 03e5 5F000000 		.4byte	.LLST2
 769 03e9 0C       		.uleb128 0xc
 770 03ea 12000000 		.4byte	.LBB2
 771 03ee 2A000000 		.4byte	.LBE2-.LBB2
 772 03f2 65040000 		.4byte	0x465
 773 03f6 0D       		.uleb128 0xd
 774 03f7 6900     		.ascii	"i\000"
 775 03f9 01       		.byte	0x1
 776 03fa 2C       		.byte	0x2c
 777 03fb C6000000 		.4byte	0xc6
 778 03ff 8B000000 		.4byte	.LLST3
 779 0403 0E       		.uleb128 0xe
 780 0404 18000000 		.4byte	.LVL5
 781 0408 38050000 		.4byte	0x538
 782 040c 16040000 		.4byte	0x416
 783 0410 0F       		.uleb128 0xf
 784 0411 01       		.uleb128 0x1
 785 0412 50       		.byte	0x50
 786 0413 01       		.uleb128 0x1
 787 0414 30       		.byte	0x30
 788 0415 00       		.byte	0
 789 0416 0E       		.uleb128 0xe
 790 0417 24000000 		.4byte	.LVL6
 791 041b 43050000 		.4byte	0x543
 792 041f 2F040000 		.4byte	0x42f
 793 0423 0F       		.uleb128 0xf
 794 0424 01       		.uleb128 0x1
 795 0425 50       		.byte	0x50
 796 0426 07       		.uleb128 0x7
 797 0427 75       		.byte	0x75
 798 0428 00       		.sleb128 0
 799 0429 74       		.byte	0x74
 800 042a 00       		.sleb128 0
 801 042b 26       		.byte	0x26
 802 042c 31       		.byte	0x31
 803 042d 1A       		.byte	0x1a
 804 042e 00       		.byte	0
 805 042f 0E       		.uleb128 0xe
 806 0430 2A000000 		.4byte	.LVL7
 807 0434 4E050000 		.4byte	0x54e
 808 0438 42040000 		.4byte	0x442
 809 043c 0F       		.uleb128 0xf
 810 043d 01       		.uleb128 0x1
 811 043e 50       		.byte	0x50
 812 043f 01       		.uleb128 0x1
 813 0440 31       		.byte	0x31
 814 0441 00       		.byte	0
 815 0442 0E       		.uleb128 0xe
 816 0443 30000000 		.4byte	.LVL8
 817 0447 38050000 		.4byte	0x538
 818 044b 55040000 		.4byte	0x455
ARM GAS  C:\Users\chemi\AppData\Local\Temp\ccmi0d0r.s 			page 17


 819 044f 0F       		.uleb128 0xf
 820 0450 01       		.uleb128 0x1
 821 0451 50       		.byte	0x50
 822 0452 01       		.uleb128 0x1
 823 0453 31       		.byte	0x31
 824 0454 00       		.byte	0
 825 0455 10       		.uleb128 0x10
 826 0456 36000000 		.4byte	.LVL9
 827 045a 4E050000 		.4byte	0x54e
 828 045e 0F       		.uleb128 0xf
 829 045f 01       		.uleb128 0x1
 830 0460 50       		.byte	0x50
 831 0461 01       		.uleb128 0x1
 832 0462 31       		.byte	0x31
 833 0463 00       		.byte	0
 834 0464 00       		.byte	0
 835 0465 0E       		.uleb128 0xe
 836 0466 0A000000 		.4byte	.LVL2
 837 046a 59050000 		.4byte	0x559
 838 046e 78040000 		.4byte	0x478
 839 0472 0F       		.uleb128 0xf
 840 0473 01       		.uleb128 0x1
 841 0474 50       		.byte	0x50
 842 0475 01       		.uleb128 0x1
 843 0476 30       		.byte	0x30
 844 0477 00       		.byte	0
 845 0478 0E       		.uleb128 0xe
 846 0479 10000000 		.4byte	.LVL3
 847 047d 4E050000 		.4byte	0x54e
 848 0481 8B040000 		.4byte	0x48b
 849 0485 0F       		.uleb128 0xf
 850 0486 01       		.uleb128 0x1
 851 0487 50       		.byte	0x50
 852 0488 01       		.uleb128 0x1
 853 0489 31       		.byte	0x31
 854 048a 00       		.byte	0
 855 048b 0E       		.uleb128 0xe
 856 048c 42000000 		.4byte	.LVL11
 857 0490 38050000 		.4byte	0x538
 858 0494 9E040000 		.4byte	0x49e
 859 0498 0F       		.uleb128 0xf
 860 0499 01       		.uleb128 0x1
 861 049a 50       		.byte	0x50
 862 049b 01       		.uleb128 0x1
 863 049c 30       		.byte	0x30
 864 049d 00       		.byte	0
 865 049e 0E       		.uleb128 0xe
 866 049f 48000000 		.4byte	.LVL12
 867 04a3 43050000 		.4byte	0x543
 868 04a7 B1040000 		.4byte	0x4b1
 869 04ab 0F       		.uleb128 0xf
 870 04ac 01       		.uleb128 0x1
 871 04ad 50       		.byte	0x50
 872 04ae 01       		.uleb128 0x1
 873 04af 30       		.byte	0x30
 874 04b0 00       		.byte	0
 875 04b1 11       		.uleb128 0x11
ARM GAS  C:\Users\chemi\AppData\Local\Temp\ccmi0d0r.s 			page 18


 876 04b2 52000000 		.4byte	.LVL14
 877 04b6 59050000 		.4byte	0x559
 878 04ba 0F       		.uleb128 0xf
 879 04bb 01       		.uleb128 0x1
 880 04bc 50       		.byte	0x50
 881 04bd 01       		.uleb128 0x1
 882 04be 31       		.byte	0x31
 883 04bf 00       		.byte	0
 884 04c0 00       		.byte	0
 885 04c1 12       		.uleb128 0x12
 886 04c2 36040000 		.4byte	.LASF81
 887 04c6 01       		.byte	0x1
 888 04c7 44       		.byte	0x44
 889 04c8 00000000 		.4byte	.LFB69
 890 04cc E8000000 		.4byte	.LFE69-.LFB69
 891 04d0 01       		.uleb128 0x1
 892 04d1 9C       		.byte	0x9c
 893 04d2 1C050000 		.4byte	0x51c
 894 04d6 0A       		.uleb128 0xa
 895 04d7 24030000 		.4byte	.LASF83
 896 04db 01       		.byte	0x1
 897 04dc 44       		.byte	0x44
 898 04dd 2C000000 		.4byte	0x2c
 899 04e1 CC000000 		.4byte	.LLST4
 900 04e5 0B       		.uleb128 0xb
 901 04e6 17020000 		.4byte	.LASF84
 902 04ea 01       		.byte	0x1
 903 04eb 46       		.byte	0x46
 904 04ec 2C000000 		.4byte	0x2c
 905 04f0 05010000 		.4byte	.LLST5
 906 04f4 0B       		.uleb128 0xb
 907 04f5 98010000 		.4byte	.LASF85
 908 04f9 01       		.byte	0x1
 909 04fa 4C       		.byte	0x4c
 910 04fb 2C000000 		.4byte	0x2c
 911 04ff 28010000 		.4byte	.LLST6
 912 0503 0B       		.uleb128 0xb
 913 0504 D2030000 		.4byte	.LASF86
 914 0508 01       		.byte	0x1
 915 0509 4E       		.byte	0x4e
 916 050a 2C000000 		.4byte	0x2c
 917 050e 50020000 		.4byte	.LLST7
 918 0512 13       		.uleb128 0x13
 919 0513 B8000000 		.4byte	.LVL40
 920 0517 A7030000 		.4byte	0x3a7
 921 051b 00       		.byte	0
 922 051c 14       		.uleb128 0x14
 923 051d 0A040000 		.4byte	.LASF87
 924 0521 05       		.byte	0x5
 925 0522 1207     		.2byte	0x712
 926 0524 28050000 		.4byte	0x528
 927 0528 15       		.uleb128 0x15
 928 0529 BB000000 		.4byte	0xbb
 929 052d 16       		.uleb128 0x16
 930 052e 2C030000 		.4byte	.LASF88
 931 0532 04       		.byte	0x4
 932 0533 A1       		.byte	0xa1
ARM GAS  C:\Users\chemi\AppData\Local\Temp\ccmi0d0r.s 			page 19


 933 0534 9C030000 		.4byte	0x39c
 934 0538 17       		.uleb128 0x17
 935 0539 AF040000 		.4byte	.LASF89
 936 053d AF040000 		.4byte	.LASF89
 937 0541 06       		.byte	0x6
 938 0542 26       		.byte	0x26
 939 0543 17       		.uleb128 0x17
 940 0544 CC010000 		.4byte	.LASF90
 941 0548 CC010000 		.4byte	.LASF90
 942 054c 07       		.byte	0x7
 943 054d 26       		.byte	0x26
 944 054e 17       		.uleb128 0x17
 945 054f A3020000 		.4byte	.LASF91
 946 0553 A3020000 		.4byte	.LASF91
 947 0557 08       		.byte	0x8
 948 0558 77       		.byte	0x77
 949 0559 17       		.uleb128 0x17
 950 055a 20000000 		.4byte	.LASF92
 951 055e 20000000 		.4byte	.LASF92
 952 0562 09       		.byte	0x9
 953 0563 26       		.byte	0x26
 954 0564 00       		.byte	0
 955              		.section	.debug_abbrev,"",%progbits
 956              	.Ldebug_abbrev0:
 957 0000 01       		.uleb128 0x1
 958 0001 11       		.uleb128 0x11
 959 0002 01       		.byte	0x1
 960 0003 25       		.uleb128 0x25
 961 0004 0E       		.uleb128 0xe
 962 0005 13       		.uleb128 0x13
 963 0006 0B       		.uleb128 0xb
 964 0007 03       		.uleb128 0x3
 965 0008 0E       		.uleb128 0xe
 966 0009 1B       		.uleb128 0x1b
 967 000a 0E       		.uleb128 0xe
 968 000b 55       		.uleb128 0x55
 969 000c 17       		.uleb128 0x17
 970 000d 11       		.uleb128 0x11
 971 000e 01       		.uleb128 0x1
 972 000f 10       		.uleb128 0x10
 973 0010 17       		.uleb128 0x17
 974 0011 00       		.byte	0
 975 0012 00       		.byte	0
 976 0013 02       		.uleb128 0x2
 977 0014 24       		.uleb128 0x24
 978 0015 00       		.byte	0
 979 0016 0B       		.uleb128 0xb
 980 0017 0B       		.uleb128 0xb
 981 0018 3E       		.uleb128 0x3e
 982 0019 0B       		.uleb128 0xb
 983 001a 03       		.uleb128 0x3
 984 001b 0E       		.uleb128 0xe
 985 001c 00       		.byte	0
 986 001d 00       		.byte	0
 987 001e 03       		.uleb128 0x3
 988 001f 16       		.uleb128 0x16
 989 0020 00       		.byte	0
ARM GAS  C:\Users\chemi\AppData\Local\Temp\ccmi0d0r.s 			page 20


 990 0021 03       		.uleb128 0x3
 991 0022 0E       		.uleb128 0xe
 992 0023 3A       		.uleb128 0x3a
 993 0024 0B       		.uleb128 0xb
 994 0025 3B       		.uleb128 0x3b
 995 0026 0B       		.uleb128 0xb
 996 0027 49       		.uleb128 0x49
 997 0028 13       		.uleb128 0x13
 998 0029 00       		.byte	0
 999 002a 00       		.byte	0
 1000 002b 04       		.uleb128 0x4
 1001 002c 24       		.uleb128 0x24
 1002 002d 00       		.byte	0
 1003 002e 0B       		.uleb128 0xb
 1004 002f 0B       		.uleb128 0xb
 1005 0030 3E       		.uleb128 0x3e
 1006 0031 0B       		.uleb128 0xb
 1007 0032 03       		.uleb128 0x3
 1008 0033 08       		.uleb128 0x8
 1009 0034 00       		.byte	0
 1010 0035 00       		.byte	0
 1011 0036 05       		.uleb128 0x5
 1012 0037 13       		.uleb128 0x13
 1013 0038 01       		.byte	0x1
 1014 0039 03       		.uleb128 0x3
 1015 003a 0E       		.uleb128 0xe
 1016 003b 0B       		.uleb128 0xb
 1017 003c 0B       		.uleb128 0xb
 1018 003d 3A       		.uleb128 0x3a
 1019 003e 0B       		.uleb128 0xb
 1020 003f 3B       		.uleb128 0x3b
 1021 0040 0B       		.uleb128 0xb
 1022 0041 01       		.uleb128 0x1
 1023 0042 13       		.uleb128 0x13
 1024 0043 00       		.byte	0
 1025 0044 00       		.byte	0
 1026 0045 06       		.uleb128 0x6
 1027 0046 0D       		.uleb128 0xd
 1028 0047 00       		.byte	0
 1029 0048 03       		.uleb128 0x3
 1030 0049 0E       		.uleb128 0xe
 1031 004a 3A       		.uleb128 0x3a
 1032 004b 0B       		.uleb128 0xb
 1033 004c 3B       		.uleb128 0x3b
 1034 004d 0B       		.uleb128 0xb
 1035 004e 49       		.uleb128 0x49
 1036 004f 13       		.uleb128 0x13
 1037 0050 38       		.uleb128 0x38
 1038 0051 0B       		.uleb128 0xb
 1039 0052 00       		.byte	0
 1040 0053 00       		.byte	0
 1041 0054 07       		.uleb128 0x7
 1042 0055 01       		.uleb128 0x1
 1043 0056 01       		.byte	0x1
 1044 0057 49       		.uleb128 0x49
 1045 0058 13       		.uleb128 0x13
 1046 0059 01       		.uleb128 0x1
ARM GAS  C:\Users\chemi\AppData\Local\Temp\ccmi0d0r.s 			page 21


 1047 005a 13       		.uleb128 0x13
 1048 005b 00       		.byte	0
 1049 005c 00       		.byte	0
 1050 005d 08       		.uleb128 0x8
 1051 005e 21       		.uleb128 0x21
 1052 005f 00       		.byte	0
 1053 0060 49       		.uleb128 0x49
 1054 0061 13       		.uleb128 0x13
 1055 0062 2F       		.uleb128 0x2f
 1056 0063 0B       		.uleb128 0xb
 1057 0064 00       		.byte	0
 1058 0065 00       		.byte	0
 1059 0066 09       		.uleb128 0x9
 1060 0067 2E       		.uleb128 0x2e
 1061 0068 01       		.byte	0x1
 1062 0069 3F       		.uleb128 0x3f
 1063 006a 19       		.uleb128 0x19
 1064 006b 03       		.uleb128 0x3
 1065 006c 0E       		.uleb128 0xe
 1066 006d 3A       		.uleb128 0x3a
 1067 006e 0B       		.uleb128 0xb
 1068 006f 3B       		.uleb128 0x3b
 1069 0070 0B       		.uleb128 0xb
 1070 0071 27       		.uleb128 0x27
 1071 0072 19       		.uleb128 0x19
 1072 0073 11       		.uleb128 0x11
 1073 0074 01       		.uleb128 0x1
 1074 0075 12       		.uleb128 0x12
 1075 0076 06       		.uleb128 0x6
 1076 0077 40       		.uleb128 0x40
 1077 0078 18       		.uleb128 0x18
 1078 0079 9742     		.uleb128 0x2117
 1079 007b 19       		.uleb128 0x19
 1080 007c 01       		.uleb128 0x1
 1081 007d 13       		.uleb128 0x13
 1082 007e 00       		.byte	0
 1083 007f 00       		.byte	0
 1084 0080 0A       		.uleb128 0xa
 1085 0081 05       		.uleb128 0x5
 1086 0082 00       		.byte	0
 1087 0083 03       		.uleb128 0x3
 1088 0084 0E       		.uleb128 0xe
 1089 0085 3A       		.uleb128 0x3a
 1090 0086 0B       		.uleb128 0xb
 1091 0087 3B       		.uleb128 0x3b
 1092 0088 0B       		.uleb128 0xb
 1093 0089 49       		.uleb128 0x49
 1094 008a 13       		.uleb128 0x13
 1095 008b 02       		.uleb128 0x2
 1096 008c 17       		.uleb128 0x17
 1097 008d 00       		.byte	0
 1098 008e 00       		.byte	0
 1099 008f 0B       		.uleb128 0xb
 1100 0090 34       		.uleb128 0x34
 1101 0091 00       		.byte	0
 1102 0092 03       		.uleb128 0x3
 1103 0093 0E       		.uleb128 0xe
ARM GAS  C:\Users\chemi\AppData\Local\Temp\ccmi0d0r.s 			page 22


 1104 0094 3A       		.uleb128 0x3a
 1105 0095 0B       		.uleb128 0xb
 1106 0096 3B       		.uleb128 0x3b
 1107 0097 0B       		.uleb128 0xb
 1108 0098 49       		.uleb128 0x49
 1109 0099 13       		.uleb128 0x13
 1110 009a 02       		.uleb128 0x2
 1111 009b 17       		.uleb128 0x17
 1112 009c 00       		.byte	0
 1113 009d 00       		.byte	0
 1114 009e 0C       		.uleb128 0xc
 1115 009f 0B       		.uleb128 0xb
 1116 00a0 01       		.byte	0x1
 1117 00a1 11       		.uleb128 0x11
 1118 00a2 01       		.uleb128 0x1
 1119 00a3 12       		.uleb128 0x12
 1120 00a4 06       		.uleb128 0x6
 1121 00a5 01       		.uleb128 0x1
 1122 00a6 13       		.uleb128 0x13
 1123 00a7 00       		.byte	0
 1124 00a8 00       		.byte	0
 1125 00a9 0D       		.uleb128 0xd
 1126 00aa 34       		.uleb128 0x34
 1127 00ab 00       		.byte	0
 1128 00ac 03       		.uleb128 0x3
 1129 00ad 08       		.uleb128 0x8
 1130 00ae 3A       		.uleb128 0x3a
 1131 00af 0B       		.uleb128 0xb
 1132 00b0 3B       		.uleb128 0x3b
 1133 00b1 0B       		.uleb128 0xb
 1134 00b2 49       		.uleb128 0x49
 1135 00b3 13       		.uleb128 0x13
 1136 00b4 02       		.uleb128 0x2
 1137 00b5 17       		.uleb128 0x17
 1138 00b6 00       		.byte	0
 1139 00b7 00       		.byte	0
 1140 00b8 0E       		.uleb128 0xe
 1141 00b9 898201   		.uleb128 0x4109
 1142 00bc 01       		.byte	0x1
 1143 00bd 11       		.uleb128 0x11
 1144 00be 01       		.uleb128 0x1
 1145 00bf 31       		.uleb128 0x31
 1146 00c0 13       		.uleb128 0x13
 1147 00c1 01       		.uleb128 0x1
 1148 00c2 13       		.uleb128 0x13
 1149 00c3 00       		.byte	0
 1150 00c4 00       		.byte	0
 1151 00c5 0F       		.uleb128 0xf
 1152 00c6 8A8201   		.uleb128 0x410a
 1153 00c9 00       		.byte	0
 1154 00ca 02       		.uleb128 0x2
 1155 00cb 18       		.uleb128 0x18
 1156 00cc 9142     		.uleb128 0x2111
 1157 00ce 18       		.uleb128 0x18
 1158 00cf 00       		.byte	0
 1159 00d0 00       		.byte	0
 1160 00d1 10       		.uleb128 0x10
ARM GAS  C:\Users\chemi\AppData\Local\Temp\ccmi0d0r.s 			page 23


 1161 00d2 898201   		.uleb128 0x4109
 1162 00d5 01       		.byte	0x1
 1163 00d6 11       		.uleb128 0x11
 1164 00d7 01       		.uleb128 0x1
 1165 00d8 31       		.uleb128 0x31
 1166 00d9 13       		.uleb128 0x13
 1167 00da 00       		.byte	0
 1168 00db 00       		.byte	0
 1169 00dc 11       		.uleb128 0x11
 1170 00dd 898201   		.uleb128 0x4109
 1171 00e0 01       		.byte	0x1
 1172 00e1 11       		.uleb128 0x11
 1173 00e2 01       		.uleb128 0x1
 1174 00e3 9542     		.uleb128 0x2115
 1175 00e5 19       		.uleb128 0x19
 1176 00e6 31       		.uleb128 0x31
 1177 00e7 13       		.uleb128 0x13
 1178 00e8 00       		.byte	0
 1179 00e9 00       		.byte	0
 1180 00ea 12       		.uleb128 0x12
 1181 00eb 2E       		.uleb128 0x2e
 1182 00ec 01       		.byte	0x1
 1183 00ed 3F       		.uleb128 0x3f
 1184 00ee 19       		.uleb128 0x19
 1185 00ef 03       		.uleb128 0x3
 1186 00f0 0E       		.uleb128 0xe
 1187 00f1 3A       		.uleb128 0x3a
 1188 00f2 0B       		.uleb128 0xb
 1189 00f3 3B       		.uleb128 0x3b
 1190 00f4 0B       		.uleb128 0xb
 1191 00f5 27       		.uleb128 0x27
 1192 00f6 19       		.uleb128 0x19
 1193 00f7 11       		.uleb128 0x11
 1194 00f8 01       		.uleb128 0x1
 1195 00f9 12       		.uleb128 0x12
 1196 00fa 06       		.uleb128 0x6
 1197 00fb 40       		.uleb128 0x40
 1198 00fc 18       		.uleb128 0x18
 1199 00fd 9642     		.uleb128 0x2116
 1200 00ff 19       		.uleb128 0x19
 1201 0100 01       		.uleb128 0x1
 1202 0101 13       		.uleb128 0x13
 1203 0102 00       		.byte	0
 1204 0103 00       		.byte	0
 1205 0104 13       		.uleb128 0x13
 1206 0105 898201   		.uleb128 0x4109
 1207 0108 00       		.byte	0
 1208 0109 11       		.uleb128 0x11
 1209 010a 01       		.uleb128 0x1
 1210 010b 9542     		.uleb128 0x2115
 1211 010d 19       		.uleb128 0x19
 1212 010e 31       		.uleb128 0x31
 1213 010f 13       		.uleb128 0x13
 1214 0110 00       		.byte	0
 1215 0111 00       		.byte	0
 1216 0112 14       		.uleb128 0x14
 1217 0113 34       		.uleb128 0x34
ARM GAS  C:\Users\chemi\AppData\Local\Temp\ccmi0d0r.s 			page 24


 1218 0114 00       		.byte	0
 1219 0115 03       		.uleb128 0x3
 1220 0116 0E       		.uleb128 0xe
 1221 0117 3A       		.uleb128 0x3a
 1222 0118 0B       		.uleb128 0xb
 1223 0119 3B       		.uleb128 0x3b
 1224 011a 05       		.uleb128 0x5
 1225 011b 49       		.uleb128 0x49
 1226 011c 13       		.uleb128 0x13
 1227 011d 3F       		.uleb128 0x3f
 1228 011e 19       		.uleb128 0x19
 1229 011f 3C       		.uleb128 0x3c
 1230 0120 19       		.uleb128 0x19
 1231 0121 00       		.byte	0
 1232 0122 00       		.byte	0
 1233 0123 15       		.uleb128 0x15
 1234 0124 35       		.uleb128 0x35
 1235 0125 00       		.byte	0
 1236 0126 49       		.uleb128 0x49
 1237 0127 13       		.uleb128 0x13
 1238 0128 00       		.byte	0
 1239 0129 00       		.byte	0
 1240 012a 16       		.uleb128 0x16
 1241 012b 34       		.uleb128 0x34
 1242 012c 00       		.byte	0
 1243 012d 03       		.uleb128 0x3
 1244 012e 0E       		.uleb128 0xe
 1245 012f 3A       		.uleb128 0x3a
 1246 0130 0B       		.uleb128 0xb
 1247 0131 3B       		.uleb128 0x3b
 1248 0132 0B       		.uleb128 0xb
 1249 0133 49       		.uleb128 0x49
 1250 0134 13       		.uleb128 0x13
 1251 0135 3F       		.uleb128 0x3f
 1252 0136 19       		.uleb128 0x19
 1253 0137 3C       		.uleb128 0x3c
 1254 0138 19       		.uleb128 0x19
 1255 0139 00       		.byte	0
 1256 013a 00       		.byte	0
 1257 013b 17       		.uleb128 0x17
 1258 013c 2E       		.uleb128 0x2e
 1259 013d 00       		.byte	0
 1260 013e 3F       		.uleb128 0x3f
 1261 013f 19       		.uleb128 0x19
 1262 0140 3C       		.uleb128 0x3c
 1263 0141 19       		.uleb128 0x19
 1264 0142 6E       		.uleb128 0x6e
 1265 0143 0E       		.uleb128 0xe
 1266 0144 03       		.uleb128 0x3
 1267 0145 0E       		.uleb128 0xe
 1268 0146 3A       		.uleb128 0x3a
 1269 0147 0B       		.uleb128 0xb
 1270 0148 3B       		.uleb128 0x3b
 1271 0149 0B       		.uleb128 0xb
 1272 014a 00       		.byte	0
 1273 014b 00       		.byte	0
 1274 014c 00       		.byte	0
ARM GAS  C:\Users\chemi\AppData\Local\Temp\ccmi0d0r.s 			page 25


 1275              		.section	.debug_loc,"",%progbits
 1276              	.Ldebug_loc0:
 1277              	.LLST0:
 1278 0000 00000000 		.4byte	.LVL0
 1279 0004 06000000 		.4byte	.LVL1
 1280 0008 0100     		.2byte	0x1
 1281 000a 50       		.byte	0x50
 1282 000b 06000000 		.4byte	.LVL1
 1283 000f 52000000 		.4byte	.LFE68
 1284 0013 0400     		.2byte	0x4
 1285 0015 F3       		.byte	0xf3
 1286 0016 01       		.uleb128 0x1
 1287 0017 50       		.byte	0x50
 1288 0018 9F       		.byte	0x9f
 1289 0019 00000000 		.4byte	0
 1290 001d 00000000 		.4byte	0
 1291              	.LLST1:
 1292 0021 00000000 		.4byte	.LVL0
 1293 0025 12000000 		.4byte	.LVL4
 1294 0029 0200     		.2byte	0x2
 1295 002b 30       		.byte	0x30
 1296 002c 9F       		.byte	0x9f
 1297 002d 18000000 		.4byte	.LVL5
 1298 0031 3A000000 		.4byte	.LVL10
 1299 0035 0B00     		.2byte	0xb
 1300 0037 75       		.byte	0x75
 1301 0038 00       		.sleb128 0
 1302 0039 08       		.byte	0x8
 1303 003a FF       		.byte	0xff
 1304 003b 1A       		.byte	0x1a
 1305 003c 74       		.byte	0x74
 1306 003d 00       		.sleb128 0
 1307 003e 26       		.byte	0x26
 1308 003f 31       		.byte	0x31
 1309 0040 1A       		.byte	0x1a
 1310 0041 9F       		.byte	0x9f
 1311 0042 3A000000 		.4byte	.LVL10
 1312 0046 4C000000 		.4byte	.LVL13
 1313 004a 0B00     		.2byte	0xb
 1314 004c 75       		.byte	0x75
 1315 004d 00       		.sleb128 0
 1316 004e 08       		.byte	0x8
 1317 004f FF       		.byte	0xff
 1318 0050 1A       		.byte	0x1a
 1319 0051 74       		.byte	0x74
 1320 0052 01       		.sleb128 1
 1321 0053 26       		.byte	0x26
 1322 0054 31       		.byte	0x31
 1323 0055 1A       		.byte	0x1a
 1324 0056 9F       		.byte	0x9f
 1325 0057 00000000 		.4byte	0
 1326 005b 00000000 		.4byte	0
 1327              	.LLST2:
 1328 005f 00000000 		.4byte	.LVL0
 1329 0063 12000000 		.4byte	.LVL4
 1330 0067 0200     		.2byte	0x2
 1331 0069 37       		.byte	0x37
ARM GAS  C:\Users\chemi\AppData\Local\Temp\ccmi0d0r.s 			page 26


 1332 006a 9F       		.byte	0x9f
 1333 006b 12000000 		.4byte	.LVL4
 1334 006f 30000000 		.4byte	.LVL8
 1335 0073 0100     		.2byte	0x1
 1336 0075 54       		.byte	0x54
 1337 0076 30000000 		.4byte	.LVL8
 1338 007a 3A000000 		.4byte	.LVL10
 1339 007e 0300     		.2byte	0x3
 1340 0080 74       		.byte	0x74
 1341 0081 7F       		.sleb128 -1
 1342 0082 9F       		.byte	0x9f
 1343 0083 00000000 		.4byte	0
 1344 0087 00000000 		.4byte	0
 1345              	.LLST3:
 1346 008b 10000000 		.4byte	.LVL3
 1347 008f 12000000 		.4byte	.LVL4
 1348 0093 0200     		.2byte	0x2
 1349 0095 30       		.byte	0x30
 1350 0096 9F       		.byte	0x9f
 1351 0097 12000000 		.4byte	.LVL4
 1352 009b 36000000 		.4byte	.LVL9
 1353 009f 0500     		.2byte	0x5
 1354 00a1 37       		.byte	0x37
 1355 00a2 74       		.byte	0x74
 1356 00a3 00       		.sleb128 0
 1357 00a4 1C       		.byte	0x1c
 1358 00a5 9F       		.byte	0x9f
 1359 00a6 36000000 		.4byte	.LVL9
 1360 00aa 3A000000 		.4byte	.LVL10
 1361 00ae 0500     		.2byte	0x5
 1362 00b0 38       		.byte	0x38
 1363 00b1 74       		.byte	0x74
 1364 00b2 00       		.sleb128 0
 1365 00b3 1C       		.byte	0x1c
 1366 00b4 9F       		.byte	0x9f
 1367 00b5 3A000000 		.4byte	.LVL10
 1368 00b9 4C000000 		.4byte	.LVL13
 1369 00bd 0500     		.2byte	0x5
 1370 00bf 37       		.byte	0x37
 1371 00c0 74       		.byte	0x74
 1372 00c1 00       		.sleb128 0
 1373 00c2 1C       		.byte	0x1c
 1374 00c3 9F       		.byte	0x9f
 1375 00c4 00000000 		.4byte	0
 1376 00c8 00000000 		.4byte	0
 1377              	.LLST4:
 1378 00cc 00000000 		.4byte	.LVL15
 1379 00d0 16000000 		.4byte	.LVL17
 1380 00d4 0100     		.2byte	0x1
 1381 00d6 50       		.byte	0x50
 1382 00d7 16000000 		.4byte	.LVL17
 1383 00db 19000000 		.4byte	.LVL18-1
 1384 00df 0100     		.2byte	0x1
 1385 00e1 51       		.byte	0x51
 1386 00e2 19000000 		.4byte	.LVL18-1
 1387 00e6 92000000 		.4byte	.LVL32
 1388 00ea 0100     		.2byte	0x1
ARM GAS  C:\Users\chemi\AppData\Local\Temp\ccmi0d0r.s 			page 27


 1389 00ec 54       		.byte	0x54
 1390 00ed 92000000 		.4byte	.LVL32
 1391 00f1 E8000000 		.4byte	.LFE69
 1392 00f5 0600     		.2byte	0x6
 1393 00f7 F3       		.byte	0xf3
 1394 00f8 03       		.uleb128 0x3
 1395 00f9 F5       		.byte	0xf5
 1396 00fa 00       		.uleb128 0
 1397 00fb 2C       		.uleb128 0x2c
 1398 00fc 9F       		.byte	0x9f
 1399 00fd 00000000 		.4byte	0
 1400 0101 00000000 		.4byte	0
 1401              	.LLST5:
 1402 0105 00000000 		.4byte	.LVL15
 1403 0109 14000000 		.4byte	.LVL16
 1404 010d 0600     		.2byte	0x6
 1405 010f 9E       		.byte	0x9e
 1406 0110 04       		.uleb128 0x4
 1407 0111 00404E45 		.4byte	0x454e4000
 1408 0115 14000000 		.4byte	.LVL16
 1409 0119 B2000000 		.4byte	.LVL39
 1410 011d 0100     		.2byte	0x1
 1411 011f 55       		.byte	0x55
 1412 0120 00000000 		.4byte	0
 1413 0124 00000000 		.4byte	0
 1414              	.LLST6:
 1415 0128 14000000 		.4byte	.LVL16
 1416 012c 16000000 		.4byte	.LVL17
 1417 0130 3D00     		.2byte	0x3d
 1418 0132 F5       		.byte	0xf5
 1419 0133 05       		.uleb128 0x5
 1420 0134 2C       		.uleb128 0x2c
 1421 0135 F5       		.byte	0xf5
 1422 0136 00       		.uleb128 0
 1423 0137 2C       		.uleb128 0x2c
 1424 0138 1E       		.byte	0x1e
 1425 0139 F7       		.byte	0xf7
 1426 013a 25       		.uleb128 0x25
 1427 013b F5       		.byte	0xf5
 1428 013c 05       		.uleb128 0x5
 1429 013d 2C       		.uleb128 0x2c
 1430 013e F7       		.byte	0xf7
 1431 013f 25       		.uleb128 0x25
 1432 0140 F4       		.byte	0xf4
 1433 0141 25       		.uleb128 0x25
 1434 0142 08       		.byte	0x8
 1435 0143 9A999999 		.4byte	0x9999999a
 1436 0147 9999E93F 		.4byte	0x3fe99999
 1437 014b 1E       		.byte	0x1e
 1438 014c 1C       		.byte	0x1c
 1439 014d F4       		.byte	0xf4
 1440 014e 25       		.uleb128 0x25
 1441 014f 08       		.byte	0x8
 1442 0150 00000000 		.4byte	0
 1443 0154 0004F040 		.4byte	0x40f00400
 1444 0158 1C       		.byte	0x1c
 1445 0159 F5       		.byte	0xf5
ARM GAS  C:\Users\chemi\AppData\Local\Temp\ccmi0d0r.s 			page 28


 1446 015a 00       		.uleb128 0
 1447 015b 2C       		.uleb128 0x2c
 1448 015c 1F       		.byte	0x1f
 1449 015d F7       		.byte	0xf7
 1450 015e 25       		.uleb128 0x25
 1451 015f 1B       		.byte	0x1b
 1452 0160 F4       		.byte	0xf4
 1453 0161 25       		.uleb128 0x25
 1454 0162 08       		.byte	0x8
 1455 0163 9A999999 		.4byte	0x9999999a
 1456 0167 9999E93F 		.4byte	0x3fe99999
 1457 016b 22       		.byte	0x22
 1458 016c F7       		.byte	0xf7
 1459 016d 2C       		.uleb128 0x2c
 1460 016e 9F       		.byte	0x9f
 1461 016f 16000000 		.4byte	.LVL17
 1462 0173 19000000 		.4byte	.LVL18-1
 1463 0177 3D00     		.2byte	0x3d
 1464 0179 F5       		.byte	0xf5
 1465 017a 05       		.uleb128 0x5
 1466 017b 2C       		.uleb128 0x2c
 1467 017c F5       		.byte	0xf5
 1468 017d 01       		.uleb128 0x1
 1469 017e 2C       		.uleb128 0x2c
 1470 017f 1E       		.byte	0x1e
 1471 0180 F7       		.byte	0xf7
 1472 0181 25       		.uleb128 0x25
 1473 0182 F5       		.byte	0xf5
 1474 0183 05       		.uleb128 0x5
 1475 0184 2C       		.uleb128 0x2c
 1476 0185 F7       		.byte	0xf7
 1477 0186 25       		.uleb128 0x25
 1478 0187 F4       		.byte	0xf4
 1479 0188 25       		.uleb128 0x25
 1480 0189 08       		.byte	0x8
 1481 018a 9A999999 		.4byte	0x9999999a
 1482 018e 9999E93F 		.4byte	0x3fe99999
 1483 0192 1E       		.byte	0x1e
 1484 0193 1C       		.byte	0x1c
 1485 0194 F4       		.byte	0xf4
 1486 0195 25       		.uleb128 0x25
 1487 0196 08       		.byte	0x8
 1488 0197 00000000 		.4byte	0
 1489 019b 0004F040 		.4byte	0x40f00400
 1490 019f 1C       		.byte	0x1c
 1491 01a0 F5       		.byte	0xf5
 1492 01a1 01       		.uleb128 0x1
 1493 01a2 2C       		.uleb128 0x2c
 1494 01a3 1F       		.byte	0x1f
 1495 01a4 F7       		.byte	0xf7
 1496 01a5 25       		.uleb128 0x25
 1497 01a6 1B       		.byte	0x1b
 1498 01a7 F4       		.byte	0xf4
 1499 01a8 25       		.uleb128 0x25
 1500 01a9 08       		.byte	0x8
 1501 01aa 9A999999 		.4byte	0x9999999a
 1502 01ae 9999E93F 		.4byte	0x3fe99999
ARM GAS  C:\Users\chemi\AppData\Local\Temp\ccmi0d0r.s 			page 29


 1503 01b2 22       		.byte	0x22
 1504 01b3 F7       		.byte	0xf7
 1505 01b4 2C       		.uleb128 0x2c
 1506 01b5 9F       		.byte	0x9f
 1507 01b6 19000000 		.4byte	.LVL18-1
 1508 01ba 92000000 		.4byte	.LVL32
 1509 01be 3D00     		.2byte	0x3d
 1510 01c0 F5       		.byte	0xf5
 1511 01c1 05       		.uleb128 0x5
 1512 01c2 2C       		.uleb128 0x2c
 1513 01c3 F5       		.byte	0xf5
 1514 01c4 04       		.uleb128 0x4
 1515 01c5 2C       		.uleb128 0x2c
 1516 01c6 1E       		.byte	0x1e
 1517 01c7 F7       		.byte	0xf7
 1518 01c8 25       		.uleb128 0x25
 1519 01c9 F5       		.byte	0xf5
 1520 01ca 05       		.uleb128 0x5
 1521 01cb 2C       		.uleb128 0x2c
 1522 01cc F7       		.byte	0xf7
 1523 01cd 25       		.uleb128 0x25
 1524 01ce F4       		.byte	0xf4
 1525 01cf 25       		.uleb128 0x25
 1526 01d0 08       		.byte	0x8
 1527 01d1 9A999999 		.4byte	0x9999999a
 1528 01d5 9999E93F 		.4byte	0x3fe99999
 1529 01d9 1E       		.byte	0x1e
 1530 01da 1C       		.byte	0x1c
 1531 01db F4       		.byte	0xf4
 1532 01dc 25       		.uleb128 0x25
 1533 01dd 08       		.byte	0x8
 1534 01de 00000000 		.4byte	0
 1535 01e2 0004F040 		.4byte	0x40f00400
 1536 01e6 1C       		.byte	0x1c
 1537 01e7 F5       		.byte	0xf5
 1538 01e8 04       		.uleb128 0x4
 1539 01e9 2C       		.uleb128 0x2c
 1540 01ea 1F       		.byte	0x1f
 1541 01eb F7       		.byte	0xf7
 1542 01ec 25       		.uleb128 0x25
 1543 01ed 1B       		.byte	0x1b
 1544 01ee F4       		.byte	0xf4
 1545 01ef 25       		.uleb128 0x25
 1546 01f0 08       		.byte	0x8
 1547 01f1 9A999999 		.4byte	0x9999999a
 1548 01f5 9999E93F 		.4byte	0x3fe99999
 1549 01f9 22       		.byte	0x22
 1550 01fa F7       		.byte	0xf7
 1551 01fb 2C       		.uleb128 0x2c
 1552 01fc 9F       		.byte	0x9f
 1553 01fd 92000000 		.4byte	.LVL32
 1554 0201 B2000000 		.4byte	.LVL39
 1555 0205 4100     		.2byte	0x41
 1556 0207 F5       		.byte	0xf5
 1557 0208 05       		.uleb128 0x5
 1558 0209 2C       		.uleb128 0x2c
 1559 020a F3       		.byte	0xf3
ARM GAS  C:\Users\chemi\AppData\Local\Temp\ccmi0d0r.s 			page 30


 1560 020b 03       		.uleb128 0x3
 1561 020c F5       		.byte	0xf5
 1562 020d 00       		.uleb128 0
 1563 020e 2C       		.uleb128 0x2c
 1564 020f 1E       		.byte	0x1e
 1565 0210 F7       		.byte	0xf7
 1566 0211 25       		.uleb128 0x25
 1567 0212 F5       		.byte	0xf5
 1568 0213 05       		.uleb128 0x5
 1569 0214 2C       		.uleb128 0x2c
 1570 0215 F7       		.byte	0xf7
 1571 0216 25       		.uleb128 0x25
 1572 0217 F4       		.byte	0xf4
 1573 0218 25       		.uleb128 0x25
 1574 0219 08       		.byte	0x8
 1575 021a 9A999999 		.4byte	0x9999999a
 1576 021e 9999E93F 		.4byte	0x3fe99999
 1577 0222 1E       		.byte	0x1e
 1578 0223 1C       		.byte	0x1c
 1579 0224 F4       		.byte	0xf4
 1580 0225 25       		.uleb128 0x25
 1581 0226 08       		.byte	0x8
 1582 0227 00000000 		.4byte	0
 1583 022b 0004F040 		.4byte	0x40f00400
 1584 022f 1C       		.byte	0x1c
 1585 0230 F3       		.byte	0xf3
 1586 0231 03       		.uleb128 0x3
 1587 0232 F5       		.byte	0xf5
 1588 0233 00       		.uleb128 0
 1589 0234 2C       		.uleb128 0x2c
 1590 0235 1F       		.byte	0x1f
 1591 0236 F7       		.byte	0xf7
 1592 0237 25       		.uleb128 0x25
 1593 0238 1B       		.byte	0x1b
 1594 0239 F4       		.byte	0xf4
 1595 023a 25       		.uleb128 0x25
 1596 023b 08       		.byte	0x8
 1597 023c 9A999999 		.4byte	0x9999999a
 1598 0240 9999E93F 		.4byte	0x3fe99999
 1599 0244 22       		.byte	0x22
 1600 0245 F7       		.byte	0xf7
 1601 0246 2C       		.uleb128 0x2c
 1602 0247 9F       		.byte	0x9f
 1603 0248 00000000 		.4byte	0
 1604 024c 00000000 		.4byte	0
 1605              	.LLST7:
 1606 0250 92000000 		.4byte	.LVL32
 1607 0254 95000000 		.4byte	.LVL33-1
 1608 0258 0100     		.2byte	0x1
 1609 025a 50       		.byte	0x50
 1610 025b 95000000 		.4byte	.LVL33-1
 1611 025f A4000000 		.4byte	.LVL35
 1612 0263 0100     		.2byte	0x1
 1613 0265 54       		.byte	0x54
 1614 0266 A6000000 		.4byte	.LVL36
 1615 026a B2000000 		.4byte	.LVL39
 1616 026e 0100     		.2byte	0x1
ARM GAS  C:\Users\chemi\AppData\Local\Temp\ccmi0d0r.s 			page 31


 1617 0270 54       		.byte	0x54
 1618 0271 00000000 		.4byte	0
 1619 0275 00000000 		.4byte	0
 1620              		.section	.debug_aranges,"",%progbits
 1621 0000 24000000 		.4byte	0x24
 1622 0004 0200     		.2byte	0x2
 1623 0006 00000000 		.4byte	.Ldebug_info0
 1624 000a 04       		.byte	0x4
 1625 000b 00       		.byte	0
 1626 000c 0000     		.2byte	0
 1627 000e 0000     		.2byte	0
 1628 0010 00000000 		.4byte	.LFB68
 1629 0014 52000000 		.4byte	.LFE68-.LFB68
 1630 0018 00000000 		.4byte	.LFB69
 1631 001c E8000000 		.4byte	.LFE69-.LFB69
 1632 0020 00000000 		.4byte	0
 1633 0024 00000000 		.4byte	0
 1634              		.section	.debug_ranges,"",%progbits
 1635              	.Ldebug_ranges0:
 1636 0000 00000000 		.4byte	.LFB68
 1637 0004 52000000 		.4byte	.LFE68
 1638 0008 00000000 		.4byte	.LFB69
 1639 000c E8000000 		.4byte	.LFE69
 1640 0010 00000000 		.4byte	0
 1641 0014 00000000 		.4byte	0
 1642              		.section	.debug_line,"",%progbits
 1643              	.Ldebug_line0:
 1644 0000 1E020000 		.section	.debug_str,"MS",%progbits,1
 1644      0200BC01 
 1644      00000201 
 1644      FB0E0D00 
 1644      01010101 
 1645              	.LASF1:
 1646 0000 666C6F61 		.ascii	"float\000"
 1646      7400
 1647              	.LASF69:
 1648 0006 6175746F 		.ascii	"autostart\000"
 1648      73746172 
 1648      7400
 1649              	.LASF28:
 1650 0010 6D61785F 		.ascii	"max_qcw_current\000"
 1650      7163775F 
 1650      63757272 
 1650      656E7400 
 1651              	.LASF92:
 1652 0020 64696769 		.ascii	"digipot_ncs_Write\000"
 1652      706F745F 
 1652      6E63735F 
 1652      57726974 
 1652      6500
 1653              	.LASF21:
 1654 0032 77617463 		.ascii	"watchdog\000"
 1654      68646F67 
 1654      00
 1655              	.LASF80:
 1656 003b 64696769 		.ascii	"digipot_write\000"
 1656      706F745F 
ARM GAS  C:\Users\chemi\AppData\Local\Temp\ccmi0d0r.s 			page 32


 1656      77726974 
 1656      6500
 1657              	.LASF4:
 1658 0049 73686F72 		.ascii	"short int\000"
 1658      7420696E 
 1658      7400
 1659              	.LASF34:
 1660 0053 6374325F 		.ascii	"ct2_burden\000"
 1660      62757264 
 1660      656E00
 1661              	.LASF20:
 1662 005e 73697A65 		.ascii	"sizetype\000"
 1662      74797065 
 1662      00
 1663              	.LASF24:
 1664 0067 6D61785F 		.ascii	"max_tr_prf\000"
 1664      74725F70 
 1664      726600
 1665              	.LASF52:
 1666 0072 6374325F 		.ascii	"ct2_current\000"
 1666      63757272 
 1666      656E7400 
 1667              	.LASF10:
 1668 007e 5F5F7569 		.ascii	"__uint32_t\000"
 1668      6E743332 
 1668      5F7400
 1669              	.LASF93:
 1670 0089 474E5520 		.ascii	"GNU C99 5.4.1 20160609 (release) [ARM/embedded-5-br"
 1670      43393920 
 1670      352E342E 
 1670      31203230 
 1670      31363036 
 1671 00bc 616E6368 		.ascii	"anch revision 237715] -mcpu=cortex-m3 -mthumb -g -O"
 1671      20726576 
 1671      6973696F 
 1671      6E203233 
 1671      37373135 
 1672 00ef 73202D73 		.ascii	"s -std=gnu99 -ffunction-sections -ffat-lto-objects\000"
 1672      74643D67 
 1672      6E753939 
 1672      202D6666 
 1672      756E6374 
 1673              	.LASF43:
 1674 0122 7069645F 		.ascii	"pid_temp_mode\000"
 1674      74656D70 
 1674      5F6D6F64 
 1674      6500
 1675              	.LASF74:
 1676 0130 636F6D70 		.ascii	"compressor_release\000"
 1676      72657373 
 1676      6F725F72 
 1676      656C6561 
 1676      736500
 1677              	.LASF6:
 1678 0143 5F5F7569 		.ascii	"__uint16_t\000"
 1678      6E743136 
 1678      5F7400
ARM GAS  C:\Users\chemi\AppData\Local\Temp\ccmi0d0r.s 			page 33


 1679              	.LASF32:
 1680 014e 6374325F 		.ascii	"ct2_ratio\000"
 1680      72617469 
 1680      6F00
 1681              	.LASF68:
 1682 0158 68775F72 		.ascii	"hw_rev\000"
 1682      657600
 1683              	.LASF82:
 1684 015f 76616C75 		.ascii	"value\000"
 1684      6500
 1685              	.LASF26:
 1686 0165 6D61785F 		.ascii	"max_tr_current\000"
 1686      74725F63 
 1686      75727265 
 1686      6E7400
 1687              	.LASF15:
 1688 0174 75696E74 		.ascii	"uint8_t\000"
 1688      385F7400 
 1689              	.LASF29:
 1690 017c 74656D70 		.ascii	"temp1_max\000"
 1690      315F6D61 
 1690      7800
 1691              	.LASF63:
 1692 0186 6E74635F 		.ascii	"ntc_r25\000"
 1692      72323500 
 1693              	.LASF30:
 1694 018e 74656D70 		.ascii	"temp2_max\000"
 1694      325F6D61 
 1694      7800
 1695              	.LASF85:
 1696 0198 725F706F 		.ascii	"r_pot\000"
 1696      7400
 1697              	.LASF60:
 1698 019e 70636139 		.ascii	"pca9685\000"
 1698      36383500 
 1699              	.LASF75:
 1700 01a6 636F6D70 		.ascii	"compressor_maxDutyOffset\000"
 1700      72657373 
 1700      6F725F6D 
 1700      61784475 
 1700      74794F66 
 1701              	.LASF37:
 1702 01bf 73746172 		.ascii	"start_cycles\000"
 1702      745F6379 
 1702      636C6573 
 1702      00
 1703              	.LASF90:
 1704 01cc 64696769 		.ascii	"digipot_data_Write\000"
 1704      706F745F 
 1704      64617461 
 1704      5F577269 
 1704      746500
 1705              	.LASF14:
 1706 01df 756E7369 		.ascii	"unsigned int\000"
 1706      676E6564 
 1706      20696E74 
 1706      00
ARM GAS  C:\Users\chemi\AppData\Local\Temp\ccmi0d0r.s 			page 34


 1707              	.LASF79:
 1708 01ec 6269745F 		.ascii	"bit_shift\000"
 1708      73686966 
 1708      7400
 1709              	.LASF12:
 1710 01f6 6C6F6E67 		.ascii	"long long int\000"
 1710      206C6F6E 
 1710      6720696E 
 1710      7400
 1711              	.LASF49:
 1712 0204 75645F6E 		.ascii	"ud_name\000"
 1712      616D6500 
 1713              	.LASF48:
 1714 020c 6175746F 		.ascii	"autotune_s\000"
 1714      74756E65 
 1714      5F7300
 1715              	.LASF84:
 1716 0217 725F626F 		.ascii	"r_bottom\000"
 1716      74746F6D 
 1716      00
 1717              	.LASF61:
 1718 0220 6D61785F 		.ascii	"max_fb_errors\000"
 1718      66625F65 
 1718      72726F72 
 1718      7300
 1719              	.LASF9:
 1720 022e 6C6F6E67 		.ascii	"long int\000"
 1720      20696E74 
 1720      00
 1721              	.LASF22:
 1722 0237 77617463 		.ascii	"watchdog_timeout\000"
 1722      68646F67 
 1722      5F74696D 
 1722      656F7574 
 1722      00
 1723              	.LASF77:
 1724 0248 636C695F 		.ascii	"cli_config\000"
 1724      636F6E66 
 1724      696700
 1725              	.LASF47:
 1726 0253 70735F73 		.ascii	"ps_scheme\000"
 1726      6368656D 
 1726      6500
 1727              	.LASF5:
 1728 025d 5F5F7569 		.ascii	"__uint8_t\000"
 1728      6E74385F 
 1728      7400
 1729              	.LASF23:
 1730 0267 6D61785F 		.ascii	"max_tr_pw\000"
 1730      74725F70 
 1730      7700
 1731              	.LASF35:
 1732 0271 6C656164 		.ascii	"lead_time\000"
 1732      5F74696D 
 1732      6500
 1733              	.LASF50:
 1734 027b 62617564 		.ascii	"baudrate\000"
ARM GAS  C:\Users\chemi\AppData\Local\Temp\ccmi0d0r.s 			page 35


 1734      72617465 
 1734      00
 1735              	.LASF54:
 1736 0284 6374325F 		.ascii	"ct2_offset\000"
 1736      6F666673 
 1736      657400
 1737              	.LASF3:
 1738 028f 756E7369 		.ascii	"unsigned char\000"
 1738      676E6564 
 1738      20636861 
 1738      7200
 1739              	.LASF55:
 1740 029d 725F746F 		.ascii	"r_top\000"
 1740      7000
 1741              	.LASF91:
 1742 02a3 43794465 		.ascii	"CyDelayUs\000"
 1742      6C617955 
 1742      7300
 1743              	.LASF42:
 1744 02ad 7069645F 		.ascii	"pid_temp_set\000"
 1744      74656D70 
 1744      5F736574 
 1744      00
 1745              	.LASF71:
 1746 02ba 53696747 		.ascii	"SigGen_minOtOffset\000"
 1746      656E5F6D 
 1746      696E4F74 
 1746      4F666673 
 1746      657400
 1747              	.LASF76:
 1748 02cd 64726976 		.ascii	"drive_factor\000"
 1748      655F6661 
 1748      63746F72 
 1748      00
 1749              	.LASF40:
 1750 02da 74656D70 		.ascii	"temp1_setpoint\000"
 1750      315F7365 
 1750      74706F69 
 1750      6E7400
 1751              	.LASF2:
 1752 02e9 7369676E 		.ascii	"signed char\000"
 1752      65642063 
 1752      68617200 
 1753              	.LASF70:
 1754 02f5 6D696E5F 		.ascii	"min_fb_current\000"
 1754      66625F63 
 1754      75727265 
 1754      6E7400
 1755              	.LASF13:
 1756 0304 6C6F6E67 		.ascii	"long long unsigned int\000"
 1756      206C6F6E 
 1756      6720756E 
 1756      7369676E 
 1756      65642069 
 1757              	.LASF18:
 1758 031b 75696E74 		.ascii	"uint32_t\000"
 1758      33325F74 
ARM GAS  C:\Users\chemi\AppData\Local\Temp\ccmi0d0r.s 			page 36


 1758      00
 1759              	.LASF83:
 1760 0324 766F6C74 		.ascii	"voltage\000"
 1760      61676500 
 1761              	.LASF88:
 1762 032c 636F6E66 		.ascii	"configuration\000"
 1762      69677572 
 1762      6174696F 
 1762      6E00
 1763              	.LASF16:
 1764 033a 75696E74 		.ascii	"uint16_t\000"
 1764      31365F74 
 1764      00
 1765              	.LASF72:
 1766 0343 636F6D70 		.ascii	"compressor_attac\000"
 1766      72657373 
 1766      6F725F61 
 1766      74746163 
 1766      00
 1767              	.LASF65:
 1768 0354 69766F5F 		.ascii	"ivo_led\000"
 1768      6C656400 
 1769              	.LASF45:
 1770 035c 7069645F 		.ascii	"pid_temp_i\000"
 1770      74656D70 
 1770      5F6900
 1771              	.LASF64:
 1772 0367 69646163 		.ascii	"idac\000"
 1772      00
 1773              	.LASF7:
 1774 036c 73686F72 		.ascii	"short unsigned int\000"
 1774      7420756E 
 1774      7369676E 
 1774      65642069 
 1774      6E7400
 1775              	.LASF44:
 1776 037f 7069645F 		.ascii	"pid_temp_p\000"
 1776      74656D70 
 1776      5F7000
 1777              	.LASF96:
 1778 038a 636F6E66 		.ascii	"config_struct\000"
 1778      69675F73 
 1778      74727563 
 1778      7400
 1779              	.LASF39:
 1780 0398 6D61785F 		.ascii	"max_qcw_duty\000"
 1780      7163775F 
 1780      64757479 
 1780      00
 1781              	.LASF19:
 1782 03a5 63686172 		.ascii	"char\000"
 1782      00
 1783              	.LASF31:
 1784 03aa 6374315F 		.ascii	"ct1_ratio\000"
 1784      72617469 
 1784      6F00
 1785              	.LASF46:
ARM GAS  C:\Users\chemi\AppData\Local\Temp\ccmi0d0r.s 			page 37


 1786 03b4 74656D70 		.ascii	"temp2_mode\000"
 1786      325F6D6F 
 1786      646500
 1787              	.LASF36:
 1788 03bf 73746172 		.ascii	"start_freq\000"
 1788      745F6672 
 1788      657100
 1789              	.LASF17:
 1790 03ca 696E7433 		.ascii	"int32_t\000"
 1790      325F7400 
 1791              	.LASF86:
 1792 03d2 64617461 		.ascii	"data\000"
 1792      00
 1793              	.LASF27:
 1794 03d7 6D696E5F 		.ascii	"min_tr_current\000"
 1794      74725F63 
 1794      75727265 
 1794      6E7400
 1795              	.LASF11:
 1796 03e6 6C6F6E67 		.ascii	"long unsigned int\000"
 1796      20756E73 
 1796      69676E65 
 1796      6420696E 
 1796      7400
 1797              	.LASF33:
 1798 03f8 6374315F 		.ascii	"ct1_burden\000"
 1798      62757264 
 1798      656E00
 1799              	.LASF0:
 1800 0403 646F7562 		.ascii	"double\000"
 1800      6C6500
 1801              	.LASF87:
 1802 040a 49544D5F 		.ascii	"ITM_RxBuffer\000"
 1802      52784275 
 1802      66666572 
 1802      00
 1803              	.LASF58:
 1804 0417 6578745F 		.ascii	"ext_interrupter\000"
 1804      696E7465 
 1804      72727570 
 1804      74657200 
 1805              	.LASF41:
 1806 0427 74656D70 		.ascii	"temp2_setpoint\000"
 1806      325F7365 
 1806      74706F69 
 1806      6E7400
 1807              	.LASF81:
 1808 0436 64696769 		.ascii	"digipot_set_voltage\000"
 1808      706F745F 
 1808      7365745F 
 1808      766F6C74 
 1808      61676500 
 1809              	.LASF73:
 1810 044a 636F6D70 		.ascii	"compressor_sustain\000"
 1810      72657373 
 1810      6F725F73 
 1810      75737461 
ARM GAS  C:\Users\chemi\AppData\Local\Temp\ccmi0d0r.s 			page 38


 1810      696E00
 1811              	.LASF57:
 1812 045d 69766F5F 		.ascii	"ivo_uart\000"
 1812      75617274 
 1812      00
 1813              	.LASF8:
 1814 0466 5F5F696E 		.ascii	"__int32_t\000"
 1814      7433325F 
 1814      7400
 1815              	.LASF38:
 1816 0470 6D61785F 		.ascii	"max_tr_duty\000"
 1816      74725F64 
 1816      75747900 
 1817              	.LASF56:
 1818 047c 63686172 		.ascii	"chargedelay\000"
 1818      67656465 
 1818      6C617900 
 1819              	.LASF67:
 1820 0488 76647269 		.ascii	"vdrive\000"
 1820      766500
 1821              	.LASF59:
 1822 048f 69735F71 		.ascii	"is_qcw\000"
 1822      637700
 1823              	.LASF66:
 1824 0496 75766C6F 		.ascii	"uvlo_analog\000"
 1824      5F616E61 
 1824      6C6F6700 
 1825              	.LASF78:
 1826 04a2 6269745F 		.ascii	"bit_to_write\000"
 1826      746F5F77 
 1826      72697465 
 1826      00
 1827              	.LASF89:
 1828 04af 64696769 		.ascii	"digipot_clk_Write\000"
 1828      706F745F 
 1828      636C6B5F 
 1828      57726974 
 1828      6500
 1829              	.LASF95:
 1830 04c1 433A5C55 		.ascii	"C:\\Users\\chemi\\UD3_QCW\\UD3_QFN.cydsn\000"
 1830      73657273 
 1830      5C636865 
 1830      6D695C55 
 1830      44335F51 
 1831              	.LASF25:
 1832 04e6 6D61785F 		.ascii	"max_qcw_pw\000"
 1832      7163775F 
 1832      707700
 1833              	.LASF51:
 1834 04f1 6374325F 		.ascii	"ct2_type\000"
 1834      74797065 
 1834      00
 1835              	.LASF62:
 1836 04fa 6E74635F 		.ascii	"ntc_b\000"
 1836      6200
 1837              	.LASF94:
 1838 0500 2E2E5C63 		.ascii	"..\\common\\ud3core\\helper\\digipot.c\000"
ARM GAS  C:\Users\chemi\AppData\Local\Temp\ccmi0d0r.s 			page 39


 1838      6F6D6D6F 
 1838      6E5C7564 
 1838      33636F72 
 1838      655C6865 
 1839              	.LASF53:
 1840 0523 6374325F 		.ascii	"ct2_voltage\000"
 1840      766F6C74 
 1840      61676500 
 1841              		.ident	"GCC: (GNU Tools for ARM Embedded Processors) 5.4.1 20160609 (release) [ARM/embedded-5-bran
