ARM GAS  C:\Users\chemi\AppData\Local\Temp\cczjjlNc.s 			page 1


   1              		.syntax unified
   2              		.cpu cortex-m3
   3              		.fpu softvfp
   4              		.eabi_attribute 20, 1
   5              		.eabi_attribute 21, 1
   6              		.eabi_attribute 23, 3
   7              		.eabi_attribute 24, 1
   8              		.eabi_attribute 25, 1
   9              		.eabi_attribute 26, 1
  10              		.eabi_attribute 30, 4
  11              		.eabi_attribute 34, 1
  12              		.eabi_attribute 18, 4
  13              		.thumb
  14              		.syntax unified
  15              		.file	"DLL.c"
  16              		.text
  17              	.Ltext0:
  18              		.cfi_sections	.debug_frame
  19              		.section	.text.DLL_create,"ax",%progbits
  20              		.align	1
  21              		.global	DLL_create
  22              		.thumb
  23              		.thumb_func
  24              		.type	DLL_create, %function
  25              	DLL_create:
  26              	.LFB68:
  27              		.file 1 "..\\common\\Modules\\DLL\\DLL.c"
   1:..\common\Modules\DLL/DLL.c **** /*
   2:..\common\Modules\DLL/DLL.c ****     Copyright (C) 2020-2022 TMax-Electronics.de
   3:..\common\Modules\DLL/DLL.c **** */
   4:..\common\Modules\DLL/DLL.c **** 
   5:..\common\Modules\DLL/DLL.c **** #include <stdint.h>
   6:..\common\Modules\DLL/DLL.c **** 
   7:..\common\Modules\DLL/DLL.c **** #include "include/DLL.h"
   8:..\common\Modules\DLL/DLL.c **** #include "FreeRTOS.h"
   9:..\common\Modules\DLL/DLL.c **** 
  10:..\common\Modules\DLL/DLL.c **** typedef struct{
  11:..\common\Modules\DLL/DLL.c ****     uint32_t nextUID;
  12:..\common\Modules\DLL/DLL.c **** } HeadData;
  13:..\common\Modules\DLL/DLL.c **** 
  14:..\common\Modules\DLL/DLL.c **** DLLObject * DLL_create(){
  28              		.loc 1 14 0
  29              		.cfi_startproc
  30              		@ args = 0, pretend = 0, frame = 0
  31              		@ frame_needed = 0, uses_anonymous_args = 0
  32 0000 10B5     		push	{r4, lr}
  33              		.cfi_def_cfa_offset 8
  34              		.cfi_offset 4, -8
  35              		.cfi_offset 14, -4
  15:..\common\Modules\DLL/DLL.c ****     DLLObject * head = pvPortMalloc(sizeof(DLLObject));
  36              		.loc 1 15 0
  37 0002 1020     		movs	r0, #16
  38 0004 FFF7FEFF 		bl	pvPortMalloc
  39              	.LVL0:
  40 0008 0446     		mov	r4, r0
  41              	.LVL1:
  16:..\common\Modules\DLL/DLL.c ****     HeadData * headData = pvPortMalloc(sizeof(HeadData));
ARM GAS  C:\Users\chemi\AppData\Local\Temp\cczjjlNc.s 			page 2


  42              		.loc 1 16 0
  43 000a 0420     		movs	r0, #4
  44              	.LVL2:
  45 000c FFF7FEFF 		bl	pvPortMalloc
  46              	.LVL3:
  17:..\common\Modules\DLL/DLL.c ****     headData->nextUID = 0;
  47              		.loc 1 17 0
  48 0010 0023     		movs	r3, #0
  49 0012 0360     		str	r3, [r0]
  18:..\common\Modules\DLL/DLL.c ****     head->uid = 0;
  19:..\common\Modules\DLL/DLL.c ****     head->data = (void*) headData;
  50              		.loc 1 19 0
  51 0014 E060     		str	r0, [r4, #12]
  18:..\common\Modules\DLL/DLL.c ****     head->uid = 0;
  52              		.loc 1 18 0
  53 0016 A360     		str	r3, [r4, #8]
  20:..\common\Modules\DLL/DLL.c ****     head->next = head;
  54              		.loc 1 20 0
  55 0018 2460     		str	r4, [r4]
  21:..\common\Modules\DLL/DLL.c ****     head->prev = head;
  56              		.loc 1 21 0
  57 001a 6460     		str	r4, [r4, #4]
  22:..\common\Modules\DLL/DLL.c ****     return head;
  23:..\common\Modules\DLL/DLL.c **** }
  58              		.loc 1 23 0
  59 001c 2046     		mov	r0, r4
  60              	.LVL4:
  61 001e 10BD     		pop	{r4, pc}
  62              		.cfi_endproc
  63              	.LFE68:
  64              		.size	DLL_create, .-DLL_create
  65              		.section	.text.DLL_length,"ax",%progbits
  66              		.align	1
  67              		.global	DLL_length
  68              		.thumb
  69              		.thumb_func
  70              		.type	DLL_length, %function
  71              	DLL_length:
  72              	.LFB70:
  24:..\common\Modules\DLL/DLL.c **** 
  25:..\common\Modules\DLL/DLL.c **** //LEAKY IF THE LIST CONTAINS ITEMS!!!
  26:..\common\Modules\DLL/DLL.c **** void DLL_free(DLLObject * listHead){
  27:..\common\Modules\DLL/DLL.c ****     DLL_clear(listHead);
  28:..\common\Modules\DLL/DLL.c ****     vPortFree(listHead->data);
  29:..\common\Modules\DLL/DLL.c ****     vPortFree(listHead);
  30:..\common\Modules\DLL/DLL.c **** }
  31:..\common\Modules\DLL/DLL.c **** 
  32:..\common\Modules\DLL/DLL.c **** uint32_t DLL_length(DLLObject * listHead){
  73              		.loc 1 32 0
  74              		.cfi_startproc
  75              		@ args = 0, pretend = 0, frame = 0
  76              		@ frame_needed = 0, uses_anonymous_args = 0
  77              		@ link register save eliminated.
  78              	.LVL5:
  33:..\common\Modules\DLL/DLL.c ****     DLLObject * currObj = listHead->next;
  79              		.loc 1 33 0
  80 0000 0268     		ldr	r2, [r0]
ARM GAS  C:\Users\chemi\AppData\Local\Temp\cczjjlNc.s 			page 3


  81              	.LVL6:
  34:..\common\Modules\DLL/DLL.c ****     uint32_t count = 0;
  82              		.loc 1 34 0
  83 0002 0023     		movs	r3, #0
  84              	.LVL7:
  85              	.L3:
  35:..\common\Modules\DLL/DLL.c ****     while(currObj != listHead){
  86              		.loc 1 35 0
  87 0004 8242     		cmp	r2, r0
  88 0006 02D0     		beq	.L6
  36:..\common\Modules\DLL/DLL.c ****         count ++;
  89              		.loc 1 36 0
  90 0008 0133     		adds	r3, r3, #1
  91              	.LVL8:
  37:..\common\Modules\DLL/DLL.c ****         currObj = currObj->next;
  92              		.loc 1 37 0
  93 000a 1268     		ldr	r2, [r2]
  94              	.LVL9:
  95 000c FAE7     		b	.L3
  96              	.L6:
  38:..\common\Modules\DLL/DLL.c ****     }
  39:..\common\Modules\DLL/DLL.c ****     return count;
  40:..\common\Modules\DLL/DLL.c **** }
  97              		.loc 1 40 0
  98 000e 1846     		mov	r0, r3
  99              	.LVL10:
 100 0010 7047     		bx	lr
 101              		.cfi_endproc
 102              	.LFE70:
 103              		.size	DLL_length, .-DLL_length
 104              		.section	.text.DLL_add,"ax",%progbits
 105              		.align	1
 106              		.global	DLL_add
 107              		.thumb
 108              		.thumb_func
 109              		.type	DLL_add, %function
 110              	DLL_add:
 111              	.LFB72:
  41:..\common\Modules\DLL/DLL.c **** 
  42:..\common\Modules\DLL/DLL.c **** void DLL_clear(DLLObject * listHead){
  43:..\common\Modules\DLL/DLL.c ****     DLLObject * currObject = listHead->next;
  44:..\common\Modules\DLL/DLL.c ****     while(currObject != listHead){
  45:..\common\Modules\DLL/DLL.c ****         currObject = currObject->next;
  46:..\common\Modules\DLL/DLL.c ****         DLL_remove(currObject->prev);
  47:..\common\Modules\DLL/DLL.c ****     }
  48:..\common\Modules\DLL/DLL.c **** }
  49:..\common\Modules\DLL/DLL.c **** 
  50:..\common\Modules\DLL/DLL.c **** uint32_t DLL_add(void * data, DLLObject * listHead){
 112              		.loc 1 50 0
 113              		.cfi_startproc
 114              		@ args = 0, pretend = 0, frame = 0
 115              		@ frame_needed = 0, uses_anonymous_args = 0
 116              	.LVL11:
 117 0000 38B5     		push	{r3, r4, r5, lr}
 118              		.cfi_def_cfa_offset 16
 119              		.cfi_offset 3, -16
 120              		.cfi_offset 4, -12
ARM GAS  C:\Users\chemi\AppData\Local\Temp\cczjjlNc.s 			page 4


 121              		.cfi_offset 5, -8
 122              		.cfi_offset 14, -4
 123              		.loc 1 50 0
 124 0002 0C46     		mov	r4, r1
  51:..\common\Modules\DLL/DLL.c ****     if(data == 0) return 0;
 125              		.loc 1 51 0
 126 0004 0546     		mov	r5, r0
 127 0006 78B1     		cbz	r0, .L9
  52:..\common\Modules\DLL/DLL.c ****     //allocate memory for new object
  53:..\common\Modules\DLL/DLL.c ****     DLLObject * newObject = pvPortMalloc(sizeof(DLLObject));
 128              		.loc 1 53 0
 129 0008 1020     		movs	r0, #16
 130              	.LVL12:
 131 000a FFF7FEFF 		bl	pvPortMalloc
 132              	.LVL13:
 133 000e 0346     		mov	r3, r0
 134              	.LVL14:
  54:..\common\Modules\DLL/DLL.c ****     
  55:..\common\Modules\DLL/DLL.c ****     //relink objects
  56:..\common\Modules\DLL/DLL.c ****     listHead->prev->next = newObject;
 135              		.loc 1 56 0
 136 0010 6268     		ldr	r2, [r4, #4]
 137 0012 1060     		str	r0, [r2]
  57:..\common\Modules\DLL/DLL.c ****     newObject->prev = listHead->prev;
 138              		.loc 1 57 0
 139 0014 4260     		str	r2, [r0, #4]
  58:..\common\Modules\DLL/DLL.c ****     listHead->prev = newObject;
  59:..\common\Modules\DLL/DLL.c ****     newObject->next = listHead;
  60:..\common\Modules\DLL/DLL.c ****     
  61:..\common\Modules\DLL/DLL.c ****     //set new object's data
  62:..\common\Modules\DLL/DLL.c ****     newObject->uid = ((HeadData*) listHead->data)->nextUID++;
 140              		.loc 1 62 0
 141 0016 E268     		ldr	r2, [r4, #12]
  58:..\common\Modules\DLL/DLL.c ****     listHead->prev = newObject;
 142              		.loc 1 58 0
 143 0018 6060     		str	r0, [r4, #4]
  59:..\common\Modules\DLL/DLL.c ****     
 144              		.loc 1 59 0
 145 001a 0460     		str	r4, [r0]
 146              		.loc 1 62 0
 147 001c 1068     		ldr	r0, [r2]
 148              	.LVL15:
 149 001e 411C     		adds	r1, r0, #1
 150 0020 1160     		str	r1, [r2]
 151 0022 9860     		str	r0, [r3, #8]
  63:..\common\Modules\DLL/DLL.c ****     newObject->data = data;
 152              		.loc 1 63 0
 153 0024 DD60     		str	r5, [r3, #12]
  64:..\common\Modules\DLL/DLL.c ****     
  65:..\common\Modules\DLL/DLL.c ****     return newObject->uid;
 154              		.loc 1 65 0
 155 0026 38BD     		pop	{r3, r4, r5, pc}
 156              	.LVL16:
 157              	.L9:
  66:..\common\Modules\DLL/DLL.c **** }
 158              		.loc 1 66 0
 159 0028 38BD     		pop	{r3, r4, r5, pc}
ARM GAS  C:\Users\chemi\AppData\Local\Temp\cczjjlNc.s 			page 5


 160              		.cfi_endproc
 161              	.LFE72:
 162              		.size	DLL_add, .-DLL_add
 163              		.section	.text.DLL_find,"ax",%progbits
 164              		.align	1
 165              		.global	DLL_find
 166              		.thumb
 167              		.thumb_func
 168              		.type	DLL_find, %function
 169              	DLL_find:
 170              	.LFB73:
  67:..\common\Modules\DLL/DLL.c **** 
  68:..\common\Modules\DLL/DLL.c **** DLLObject * DLL_find(void * dataPtr, DLLObject * listHead){
 171              		.loc 1 68 0
 172              		.cfi_startproc
 173              		@ args = 0, pretend = 0, frame = 0
 174              		@ frame_needed = 0, uses_anonymous_args = 0
 175              		@ link register save eliminated.
 176              	.LVL17:
  69:..\common\Modules\DLL/DLL.c ****     DLLObject * currObject = listHead->next;
 177              		.loc 1 69 0
 178 0000 0B68     		ldr	r3, [r1]
 179              	.LVL18:
 180              	.L11:
  70:..\common\Modules\DLL/DLL.c ****     while(currObject != listHead){
 181              		.loc 1 70 0
 182 0002 8B42     		cmp	r3, r1
 183 0004 04D0     		beq	.L15
  71:..\common\Modules\DLL/DLL.c ****         if(currObject->data == dataPtr) return currObject; //target object found
 184              		.loc 1 71 0
 185 0006 DA68     		ldr	r2, [r3, #12]
 186 0008 8242     		cmp	r2, r0
 187 000a 03D0     		beq	.L14
  72:..\common\Modules\DLL/DLL.c ****         currObject = currObject->next;
 188              		.loc 1 72 0
 189 000c 1B68     		ldr	r3, [r3]
 190              	.LVL19:
 191 000e F8E7     		b	.L11
 192              	.L15:
  73:..\common\Modules\DLL/DLL.c ****     }
  74:..\common\Modules\DLL/DLL.c ****     return NULL; //object not found
 193              		.loc 1 74 0
 194 0010 0020     		movs	r0, #0
 195              	.LVL20:
 196 0012 7047     		bx	lr
 197              	.LVL21:
 198              	.L14:
 199 0014 1846     		mov	r0, r3
 200              	.LVL22:
  75:..\common\Modules\DLL/DLL.c **** }
 201              		.loc 1 75 0
 202 0016 7047     		bx	lr
 203              		.cfi_endproc
 204              	.LFE73:
 205              		.size	DLL_find, .-DLL_find
 206              		.section	.text.DLL_get,"ax",%progbits
 207              		.align	1
ARM GAS  C:\Users\chemi\AppData\Local\Temp\cczjjlNc.s 			page 6


 208              		.global	DLL_get
 209              		.thumb
 210              		.thumb_func
 211              		.type	DLL_get, %function
 212              	DLL_get:
 213              	.LFB74:
  76:..\common\Modules\DLL/DLL.c **** 
  77:..\common\Modules\DLL/DLL.c **** void * DLL_get(uint16_t index, DLLObject * listHead){
 214              		.loc 1 77 0
 215              		.cfi_startproc
 216              		@ args = 0, pretend = 0, frame = 0
 217              		@ frame_needed = 0, uses_anonymous_args = 0
 218              		@ link register save eliminated.
 219              	.LVL23:
  78:..\common\Modules\DLL/DLL.c ****     DLLObject * currObject = listHead->next;
 220              		.loc 1 78 0
 221 0000 0B68     		ldr	r3, [r1]
 222              	.LVL24:
  79:..\common\Modules\DLL/DLL.c ****     if(currObject == listHead) return 0;
 223              		.loc 1 79 0
 224 0002 9942     		cmp	r1, r3
  80:..\common\Modules\DLL/DLL.c ****     uint16_t currIndex = 0;
  81:..\common\Modules\DLL/DLL.c ****     for(; currIndex < index; currIndex ++){
  82:..\common\Modules\DLL/DLL.c ****         currObject = listHead->next;
  83:..\common\Modules\DLL/DLL.c ****         if(currObject == listHead) return 0;
  84:..\common\Modules\DLL/DLL.c ****     }
  85:..\common\Modules\DLL/DLL.c ****     return currObject->data;
 225              		.loc 1 85 0
 226 0004 14BF     		ite	ne
 227 0006 D868     		ldrne	r0, [r3, #12]
 228              	.LVL25:
  79:..\common\Modules\DLL/DLL.c ****     if(currObject == listHead) return 0;
 229              		.loc 1 79 0
 230 0008 0020     		moveq	r0, #0
  86:..\common\Modules\DLL/DLL.c **** }
 231              		.loc 1 86 0
 232 000a 7047     		bx	lr
 233              		.cfi_endproc
 234              	.LFE74:
 235              		.size	DLL_get, .-DLL_get
 236              		.section	.text.DLL_isEmpty,"ax",%progbits
 237              		.align	1
 238              		.global	DLL_isEmpty
 239              		.thumb
 240              		.thumb_func
 241              		.type	DLL_isEmpty, %function
 242              	DLL_isEmpty:
 243              	.LFB75:
  87:..\common\Modules\DLL/DLL.c **** 
  88:..\common\Modules\DLL/DLL.c **** unsigned DLL_isEmpty(DLLObject * listHead){
 244              		.loc 1 88 0
 245              		.cfi_startproc
 246              		@ args = 0, pretend = 0, frame = 0
 247              		@ frame_needed = 0, uses_anonymous_args = 0
 248              		@ link register save eliminated.
 249              	.LVL26:
  89:..\common\Modules\DLL/DLL.c ****     return listHead->next == listHead;
ARM GAS  C:\Users\chemi\AppData\Local\Temp\cczjjlNc.s 			page 7


 250              		.loc 1 89 0
 251 0000 0368     		ldr	r3, [r0]
  90:..\common\Modules\DLL/DLL.c **** }
 252              		.loc 1 90 0
 253 0002 1B1A     		subs	r3, r3, r0
 254 0004 5842     		rsbs	r0, r3, #0
 255              	.LVL27:
 256 0006 5841     		adcs	r0, r0, r3
 257 0008 7047     		bx	lr
 258              		.cfi_endproc
 259              	.LFE75:
 260              		.size	DLL_isEmpty, .-DLL_isEmpty
 261              		.section	.text.DLL_remove,"ax",%progbits
 262              		.align	1
 263              		.global	DLL_remove
 264              		.thumb
 265              		.thumb_func
 266              		.type	DLL_remove, %function
 267              	DLL_remove:
 268              	.LFB77:
  91:..\common\Modules\DLL/DLL.c **** 
  92:..\common\Modules\DLL/DLL.c **** void DLL_removeData(void * dataPtr, DLLObject * listHead){
  93:..\common\Modules\DLL/DLL.c ****     DLLObject * target = DLL_find(dataPtr, listHead);
  94:..\common\Modules\DLL/DLL.c ****     if(target != NULL) DLL_remove(target);
  95:..\common\Modules\DLL/DLL.c **** }
  96:..\common\Modules\DLL/DLL.c **** 
  97:..\common\Modules\DLL/DLL.c **** void DLL_remove(DLLObject * target){
 269              		.loc 1 97 0
 270              		.cfi_startproc
 271              		@ args = 0, pretend = 0, frame = 0
 272              		@ frame_needed = 0, uses_anonymous_args = 0
 273              		@ link register save eliminated.
 274              	.LVL28:
  98:..\common\Modules\DLL/DLL.c ****     target->prev->next = target->next;
 275              		.loc 1 98 0
 276 0000 90E80600 		ldmia	r0, {r1, r2}
 277 0004 1160     		str	r1, [r2]
  99:..\common\Modules\DLL/DLL.c ****     target->next->prev = target->prev;
 278              		.loc 1 99 0
 279 0006 0368     		ldr	r3, [r0]
 280 0008 5A60     		str	r2, [r3, #4]
 100:..\common\Modules\DLL/DLL.c ****     vPortFree(target);
 281              		.loc 1 100 0
 282 000a FFF7FEBF 		b	vPortFree
 283              	.LVL29:
 284              		.cfi_endproc
 285              	.LFE77:
 286              		.size	DLL_remove, .-DLL_remove
 287              		.section	.text.DLL_clear,"ax",%progbits
 288              		.align	1
 289              		.global	DLL_clear
 290              		.thumb
 291              		.thumb_func
 292              		.type	DLL_clear, %function
 293              	DLL_clear:
 294              	.LFB71:
  42:..\common\Modules\DLL/DLL.c ****     DLLObject * currObject = listHead->next;
ARM GAS  C:\Users\chemi\AppData\Local\Temp\cczjjlNc.s 			page 8


 295              		.loc 1 42 0
 296              		.cfi_startproc
 297              		@ args = 0, pretend = 0, frame = 0
 298              		@ frame_needed = 0, uses_anonymous_args = 0
 299              	.LVL30:
 300 0000 38B5     		push	{r3, r4, r5, lr}
 301              		.cfi_def_cfa_offset 16
 302              		.cfi_offset 3, -16
 303              		.cfi_offset 4, -12
 304              		.cfi_offset 5, -8
 305              		.cfi_offset 14, -4
  42:..\common\Modules\DLL/DLL.c ****     DLLObject * currObject = listHead->next;
 306              		.loc 1 42 0
 307 0002 0546     		mov	r5, r0
  43:..\common\Modules\DLL/DLL.c ****     while(currObject != listHead){
 308              		.loc 1 43 0
 309 0004 0468     		ldr	r4, [r0]
 310              	.LVL31:
 311              	.L22:
  44:..\common\Modules\DLL/DLL.c ****         currObject = currObject->next;
 312              		.loc 1 44 0
 313 0006 AC42     		cmp	r4, r5
 314 0008 04D0     		beq	.L24
  45:..\common\Modules\DLL/DLL.c ****         DLL_remove(currObject->prev);
 315              		.loc 1 45 0
 316 000a 2468     		ldr	r4, [r4]
 317              	.LVL32:
  46:..\common\Modules\DLL/DLL.c ****     }
 318              		.loc 1 46 0
 319 000c 6068     		ldr	r0, [r4, #4]
 320 000e FFF7FEFF 		bl	DLL_remove
 321              	.LVL33:
 322 0012 F8E7     		b	.L22
 323              	.L24:
  48:..\common\Modules\DLL/DLL.c **** 
 324              		.loc 1 48 0
 325 0014 38BD     		pop	{r3, r4, r5, pc}
 326              		.cfi_endproc
 327              	.LFE71:
 328              		.size	DLL_clear, .-DLL_clear
 329              		.section	.text.DLL_free,"ax",%progbits
 330              		.align	1
 331              		.global	DLL_free
 332              		.thumb
 333              		.thumb_func
 334              		.type	DLL_free, %function
 335              	DLL_free:
 336              	.LFB69:
  26:..\common\Modules\DLL/DLL.c ****     DLL_clear(listHead);
 337              		.loc 1 26 0
 338              		.cfi_startproc
 339              		@ args = 0, pretend = 0, frame = 0
 340              		@ frame_needed = 0, uses_anonymous_args = 0
 341              	.LVL34:
 342 0000 10B5     		push	{r4, lr}
 343              		.cfi_def_cfa_offset 8
 344              		.cfi_offset 4, -8
ARM GAS  C:\Users\chemi\AppData\Local\Temp\cczjjlNc.s 			page 9


 345              		.cfi_offset 14, -4
  26:..\common\Modules\DLL/DLL.c ****     DLL_clear(listHead);
 346              		.loc 1 26 0
 347 0002 0446     		mov	r4, r0
  27:..\common\Modules\DLL/DLL.c ****     vPortFree(listHead->data);
 348              		.loc 1 27 0
 349 0004 FFF7FEFF 		bl	DLL_clear
 350              	.LVL35:
  28:..\common\Modules\DLL/DLL.c ****     vPortFree(listHead);
 351              		.loc 1 28 0
 352 0008 E068     		ldr	r0, [r4, #12]
 353 000a FFF7FEFF 		bl	vPortFree
 354              	.LVL36:
  29:..\common\Modules\DLL/DLL.c **** }
 355              		.loc 1 29 0
 356 000e 2046     		mov	r0, r4
  30:..\common\Modules\DLL/DLL.c **** 
 357              		.loc 1 30 0
 358 0010 BDE81040 		pop	{r4, lr}
 359              		.cfi_restore 14
 360              		.cfi_restore 4
 361              		.cfi_def_cfa_offset 0
 362              	.LVL37:
  29:..\common\Modules\DLL/DLL.c **** }
 363              		.loc 1 29 0
 364 0014 FFF7FEBF 		b	vPortFree
 365              	.LVL38:
 366              		.cfi_endproc
 367              	.LFE69:
 368              		.size	DLL_free, .-DLL_free
 369              		.section	.text.DLL_removeData,"ax",%progbits
 370              		.align	1
 371              		.global	DLL_removeData
 372              		.thumb
 373              		.thumb_func
 374              		.type	DLL_removeData, %function
 375              	DLL_removeData:
 376              	.LFB76:
  92:..\common\Modules\DLL/DLL.c ****     DLLObject * target = DLL_find(dataPtr, listHead);
 377              		.loc 1 92 0
 378              		.cfi_startproc
 379              		@ args = 0, pretend = 0, frame = 0
 380              		@ frame_needed = 0, uses_anonymous_args = 0
 381              	.LVL39:
 382 0000 08B5     		push	{r3, lr}
 383              		.cfi_def_cfa_offset 8
 384              		.cfi_offset 3, -8
 385              		.cfi_offset 14, -4
  93:..\common\Modules\DLL/DLL.c ****     if(target != NULL) DLL_remove(target);
 386              		.loc 1 93 0
 387 0002 FFF7FEFF 		bl	DLL_find
 388              	.LVL40:
  94:..\common\Modules\DLL/DLL.c **** }
 389              		.loc 1 94 0
 390 0006 18B1     		cbz	r0, .L26
  95:..\common\Modules\DLL/DLL.c **** 
 391              		.loc 1 95 0 discriminator 1
ARM GAS  C:\Users\chemi\AppData\Local\Temp\cczjjlNc.s 			page 10


 392 0008 BDE80840 		pop	{r3, lr}
 393              		.cfi_remember_state
 394              		.cfi_restore 14
 395              		.cfi_restore 3
 396              		.cfi_def_cfa_offset 0
  94:..\common\Modules\DLL/DLL.c **** }
 397              		.loc 1 94 0 discriminator 1
 398 000c FFF7FEBF 		b	DLL_remove
 399              	.LVL41:
 400              	.L26:
 401              		.cfi_restore_state
 402 0010 08BD     		pop	{r3, pc}
 403              		.cfi_endproc
 404              	.LFE76:
 405              		.size	DLL_removeData, .-DLL_removeData
 406              		.section	.text.DLL_pop,"ax",%progbits
 407              		.align	1
 408              		.global	DLL_pop
 409              		.thumb
 410              		.thumb_func
 411              		.type	DLL_pop, %function
 412              	DLL_pop:
 413              	.LFB78:
 101:..\common\Modules\DLL/DLL.c **** }
 102:..\common\Modules\DLL/DLL.c **** 
 103:..\common\Modules\DLL/DLL.c **** void* DLL_pop(DLLObject * listHead){
 414              		.loc 1 103 0
 415              		.cfi_startproc
 416              		@ args = 0, pretend = 0, frame = 0
 417              		@ frame_needed = 0, uses_anonymous_args = 0
 418              	.LVL42:
 104:..\common\Modules\DLL/DLL.c ****     if(listHead->next == listHead){
 419              		.loc 1 104 0
 420 0000 0368     		ldr	r3, [r0]
 103:..\common\Modules\DLL/DLL.c ****     if(listHead->next == listHead){
 421              		.loc 1 103 0
 422 0002 10B5     		push	{r4, lr}
 423              		.cfi_def_cfa_offset 8
 424              		.cfi_offset 4, -8
 425              		.cfi_offset 14, -4
 426              		.loc 1 104 0
 427 0004 9842     		cmp	r0, r3
 428 0006 05D0     		beq	.L30
 105:..\common\Modules\DLL/DLL.c ****         return NULL;
 106:..\common\Modules\DLL/DLL.c ****     }
 107:..\common\Modules\DLL/DLL.c ****     void* ret = listHead->next->data;
 429              		.loc 1 107 0
 430 0008 DC68     		ldr	r4, [r3, #12]
 431              	.LVL43:
 108:..\common\Modules\DLL/DLL.c ****     DLL_remove(listHead->next);
 432              		.loc 1 108 0
 433 000a 1846     		mov	r0, r3
 434              	.LVL44:
 435 000c FFF7FEFF 		bl	DLL_remove
 436              	.LVL45:
 109:..\common\Modules\DLL/DLL.c ****     return ret;
 437              		.loc 1 109 0
ARM GAS  C:\Users\chemi\AppData\Local\Temp\cczjjlNc.s 			page 11


 438 0010 2046     		mov	r0, r4
 439 0012 10BD     		pop	{r4, pc}
 440              	.LVL46:
 441              	.L30:
 105:..\common\Modules\DLL/DLL.c ****         return NULL;
 442              		.loc 1 105 0
 443 0014 0020     		movs	r0, #0
 444              	.LVL47:
 110:..\common\Modules\DLL/DLL.c **** }
 445              		.loc 1 110 0
 446 0016 10BD     		pop	{r4, pc}
 447              		.cfi_endproc
 448              	.LFE78:
 449              		.size	DLL_pop, .-DLL_pop
 450              		.section	.text.DLL_moveToEnd,"ax",%progbits
 451              		.align	1
 452              		.global	DLL_moveToEnd
 453              		.thumb
 454              		.thumb_func
 455              		.type	DLL_moveToEnd, %function
 456              	DLL_moveToEnd:
 457              	.LFB79:
 111:..\common\Modules\DLL/DLL.c **** 
 112:..\common\Modules\DLL/DLL.c **** void DLL_moveToEnd(DLLObject * currObject, DLLObject * listHead){
 458              		.loc 1 112 0
 459              		.cfi_startproc
 460              		@ args = 0, pretend = 0, frame = 0
 461              		@ frame_needed = 0, uses_anonymous_args = 0
 462              		@ link register save eliminated.
 463              	.LVL48:
 113:..\common\Modules\DLL/DLL.c ****     currObject->prev->next = currObject->next;
 464              		.loc 1 113 0
 465 0000 90E80C00 		ldmia	r0, {r2, r3}
 466 0004 1A60     		str	r2, [r3]
 114:..\common\Modules\DLL/DLL.c ****     currObject->next->prev = currObject->prev;
 467              		.loc 1 114 0
 468 0006 0268     		ldr	r2, [r0]
 469 0008 5360     		str	r3, [r2, #4]
 115:..\common\Modules\DLL/DLL.c ****     
 116:..\common\Modules\DLL/DLL.c ****     listHead->prev->next = currObject;
 470              		.loc 1 116 0
 471 000a 4B68     		ldr	r3, [r1, #4]
 472 000c 1860     		str	r0, [r3]
 117:..\common\Modules\DLL/DLL.c ****     currObject->prev = listHead->prev;
 473              		.loc 1 117 0
 474 000e 4360     		str	r3, [r0, #4]
 118:..\common\Modules\DLL/DLL.c ****     listHead->prev = currObject;
 475              		.loc 1 118 0
 476 0010 4860     		str	r0, [r1, #4]
 119:..\common\Modules\DLL/DLL.c ****     currObject->next = listHead;
 477              		.loc 1 119 0
 478 0012 0160     		str	r1, [r0]
 479 0014 7047     		bx	lr
 480              		.cfi_endproc
 481              	.LFE79:
 482              		.size	DLL_moveToEnd, .-DLL_moveToEnd
 483              		.text
ARM GAS  C:\Users\chemi\AppData\Local\Temp\cczjjlNc.s 			page 12


 484              	.Letext0:
 485              		.file 2 "c:\\program files (x86)\\cypress\\psoc creator\\4.4\\psoc creator\\import\\gnu\\arm\\5.4.
 486              		.file 3 "c:\\program files (x86)\\cypress\\psoc creator\\4.4\\psoc creator\\import\\gnu\\arm\\5.4.
 487              		.file 4 "..\\common\\Modules\\DLL\\include/DLL.h"
 488              		.file 5 "..\\common\\rtos\\include/portable.h"
 489              		.file 6 "Generated_Source\\PSoC5/core_cm3.h"
 490              		.section	.debug_info,"",%progbits
 491              	.Ldebug_info0:
 492 0000 AF040000 		.4byte	0x4af
 493 0004 0400     		.2byte	0x4
 494 0006 00000000 		.4byte	.Ldebug_abbrev0
 495 000a 04       		.byte	0x4
 496 000b 01       		.uleb128 0x1
 497 000c B7000000 		.4byte	.LASF49
 498 0010 0C       		.byte	0xc
 499 0011 F5010000 		.4byte	.LASF50
 500 0015 85020000 		.4byte	.LASF51
 501 0019 00000000 		.4byte	.Ldebug_ranges0+0
 502 001d 00000000 		.4byte	0
 503 0021 00000000 		.4byte	.Ldebug_line0
 504 0025 02       		.uleb128 0x2
 505 0026 01       		.byte	0x1
 506 0027 06       		.byte	0x6
 507 0028 D3020000 		.4byte	.LASF0
 508 002c 02       		.uleb128 0x2
 509 002d 01       		.byte	0x1
 510 002e 08       		.byte	0x8
 511 002f 8E000000 		.4byte	.LASF1
 512 0033 02       		.uleb128 0x2
 513 0034 02       		.byte	0x2
 514 0035 05       		.byte	0x5
 515 0036 9B010000 		.4byte	.LASF2
 516 003a 03       		.uleb128 0x3
 517 003b 7B010000 		.4byte	.LASF4
 518 003f 02       		.byte	0x2
 519 0040 2B       		.byte	0x2b
 520 0041 45000000 		.4byte	0x45
 521 0045 02       		.uleb128 0x2
 522 0046 02       		.byte	0x2
 523 0047 07       		.byte	0x7
 524 0048 50010000 		.4byte	.LASF3
 525 004c 03       		.uleb128 0x3
 526 004d 17000000 		.4byte	.LASF5
 527 0051 02       		.byte	0x2
 528 0052 3F       		.byte	0x3f
 529 0053 57000000 		.4byte	0x57
 530 0057 02       		.uleb128 0x2
 531 0058 04       		.byte	0x4
 532 0059 05       		.byte	0x5
 533 005a BC020000 		.4byte	.LASF6
 534 005e 03       		.uleb128 0x3
 535 005f 9C000000 		.4byte	.LASF7
 536 0063 02       		.byte	0x2
 537 0064 41       		.byte	0x41
 538 0065 69000000 		.4byte	0x69
 539 0069 02       		.uleb128 0x2
 540 006a 04       		.byte	0x4
ARM GAS  C:\Users\chemi\AppData\Local\Temp\cczjjlNc.s 			page 13


 541 006b 07       		.byte	0x7
 542 006c B3010000 		.4byte	.LASF8
 543 0070 02       		.uleb128 0x2
 544 0071 08       		.byte	0x8
 545 0072 05       		.byte	0x5
 546 0073 31020000 		.4byte	.LASF9
 547 0077 02       		.uleb128 0x2
 548 0078 08       		.byte	0x8
 549 0079 07       		.byte	0x7
 550 007a D2010000 		.4byte	.LASF10
 551 007e 04       		.uleb128 0x4
 552 007f 04       		.byte	0x4
 553 0080 05       		.byte	0x5
 554 0081 696E7400 		.ascii	"int\000"
 555 0085 02       		.uleb128 0x2
 556 0086 04       		.byte	0x4
 557 0087 07       		.byte	0x7
 558 0088 C5010000 		.4byte	.LASF11
 559 008c 03       		.uleb128 0x3
 560 008d 71020000 		.4byte	.LASF12
 561 0091 03       		.byte	0x3
 562 0092 24       		.byte	0x24
 563 0093 3A000000 		.4byte	0x3a
 564 0097 03       		.uleb128 0x3
 565 0098 11020000 		.4byte	.LASF13
 566 009c 03       		.byte	0x3
 567 009d 2C       		.byte	0x2c
 568 009e 4C000000 		.4byte	0x4c
 569 00a2 03       		.uleb128 0x3
 570 00a3 B3020000 		.4byte	.LASF14
 571 00a7 03       		.byte	0x3
 572 00a8 30       		.byte	0x30
 573 00a9 5E000000 		.4byte	0x5e
 574 00ad 03       		.uleb128 0x3
 575 00ae 0D000000 		.4byte	.LASF15
 576 00b2 04       		.byte	0x4
 577 00b3 07       		.byte	0x7
 578 00b4 B8000000 		.4byte	0xb8
 579 00b8 05       		.uleb128 0x5
 580 00b9 21000000 		.4byte	.LASF52
 581 00bd 10       		.byte	0x10
 582 00be 04       		.byte	0x4
 583 00bf 25       		.byte	0x25
 584 00c0 F5000000 		.4byte	0xf5
 585 00c4 06       		.uleb128 0x6
 586 00c5 08000000 		.4byte	.LASF16
 587 00c9 04       		.byte	0x4
 588 00ca 26       		.byte	0x26
 589 00cb F5000000 		.4byte	0xf5
 590 00cf 00       		.byte	0
 591 00d0 06       		.uleb128 0x6
 592 00d1 DF020000 		.4byte	.LASF17
 593 00d5 04       		.byte	0x4
 594 00d6 27       		.byte	0x27
 595 00d7 F5000000 		.4byte	0xf5
 596 00db 04       		.byte	0x4
 597 00dc 07       		.uleb128 0x7
ARM GAS  C:\Users\chemi\AppData\Local\Temp\cczjjlNc.s 			page 14


 598 00dd 75696400 		.ascii	"uid\000"
 599 00e1 04       		.byte	0x4
 600 00e2 28       		.byte	0x28
 601 00e3 A2000000 		.4byte	0xa2
 602 00e7 08       		.byte	0x8
 603 00e8 06       		.uleb128 0x6
 604 00e9 7F000000 		.4byte	.LASF18
 605 00ed 04       		.byte	0x4
 606 00ee 29       		.byte	0x29
 607 00ef FB000000 		.4byte	0xfb
 608 00f3 0C       		.byte	0xc
 609 00f4 00       		.byte	0
 610 00f5 08       		.uleb128 0x8
 611 00f6 04       		.byte	0x4
 612 00f7 AD000000 		.4byte	0xad
 613 00fb 09       		.uleb128 0x9
 614 00fc 04       		.byte	0x4
 615 00fd 02       		.uleb128 0x2
 616 00fe 04       		.byte	0x4
 617 00ff 04       		.byte	0x4
 618 0100 79000000 		.4byte	.LASF19
 619 0104 02       		.uleb128 0x2
 620 0105 08       		.byte	0x8
 621 0106 04       		.byte	0x4
 622 0107 55000000 		.4byte	.LASF20
 623 010b 02       		.uleb128 0x2
 624 010c 01       		.byte	0x1
 625 010d 08       		.byte	0x8
 626 010e C5020000 		.4byte	.LASF21
 627 0112 02       		.uleb128 0x2
 628 0113 04       		.byte	0x4
 629 0114 07       		.byte	0x7
 630 0115 19020000 		.4byte	.LASF22
 631 0119 0A       		.uleb128 0xa
 632 011a 04       		.byte	0x4
 633 011b 01       		.byte	0x1
 634 011c 0A       		.byte	0xa
 635 011d 2E010000 		.4byte	0x12e
 636 0121 06       		.uleb128 0x6
 637 0122 3B000000 		.4byte	.LASF23
 638 0126 01       		.byte	0x1
 639 0127 0B       		.byte	0xb
 640 0128 A2000000 		.4byte	0xa2
 641 012c 00       		.byte	0
 642 012d 00       		.byte	0
 643 012e 03       		.uleb128 0x3
 644 012f AA020000 		.4byte	.LASF24
 645 0133 01       		.byte	0x1
 646 0134 0C       		.byte	0xc
 647 0135 19010000 		.4byte	0x119
 648 0139 0B       		.uleb128 0xb
 649 013a 3F020000 		.4byte	.LASF39
 650 013e 01       		.byte	0x1
 651 013f 0E       		.byte	0xe
 652 0140 F5000000 		.4byte	0xf5
 653 0144 00000000 		.4byte	.LFB68
 654 0148 20000000 		.4byte	.LFE68-.LFB68
ARM GAS  C:\Users\chemi\AppData\Local\Temp\cczjjlNc.s 			page 15


 655 014c 01       		.uleb128 0x1
 656 014d 9C       		.byte	0x9c
 657 014e 93010000 		.4byte	0x193
 658 0152 0C       		.uleb128 0xc
 659 0153 A5010000 		.4byte	.LASF25
 660 0157 01       		.byte	0x1
 661 0158 0F       		.byte	0xf
 662 0159 F5000000 		.4byte	0xf5
 663 015d 00000000 		.4byte	.LLST0
 664 0161 0C       		.uleb128 0xc
 665 0162 68020000 		.4byte	.LASF26
 666 0166 01       		.byte	0x1
 667 0167 10       		.byte	0x10
 668 0168 93010000 		.4byte	0x193
 669 016c 1E000000 		.4byte	.LLST1
 670 0170 0D       		.uleb128 0xd
 671 0171 08000000 		.4byte	.LVL0
 672 0175 9C040000 		.4byte	0x49c
 673 0179 83010000 		.4byte	0x183
 674 017d 0E       		.uleb128 0xe
 675 017e 01       		.uleb128 0x1
 676 017f 50       		.byte	0x50
 677 0180 01       		.uleb128 0x1
 678 0181 40       		.byte	0x40
 679 0182 00       		.byte	0
 680 0183 0F       		.uleb128 0xf
 681 0184 10000000 		.4byte	.LVL3
 682 0188 9C040000 		.4byte	0x49c
 683 018c 0E       		.uleb128 0xe
 684 018d 01       		.uleb128 0x1
 685 018e 50       		.byte	0x50
 686 018f 01       		.uleb128 0x1
 687 0190 34       		.byte	0x34
 688 0191 00       		.byte	0
 689 0192 00       		.byte	0
 690 0193 08       		.uleb128 0x8
 691 0194 04       		.byte	0x4
 692 0195 2E010000 		.4byte	0x12e
 693 0199 10       		.uleb128 0x10
 694 019a 63010000 		.4byte	.LASF29
 695 019e 01       		.byte	0x1
 696 019f 20       		.byte	0x20
 697 01a0 A2000000 		.4byte	0xa2
 698 01a4 00000000 		.4byte	.LFB70
 699 01a8 12000000 		.4byte	.LFE70-.LFB70
 700 01ac 01       		.uleb128 0x1
 701 01ad 9C       		.byte	0x9c
 702 01ae DE010000 		.4byte	0x1de
 703 01b2 11       		.uleb128 0x11
 704 01b3 70000000 		.4byte	.LASF31
 705 01b7 01       		.byte	0x1
 706 01b8 20       		.byte	0x20
 707 01b9 F5000000 		.4byte	0xf5
 708 01bd 3D000000 		.4byte	.LLST2
 709 01c1 12       		.uleb128 0x12
 710 01c2 60020000 		.4byte	.LASF27
 711 01c6 01       		.byte	0x1
ARM GAS  C:\Users\chemi\AppData\Local\Temp\cczjjlNc.s 			page 16


 712 01c7 21       		.byte	0x21
 713 01c8 F5000000 		.4byte	0xf5
 714 01cc 01       		.uleb128 0x1
 715 01cd 52       		.byte	0x52
 716 01ce 0C       		.uleb128 0xc
 717 01cf 5A020000 		.4byte	.LASF28
 718 01d3 01       		.byte	0x1
 719 01d4 22       		.byte	0x22
 720 01d5 A2000000 		.4byte	0xa2
 721 01d9 5E000000 		.4byte	.LLST3
 722 01dd 00       		.byte	0
 723 01de 10       		.uleb128 0x10
 724 01df 43000000 		.4byte	.LASF30
 725 01e3 01       		.byte	0x1
 726 01e4 32       		.byte	0x32
 727 01e5 A2000000 		.4byte	0xa2
 728 01e9 00000000 		.4byte	.LFB72
 729 01ed 2A000000 		.4byte	.LFE72-.LFB72
 730 01f1 01       		.uleb128 0x1
 731 01f2 9C       		.byte	0x9c
 732 01f3 34020000 		.4byte	0x234
 733 01f7 11       		.uleb128 0x11
 734 01f8 7F000000 		.4byte	.LASF18
 735 01fc 01       		.byte	0x1
 736 01fd 32       		.byte	0x32
 737 01fe FB000000 		.4byte	0xfb
 738 0202 7D000000 		.4byte	.LLST4
 739 0206 11       		.uleb128 0x11
 740 0207 70000000 		.4byte	.LASF31
 741 020b 01       		.byte	0x1
 742 020c 32       		.byte	0x32
 743 020d F5000000 		.4byte	0xf5
 744 0211 A6000000 		.4byte	.LLST5
 745 0215 0C       		.uleb128 0xc
 746 0216 84000000 		.4byte	.LASF32
 747 021a 01       		.byte	0x1
 748 021b 35       		.byte	0x35
 749 021c F5000000 		.4byte	0xf5
 750 0220 CF000000 		.4byte	.LLST6
 751 0224 0F       		.uleb128 0xf
 752 0225 0E000000 		.4byte	.LVL13
 753 0229 9C040000 		.4byte	0x49c
 754 022d 0E       		.uleb128 0xe
 755 022e 01       		.uleb128 0x1
 756 022f 50       		.byte	0x50
 757 0230 01       		.uleb128 0x1
 758 0231 40       		.byte	0x40
 759 0232 00       		.byte	0
 760 0233 00       		.byte	0
 761 0234 10       		.uleb128 0x10
 762 0235 AA010000 		.4byte	.LASF33
 763 0239 01       		.byte	0x1
 764 023a 44       		.byte	0x44
 765 023b F5000000 		.4byte	0xf5
 766 023f 00000000 		.4byte	.LFB73
 767 0243 18000000 		.4byte	.LFE73-.LFB73
 768 0247 01       		.uleb128 0x1
ARM GAS  C:\Users\chemi\AppData\Local\Temp\cczjjlNc.s 			page 17


 769 0248 9C       		.byte	0x9c
 770 0249 77020000 		.4byte	0x277
 771 024d 11       		.uleb128 0x11
 772 024e A7000000 		.4byte	.LASF34
 773 0252 01       		.byte	0x1
 774 0253 44       		.byte	0x44
 775 0254 FB000000 		.4byte	0xfb
 776 0258 ED000000 		.4byte	.LLST7
 777 025c 13       		.uleb128 0x13
 778 025d 70000000 		.4byte	.LASF31
 779 0261 01       		.byte	0x1
 780 0262 44       		.byte	0x44
 781 0263 F5000000 		.4byte	0xf5
 782 0267 01       		.uleb128 0x1
 783 0268 51       		.byte	0x51
 784 0269 12       		.uleb128 0x12
 785 026a 86010000 		.4byte	.LASF35
 786 026e 01       		.byte	0x1
 787 026f 45       		.byte	0x45
 788 0270 F5000000 		.4byte	0xf5
 789 0274 01       		.uleb128 0x1
 790 0275 53       		.byte	0x53
 791 0276 00       		.byte	0
 792 0277 10       		.uleb128 0x10
 793 0278 00000000 		.4byte	.LASF36
 794 027c 01       		.byte	0x1
 795 027d 4D       		.byte	0x4d
 796 027e FB000000 		.4byte	0xfb
 797 0282 00000000 		.4byte	.LFB74
 798 0286 0C000000 		.4byte	.LFE74-.LFB74
 799 028a 01       		.uleb128 0x1
 800 028b 9C       		.byte	0x9c
 801 028c C5020000 		.4byte	0x2c5
 802 0290 11       		.uleb128 0x11
 803 0291 54020000 		.4byte	.LASF37
 804 0295 01       		.byte	0x1
 805 0296 4D       		.byte	0x4d
 806 0297 8C000000 		.4byte	0x8c
 807 029b 27010000 		.4byte	.LLST8
 808 029f 13       		.uleb128 0x13
 809 02a0 70000000 		.4byte	.LASF31
 810 02a4 01       		.byte	0x1
 811 02a5 4D       		.byte	0x4d
 812 02a6 F5000000 		.4byte	0xf5
 813 02aa 01       		.uleb128 0x1
 814 02ab 51       		.byte	0x51
 815 02ac 12       		.uleb128 0x12
 816 02ad 86010000 		.4byte	.LASF35
 817 02b1 01       		.byte	0x1
 818 02b2 4E       		.byte	0x4e
 819 02b3 F5000000 		.4byte	0xf5
 820 02b7 01       		.uleb128 0x1
 821 02b8 53       		.byte	0x53
 822 02b9 14       		.uleb128 0x14
 823 02ba 4B000000 		.4byte	.LASF53
 824 02be 01       		.byte	0x1
 825 02bf 50       		.byte	0x50
ARM GAS  C:\Users\chemi\AppData\Local\Temp\cczjjlNc.s 			page 18


 826 02c0 8C000000 		.4byte	0x8c
 827 02c4 00       		.byte	0
 828 02c5 10       		.uleb128 0x10
 829 02c6 E9010000 		.4byte	.LASF38
 830 02ca 01       		.byte	0x1
 831 02cb 58       		.byte	0x58
 832 02cc 85000000 		.4byte	0x85
 833 02d0 00000000 		.4byte	.LFB75
 834 02d4 0A000000 		.4byte	.LFE75-.LFB75
 835 02d8 01       		.uleb128 0x1
 836 02d9 9C       		.byte	0x9c
 837 02da EE020000 		.4byte	0x2ee
 838 02de 11       		.uleb128 0x11
 839 02df 70000000 		.4byte	.LASF31
 840 02e3 01       		.byte	0x1
 841 02e4 58       		.byte	0x58
 842 02e5 F5000000 		.4byte	0xf5
 843 02e9 48010000 		.4byte	.LLST9
 844 02ed 00       		.byte	0
 845 02ee 15       		.uleb128 0x15
 846 02ef 7A020000 		.4byte	.LASF40
 847 02f3 01       		.byte	0x1
 848 02f4 61       		.byte	0x61
 849 02f5 00000000 		.4byte	.LFB77
 850 02f9 0E000000 		.4byte	.LFE77-.LFB77
 851 02fd 01       		.uleb128 0x1
 852 02fe 9C       		.byte	0x9c
 853 02ff 24030000 		.4byte	0x324
 854 0303 11       		.uleb128 0x11
 855 0304 69000000 		.4byte	.LASF41
 856 0308 01       		.byte	0x1
 857 0309 61       		.byte	0x61
 858 030a F5000000 		.4byte	0xf5
 859 030e 69010000 		.4byte	.LLST10
 860 0312 16       		.uleb128 0x16
 861 0313 0E000000 		.4byte	.LVL29
 862 0317 A7040000 		.4byte	0x4a7
 863 031b 0E       		.uleb128 0xe
 864 031c 01       		.uleb128 0x1
 865 031d 50       		.byte	0x50
 866 031e 03       		.uleb128 0x3
 867 031f F3       		.byte	0xf3
 868 0320 01       		.uleb128 0x1
 869 0321 50       		.byte	0x50
 870 0322 00       		.byte	0
 871 0323 00       		.byte	0
 872 0324 15       		.uleb128 0x15
 873 0325 4A020000 		.4byte	.LASF42
 874 0329 01       		.byte	0x1
 875 032a 2A       		.byte	0x2a
 876 032b 00000000 		.4byte	.LFB71
 877 032f 16000000 		.4byte	.LFE71-.LFB71
 878 0333 01       		.uleb128 0x1
 879 0334 9C       		.byte	0x9c
 880 0335 5F030000 		.4byte	0x35f
 881 0339 11       		.uleb128 0x11
 882 033a 70000000 		.4byte	.LASF31
ARM GAS  C:\Users\chemi\AppData\Local\Temp\cczjjlNc.s 			page 19


 883 033e 01       		.byte	0x1
 884 033f 2A       		.byte	0x2a
 885 0340 F5000000 		.4byte	0xf5
 886 0344 8A010000 		.4byte	.LLST11
 887 0348 12       		.uleb128 0x12
 888 0349 86010000 		.4byte	.LASF35
 889 034d 01       		.byte	0x1
 890 034e 2B       		.byte	0x2b
 891 034f F5000000 		.4byte	0xf5
 892 0353 01       		.uleb128 0x1
 893 0354 54       		.byte	0x54
 894 0355 17       		.uleb128 0x17
 895 0356 12000000 		.4byte	.LVL33
 896 035a EE020000 		.4byte	0x2ee
 897 035e 00       		.byte	0
 898 035f 15       		.uleb128 0x15
 899 0360 CA020000 		.4byte	.LASF43
 900 0364 01       		.byte	0x1
 901 0365 1A       		.byte	0x1a
 902 0366 00000000 		.4byte	.LFB69
 903 036a 18000000 		.4byte	.LFE69-.LFB69
 904 036e 01       		.uleb128 0x1
 905 036f 9C       		.byte	0x9c
 906 0370 B2030000 		.4byte	0x3b2
 907 0374 11       		.uleb128 0x11
 908 0375 70000000 		.4byte	.LASF31
 909 0379 01       		.byte	0x1
 910 037a 1A       		.byte	0x1a
 911 037b F5000000 		.4byte	0xf5
 912 037f A8010000 		.4byte	.LLST12
 913 0383 0D       		.uleb128 0xd
 914 0384 08000000 		.4byte	.LVL35
 915 0388 24030000 		.4byte	0x324
 916 038c 97030000 		.4byte	0x397
 917 0390 0E       		.uleb128 0xe
 918 0391 01       		.uleb128 0x1
 919 0392 50       		.byte	0x50
 920 0393 02       		.uleb128 0x2
 921 0394 74       		.byte	0x74
 922 0395 00       		.sleb128 0
 923 0396 00       		.byte	0
 924 0397 17       		.uleb128 0x17
 925 0398 0E000000 		.4byte	.LVL36
 926 039c A7040000 		.4byte	0x4a7
 927 03a0 16       		.uleb128 0x16
 928 03a1 18000000 		.4byte	.LVL38
 929 03a5 A7040000 		.4byte	0x4a7
 930 03a9 0E       		.uleb128 0xe
 931 03aa 01       		.uleb128 0x1
 932 03ab 50       		.byte	0x50
 933 03ac 03       		.uleb128 0x3
 934 03ad F3       		.byte	0xf3
 935 03ae 01       		.uleb128 0x1
 936 03af 50       		.byte	0x50
 937 03b0 00       		.byte	0
 938 03b1 00       		.byte	0
 939 03b2 15       		.uleb128 0x15
ARM GAS  C:\Users\chemi\AppData\Local\Temp\cczjjlNc.s 			page 20


 940 03b3 22020000 		.4byte	.LASF44
 941 03b7 01       		.byte	0x1
 942 03b8 5C       		.byte	0x5c
 943 03b9 00000000 		.4byte	.LFB76
 944 03bd 12000000 		.4byte	.LFE76-.LFB76
 945 03c1 01       		.uleb128 0x1
 946 03c2 9C       		.byte	0x9c
 947 03c3 1A040000 		.4byte	0x41a
 948 03c7 11       		.uleb128 0x11
 949 03c8 A7000000 		.4byte	.LASF34
 950 03cc 01       		.byte	0x1
 951 03cd 5C       		.byte	0x5c
 952 03ce FB000000 		.4byte	0xfb
 953 03d2 DF010000 		.4byte	.LLST13
 954 03d6 11       		.uleb128 0x11
 955 03d7 70000000 		.4byte	.LASF31
 956 03db 01       		.byte	0x1
 957 03dc 5C       		.byte	0x5c
 958 03dd F5000000 		.4byte	0xf5
 959 03e1 00020000 		.4byte	.LLST14
 960 03e5 0C       		.uleb128 0xc
 961 03e6 69000000 		.4byte	.LASF41
 962 03ea 01       		.byte	0x1
 963 03eb 5D       		.byte	0x5d
 964 03ec F5000000 		.4byte	0xf5
 965 03f0 21020000 		.4byte	.LLST15
 966 03f4 0D       		.uleb128 0xd
 967 03f5 06000000 		.4byte	.LVL40
 968 03f9 34020000 		.4byte	0x234
 969 03fd 10040000 		.4byte	0x410
 970 0401 0E       		.uleb128 0xe
 971 0402 01       		.uleb128 0x1
 972 0403 50       		.byte	0x50
 973 0404 03       		.uleb128 0x3
 974 0405 F3       		.byte	0xf3
 975 0406 01       		.uleb128 0x1
 976 0407 50       		.byte	0x50
 977 0408 0E       		.uleb128 0xe
 978 0409 01       		.uleb128 0x1
 979 040a 51       		.byte	0x51
 980 040b 03       		.uleb128 0x3
 981 040c F3       		.byte	0xf3
 982 040d 01       		.uleb128 0x1
 983 040e 51       		.byte	0x51
 984 040f 00       		.byte	0
 985 0410 18       		.uleb128 0x18
 986 0411 10000000 		.4byte	.LVL41
 987 0415 EE020000 		.4byte	0x2ee
 988 0419 00       		.byte	0
 989 041a 10       		.uleb128 0x10
 990 041b AF000000 		.4byte	.LASF45
 991 041f 01       		.byte	0x1
 992 0420 67       		.byte	0x67
 993 0421 FB000000 		.4byte	0xfb
 994 0425 00000000 		.4byte	.LFB78
 995 0429 18000000 		.4byte	.LFE78-.LFB78
 996 042d 01       		.uleb128 0x1
ARM GAS  C:\Users\chemi\AppData\Local\Temp\cczjjlNc.s 			page 21


 997 042e 9C       		.byte	0x9c
 998 042f 5B040000 		.4byte	0x45b
 999 0433 11       		.uleb128 0x11
 1000 0434 70000000 		.4byte	.LASF31
 1001 0438 01       		.byte	0x1
 1002 0439 67       		.byte	0x67
 1003 043a F5000000 		.4byte	0xf5
 1004 043e 3F020000 		.4byte	.LLST16
 1005 0442 19       		.uleb128 0x19
 1006 0443 72657400 		.ascii	"ret\000"
 1007 0447 01       		.byte	0x1
 1008 0448 6B       		.byte	0x6b
 1009 0449 FB000000 		.4byte	0xfb
 1010 044d 79020000 		.4byte	.LLST17
 1011 0451 17       		.uleb128 0x17
 1012 0452 10000000 		.4byte	.LVL45
 1013 0456 EE020000 		.4byte	0x2ee
 1014 045a 00       		.byte	0
 1015 045b 15       		.uleb128 0x15
 1016 045c 2D000000 		.4byte	.LASF46
 1017 0460 01       		.byte	0x1
 1018 0461 70       		.byte	0x70
 1019 0462 00000000 		.4byte	.LFB79
 1020 0466 16000000 		.4byte	.LFE79-.LFB79
 1021 046a 01       		.uleb128 0x1
 1022 046b 9C       		.byte	0x9c
 1023 046c 8B040000 		.4byte	0x48b
 1024 0470 13       		.uleb128 0x13
 1025 0471 86010000 		.4byte	.LASF35
 1026 0475 01       		.byte	0x1
 1027 0476 70       		.byte	0x70
 1028 0477 F5000000 		.4byte	0xf5
 1029 047b 01       		.uleb128 0x1
 1030 047c 50       		.byte	0x50
 1031 047d 13       		.uleb128 0x13
 1032 047e 70000000 		.4byte	.LASF31
 1033 0482 01       		.byte	0x1
 1034 0483 70       		.byte	0x70
 1035 0484 F5000000 		.4byte	0xf5
 1036 0488 01       		.uleb128 0x1
 1037 0489 51       		.byte	0x51
 1038 048a 00       		.byte	0
 1039 048b 1A       		.uleb128 0x1a
 1040 048c 6E010000 		.4byte	.LASF54
 1041 0490 06       		.byte	0x6
 1042 0491 1207     		.2byte	0x712
 1043 0493 97040000 		.4byte	0x497
 1044 0497 1B       		.uleb128 0x1b
 1045 0498 97000000 		.4byte	0x97
 1046 049c 1C       		.uleb128 0x1c
 1047 049d 5C000000 		.4byte	.LASF47
 1048 04a1 5C000000 		.4byte	.LASF47
 1049 04a5 05       		.byte	0x5
 1050 04a6 B0       		.byte	0xb0
 1051 04a7 1C       		.uleb128 0x1c
 1052 04a8 91010000 		.4byte	.LASF48
 1053 04ac 91010000 		.4byte	.LASF48
ARM GAS  C:\Users\chemi\AppData\Local\Temp\cczjjlNc.s 			page 22


 1054 04b0 05       		.byte	0x5
 1055 04b1 B1       		.byte	0xb1
 1056 04b2 00       		.byte	0
 1057              		.section	.debug_abbrev,"",%progbits
 1058              	.Ldebug_abbrev0:
 1059 0000 01       		.uleb128 0x1
 1060 0001 11       		.uleb128 0x11
 1061 0002 01       		.byte	0x1
 1062 0003 25       		.uleb128 0x25
 1063 0004 0E       		.uleb128 0xe
 1064 0005 13       		.uleb128 0x13
 1065 0006 0B       		.uleb128 0xb
 1066 0007 03       		.uleb128 0x3
 1067 0008 0E       		.uleb128 0xe
 1068 0009 1B       		.uleb128 0x1b
 1069 000a 0E       		.uleb128 0xe
 1070 000b 55       		.uleb128 0x55
 1071 000c 17       		.uleb128 0x17
 1072 000d 11       		.uleb128 0x11
 1073 000e 01       		.uleb128 0x1
 1074 000f 10       		.uleb128 0x10
 1075 0010 17       		.uleb128 0x17
 1076 0011 00       		.byte	0
 1077 0012 00       		.byte	0
 1078 0013 02       		.uleb128 0x2
 1079 0014 24       		.uleb128 0x24
 1080 0015 00       		.byte	0
 1081 0016 0B       		.uleb128 0xb
 1082 0017 0B       		.uleb128 0xb
 1083 0018 3E       		.uleb128 0x3e
 1084 0019 0B       		.uleb128 0xb
 1085 001a 03       		.uleb128 0x3
 1086 001b 0E       		.uleb128 0xe
 1087 001c 00       		.byte	0
 1088 001d 00       		.byte	0
 1089 001e 03       		.uleb128 0x3
 1090 001f 16       		.uleb128 0x16
 1091 0020 00       		.byte	0
 1092 0021 03       		.uleb128 0x3
 1093 0022 0E       		.uleb128 0xe
 1094 0023 3A       		.uleb128 0x3a
 1095 0024 0B       		.uleb128 0xb
 1096 0025 3B       		.uleb128 0x3b
 1097 0026 0B       		.uleb128 0xb
 1098 0027 49       		.uleb128 0x49
 1099 0028 13       		.uleb128 0x13
 1100 0029 00       		.byte	0
 1101 002a 00       		.byte	0
 1102 002b 04       		.uleb128 0x4
 1103 002c 24       		.uleb128 0x24
 1104 002d 00       		.byte	0
 1105 002e 0B       		.uleb128 0xb
 1106 002f 0B       		.uleb128 0xb
 1107 0030 3E       		.uleb128 0x3e
 1108 0031 0B       		.uleb128 0xb
 1109 0032 03       		.uleb128 0x3
 1110 0033 08       		.uleb128 0x8
ARM GAS  C:\Users\chemi\AppData\Local\Temp\cczjjlNc.s 			page 23


 1111 0034 00       		.byte	0
 1112 0035 00       		.byte	0
 1113 0036 05       		.uleb128 0x5
 1114 0037 13       		.uleb128 0x13
 1115 0038 01       		.byte	0x1
 1116 0039 03       		.uleb128 0x3
 1117 003a 0E       		.uleb128 0xe
 1118 003b 0B       		.uleb128 0xb
 1119 003c 0B       		.uleb128 0xb
 1120 003d 3A       		.uleb128 0x3a
 1121 003e 0B       		.uleb128 0xb
 1122 003f 3B       		.uleb128 0x3b
 1123 0040 0B       		.uleb128 0xb
 1124 0041 01       		.uleb128 0x1
 1125 0042 13       		.uleb128 0x13
 1126 0043 00       		.byte	0
 1127 0044 00       		.byte	0
 1128 0045 06       		.uleb128 0x6
 1129 0046 0D       		.uleb128 0xd
 1130 0047 00       		.byte	0
 1131 0048 03       		.uleb128 0x3
 1132 0049 0E       		.uleb128 0xe
 1133 004a 3A       		.uleb128 0x3a
 1134 004b 0B       		.uleb128 0xb
 1135 004c 3B       		.uleb128 0x3b
 1136 004d 0B       		.uleb128 0xb
 1137 004e 49       		.uleb128 0x49
 1138 004f 13       		.uleb128 0x13
 1139 0050 38       		.uleb128 0x38
 1140 0051 0B       		.uleb128 0xb
 1141 0052 00       		.byte	0
 1142 0053 00       		.byte	0
 1143 0054 07       		.uleb128 0x7
 1144 0055 0D       		.uleb128 0xd
 1145 0056 00       		.byte	0
 1146 0057 03       		.uleb128 0x3
 1147 0058 08       		.uleb128 0x8
 1148 0059 3A       		.uleb128 0x3a
 1149 005a 0B       		.uleb128 0xb
 1150 005b 3B       		.uleb128 0x3b
 1151 005c 0B       		.uleb128 0xb
 1152 005d 49       		.uleb128 0x49
 1153 005e 13       		.uleb128 0x13
 1154 005f 38       		.uleb128 0x38
 1155 0060 0B       		.uleb128 0xb
 1156 0061 00       		.byte	0
 1157 0062 00       		.byte	0
 1158 0063 08       		.uleb128 0x8
 1159 0064 0F       		.uleb128 0xf
 1160 0065 00       		.byte	0
 1161 0066 0B       		.uleb128 0xb
 1162 0067 0B       		.uleb128 0xb
 1163 0068 49       		.uleb128 0x49
 1164 0069 13       		.uleb128 0x13
 1165 006a 00       		.byte	0
 1166 006b 00       		.byte	0
 1167 006c 09       		.uleb128 0x9
ARM GAS  C:\Users\chemi\AppData\Local\Temp\cczjjlNc.s 			page 24


 1168 006d 0F       		.uleb128 0xf
 1169 006e 00       		.byte	0
 1170 006f 0B       		.uleb128 0xb
 1171 0070 0B       		.uleb128 0xb
 1172 0071 00       		.byte	0
 1173 0072 00       		.byte	0
 1174 0073 0A       		.uleb128 0xa
 1175 0074 13       		.uleb128 0x13
 1176 0075 01       		.byte	0x1
 1177 0076 0B       		.uleb128 0xb
 1178 0077 0B       		.uleb128 0xb
 1179 0078 3A       		.uleb128 0x3a
 1180 0079 0B       		.uleb128 0xb
 1181 007a 3B       		.uleb128 0x3b
 1182 007b 0B       		.uleb128 0xb
 1183 007c 01       		.uleb128 0x1
 1184 007d 13       		.uleb128 0x13
 1185 007e 00       		.byte	0
 1186 007f 00       		.byte	0
 1187 0080 0B       		.uleb128 0xb
 1188 0081 2E       		.uleb128 0x2e
 1189 0082 01       		.byte	0x1
 1190 0083 3F       		.uleb128 0x3f
 1191 0084 19       		.uleb128 0x19
 1192 0085 03       		.uleb128 0x3
 1193 0086 0E       		.uleb128 0xe
 1194 0087 3A       		.uleb128 0x3a
 1195 0088 0B       		.uleb128 0xb
 1196 0089 3B       		.uleb128 0x3b
 1197 008a 0B       		.uleb128 0xb
 1198 008b 49       		.uleb128 0x49
 1199 008c 13       		.uleb128 0x13
 1200 008d 11       		.uleb128 0x11
 1201 008e 01       		.uleb128 0x1
 1202 008f 12       		.uleb128 0x12
 1203 0090 06       		.uleb128 0x6
 1204 0091 40       		.uleb128 0x40
 1205 0092 18       		.uleb128 0x18
 1206 0093 9742     		.uleb128 0x2117
 1207 0095 19       		.uleb128 0x19
 1208 0096 01       		.uleb128 0x1
 1209 0097 13       		.uleb128 0x13
 1210 0098 00       		.byte	0
 1211 0099 00       		.byte	0
 1212 009a 0C       		.uleb128 0xc
 1213 009b 34       		.uleb128 0x34
 1214 009c 00       		.byte	0
 1215 009d 03       		.uleb128 0x3
 1216 009e 0E       		.uleb128 0xe
 1217 009f 3A       		.uleb128 0x3a
 1218 00a0 0B       		.uleb128 0xb
 1219 00a1 3B       		.uleb128 0x3b
 1220 00a2 0B       		.uleb128 0xb
 1221 00a3 49       		.uleb128 0x49
 1222 00a4 13       		.uleb128 0x13
 1223 00a5 02       		.uleb128 0x2
 1224 00a6 17       		.uleb128 0x17
ARM GAS  C:\Users\chemi\AppData\Local\Temp\cczjjlNc.s 			page 25


 1225 00a7 00       		.byte	0
 1226 00a8 00       		.byte	0
 1227 00a9 0D       		.uleb128 0xd
 1228 00aa 898201   		.uleb128 0x4109
 1229 00ad 01       		.byte	0x1
 1230 00ae 11       		.uleb128 0x11
 1231 00af 01       		.uleb128 0x1
 1232 00b0 31       		.uleb128 0x31
 1233 00b1 13       		.uleb128 0x13
 1234 00b2 01       		.uleb128 0x1
 1235 00b3 13       		.uleb128 0x13
 1236 00b4 00       		.byte	0
 1237 00b5 00       		.byte	0
 1238 00b6 0E       		.uleb128 0xe
 1239 00b7 8A8201   		.uleb128 0x410a
 1240 00ba 00       		.byte	0
 1241 00bb 02       		.uleb128 0x2
 1242 00bc 18       		.uleb128 0x18
 1243 00bd 9142     		.uleb128 0x2111
 1244 00bf 18       		.uleb128 0x18
 1245 00c0 00       		.byte	0
 1246 00c1 00       		.byte	0
 1247 00c2 0F       		.uleb128 0xf
 1248 00c3 898201   		.uleb128 0x4109
 1249 00c6 01       		.byte	0x1
 1250 00c7 11       		.uleb128 0x11
 1251 00c8 01       		.uleb128 0x1
 1252 00c9 31       		.uleb128 0x31
 1253 00ca 13       		.uleb128 0x13
 1254 00cb 00       		.byte	0
 1255 00cc 00       		.byte	0
 1256 00cd 10       		.uleb128 0x10
 1257 00ce 2E       		.uleb128 0x2e
 1258 00cf 01       		.byte	0x1
 1259 00d0 3F       		.uleb128 0x3f
 1260 00d1 19       		.uleb128 0x19
 1261 00d2 03       		.uleb128 0x3
 1262 00d3 0E       		.uleb128 0xe
 1263 00d4 3A       		.uleb128 0x3a
 1264 00d5 0B       		.uleb128 0xb
 1265 00d6 3B       		.uleb128 0x3b
 1266 00d7 0B       		.uleb128 0xb
 1267 00d8 27       		.uleb128 0x27
 1268 00d9 19       		.uleb128 0x19
 1269 00da 49       		.uleb128 0x49
 1270 00db 13       		.uleb128 0x13
 1271 00dc 11       		.uleb128 0x11
 1272 00dd 01       		.uleb128 0x1
 1273 00de 12       		.uleb128 0x12
 1274 00df 06       		.uleb128 0x6
 1275 00e0 40       		.uleb128 0x40
 1276 00e1 18       		.uleb128 0x18
 1277 00e2 9742     		.uleb128 0x2117
 1278 00e4 19       		.uleb128 0x19
 1279 00e5 01       		.uleb128 0x1
 1280 00e6 13       		.uleb128 0x13
 1281 00e7 00       		.byte	0
ARM GAS  C:\Users\chemi\AppData\Local\Temp\cczjjlNc.s 			page 26


 1282 00e8 00       		.byte	0
 1283 00e9 11       		.uleb128 0x11
 1284 00ea 05       		.uleb128 0x5
 1285 00eb 00       		.byte	0
 1286 00ec 03       		.uleb128 0x3
 1287 00ed 0E       		.uleb128 0xe
 1288 00ee 3A       		.uleb128 0x3a
 1289 00ef 0B       		.uleb128 0xb
 1290 00f0 3B       		.uleb128 0x3b
 1291 00f1 0B       		.uleb128 0xb
 1292 00f2 49       		.uleb128 0x49
 1293 00f3 13       		.uleb128 0x13
 1294 00f4 02       		.uleb128 0x2
 1295 00f5 17       		.uleb128 0x17
 1296 00f6 00       		.byte	0
 1297 00f7 00       		.byte	0
 1298 00f8 12       		.uleb128 0x12
 1299 00f9 34       		.uleb128 0x34
 1300 00fa 00       		.byte	0
 1301 00fb 03       		.uleb128 0x3
 1302 00fc 0E       		.uleb128 0xe
 1303 00fd 3A       		.uleb128 0x3a
 1304 00fe 0B       		.uleb128 0xb
 1305 00ff 3B       		.uleb128 0x3b
 1306 0100 0B       		.uleb128 0xb
 1307 0101 49       		.uleb128 0x49
 1308 0102 13       		.uleb128 0x13
 1309 0103 02       		.uleb128 0x2
 1310 0104 18       		.uleb128 0x18
 1311 0105 00       		.byte	0
 1312 0106 00       		.byte	0
 1313 0107 13       		.uleb128 0x13
 1314 0108 05       		.uleb128 0x5
 1315 0109 00       		.byte	0
 1316 010a 03       		.uleb128 0x3
 1317 010b 0E       		.uleb128 0xe
 1318 010c 3A       		.uleb128 0x3a
 1319 010d 0B       		.uleb128 0xb
 1320 010e 3B       		.uleb128 0x3b
 1321 010f 0B       		.uleb128 0xb
 1322 0110 49       		.uleb128 0x49
 1323 0111 13       		.uleb128 0x13
 1324 0112 02       		.uleb128 0x2
 1325 0113 18       		.uleb128 0x18
 1326 0114 00       		.byte	0
 1327 0115 00       		.byte	0
 1328 0116 14       		.uleb128 0x14
 1329 0117 34       		.uleb128 0x34
 1330 0118 00       		.byte	0
 1331 0119 03       		.uleb128 0x3
 1332 011a 0E       		.uleb128 0xe
 1333 011b 3A       		.uleb128 0x3a
 1334 011c 0B       		.uleb128 0xb
 1335 011d 3B       		.uleb128 0x3b
 1336 011e 0B       		.uleb128 0xb
 1337 011f 49       		.uleb128 0x49
 1338 0120 13       		.uleb128 0x13
ARM GAS  C:\Users\chemi\AppData\Local\Temp\cczjjlNc.s 			page 27


 1339 0121 00       		.byte	0
 1340 0122 00       		.byte	0
 1341 0123 15       		.uleb128 0x15
 1342 0124 2E       		.uleb128 0x2e
 1343 0125 01       		.byte	0x1
 1344 0126 3F       		.uleb128 0x3f
 1345 0127 19       		.uleb128 0x19
 1346 0128 03       		.uleb128 0x3
 1347 0129 0E       		.uleb128 0xe
 1348 012a 3A       		.uleb128 0x3a
 1349 012b 0B       		.uleb128 0xb
 1350 012c 3B       		.uleb128 0x3b
 1351 012d 0B       		.uleb128 0xb
 1352 012e 27       		.uleb128 0x27
 1353 012f 19       		.uleb128 0x19
 1354 0130 11       		.uleb128 0x11
 1355 0131 01       		.uleb128 0x1
 1356 0132 12       		.uleb128 0x12
 1357 0133 06       		.uleb128 0x6
 1358 0134 40       		.uleb128 0x40
 1359 0135 18       		.uleb128 0x18
 1360 0136 9742     		.uleb128 0x2117
 1361 0138 19       		.uleb128 0x19
 1362 0139 01       		.uleb128 0x1
 1363 013a 13       		.uleb128 0x13
 1364 013b 00       		.byte	0
 1365 013c 00       		.byte	0
 1366 013d 16       		.uleb128 0x16
 1367 013e 898201   		.uleb128 0x4109
 1368 0141 01       		.byte	0x1
 1369 0142 11       		.uleb128 0x11
 1370 0143 01       		.uleb128 0x1
 1371 0144 9542     		.uleb128 0x2115
 1372 0146 19       		.uleb128 0x19
 1373 0147 31       		.uleb128 0x31
 1374 0148 13       		.uleb128 0x13
 1375 0149 00       		.byte	0
 1376 014a 00       		.byte	0
 1377 014b 17       		.uleb128 0x17
 1378 014c 898201   		.uleb128 0x4109
 1379 014f 00       		.byte	0
 1380 0150 11       		.uleb128 0x11
 1381 0151 01       		.uleb128 0x1
 1382 0152 31       		.uleb128 0x31
 1383 0153 13       		.uleb128 0x13
 1384 0154 00       		.byte	0
 1385 0155 00       		.byte	0
 1386 0156 18       		.uleb128 0x18
 1387 0157 898201   		.uleb128 0x4109
 1388 015a 00       		.byte	0
 1389 015b 11       		.uleb128 0x11
 1390 015c 01       		.uleb128 0x1
 1391 015d 9542     		.uleb128 0x2115
 1392 015f 19       		.uleb128 0x19
 1393 0160 31       		.uleb128 0x31
 1394 0161 13       		.uleb128 0x13
 1395 0162 00       		.byte	0
ARM GAS  C:\Users\chemi\AppData\Local\Temp\cczjjlNc.s 			page 28


 1396 0163 00       		.byte	0
 1397 0164 19       		.uleb128 0x19
 1398 0165 34       		.uleb128 0x34
 1399 0166 00       		.byte	0
 1400 0167 03       		.uleb128 0x3
 1401 0168 08       		.uleb128 0x8
 1402 0169 3A       		.uleb128 0x3a
 1403 016a 0B       		.uleb128 0xb
 1404 016b 3B       		.uleb128 0x3b
 1405 016c 0B       		.uleb128 0xb
 1406 016d 49       		.uleb128 0x49
 1407 016e 13       		.uleb128 0x13
 1408 016f 02       		.uleb128 0x2
 1409 0170 17       		.uleb128 0x17
 1410 0171 00       		.byte	0
 1411 0172 00       		.byte	0
 1412 0173 1A       		.uleb128 0x1a
 1413 0174 34       		.uleb128 0x34
 1414 0175 00       		.byte	0
 1415 0176 03       		.uleb128 0x3
 1416 0177 0E       		.uleb128 0xe
 1417 0178 3A       		.uleb128 0x3a
 1418 0179 0B       		.uleb128 0xb
 1419 017a 3B       		.uleb128 0x3b
 1420 017b 05       		.uleb128 0x5
 1421 017c 49       		.uleb128 0x49
 1422 017d 13       		.uleb128 0x13
 1423 017e 3F       		.uleb128 0x3f
 1424 017f 19       		.uleb128 0x19
 1425 0180 3C       		.uleb128 0x3c
 1426 0181 19       		.uleb128 0x19
 1427 0182 00       		.byte	0
 1428 0183 00       		.byte	0
 1429 0184 1B       		.uleb128 0x1b
 1430 0185 35       		.uleb128 0x35
 1431 0186 00       		.byte	0
 1432 0187 49       		.uleb128 0x49
 1433 0188 13       		.uleb128 0x13
 1434 0189 00       		.byte	0
 1435 018a 00       		.byte	0
 1436 018b 1C       		.uleb128 0x1c
 1437 018c 2E       		.uleb128 0x2e
 1438 018d 00       		.byte	0
 1439 018e 3F       		.uleb128 0x3f
 1440 018f 19       		.uleb128 0x19
 1441 0190 3C       		.uleb128 0x3c
 1442 0191 19       		.uleb128 0x19
 1443 0192 6E       		.uleb128 0x6e
 1444 0193 0E       		.uleb128 0xe
 1445 0194 03       		.uleb128 0x3
 1446 0195 0E       		.uleb128 0xe
 1447 0196 3A       		.uleb128 0x3a
 1448 0197 0B       		.uleb128 0xb
 1449 0198 3B       		.uleb128 0x3b
 1450 0199 0B       		.uleb128 0xb
 1451 019a 00       		.byte	0
 1452 019b 00       		.byte	0
ARM GAS  C:\Users\chemi\AppData\Local\Temp\cczjjlNc.s 			page 29


 1453 019c 00       		.byte	0
 1454              		.section	.debug_loc,"",%progbits
 1455              	.Ldebug_loc0:
 1456              	.LLST0:
 1457 0000 0A000000 		.4byte	.LVL1
 1458 0004 0C000000 		.4byte	.LVL2
 1459 0008 0100     		.2byte	0x1
 1460 000a 50       		.byte	0x50
 1461 000b 0C000000 		.4byte	.LVL2
 1462 000f 20000000 		.4byte	.LFE68
 1463 0013 0100     		.2byte	0x1
 1464 0015 54       		.byte	0x54
 1465 0016 00000000 		.4byte	0
 1466 001a 00000000 		.4byte	0
 1467              	.LLST1:
 1468 001e 10000000 		.4byte	.LVL3
 1469 0022 1E000000 		.4byte	.LVL4
 1470 0026 0100     		.2byte	0x1
 1471 0028 50       		.byte	0x50
 1472 0029 1E000000 		.4byte	.LVL4
 1473 002d 20000000 		.4byte	.LFE68
 1474 0031 0200     		.2byte	0x2
 1475 0033 74       		.byte	0x74
 1476 0034 0C       		.sleb128 12
 1477 0035 00000000 		.4byte	0
 1478 0039 00000000 		.4byte	0
 1479              	.LLST2:
 1480 003d 00000000 		.4byte	.LVL5
 1481 0041 10000000 		.4byte	.LVL10
 1482 0045 0100     		.2byte	0x1
 1483 0047 50       		.byte	0x50
 1484 0048 10000000 		.4byte	.LVL10
 1485 004c 12000000 		.4byte	.LFE70
 1486 0050 0400     		.2byte	0x4
 1487 0052 F3       		.byte	0xf3
 1488 0053 01       		.uleb128 0x1
 1489 0054 50       		.byte	0x50
 1490 0055 9F       		.byte	0x9f
 1491 0056 00000000 		.4byte	0
 1492 005a 00000000 		.4byte	0
 1493              	.LLST3:
 1494 005e 02000000 		.4byte	.LVL6
 1495 0062 04000000 		.4byte	.LVL7
 1496 0066 0200     		.2byte	0x2
 1497 0068 30       		.byte	0x30
 1498 0069 9F       		.byte	0x9f
 1499 006a 04000000 		.4byte	.LVL7
 1500 006e 12000000 		.4byte	.LFE70
 1501 0072 0100     		.2byte	0x1
 1502 0074 53       		.byte	0x53
 1503 0075 00000000 		.4byte	0
 1504 0079 00000000 		.4byte	0
 1505              	.LLST4:
 1506 007d 00000000 		.4byte	.LVL11
 1507 0081 0A000000 		.4byte	.LVL12
 1508 0085 0100     		.2byte	0x1
 1509 0087 50       		.byte	0x50
ARM GAS  C:\Users\chemi\AppData\Local\Temp\cczjjlNc.s 			page 30


 1510 0088 0A000000 		.4byte	.LVL12
 1511 008c 28000000 		.4byte	.LVL16
 1512 0090 0100     		.2byte	0x1
 1513 0092 55       		.byte	0x55
 1514 0093 28000000 		.4byte	.LVL16
 1515 0097 2A000000 		.4byte	.LFE72
 1516 009b 0100     		.2byte	0x1
 1517 009d 50       		.byte	0x50
 1518 009e 00000000 		.4byte	0
 1519 00a2 00000000 		.4byte	0
 1520              	.LLST5:
 1521 00a6 00000000 		.4byte	.LVL11
 1522 00aa 0D000000 		.4byte	.LVL13-1
 1523 00ae 0100     		.2byte	0x1
 1524 00b0 51       		.byte	0x51
 1525 00b1 0D000000 		.4byte	.LVL13-1
 1526 00b5 28000000 		.4byte	.LVL16
 1527 00b9 0100     		.2byte	0x1
 1528 00bb 54       		.byte	0x54
 1529 00bc 28000000 		.4byte	.LVL16
 1530 00c0 2A000000 		.4byte	.LFE72
 1531 00c4 0100     		.2byte	0x1
 1532 00c6 51       		.byte	0x51
 1533 00c7 00000000 		.4byte	0
 1534 00cb 00000000 		.4byte	0
 1535              	.LLST6:
 1536 00cf 10000000 		.4byte	.LVL14
 1537 00d3 1E000000 		.4byte	.LVL15
 1538 00d7 0100     		.2byte	0x1
 1539 00d9 50       		.byte	0x50
 1540 00da 1E000000 		.4byte	.LVL15
 1541 00de 28000000 		.4byte	.LVL16
 1542 00e2 0100     		.2byte	0x1
 1543 00e4 53       		.byte	0x53
 1544 00e5 00000000 		.4byte	0
 1545 00e9 00000000 		.4byte	0
 1546              	.LLST7:
 1547 00ed 00000000 		.4byte	.LVL17
 1548 00f1 12000000 		.4byte	.LVL20
 1549 00f5 0100     		.2byte	0x1
 1550 00f7 50       		.byte	0x50
 1551 00f8 12000000 		.4byte	.LVL20
 1552 00fc 14000000 		.4byte	.LVL21
 1553 0100 0400     		.2byte	0x4
 1554 0102 F3       		.byte	0xf3
 1555 0103 01       		.uleb128 0x1
 1556 0104 50       		.byte	0x50
 1557 0105 9F       		.byte	0x9f
 1558 0106 14000000 		.4byte	.LVL21
 1559 010a 16000000 		.4byte	.LVL22
 1560 010e 0100     		.2byte	0x1
 1561 0110 50       		.byte	0x50
 1562 0111 16000000 		.4byte	.LVL22
 1563 0115 18000000 		.4byte	.LFE73
 1564 0119 0400     		.2byte	0x4
 1565 011b F3       		.byte	0xf3
 1566 011c 01       		.uleb128 0x1
ARM GAS  C:\Users\chemi\AppData\Local\Temp\cczjjlNc.s 			page 31


 1567 011d 50       		.byte	0x50
 1568 011e 9F       		.byte	0x9f
 1569 011f 00000000 		.4byte	0
 1570 0123 00000000 		.4byte	0
 1571              	.LLST8:
 1572 0127 00000000 		.4byte	.LVL23
 1573 012b 08000000 		.4byte	.LVL25
 1574 012f 0100     		.2byte	0x1
 1575 0131 50       		.byte	0x50
 1576 0132 08000000 		.4byte	.LVL25
 1577 0136 0C000000 		.4byte	.LFE74
 1578 013a 0400     		.2byte	0x4
 1579 013c F3       		.byte	0xf3
 1580 013d 01       		.uleb128 0x1
 1581 013e 50       		.byte	0x50
 1582 013f 9F       		.byte	0x9f
 1583 0140 00000000 		.4byte	0
 1584 0144 00000000 		.4byte	0
 1585              	.LLST9:
 1586 0148 00000000 		.4byte	.LVL26
 1587 014c 06000000 		.4byte	.LVL27
 1588 0150 0100     		.2byte	0x1
 1589 0152 50       		.byte	0x50
 1590 0153 06000000 		.4byte	.LVL27
 1591 0157 0A000000 		.4byte	.LFE75
 1592 015b 0400     		.2byte	0x4
 1593 015d F3       		.byte	0xf3
 1594 015e 01       		.uleb128 0x1
 1595 015f 50       		.byte	0x50
 1596 0160 9F       		.byte	0x9f
 1597 0161 00000000 		.4byte	0
 1598 0165 00000000 		.4byte	0
 1599              	.LLST10:
 1600 0169 00000000 		.4byte	.LVL28
 1601 016d 0D000000 		.4byte	.LVL29-1
 1602 0171 0100     		.2byte	0x1
 1603 0173 50       		.byte	0x50
 1604 0174 0D000000 		.4byte	.LVL29-1
 1605 0178 0E000000 		.4byte	.LFE77
 1606 017c 0400     		.2byte	0x4
 1607 017e F3       		.byte	0xf3
 1608 017f 01       		.uleb128 0x1
 1609 0180 50       		.byte	0x50
 1610 0181 9F       		.byte	0x9f
 1611 0182 00000000 		.4byte	0
 1612 0186 00000000 		.4byte	0
 1613              	.LLST11:
 1614 018a 00000000 		.4byte	.LVL30
 1615 018e 06000000 		.4byte	.LVL31
 1616 0192 0100     		.2byte	0x1
 1617 0194 50       		.byte	0x50
 1618 0195 06000000 		.4byte	.LVL31
 1619 0199 16000000 		.4byte	.LFE71
 1620 019d 0100     		.2byte	0x1
 1621 019f 55       		.byte	0x55
 1622 01a0 00000000 		.4byte	0
 1623 01a4 00000000 		.4byte	0
ARM GAS  C:\Users\chemi\AppData\Local\Temp\cczjjlNc.s 			page 32


 1624              	.LLST12:
 1625 01a8 00000000 		.4byte	.LVL34
 1626 01ac 07000000 		.4byte	.LVL35-1
 1627 01b0 0100     		.2byte	0x1
 1628 01b2 50       		.byte	0x50
 1629 01b3 07000000 		.4byte	.LVL35-1
 1630 01b7 14000000 		.4byte	.LVL37
 1631 01bb 0100     		.2byte	0x1
 1632 01bd 54       		.byte	0x54
 1633 01be 14000000 		.4byte	.LVL37
 1634 01c2 17000000 		.4byte	.LVL38-1
 1635 01c6 0100     		.2byte	0x1
 1636 01c8 50       		.byte	0x50
 1637 01c9 17000000 		.4byte	.LVL38-1
 1638 01cd 18000000 		.4byte	.LFE69
 1639 01d1 0400     		.2byte	0x4
 1640 01d3 F3       		.byte	0xf3
 1641 01d4 01       		.uleb128 0x1
 1642 01d5 50       		.byte	0x50
 1643 01d6 9F       		.byte	0x9f
 1644 01d7 00000000 		.4byte	0
 1645 01db 00000000 		.4byte	0
 1646              	.LLST13:
 1647 01df 00000000 		.4byte	.LVL39
 1648 01e3 05000000 		.4byte	.LVL40-1
 1649 01e7 0100     		.2byte	0x1
 1650 01e9 50       		.byte	0x50
 1651 01ea 05000000 		.4byte	.LVL40-1
 1652 01ee 12000000 		.4byte	.LFE76
 1653 01f2 0400     		.2byte	0x4
 1654 01f4 F3       		.byte	0xf3
 1655 01f5 01       		.uleb128 0x1
 1656 01f6 50       		.byte	0x50
 1657 01f7 9F       		.byte	0x9f
 1658 01f8 00000000 		.4byte	0
 1659 01fc 00000000 		.4byte	0
 1660              	.LLST14:
 1661 0200 00000000 		.4byte	.LVL39
 1662 0204 05000000 		.4byte	.LVL40-1
 1663 0208 0100     		.2byte	0x1
 1664 020a 51       		.byte	0x51
 1665 020b 05000000 		.4byte	.LVL40-1
 1666 020f 12000000 		.4byte	.LFE76
 1667 0213 0400     		.2byte	0x4
 1668 0215 F3       		.byte	0xf3
 1669 0216 01       		.uleb128 0x1
 1670 0217 51       		.byte	0x51
 1671 0218 9F       		.byte	0x9f
 1672 0219 00000000 		.4byte	0
 1673 021d 00000000 		.4byte	0
 1674              	.LLST15:
 1675 0221 06000000 		.4byte	.LVL40
 1676 0225 0F000000 		.4byte	.LVL41-1
 1677 0229 0100     		.2byte	0x1
 1678 022b 50       		.byte	0x50
 1679 022c 10000000 		.4byte	.LVL41
 1680 0230 12000000 		.4byte	.LFE76
ARM GAS  C:\Users\chemi\AppData\Local\Temp\cczjjlNc.s 			page 33


 1681 0234 0100     		.2byte	0x1
 1682 0236 50       		.byte	0x50
 1683 0237 00000000 		.4byte	0
 1684 023b 00000000 		.4byte	0
 1685              	.LLST16:
 1686 023f 00000000 		.4byte	.LVL42
 1687 0243 0C000000 		.4byte	.LVL44
 1688 0247 0100     		.2byte	0x1
 1689 0249 50       		.byte	0x50
 1690 024a 0C000000 		.4byte	.LVL44
 1691 024e 14000000 		.4byte	.LVL46
 1692 0252 0400     		.2byte	0x4
 1693 0254 F3       		.byte	0xf3
 1694 0255 01       		.uleb128 0x1
 1695 0256 50       		.byte	0x50
 1696 0257 9F       		.byte	0x9f
 1697 0258 14000000 		.4byte	.LVL46
 1698 025c 16000000 		.4byte	.LVL47
 1699 0260 0100     		.2byte	0x1
 1700 0262 50       		.byte	0x50
 1701 0263 16000000 		.4byte	.LVL47
 1702 0267 18000000 		.4byte	.LFE78
 1703 026b 0400     		.2byte	0x4
 1704 026d F3       		.byte	0xf3
 1705 026e 01       		.uleb128 0x1
 1706 026f 50       		.byte	0x50
 1707 0270 9F       		.byte	0x9f
 1708 0271 00000000 		.4byte	0
 1709 0275 00000000 		.4byte	0
 1710              	.LLST17:
 1711 0279 0A000000 		.4byte	.LVL43
 1712 027d 14000000 		.4byte	.LVL46
 1713 0281 0100     		.2byte	0x1
 1714 0283 54       		.byte	0x54
 1715 0284 00000000 		.4byte	0
 1716 0288 00000000 		.4byte	0
 1717              		.section	.debug_aranges,"",%progbits
 1718 0000 74000000 		.4byte	0x74
 1719 0004 0200     		.2byte	0x2
 1720 0006 00000000 		.4byte	.Ldebug_info0
 1721 000a 04       		.byte	0x4
 1722 000b 00       		.byte	0
 1723 000c 0000     		.2byte	0
 1724 000e 0000     		.2byte	0
 1725 0010 00000000 		.4byte	.LFB68
 1726 0014 20000000 		.4byte	.LFE68-.LFB68
 1727 0018 00000000 		.4byte	.LFB70
 1728 001c 12000000 		.4byte	.LFE70-.LFB70
 1729 0020 00000000 		.4byte	.LFB72
 1730 0024 2A000000 		.4byte	.LFE72-.LFB72
 1731 0028 00000000 		.4byte	.LFB73
 1732 002c 18000000 		.4byte	.LFE73-.LFB73
 1733 0030 00000000 		.4byte	.LFB74
 1734 0034 0C000000 		.4byte	.LFE74-.LFB74
 1735 0038 00000000 		.4byte	.LFB75
 1736 003c 0A000000 		.4byte	.LFE75-.LFB75
 1737 0040 00000000 		.4byte	.LFB77
ARM GAS  C:\Users\chemi\AppData\Local\Temp\cczjjlNc.s 			page 34


 1738 0044 0E000000 		.4byte	.LFE77-.LFB77
 1739 0048 00000000 		.4byte	.LFB71
 1740 004c 16000000 		.4byte	.LFE71-.LFB71
 1741 0050 00000000 		.4byte	.LFB69
 1742 0054 18000000 		.4byte	.LFE69-.LFB69
 1743 0058 00000000 		.4byte	.LFB76
 1744 005c 12000000 		.4byte	.LFE76-.LFB76
 1745 0060 00000000 		.4byte	.LFB78
 1746 0064 18000000 		.4byte	.LFE78-.LFB78
 1747 0068 00000000 		.4byte	.LFB79
 1748 006c 16000000 		.4byte	.LFE79-.LFB79
 1749 0070 00000000 		.4byte	0
 1750 0074 00000000 		.4byte	0
 1751              		.section	.debug_ranges,"",%progbits
 1752              	.Ldebug_ranges0:
 1753 0000 00000000 		.4byte	.LFB68
 1754 0004 20000000 		.4byte	.LFE68
 1755 0008 00000000 		.4byte	.LFB70
 1756 000c 12000000 		.4byte	.LFE70
 1757 0010 00000000 		.4byte	.LFB72
 1758 0014 2A000000 		.4byte	.LFE72
 1759 0018 00000000 		.4byte	.LFB73
 1760 001c 18000000 		.4byte	.LFE73
 1761 0020 00000000 		.4byte	.LFB74
 1762 0024 0C000000 		.4byte	.LFE74
 1763 0028 00000000 		.4byte	.LFB75
 1764 002c 0A000000 		.4byte	.LFE75
 1765 0030 00000000 		.4byte	.LFB77
 1766 0034 0E000000 		.4byte	.LFE77
 1767 0038 00000000 		.4byte	.LFB71
 1768 003c 16000000 		.4byte	.LFE71
 1769 0040 00000000 		.4byte	.LFB69
 1770 0044 18000000 		.4byte	.LFE69
 1771 0048 00000000 		.4byte	.LFB76
 1772 004c 12000000 		.4byte	.LFE76
 1773 0050 00000000 		.4byte	.LFB78
 1774 0054 18000000 		.4byte	.LFE78
 1775 0058 00000000 		.4byte	.LFB79
 1776 005c 16000000 		.4byte	.LFE79
 1777 0060 00000000 		.4byte	0
 1778 0064 00000000 		.4byte	0
 1779              		.section	.debug_line,"",%progbits
 1780              	.Ldebug_line0:
 1781 0000 B3020000 		.section	.debug_str,"MS",%progbits,1
 1781      0200A001 
 1781      00000201 
 1781      FB0E0D00 
 1781      01010101 
 1782              	.LASF36:
 1783 0000 444C4C5F 		.ascii	"DLL_get\000"
 1783      67657400 
 1784              	.LASF16:
 1785 0008 6E657874 		.ascii	"next\000"
 1785      00
 1786              	.LASF15:
 1787 000d 444C4C4F 		.ascii	"DLLObject\000"
 1787      626A6563 
ARM GAS  C:\Users\chemi\AppData\Local\Temp\cczjjlNc.s 			page 35


 1787      7400
 1788              	.LASF5:
 1789 0017 5F5F696E 		.ascii	"__int32_t\000"
 1789      7433325F 
 1789      7400
 1790              	.LASF52:
 1791 0021 5F444C4C 		.ascii	"_DLLObject_\000"
 1791      4F626A65 
 1791      63745F00 
 1792              	.LASF46:
 1793 002d 444C4C5F 		.ascii	"DLL_moveToEnd\000"
 1793      6D6F7665 
 1793      546F456E 
 1793      6400
 1794              	.LASF23:
 1795 003b 6E657874 		.ascii	"nextUID\000"
 1795      55494400 
 1796              	.LASF30:
 1797 0043 444C4C5F 		.ascii	"DLL_add\000"
 1797      61646400 
 1798              	.LASF53:
 1799 004b 63757272 		.ascii	"currIndex\000"
 1799      496E6465 
 1799      7800
 1800              	.LASF20:
 1801 0055 646F7562 		.ascii	"double\000"
 1801      6C6500
 1802              	.LASF47:
 1803 005c 7076506F 		.ascii	"pvPortMalloc\000"
 1803      72744D61 
 1803      6C6C6F63 
 1803      00
 1804              	.LASF41:
 1805 0069 74617267 		.ascii	"target\000"
 1805      657400
 1806              	.LASF31:
 1807 0070 6C697374 		.ascii	"listHead\000"
 1807      48656164 
 1807      00
 1808              	.LASF19:
 1809 0079 666C6F61 		.ascii	"float\000"
 1809      7400
 1810              	.LASF18:
 1811 007f 64617461 		.ascii	"data\000"
 1811      00
 1812              	.LASF32:
 1813 0084 6E65774F 		.ascii	"newObject\000"
 1813      626A6563 
 1813      7400
 1814              	.LASF1:
 1815 008e 756E7369 		.ascii	"unsigned char\000"
 1815      676E6564 
 1815      20636861 
 1815      7200
 1816              	.LASF7:
 1817 009c 5F5F7569 		.ascii	"__uint32_t\000"
 1817      6E743332 
ARM GAS  C:\Users\chemi\AppData\Local\Temp\cczjjlNc.s 			page 36


 1817      5F7400
 1818              	.LASF34:
 1819 00a7 64617461 		.ascii	"dataPtr\000"
 1819      50747200 
 1820              	.LASF45:
 1821 00af 444C4C5F 		.ascii	"DLL_pop\000"
 1821      706F7000 
 1822              	.LASF49:
 1823 00b7 474E5520 		.ascii	"GNU C99 5.4.1 20160609 (release) [ARM/embedded-5-br"
 1823      43393920 
 1823      352E342E 
 1823      31203230 
 1823      31363036 
 1824 00ea 616E6368 		.ascii	"anch revision 237715] -mcpu=cortex-m3 -mthumb -g -O"
 1824      20726576 
 1824      6973696F 
 1824      6E203233 
 1824      37373135 
 1825 011d 73202D73 		.ascii	"s -std=gnu99 -ffunction-sections -ffat-lto-objects\000"
 1825      74643D67 
 1825      6E753939 
 1825      202D6666 
 1825      756E6374 
 1826              	.LASF3:
 1827 0150 73686F72 		.ascii	"short unsigned int\000"
 1827      7420756E 
 1827      7369676E 
 1827      65642069 
 1827      6E7400
 1828              	.LASF29:
 1829 0163 444C4C5F 		.ascii	"DLL_length\000"
 1829      6C656E67 
 1829      746800
 1830              	.LASF54:
 1831 016e 49544D5F 		.ascii	"ITM_RxBuffer\000"
 1831      52784275 
 1831      66666572 
 1831      00
 1832              	.LASF4:
 1833 017b 5F5F7569 		.ascii	"__uint16_t\000"
 1833      6E743136 
 1833      5F7400
 1834              	.LASF35:
 1835 0186 63757272 		.ascii	"currObject\000"
 1835      4F626A65 
 1835      637400
 1836              	.LASF48:
 1837 0191 76506F72 		.ascii	"vPortFree\000"
 1837      74467265 
 1837      6500
 1838              	.LASF2:
 1839 019b 73686F72 		.ascii	"short int\000"
 1839      7420696E 
 1839      7400
 1840              	.LASF25:
 1841 01a5 68656164 		.ascii	"head\000"
 1841      00
ARM GAS  C:\Users\chemi\AppData\Local\Temp\cczjjlNc.s 			page 37


 1842              	.LASF33:
 1843 01aa 444C4C5F 		.ascii	"DLL_find\000"
 1843      66696E64 
 1843      00
 1844              	.LASF8:
 1845 01b3 6C6F6E67 		.ascii	"long unsigned int\000"
 1845      20756E73 
 1845      69676E65 
 1845      6420696E 
 1845      7400
 1846              	.LASF11:
 1847 01c5 756E7369 		.ascii	"unsigned int\000"
 1847      676E6564 
 1847      20696E74 
 1847      00
 1848              	.LASF10:
 1849 01d2 6C6F6E67 		.ascii	"long long unsigned int\000"
 1849      206C6F6E 
 1849      6720756E 
 1849      7369676E 
 1849      65642069 
 1850              	.LASF38:
 1851 01e9 444C4C5F 		.ascii	"DLL_isEmpty\000"
 1851      6973456D 
 1851      70747900 
 1852              	.LASF50:
 1853 01f5 2E2E5C63 		.ascii	"..\\common\\Modules\\DLL\\DLL.c\000"
 1853      6F6D6D6F 
 1853      6E5C4D6F 
 1853      64756C65 
 1853      735C444C 
 1854              	.LASF13:
 1855 0211 696E7433 		.ascii	"int32_t\000"
 1855      325F7400 
 1856              	.LASF22:
 1857 0219 73697A65 		.ascii	"sizetype\000"
 1857      74797065 
 1857      00
 1858              	.LASF44:
 1859 0222 444C4C5F 		.ascii	"DLL_removeData\000"
 1859      72656D6F 
 1859      76654461 
 1859      746100
 1860              	.LASF9:
 1861 0231 6C6F6E67 		.ascii	"long long int\000"
 1861      206C6F6E 
 1861      6720696E 
 1861      7400
 1862              	.LASF39:
 1863 023f 444C4C5F 		.ascii	"DLL_create\000"
 1863      63726561 
 1863      746500
 1864              	.LASF42:
 1865 024a 444C4C5F 		.ascii	"DLL_clear\000"
 1865      636C6561 
 1865      7200
 1866              	.LASF37:
ARM GAS  C:\Users\chemi\AppData\Local\Temp\cczjjlNc.s 			page 38


 1867 0254 696E6465 		.ascii	"index\000"
 1867      7800
 1868              	.LASF28:
 1869 025a 636F756E 		.ascii	"count\000"
 1869      7400
 1870              	.LASF27:
 1871 0260 63757272 		.ascii	"currObj\000"
 1871      4F626A00 
 1872              	.LASF26:
 1873 0268 68656164 		.ascii	"headData\000"
 1873      44617461 
 1873      00
 1874              	.LASF12:
 1875 0271 75696E74 		.ascii	"uint16_t\000"
 1875      31365F74 
 1875      00
 1876              	.LASF40:
 1877 027a 444C4C5F 		.ascii	"DLL_remove\000"
 1877      72656D6F 
 1877      766500
 1878              	.LASF51:
 1879 0285 433A5C55 		.ascii	"C:\\Users\\chemi\\UD3_QCW\\UD3_QFN.cydsn\000"
 1879      73657273 
 1879      5C636865 
 1879      6D695C55 
 1879      44335F51 
 1880              	.LASF24:
 1881 02aa 48656164 		.ascii	"HeadData\000"
 1881      44617461 
 1881      00
 1882              	.LASF14:
 1883 02b3 75696E74 		.ascii	"uint32_t\000"
 1883      33325F74 
 1883      00
 1884              	.LASF6:
 1885 02bc 6C6F6E67 		.ascii	"long int\000"
 1885      20696E74 
 1885      00
 1886              	.LASF21:
 1887 02c5 63686172 		.ascii	"char\000"
 1887      00
 1888              	.LASF43:
 1889 02ca 444C4C5F 		.ascii	"DLL_free\000"
 1889      66726565 
 1889      00
 1890              	.LASF0:
 1891 02d3 7369676E 		.ascii	"signed char\000"
 1891      65642063 
 1891      68617200 
 1892              	.LASF17:
 1893 02df 70726576 		.ascii	"prev\000"
 1893      00
 1894              		.ident	"GCC: (GNU Tools for ARM Embedded Processors) 5.4.1 20160609 (release) [ARM/embedded-5-bran
