ARM GAS  C:\Users\chemi\AppData\Local\Temp\ccvrjOip.s 			page 1


   1              		.syntax unified
   2              		.cpu cortex-m3
   3              		.fpu softvfp
   4              		.eabi_attribute 20, 1
   5              		.eabi_attribute 21, 1
   6              		.eabi_attribute 23, 3
   7              		.eabi_attribute 24, 1
   8              		.eabi_attribute 25, 1
   9              		.eabi_attribute 26, 1
  10              		.eabi_attribute 30, 4
  11              		.eabi_attribute 34, 1
  12              		.eabi_attribute 18, 4
  13              		.thumb
  14              		.syntax unified
  15              		.file	"FB_Filter_PVT.c"
  16              		.text
  17              	.Ltext0:
  18              		.cfi_sections	.debug_frame
  19              		.section	.text.FB_Filter_SetInterruptMode,"ax",%progbits
  20              		.align	1
  21              		.global	FB_Filter_SetInterruptMode
  22              		.thumb
  23              		.thumb_func
  24              		.type	FB_Filter_SetInterruptMode, %function
  25              	FB_Filter_SetInterruptMode:
  26              	.LFB0:
  27              		.file 1 "Generated_Source\\PSoC5\\FB_Filter_PVT.c"
   1:Generated_Source\PSoC5/FB_Filter_PVT.c **** /*******************************************************************************
   2:Generated_Source\PSoC5/FB_Filter_PVT.c **** * File Name: FB_Filter_PVT.c
   3:Generated_Source\PSoC5/FB_Filter_PVT.c **** * Version 2.30
   4:Generated_Source\PSoC5/FB_Filter_PVT.c **** *
   5:Generated_Source\PSoC5/FB_Filter_PVT.c **** * Description:
   6:Generated_Source\PSoC5/FB_Filter_PVT.c **** *  This file provides source code for FILT component internal functions.
   7:Generated_Source\PSoC5/FB_Filter_PVT.c **** *
   8:Generated_Source\PSoC5/FB_Filter_PVT.c **** * Note:
   9:Generated_Source\PSoC5/FB_Filter_PVT.c **** *  
  10:Generated_Source\PSoC5/FB_Filter_PVT.c **** *******************************************************************************
  11:Generated_Source\PSoC5/FB_Filter_PVT.c **** * Copyright 2008-2013, Cypress Semiconductor Corporation.  All rights reserved.
  12:Generated_Source\PSoC5/FB_Filter_PVT.c **** * You may use this file only in accordance with the license, terms, conditions, 
  13:Generated_Source\PSoC5/FB_Filter_PVT.c **** * disclaimers, and limitations in the end user license agreement accompanying 
  14:Generated_Source\PSoC5/FB_Filter_PVT.c **** * the software package with which this file was provided.
  15:Generated_Source\PSoC5/FB_Filter_PVT.c **** ********************************************************************************/
  16:Generated_Source\PSoC5/FB_Filter_PVT.c **** 
  17:Generated_Source\PSoC5/FB_Filter_PVT.c **** #include "FB_Filter_PVT.h"
  18:Generated_Source\PSoC5/FB_Filter_PVT.c **** 
  19:Generated_Source\PSoC5/FB_Filter_PVT.c **** 
  20:Generated_Source\PSoC5/FB_Filter_PVT.c **** /*******************************************************************************
  21:Generated_Source\PSoC5/FB_Filter_PVT.c **** * Function Name: FB_Filter_SetInterruptMode
  22:Generated_Source\PSoC5/FB_Filter_PVT.c **** ********************************************************************************
  23:Generated_Source\PSoC5/FB_Filter_PVT.c **** *
  24:Generated_Source\PSoC5/FB_Filter_PVT.c **** * Summary:
  25:Generated_Source\PSoC5/FB_Filter_PVT.c **** *  Assign the events which will trigger a DFB interrupt to be triggered. 
  26:Generated_Source\PSoC5/FB_Filter_PVT.c **** *
  27:Generated_Source\PSoC5/FB_Filter_PVT.c **** * Parameters:  
  28:Generated_Source\PSoC5/FB_Filter_PVT.c **** *  events:  Bits [0:5] of events represent the events which will trigger DFB
  29:Generated_Source\PSoC5/FB_Filter_PVT.c **** *           interrupts.
  30:Generated_Source\PSoC5/FB_Filter_PVT.c **** *            Bit 0 - Output value ready in the holding register on channel A
ARM GAS  C:\Users\chemi\AppData\Local\Temp\ccvrjOip.s 			page 2


  31:Generated_Source\PSoC5/FB_Filter_PVT.c **** *            Bit 1 - Output value ready in the holding register on channel B
  32:Generated_Source\PSoC5/FB_Filter_PVT.c **** *            Bit 2 - '1' written to Semaphore 0  - See Note
  33:Generated_Source\PSoC5/FB_Filter_PVT.c **** *            Bit 3 - '1' written to Semaphore 1  - See Note
  34:Generated_Source\PSoC5/FB_Filter_PVT.c **** *            Bit 4 - '1' written to Semaphore 2
  35:Generated_Source\PSoC5/FB_Filter_PVT.c **** *
  36:Generated_Source\PSoC5/FB_Filter_PVT.c **** * Return: 
  37:Generated_Source\PSoC5/FB_Filter_PVT.c **** *  void
  38:Generated_Source\PSoC5/FB_Filter_PVT.c **** *
  39:Generated_Source\PSoC5/FB_Filter_PVT.c **** * Note:
  40:Generated_Source\PSoC5/FB_Filter_PVT.c **** *  Semaphore 0 and Semaphore 1 should not be configured as both a DMA request 
  41:Generated_Source\PSoC5/FB_Filter_PVT.c **** *  and an interrupt event, because, after one clock cycle, the system 
  42:Generated_Source\PSoC5/FB_Filter_PVT.c **** *  automatically clears any semaphore which triggered a DMA request.
  43:Generated_Source\PSoC5/FB_Filter_PVT.c **** *
  44:Generated_Source\PSoC5/FB_Filter_PVT.c **** *******************************************************************************/
  45:Generated_Source\PSoC5/FB_Filter_PVT.c **** void FB_Filter_SetInterruptMode(uint8 events) 
  46:Generated_Source\PSoC5/FB_Filter_PVT.c **** {
  28              		.loc 1 46 0
  29              		.cfi_startproc
  30              		@ args = 0, pretend = 0, frame = 0
  31              		@ frame_needed = 0, uses_anonymous_args = 0
  32              		@ link register save eliminated.
  33              	.LVL0:
  47:Generated_Source\PSoC5/FB_Filter_PVT.c ****     events &= FB_Filter_EVENT_MASK;
  48:Generated_Source\PSoC5/FB_Filter_PVT.c ****     FB_Filter_INT_CTRL_REG = events;
  34              		.loc 1 48 0
  35 0000 024B     		ldr	r3, .L2
  47:Generated_Source\PSoC5/FB_Filter_PVT.c ****     events &= FB_Filter_EVENT_MASK;
  36              		.loc 1 47 0
  37 0002 00F01F00 		and	r0, r0, #31
  38              	.LVL1:
  39              		.loc 1 48 0
  40 0006 1870     		strb	r0, [r3]
  41 0008 7047     		bx	lr
  42              	.L3:
  43 000a 00BF     		.align	2
  44              	.L2:
  45 000c 98C70040 		.word	1073792920
  46              		.cfi_endproc
  47              	.LFE0:
  48              		.size	FB_Filter_SetInterruptMode, .-FB_Filter_SetInterruptMode
  49              		.section	.text.FB_Filter_SetDMAMode,"ax",%progbits
  50              		.align	1
  51              		.global	FB_Filter_SetDMAMode
  52              		.thumb
  53              		.thumb_func
  54              		.type	FB_Filter_SetDMAMode, %function
  55              	FB_Filter_SetDMAMode:
  56              	.LFB1:
  49:Generated_Source\PSoC5/FB_Filter_PVT.c **** }
  50:Generated_Source\PSoC5/FB_Filter_PVT.c **** 
  51:Generated_Source\PSoC5/FB_Filter_PVT.c **** 
  52:Generated_Source\PSoC5/FB_Filter_PVT.c **** /*******************************************************************************
  53:Generated_Source\PSoC5/FB_Filter_PVT.c **** * Function Name: FB_Filter_SetDMAMode
  54:Generated_Source\PSoC5/FB_Filter_PVT.c **** ********************************************************************************
  55:Generated_Source\PSoC5/FB_Filter_PVT.c **** *
  56:Generated_Source\PSoC5/FB_Filter_PVT.c **** * Summary:
  57:Generated_Source\PSoC5/FB_Filter_PVT.c **** *  Assign the events which will trigger a DMA request for the DFB.  There are 
ARM GAS  C:\Users\chemi\AppData\Local\Temp\ccvrjOip.s 			page 3


  58:Generated_Source\PSoC5/FB_Filter_PVT.c **** *  two different DMA requests that can be triggered.
  59:Generated_Source\PSoC5/FB_Filter_PVT.c **** *
  60:Generated_Source\PSoC5/FB_Filter_PVT.c **** * Parameters:  
  61:Generated_Source\PSoC5/FB_Filter_PVT.c **** *  events:  A set of 4 bits which configure what event, if any, triggers a DMA 
  62:Generated_Source\PSoC5/FB_Filter_PVT.c **** *           request for the DFB.  
  63:Generated_Source\PSoC5/FB_Filter_PVT.c **** *           Bits [0:1] configure the trigger for DMA Request 1
  64:Generated_Source\PSoC5/FB_Filter_PVT.c **** *           Bits [2:3] configure the trigger for DMA Request 2
  65:Generated_Source\PSoC5/FB_Filter_PVT.c **** *            DMA Request 1: 
  66:Generated_Source\PSoC5/FB_Filter_PVT.c **** *               0 - no request will be generated
  67:Generated_Source\PSoC5/FB_Filter_PVT.c **** *               1 - Output value ready in the holding register on channel A
  68:Generated_Source\PSoC5/FB_Filter_PVT.c **** *               2 - Semaphore 0
  69:Generated_Source\PSoC5/FB_Filter_PVT.c **** *               3 - Sempahore 1
  70:Generated_Source\PSoC5/FB_Filter_PVT.c **** *            DMA Request 2: 
  71:Generated_Source\PSoC5/FB_Filter_PVT.c **** *               0 - no request will be generated
  72:Generated_Source\PSoC5/FB_Filter_PVT.c **** *               1 - Output value ready in the holding register on channel B
  73:Generated_Source\PSoC5/FB_Filter_PVT.c **** *               2 - Semaphore 0
  74:Generated_Source\PSoC5/FB_Filter_PVT.c **** *               3 - Sempahore 1
  75:Generated_Source\PSoC5/FB_Filter_PVT.c **** *
  76:Generated_Source\PSoC5/FB_Filter_PVT.c **** * Return: 
  77:Generated_Source\PSoC5/FB_Filter_PVT.c **** *  void
  78:Generated_Source\PSoC5/FB_Filter_PVT.c **** *
  79:Generated_Source\PSoC5/FB_Filter_PVT.c **** * Note:
  80:Generated_Source\PSoC5/FB_Filter_PVT.c **** *  Semaphore 0 and Semaphore 1 should not be configured as both a DMA request 
  81:Generated_Source\PSoC5/FB_Filter_PVT.c **** *  and an interrupt event, because, after one clock cycle, the system 
  82:Generated_Source\PSoC5/FB_Filter_PVT.c **** *  automatically clears any semaphore which triggered a DMA request.
  83:Generated_Source\PSoC5/FB_Filter_PVT.c **** *
  84:Generated_Source\PSoC5/FB_Filter_PVT.c **** *******************************************************************************/
  85:Generated_Source\PSoC5/FB_Filter_PVT.c **** void FB_Filter_SetDMAMode(uint8 events) 
  86:Generated_Source\PSoC5/FB_Filter_PVT.c **** {
  57              		.loc 1 86 0
  58              		.cfi_startproc
  59              		@ args = 0, pretend = 0, frame = 0
  60              		@ frame_needed = 0, uses_anonymous_args = 0
  61              		@ link register save eliminated.
  62              	.LVL2:
  87:Generated_Source\PSoC5/FB_Filter_PVT.c ****     events &= FB_Filter_DMA_CTRL_MASK;
  88:Generated_Source\PSoC5/FB_Filter_PVT.c ****     FB_Filter_DMA_CTRL_REG = events;
  63              		.loc 1 88 0
  64 0000 024B     		ldr	r3, .L5
  87:Generated_Source\PSoC5/FB_Filter_PVT.c ****     events &= FB_Filter_DMA_CTRL_MASK;
  65              		.loc 1 87 0
  66 0002 00F00F00 		and	r0, r0, #15
  67              	.LVL3:
  68              		.loc 1 88 0
  69 0006 1870     		strb	r0, [r3]
  70 0008 7047     		bx	lr
  71              	.L6:
  72 000a 00BF     		.align	2
  73              	.L5:
  74 000c 9CC70040 		.word	1073792924
  75              		.cfi_endproc
  76              	.LFE1:
  77              		.size	FB_Filter_SetDMAMode, .-FB_Filter_SetDMAMode
  78              		.text
  79              	.Letext0:
  80              		.file 2 "Generated_Source\\PSoC5\\cytypes.h"
  81              		.section	.debug_info,"",%progbits
ARM GAS  C:\Users\chemi\AppData\Local\Temp\ccvrjOip.s 			page 4


  82              	.Ldebug_info0:
  83 0000 E7000000 		.4byte	0xe7
  84 0004 0400     		.2byte	0x4
  85 0006 00000000 		.4byte	.Ldebug_abbrev0
  86 000a 04       		.byte	0x4
  87 000b 01       		.uleb128 0x1
  88 000c 1B000000 		.4byte	.LASF16
  89 0010 0C       		.byte	0xc
  90 0011 F0000000 		.4byte	.LASF17
  91 0015 2A010000 		.4byte	.LASF18
  92 0019 00000000 		.4byte	.Ldebug_ranges0+0
  93 001d 00000000 		.4byte	0
  94 0021 00000000 		.4byte	.Ldebug_line0
  95 0025 02       		.uleb128 0x2
  96 0026 04       		.byte	0x4
  97 0027 05       		.byte	0x5
  98 0028 696E7400 		.ascii	"int\000"
  99 002c 03       		.uleb128 0x3
 100 002d 04       		.byte	0x4
 101 002e 07       		.byte	0x7
 102 002f 0E000000 		.4byte	.LASF0
 103 0033 03       		.uleb128 0x3
 104 0034 01       		.byte	0x1
 105 0035 06       		.byte	0x6
 106 0036 72010000 		.4byte	.LASF1
 107 003a 03       		.uleb128 0x3
 108 003b 01       		.byte	0x1
 109 003c 08       		.byte	0x8
 110 003d 17010000 		.4byte	.LASF2
 111 0041 03       		.uleb128 0x3
 112 0042 02       		.byte	0x2
 113 0043 05       		.byte	0x5
 114 0044 87010000 		.4byte	.LASF3
 115 0048 03       		.uleb128 0x3
 116 0049 02       		.byte	0x2
 117 004a 07       		.byte	0x7
 118 004b 5F010000 		.4byte	.LASF4
 119 004f 03       		.uleb128 0x3
 120 0050 04       		.byte	0x4
 121 0051 05       		.byte	0x5
 122 0052 4F010000 		.4byte	.LASF5
 123 0056 03       		.uleb128 0x3
 124 0057 04       		.byte	0x4
 125 0058 07       		.byte	0x7
 126 0059 BA000000 		.4byte	.LASF6
 127 005d 03       		.uleb128 0x3
 128 005e 08       		.byte	0x8
 129 005f 05       		.byte	0x5
 130 0060 00000000 		.4byte	.LASF7
 131 0064 03       		.uleb128 0x3
 132 0065 08       		.byte	0x8
 133 0066 07       		.byte	0x7
 134 0067 CC000000 		.4byte	.LASF8
 135 006b 03       		.uleb128 0x3
 136 006c 04       		.byte	0x4
 137 006d 07       		.byte	0x7
 138 006e 7E010000 		.4byte	.LASF9
ARM GAS  C:\Users\chemi\AppData\Local\Temp\ccvrjOip.s 			page 5


 139 0072 03       		.uleb128 0x3
 140 0073 01       		.byte	0x1
 141 0074 08       		.byte	0x8
 142 0075 25010000 		.4byte	.LASF10
 143 0079 04       		.uleb128 0x4
 144 007a B4000000 		.4byte	.LASF13
 145 007e 02       		.byte	0x2
 146 007f 9201     		.2byte	0x192
 147 0081 3A000000 		.4byte	0x3a
 148 0085 03       		.uleb128 0x3
 149 0086 04       		.byte	0x4
 150 0087 04       		.byte	0x4
 151 0088 EA000000 		.4byte	.LASF11
 152 008c 03       		.uleb128 0x3
 153 008d 08       		.byte	0x8
 154 008e 04       		.byte	0x4
 155 008f 58010000 		.4byte	.LASF12
 156 0093 04       		.uleb128 0x4
 157 0094 91010000 		.4byte	.LASF14
 158 0098 02       		.byte	0x2
 159 0099 3C02     		.2byte	0x23c
 160 009b 9F000000 		.4byte	0x9f
 161 009f 05       		.uleb128 0x5
 162 00a0 79000000 		.4byte	0x79
 163 00a4 06       		.uleb128 0x6
 164 00a5 AB010000 		.4byte	.LASF19
 165 00a9 01       		.byte	0x1
 166 00aa 2D       		.byte	0x2d
 167 00ab 00000000 		.4byte	.LFB0
 168 00af 10000000 		.4byte	.LFE0-.LFB0
 169 00b3 01       		.uleb128 0x1
 170 00b4 9C       		.byte	0x9c
 171 00b5 C9000000 		.4byte	0xc9
 172 00b9 07       		.uleb128 0x7
 173 00ba E3000000 		.4byte	.LASF15
 174 00be 01       		.byte	0x1
 175 00bf 2D       		.byte	0x2d
 176 00c0 79000000 		.4byte	0x79
 177 00c4 00000000 		.4byte	.LLST0
 178 00c8 00       		.byte	0
 179 00c9 08       		.uleb128 0x8
 180 00ca 96010000 		.4byte	.LASF20
 181 00ce 01       		.byte	0x1
 182 00cf 55       		.byte	0x55
 183 00d0 00000000 		.4byte	.LFB1
 184 00d4 10000000 		.4byte	.LFE1-.LFB1
 185 00d8 01       		.uleb128 0x1
 186 00d9 9C       		.byte	0x9c
 187 00da 07       		.uleb128 0x7
 188 00db E3000000 		.4byte	.LASF15
 189 00df 01       		.byte	0x1
 190 00e0 55       		.byte	0x55
 191 00e1 79000000 		.4byte	0x79
 192 00e5 1E000000 		.4byte	.LLST1
 193 00e9 00       		.byte	0
 194 00ea 00       		.byte	0
 195              		.section	.debug_abbrev,"",%progbits
ARM GAS  C:\Users\chemi\AppData\Local\Temp\ccvrjOip.s 			page 6


 196              	.Ldebug_abbrev0:
 197 0000 01       		.uleb128 0x1
 198 0001 11       		.uleb128 0x11
 199 0002 01       		.byte	0x1
 200 0003 25       		.uleb128 0x25
 201 0004 0E       		.uleb128 0xe
 202 0005 13       		.uleb128 0x13
 203 0006 0B       		.uleb128 0xb
 204 0007 03       		.uleb128 0x3
 205 0008 0E       		.uleb128 0xe
 206 0009 1B       		.uleb128 0x1b
 207 000a 0E       		.uleb128 0xe
 208 000b 55       		.uleb128 0x55
 209 000c 17       		.uleb128 0x17
 210 000d 11       		.uleb128 0x11
 211 000e 01       		.uleb128 0x1
 212 000f 10       		.uleb128 0x10
 213 0010 17       		.uleb128 0x17
 214 0011 00       		.byte	0
 215 0012 00       		.byte	0
 216 0013 02       		.uleb128 0x2
 217 0014 24       		.uleb128 0x24
 218 0015 00       		.byte	0
 219 0016 0B       		.uleb128 0xb
 220 0017 0B       		.uleb128 0xb
 221 0018 3E       		.uleb128 0x3e
 222 0019 0B       		.uleb128 0xb
 223 001a 03       		.uleb128 0x3
 224 001b 08       		.uleb128 0x8
 225 001c 00       		.byte	0
 226 001d 00       		.byte	0
 227 001e 03       		.uleb128 0x3
 228 001f 24       		.uleb128 0x24
 229 0020 00       		.byte	0
 230 0021 0B       		.uleb128 0xb
 231 0022 0B       		.uleb128 0xb
 232 0023 3E       		.uleb128 0x3e
 233 0024 0B       		.uleb128 0xb
 234 0025 03       		.uleb128 0x3
 235 0026 0E       		.uleb128 0xe
 236 0027 00       		.byte	0
 237 0028 00       		.byte	0
 238 0029 04       		.uleb128 0x4
 239 002a 16       		.uleb128 0x16
 240 002b 00       		.byte	0
 241 002c 03       		.uleb128 0x3
 242 002d 0E       		.uleb128 0xe
 243 002e 3A       		.uleb128 0x3a
 244 002f 0B       		.uleb128 0xb
 245 0030 3B       		.uleb128 0x3b
 246 0031 05       		.uleb128 0x5
 247 0032 49       		.uleb128 0x49
 248 0033 13       		.uleb128 0x13
 249 0034 00       		.byte	0
 250 0035 00       		.byte	0
 251 0036 05       		.uleb128 0x5
 252 0037 35       		.uleb128 0x35
ARM GAS  C:\Users\chemi\AppData\Local\Temp\ccvrjOip.s 			page 7


 253 0038 00       		.byte	0
 254 0039 49       		.uleb128 0x49
 255 003a 13       		.uleb128 0x13
 256 003b 00       		.byte	0
 257 003c 00       		.byte	0
 258 003d 06       		.uleb128 0x6
 259 003e 2E       		.uleb128 0x2e
 260 003f 01       		.byte	0x1
 261 0040 3F       		.uleb128 0x3f
 262 0041 19       		.uleb128 0x19
 263 0042 03       		.uleb128 0x3
 264 0043 0E       		.uleb128 0xe
 265 0044 3A       		.uleb128 0x3a
 266 0045 0B       		.uleb128 0xb
 267 0046 3B       		.uleb128 0x3b
 268 0047 0B       		.uleb128 0xb
 269 0048 27       		.uleb128 0x27
 270 0049 19       		.uleb128 0x19
 271 004a 11       		.uleb128 0x11
 272 004b 01       		.uleb128 0x1
 273 004c 12       		.uleb128 0x12
 274 004d 06       		.uleb128 0x6
 275 004e 40       		.uleb128 0x40
 276 004f 18       		.uleb128 0x18
 277 0050 9742     		.uleb128 0x2117
 278 0052 19       		.uleb128 0x19
 279 0053 01       		.uleb128 0x1
 280 0054 13       		.uleb128 0x13
 281 0055 00       		.byte	0
 282 0056 00       		.byte	0
 283 0057 07       		.uleb128 0x7
 284 0058 05       		.uleb128 0x5
 285 0059 00       		.byte	0
 286 005a 03       		.uleb128 0x3
 287 005b 0E       		.uleb128 0xe
 288 005c 3A       		.uleb128 0x3a
 289 005d 0B       		.uleb128 0xb
 290 005e 3B       		.uleb128 0x3b
 291 005f 0B       		.uleb128 0xb
 292 0060 49       		.uleb128 0x49
 293 0061 13       		.uleb128 0x13
 294 0062 02       		.uleb128 0x2
 295 0063 17       		.uleb128 0x17
 296 0064 00       		.byte	0
 297 0065 00       		.byte	0
 298 0066 08       		.uleb128 0x8
 299 0067 2E       		.uleb128 0x2e
 300 0068 01       		.byte	0x1
 301 0069 3F       		.uleb128 0x3f
 302 006a 19       		.uleb128 0x19
 303 006b 03       		.uleb128 0x3
 304 006c 0E       		.uleb128 0xe
 305 006d 3A       		.uleb128 0x3a
 306 006e 0B       		.uleb128 0xb
 307 006f 3B       		.uleb128 0x3b
 308 0070 0B       		.uleb128 0xb
 309 0071 27       		.uleb128 0x27
ARM GAS  C:\Users\chemi\AppData\Local\Temp\ccvrjOip.s 			page 8


 310 0072 19       		.uleb128 0x19
 311 0073 11       		.uleb128 0x11
 312 0074 01       		.uleb128 0x1
 313 0075 12       		.uleb128 0x12
 314 0076 06       		.uleb128 0x6
 315 0077 40       		.uleb128 0x40
 316 0078 18       		.uleb128 0x18
 317 0079 9742     		.uleb128 0x2117
 318 007b 19       		.uleb128 0x19
 319 007c 00       		.byte	0
 320 007d 00       		.byte	0
 321 007e 00       		.byte	0
 322              		.section	.debug_loc,"",%progbits
 323              	.Ldebug_loc0:
 324              	.LLST0:
 325 0000 00000000 		.4byte	.LVL0
 326 0004 06000000 		.4byte	.LVL1
 327 0008 0100     		.2byte	0x1
 328 000a 50       		.byte	0x50
 329 000b 06000000 		.4byte	.LVL1
 330 000f 10000000 		.4byte	.LFE0
 331 0013 0100     		.2byte	0x1
 332 0015 50       		.byte	0x50
 333 0016 00000000 		.4byte	0
 334 001a 00000000 		.4byte	0
 335              	.LLST1:
 336 001e 00000000 		.4byte	.LVL2
 337 0022 06000000 		.4byte	.LVL3
 338 0026 0100     		.2byte	0x1
 339 0028 50       		.byte	0x50
 340 0029 06000000 		.4byte	.LVL3
 341 002d 10000000 		.4byte	.LFE1
 342 0031 0100     		.2byte	0x1
 343 0033 50       		.byte	0x50
 344 0034 00000000 		.4byte	0
 345 0038 00000000 		.4byte	0
 346              		.section	.debug_aranges,"",%progbits
 347 0000 24000000 		.4byte	0x24
 348 0004 0200     		.2byte	0x2
 349 0006 00000000 		.4byte	.Ldebug_info0
 350 000a 04       		.byte	0x4
 351 000b 00       		.byte	0
 352 000c 0000     		.2byte	0
 353 000e 0000     		.2byte	0
 354 0010 00000000 		.4byte	.LFB0
 355 0014 10000000 		.4byte	.LFE0-.LFB0
 356 0018 00000000 		.4byte	.LFB1
 357 001c 10000000 		.4byte	.LFE1-.LFB1
 358 0020 00000000 		.4byte	0
 359 0024 00000000 		.4byte	0
 360              		.section	.debug_ranges,"",%progbits
 361              	.Ldebug_ranges0:
 362 0000 00000000 		.4byte	.LFB0
 363 0004 10000000 		.4byte	.LFE0
 364 0008 00000000 		.4byte	.LFB1
 365 000c 10000000 		.4byte	.LFE1
 366 0010 00000000 		.4byte	0
ARM GAS  C:\Users\chemi\AppData\Local\Temp\ccvrjOip.s 			page 9


 367 0014 00000000 		.4byte	0
 368              		.section	.debug_line,"",%progbits
 369              	.Ldebug_line0:
 370 0000 75000000 		.section	.debug_str,"MS",%progbits,1
 370      02004A00 
 370      00000201 
 370      FB0E0D00 
 370      01010101 
 371              	.LASF7:
 372 0000 6C6F6E67 		.ascii	"long long int\000"
 372      206C6F6E 
 372      6720696E 
 372      7400
 373              	.LASF0:
 374 000e 756E7369 		.ascii	"unsigned int\000"
 374      676E6564 
 374      20696E74 
 374      00
 375              	.LASF16:
 376 001b 474E5520 		.ascii	"GNU C99 5.4.1 20160609 (release) [ARM/embedded-5-br"
 376      43393920 
 376      352E342E 
 376      31203230 
 376      31363036 
 377 004e 616E6368 		.ascii	"anch revision 237715] -mcpu=cortex-m3 -mthumb -g -O"
 377      20726576 
 377      6973696F 
 377      6E203233 
 377      37373135 
 378 0081 73202D73 		.ascii	"s -std=gnu99 -ffunction-sections -ffat-lto-objects\000"
 378      74643D67 
 378      6E753939 
 378      202D6666 
 378      756E6374 
 379              	.LASF13:
 380 00b4 75696E74 		.ascii	"uint8\000"
 380      3800
 381              	.LASF6:
 382 00ba 6C6F6E67 		.ascii	"long unsigned int\000"
 382      20756E73 
 382      69676E65 
 382      6420696E 
 382      7400
 383              	.LASF8:
 384 00cc 6C6F6E67 		.ascii	"long long unsigned int\000"
 384      206C6F6E 
 384      6720756E 
 384      7369676E 
 384      65642069 
 385              	.LASF15:
 386 00e3 6576656E 		.ascii	"events\000"
 386      747300
 387              	.LASF11:
 388 00ea 666C6F61 		.ascii	"float\000"
 388      7400
 389              	.LASF17:
 390 00f0 47656E65 		.ascii	"Generated_Source\\PSoC5\\FB_Filter_PVT.c\000"
ARM GAS  C:\Users\chemi\AppData\Local\Temp\ccvrjOip.s 			page 10


 390      72617465 
 390      645F536F 
 390      75726365 
 390      5C50536F 
 391              	.LASF2:
 392 0117 756E7369 		.ascii	"unsigned char\000"
 392      676E6564 
 392      20636861 
 392      7200
 393              	.LASF10:
 394 0125 63686172 		.ascii	"char\000"
 394      00
 395              	.LASF18:
 396 012a 433A5C55 		.ascii	"C:\\Users\\chemi\\UD3_QCW\\UD3_QFN.cydsn\000"
 396      73657273 
 396      5C636865 
 396      6D695C55 
 396      44335F51 
 397              	.LASF5:
 398 014f 6C6F6E67 		.ascii	"long int\000"
 398      20696E74 
 398      00
 399              	.LASF12:
 400 0158 646F7562 		.ascii	"double\000"
 400      6C6500
 401              	.LASF4:
 402 015f 73686F72 		.ascii	"short unsigned int\000"
 402      7420756E 
 402      7369676E 
 402      65642069 
 402      6E7400
 403              	.LASF1:
 404 0172 7369676E 		.ascii	"signed char\000"
 404      65642063 
 404      68617200 
 405              	.LASF9:
 406 017e 73697A65 		.ascii	"sizetype\000"
 406      74797065 
 406      00
 407              	.LASF3:
 408 0187 73686F72 		.ascii	"short int\000"
 408      7420696E 
 408      7400
 409              	.LASF14:
 410 0191 72656738 		.ascii	"reg8\000"
 410      00
 411              	.LASF20:
 412 0196 46425F46 		.ascii	"FB_Filter_SetDMAMode\000"
 412      696C7465 
 412      725F5365 
 412      74444D41 
 412      4D6F6465 
 413              	.LASF19:
 414 01ab 46425F46 		.ascii	"FB_Filter_SetInterruptMode\000"
 414      696C7465 
 414      725F5365 
 414      74496E74 
ARM GAS  C:\Users\chemi\AppData\Local\Temp\ccvrjOip.s 			page 11


 414      65727275 
 415              		.ident	"GCC: (GNU Tools for ARM Embedded Processors) 5.4.1 20160609 (release) [ARM/embedded-5-bran
