ARM GAS  C:\Users\chemi\AppData\Local\Temp\ccnnEfpl.s 			page 1


   1              		.syntax unified
   2              		.cpu cortex-m3
   3              		.fpu softvfp
   4              		.eabi_attribute 20, 1
   5              		.eabi_attribute 21, 1
   6              		.eabi_attribute 23, 3
   7              		.eabi_attribute 24, 1
   8              		.eabi_attribute 25, 1
   9              		.eabi_attribute 26, 1
  10              		.eabi_attribute 30, 4
  11              		.eabi_attribute 34, 1
  12              		.eabi_attribute 18, 4
  13              		.thumb
  14              		.syntax unified
  15              		.file	"FB_Filter_PM.c"
  16              		.text
  17              	.Ltext0:
  18              		.cfi_sections	.debug_frame
  19              		.section	.text.FB_Filter_SaveConfig,"ax",%progbits
  20              		.align	1
  21              		.global	FB_Filter_SaveConfig
  22              		.thumb
  23              		.thumb_func
  24              		.type	FB_Filter_SaveConfig, %function
  25              	FB_Filter_SaveConfig:
  26              	.LFB0:
  27              		.file 1 "Generated_Source\\PSoC5\\FB_Filter_PM.c"
   1:Generated_Source\PSoC5/FB_Filter_PM.c **** /*******************************************************************************
   2:Generated_Source\PSoC5/FB_Filter_PM.c **** * File Name: FB_Filter_PM.c
   3:Generated_Source\PSoC5/FB_Filter_PM.c **** * Version 2.30
   4:Generated_Source\PSoC5/FB_Filter_PM.c **** *
   5:Generated_Source\PSoC5/FB_Filter_PM.c **** * Description:
   6:Generated_Source\PSoC5/FB_Filter_PM.c **** *  This file provides the power managaer API source code for the FILT component.
   7:Generated_Source\PSoC5/FB_Filter_PM.c **** *
   8:Generated_Source\PSoC5/FB_Filter_PM.c **** * Note:
   9:Generated_Source\PSoC5/FB_Filter_PM.c **** *  
  10:Generated_Source\PSoC5/FB_Filter_PM.c **** *******************************************************************************
  11:Generated_Source\PSoC5/FB_Filter_PM.c **** * Copyright 2008-2013, Cypress Semiconductor Corporation.  All rights reserved.
  12:Generated_Source\PSoC5/FB_Filter_PM.c **** * You may use this file only in accordance with the license, terms, conditions, 
  13:Generated_Source\PSoC5/FB_Filter_PM.c **** * disclaimers, and limitations in the end user license agreement accompanying 
  14:Generated_Source\PSoC5/FB_Filter_PM.c **** * the software package with which this file was provided.
  15:Generated_Source\PSoC5/FB_Filter_PM.c **** ********************************************************************************/
  16:Generated_Source\PSoC5/FB_Filter_PM.c **** 
  17:Generated_Source\PSoC5/FB_Filter_PM.c **** #include "FB_Filter_PVT.h"
  18:Generated_Source\PSoC5/FB_Filter_PM.c **** 
  19:Generated_Source\PSoC5/FB_Filter_PM.c **** static FB_Filter_backupStruct  FB_Filter_backup = 
  20:Generated_Source\PSoC5/FB_Filter_PM.c **** {
  21:Generated_Source\PSoC5/FB_Filter_PM.c ****     FB_Filter_DISABLED,
  22:Generated_Source\PSoC5/FB_Filter_PM.c ****     FB_Filter_RUN_MASK,
  23:Generated_Source\PSoC5/FB_Filter_PM.c ****     
  24:Generated_Source\PSoC5/FB_Filter_PM.c **** };
  25:Generated_Source\PSoC5/FB_Filter_PM.c **** 
  26:Generated_Source\PSoC5/FB_Filter_PM.c **** 
  27:Generated_Source\PSoC5/FB_Filter_PM.c **** /*******************************************************************************
  28:Generated_Source\PSoC5/FB_Filter_PM.c **** * Function Name: FB_Filter_SaveConfig
  29:Generated_Source\PSoC5/FB_Filter_PM.c **** ********************************************************************************
  30:Generated_Source\PSoC5/FB_Filter_PM.c **** *
ARM GAS  C:\Users\chemi\AppData\Local\Temp\ccnnEfpl.s 			page 2


  31:Generated_Source\PSoC5/FB_Filter_PM.c **** * Summary:
  32:Generated_Source\PSoC5/FB_Filter_PM.c **** *  Saves the current user configuration.
  33:Generated_Source\PSoC5/FB_Filter_PM.c **** *  
  34:Generated_Source\PSoC5/FB_Filter_PM.c **** * Parameters:  
  35:Generated_Source\PSoC5/FB_Filter_PM.c **** *  void
  36:Generated_Source\PSoC5/FB_Filter_PM.c **** *
  37:Generated_Source\PSoC5/FB_Filter_PM.c **** * Return: 
  38:Generated_Source\PSoC5/FB_Filter_PM.c **** *  void
  39:Generated_Source\PSoC5/FB_Filter_PM.c **** *
  40:Generated_Source\PSoC5/FB_Filter_PM.c **** * Global variables:
  41:Generated_Source\PSoC5/FB_Filter_PM.c **** *  FB_Filter_backup:  This global structure variable is used to store 
  42:Generated_Source\PSoC5/FB_Filter_PM.c **** *  configuration registers which are non retention whenever user wants to go 
  43:Generated_Source\PSoC5/FB_Filter_PM.c **** *  sleep mode by calling Sleep() API.
  44:Generated_Source\PSoC5/FB_Filter_PM.c **** *
  45:Generated_Source\PSoC5/FB_Filter_PM.c **** *******************************************************************************/
  46:Generated_Source\PSoC5/FB_Filter_PM.c **** void FB_Filter_SaveConfig(void) 
  47:Generated_Source\PSoC5/FB_Filter_PM.c **** {
  28              		.loc 1 47 0
  29              		.cfi_startproc
  30              		@ args = 0, pretend = 0, frame = 0
  31              		@ frame_needed = 0, uses_anonymous_args = 0
  32 0000 70B5     		push	{r4, r5, r6, lr}
  33              		.cfi_def_cfa_offset 16
  34              		.cfi_offset 4, -16
  35              		.cfi_offset 5, -12
  36              		.cfi_offset 6, -8
  37              		.cfi_offset 14, -4
  48:Generated_Source\PSoC5/FB_Filter_PM.c ****     FB_Filter_backup.sr = FB_Filter_SR_REG;
  38              		.loc 1 48 0
  39 0002 0D4B     		ldr	r3, .L5
  49:Generated_Source\PSoC5/FB_Filter_PM.c ****     FB_Filter_backup.sema = FB_Filter_SEMA_REG;
  50:Generated_Source\PSoC5/FB_Filter_PM.c **** 
  51:Generated_Source\PSoC5/FB_Filter_PM.c ****     /* Put DFB RAM on the bus */
  52:Generated_Source\PSoC5/FB_Filter_PM.c ****     FB_Filter_RAM_DIR_REG = FB_Filter_RAM_DIR_BUS;
  40              		.loc 1 52 0
  41 0004 3F21     		movs	r1, #63
  48:Generated_Source\PSoC5/FB_Filter_PM.c ****     FB_Filter_backup.sr = FB_Filter_SR_REG;
  42              		.loc 1 48 0
  43 0006 1A78     		ldrb	r2, [r3]	@ zero_extendqisi2
  44 0008 0C4B     		ldr	r3, .L5+4
  53:Generated_Source\PSoC5/FB_Filter_PM.c **** 
  54:Generated_Source\PSoC5/FB_Filter_PM.c ****     /* Save the ACU RAM as this is not retension */
  55:Generated_Source\PSoC5/FB_Filter_PM.c ****     (void)memcpy(FB_Filter_backup.saveAcu,
  45              		.loc 1 55 0
  46 000a 0D4D     		ldr	r5, .L5+8
  48:Generated_Source\PSoC5/FB_Filter_PM.c ****     FB_Filter_backup.sema = FB_Filter_SEMA_REG;
  47              		.loc 1 48 0
  48 000c 9A70     		strb	r2, [r3, #2]
  49:Generated_Source\PSoC5/FB_Filter_PM.c ****     FB_Filter_backup.sema = FB_Filter_SEMA_REG;
  49              		.loc 1 49 0
  50 000e 0D4A     		ldr	r2, .L5+12
  51              		.loc 1 55 0
  52 0010 0D4E     		ldr	r6, .L5+16
  49:Generated_Source\PSoC5/FB_Filter_PM.c ****     FB_Filter_backup.sema = FB_Filter_SEMA_REG;
  53              		.loc 1 49 0
  54 0012 1278     		ldrb	r2, [r2]	@ zero_extendqisi2
  55              		.loc 1 55 0
ARM GAS  C:\Users\chemi\AppData\Local\Temp\ccnnEfpl.s 			page 3


  56 0014 0433     		adds	r3, r3, #4
  49:Generated_Source\PSoC5/FB_Filter_PM.c ****     FB_Filter_backup.sema = FB_Filter_SEMA_REG;
  57              		.loc 1 49 0
  58 0016 03F8012C 		strb	r2, [r3, #-1]
  52:Generated_Source\PSoC5/FB_Filter_PM.c **** 
  59              		.loc 1 52 0
  60 001a 0C4A     		ldr	r2, .L5+20
  61 001c 1446     		mov	r4, r2
  62 001e 1170     		strb	r1, [r2]
  63              	.L2:
  64              		.loc 1 55 0
  65 0020 2A46     		mov	r2, r5
  66 0022 03CA     		ldmia	r2!, {r0, r1}
  67 0024 B242     		cmp	r2, r6
  68 0026 1860     		str	r0, [r3]	@ unaligned
  69 0028 5960     		str	r1, [r3, #4]	@ unaligned
  70 002a 1546     		mov	r5, r2
  71 002c 03F10803 		add	r3, r3, #8
  72 0030 F6D1     		bne	.L2
  56:Generated_Source\PSoC5/FB_Filter_PM.c ****         FB_Filter_ACU_RAM, FB_Filter_ACU_RAM_SIZE); 
  57:Generated_Source\PSoC5/FB_Filter_PM.c **** 
  58:Generated_Source\PSoC5/FB_Filter_PM.c ****     /* Take DFB RAM off the bus */
  59:Generated_Source\PSoC5/FB_Filter_PM.c ****     FB_Filter_RAM_DIR_REG = FB_Filter_RAM_DIR_DFB;
  73              		.loc 1 59 0
  74 0032 0023     		movs	r3, #0
  75 0034 2370     		strb	r3, [r4]
  76 0036 70BD     		pop	{r4, r5, r6, pc}
  77              	.L6:
  78              		.align	2
  79              	.L5:
  80 0038 84C70040 		.word	1073792900
  81 003c 00000000 		.word	.LANCHOR0
  82 0040 00C70040 		.word	1073792768
  83 0044 90C70040 		.word	1073792912
  84 0048 40C70040 		.word	1073792832
  85 004c 8CC70040 		.word	1073792908
  86              		.cfi_endproc
  87              	.LFE0:
  88              		.size	FB_Filter_SaveConfig, .-FB_Filter_SaveConfig
  89              		.section	.text.FB_Filter_RestoreConfig,"ax",%progbits
  90              		.align	1
  91              		.global	FB_Filter_RestoreConfig
  92              		.thumb
  93              		.thumb_func
  94              		.type	FB_Filter_RestoreConfig, %function
  95              	FB_Filter_RestoreConfig:
  96              	.LFB1:
  60:Generated_Source\PSoC5/FB_Filter_PM.c **** }
  61:Generated_Source\PSoC5/FB_Filter_PM.c **** 
  62:Generated_Source\PSoC5/FB_Filter_PM.c **** 
  63:Generated_Source\PSoC5/FB_Filter_PM.c **** /*******************************************************************************
  64:Generated_Source\PSoC5/FB_Filter_PM.c **** * Function Name: FB_Filter_RestoreConfig
  65:Generated_Source\PSoC5/FB_Filter_PM.c **** ********************************************************************************
  66:Generated_Source\PSoC5/FB_Filter_PM.c **** *
  67:Generated_Source\PSoC5/FB_Filter_PM.c **** * Summary:
  68:Generated_Source\PSoC5/FB_Filter_PM.c **** *  Restores the current user configuration.
  69:Generated_Source\PSoC5/FB_Filter_PM.c **** *
ARM GAS  C:\Users\chemi\AppData\Local\Temp\ccnnEfpl.s 			page 4


  70:Generated_Source\PSoC5/FB_Filter_PM.c **** * Parameters:  
  71:Generated_Source\PSoC5/FB_Filter_PM.c **** *  void
  72:Generated_Source\PSoC5/FB_Filter_PM.c **** *
  73:Generated_Source\PSoC5/FB_Filter_PM.c **** * Return: 
  74:Generated_Source\PSoC5/FB_Filter_PM.c **** *  void
  75:Generated_Source\PSoC5/FB_Filter_PM.c **** *
  76:Generated_Source\PSoC5/FB_Filter_PM.c **** * Global variables:
  77:Generated_Source\PSoC5/FB_Filter_PM.c **** *  FB_Filter_backup:  This global structure variable is used to restore 
  78:Generated_Source\PSoC5/FB_Filter_PM.c **** *  configuration registers which are non retention whenever user wants to switch 
  79:Generated_Source\PSoC5/FB_Filter_PM.c **** *  to active power mode by calling Wakeup() API.
  80:Generated_Source\PSoC5/FB_Filter_PM.c **** *
  81:Generated_Source\PSoC5/FB_Filter_PM.c **** *******************************************************************************/
  82:Generated_Source\PSoC5/FB_Filter_PM.c **** void FB_Filter_RestoreConfig(void) 
  83:Generated_Source\PSoC5/FB_Filter_PM.c **** {
  97              		.loc 1 83 0
  98              		.cfi_startproc
  99              		@ args = 0, pretend = 0, frame = 0
 100              		@ frame_needed = 0, uses_anonymous_args = 0
 101 0000 70B5     		push	{r4, r5, r6, lr}
 102              		.cfi_def_cfa_offset 16
 103              		.cfi_offset 4, -16
 104              		.cfi_offset 5, -12
 105              		.cfi_offset 6, -8
 106              		.cfi_offset 14, -4
  84:Generated_Source\PSoC5/FB_Filter_PM.c ****     FB_Filter_SR_REG = FB_Filter_backup.sr;
 107              		.loc 1 84 0
 108 0002 0F4B     		ldr	r3, .L10
 109 0004 0F4A     		ldr	r2, .L10+4
 110 0006 9978     		ldrb	r1, [r3, #2]	@ zero_extendqisi2
  85:Generated_Source\PSoC5/FB_Filter_PM.c ****     FB_Filter_SEMA_REG = FB_Filter_backup.sema;
  86:Generated_Source\PSoC5/FB_Filter_PM.c ****     
  87:Generated_Source\PSoC5/FB_Filter_PM.c ****     /* Power on DFB before initializing the RAMs */
  88:Generated_Source\PSoC5/FB_Filter_PM.c ****     FB_Filter_PM_ACT_CFG_REG |= FB_Filter_PM_ACT_MSK;
  89:Generated_Source\PSoC5/FB_Filter_PM.c **** 
  90:Generated_Source\PSoC5/FB_Filter_PM.c ****     /* Put DFB RAM on the bus */
  91:Generated_Source\PSoC5/FB_Filter_PM.c ****     FB_Filter_RAM_DIR_REG = FB_Filter_RAM_DIR_BUS;
  92:Generated_Source\PSoC5/FB_Filter_PM.c **** 
  93:Generated_Source\PSoC5/FB_Filter_PM.c ****     /* Restore ACU RAM as this is not retension */
  94:Generated_Source\PSoC5/FB_Filter_PM.c ****     (void)memcpy(FB_Filter_ACU_RAM,
 111              		.loc 1 94 0
 112 0008 0F4E     		ldr	r6, .L10+8
  84:Generated_Source\PSoC5/FB_Filter_PM.c ****     FB_Filter_SR_REG = FB_Filter_backup.sr;
 113              		.loc 1 84 0
 114 000a 1170     		strb	r1, [r2]
  85:Generated_Source\PSoC5/FB_Filter_PM.c ****     FB_Filter_SEMA_REG = FB_Filter_backup.sema;
 115              		.loc 1 85 0
 116 000c D978     		ldrb	r1, [r3, #3]	@ zero_extendqisi2
 117 000e 1173     		strb	r1, [r2, #12]
  88:Generated_Source\PSoC5/FB_Filter_PM.c **** 
 118              		.loc 1 88 0
 119 0010 0E49     		ldr	r1, .L10+12
 120 0012 0A78     		ldrb	r2, [r1]	@ zero_extendqisi2
 121 0014 42F01002 		orr	r2, r2, #16
 122 0018 0A70     		strb	r2, [r1]
  91:Generated_Source\PSoC5/FB_Filter_PM.c **** 
 123              		.loc 1 91 0
 124 001a 01F50341 		add	r1, r1, #33536
ARM GAS  C:\Users\chemi\AppData\Local\Temp\ccnnEfpl.s 			page 5


 125 001e E631     		adds	r1, r1, #230
 126 0020 0C46     		mov	r4, r1
 127 0022 3F22     		movs	r2, #63
 128 0024 0A70     		strb	r2, [r1]
 129              		.loc 1 94 0
 130 0026 1A1D     		adds	r2, r3, #4
 131 0028 4433     		adds	r3, r3, #68
 132              	.L8:
 133 002a 3546     		mov	r5, r6
 134 002c 1068     		ldr	r0, [r2]	@ unaligned
 135 002e 5168     		ldr	r1, [r2, #4]	@ unaligned
 136 0030 0832     		adds	r2, r2, #8
 137 0032 03C5     		stmia	r5!, {r0, r1}
 138 0034 9A42     		cmp	r2, r3
 139 0036 2E46     		mov	r6, r5
 140 0038 F7D1     		bne	.L8
  95:Generated_Source\PSoC5/FB_Filter_PM.c ****         FB_Filter_backup.saveAcu, FB_Filter_ACU_RAM_SIZE); 
  96:Generated_Source\PSoC5/FB_Filter_PM.c **** 
  97:Generated_Source\PSoC5/FB_Filter_PM.c ****     /* Take DFB RAM off the bus */
  98:Generated_Source\PSoC5/FB_Filter_PM.c ****     FB_Filter_RAM_DIR_REG = FB_Filter_RAM_DIR_DFB;
 141              		.loc 1 98 0
 142 003a 0023     		movs	r3, #0
 143 003c 2370     		strb	r3, [r4]
 144 003e 70BD     		pop	{r4, r5, r6, pc}
 145              	.L11:
 146              		.align	2
 147              	.L10:
 148 0040 00000000 		.word	.LANCHOR0
 149 0044 84C70040 		.word	1073792900
 150 0048 00C70040 		.word	1073792768
 151 004c A6430040 		.word	1073759142
 152              		.cfi_endproc
 153              	.LFE1:
 154              		.size	FB_Filter_RestoreConfig, .-FB_Filter_RestoreConfig
 155              		.section	.text.FB_Filter_Sleep,"ax",%progbits
 156              		.align	1
 157              		.global	FB_Filter_Sleep
 158              		.thumb
 159              		.thumb_func
 160              		.type	FB_Filter_Sleep, %function
 161              	FB_Filter_Sleep:
 162              	.LFB2:
  99:Generated_Source\PSoC5/FB_Filter_PM.c **** }
 100:Generated_Source\PSoC5/FB_Filter_PM.c **** 
 101:Generated_Source\PSoC5/FB_Filter_PM.c **** 
 102:Generated_Source\PSoC5/FB_Filter_PM.c **** /*******************************************************************************
 103:Generated_Source\PSoC5/FB_Filter_PM.c **** * Function Name: FB_Filter_Sleep
 104:Generated_Source\PSoC5/FB_Filter_PM.c **** ********************************************************************************
 105:Generated_Source\PSoC5/FB_Filter_PM.c **** *
 106:Generated_Source\PSoC5/FB_Filter_PM.c **** * Summary:
 107:Generated_Source\PSoC5/FB_Filter_PM.c **** *  Disables block's operation and saves its configuration. Should be called 
 108:Generated_Source\PSoC5/FB_Filter_PM.c **** *  just prior to entering sleep.
 109:Generated_Source\PSoC5/FB_Filter_PM.c **** *  
 110:Generated_Source\PSoC5/FB_Filter_PM.c **** * Parameters:  
 111:Generated_Source\PSoC5/FB_Filter_PM.c **** *  void
 112:Generated_Source\PSoC5/FB_Filter_PM.c **** *
 113:Generated_Source\PSoC5/FB_Filter_PM.c **** * Return: 
ARM GAS  C:\Users\chemi\AppData\Local\Temp\ccnnEfpl.s 			page 6


 114:Generated_Source\PSoC5/FB_Filter_PM.c **** *  void
 115:Generated_Source\PSoC5/FB_Filter_PM.c **** *
 116:Generated_Source\PSoC5/FB_Filter_PM.c **** * Global variables:
 117:Generated_Source\PSoC5/FB_Filter_PM.c **** *  FB_Filter_backup:  The structure field 'enableState' is modified 
 118:Generated_Source\PSoC5/FB_Filter_PM.c **** *  depending on the enable state of the block before entering to sleep mode.
 119:Generated_Source\PSoC5/FB_Filter_PM.c **** *
 120:Generated_Source\PSoC5/FB_Filter_PM.c **** *******************************************************************************/
 121:Generated_Source\PSoC5/FB_Filter_PM.c **** void FB_Filter_Sleep(void) 
 122:Generated_Source\PSoC5/FB_Filter_PM.c **** {
 163              		.loc 1 122 0
 164              		.cfi_startproc
 165              		@ args = 0, pretend = 0, frame = 0
 166              		@ frame_needed = 0, uses_anonymous_args = 0
 167 0000 08B5     		push	{r3, lr}
 168              		.cfi_def_cfa_offset 8
 169              		.cfi_offset 3, -8
 170              		.cfi_offset 14, -4
 123:Generated_Source\PSoC5/FB_Filter_PM.c ****     /* Save Filter enable state */
 124:Generated_Source\PSoC5/FB_Filter_PM.c ****     if(FB_Filter_PM_ACT_MSK == (FB_Filter_PM_ACT_CFG_REG & FB_Filter_PM_ACT_MSK))
 171              		.loc 1 124 0
 172 0002 094B     		ldr	r3, .L15
 173 0004 094A     		ldr	r2, .L15+4
 174 0006 1B78     		ldrb	r3, [r3]	@ zero_extendqisi2
 175 0008 03F01003 		and	r3, r3, #16
 176 000c 03F0FF01 		and	r1, r3, #255
 177 0010 13B1     		cbz	r3, .L13
 125:Generated_Source\PSoC5/FB_Filter_PM.c ****     {
 126:Generated_Source\PSoC5/FB_Filter_PM.c ****         /* Component is enabled */
 127:Generated_Source\PSoC5/FB_Filter_PM.c ****         FB_Filter_backup.enableState = FB_Filter_ENABLED;
 178              		.loc 1 127 0
 179 0012 0123     		movs	r3, #1
 180 0014 1370     		strb	r3, [r2]
 181 0016 00E0     		b	.L14
 182              	.L13:
 128:Generated_Source\PSoC5/FB_Filter_PM.c ****     }
 129:Generated_Source\PSoC5/FB_Filter_PM.c ****     else
 130:Generated_Source\PSoC5/FB_Filter_PM.c ****     {
 131:Generated_Source\PSoC5/FB_Filter_PM.c ****         /* Component is disabled */
 132:Generated_Source\PSoC5/FB_Filter_PM.c ****         FB_Filter_backup.enableState = FB_Filter_DISABLED;
 183              		.loc 1 132 0
 184 0018 1170     		strb	r1, [r2]
 185              	.L14:
 133:Generated_Source\PSoC5/FB_Filter_PM.c ****     }
 134:Generated_Source\PSoC5/FB_Filter_PM.c **** 
 135:Generated_Source\PSoC5/FB_Filter_PM.c ****     /* Save the configuration */
 136:Generated_Source\PSoC5/FB_Filter_PM.c ****     FB_Filter_SaveConfig();
 186              		.loc 1 136 0
 187 001a FFF7FEFF 		bl	FB_Filter_SaveConfig
 188              	.LVL0:
 137:Generated_Source\PSoC5/FB_Filter_PM.c ****     
 138:Generated_Source\PSoC5/FB_Filter_PM.c ****     /* Stop the component */
 139:Generated_Source\PSoC5/FB_Filter_PM.c ****     FB_Filter_Stop();
 140:Generated_Source\PSoC5/FB_Filter_PM.c **** }
 189              		.loc 1 140 0
 190 001e BDE80840 		pop	{r3, lr}
 191              		.cfi_restore 14
 192              		.cfi_restore 3
ARM GAS  C:\Users\chemi\AppData\Local\Temp\ccnnEfpl.s 			page 7


 193              		.cfi_def_cfa_offset 0
 139:Generated_Source\PSoC5/FB_Filter_PM.c **** }
 194              		.loc 1 139 0
 195 0022 FFF7FEBF 		b	FB_Filter_Stop
 196              	.LVL1:
 197              	.L16:
 198 0026 00BF     		.align	2
 199              	.L15:
 200 0028 A6430040 		.word	1073759142
 201 002c 00000000 		.word	.LANCHOR0
 202              		.cfi_endproc
 203              	.LFE2:
 204              		.size	FB_Filter_Sleep, .-FB_Filter_Sleep
 205              		.section	.text.FB_Filter_Wakeup,"ax",%progbits
 206              		.align	1
 207              		.global	FB_Filter_Wakeup
 208              		.thumb
 209              		.thumb_func
 210              		.type	FB_Filter_Wakeup, %function
 211              	FB_Filter_Wakeup:
 212              	.LFB3:
 141:Generated_Source\PSoC5/FB_Filter_PM.c **** 
 142:Generated_Source\PSoC5/FB_Filter_PM.c **** 
 143:Generated_Source\PSoC5/FB_Filter_PM.c **** /*******************************************************************************
 144:Generated_Source\PSoC5/FB_Filter_PM.c **** * Function Name: FB_Filter_Wakeup
 145:Generated_Source\PSoC5/FB_Filter_PM.c **** ********************************************************************************
 146:Generated_Source\PSoC5/FB_Filter_PM.c **** *
 147:Generated_Source\PSoC5/FB_Filter_PM.c **** * Summary:
 148:Generated_Source\PSoC5/FB_Filter_PM.c **** *  Enables block's operation and restores its configuration. Should be called
 149:Generated_Source\PSoC5/FB_Filter_PM.c **** *  just after awaking from sleep.
 150:Generated_Source\PSoC5/FB_Filter_PM.c **** *  
 151:Generated_Source\PSoC5/FB_Filter_PM.c **** * Parameters:  
 152:Generated_Source\PSoC5/FB_Filter_PM.c **** *  void
 153:Generated_Source\PSoC5/FB_Filter_PM.c **** *
 154:Generated_Source\PSoC5/FB_Filter_PM.c **** * Return: 
 155:Generated_Source\PSoC5/FB_Filter_PM.c **** *  void
 156:Generated_Source\PSoC5/FB_Filter_PM.c **** *
 157:Generated_Source\PSoC5/FB_Filter_PM.c **** * Global variables:
 158:Generated_Source\PSoC5/FB_Filter_PM.c **** *  FB_Filter_backup:  The structure field 'enableState' is used to 
 159:Generated_Source\PSoC5/FB_Filter_PM.c **** *  restore the enable state of block after wakeup from sleep mode.
 160:Generated_Source\PSoC5/FB_Filter_PM.c **** *
 161:Generated_Source\PSoC5/FB_Filter_PM.c **** *******************************************************************************/
 162:Generated_Source\PSoC5/FB_Filter_PM.c **** void FB_Filter_Wakeup(void) 
 163:Generated_Source\PSoC5/FB_Filter_PM.c **** {
 213              		.loc 1 163 0
 214              		.cfi_startproc
 215              		@ args = 0, pretend = 0, frame = 0
 216              		@ frame_needed = 0, uses_anonymous_args = 0
 217 0000 08B5     		push	{r3, lr}
 218              		.cfi_def_cfa_offset 8
 219              		.cfi_offset 3, -8
 220              		.cfi_offset 14, -4
 164:Generated_Source\PSoC5/FB_Filter_PM.c ****     /* Restore the configuration */
 165:Generated_Source\PSoC5/FB_Filter_PM.c ****     FB_Filter_RestoreConfig();
 221              		.loc 1 165 0
 222 0002 FFF7FEFF 		bl	FB_Filter_RestoreConfig
 223              	.LVL2:
ARM GAS  C:\Users\chemi\AppData\Local\Temp\ccnnEfpl.s 			page 8


 166:Generated_Source\PSoC5/FB_Filter_PM.c ****     
 167:Generated_Source\PSoC5/FB_Filter_PM.c ****     /* Enable's the component operation */
 168:Generated_Source\PSoC5/FB_Filter_PM.c ****     if(FB_Filter_backup.enableState == FB_Filter_ENABLED)
 224              		.loc 1 168 0
 225 0006 044B     		ldr	r3, .L19
 226 0008 1B78     		ldrb	r3, [r3]	@ zero_extendqisi2
 227 000a 012B     		cmp	r3, #1
 228 000c 03D1     		bne	.L17
 169:Generated_Source\PSoC5/FB_Filter_PM.c ****     {
 170:Generated_Source\PSoC5/FB_Filter_PM.c ****         FB_Filter_Enable();
 171:Generated_Source\PSoC5/FB_Filter_PM.c ****     } /* Do nothing if component was disable before */
 172:Generated_Source\PSoC5/FB_Filter_PM.c **** }
 229              		.loc 1 172 0
 230 000e BDE80840 		pop	{r3, lr}
 231              		.cfi_remember_state
 232              		.cfi_restore 14
 233              		.cfi_restore 3
 234              		.cfi_def_cfa_offset 0
 170:Generated_Source\PSoC5/FB_Filter_PM.c ****     } /* Do nothing if component was disable before */
 235              		.loc 1 170 0
 236 0012 FFF7FEBF 		b	FB_Filter_Enable
 237              	.LVL3:
 238              	.L17:
 239              		.cfi_restore_state
 240 0016 08BD     		pop	{r3, pc}
 241              	.L20:
 242              		.align	2
 243              	.L19:
 244 0018 00000000 		.word	.LANCHOR0
 245              		.cfi_endproc
 246              	.LFE3:
 247              		.size	FB_Filter_Wakeup, .-FB_Filter_Wakeup
 248              		.data
 249              		.set	.LANCHOR0,. + 0
 250              		.type	FB_Filter_backup, %object
 251              		.size	FB_Filter_backup, 68
 252              	FB_Filter_backup:
 253 0000 00       		.byte	0
 254 0001 01       		.byte	1
 255 0002 00000000 		.space	66
 255      00000000 
 255      00000000 
 255      00000000 
 255      00000000 
 256              		.text
 257              	.Letext0:
 258              		.file 2 "Generated_Source\\PSoC5\\cytypes.h"
 259              		.file 3 "Generated_Source\\PSoC5\\FB_Filter.H"
 260              		.section	.debug_info,"",%progbits
 261              	.Ldebug_info0:
 262 0000 A4010000 		.4byte	0x1a4
 263 0004 0400     		.2byte	0x4
 264 0006 00000000 		.4byte	.Ldebug_abbrev0
 265 000a 04       		.byte	0x4
 266 000b 01       		.uleb128 0x1
 267 000c 69000000 		.4byte	.LASF26
 268 0010 0C       		.byte	0xc
ARM GAS  C:\Users\chemi\AppData\Local\Temp\ccnnEfpl.s 			page 9


 269 0011 35010000 		.4byte	.LASF27
 270 0015 CF010000 		.4byte	.LASF28
 271 0019 00000000 		.4byte	.Ldebug_ranges0+0
 272 001d 00000000 		.4byte	0
 273 0021 00000000 		.4byte	.Ldebug_line0
 274 0025 02       		.uleb128 0x2
 275 0026 04       		.byte	0x4
 276 0027 05       		.byte	0x5
 277 0028 696E7400 		.ascii	"int\000"
 278 002c 03       		.uleb128 0x3
 279 002d 04       		.byte	0x4
 280 002e 07       		.byte	0x7
 281 002f 5B010000 		.4byte	.LASF0
 282 0033 03       		.uleb128 0x3
 283 0034 01       		.byte	0x1
 284 0035 06       		.byte	0x6
 285 0036 09020000 		.4byte	.LASF1
 286 003a 03       		.uleb128 0x3
 287 003b 01       		.byte	0x1
 288 003c 08       		.byte	0x8
 289 003d 44000000 		.4byte	.LASF2
 290 0041 03       		.uleb128 0x3
 291 0042 02       		.byte	0x2
 292 0043 05       		.byte	0x5
 293 0044 BD010000 		.4byte	.LASF3
 294 0048 03       		.uleb128 0x3
 295 0049 02       		.byte	0x2
 296 004a 07       		.byte	0x7
 297 004b 1A000000 		.4byte	.LASF4
 298 004f 03       		.uleb128 0x3
 299 0050 04       		.byte	0x4
 300 0051 05       		.byte	0x5
 301 0052 F4010000 		.4byte	.LASF5
 302 0056 03       		.uleb128 0x3
 303 0057 04       		.byte	0x4
 304 0058 07       		.byte	0x7
 305 0059 57000000 		.4byte	.LASF6
 306 005d 03       		.uleb128 0x3
 307 005e 08       		.byte	0x8
 308 005f 05       		.byte	0x5
 309 0060 AA010000 		.4byte	.LASF7
 310 0064 03       		.uleb128 0x3
 311 0065 08       		.byte	0x8
 312 0066 07       		.byte	0x7
 313 0067 79010000 		.4byte	.LASF8
 314 006b 03       		.uleb128 0x3
 315 006c 04       		.byte	0x4
 316 006d 07       		.byte	0x7
 317 006e A1010000 		.4byte	.LASF9
 318 0072 03       		.uleb128 0x3
 319 0073 01       		.byte	0x1
 320 0074 08       		.byte	0x8
 321 0075 B8010000 		.4byte	.LASF10
 322 0079 04       		.uleb128 0x4
 323 007a 02010000 		.4byte	.LASF11
 324 007e 02       		.byte	0x2
 325 007f 9201     		.2byte	0x192
ARM GAS  C:\Users\chemi\AppData\Local\Temp\ccnnEfpl.s 			page 10


 326 0081 3A000000 		.4byte	0x3a
 327 0085 04       		.uleb128 0x4
 328 0086 2E010000 		.4byte	.LASF12
 329 008a 02       		.byte	0x2
 330 008b 9301     		.2byte	0x193
 331 008d 48000000 		.4byte	0x48
 332 0091 03       		.uleb128 0x3
 333 0092 04       		.byte	0x4
 334 0093 04       		.byte	0x4
 335 0094 3E000000 		.4byte	.LASF13
 336 0098 03       		.uleb128 0x3
 337 0099 08       		.byte	0x8
 338 009a 04       		.byte	0x4
 339 009b 27010000 		.4byte	.LASF14
 340 009f 04       		.uleb128 0x4
 341 00a0 52000000 		.4byte	.LASF15
 342 00a4 02       		.byte	0x2
 343 00a5 3C02     		.2byte	0x23c
 344 00a7 AB000000 		.4byte	0xab
 345 00ab 05       		.uleb128 0x5
 346 00ac 79000000 		.4byte	0x79
 347 00b0 06       		.uleb128 0x6
 348 00b1 44       		.byte	0x44
 349 00b2 03       		.byte	0x3
 350 00b3 2E       		.byte	0x2e
 351 00b4 F3000000 		.4byte	0xf3
 352 00b8 07       		.uleb128 0x7
 353 00b9 FD010000 		.4byte	.LASF16
 354 00bd 03       		.byte	0x3
 355 00be 30       		.byte	0x30
 356 00bf 79000000 		.4byte	0x79
 357 00c3 00       		.byte	0
 358 00c4 08       		.uleb128 0x8
 359 00c5 637200   		.ascii	"cr\000"
 360 00c8 03       		.byte	0x3
 361 00c9 31       		.byte	0x31
 362 00ca 79000000 		.4byte	0x79
 363 00ce 01       		.byte	0x1
 364 00cf 08       		.uleb128 0x8
 365 00d0 737200   		.ascii	"sr\000"
 366 00d3 03       		.byte	0x3
 367 00d4 32       		.byte	0x32
 368 00d5 79000000 		.4byte	0x79
 369 00d9 02       		.byte	0x2
 370 00da 07       		.uleb128 0x7
 371 00db 00000000 		.4byte	.LASF17
 372 00df 03       		.byte	0x3
 373 00e0 33       		.byte	0x33
 374 00e1 79000000 		.4byte	0x79
 375 00e5 03       		.byte	0x3
 376 00e6 07       		.uleb128 0x7
 377 00e7 C7010000 		.4byte	.LASF18
 378 00eb 03       		.byte	0x3
 379 00ec 34       		.byte	0x34
 380 00ed F3000000 		.4byte	0xf3
 381 00f1 04       		.byte	0x4
 382 00f2 00       		.byte	0
ARM GAS  C:\Users\chemi\AppData\Local\Temp\ccnnEfpl.s 			page 11


 383 00f3 09       		.uleb128 0x9
 384 00f4 79000000 		.4byte	0x79
 385 00f8 03010000 		.4byte	0x103
 386 00fc 0A       		.uleb128 0xa
 387 00fd 6B000000 		.4byte	0x6b
 388 0101 3F       		.byte	0x3f
 389 0102 00       		.byte	0
 390 0103 0B       		.uleb128 0xb
 391 0104 2D020000 		.4byte	.LASF19
 392 0108 03       		.byte	0x3
 393 0109 35       		.byte	0x35
 394 010a B0000000 		.4byte	0xb0
 395 010e 0C       		.uleb128 0xc
 396 010f 05000000 		.4byte	.LASF20
 397 0113 01       		.byte	0x1
 398 0114 2E       		.byte	0x2e
 399 0115 00000000 		.4byte	.LFB0
 400 0119 50000000 		.4byte	.LFE0-.LFB0
 401 011d 01       		.uleb128 0x1
 402 011e 9C       		.byte	0x9c
 403 011f 0C       		.uleb128 0xc
 404 0120 15020000 		.4byte	.LASF21
 405 0124 01       		.byte	0x1
 406 0125 52       		.byte	0x52
 407 0126 00000000 		.4byte	.LFB1
 408 012a 50000000 		.4byte	.LFE1-.LFB1
 409 012e 01       		.uleb128 0x1
 410 012f 9C       		.byte	0x9c
 411 0130 0D       		.uleb128 0xd
 412 0131 17010000 		.4byte	.LASF22
 413 0135 01       		.byte	0x1
 414 0136 79       		.byte	0x79
 415 0137 00000000 		.4byte	.LFB2
 416 013b 30000000 		.4byte	.LFE2-.LFB2
 417 013f 01       		.uleb128 0x1
 418 0140 9C       		.byte	0x9c
 419 0141 58010000 		.4byte	0x158
 420 0145 0E       		.uleb128 0xe
 421 0146 1E000000 		.4byte	.LVL0
 422 014a 0E010000 		.4byte	0x10e
 423 014e 0F       		.uleb128 0xf
 424 014f 26000000 		.4byte	.LVL1
 425 0153 91010000 		.4byte	0x191
 426 0157 00       		.byte	0
 427 0158 0D       		.uleb128 0xd
 428 0159 90010000 		.4byte	.LASF23
 429 015d 01       		.byte	0x1
 430 015e A2       		.byte	0xa2
 431 015f 00000000 		.4byte	.LFB3
 432 0163 1C000000 		.4byte	.LFE3-.LFB3
 433 0167 01       		.uleb128 0x1
 434 0168 9C       		.byte	0x9c
 435 0169 80010000 		.4byte	0x180
 436 016d 0E       		.uleb128 0xe
 437 016e 06000000 		.4byte	.LVL2
 438 0172 1F010000 		.4byte	0x11f
 439 0176 0F       		.uleb128 0xf
ARM GAS  C:\Users\chemi\AppData\Local\Temp\ccnnEfpl.s 			page 12


 440 0177 16000000 		.4byte	.LVL3
 441 017b 9C010000 		.4byte	0x19c
 442 017f 00       		.byte	0
 443 0180 10       		.uleb128 0x10
 444 0181 68010000 		.4byte	.LASF29
 445 0185 01       		.byte	0x1
 446 0186 13       		.byte	0x13
 447 0187 03010000 		.4byte	0x103
 448 018b 05       		.uleb128 0x5
 449 018c 03       		.byte	0x3
 450 018d 00000000 		.4byte	FB_Filter_backup
 451 0191 11       		.uleb128 0x11
 452 0192 08010000 		.4byte	.LASF24
 453 0196 08010000 		.4byte	.LASF24
 454 019a 03       		.byte	0x3
 455 019b 3D       		.byte	0x3d
 456 019c 11       		.uleb128 0x11
 457 019d 2D000000 		.4byte	.LASF25
 458 01a1 2D000000 		.4byte	.LASF25
 459 01a5 03       		.byte	0x3
 460 01a6 49       		.byte	0x49
 461 01a7 00       		.byte	0
 462              		.section	.debug_abbrev,"",%progbits
 463              	.Ldebug_abbrev0:
 464 0000 01       		.uleb128 0x1
 465 0001 11       		.uleb128 0x11
 466 0002 01       		.byte	0x1
 467 0003 25       		.uleb128 0x25
 468 0004 0E       		.uleb128 0xe
 469 0005 13       		.uleb128 0x13
 470 0006 0B       		.uleb128 0xb
 471 0007 03       		.uleb128 0x3
 472 0008 0E       		.uleb128 0xe
 473 0009 1B       		.uleb128 0x1b
 474 000a 0E       		.uleb128 0xe
 475 000b 55       		.uleb128 0x55
 476 000c 17       		.uleb128 0x17
 477 000d 11       		.uleb128 0x11
 478 000e 01       		.uleb128 0x1
 479 000f 10       		.uleb128 0x10
 480 0010 17       		.uleb128 0x17
 481 0011 00       		.byte	0
 482 0012 00       		.byte	0
 483 0013 02       		.uleb128 0x2
 484 0014 24       		.uleb128 0x24
 485 0015 00       		.byte	0
 486 0016 0B       		.uleb128 0xb
 487 0017 0B       		.uleb128 0xb
 488 0018 3E       		.uleb128 0x3e
 489 0019 0B       		.uleb128 0xb
 490 001a 03       		.uleb128 0x3
 491 001b 08       		.uleb128 0x8
 492 001c 00       		.byte	0
 493 001d 00       		.byte	0
 494 001e 03       		.uleb128 0x3
 495 001f 24       		.uleb128 0x24
 496 0020 00       		.byte	0
ARM GAS  C:\Users\chemi\AppData\Local\Temp\ccnnEfpl.s 			page 13


 497 0021 0B       		.uleb128 0xb
 498 0022 0B       		.uleb128 0xb
 499 0023 3E       		.uleb128 0x3e
 500 0024 0B       		.uleb128 0xb
 501 0025 03       		.uleb128 0x3
 502 0026 0E       		.uleb128 0xe
 503 0027 00       		.byte	0
 504 0028 00       		.byte	0
 505 0029 04       		.uleb128 0x4
 506 002a 16       		.uleb128 0x16
 507 002b 00       		.byte	0
 508 002c 03       		.uleb128 0x3
 509 002d 0E       		.uleb128 0xe
 510 002e 3A       		.uleb128 0x3a
 511 002f 0B       		.uleb128 0xb
 512 0030 3B       		.uleb128 0x3b
 513 0031 05       		.uleb128 0x5
 514 0032 49       		.uleb128 0x49
 515 0033 13       		.uleb128 0x13
 516 0034 00       		.byte	0
 517 0035 00       		.byte	0
 518 0036 05       		.uleb128 0x5
 519 0037 35       		.uleb128 0x35
 520 0038 00       		.byte	0
 521 0039 49       		.uleb128 0x49
 522 003a 13       		.uleb128 0x13
 523 003b 00       		.byte	0
 524 003c 00       		.byte	0
 525 003d 06       		.uleb128 0x6
 526 003e 13       		.uleb128 0x13
 527 003f 01       		.byte	0x1
 528 0040 0B       		.uleb128 0xb
 529 0041 0B       		.uleb128 0xb
 530 0042 3A       		.uleb128 0x3a
 531 0043 0B       		.uleb128 0xb
 532 0044 3B       		.uleb128 0x3b
 533 0045 0B       		.uleb128 0xb
 534 0046 01       		.uleb128 0x1
 535 0047 13       		.uleb128 0x13
 536 0048 00       		.byte	0
 537 0049 00       		.byte	0
 538 004a 07       		.uleb128 0x7
 539 004b 0D       		.uleb128 0xd
 540 004c 00       		.byte	0
 541 004d 03       		.uleb128 0x3
 542 004e 0E       		.uleb128 0xe
 543 004f 3A       		.uleb128 0x3a
 544 0050 0B       		.uleb128 0xb
 545 0051 3B       		.uleb128 0x3b
 546 0052 0B       		.uleb128 0xb
 547 0053 49       		.uleb128 0x49
 548 0054 13       		.uleb128 0x13
 549 0055 38       		.uleb128 0x38
 550 0056 0B       		.uleb128 0xb
 551 0057 00       		.byte	0
 552 0058 00       		.byte	0
 553 0059 08       		.uleb128 0x8
ARM GAS  C:\Users\chemi\AppData\Local\Temp\ccnnEfpl.s 			page 14


 554 005a 0D       		.uleb128 0xd
 555 005b 00       		.byte	0
 556 005c 03       		.uleb128 0x3
 557 005d 08       		.uleb128 0x8
 558 005e 3A       		.uleb128 0x3a
 559 005f 0B       		.uleb128 0xb
 560 0060 3B       		.uleb128 0x3b
 561 0061 0B       		.uleb128 0xb
 562 0062 49       		.uleb128 0x49
 563 0063 13       		.uleb128 0x13
 564 0064 38       		.uleb128 0x38
 565 0065 0B       		.uleb128 0xb
 566 0066 00       		.byte	0
 567 0067 00       		.byte	0
 568 0068 09       		.uleb128 0x9
 569 0069 01       		.uleb128 0x1
 570 006a 01       		.byte	0x1
 571 006b 49       		.uleb128 0x49
 572 006c 13       		.uleb128 0x13
 573 006d 01       		.uleb128 0x1
 574 006e 13       		.uleb128 0x13
 575 006f 00       		.byte	0
 576 0070 00       		.byte	0
 577 0071 0A       		.uleb128 0xa
 578 0072 21       		.uleb128 0x21
 579 0073 00       		.byte	0
 580 0074 49       		.uleb128 0x49
 581 0075 13       		.uleb128 0x13
 582 0076 2F       		.uleb128 0x2f
 583 0077 0B       		.uleb128 0xb
 584 0078 00       		.byte	0
 585 0079 00       		.byte	0
 586 007a 0B       		.uleb128 0xb
 587 007b 16       		.uleb128 0x16
 588 007c 00       		.byte	0
 589 007d 03       		.uleb128 0x3
 590 007e 0E       		.uleb128 0xe
 591 007f 3A       		.uleb128 0x3a
 592 0080 0B       		.uleb128 0xb
 593 0081 3B       		.uleb128 0x3b
 594 0082 0B       		.uleb128 0xb
 595 0083 49       		.uleb128 0x49
 596 0084 13       		.uleb128 0x13
 597 0085 00       		.byte	0
 598 0086 00       		.byte	0
 599 0087 0C       		.uleb128 0xc
 600 0088 2E       		.uleb128 0x2e
 601 0089 00       		.byte	0
 602 008a 3F       		.uleb128 0x3f
 603 008b 19       		.uleb128 0x19
 604 008c 03       		.uleb128 0x3
 605 008d 0E       		.uleb128 0xe
 606 008e 3A       		.uleb128 0x3a
 607 008f 0B       		.uleb128 0xb
 608 0090 3B       		.uleb128 0x3b
 609 0091 0B       		.uleb128 0xb
 610 0092 27       		.uleb128 0x27
ARM GAS  C:\Users\chemi\AppData\Local\Temp\ccnnEfpl.s 			page 15


 611 0093 19       		.uleb128 0x19
 612 0094 11       		.uleb128 0x11
 613 0095 01       		.uleb128 0x1
 614 0096 12       		.uleb128 0x12
 615 0097 06       		.uleb128 0x6
 616 0098 40       		.uleb128 0x40
 617 0099 18       		.uleb128 0x18
 618 009a 9742     		.uleb128 0x2117
 619 009c 19       		.uleb128 0x19
 620 009d 00       		.byte	0
 621 009e 00       		.byte	0
 622 009f 0D       		.uleb128 0xd
 623 00a0 2E       		.uleb128 0x2e
 624 00a1 01       		.byte	0x1
 625 00a2 3F       		.uleb128 0x3f
 626 00a3 19       		.uleb128 0x19
 627 00a4 03       		.uleb128 0x3
 628 00a5 0E       		.uleb128 0xe
 629 00a6 3A       		.uleb128 0x3a
 630 00a7 0B       		.uleb128 0xb
 631 00a8 3B       		.uleb128 0x3b
 632 00a9 0B       		.uleb128 0xb
 633 00aa 27       		.uleb128 0x27
 634 00ab 19       		.uleb128 0x19
 635 00ac 11       		.uleb128 0x11
 636 00ad 01       		.uleb128 0x1
 637 00ae 12       		.uleb128 0x12
 638 00af 06       		.uleb128 0x6
 639 00b0 40       		.uleb128 0x40
 640 00b1 18       		.uleb128 0x18
 641 00b2 9742     		.uleb128 0x2117
 642 00b4 19       		.uleb128 0x19
 643 00b5 01       		.uleb128 0x1
 644 00b6 13       		.uleb128 0x13
 645 00b7 00       		.byte	0
 646 00b8 00       		.byte	0
 647 00b9 0E       		.uleb128 0xe
 648 00ba 898201   		.uleb128 0x4109
 649 00bd 00       		.byte	0
 650 00be 11       		.uleb128 0x11
 651 00bf 01       		.uleb128 0x1
 652 00c0 31       		.uleb128 0x31
 653 00c1 13       		.uleb128 0x13
 654 00c2 00       		.byte	0
 655 00c3 00       		.byte	0
 656 00c4 0F       		.uleb128 0xf
 657 00c5 898201   		.uleb128 0x4109
 658 00c8 00       		.byte	0
 659 00c9 11       		.uleb128 0x11
 660 00ca 01       		.uleb128 0x1
 661 00cb 9542     		.uleb128 0x2115
 662 00cd 19       		.uleb128 0x19
 663 00ce 31       		.uleb128 0x31
 664 00cf 13       		.uleb128 0x13
 665 00d0 00       		.byte	0
 666 00d1 00       		.byte	0
 667 00d2 10       		.uleb128 0x10
ARM GAS  C:\Users\chemi\AppData\Local\Temp\ccnnEfpl.s 			page 16


 668 00d3 34       		.uleb128 0x34
 669 00d4 00       		.byte	0
 670 00d5 03       		.uleb128 0x3
 671 00d6 0E       		.uleb128 0xe
 672 00d7 3A       		.uleb128 0x3a
 673 00d8 0B       		.uleb128 0xb
 674 00d9 3B       		.uleb128 0x3b
 675 00da 0B       		.uleb128 0xb
 676 00db 49       		.uleb128 0x49
 677 00dc 13       		.uleb128 0x13
 678 00dd 02       		.uleb128 0x2
 679 00de 18       		.uleb128 0x18
 680 00df 00       		.byte	0
 681 00e0 00       		.byte	0
 682 00e1 11       		.uleb128 0x11
 683 00e2 2E       		.uleb128 0x2e
 684 00e3 00       		.byte	0
 685 00e4 3F       		.uleb128 0x3f
 686 00e5 19       		.uleb128 0x19
 687 00e6 3C       		.uleb128 0x3c
 688 00e7 19       		.uleb128 0x19
 689 00e8 6E       		.uleb128 0x6e
 690 00e9 0E       		.uleb128 0xe
 691 00ea 03       		.uleb128 0x3
 692 00eb 0E       		.uleb128 0xe
 693 00ec 3A       		.uleb128 0x3a
 694 00ed 0B       		.uleb128 0xb
 695 00ee 3B       		.uleb128 0x3b
 696 00ef 0B       		.uleb128 0xb
 697 00f0 00       		.byte	0
 698 00f1 00       		.byte	0
 699 00f2 00       		.byte	0
 700              		.section	.debug_aranges,"",%progbits
 701 0000 34000000 		.4byte	0x34
 702 0004 0200     		.2byte	0x2
 703 0006 00000000 		.4byte	.Ldebug_info0
 704 000a 04       		.byte	0x4
 705 000b 00       		.byte	0
 706 000c 0000     		.2byte	0
 707 000e 0000     		.2byte	0
 708 0010 00000000 		.4byte	.LFB0
 709 0014 50000000 		.4byte	.LFE0-.LFB0
 710 0018 00000000 		.4byte	.LFB1
 711 001c 50000000 		.4byte	.LFE1-.LFB1
 712 0020 00000000 		.4byte	.LFB2
 713 0024 30000000 		.4byte	.LFE2-.LFB2
 714 0028 00000000 		.4byte	.LFB3
 715 002c 1C000000 		.4byte	.LFE3-.LFB3
 716 0030 00000000 		.4byte	0
 717 0034 00000000 		.4byte	0
 718              		.section	.debug_ranges,"",%progbits
 719              	.Ldebug_ranges0:
 720 0000 00000000 		.4byte	.LFB0
 721 0004 50000000 		.4byte	.LFE0
 722 0008 00000000 		.4byte	.LFB1
 723 000c 50000000 		.4byte	.LFE1
 724 0010 00000000 		.4byte	.LFB2
ARM GAS  C:\Users\chemi\AppData\Local\Temp\ccnnEfpl.s 			page 17


 725 0014 30000000 		.4byte	.LFE2
 726 0018 00000000 		.4byte	.LFB3
 727 001c 1C000000 		.4byte	.LFE3
 728 0020 00000000 		.4byte	0
 729 0024 00000000 		.4byte	0
 730              		.section	.debug_line,"",%progbits
 731              	.Ldebug_line0:
 732 0000 C6000000 		.section	.debug_str,"MS",%progbits,1
 732      02005800 
 732      00000201 
 732      FB0E0D00 
 732      01010101 
 733              	.LASF17:
 734 0000 73656D61 		.ascii	"sema\000"
 734      00
 735              	.LASF20:
 736 0005 46425F46 		.ascii	"FB_Filter_SaveConfig\000"
 736      696C7465 
 736      725F5361 
 736      7665436F 
 736      6E666967 
 737              	.LASF4:
 738 001a 73686F72 		.ascii	"short unsigned int\000"
 738      7420756E 
 738      7369676E 
 738      65642069 
 738      6E7400
 739              	.LASF25:
 740 002d 46425F46 		.ascii	"FB_Filter_Enable\000"
 740      696C7465 
 740      725F456E 
 740      61626C65 
 740      00
 741              	.LASF13:
 742 003e 666C6F61 		.ascii	"float\000"
 742      7400
 743              	.LASF2:
 744 0044 756E7369 		.ascii	"unsigned char\000"
 744      676E6564 
 744      20636861 
 744      7200
 745              	.LASF15:
 746 0052 72656738 		.ascii	"reg8\000"
 746      00
 747              	.LASF6:
 748 0057 6C6F6E67 		.ascii	"long unsigned int\000"
 748      20756E73 
 748      69676E65 
 748      6420696E 
 748      7400
 749              	.LASF26:
 750 0069 474E5520 		.ascii	"GNU C99 5.4.1 20160609 (release) [ARM/embedded-5-br"
 750      43393920 
 750      352E342E 
 750      31203230 
 750      31363036 
 751 009c 616E6368 		.ascii	"anch revision 237715] -mcpu=cortex-m3 -mthumb -g -O"
ARM GAS  C:\Users\chemi\AppData\Local\Temp\ccnnEfpl.s 			page 18


 751      20726576 
 751      6973696F 
 751      6E203233 
 751      37373135 
 752 00cf 73202D73 		.ascii	"s -std=gnu99 -ffunction-sections -ffat-lto-objects\000"
 752      74643D67 
 752      6E753939 
 752      202D6666 
 752      756E6374 
 753              	.LASF11:
 754 0102 75696E74 		.ascii	"uint8\000"
 754      3800
 755              	.LASF24:
 756 0108 46425F46 		.ascii	"FB_Filter_Stop\000"
 756      696C7465 
 756      725F5374 
 756      6F7000
 757              	.LASF22:
 758 0117 46425F46 		.ascii	"FB_Filter_Sleep\000"
 758      696C7465 
 758      725F536C 
 758      65657000 
 759              	.LASF14:
 760 0127 646F7562 		.ascii	"double\000"
 760      6C6500
 761              	.LASF12:
 762 012e 75696E74 		.ascii	"uint16\000"
 762      313600
 763              	.LASF27:
 764 0135 47656E65 		.ascii	"Generated_Source\\PSoC5\\FB_Filter_PM.c\000"
 764      72617465 
 764      645F536F 
 764      75726365 
 764      5C50536F 
 765              	.LASF0:
 766 015b 756E7369 		.ascii	"unsigned int\000"
 766      676E6564 
 766      20696E74 
 766      00
 767              	.LASF29:
 768 0168 46425F46 		.ascii	"FB_Filter_backup\000"
 768      696C7465 
 768      725F6261 
 768      636B7570 
 768      00
 769              	.LASF8:
 770 0179 6C6F6E67 		.ascii	"long long unsigned int\000"
 770      206C6F6E 
 770      6720756E 
 770      7369676E 
 770      65642069 
 771              	.LASF23:
 772 0190 46425F46 		.ascii	"FB_Filter_Wakeup\000"
 772      696C7465 
 772      725F5761 
 772      6B657570 
 772      00
ARM GAS  C:\Users\chemi\AppData\Local\Temp\ccnnEfpl.s 			page 19


 773              	.LASF9:
 774 01a1 73697A65 		.ascii	"sizetype\000"
 774      74797065 
 774      00
 775              	.LASF7:
 776 01aa 6C6F6E67 		.ascii	"long long int\000"
 776      206C6F6E 
 776      6720696E 
 776      7400
 777              	.LASF10:
 778 01b8 63686172 		.ascii	"char\000"
 778      00
 779              	.LASF3:
 780 01bd 73686F72 		.ascii	"short int\000"
 780      7420696E 
 780      7400
 781              	.LASF18:
 782 01c7 73617665 		.ascii	"saveAcu\000"
 782      41637500 
 783              	.LASF28:
 784 01cf 433A5C55 		.ascii	"C:\\Users\\chemi\\UD3_QCW\\UD3_QFN.cydsn\000"
 784      73657273 
 784      5C636865 
 784      6D695C55 
 784      44335F51 
 785              	.LASF5:
 786 01f4 6C6F6E67 		.ascii	"long int\000"
 786      20696E74 
 786      00
 787              	.LASF16:
 788 01fd 656E6162 		.ascii	"enableState\000"
 788      6C655374 
 788      61746500 
 789              	.LASF1:
 790 0209 7369676E 		.ascii	"signed char\000"
 790      65642063 
 790      68617200 
 791              	.LASF21:
 792 0215 46425F46 		.ascii	"FB_Filter_RestoreConfig\000"
 792      696C7465 
 792      725F5265 
 792      73746F72 
 792      65436F6E 
 793              	.LASF19:
 794 022d 46425F46 		.ascii	"FB_Filter_backupStruct\000"
 794      696C7465 
 794      725F6261 
 794      636B7570 
 794      53747275 
 795              		.ident	"GCC: (GNU Tools for ARM Embedded Processors) 5.4.1 20160609 (release) [ARM/embedded-5-bran
