ARM GAS  C:\Users\chemi\AppData\Local\Temp\ccnXJm1B.s 			page 1


   1              		.syntax unified
   2              		.cpu cortex-m3
   3              		.fpu softvfp
   4              		.eabi_attribute 20, 1
   5              		.eabi_attribute 21, 1
   6              		.eabi_attribute 23, 3
   7              		.eabi_attribute 24, 1
   8              		.eabi_attribute 25, 1
   9              		.eabi_attribute 26, 1
  10              		.eabi_attribute 30, 4
  11              		.eabi_attribute 34, 1
  12              		.eabi_attribute 18, 4
  13              		.thumb
  14              		.syntax unified
  15              		.file	"FB_Filter_Coefficients.c"
  16              		.text
  17              	.Ltext0:
  18              		.cfi_sections	.debug_frame
  19              		.global	FB_Filter_ChannelAFirCoefficients
  20              		.section	.rodata
  21              		.type	FB_Filter_ChannelAFirCoefficients, %object
  22              		.size	FB_Filter_ChannelAFirCoefficients, 16
  23              	FB_Filter_ChannelAFirCoefficients:
  24 0000 00       		.byte	0
  25 0001 00       		.byte	0
  26 0002 20       		.byte	32
  27 0003 00       		.byte	0
  28 0004 00       		.byte	0
  29 0005 00       		.byte	0
  30 0006 20       		.byte	32
  31 0007 00       		.byte	0
  32 0008 00       		.byte	0
  33 0009 00       		.byte	0
  34 000a 20       		.byte	32
  35 000b 00       		.byte	0
  36 000c 00       		.byte	0
  37 000d 00       		.byte	0
  38 000e 20       		.byte	32
  39 000f 00       		.byte	0
  40              		.text
  41              	.Letext0:
  42              		.file 1 "Generated_Source\\PSoC5\\cytypes.h"
  43              		.file 2 "Generated_Source\\PSoC5\\FB_Filter_Coefficients.c"
  44              		.section	.debug_info,"",%progbits
  45              	.Ldebug_info0:
  46 0000 B3000000 		.4byte	0xb3
  47 0004 0400     		.2byte	0x4
  48 0006 00000000 		.4byte	.Ldebug_abbrev0
  49 000a 04       		.byte	0x4
  50 000b 01       		.uleb128 0x1
  51 000c 3D000000 		.4byte	.LASF13
  52 0010 0C       		.byte	0xc
  53 0011 85010000 		.4byte	.LASF14
  54 0015 18010000 		.4byte	.LASF15
  55 0019 00000000 		.4byte	.Ldebug_line0
  56 001d 02       		.uleb128 0x2
  57 001e 04       		.byte	0x4
ARM GAS  C:\Users\chemi\AppData\Local\Temp\ccnXJm1B.s 			page 2


  58 001f 05       		.byte	0x5
  59 0020 696E7400 		.ascii	"int\000"
  60 0024 03       		.uleb128 0x3
  61 0025 04       		.byte	0x4
  62 0026 07       		.byte	0x7
  63 0027 30000000 		.4byte	.LASF0
  64 002b 03       		.uleb128 0x3
  65 002c 01       		.byte	0x1
  66 002d 06       		.byte	0x6
  67 002e 60010000 		.4byte	.LASF1
  68 0032 03       		.uleb128 0x3
  69 0033 01       		.byte	0x1
  70 0034 08       		.byte	0x8
  71 0035 05010000 		.4byte	.LASF2
  72 0039 03       		.uleb128 0x3
  73 003a 02       		.byte	0x2
  74 003b 05       		.byte	0x5
  75 003c 72010000 		.4byte	.LASF3
  76 0040 03       		.uleb128 0x3
  77 0041 02       		.byte	0x2
  78 0042 07       		.byte	0x7
  79 0043 4D010000 		.4byte	.LASF4
  80 0047 03       		.uleb128 0x3
  81 0048 04       		.byte	0x4
  82 0049 05       		.byte	0x5
  83 004a 3D010000 		.4byte	.LASF5
  84 004e 03       		.uleb128 0x3
  85 004f 04       		.byte	0x4
  86 0050 07       		.byte	0x7
  87 0051 DC000000 		.4byte	.LASF6
  88 0055 03       		.uleb128 0x3
  89 0056 08       		.byte	0x8
  90 0057 05       		.byte	0x5
  91 0058 00000000 		.4byte	.LASF7
  92 005c 03       		.uleb128 0x3
  93 005d 08       		.byte	0x8
  94 005e 07       		.byte	0x7
  95 005f EE000000 		.4byte	.LASF8
  96 0063 03       		.uleb128 0x3
  97 0064 04       		.byte	0x4
  98 0065 07       		.byte	0x7
  99 0066 7C010000 		.4byte	.LASF9
 100 006a 03       		.uleb128 0x3
 101 006b 01       		.byte	0x1
 102 006c 08       		.byte	0x8
 103 006d 13010000 		.4byte	.LASF10
 104 0071 04       		.uleb128 0x4
 105 0072 D6000000 		.4byte	.LASF16
 106 0076 01       		.byte	0x1
 107 0077 9201     		.2byte	0x192
 108 0079 32000000 		.4byte	0x32
 109 007d 03       		.uleb128 0x3
 110 007e 04       		.byte	0x4
 111 007f 04       		.byte	0x4
 112 0080 6C010000 		.4byte	.LASF11
 113 0084 03       		.uleb128 0x3
 114 0085 08       		.byte	0x8
ARM GAS  C:\Users\chemi\AppData\Local\Temp\ccnXJm1B.s 			page 3


 115 0086 04       		.byte	0x4
 116 0087 46010000 		.4byte	.LASF12
 117 008b 05       		.uleb128 0x5
 118 008c 9B000000 		.4byte	0x9b
 119 0090 9B000000 		.4byte	0x9b
 120 0094 06       		.uleb128 0x6
 121 0095 63000000 		.4byte	0x63
 122 0099 0F       		.byte	0xf
 123 009a 00       		.byte	0
 124 009b 07       		.uleb128 0x7
 125 009c 71000000 		.4byte	0x71
 126 00a0 08       		.uleb128 0x8
 127 00a1 0E000000 		.4byte	.LASF17
 128 00a5 02       		.byte	0x2
 129 00a6 11       		.byte	0x11
 130 00a7 B1000000 		.4byte	0xb1
 131 00ab 05       		.uleb128 0x5
 132 00ac 03       		.byte	0x3
 133 00ad 00000000 		.4byte	FB_Filter_ChannelAFirCoefficients
 134 00b1 07       		.uleb128 0x7
 135 00b2 8B000000 		.4byte	0x8b
 136 00b6 00       		.byte	0
 137              		.section	.debug_abbrev,"",%progbits
 138              	.Ldebug_abbrev0:
 139 0000 01       		.uleb128 0x1
 140 0001 11       		.uleb128 0x11
 141 0002 01       		.byte	0x1
 142 0003 25       		.uleb128 0x25
 143 0004 0E       		.uleb128 0xe
 144 0005 13       		.uleb128 0x13
 145 0006 0B       		.uleb128 0xb
 146 0007 03       		.uleb128 0x3
 147 0008 0E       		.uleb128 0xe
 148 0009 1B       		.uleb128 0x1b
 149 000a 0E       		.uleb128 0xe
 150 000b 10       		.uleb128 0x10
 151 000c 17       		.uleb128 0x17
 152 000d 00       		.byte	0
 153 000e 00       		.byte	0
 154 000f 02       		.uleb128 0x2
 155 0010 24       		.uleb128 0x24
 156 0011 00       		.byte	0
 157 0012 0B       		.uleb128 0xb
 158 0013 0B       		.uleb128 0xb
 159 0014 3E       		.uleb128 0x3e
 160 0015 0B       		.uleb128 0xb
 161 0016 03       		.uleb128 0x3
 162 0017 08       		.uleb128 0x8
 163 0018 00       		.byte	0
 164 0019 00       		.byte	0
 165 001a 03       		.uleb128 0x3
 166 001b 24       		.uleb128 0x24
 167 001c 00       		.byte	0
 168 001d 0B       		.uleb128 0xb
 169 001e 0B       		.uleb128 0xb
 170 001f 3E       		.uleb128 0x3e
 171 0020 0B       		.uleb128 0xb
ARM GAS  C:\Users\chemi\AppData\Local\Temp\ccnXJm1B.s 			page 4


 172 0021 03       		.uleb128 0x3
 173 0022 0E       		.uleb128 0xe
 174 0023 00       		.byte	0
 175 0024 00       		.byte	0
 176 0025 04       		.uleb128 0x4
 177 0026 16       		.uleb128 0x16
 178 0027 00       		.byte	0
 179 0028 03       		.uleb128 0x3
 180 0029 0E       		.uleb128 0xe
 181 002a 3A       		.uleb128 0x3a
 182 002b 0B       		.uleb128 0xb
 183 002c 3B       		.uleb128 0x3b
 184 002d 05       		.uleb128 0x5
 185 002e 49       		.uleb128 0x49
 186 002f 13       		.uleb128 0x13
 187 0030 00       		.byte	0
 188 0031 00       		.byte	0
 189 0032 05       		.uleb128 0x5
 190 0033 01       		.uleb128 0x1
 191 0034 01       		.byte	0x1
 192 0035 49       		.uleb128 0x49
 193 0036 13       		.uleb128 0x13
 194 0037 01       		.uleb128 0x1
 195 0038 13       		.uleb128 0x13
 196 0039 00       		.byte	0
 197 003a 00       		.byte	0
 198 003b 06       		.uleb128 0x6
 199 003c 21       		.uleb128 0x21
 200 003d 00       		.byte	0
 201 003e 49       		.uleb128 0x49
 202 003f 13       		.uleb128 0x13
 203 0040 2F       		.uleb128 0x2f
 204 0041 0B       		.uleb128 0xb
 205 0042 00       		.byte	0
 206 0043 00       		.byte	0
 207 0044 07       		.uleb128 0x7
 208 0045 26       		.uleb128 0x26
 209 0046 00       		.byte	0
 210 0047 49       		.uleb128 0x49
 211 0048 13       		.uleb128 0x13
 212 0049 00       		.byte	0
 213 004a 00       		.byte	0
 214 004b 08       		.uleb128 0x8
 215 004c 34       		.uleb128 0x34
 216 004d 00       		.byte	0
 217 004e 03       		.uleb128 0x3
 218 004f 0E       		.uleb128 0xe
 219 0050 3A       		.uleb128 0x3a
 220 0051 0B       		.uleb128 0xb
 221 0052 3B       		.uleb128 0x3b
 222 0053 0B       		.uleb128 0xb
 223 0054 49       		.uleb128 0x49
 224 0055 13       		.uleb128 0x13
 225 0056 3F       		.uleb128 0x3f
 226 0057 19       		.uleb128 0x19
 227 0058 02       		.uleb128 0x2
 228 0059 18       		.uleb128 0x18
ARM GAS  C:\Users\chemi\AppData\Local\Temp\ccnXJm1B.s 			page 5


 229 005a 00       		.byte	0
 230 005b 00       		.byte	0
 231 005c 00       		.byte	0
 232              		.section	.debug_aranges,"",%progbits
 233 0000 14000000 		.4byte	0x14
 234 0004 0200     		.2byte	0x2
 235 0006 00000000 		.4byte	.Ldebug_info0
 236 000a 04       		.byte	0x4
 237 000b 00       		.byte	0
 238 000c 0000     		.2byte	0
 239 000e 0000     		.2byte	0
 240 0010 00000000 		.4byte	0
 241 0014 00000000 		.4byte	0
 242              		.section	.debug_line,"",%progbits
 243              	.Ldebug_line0:
 244 0000 59000000 		.section	.debug_str,"MS",%progbits,1
 244      02005300 
 244      00000201 
 244      FB0E0D00 
 244      01010101 
 245              	.LASF7:
 246 0000 6C6F6E67 		.ascii	"long long int\000"
 246      206C6F6E 
 246      6720696E 
 246      7400
 247              	.LASF17:
 248 000e 46425F46 		.ascii	"FB_Filter_ChannelAFirCoefficients\000"
 248      696C7465 
 248      725F4368 
 248      616E6E65 
 248      6C414669 
 249              	.LASF0:
 250 0030 756E7369 		.ascii	"unsigned int\000"
 250      676E6564 
 250      20696E74 
 250      00
 251              	.LASF13:
 252 003d 474E5520 		.ascii	"GNU C99 5.4.1 20160609 (release) [ARM/embedded-5-br"
 252      43393920 
 252      352E342E 
 252      31203230 
 252      31363036 
 253 0070 616E6368 		.ascii	"anch revision 237715] -mcpu=cortex-m3 -mthumb -g -O"
 253      20726576 
 253      6973696F 
 253      6E203233 
 253      37373135 
 254 00a3 73202D73 		.ascii	"s -std=gnu99 -ffunction-sections -ffat-lto-objects\000"
 254      74643D67 
 254      6E753939 
 254      202D6666 
 254      756E6374 
 255              	.LASF16:
 256 00d6 75696E74 		.ascii	"uint8\000"
 256      3800
 257              	.LASF6:
 258 00dc 6C6F6E67 		.ascii	"long unsigned int\000"
ARM GAS  C:\Users\chemi\AppData\Local\Temp\ccnXJm1B.s 			page 6


 258      20756E73 
 258      69676E65 
 258      6420696E 
 258      7400
 259              	.LASF8:
 260 00ee 6C6F6E67 		.ascii	"long long unsigned int\000"
 260      206C6F6E 
 260      6720756E 
 260      7369676E 
 260      65642069 
 261              	.LASF2:
 262 0105 756E7369 		.ascii	"unsigned char\000"
 262      676E6564 
 262      20636861 
 262      7200
 263              	.LASF10:
 264 0113 63686172 		.ascii	"char\000"
 264      00
 265              	.LASF15:
 266 0118 433A5C55 		.ascii	"C:\\Users\\chemi\\UD3_QCW\\UD3_QFN.cydsn\000"
 266      73657273 
 266      5C636865 
 266      6D695C55 
 266      44335F51 
 267              	.LASF5:
 268 013d 6C6F6E67 		.ascii	"long int\000"
 268      20696E74 
 268      00
 269              	.LASF12:
 270 0146 646F7562 		.ascii	"double\000"
 270      6C6500
 271              	.LASF4:
 272 014d 73686F72 		.ascii	"short unsigned int\000"
 272      7420756E 
 272      7369676E 
 272      65642069 
 272      6E7400
 273              	.LASF1:
 274 0160 7369676E 		.ascii	"signed char\000"
 274      65642063 
 274      68617200 
 275              	.LASF11:
 276 016c 666C6F61 		.ascii	"float\000"
 276      7400
 277              	.LASF3:
 278 0172 73686F72 		.ascii	"short int\000"
 278      7420696E 
 278      7400
 279              	.LASF9:
 280 017c 73697A65 		.ascii	"sizetype\000"
 280      74797065 
 280      00
 281              	.LASF14:
 282 0185 47656E65 		.ascii	"Generated_Source\\PSoC5\\FB_Filter_Coefficients.c\000"
 282      72617465 
 282      645F536F 
 282      75726365 
ARM GAS  C:\Users\chemi\AppData\Local\Temp\ccnXJm1B.s 			page 7


 282      5C50536F 
 283              		.ident	"GCC: (GNU Tools for ARM Embedded Processors) 5.4.1 20160609 (release) [ARM/embedded-5-bran
