ARM GAS  C:\Users\chemi\AppData\Local\Temp\ccGqEqKc.s 			page 1


   1              		.syntax unified
   2              		.cpu cortex-m3
   3              		.fpu softvfp
   4              		.eabi_attribute 20, 1
   5              		.eabi_attribute 21, 1
   6              		.eabi_attribute 23, 3
   7              		.eabi_attribute 24, 1
   8              		.eabi_attribute 25, 1
   9              		.eabi_attribute 26, 1
  10              		.eabi_attribute 30, 4
  11              		.eabi_attribute 34, 1
  12              		.eabi_attribute 18, 4
  13              		.thumb
  14              		.syntax unified
  15              		.file	"I2C.c"
  16              		.text
  17              	.Ltext0:
  18              		.cfi_sections	.debug_frame
  19              		.section	.text.I2C_Init,"ax",%progbits
  20              		.align	1
  21              		.global	I2C_Init
  22              		.thumb
  23              		.thumb_func
  24              		.type	I2C_Init, %function
  25              	I2C_Init:
  26              	.LFB0:
  27              		.file 1 "Generated_Source\\PSoC5\\I2C.c"
   1:Generated_Source\PSoC5/I2C.c **** /*******************************************************************************
   2:Generated_Source\PSoC5/I2C.c **** * File Name: I2C.c
   3:Generated_Source\PSoC5/I2C.c **** * Version 3.50
   4:Generated_Source\PSoC5/I2C.c **** *
   5:Generated_Source\PSoC5/I2C.c **** * Description:
   6:Generated_Source\PSoC5/I2C.c **** *  This file provides the source code of APIs for the I2C component.
   7:Generated_Source\PSoC5/I2C.c **** *  The actual protocol and operation code resides in the interrupt service
   8:Generated_Source\PSoC5/I2C.c **** *  routine file.
   9:Generated_Source\PSoC5/I2C.c **** *
  10:Generated_Source\PSoC5/I2C.c **** *******************************************************************************
  11:Generated_Source\PSoC5/I2C.c **** * Copyright 2008-2015, Cypress Semiconductor Corporation. All rights reserved.
  12:Generated_Source\PSoC5/I2C.c **** * You may use this file only in accordance with the license, terms, conditions,
  13:Generated_Source\PSoC5/I2C.c **** * disclaimers, and limitations in the end user license agreement accompanying
  14:Generated_Source\PSoC5/I2C.c **** * the software package with which this file was provided.
  15:Generated_Source\PSoC5/I2C.c **** *******************************************************************************/
  16:Generated_Source\PSoC5/I2C.c **** 
  17:Generated_Source\PSoC5/I2C.c **** #include "I2C_PVT.h"
  18:Generated_Source\PSoC5/I2C.c **** 
  19:Generated_Source\PSoC5/I2C.c **** 
  20:Generated_Source\PSoC5/I2C.c **** /**********************************
  21:Generated_Source\PSoC5/I2C.c **** *      System variables
  22:Generated_Source\PSoC5/I2C.c **** **********************************/
  23:Generated_Source\PSoC5/I2C.c **** 
  24:Generated_Source\PSoC5/I2C.c **** uint8 I2C_initVar = 0u; /* Defines if component was initialized */
  25:Generated_Source\PSoC5/I2C.c **** 
  26:Generated_Source\PSoC5/I2C.c **** volatile uint8 I2C_state;  /* Current state of I2C FSM */
  27:Generated_Source\PSoC5/I2C.c **** 
  28:Generated_Source\PSoC5/I2C.c **** 
  29:Generated_Source\PSoC5/I2C.c **** /*******************************************************************************
  30:Generated_Source\PSoC5/I2C.c **** * Function Name: I2C_Init
ARM GAS  C:\Users\chemi\AppData\Local\Temp\ccGqEqKc.s 			page 2


  31:Generated_Source\PSoC5/I2C.c **** ********************************************************************************
  32:Generated_Source\PSoC5/I2C.c **** *
  33:Generated_Source\PSoC5/I2C.c **** * Summary:
  34:Generated_Source\PSoC5/I2C.c **** *  Initializes I2C registers with initial values provided from customizer.
  35:Generated_Source\PSoC5/I2C.c **** *
  36:Generated_Source\PSoC5/I2C.c **** * Parameters:
  37:Generated_Source\PSoC5/I2C.c **** *  None.
  38:Generated_Source\PSoC5/I2C.c **** *
  39:Generated_Source\PSoC5/I2C.c **** * Return:
  40:Generated_Source\PSoC5/I2C.c **** *  None.
  41:Generated_Source\PSoC5/I2C.c **** *
  42:Generated_Source\PSoC5/I2C.c **** * Global variables:
  43:Generated_Source\PSoC5/I2C.c **** *  None.
  44:Generated_Source\PSoC5/I2C.c **** *
  45:Generated_Source\PSoC5/I2C.c **** * Reentrant:
  46:Generated_Source\PSoC5/I2C.c **** *  No.
  47:Generated_Source\PSoC5/I2C.c **** *
  48:Generated_Source\PSoC5/I2C.c **** *******************************************************************************/
  49:Generated_Source\PSoC5/I2C.c **** void I2C_Init(void) 
  50:Generated_Source\PSoC5/I2C.c **** {
  28              		.loc 1 50 0
  29              		.cfi_startproc
  30              		@ args = 0, pretend = 0, frame = 0
  31              		@ frame_needed = 0, uses_anonymous_args = 0
  51:Generated_Source\PSoC5/I2C.c **** #if (I2C_FF_IMPLEMENTED)
  52:Generated_Source\PSoC5/I2C.c ****     /* Configure fixed function block */
  53:Generated_Source\PSoC5/I2C.c ****     I2C_CFG_REG  = I2C_DEFAULT_CFG;
  32              		.loc 1 53 0
  33 0000 114B     		ldr	r3, .L2
  34 0002 0222     		movs	r2, #2
  50:Generated_Source\PSoC5/I2C.c **** #if (I2C_FF_IMPLEMENTED)
  35              		.loc 1 50 0
  36 0004 10B5     		push	{r4, lr}
  37              		.cfi_def_cfa_offset 8
  38              		.cfi_offset 4, -8
  39              		.cfi_offset 14, -4
  40              		.loc 1 53 0
  41 0006 1A70     		strb	r2, [r3]
  54:Generated_Source\PSoC5/I2C.c ****     I2C_XCFG_REG = I2C_DEFAULT_XCFG;
  42              		.loc 1 54 0
  43 0008 8122     		movs	r2, #129
  44 000a 03F80E2C 		strb	r2, [r3, #-14]
  55:Generated_Source\PSoC5/I2C.c ****     I2C_ADDR_REG = I2C_DEFAULT_ADDR;
  45              		.loc 1 55 0
  46 000e 0822     		movs	r2, #8
  47 0010 03F80C2C 		strb	r2, [r3, #-12]
  56:Generated_Source\PSoC5/I2C.c ****     I2C_CLKDIV1_REG = LO8(I2C_DEFAULT_DIVIDE_FACTOR);
  57:Generated_Source\PSoC5/I2C.c ****     I2C_CLKDIV2_REG = HI8(I2C_DEFAULT_DIVIDE_FACTOR);
  48              		.loc 1 57 0
  49 0014 0024     		movs	r4, #0
  56:Generated_Source\PSoC5/I2C.c ****     I2C_CLKDIV1_REG = LO8(I2C_DEFAULT_DIVIDE_FACTOR);
  50              		.loc 1 56 0
  51 0016 0A22     		movs	r2, #10
  52 0018 5A71     		strb	r2, [r3, #5]
  53              		.loc 1 57 0
  54 001a 9C71     		strb	r4, [r3, #6]
  58:Generated_Source\PSoC5/I2C.c **** 
ARM GAS  C:\Users\chemi\AppData\Local\Temp\ccGqEqKc.s 			page 3


  59:Generated_Source\PSoC5/I2C.c **** #else
  60:Generated_Source\PSoC5/I2C.c ****     uint8 intState;
  61:Generated_Source\PSoC5/I2C.c **** 
  62:Generated_Source\PSoC5/I2C.c ****     /* Configure control and interrupt sources */
  63:Generated_Source\PSoC5/I2C.c ****     I2C_CFG_REG      = I2C_DEFAULT_CFG;
  64:Generated_Source\PSoC5/I2C.c ****     I2C_INT_MASK_REG = I2C_DEFAULT_INT_MASK;
  65:Generated_Source\PSoC5/I2C.c **** 
  66:Generated_Source\PSoC5/I2C.c ****     /* Enable interrupt generation in status */
  67:Generated_Source\PSoC5/I2C.c ****     intState = CyEnterCriticalSection();
  68:Generated_Source\PSoC5/I2C.c ****     I2C_INT_ENABLE_REG |= I2C_INTR_ENABLE;
  69:Generated_Source\PSoC5/I2C.c ****     CyExitCriticalSection(intState);
  70:Generated_Source\PSoC5/I2C.c **** 
  71:Generated_Source\PSoC5/I2C.c ****     /* Configure bit counter */
  72:Generated_Source\PSoC5/I2C.c ****     #if (I2C_MODE_SLAVE_ENABLED)
  73:Generated_Source\PSoC5/I2C.c ****         I2C_PERIOD_REG = I2C_DEFAULT_PERIOD;
  74:Generated_Source\PSoC5/I2C.c ****     #endif  /* (I2C_MODE_SLAVE_ENABLED) */
  75:Generated_Source\PSoC5/I2C.c **** 
  76:Generated_Source\PSoC5/I2C.c ****     /* Configure clock generator */
  77:Generated_Source\PSoC5/I2C.c ****     #if (I2C_MODE_MASTER_ENABLED)
  78:Generated_Source\PSoC5/I2C.c ****         I2C_MCLK_PRD_REG = I2C_DEFAULT_MCLK_PRD;
  79:Generated_Source\PSoC5/I2C.c ****         I2C_MCLK_CMP_REG = I2C_DEFAULT_MCLK_CMP;
  80:Generated_Source\PSoC5/I2C.c ****     #endif /* (I2C_MODE_MASTER_ENABLED) */
  81:Generated_Source\PSoC5/I2C.c **** #endif /* (I2C_FF_IMPLEMENTED) */
  82:Generated_Source\PSoC5/I2C.c **** 
  83:Generated_Source\PSoC5/I2C.c **** #if (I2C_TIMEOUT_ENABLED)
  84:Generated_Source\PSoC5/I2C.c ****     I2C_TimeoutInit();
  85:Generated_Source\PSoC5/I2C.c **** #endif /* (I2C_TIMEOUT_ENABLED) */
  86:Generated_Source\PSoC5/I2C.c **** 
  87:Generated_Source\PSoC5/I2C.c ****     /* Configure internal interrupt */
  88:Generated_Source\PSoC5/I2C.c ****     CyIntDisable    (I2C_ISR_NUMBER);
  55              		.loc 1 88 0
  56 001c 0B4B     		ldr	r3, .L2+4
  57 001e 4FF40042 		mov	r2, #32768
  58 0022 1A60     		str	r2, [r3]
  89:Generated_Source\PSoC5/I2C.c ****     CyIntSetPriority(I2C_ISR_NUMBER, I2C_ISR_PRIORITY);
  59              		.loc 1 89 0
  60 0024 0721     		movs	r1, #7
  61 0026 0F20     		movs	r0, #15
  62 0028 FFF7FEFF 		bl	CyIntSetPriority
  63              	.LVL0:
  90:Generated_Source\PSoC5/I2C.c ****     #if (I2C_INTERN_I2C_INTR_HANDLER)
  91:Generated_Source\PSoC5/I2C.c ****         (void) CyIntSetVector(I2C_ISR_NUMBER, &I2C_ISR);
  64              		.loc 1 91 0
  65 002c 0849     		ldr	r1, .L2+8
  66 002e 0F20     		movs	r0, #15
  67 0030 FFF7FEFF 		bl	CyIntSetVector
  68              	.LVL1:
  92:Generated_Source\PSoC5/I2C.c ****     #endif /* (I2C_INTERN_I2C_INTR_HANDLER) */
  93:Generated_Source\PSoC5/I2C.c **** 
  94:Generated_Source\PSoC5/I2C.c ****     /* Set FSM to default state */
  95:Generated_Source\PSoC5/I2C.c ****     I2C_state = I2C_SM_IDLE;
  69              		.loc 1 95 0
  70 0034 074B     		ldr	r3, .L2+12
  71 0036 1022     		movs	r2, #16
  72 0038 1A70     		strb	r2, [r3]
  96:Generated_Source\PSoC5/I2C.c **** 
  97:Generated_Source\PSoC5/I2C.c **** #if (I2C_MODE_SLAVE_ENABLED)
ARM GAS  C:\Users\chemi\AppData\Local\Temp\ccGqEqKc.s 			page 4


  98:Generated_Source\PSoC5/I2C.c ****     /* Clear status and buffers index */
  99:Generated_Source\PSoC5/I2C.c ****     I2C_slStatus = 0u;
 100:Generated_Source\PSoC5/I2C.c ****     I2C_slRdBufIndex = 0u;
 101:Generated_Source\PSoC5/I2C.c ****     I2C_slWrBufIndex = 0u;
 102:Generated_Source\PSoC5/I2C.c **** 
 103:Generated_Source\PSoC5/I2C.c ****     /* Configure matched address */
 104:Generated_Source\PSoC5/I2C.c ****     I2C_SlaveSetAddress(I2C_DEFAULT_ADDR);
 105:Generated_Source\PSoC5/I2C.c **** #endif /* (I2C_MODE_SLAVE_ENABLED) */
 106:Generated_Source\PSoC5/I2C.c **** 
 107:Generated_Source\PSoC5/I2C.c **** #if (I2C_MODE_MASTER_ENABLED)
 108:Generated_Source\PSoC5/I2C.c ****     /* Clear status and buffers index */
 109:Generated_Source\PSoC5/I2C.c ****     I2C_mstrStatus = 0u;
  73              		.loc 1 109 0
  74 003a 074B     		ldr	r3, .L2+16
  75 003c 1C70     		strb	r4, [r3]
 110:Generated_Source\PSoC5/I2C.c ****     I2C_mstrRdBufIndex = 0u;
  76              		.loc 1 110 0
  77 003e 074B     		ldr	r3, .L2+20
  78 0040 1C70     		strb	r4, [r3]
 111:Generated_Source\PSoC5/I2C.c ****     I2C_mstrWrBufIndex = 0u;
  79              		.loc 1 111 0
  80 0042 074B     		ldr	r3, .L2+24
  81 0044 1C70     		strb	r4, [r3]
  82 0046 10BD     		pop	{r4, pc}
  83              	.L3:
  84              		.align	2
  85              	.L2:
  86 0048 D6490040 		.word	1073760726
  87 004c 80E100E0 		.word	-536813184
  88 0050 00000000 		.word	I2C_ISR
  89 0054 00000000 		.word	I2C_state
  90 0058 00000000 		.word	I2C_mstrStatus
  91 005c 00000000 		.word	I2C_mstrRdBufIndex
  92 0060 00000000 		.word	I2C_mstrWrBufIndex
  93              		.cfi_endproc
  94              	.LFE0:
  95              		.size	I2C_Init, .-I2C_Init
  96              		.section	.text.I2C_Enable,"ax",%progbits
  97              		.align	1
  98              		.global	I2C_Enable
  99              		.thumb
 100              		.thumb_func
 101              		.type	I2C_Enable, %function
 102              	I2C_Enable:
 103              	.LFB1:
 112:Generated_Source\PSoC5/I2C.c **** #endif /* (I2C_MODE_MASTER_ENABLED) */
 113:Generated_Source\PSoC5/I2C.c **** }
 114:Generated_Source\PSoC5/I2C.c **** 
 115:Generated_Source\PSoC5/I2C.c **** 
 116:Generated_Source\PSoC5/I2C.c **** /*******************************************************************************
 117:Generated_Source\PSoC5/I2C.c **** * Function Name: I2C_Enable
 118:Generated_Source\PSoC5/I2C.c **** ********************************************************************************
 119:Generated_Source\PSoC5/I2C.c **** *
 120:Generated_Source\PSoC5/I2C.c **** * Summary:
 121:Generated_Source\PSoC5/I2C.c **** *  Enables I2C operations.
 122:Generated_Source\PSoC5/I2C.c **** *
 123:Generated_Source\PSoC5/I2C.c **** * Parameters:
ARM GAS  C:\Users\chemi\AppData\Local\Temp\ccGqEqKc.s 			page 5


 124:Generated_Source\PSoC5/I2C.c **** *  None.
 125:Generated_Source\PSoC5/I2C.c **** *
 126:Generated_Source\PSoC5/I2C.c **** * Return:
 127:Generated_Source\PSoC5/I2C.c **** *  None.
 128:Generated_Source\PSoC5/I2C.c **** *
 129:Generated_Source\PSoC5/I2C.c **** * Global variables:
 130:Generated_Source\PSoC5/I2C.c **** *  None.
 131:Generated_Source\PSoC5/I2C.c **** *
 132:Generated_Source\PSoC5/I2C.c **** *******************************************************************************/
 133:Generated_Source\PSoC5/I2C.c **** void I2C_Enable(void) 
 134:Generated_Source\PSoC5/I2C.c **** {
 104              		.loc 1 134 0
 105              		.cfi_startproc
 106              		@ args = 0, pretend = 0, frame = 0
 107              		@ frame_needed = 0, uses_anonymous_args = 0
 108 0000 08B5     		push	{r3, lr}
 109              		.cfi_def_cfa_offset 8
 110              		.cfi_offset 3, -8
 111              		.cfi_offset 14, -4
 135:Generated_Source\PSoC5/I2C.c **** #if (I2C_FF_IMPLEMENTED)
 136:Generated_Source\PSoC5/I2C.c ****     uint8 intState;
 137:Generated_Source\PSoC5/I2C.c **** 
 138:Generated_Source\PSoC5/I2C.c ****     /* Enable power to block */
 139:Generated_Source\PSoC5/I2C.c ****     intState = CyEnterCriticalSection();
 112              		.loc 1 139 0
 113 0002 FFF7FEFF 		bl	CyEnterCriticalSection
 114              	.LVL2:
 140:Generated_Source\PSoC5/I2C.c ****     I2C_ACT_PWRMGR_REG  |= I2C_ACT_PWR_EN;
 115              		.loc 1 140 0
 116 0006 064A     		ldr	r2, .L5
 117 0008 1378     		ldrb	r3, [r2]	@ zero_extendqisi2
 118 000a 43F00403 		orr	r3, r3, #4
 119 000e 1370     		strb	r3, [r2]
 141:Generated_Source\PSoC5/I2C.c ****     I2C_STBY_PWRMGR_REG |= I2C_STBY_PWR_EN;
 120              		.loc 1 141 0
 121 0010 137C     		ldrb	r3, [r2, #16]	@ zero_extendqisi2
 122 0012 43F00403 		orr	r3, r3, #4
 123 0016 1374     		strb	r3, [r2, #16]
 142:Generated_Source\PSoC5/I2C.c ****     CyExitCriticalSection(intState);
 143:Generated_Source\PSoC5/I2C.c **** #else
 144:Generated_Source\PSoC5/I2C.c ****     #if (I2C_MODE_SLAVE_ENABLED)
 145:Generated_Source\PSoC5/I2C.c ****         /* Enable bit counter */
 146:Generated_Source\PSoC5/I2C.c ****         uint8 intState = CyEnterCriticalSection();
 147:Generated_Source\PSoC5/I2C.c ****         I2C_COUNTER_AUX_CTL_REG |= I2C_CNT7_ENABLE;
 148:Generated_Source\PSoC5/I2C.c ****         CyExitCriticalSection(intState);
 149:Generated_Source\PSoC5/I2C.c ****     #endif /* (I2C_MODE_SLAVE_ENABLED) */
 150:Generated_Source\PSoC5/I2C.c **** 
 151:Generated_Source\PSoC5/I2C.c ****     /* Enable slave or master bits */
 152:Generated_Source\PSoC5/I2C.c ****     I2C_CFG_REG |= I2C_ENABLE_MS;
 153:Generated_Source\PSoC5/I2C.c **** #endif /* (I2C_FF_IMPLEMENTED) */
 154:Generated_Source\PSoC5/I2C.c **** 
 155:Generated_Source\PSoC5/I2C.c **** #if (I2C_TIMEOUT_ENABLED)
 156:Generated_Source\PSoC5/I2C.c ****     I2C_TimeoutEnable();
 157:Generated_Source\PSoC5/I2C.c **** #endif /* (I2C_TIMEOUT_ENABLED) */
 158:Generated_Source\PSoC5/I2C.c **** }
 124              		.loc 1 158 0
 125 0018 BDE80840 		pop	{r3, lr}
ARM GAS  C:\Users\chemi\AppData\Local\Temp\ccGqEqKc.s 			page 6


 126              		.cfi_restore 14
 127              		.cfi_restore 3
 128              		.cfi_def_cfa_offset 0
 142:Generated_Source\PSoC5/I2C.c ****     CyExitCriticalSection(intState);
 129              		.loc 1 142 0
 130 001c FFF7FEBF 		b	CyExitCriticalSection
 131              	.LVL3:
 132              	.L6:
 133              		.align	2
 134              	.L5:
 135 0020 A5430040 		.word	1073759141
 136              		.cfi_endproc
 137              	.LFE1:
 138              		.size	I2C_Enable, .-I2C_Enable
 139              		.section	.text.I2C_Start,"ax",%progbits
 140              		.align	1
 141              		.global	I2C_Start
 142              		.thumb
 143              		.thumb_func
 144              		.type	I2C_Start, %function
 145              	I2C_Start:
 146              	.LFB2:
 159:Generated_Source\PSoC5/I2C.c **** 
 160:Generated_Source\PSoC5/I2C.c **** 
 161:Generated_Source\PSoC5/I2C.c **** /*******************************************************************************
 162:Generated_Source\PSoC5/I2C.c **** * Function Name: I2C_Start
 163:Generated_Source\PSoC5/I2C.c **** ********************************************************************************
 164:Generated_Source\PSoC5/I2C.c **** *
 165:Generated_Source\PSoC5/I2C.c **** * Summary:
 166:Generated_Source\PSoC5/I2C.c **** *  Starts the I2C hardware. Enables Active mode power template bits or clock
 167:Generated_Source\PSoC5/I2C.c **** *  gating as appropriate. It is required to be executed before I2C bus
 168:Generated_Source\PSoC5/I2C.c **** *  operation.
 169:Generated_Source\PSoC5/I2C.c **** *
 170:Generated_Source\PSoC5/I2C.c **** * Parameters:
 171:Generated_Source\PSoC5/I2C.c **** *  None.
 172:Generated_Source\PSoC5/I2C.c **** *
 173:Generated_Source\PSoC5/I2C.c **** * Return:
 174:Generated_Source\PSoC5/I2C.c **** *  None.
 175:Generated_Source\PSoC5/I2C.c **** *
 176:Generated_Source\PSoC5/I2C.c **** * Side Effects:
 177:Generated_Source\PSoC5/I2C.c **** *  This component automatically enables its interrupt.  If I2C is enabled !
 178:Generated_Source\PSoC5/I2C.c **** *  without the interrupt enabled, it can lock up the I2C bus.
 179:Generated_Source\PSoC5/I2C.c **** *
 180:Generated_Source\PSoC5/I2C.c **** * Global variables:
 181:Generated_Source\PSoC5/I2C.c **** *  I2C_initVar - This variable is used to check the initial
 182:Generated_Source\PSoC5/I2C.c **** *                             configuration, modified on the first
 183:Generated_Source\PSoC5/I2C.c **** *                             function call.
 184:Generated_Source\PSoC5/I2C.c **** *
 185:Generated_Source\PSoC5/I2C.c **** * Reentrant:
 186:Generated_Source\PSoC5/I2C.c **** *  No.
 187:Generated_Source\PSoC5/I2C.c **** *
 188:Generated_Source\PSoC5/I2C.c **** *******************************************************************************/
 189:Generated_Source\PSoC5/I2C.c **** void I2C_Start(void) 
 190:Generated_Source\PSoC5/I2C.c **** {
 147              		.loc 1 190 0
 148              		.cfi_startproc
 149              		@ args = 0, pretend = 0, frame = 0
ARM GAS  C:\Users\chemi\AppData\Local\Temp\ccGqEqKc.s 			page 7


 150              		@ frame_needed = 0, uses_anonymous_args = 0
 151 0000 10B5     		push	{r4, lr}
 152              		.cfi_def_cfa_offset 8
 153              		.cfi_offset 4, -8
 154              		.cfi_offset 14, -4
 191:Generated_Source\PSoC5/I2C.c ****     if (0u == I2C_initVar)
 155              		.loc 1 191 0
 156 0002 074C     		ldr	r4, .L10
 157 0004 2378     		ldrb	r3, [r4]	@ zero_extendqisi2
 158 0006 1BB9     		cbnz	r3, .L8
 192:Generated_Source\PSoC5/I2C.c ****     {
 193:Generated_Source\PSoC5/I2C.c ****         I2C_Init();
 159              		.loc 1 193 0
 160 0008 FFF7FEFF 		bl	I2C_Init
 161              	.LVL4:
 194:Generated_Source\PSoC5/I2C.c ****         I2C_initVar = 1u; /* Component initialized */
 162              		.loc 1 194 0
 163 000c 0123     		movs	r3, #1
 164 000e 2370     		strb	r3, [r4]
 165              	.L8:
 195:Generated_Source\PSoC5/I2C.c ****     }
 196:Generated_Source\PSoC5/I2C.c **** 
 197:Generated_Source\PSoC5/I2C.c ****     I2C_Enable();
 166              		.loc 1 197 0
 167 0010 FFF7FEFF 		bl	I2C_Enable
 168              	.LVL5:
 198:Generated_Source\PSoC5/I2C.c ****     I2C_EnableInt();
 169              		.loc 1 198 0
 170 0014 034B     		ldr	r3, .L10+4
 171 0016 4FF40042 		mov	r2, #32768
 172 001a 1A60     		str	r2, [r3]
 173 001c 10BD     		pop	{r4, pc}
 174              	.L11:
 175 001e 00BF     		.align	2
 176              	.L10:
 177 0020 00000000 		.word	.LANCHOR0
 178 0024 00E100E0 		.word	-536813312
 179              		.cfi_endproc
 180              	.LFE2:
 181              		.size	I2C_Start, .-I2C_Start
 182              		.section	.text.I2C_Stop,"ax",%progbits
 183              		.align	1
 184              		.global	I2C_Stop
 185              		.thumb
 186              		.thumb_func
 187              		.type	I2C_Stop, %function
 188              	I2C_Stop:
 189              	.LFB3:
 199:Generated_Source\PSoC5/I2C.c **** }
 200:Generated_Source\PSoC5/I2C.c **** 
 201:Generated_Source\PSoC5/I2C.c **** 
 202:Generated_Source\PSoC5/I2C.c **** /*******************************************************************************
 203:Generated_Source\PSoC5/I2C.c **** * Function Name: I2C_Stop
 204:Generated_Source\PSoC5/I2C.c **** ********************************************************************************
 205:Generated_Source\PSoC5/I2C.c **** *
 206:Generated_Source\PSoC5/I2C.c **** * Summary:
 207:Generated_Source\PSoC5/I2C.c **** *  Disables I2C hardware and disables I2C interrupt. Disables Active mode power
ARM GAS  C:\Users\chemi\AppData\Local\Temp\ccGqEqKc.s 			page 8


 208:Generated_Source\PSoC5/I2C.c **** *  template bits or clock gating as appropriate.
 209:Generated_Source\PSoC5/I2C.c **** *
 210:Generated_Source\PSoC5/I2C.c **** * Parameters:
 211:Generated_Source\PSoC5/I2C.c **** *  None.
 212:Generated_Source\PSoC5/I2C.c **** *
 213:Generated_Source\PSoC5/I2C.c **** * Return:
 214:Generated_Source\PSoC5/I2C.c **** *  None.
 215:Generated_Source\PSoC5/I2C.c **** *
 216:Generated_Source\PSoC5/I2C.c **** *******************************************************************************/
 217:Generated_Source\PSoC5/I2C.c **** void I2C_Stop(void) 
 218:Generated_Source\PSoC5/I2C.c **** {
 190              		.loc 1 218 0
 191              		.cfi_startproc
 192              		@ args = 0, pretend = 0, frame = 0
 193              		@ frame_needed = 0, uses_anonymous_args = 0
 194 0000 2DE9F843 		push	{r3, r4, r5, r6, r7, r8, r9, lr}
 195              		.cfi_def_cfa_offset 32
 196              		.cfi_offset 3, -32
 197              		.cfi_offset 4, -28
 198              		.cfi_offset 5, -24
 199              		.cfi_offset 6, -20
 200              		.cfi_offset 7, -16
 201              		.cfi_offset 8, -12
 202              		.cfi_offset 9, -8
 203              		.cfi_offset 14, -4
 219:Generated_Source\PSoC5/I2C.c ****     I2C_DisableInt();
 204              		.loc 1 219 0
 205 0004 224B     		ldr	r3, .L13
 206              	.LBB2:
 220:Generated_Source\PSoC5/I2C.c **** 
 221:Generated_Source\PSoC5/I2C.c **** #if (I2C_TIMEOUT_ENABLED)
 222:Generated_Source\PSoC5/I2C.c ****     I2C_TimeoutStop();
 223:Generated_Source\PSoC5/I2C.c **** #endif  /* End (I2C_TIMEOUT_ENABLED) */
 224:Generated_Source\PSoC5/I2C.c **** 
 225:Generated_Source\PSoC5/I2C.c **** #if (I2C_FF_IMPLEMENTED)
 226:Generated_Source\PSoC5/I2C.c ****     {
 227:Generated_Source\PSoC5/I2C.c ****         uint8 intState;
 228:Generated_Source\PSoC5/I2C.c ****         uint16 blockResetCycles;
 229:Generated_Source\PSoC5/I2C.c **** 
 230:Generated_Source\PSoC5/I2C.c ****         /* Store registers effected by block disable */
 231:Generated_Source\PSoC5/I2C.c ****         I2C_backup.addr    = I2C_ADDR_REG;
 207              		.loc 1 231 0
 208 0006 DFF8A880 		ldr	r8, .L13+32
 209              	.LBE2:
 219:Generated_Source\PSoC5/I2C.c ****     I2C_DisableInt();
 210              		.loc 1 219 0
 211 000a 4FF40049 		mov	r9, #32768
 212 000e C3F80090 		str	r9, [r3]
 213              	.LBB3:
 214              		.loc 1 231 0
 215 0012 98F80030 		ldrb	r3, [r8]	@ zero_extendqisi2
 216 0016 1F4C     		ldr	r4, .L13+4
 232:Generated_Source\PSoC5/I2C.c ****         I2C_backup.clkDiv1 = I2C_CLKDIV1_REG;
 217              		.loc 1 232 0
 218 0018 1F4F     		ldr	r7, .L13+8
 231:Generated_Source\PSoC5/I2C.c ****         I2C_backup.clkDiv1 = I2C_CLKDIV1_REG;
 219              		.loc 1 231 0
ARM GAS  C:\Users\chemi\AppData\Local\Temp\ccGqEqKc.s 			page 9


 220 001a E370     		strb	r3, [r4, #3]
 221              		.loc 1 232 0
 222 001c 3B78     		ldrb	r3, [r7]	@ zero_extendqisi2
 233:Generated_Source\PSoC5/I2C.c ****         I2C_backup.clkDiv2 = I2C_CLKDIV2_REG;
 223              		.loc 1 233 0
 224 001e 1F4E     		ldr	r6, .L13+12
 232:Generated_Source\PSoC5/I2C.c ****         I2C_backup.clkDiv1 = I2C_CLKDIV1_REG;
 225              		.loc 1 232 0
 226 0020 2371     		strb	r3, [r4, #4]
 227              		.loc 1 233 0
 228 0022 3378     		ldrb	r3, [r6]	@ zero_extendqisi2
 234:Generated_Source\PSoC5/I2C.c **** 
 235:Generated_Source\PSoC5/I2C.c ****         /* Calculate number of cycles to reset block */
 236:Generated_Source\PSoC5/I2C.c ****         blockResetCycles = ((uint16) ((uint16) I2C_CLKDIV2_REG << 8u) | I2C_CLKDIV1_REG) + 1u;
 237:Generated_Source\PSoC5/I2C.c **** 
 238:Generated_Source\PSoC5/I2C.c ****         /* Disable block */
 239:Generated_Source\PSoC5/I2C.c ****         I2C_CFG_REG &= (uint8) ~I2C_CFG_EN_SLAVE;
 229              		.loc 1 239 0
 230 0024 1E4D     		ldr	r5, .L13+16
 233:Generated_Source\PSoC5/I2C.c ****         I2C_backup.clkDiv2 = I2C_CLKDIV2_REG;
 231              		.loc 1 233 0
 232 0026 6371     		strb	r3, [r4, #5]
 236:Generated_Source\PSoC5/I2C.c **** 
 233              		.loc 1 236 0
 234 0028 3078     		ldrb	r0, [r6]	@ zero_extendqisi2
 235 002a 3B78     		ldrb	r3, [r7]	@ zero_extendqisi2
 236              	.LVL6:
 237              		.loc 1 239 0
 238 002c 2A78     		ldrb	r2, [r5]	@ zero_extendqisi2
 240:Generated_Source\PSoC5/I2C.c ****         /* Wait for block reset before disable power */
 241:Generated_Source\PSoC5/I2C.c ****         CyDelayCycles((uint32) blockResetCycles);
 239              		.loc 1 241 0
 240 002e 43EA0020 		orr	r0, r3, r0, lsl #8
 241              	.LVL7:
 239:Generated_Source\PSoC5/I2C.c ****         /* Wait for block reset before disable power */
 242              		.loc 1 239 0
 243 0032 02F0FE02 		and	r2, r2, #254
 244              		.loc 1 241 0
 245 0036 0130     		adds	r0, r0, #1
 239:Generated_Source\PSoC5/I2C.c ****         /* Wait for block reset before disable power */
 246              		.loc 1 239 0
 247 0038 2A70     		strb	r2, [r5]
 248              		.loc 1 241 0
 249 003a 80B2     		uxth	r0, r0
 250 003c FFF7FEFF 		bl	CyDelayCycles
 251              	.LVL8:
 242:Generated_Source\PSoC5/I2C.c **** 
 243:Generated_Source\PSoC5/I2C.c ****         /* Disable power to block */
 244:Generated_Source\PSoC5/I2C.c ****         intState = CyEnterCriticalSection();
 252              		.loc 1 244 0
 253 0040 FFF7FEFF 		bl	CyEnterCriticalSection
 254              	.LVL9:
 245:Generated_Source\PSoC5/I2C.c ****         I2C_ACT_PWRMGR_REG  &= (uint8) ~I2C_ACT_PWR_EN;
 255              		.loc 1 245 0
 256 0044 174A     		ldr	r2, .L13+20
 257 0046 1378     		ldrb	r3, [r2]	@ zero_extendqisi2
 258 0048 03F0FB03 		and	r3, r3, #251
ARM GAS  C:\Users\chemi\AppData\Local\Temp\ccGqEqKc.s 			page 10


 259 004c 1370     		strb	r3, [r2]
 246:Generated_Source\PSoC5/I2C.c ****         I2C_STBY_PWRMGR_REG &= (uint8) ~I2C_STBY_PWR_EN;
 260              		.loc 1 246 0
 261 004e 137C     		ldrb	r3, [r2, #16]	@ zero_extendqisi2
 262 0050 03F0FB03 		and	r3, r3, #251
 263 0054 1374     		strb	r3, [r2, #16]
 247:Generated_Source\PSoC5/I2C.c ****         CyExitCriticalSection(intState);
 264              		.loc 1 247 0
 265 0056 FFF7FEFF 		bl	CyExitCriticalSection
 266              	.LVL10:
 248:Generated_Source\PSoC5/I2C.c **** 
 249:Generated_Source\PSoC5/I2C.c ****         /* Enable block */
 250:Generated_Source\PSoC5/I2C.c ****         I2C_CFG_REG |= (uint8) I2C_ENABLE_MS;
 267              		.loc 1 250 0
 268 005a 2B78     		ldrb	r3, [r5]	@ zero_extendqisi2
 269              	.LBE3:
 251:Generated_Source\PSoC5/I2C.c **** 
 252:Generated_Source\PSoC5/I2C.c ****         /* Restore registers effected by block disable. Ticket ID#198004 */
 253:Generated_Source\PSoC5/I2C.c ****         I2C_ADDR_REG    = I2C_backup.addr;
 254:Generated_Source\PSoC5/I2C.c ****         I2C_ADDR_REG    = I2C_backup.addr;
 255:Generated_Source\PSoC5/I2C.c ****         I2C_CLKDIV1_REG = I2C_backup.clkDiv1;
 256:Generated_Source\PSoC5/I2C.c ****         I2C_CLKDIV2_REG = I2C_backup.clkDiv2;
 257:Generated_Source\PSoC5/I2C.c ****     }
 258:Generated_Source\PSoC5/I2C.c **** #else
 259:Generated_Source\PSoC5/I2C.c **** 
 260:Generated_Source\PSoC5/I2C.c ****     /* Disable slave or master bits */
 261:Generated_Source\PSoC5/I2C.c ****     I2C_CFG_REG &= (uint8) ~I2C_ENABLE_MS;
 262:Generated_Source\PSoC5/I2C.c **** 
 263:Generated_Source\PSoC5/I2C.c **** #if (I2C_MODE_SLAVE_ENABLED)
 264:Generated_Source\PSoC5/I2C.c ****     {
 265:Generated_Source\PSoC5/I2C.c ****         /* Disable bit counter */
 266:Generated_Source\PSoC5/I2C.c ****         uint8 intState = CyEnterCriticalSection();
 267:Generated_Source\PSoC5/I2C.c ****         I2C_COUNTER_AUX_CTL_REG &= (uint8) ~I2C_CNT7_ENABLE;
 268:Generated_Source\PSoC5/I2C.c ****         CyExitCriticalSection(intState);
 269:Generated_Source\PSoC5/I2C.c ****     }
 270:Generated_Source\PSoC5/I2C.c **** #endif /* (I2C_MODE_SLAVE_ENABLED) */
 271:Generated_Source\PSoC5/I2C.c **** 
 272:Generated_Source\PSoC5/I2C.c ****     /* Clear interrupt source register */
 273:Generated_Source\PSoC5/I2C.c ****     (void) I2C_CSR_REG;
 274:Generated_Source\PSoC5/I2C.c **** #endif /* (I2C_FF_IMPLEMENTED) */
 275:Generated_Source\PSoC5/I2C.c **** 
 276:Generated_Source\PSoC5/I2C.c ****     /* Disable interrupt on stop (enabled by write transaction) */
 277:Generated_Source\PSoC5/I2C.c ****     I2C_DISABLE_INT_ON_STOP;
 278:Generated_Source\PSoC5/I2C.c ****     I2C_ClearPendingInt();
 279:Generated_Source\PSoC5/I2C.c **** 
 280:Generated_Source\PSoC5/I2C.c ****     /* Reset FSM to default state */
 281:Generated_Source\PSoC5/I2C.c ****     I2C_state = I2C_SM_IDLE;
 270              		.loc 1 281 0
 271 005c 1022     		movs	r2, #16
 272              	.LBB4:
 250:Generated_Source\PSoC5/I2C.c **** 
 273              		.loc 1 250 0
 274 005e 43F00203 		orr	r3, r3, #2
 275 0062 2B70     		strb	r3, [r5]
 253:Generated_Source\PSoC5/I2C.c ****         I2C_ADDR_REG    = I2C_backup.addr;
 276              		.loc 1 253 0
 277 0064 E378     		ldrb	r3, [r4, #3]	@ zero_extendqisi2
ARM GAS  C:\Users\chemi\AppData\Local\Temp\ccGqEqKc.s 			page 11


 278 0066 88F80030 		strb	r3, [r8]
 254:Generated_Source\PSoC5/I2C.c ****         I2C_CLKDIV1_REG = I2C_backup.clkDiv1;
 279              		.loc 1 254 0
 280 006a E378     		ldrb	r3, [r4, #3]	@ zero_extendqisi2
 281 006c 88F80030 		strb	r3, [r8]
 255:Generated_Source\PSoC5/I2C.c ****         I2C_CLKDIV2_REG = I2C_backup.clkDiv2;
 282              		.loc 1 255 0
 283 0070 2379     		ldrb	r3, [r4, #4]	@ zero_extendqisi2
 284 0072 3B70     		strb	r3, [r7]
 256:Generated_Source\PSoC5/I2C.c ****     }
 285              		.loc 1 256 0
 286 0074 6379     		ldrb	r3, [r4, #5]	@ zero_extendqisi2
 287 0076 3370     		strb	r3, [r6]
 288              	.LBE4:
 277:Generated_Source\PSoC5/I2C.c ****     I2C_ClearPendingInt();
 289              		.loc 1 277 0
 290 0078 2B78     		ldrb	r3, [r5]	@ zero_extendqisi2
 291 007a 03F0EF03 		and	r3, r3, #239
 292 007e 2B70     		strb	r3, [r5]
 278:Generated_Source\PSoC5/I2C.c **** 
 293              		.loc 1 278 0
 294 0080 094B     		ldr	r3, .L13+24
 295 0082 C3F80090 		str	r9, [r3]
 296              		.loc 1 281 0
 297 0086 094B     		ldr	r3, .L13+28
 298 0088 1A70     		strb	r2, [r3]
 299 008a BDE8F883 		pop	{r3, r4, r5, r6, r7, r8, r9, pc}
 300              	.L14:
 301 008e 00BF     		.align	2
 302              	.L13:
 303 0090 80E100E0 		.word	-536813184
 304 0094 00000000 		.word	I2C_backup
 305 0098 DB490040 		.word	1073760731
 306 009c DC490040 		.word	1073760732
 307 00a0 D6490040 		.word	1073760726
 308 00a4 A5430040 		.word	1073759141
 309 00a8 80E200E0 		.word	-536812928
 310 00ac 00000000 		.word	I2C_state
 311 00b0 CA490040 		.word	1073760714
 312              		.cfi_endproc
 313              	.LFE3:
 314              		.size	I2C_Stop, .-I2C_Stop
 315              		.comm	I2C_state,1,1
 316              		.global	I2C_initVar
 317              		.bss
 318              		.set	.LANCHOR0,. + 0
 319              		.type	I2C_initVar, %object
 320              		.size	I2C_initVar, 1
 321              	I2C_initVar:
 322 0000 00       		.space	1
 323              		.text
 324              	.Letext0:
 325              		.file 2 "Generated_Source\\PSoC5\\cytypes.h"
 326              		.file 3 "Generated_Source\\PSoC5\\I2C.h"
 327              		.file 4 "Generated_Source\\PSoC5\\I2C_PVT.h"
 328              		.file 5 "Generated_Source\\PSoC5\\CyLib.h"
 329              		.section	.debug_info,"",%progbits
ARM GAS  C:\Users\chemi\AppData\Local\Temp\ccGqEqKc.s 			page 12


 330              	.Ldebug_info0:
 331 0000 9C020000 		.4byte	0x29c
 332 0004 0400     		.2byte	0x4
 333 0006 00000000 		.4byte	.Ldebug_abbrev0
 334 000a 04       		.byte	0x4
 335 000b 01       		.uleb128 0x1
 336 000c A6000000 		.4byte	.LASF41
 337 0010 0C       		.byte	0xc
 338 0011 9A020000 		.4byte	.LASF42
 339 0015 38020000 		.4byte	.LASF43
 340 0019 20000000 		.4byte	.Ldebug_ranges0+0x20
 341 001d 00000000 		.4byte	0
 342 0021 00000000 		.4byte	.Ldebug_line0
 343 0025 02       		.uleb128 0x2
 344 0026 01       		.byte	0x1
 345 0027 06       		.byte	0x6
 346 0028 D1010000 		.4byte	.LASF0
 347 002c 02       		.uleb128 0x2
 348 002d 01       		.byte	0x1
 349 002e 08       		.byte	0x8
 350 002f 81000000 		.4byte	.LASF1
 351 0033 02       		.uleb128 0x2
 352 0034 02       		.byte	0x2
 353 0035 05       		.byte	0x5
 354 0036 19020000 		.4byte	.LASF2
 355 003a 02       		.uleb128 0x2
 356 003b 02       		.byte	0x2
 357 003c 07       		.byte	0x7
 358 003d 23000000 		.4byte	.LASF3
 359 0041 02       		.uleb128 0x2
 360 0042 04       		.byte	0x4
 361 0043 05       		.byte	0x5
 362 0044 5D020000 		.4byte	.LASF4
 363 0048 02       		.uleb128 0x2
 364 0049 04       		.byte	0x4
 365 004a 07       		.byte	0x7
 366 004b 94000000 		.4byte	.LASF5
 367 004f 02       		.uleb128 0x2
 368 0050 08       		.byte	0x8
 369 0051 05       		.byte	0x5
 370 0052 EF010000 		.4byte	.LASF6
 371 0056 02       		.uleb128 0x2
 372 0057 08       		.byte	0x8
 373 0058 07       		.byte	0x7
 374 0059 6A000000 		.4byte	.LASF7
 375 005d 03       		.uleb128 0x3
 376 005e 04       		.byte	0x4
 377 005f 05       		.byte	0x5
 378 0060 696E7400 		.ascii	"int\000"
 379 0064 02       		.uleb128 0x2
 380 0065 04       		.byte	0x4
 381 0066 07       		.byte	0x7
 382 0067 76010000 		.4byte	.LASF8
 383 006b 04       		.uleb128 0x4
 384 006c 23020000 		.4byte	.LASF9
 385 0070 02       		.byte	0x2
 386 0071 9201     		.2byte	0x192
ARM GAS  C:\Users\chemi\AppData\Local\Temp\ccGqEqKc.s 			page 13


 387 0073 2C000000 		.4byte	0x2c
 388 0077 04       		.uleb128 0x4
 389 0078 56010000 		.4byte	.LASF10
 390 007c 02       		.byte	0x2
 391 007d 9301     		.2byte	0x193
 392 007f 3A000000 		.4byte	0x3a
 393 0083 04       		.uleb128 0x4
 394 0084 66010000 		.4byte	.LASF11
 395 0088 02       		.byte	0x2
 396 0089 9401     		.2byte	0x194
 397 008b 48000000 		.4byte	0x48
 398 008f 02       		.uleb128 0x2
 399 0090 04       		.byte	0x4
 400 0091 04       		.byte	0x4
 401 0092 64000000 		.4byte	.LASF12
 402 0096 02       		.uleb128 0x2
 403 0097 08       		.byte	0x8
 404 0098 04       		.byte	0x4
 405 0099 4F010000 		.4byte	.LASF13
 406 009d 02       		.uleb128 0x2
 407 009e 01       		.byte	0x1
 408 009f 08       		.byte	0x8
 409 00a0 FD010000 		.4byte	.LASF14
 410 00a4 04       		.uleb128 0x4
 411 00a5 8F000000 		.4byte	.LASF15
 412 00a9 02       		.byte	0x2
 413 00aa 3C02     		.2byte	0x23c
 414 00ac B0000000 		.4byte	0xb0
 415 00b0 05       		.uleb128 0x5
 416 00b1 6B000000 		.4byte	0x6b
 417 00b5 04       		.uleb128 0x4
 418 00b6 0E000000 		.4byte	.LASF16
 419 00ba 02       		.byte	0x2
 420 00bb 3E02     		.2byte	0x23e
 421 00bd C1000000 		.4byte	0xc1
 422 00c1 05       		.uleb128 0x5
 423 00c2 83000000 		.4byte	0x83
 424 00c6 02       		.uleb128 0x2
 425 00c7 04       		.byte	0x4
 426 00c8 07       		.byte	0x7
 427 00c9 E6010000 		.4byte	.LASF17
 428 00cd 06       		.uleb128 0x6
 429 00ce 06       		.byte	0x6
 430 00cf 03       		.byte	0x3
 431 00d0 76       		.byte	0x76
 432 00d1 1E010000 		.4byte	0x11e
 433 00d5 07       		.uleb128 0x7
 434 00d6 66020000 		.4byte	.LASF18
 435 00da 03       		.byte	0x3
 436 00db 78       		.byte	0x78
 437 00dc 6B000000 		.4byte	0x6b
 438 00e0 00       		.byte	0
 439 00e1 07       		.uleb128 0x7
 440 00e2 02020000 		.4byte	.LASF19
 441 00e6 03       		.byte	0x3
 442 00e7 7B       		.byte	0x7b
 443 00e8 6B000000 		.4byte	0x6b
ARM GAS  C:\Users\chemi\AppData\Local\Temp\ccGqEqKc.s 			page 14


 444 00ec 01       		.byte	0x1
 445 00ed 08       		.uleb128 0x8
 446 00ee 63666700 		.ascii	"cfg\000"
 447 00f2 03       		.byte	0x3
 448 00f3 7C       		.byte	0x7c
 449 00f4 6B000000 		.4byte	0x6b
 450 00f8 02       		.byte	0x2
 451 00f9 07       		.uleb128 0x7
 452 00fa 3F010000 		.4byte	.LASF20
 453 00fe 03       		.byte	0x3
 454 00ff 7D       		.byte	0x7d
 455 0100 6B000000 		.4byte	0x6b
 456 0104 03       		.byte	0x3
 457 0105 07       		.uleb128 0x7
 458 0106 AA010000 		.4byte	.LASF21
 459 010a 03       		.byte	0x3
 460 010b 7E       		.byte	0x7e
 461 010c 6B000000 		.4byte	0x6b
 462 0110 04       		.byte	0x4
 463 0111 07       		.uleb128 0x7
 464 0112 B2010000 		.4byte	.LASF22
 465 0116 03       		.byte	0x3
 466 0117 7F       		.byte	0x7f
 467 0118 6B000000 		.4byte	0x6b
 468 011c 05       		.byte	0x5
 469 011d 00       		.byte	0
 470 011e 09       		.uleb128 0x9
 471 011f 07020000 		.4byte	.LASF23
 472 0123 03       		.byte	0x3
 473 0124 89       		.byte	0x89
 474 0125 CD000000 		.4byte	0xcd
 475 0129 0A       		.uleb128 0xa
 476 012a DD010000 		.4byte	.LASF24
 477 012e 01       		.byte	0x1
 478 012f 31       		.byte	0x31
 479 0130 00000000 		.4byte	.LFB0
 480 0134 64000000 		.4byte	.LFE0-.LFB0
 481 0138 01       		.uleb128 0x1
 482 0139 9C       		.byte	0x9c
 483 013a 66010000 		.4byte	0x166
 484 013e 0B       		.uleb128 0xb
 485 013f 2C000000 		.4byte	.LVL0
 486 0143 68020000 		.4byte	0x268
 487 0147 56010000 		.4byte	0x156
 488 014b 0C       		.uleb128 0xc
 489 014c 01       		.uleb128 0x1
 490 014d 50       		.byte	0x50
 491 014e 01       		.uleb128 0x1
 492 014f 3F       		.byte	0x3f
 493 0150 0C       		.uleb128 0xc
 494 0151 01       		.uleb128 0x1
 495 0152 51       		.byte	0x51
 496 0153 01       		.uleb128 0x1
 497 0154 37       		.byte	0x37
 498 0155 00       		.byte	0
 499 0156 0D       		.uleb128 0xd
 500 0157 34000000 		.4byte	.LVL1
ARM GAS  C:\Users\chemi\AppData\Local\Temp\ccGqEqKc.s 			page 15


 501 015b 73020000 		.4byte	0x273
 502 015f 0C       		.uleb128 0xc
 503 0160 01       		.uleb128 0x1
 504 0161 50       		.byte	0x50
 505 0162 01       		.uleb128 0x1
 506 0163 3F       		.byte	0x3f
 507 0164 00       		.byte	0
 508 0165 00       		.byte	0
 509 0166 0A       		.uleb128 0xa
 510 0167 44010000 		.4byte	.LASF25
 511 016b 01       		.byte	0x1
 512 016c 85       		.byte	0x85
 513 016d 00000000 		.4byte	.LFB1
 514 0171 24000000 		.4byte	.LFE1-.LFB1
 515 0175 01       		.uleb128 0x1
 516 0176 9C       		.byte	0x9c
 517 0177 9D010000 		.4byte	0x19d
 518 017b 0E       		.uleb128 0xe
 519 017c 6D010000 		.4byte	.LASF28
 520 0180 01       		.byte	0x1
 521 0181 88       		.byte	0x88
 522 0182 6B000000 		.4byte	0x6b
 523 0186 00000000 		.4byte	.LLST0
 524 018a 0F       		.uleb128 0xf
 525 018b 06000000 		.4byte	.LVL2
 526 018f 7E020000 		.4byte	0x27e
 527 0193 10       		.uleb128 0x10
 528 0194 20000000 		.4byte	.LVL3
 529 0198 89020000 		.4byte	0x289
 530 019c 00       		.byte	0
 531 019d 0A       		.uleb128 0xa
 532 019e 47000000 		.4byte	.LASF26
 533 01a2 01       		.byte	0x1
 534 01a3 BD       		.byte	0xbd
 535 01a4 00000000 		.4byte	.LFB2
 536 01a8 28000000 		.4byte	.LFE2-.LFB2
 537 01ac 01       		.uleb128 0x1
 538 01ad 9C       		.byte	0x9c
 539 01ae C5010000 		.4byte	0x1c5
 540 01b2 0F       		.uleb128 0xf
 541 01b3 0C000000 		.4byte	.LVL4
 542 01b7 29010000 		.4byte	0x129
 543 01bb 0F       		.uleb128 0xf
 544 01bc 14000000 		.4byte	.LVL5
 545 01c0 66010000 		.4byte	0x166
 546 01c4 00       		.byte	0
 547 01c5 0A       		.uleb128 0xa
 548 01c6 5D010000 		.4byte	.LASF27
 549 01ca 01       		.byte	0x1
 550 01cb D9       		.byte	0xd9
 551 01cc 00000000 		.4byte	.LFB3
 552 01d0 B4000000 		.4byte	.LFE3-.LFB3
 553 01d4 01       		.uleb128 0x1
 554 01d5 9C       		.byte	0x9c
 555 01d6 1A020000 		.4byte	0x21a
 556 01da 11       		.uleb128 0x11
 557 01db 00000000 		.4byte	.Ldebug_ranges0+0
ARM GAS  C:\Users\chemi\AppData\Local\Temp\ccGqEqKc.s 			page 16


 558 01df 0E       		.uleb128 0xe
 559 01e0 6D010000 		.4byte	.LASF28
 560 01e4 01       		.byte	0x1
 561 01e5 E3       		.byte	0xe3
 562 01e6 6B000000 		.4byte	0x6b
 563 01ea 13000000 		.4byte	.LLST1
 564 01ee 0E       		.uleb128 0xe
 565 01ef 36000000 		.4byte	.LASF29
 566 01f3 01       		.byte	0x1
 567 01f4 E4       		.byte	0xe4
 568 01f5 77000000 		.4byte	0x77
 569 01f9 26000000 		.4byte	.LLST2
 570 01fd 0F       		.uleb128 0xf
 571 01fe 40000000 		.4byte	.LVL8
 572 0202 94020000 		.4byte	0x294
 573 0206 0F       		.uleb128 0xf
 574 0207 44000000 		.4byte	.LVL9
 575 020b 7E020000 		.4byte	0x27e
 576 020f 0F       		.uleb128 0xf
 577 0210 5A000000 		.4byte	.LVL10
 578 0214 89020000 		.4byte	0x289
 579 0218 00       		.byte	0
 580 0219 00       		.byte	0
 581 021a 12       		.uleb128 0x12
 582 021b B7020000 		.4byte	.LASF30
 583 021f 01       		.byte	0x1
 584 0220 18       		.byte	0x18
 585 0221 6B000000 		.4byte	0x6b
 586 0225 05       		.uleb128 0x5
 587 0226 03       		.byte	0x3
 588 0227 00000000 		.4byte	I2C_initVar
 589 022b 13       		.uleb128 0x13
 590 022c 72020000 		.4byte	.LASF31
 591 0230 04       		.byte	0x4
 592 0231 21       		.byte	0x21
 593 0232 1E010000 		.4byte	0x11e
 594 0236 12       		.uleb128 0x12
 595 0237 7D020000 		.4byte	.LASF32
 596 023b 01       		.byte	0x1
 597 023c 1A       		.byte	0x1a
 598 023d B0000000 		.4byte	0xb0
 599 0241 05       		.uleb128 0x5
 600 0242 03       		.byte	0x3
 601 0243 00000000 		.4byte	I2C_state
 602 0247 13       		.uleb128 0x13
 603 0248 29020000 		.4byte	.LASF33
 604 024c 04       		.byte	0x4
 605 024d 27       		.byte	0x27
 606 024e B0000000 		.4byte	0xb0
 607 0252 13       		.uleb128 0x13
 608 0253 51000000 		.4byte	.LASF34
 609 0257 04       		.byte	0x4
 610 0258 2D       		.byte	0x2d
 611 0259 B0000000 		.4byte	0xb0
 612 025d 13       		.uleb128 0x13
 613 025e 87020000 		.4byte	.LASF35
 614 0262 04       		.byte	0x4
ARM GAS  C:\Users\chemi\AppData\Local\Temp\ccGqEqKc.s 			page 17


 615 0263 32       		.byte	0x32
 616 0264 B0000000 		.4byte	0xb0
 617 0268 14       		.uleb128 0x14
 618 0269 99010000 		.4byte	.LASF36
 619 026d 99010000 		.4byte	.LASF36
 620 0271 05       		.byte	0x5
 621 0272 8B       		.byte	0x8b
 622 0273 14       		.uleb128 0x14
 623 0274 14000000 		.4byte	.LASF37
 624 0278 14000000 		.4byte	.LASF37
 625 027c 05       		.byte	0x5
 626 027d 88       		.byte	0x88
 627 027e 14       		.uleb128 0x14
 628 027f BA010000 		.4byte	.LASF38
 629 0283 BA010000 		.4byte	.LASF38
 630 0287 05       		.byte	0x5
 631 0288 7D       		.byte	0x7d
 632 0289 14       		.uleb128 0x14
 633 028a 83010000 		.4byte	.LASF39
 634 028e 83010000 		.4byte	.LASF39
 635 0292 05       		.byte	0x5
 636 0293 7E       		.byte	0x7e
 637 0294 14       		.uleb128 0x14
 638 0295 00000000 		.4byte	.LASF40
 639 0299 00000000 		.4byte	.LASF40
 640 029d 05       		.byte	0x5
 641 029e 79       		.byte	0x79
 642 029f 00       		.byte	0
 643              		.section	.debug_abbrev,"",%progbits
 644              	.Ldebug_abbrev0:
 645 0000 01       		.uleb128 0x1
 646 0001 11       		.uleb128 0x11
 647 0002 01       		.byte	0x1
 648 0003 25       		.uleb128 0x25
 649 0004 0E       		.uleb128 0xe
 650 0005 13       		.uleb128 0x13
 651 0006 0B       		.uleb128 0xb
 652 0007 03       		.uleb128 0x3
 653 0008 0E       		.uleb128 0xe
 654 0009 1B       		.uleb128 0x1b
 655 000a 0E       		.uleb128 0xe
 656 000b 55       		.uleb128 0x55
 657 000c 17       		.uleb128 0x17
 658 000d 11       		.uleb128 0x11
 659 000e 01       		.uleb128 0x1
 660 000f 10       		.uleb128 0x10
 661 0010 17       		.uleb128 0x17
 662 0011 00       		.byte	0
 663 0012 00       		.byte	0
 664 0013 02       		.uleb128 0x2
 665 0014 24       		.uleb128 0x24
 666 0015 00       		.byte	0
 667 0016 0B       		.uleb128 0xb
 668 0017 0B       		.uleb128 0xb
 669 0018 3E       		.uleb128 0x3e
 670 0019 0B       		.uleb128 0xb
 671 001a 03       		.uleb128 0x3
ARM GAS  C:\Users\chemi\AppData\Local\Temp\ccGqEqKc.s 			page 18


 672 001b 0E       		.uleb128 0xe
 673 001c 00       		.byte	0
 674 001d 00       		.byte	0
 675 001e 03       		.uleb128 0x3
 676 001f 24       		.uleb128 0x24
 677 0020 00       		.byte	0
 678 0021 0B       		.uleb128 0xb
 679 0022 0B       		.uleb128 0xb
 680 0023 3E       		.uleb128 0x3e
 681 0024 0B       		.uleb128 0xb
 682 0025 03       		.uleb128 0x3
 683 0026 08       		.uleb128 0x8
 684 0027 00       		.byte	0
 685 0028 00       		.byte	0
 686 0029 04       		.uleb128 0x4
 687 002a 16       		.uleb128 0x16
 688 002b 00       		.byte	0
 689 002c 03       		.uleb128 0x3
 690 002d 0E       		.uleb128 0xe
 691 002e 3A       		.uleb128 0x3a
 692 002f 0B       		.uleb128 0xb
 693 0030 3B       		.uleb128 0x3b
 694 0031 05       		.uleb128 0x5
 695 0032 49       		.uleb128 0x49
 696 0033 13       		.uleb128 0x13
 697 0034 00       		.byte	0
 698 0035 00       		.byte	0
 699 0036 05       		.uleb128 0x5
 700 0037 35       		.uleb128 0x35
 701 0038 00       		.byte	0
 702 0039 49       		.uleb128 0x49
 703 003a 13       		.uleb128 0x13
 704 003b 00       		.byte	0
 705 003c 00       		.byte	0
 706 003d 06       		.uleb128 0x6
 707 003e 13       		.uleb128 0x13
 708 003f 01       		.byte	0x1
 709 0040 0B       		.uleb128 0xb
 710 0041 0B       		.uleb128 0xb
 711 0042 3A       		.uleb128 0x3a
 712 0043 0B       		.uleb128 0xb
 713 0044 3B       		.uleb128 0x3b
 714 0045 0B       		.uleb128 0xb
 715 0046 01       		.uleb128 0x1
 716 0047 13       		.uleb128 0x13
 717 0048 00       		.byte	0
 718 0049 00       		.byte	0
 719 004a 07       		.uleb128 0x7
 720 004b 0D       		.uleb128 0xd
 721 004c 00       		.byte	0
 722 004d 03       		.uleb128 0x3
 723 004e 0E       		.uleb128 0xe
 724 004f 3A       		.uleb128 0x3a
 725 0050 0B       		.uleb128 0xb
 726 0051 3B       		.uleb128 0x3b
 727 0052 0B       		.uleb128 0xb
 728 0053 49       		.uleb128 0x49
ARM GAS  C:\Users\chemi\AppData\Local\Temp\ccGqEqKc.s 			page 19


 729 0054 13       		.uleb128 0x13
 730 0055 38       		.uleb128 0x38
 731 0056 0B       		.uleb128 0xb
 732 0057 00       		.byte	0
 733 0058 00       		.byte	0
 734 0059 08       		.uleb128 0x8
 735 005a 0D       		.uleb128 0xd
 736 005b 00       		.byte	0
 737 005c 03       		.uleb128 0x3
 738 005d 08       		.uleb128 0x8
 739 005e 3A       		.uleb128 0x3a
 740 005f 0B       		.uleb128 0xb
 741 0060 3B       		.uleb128 0x3b
 742 0061 0B       		.uleb128 0xb
 743 0062 49       		.uleb128 0x49
 744 0063 13       		.uleb128 0x13
 745 0064 38       		.uleb128 0x38
 746 0065 0B       		.uleb128 0xb
 747 0066 00       		.byte	0
 748 0067 00       		.byte	0
 749 0068 09       		.uleb128 0x9
 750 0069 16       		.uleb128 0x16
 751 006a 00       		.byte	0
 752 006b 03       		.uleb128 0x3
 753 006c 0E       		.uleb128 0xe
 754 006d 3A       		.uleb128 0x3a
 755 006e 0B       		.uleb128 0xb
 756 006f 3B       		.uleb128 0x3b
 757 0070 0B       		.uleb128 0xb
 758 0071 49       		.uleb128 0x49
 759 0072 13       		.uleb128 0x13
 760 0073 00       		.byte	0
 761 0074 00       		.byte	0
 762 0075 0A       		.uleb128 0xa
 763 0076 2E       		.uleb128 0x2e
 764 0077 01       		.byte	0x1
 765 0078 3F       		.uleb128 0x3f
 766 0079 19       		.uleb128 0x19
 767 007a 03       		.uleb128 0x3
 768 007b 0E       		.uleb128 0xe
 769 007c 3A       		.uleb128 0x3a
 770 007d 0B       		.uleb128 0xb
 771 007e 3B       		.uleb128 0x3b
 772 007f 0B       		.uleb128 0xb
 773 0080 27       		.uleb128 0x27
 774 0081 19       		.uleb128 0x19
 775 0082 11       		.uleb128 0x11
 776 0083 01       		.uleb128 0x1
 777 0084 12       		.uleb128 0x12
 778 0085 06       		.uleb128 0x6
 779 0086 40       		.uleb128 0x40
 780 0087 18       		.uleb128 0x18
 781 0088 9742     		.uleb128 0x2117
 782 008a 19       		.uleb128 0x19
 783 008b 01       		.uleb128 0x1
 784 008c 13       		.uleb128 0x13
 785 008d 00       		.byte	0
ARM GAS  C:\Users\chemi\AppData\Local\Temp\ccGqEqKc.s 			page 20


 786 008e 00       		.byte	0
 787 008f 0B       		.uleb128 0xb
 788 0090 898201   		.uleb128 0x4109
 789 0093 01       		.byte	0x1
 790 0094 11       		.uleb128 0x11
 791 0095 01       		.uleb128 0x1
 792 0096 31       		.uleb128 0x31
 793 0097 13       		.uleb128 0x13
 794 0098 01       		.uleb128 0x1
 795 0099 13       		.uleb128 0x13
 796 009a 00       		.byte	0
 797 009b 00       		.byte	0
 798 009c 0C       		.uleb128 0xc
 799 009d 8A8201   		.uleb128 0x410a
 800 00a0 00       		.byte	0
 801 00a1 02       		.uleb128 0x2
 802 00a2 18       		.uleb128 0x18
 803 00a3 9142     		.uleb128 0x2111
 804 00a5 18       		.uleb128 0x18
 805 00a6 00       		.byte	0
 806 00a7 00       		.byte	0
 807 00a8 0D       		.uleb128 0xd
 808 00a9 898201   		.uleb128 0x4109
 809 00ac 01       		.byte	0x1
 810 00ad 11       		.uleb128 0x11
 811 00ae 01       		.uleb128 0x1
 812 00af 31       		.uleb128 0x31
 813 00b0 13       		.uleb128 0x13
 814 00b1 00       		.byte	0
 815 00b2 00       		.byte	0
 816 00b3 0E       		.uleb128 0xe
 817 00b4 34       		.uleb128 0x34
 818 00b5 00       		.byte	0
 819 00b6 03       		.uleb128 0x3
 820 00b7 0E       		.uleb128 0xe
 821 00b8 3A       		.uleb128 0x3a
 822 00b9 0B       		.uleb128 0xb
 823 00ba 3B       		.uleb128 0x3b
 824 00bb 0B       		.uleb128 0xb
 825 00bc 49       		.uleb128 0x49
 826 00bd 13       		.uleb128 0x13
 827 00be 02       		.uleb128 0x2
 828 00bf 17       		.uleb128 0x17
 829 00c0 00       		.byte	0
 830 00c1 00       		.byte	0
 831 00c2 0F       		.uleb128 0xf
 832 00c3 898201   		.uleb128 0x4109
 833 00c6 00       		.byte	0
 834 00c7 11       		.uleb128 0x11
 835 00c8 01       		.uleb128 0x1
 836 00c9 31       		.uleb128 0x31
 837 00ca 13       		.uleb128 0x13
 838 00cb 00       		.byte	0
 839 00cc 00       		.byte	0
 840 00cd 10       		.uleb128 0x10
 841 00ce 898201   		.uleb128 0x4109
 842 00d1 00       		.byte	0
ARM GAS  C:\Users\chemi\AppData\Local\Temp\ccGqEqKc.s 			page 21


 843 00d2 11       		.uleb128 0x11
 844 00d3 01       		.uleb128 0x1
 845 00d4 9542     		.uleb128 0x2115
 846 00d6 19       		.uleb128 0x19
 847 00d7 31       		.uleb128 0x31
 848 00d8 13       		.uleb128 0x13
 849 00d9 00       		.byte	0
 850 00da 00       		.byte	0
 851 00db 11       		.uleb128 0x11
 852 00dc 0B       		.uleb128 0xb
 853 00dd 01       		.byte	0x1
 854 00de 55       		.uleb128 0x55
 855 00df 17       		.uleb128 0x17
 856 00e0 00       		.byte	0
 857 00e1 00       		.byte	0
 858 00e2 12       		.uleb128 0x12
 859 00e3 34       		.uleb128 0x34
 860 00e4 00       		.byte	0
 861 00e5 03       		.uleb128 0x3
 862 00e6 0E       		.uleb128 0xe
 863 00e7 3A       		.uleb128 0x3a
 864 00e8 0B       		.uleb128 0xb
 865 00e9 3B       		.uleb128 0x3b
 866 00ea 0B       		.uleb128 0xb
 867 00eb 49       		.uleb128 0x49
 868 00ec 13       		.uleb128 0x13
 869 00ed 3F       		.uleb128 0x3f
 870 00ee 19       		.uleb128 0x19
 871 00ef 02       		.uleb128 0x2
 872 00f0 18       		.uleb128 0x18
 873 00f1 00       		.byte	0
 874 00f2 00       		.byte	0
 875 00f3 13       		.uleb128 0x13
 876 00f4 34       		.uleb128 0x34
 877 00f5 00       		.byte	0
 878 00f6 03       		.uleb128 0x3
 879 00f7 0E       		.uleb128 0xe
 880 00f8 3A       		.uleb128 0x3a
 881 00f9 0B       		.uleb128 0xb
 882 00fa 3B       		.uleb128 0x3b
 883 00fb 0B       		.uleb128 0xb
 884 00fc 49       		.uleb128 0x49
 885 00fd 13       		.uleb128 0x13
 886 00fe 3F       		.uleb128 0x3f
 887 00ff 19       		.uleb128 0x19
 888 0100 3C       		.uleb128 0x3c
 889 0101 19       		.uleb128 0x19
 890 0102 00       		.byte	0
 891 0103 00       		.byte	0
 892 0104 14       		.uleb128 0x14
 893 0105 2E       		.uleb128 0x2e
 894 0106 00       		.byte	0
 895 0107 3F       		.uleb128 0x3f
 896 0108 19       		.uleb128 0x19
 897 0109 3C       		.uleb128 0x3c
 898 010a 19       		.uleb128 0x19
 899 010b 6E       		.uleb128 0x6e
ARM GAS  C:\Users\chemi\AppData\Local\Temp\ccGqEqKc.s 			page 22


 900 010c 0E       		.uleb128 0xe
 901 010d 03       		.uleb128 0x3
 902 010e 0E       		.uleb128 0xe
 903 010f 3A       		.uleb128 0x3a
 904 0110 0B       		.uleb128 0xb
 905 0111 3B       		.uleb128 0x3b
 906 0112 0B       		.uleb128 0xb
 907 0113 00       		.byte	0
 908 0114 00       		.byte	0
 909 0115 00       		.byte	0
 910              		.section	.debug_loc,"",%progbits
 911              	.Ldebug_loc0:
 912              	.LLST0:
 913 0000 06000000 		.4byte	.LVL2
 914 0004 1F000000 		.4byte	.LVL3-1
 915 0008 0100     		.2byte	0x1
 916 000a 50       		.byte	0x50
 917 000b 00000000 		.4byte	0
 918 000f 00000000 		.4byte	0
 919              	.LLST1:
 920 0013 44000000 		.4byte	.LVL9
 921 0017 59000000 		.4byte	.LVL10-1
 922 001b 0100     		.2byte	0x1
 923 001d 50       		.byte	0x50
 924 001e 00000000 		.4byte	0
 925 0022 00000000 		.4byte	0
 926              	.LLST2:
 927 0026 2C000000 		.4byte	.LVL6
 928 002a 32000000 		.4byte	.LVL7
 929 002e 1000     		.2byte	0x10
 930 0030 70       		.byte	0x70
 931 0031 00       		.sleb128 0
 932 0032 08       		.byte	0x8
 933 0033 FF       		.byte	0xff
 934 0034 1A       		.byte	0x1a
 935 0035 38       		.byte	0x38
 936 0036 24       		.byte	0x24
 937 0037 73       		.byte	0x73
 938 0038 00       		.sleb128 0
 939 0039 08       		.byte	0x8
 940 003a FF       		.byte	0xff
 941 003b 1A       		.byte	0x1a
 942 003c 21       		.byte	0x21
 943 003d 23       		.byte	0x23
 944 003e 01       		.uleb128 0x1
 945 003f 9F       		.byte	0x9f
 946 0040 00000000 		.4byte	0
 947 0044 00000000 		.4byte	0
 948              		.section	.debug_aranges,"",%progbits
 949 0000 34000000 		.4byte	0x34
 950 0004 0200     		.2byte	0x2
 951 0006 00000000 		.4byte	.Ldebug_info0
 952 000a 04       		.byte	0x4
 953 000b 00       		.byte	0
 954 000c 0000     		.2byte	0
 955 000e 0000     		.2byte	0
 956 0010 00000000 		.4byte	.LFB0
ARM GAS  C:\Users\chemi\AppData\Local\Temp\ccGqEqKc.s 			page 23


 957 0014 64000000 		.4byte	.LFE0-.LFB0
 958 0018 00000000 		.4byte	.LFB1
 959 001c 24000000 		.4byte	.LFE1-.LFB1
 960 0020 00000000 		.4byte	.LFB2
 961 0024 28000000 		.4byte	.LFE2-.LFB2
 962 0028 00000000 		.4byte	.LFB3
 963 002c B4000000 		.4byte	.LFE3-.LFB3
 964 0030 00000000 		.4byte	0
 965 0034 00000000 		.4byte	0
 966              		.section	.debug_ranges,"",%progbits
 967              	.Ldebug_ranges0:
 968 0000 06000000 		.4byte	.LBB2
 969 0004 0A000000 		.4byte	.LBE2
 970 0008 12000000 		.4byte	.LBB3
 971 000c 5C000000 		.4byte	.LBE3
 972 0010 5E000000 		.4byte	.LBB4
 973 0014 78000000 		.4byte	.LBE4
 974 0018 00000000 		.4byte	0
 975 001c 00000000 		.4byte	0
 976 0020 00000000 		.4byte	.LFB0
 977 0024 64000000 		.4byte	.LFE0
 978 0028 00000000 		.4byte	.LFB1
 979 002c 24000000 		.4byte	.LFE1
 980 0030 00000000 		.4byte	.LFB2
 981 0034 28000000 		.4byte	.LFE2
 982 0038 00000000 		.4byte	.LFB3
 983 003c B4000000 		.4byte	.LFE3
 984 0040 00000000 		.4byte	0
 985 0044 00000000 		.4byte	0
 986              		.section	.debug_line,"",%progbits
 987              	.Ldebug_line0:
 988 0000 F5000000 		.section	.debug_str,"MS",%progbits,1
 988      02006100 
 988      00000201 
 988      FB0E0D00 
 988      01010101 
 989              	.LASF40:
 990 0000 43794465 		.ascii	"CyDelayCycles\000"
 990      6C617943 
 990      79636C65 
 990      7300
 991              	.LASF16:
 992 000e 72656733 		.ascii	"reg32\000"
 992      3200
 993              	.LASF37:
 994 0014 4379496E 		.ascii	"CyIntSetVector\000"
 994      74536574 
 994      56656374 
 994      6F7200
 995              	.LASF3:
 996 0023 73686F72 		.ascii	"short unsigned int\000"
 996      7420756E 
 996      7369676E 
 996      65642069 
 996      6E7400
 997              	.LASF29:
 998 0036 626C6F63 		.ascii	"blockResetCycles\000"
ARM GAS  C:\Users\chemi\AppData\Local\Temp\ccGqEqKc.s 			page 24


 998      6B526573 
 998      65744379 
 998      636C6573 
 998      00
 999              	.LASF26:
 1000 0047 4932435F 		.ascii	"I2C_Start\000"
 1000      53746172 
 1000      7400
 1001              	.LASF34:
 1002 0051 4932435F 		.ascii	"I2C_mstrRdBufIndex\000"
 1002      6D737472 
 1002      52644275 
 1002      66496E64 
 1002      657800
 1003              	.LASF12:
 1004 0064 666C6F61 		.ascii	"float\000"
 1004      7400
 1005              	.LASF7:
 1006 006a 6C6F6E67 		.ascii	"long long unsigned int\000"
 1006      206C6F6E 
 1006      6720756E 
 1006      7369676E 
 1006      65642069 
 1007              	.LASF1:
 1008 0081 756E7369 		.ascii	"unsigned char\000"
 1008      676E6564 
 1008      20636861 
 1008      7200
 1009              	.LASF15:
 1010 008f 72656738 		.ascii	"reg8\000"
 1010      00
 1011              	.LASF5:
 1012 0094 6C6F6E67 		.ascii	"long unsigned int\000"
 1012      20756E73 
 1012      69676E65 
 1012      6420696E 
 1012      7400
 1013              	.LASF41:
 1014 00a6 474E5520 		.ascii	"GNU C99 5.4.1 20160609 (release) [ARM/embedded-5-br"
 1014      43393920 
 1014      352E342E 
 1014      31203230 
 1014      31363036 
 1015 00d9 616E6368 		.ascii	"anch revision 237715] -mcpu=cortex-m3 -mthumb -g -O"
 1015      20726576 
 1015      6973696F 
 1015      6E203233 
 1015      37373135 
 1016 010c 73202D73 		.ascii	"s -std=gnu99 -ffunction-sections -ffat-lto-objects\000"
 1016      74643D67 
 1016      6E753939 
 1016      202D6666 
 1016      756E6374 
 1017              	.LASF20:
 1018 013f 61646472 		.ascii	"addr\000"
 1018      00
 1019              	.LASF25:
ARM GAS  C:\Users\chemi\AppData\Local\Temp\ccGqEqKc.s 			page 25


 1020 0144 4932435F 		.ascii	"I2C_Enable\000"
 1020      456E6162 
 1020      6C6500
 1021              	.LASF13:
 1022 014f 646F7562 		.ascii	"double\000"
 1022      6C6500
 1023              	.LASF10:
 1024 0156 75696E74 		.ascii	"uint16\000"
 1024      313600
 1025              	.LASF27:
 1026 015d 4932435F 		.ascii	"I2C_Stop\000"
 1026      53746F70 
 1026      00
 1027              	.LASF11:
 1028 0166 75696E74 		.ascii	"uint32\000"
 1028      333200
 1029              	.LASF28:
 1030 016d 696E7453 		.ascii	"intState\000"
 1030      74617465 
 1030      00
 1031              	.LASF8:
 1032 0176 756E7369 		.ascii	"unsigned int\000"
 1032      676E6564 
 1032      20696E74 
 1032      00
 1033              	.LASF39:
 1034 0183 43794578 		.ascii	"CyExitCriticalSection\000"
 1034      69744372 
 1034      69746963 
 1034      616C5365 
 1034      6374696F 
 1035              	.LASF36:
 1036 0199 4379496E 		.ascii	"CyIntSetPriority\000"
 1036      74536574 
 1036      5072696F 
 1036      72697479 
 1036      00
 1037              	.LASF21:
 1038 01aa 636C6B44 		.ascii	"clkDiv1\000"
 1038      69763100 
 1039              	.LASF22:
 1040 01b2 636C6B44 		.ascii	"clkDiv2\000"
 1040      69763200 
 1041              	.LASF38:
 1042 01ba 4379456E 		.ascii	"CyEnterCriticalSection\000"
 1042      74657243 
 1042      72697469 
 1042      63616C53 
 1042      65637469 
 1043              	.LASF0:
 1044 01d1 7369676E 		.ascii	"signed char\000"
 1044      65642063 
 1044      68617200 
 1045              	.LASF24:
 1046 01dd 4932435F 		.ascii	"I2C_Init\000"
 1046      496E6974 
 1046      00
ARM GAS  C:\Users\chemi\AppData\Local\Temp\ccGqEqKc.s 			page 26


 1047              	.LASF17:
 1048 01e6 73697A65 		.ascii	"sizetype\000"
 1048      74797065 
 1048      00
 1049              	.LASF6:
 1050 01ef 6C6F6E67 		.ascii	"long long int\000"
 1050      206C6F6E 
 1050      6720696E 
 1050      7400
 1051              	.LASF14:
 1052 01fd 63686172 		.ascii	"char\000"
 1052      00
 1053              	.LASF19:
 1054 0202 78636667 		.ascii	"xcfg\000"
 1054      00
 1055              	.LASF23:
 1056 0207 4932435F 		.ascii	"I2C_BACKUP_STRUCT\000"
 1056      4241434B 
 1056      55505F53 
 1056      54525543 
 1056      5400
 1057              	.LASF2:
 1058 0219 73686F72 		.ascii	"short int\000"
 1058      7420696E 
 1058      7400
 1059              	.LASF9:
 1060 0223 75696E74 		.ascii	"uint8\000"
 1060      3800
 1061              	.LASF33:
 1062 0229 4932435F 		.ascii	"I2C_mstrStatus\000"
 1062      6D737472 
 1062      53746174 
 1062      757300
 1063              	.LASF43:
 1064 0238 433A5C55 		.ascii	"C:\\Users\\chemi\\UD3_QCW\\UD3_QFN.cydsn\000"
 1064      73657273 
 1064      5C636865 
 1064      6D695C55 
 1064      44335F51 
 1065              	.LASF4:
 1066 025d 6C6F6E67 		.ascii	"long int\000"
 1066      20696E74 
 1066      00
 1067              	.LASF18:
 1068 0266 656E6162 		.ascii	"enableState\000"
 1068      6C655374 
 1068      61746500 
 1069              	.LASF31:
 1070 0272 4932435F 		.ascii	"I2C_backup\000"
 1070      6261636B 
 1070      757000
 1071              	.LASF32:
 1072 027d 4932435F 		.ascii	"I2C_state\000"
 1072      73746174 
 1072      6500
 1073              	.LASF35:
 1074 0287 4932435F 		.ascii	"I2C_mstrWrBufIndex\000"
ARM GAS  C:\Users\chemi\AppData\Local\Temp\ccGqEqKc.s 			page 27


 1074      6D737472 
 1074      57724275 
 1074      66496E64 
 1074      657800
 1075              	.LASF42:
 1076 029a 47656E65 		.ascii	"Generated_Source\\PSoC5\\I2C.c\000"
 1076      72617465 
 1076      645F536F 
 1076      75726365 
 1076      5C50536F 
 1077              	.LASF30:
 1078 02b7 4932435F 		.ascii	"I2C_initVar\000"
 1078      696E6974 
 1078      56617200 
 1079              		.ident	"GCC: (GNU Tools for ARM Embedded Processors) 5.4.1 20160609 (release) [ARM/embedded-5-bran
