ARM GAS  C:\Users\chemi\AppData\Local\Temp\ccQdU0yw.s 			page 1


   1              		.syntax unified
   2              		.cpu cortex-m3
   3              		.fpu softvfp
   4              		.eabi_attribute 20, 1
   5              		.eabi_attribute 21, 1
   6              		.eabi_attribute 23, 3
   7              		.eabi_attribute 24, 1
   8              		.eabi_attribute 25, 1
   9              		.eabi_attribute 26, 1
  10              		.eabi_attribute 30, 4
  11              		.eabi_attribute 34, 1
  12              		.eabi_attribute 18, 4
  13              		.thumb
  14              		.syntax unified
  15              		.file	"I2C_PM.c"
  16              		.text
  17              	.Ltext0:
  18              		.cfi_sections	.debug_frame
  19              		.section	.text.I2C_SaveConfig,"ax",%progbits
  20              		.align	1
  21              		.global	I2C_SaveConfig
  22              		.thumb
  23              		.thumb_func
  24              		.type	I2C_SaveConfig, %function
  25              	I2C_SaveConfig:
  26              	.LFB0:
  27              		.file 1 "Generated_Source\\PSoC5\\I2C_PM.c"
   1:Generated_Source\PSoC5/I2C_PM.c **** /*******************************************************************************
   2:Generated_Source\PSoC5/I2C_PM.c **** * File Name: I2C_PM.c
   3:Generated_Source\PSoC5/I2C_PM.c **** * Version 3.50
   4:Generated_Source\PSoC5/I2C_PM.c **** *
   5:Generated_Source\PSoC5/I2C_PM.c **** * Description:
   6:Generated_Source\PSoC5/I2C_PM.c **** *  This file provides low power mode APIs for the I2C component.
   7:Generated_Source\PSoC5/I2C_PM.c **** *
   8:Generated_Source\PSoC5/I2C_PM.c **** ********************************************************************************
   9:Generated_Source\PSoC5/I2C_PM.c **** * Copyright 2008-2015, Cypress Semiconductor Corporation. All rights reserved.
  10:Generated_Source\PSoC5/I2C_PM.c **** * You may use this file only in accordance with the license, terms, conditions,
  11:Generated_Source\PSoC5/I2C_PM.c **** * disclaimers, and limitations in the end user license agreement accompanying
  12:Generated_Source\PSoC5/I2C_PM.c **** * the software package with which this file was provided.
  13:Generated_Source\PSoC5/I2C_PM.c **** *******************************************************************************/
  14:Generated_Source\PSoC5/I2C_PM.c **** 
  15:Generated_Source\PSoC5/I2C_PM.c **** #include "I2C_PVT.h"
  16:Generated_Source\PSoC5/I2C_PM.c **** 
  17:Generated_Source\PSoC5/I2C_PM.c **** I2C_BACKUP_STRUCT I2C_backup =
  18:Generated_Source\PSoC5/I2C_PM.c **** {
  19:Generated_Source\PSoC5/I2C_PM.c ****     I2C_DISABLE,
  20:Generated_Source\PSoC5/I2C_PM.c **** 
  21:Generated_Source\PSoC5/I2C_PM.c **** #if (I2C_FF_IMPLEMENTED)
  22:Generated_Source\PSoC5/I2C_PM.c ****     I2C_DEFAULT_XCFG,
  23:Generated_Source\PSoC5/I2C_PM.c ****     I2C_DEFAULT_CFG,
  24:Generated_Source\PSoC5/I2C_PM.c ****     I2C_DEFAULT_ADDR,
  25:Generated_Source\PSoC5/I2C_PM.c ****     LO8(I2C_DEFAULT_DIVIDE_FACTOR),
  26:Generated_Source\PSoC5/I2C_PM.c ****     HI8(I2C_DEFAULT_DIVIDE_FACTOR),
  27:Generated_Source\PSoC5/I2C_PM.c **** #else  /* (I2C_UDB_IMPLEMENTED) */
  28:Generated_Source\PSoC5/I2C_PM.c ****     I2C_DEFAULT_CFG,
  29:Generated_Source\PSoC5/I2C_PM.c **** #endif /* (I2C_FF_IMPLEMENTED) */
  30:Generated_Source\PSoC5/I2C_PM.c **** 
ARM GAS  C:\Users\chemi\AppData\Local\Temp\ccQdU0yw.s 			page 2


  31:Generated_Source\PSoC5/I2C_PM.c **** #if (I2C_TIMEOUT_ENABLED)
  32:Generated_Source\PSoC5/I2C_PM.c ****     I2C_DEFAULT_TMOUT_PERIOD,
  33:Generated_Source\PSoC5/I2C_PM.c ****     I2C_DEFAULT_TMOUT_INTR_MASK,
  34:Generated_Source\PSoC5/I2C_PM.c **** #endif /* (I2C_TIMEOUT_ENABLED) */
  35:Generated_Source\PSoC5/I2C_PM.c **** };
  36:Generated_Source\PSoC5/I2C_PM.c **** 
  37:Generated_Source\PSoC5/I2C_PM.c **** #if ((I2C_FF_IMPLEMENTED) && (I2C_WAKEUP_ENABLED))
  38:Generated_Source\PSoC5/I2C_PM.c ****     volatile uint8 I2C_wakeupSource;
  39:Generated_Source\PSoC5/I2C_PM.c **** #endif /* ((I2C_FF_IMPLEMENTED) && (I2C_WAKEUP_ENABLED)) */
  40:Generated_Source\PSoC5/I2C_PM.c **** 
  41:Generated_Source\PSoC5/I2C_PM.c **** 
  42:Generated_Source\PSoC5/I2C_PM.c **** /*******************************************************************************
  43:Generated_Source\PSoC5/I2C_PM.c **** * Function Name: I2C_SaveConfig
  44:Generated_Source\PSoC5/I2C_PM.c **** ********************************************************************************
  45:Generated_Source\PSoC5/I2C_PM.c **** *
  46:Generated_Source\PSoC5/I2C_PM.c **** * Summary:
  47:Generated_Source\PSoC5/I2C_PM.c **** *  The Enable wakeup from Sleep Mode selection influences this function
  48:Generated_Source\PSoC5/I2C_PM.c **** *  implementation:
  49:Generated_Source\PSoC5/I2C_PM.c **** *   Unchecked: Stores the component non-retention configuration registers.
  50:Generated_Source\PSoC5/I2C_PM.c **** *   Checked:   Disables the master, if it was enabled before, and enables
  51:Generated_Source\PSoC5/I2C_PM.c **** *              backup regulator of the I2C hardware. If a transaction intended
  52:Generated_Source\PSoC5/I2C_PM.c **** *              for component executes during this function call, it waits until
  53:Generated_Source\PSoC5/I2C_PM.c **** *              the current transaction is completed and I2C hardware is ready
  54:Generated_Source\PSoC5/I2C_PM.c **** *              to enter sleep mode. All subsequent I2C traffic is NAKed until
  55:Generated_Source\PSoC5/I2C_PM.c **** *              the device is put into sleep mode.
  56:Generated_Source\PSoC5/I2C_PM.c **** *
  57:Generated_Source\PSoC5/I2C_PM.c **** * Parameters:
  58:Generated_Source\PSoC5/I2C_PM.c **** *  None.
  59:Generated_Source\PSoC5/I2C_PM.c **** *
  60:Generated_Source\PSoC5/I2C_PM.c **** * Return:
  61:Generated_Source\PSoC5/I2C_PM.c **** *  None.
  62:Generated_Source\PSoC5/I2C_PM.c **** *
  63:Generated_Source\PSoC5/I2C_PM.c **** * Global Variables:
  64:Generated_Source\PSoC5/I2C_PM.c **** *  I2C_backup - The global variable used to save the component
  65:Generated_Source\PSoC5/I2C_PM.c **** *                            configuration and non-retention registers before
  66:Generated_Source\PSoC5/I2C_PM.c **** *                            entering the sleep mode.
  67:Generated_Source\PSoC5/I2C_PM.c **** *
  68:Generated_Source\PSoC5/I2C_PM.c **** * Reentrant:
  69:Generated_Source\PSoC5/I2C_PM.c **** *  No.
  70:Generated_Source\PSoC5/I2C_PM.c **** *
  71:Generated_Source\PSoC5/I2C_PM.c **** *******************************************************************************/
  72:Generated_Source\PSoC5/I2C_PM.c **** void I2C_SaveConfig(void) 
  73:Generated_Source\PSoC5/I2C_PM.c **** {
  28              		.loc 1 73 0
  29              		.cfi_startproc
  30              		@ args = 0, pretend = 0, frame = 0
  31              		@ frame_needed = 0, uses_anonymous_args = 0
  32              		@ link register save eliminated.
  74:Generated_Source\PSoC5/I2C_PM.c **** #if (I2C_FF_IMPLEMENTED)
  75:Generated_Source\PSoC5/I2C_PM.c ****     #if (I2C_WAKEUP_ENABLED)
  76:Generated_Source\PSoC5/I2C_PM.c ****         uint8 intState;
  77:Generated_Source\PSoC5/I2C_PM.c ****     #endif /* (I2C_WAKEUP_ENABLED) */
  78:Generated_Source\PSoC5/I2C_PM.c **** 
  79:Generated_Source\PSoC5/I2C_PM.c ****     /* Store registers before enter low power mode */
  80:Generated_Source\PSoC5/I2C_PM.c ****     I2C_backup.cfg     = I2C_CFG_REG;
  33              		.loc 1 80 0
  34 0000 084B     		ldr	r3, .L2
ARM GAS  C:\Users\chemi\AppData\Local\Temp\ccQdU0yw.s 			page 3


  35 0002 1A78     		ldrb	r2, [r3]	@ zero_extendqisi2
  36 0004 084B     		ldr	r3, .L2+4
  37 0006 9A70     		strb	r2, [r3, #2]
  81:Generated_Source\PSoC5/I2C_PM.c ****     I2C_backup.xcfg    = I2C_XCFG_REG;
  38              		.loc 1 81 0
  39 0008 084A     		ldr	r2, .L2+8
  40 000a 1278     		ldrb	r2, [r2]	@ zero_extendqisi2
  41 000c 5A70     		strb	r2, [r3, #1]
  82:Generated_Source\PSoC5/I2C_PM.c ****     I2C_backup.addr    = I2C_ADDR_REG;
  42              		.loc 1 82 0
  43 000e 084A     		ldr	r2, .L2+12
  44 0010 1278     		ldrb	r2, [r2]	@ zero_extendqisi2
  45 0012 DA70     		strb	r2, [r3, #3]
  83:Generated_Source\PSoC5/I2C_PM.c ****     I2C_backup.clkDiv1 = I2C_CLKDIV1_REG;
  46              		.loc 1 83 0
  47 0014 074A     		ldr	r2, .L2+16
  48 0016 1278     		ldrb	r2, [r2]	@ zero_extendqisi2
  49 0018 1A71     		strb	r2, [r3, #4]
  84:Generated_Source\PSoC5/I2C_PM.c ****     I2C_backup.clkDiv2 = I2C_CLKDIV2_REG;
  50              		.loc 1 84 0
  51 001a 074A     		ldr	r2, .L2+20
  52 001c 1278     		ldrb	r2, [r2]	@ zero_extendqisi2
  53 001e 5A71     		strb	r2, [r3, #5]
  54 0020 7047     		bx	lr
  55              	.L3:
  56 0022 00BF     		.align	2
  57              	.L2:
  58 0024 D6490040 		.word	1073760726
  59 0028 00000000 		.word	.LANCHOR0
  60 002c C8490040 		.word	1073760712
  61 0030 CA490040 		.word	1073760714
  62 0034 DB490040 		.word	1073760731
  63 0038 DC490040 		.word	1073760732
  64              		.cfi_endproc
  65              	.LFE0:
  66              		.size	I2C_SaveConfig, .-I2C_SaveConfig
  67              		.section	.text.I2C_Sleep,"ax",%progbits
  68              		.align	1
  69              		.global	I2C_Sleep
  70              		.thumb
  71              		.thumb_func
  72              		.type	I2C_Sleep, %function
  73              	I2C_Sleep:
  74              	.LFB1:
  85:Generated_Source\PSoC5/I2C_PM.c **** 
  86:Generated_Source\PSoC5/I2C_PM.c **** #if (I2C_WAKEUP_ENABLED)
  87:Generated_Source\PSoC5/I2C_PM.c ****     /* Disable master */
  88:Generated_Source\PSoC5/I2C_PM.c ****     I2C_CFG_REG &= (uint8) ~I2C_ENABLE_MASTER;
  89:Generated_Source\PSoC5/I2C_PM.c **** 
  90:Generated_Source\PSoC5/I2C_PM.c ****     /* Enable backup regulator to keep block powered in low power mode */
  91:Generated_Source\PSoC5/I2C_PM.c ****     intState = CyEnterCriticalSection();
  92:Generated_Source\PSoC5/I2C_PM.c ****     I2C_PWRSYS_CR1_REG |= I2C_PWRSYS_CR1_I2C_REG_BACKUP;
  93:Generated_Source\PSoC5/I2C_PM.c ****     CyExitCriticalSection(intState);
  94:Generated_Source\PSoC5/I2C_PM.c **** 
  95:Generated_Source\PSoC5/I2C_PM.c ****     /* 1) Set force NACK to ignore I2C transactions;
  96:Generated_Source\PSoC5/I2C_PM.c ****     *  2) Wait unti I2C is ready go to Sleep; !!
  97:Generated_Source\PSoC5/I2C_PM.c ****     *  3) These bits are cleared on wake up.
ARM GAS  C:\Users\chemi\AppData\Local\Temp\ccQdU0yw.s 			page 4


  98:Generated_Source\PSoC5/I2C_PM.c ****     */
  99:Generated_Source\PSoC5/I2C_PM.c ****     /* Wait when block is ready for sleep */
 100:Generated_Source\PSoC5/I2C_PM.c ****     I2C_XCFG_REG |= I2C_XCFG_FORCE_NACK;
 101:Generated_Source\PSoC5/I2C_PM.c ****     while (0u == (I2C_XCFG_REG & I2C_XCFG_RDY_TO_SLEEP))
 102:Generated_Source\PSoC5/I2C_PM.c ****     {
 103:Generated_Source\PSoC5/I2C_PM.c ****     }
 104:Generated_Source\PSoC5/I2C_PM.c **** 
 105:Generated_Source\PSoC5/I2C_PM.c ****     /* Setup wakeup interrupt */
 106:Generated_Source\PSoC5/I2C_PM.c ****     I2C_DisableInt();
 107:Generated_Source\PSoC5/I2C_PM.c ****     (void) CyIntSetVector(I2C_ISR_NUMBER, &I2C_WAKEUP_ISR);
 108:Generated_Source\PSoC5/I2C_PM.c ****     I2C_wakeupSource = 0u;
 109:Generated_Source\PSoC5/I2C_PM.c ****     I2C_EnableInt();
 110:Generated_Source\PSoC5/I2C_PM.c **** #endif /* (I2C_WAKEUP_ENABLED) */
 111:Generated_Source\PSoC5/I2C_PM.c **** 
 112:Generated_Source\PSoC5/I2C_PM.c **** #else
 113:Generated_Source\PSoC5/I2C_PM.c ****     /* Store only address match bit */
 114:Generated_Source\PSoC5/I2C_PM.c ****     I2C_backup.control = (I2C_CFG_REG & I2C_CTRL_ANY_ADDRESS_MASK);
 115:Generated_Source\PSoC5/I2C_PM.c **** #endif /* (I2C_FF_IMPLEMENTED) */
 116:Generated_Source\PSoC5/I2C_PM.c **** 
 117:Generated_Source\PSoC5/I2C_PM.c **** #if (I2C_TIMEOUT_ENABLED)
 118:Generated_Source\PSoC5/I2C_PM.c ****     I2C_TimeoutSaveConfig();
 119:Generated_Source\PSoC5/I2C_PM.c **** #endif /* (I2C_TIMEOUT_ENABLED) */
 120:Generated_Source\PSoC5/I2C_PM.c **** }
 121:Generated_Source\PSoC5/I2C_PM.c **** 
 122:Generated_Source\PSoC5/I2C_PM.c **** 
 123:Generated_Source\PSoC5/I2C_PM.c **** /*******************************************************************************
 124:Generated_Source\PSoC5/I2C_PM.c **** * Function Name: I2C_Sleep
 125:Generated_Source\PSoC5/I2C_PM.c **** ********************************************************************************
 126:Generated_Source\PSoC5/I2C_PM.c **** *
 127:Generated_Source\PSoC5/I2C_PM.c **** * Summary:
 128:Generated_Source\PSoC5/I2C_PM.c **** *  This is the preferred method to prepare the component before device enters
 129:Generated_Source\PSoC5/I2C_PM.c **** *  sleep mode. The Enable wakeup from Sleep Mode selection influences this
 130:Generated_Source\PSoC5/I2C_PM.c **** *  function implementation:
 131:Generated_Source\PSoC5/I2C_PM.c **** *   Unchecked: Checks current I2C component state, saves it, and disables the
 132:Generated_Source\PSoC5/I2C_PM.c **** *              component by calling I2C_Stop() if it is currently enabled.
 133:Generated_Source\PSoC5/I2C_PM.c **** *              I2C_SaveConfig() is then called to save the component
 134:Generated_Source\PSoC5/I2C_PM.c **** *              non-retention configuration registers.
 135:Generated_Source\PSoC5/I2C_PM.c **** *   Checked:   If a transaction intended for component executes during this
 136:Generated_Source\PSoC5/I2C_PM.c **** *              function call, it waits until the current transaction is
 137:Generated_Source\PSoC5/I2C_PM.c **** *              completed. All subsequent I2C traffic intended for component
 138:Generated_Source\PSoC5/I2C_PM.c **** *              is NAKed until the device is put to sleep mode. The address
 139:Generated_Source\PSoC5/I2C_PM.c **** *              match event wakes up the device.
 140:Generated_Source\PSoC5/I2C_PM.c **** *
 141:Generated_Source\PSoC5/I2C_PM.c **** * Parameters:
 142:Generated_Source\PSoC5/I2C_PM.c **** *  None.
 143:Generated_Source\PSoC5/I2C_PM.c **** *
 144:Generated_Source\PSoC5/I2C_PM.c **** * Return:
 145:Generated_Source\PSoC5/I2C_PM.c **** *  None.
 146:Generated_Source\PSoC5/I2C_PM.c **** *
 147:Generated_Source\PSoC5/I2C_PM.c **** * Reentrant:
 148:Generated_Source\PSoC5/I2C_PM.c **** *  No.
 149:Generated_Source\PSoC5/I2C_PM.c **** *
 150:Generated_Source\PSoC5/I2C_PM.c **** *******************************************************************************/
 151:Generated_Source\PSoC5/I2C_PM.c **** void I2C_Sleep(void) 
 152:Generated_Source\PSoC5/I2C_PM.c **** {
  75              		.loc 1 152 0
  76              		.cfi_startproc
ARM GAS  C:\Users\chemi\AppData\Local\Temp\ccQdU0yw.s 			page 5


  77              		@ args = 0, pretend = 0, frame = 0
  78              		@ frame_needed = 0, uses_anonymous_args = 0
  79 0000 08B5     		push	{r3, lr}
  80              		.cfi_def_cfa_offset 8
  81              		.cfi_offset 3, -8
  82              		.cfi_offset 14, -4
 153:Generated_Source\PSoC5/I2C_PM.c **** #if (I2C_WAKEUP_ENABLED)
 154:Generated_Source\PSoC5/I2C_PM.c ****     /* Do not enable block after exit low power mode if it is wakeup source */
 155:Generated_Source\PSoC5/I2C_PM.c ****     I2C_backup.enableState = I2C_DISABLE;
 156:Generated_Source\PSoC5/I2C_PM.c **** 
 157:Generated_Source\PSoC5/I2C_PM.c ****     #if (I2C_TIMEOUT_ENABLED)
 158:Generated_Source\PSoC5/I2C_PM.c ****         I2C_TimeoutStop();
 159:Generated_Source\PSoC5/I2C_PM.c ****     #endif /* (I2C_TIMEOUT_ENABLED) */
 160:Generated_Source\PSoC5/I2C_PM.c **** 
 161:Generated_Source\PSoC5/I2C_PM.c **** #else
 162:Generated_Source\PSoC5/I2C_PM.c ****     /* Store enable state */
 163:Generated_Source\PSoC5/I2C_PM.c ****     I2C_backup.enableState = (uint8) I2C_IS_ENABLED;
  83              		.loc 1 163 0
  84 0002 084B     		ldr	r3, .L10
  85 0004 1B78     		ldrb	r3, [r3]	@ zero_extendqisi2
  86 0006 03F00403 		and	r3, r3, #4
  87 000a 002B     		cmp	r3, #0
  88 000c 064B     		ldr	r3, .L10+4
  89 000e 14BF     		ite	ne
  90 0010 0122     		movne	r2, #1
  91 0012 0022     		moveq	r2, #0
  92 0014 1A70     		strb	r2, [r3]
 164:Generated_Source\PSoC5/I2C_PM.c **** 
 165:Generated_Source\PSoC5/I2C_PM.c ****     if (0u != I2C_backup.enableState)
  93              		.loc 1 165 0
  94 0016 01D0     		beq	.L5
 166:Generated_Source\PSoC5/I2C_PM.c ****     {
 167:Generated_Source\PSoC5/I2C_PM.c ****         I2C_Stop();
  95              		.loc 1 167 0
  96 0018 FFF7FEFF 		bl	I2C_Stop
  97              	.LVL0:
  98              	.L5:
 168:Generated_Source\PSoC5/I2C_PM.c ****     }
 169:Generated_Source\PSoC5/I2C_PM.c **** #endif /* (I2C_WAKEUP_ENABLED) */
 170:Generated_Source\PSoC5/I2C_PM.c **** 
 171:Generated_Source\PSoC5/I2C_PM.c ****     I2C_SaveConfig();
 172:Generated_Source\PSoC5/I2C_PM.c **** }
  99              		.loc 1 172 0
 100 001c BDE80840 		pop	{r3, lr}
 101              		.cfi_restore 14
 102              		.cfi_restore 3
 103              		.cfi_def_cfa_offset 0
 171:Generated_Source\PSoC5/I2C_PM.c **** }
 104              		.loc 1 171 0
 105 0020 FFF7FEBF 		b	I2C_SaveConfig
 106              	.LVL1:
 107              	.L11:
 108              		.align	2
 109              	.L10:
 110 0024 A5430040 		.word	1073759141
 111 0028 00000000 		.word	.LANCHOR0
 112              		.cfi_endproc
ARM GAS  C:\Users\chemi\AppData\Local\Temp\ccQdU0yw.s 			page 6


 113              	.LFE1:
 114              		.size	I2C_Sleep, .-I2C_Sleep
 115              		.section	.text.I2C_RestoreConfig,"ax",%progbits
 116              		.align	1
 117              		.global	I2C_RestoreConfig
 118              		.thumb
 119              		.thumb_func
 120              		.type	I2C_RestoreConfig, %function
 121              	I2C_RestoreConfig:
 122              	.LFB2:
 173:Generated_Source\PSoC5/I2C_PM.c **** 
 174:Generated_Source\PSoC5/I2C_PM.c **** 
 175:Generated_Source\PSoC5/I2C_PM.c **** /*******************************************************************************
 176:Generated_Source\PSoC5/I2C_PM.c **** * Function Name: I2C_RestoreConfig
 177:Generated_Source\PSoC5/I2C_PM.c **** ********************************************************************************
 178:Generated_Source\PSoC5/I2C_PM.c **** *
 179:Generated_Source\PSoC5/I2C_PM.c **** * Summary:
 180:Generated_Source\PSoC5/I2C_PM.c **** *  The Enable wakeup from Sleep Mode selection influences this function
 181:Generated_Source\PSoC5/I2C_PM.c **** *  implementation:
 182:Generated_Source\PSoC5/I2C_PM.c **** *   Unchecked: Restores the component non-retention configuration registers
 183:Generated_Source\PSoC5/I2C_PM.c **** *              to the state they were in before I2C_Sleep() or I2C_SaveConfig()
 184:Generated_Source\PSoC5/I2C_PM.c **** *              was called.
 185:Generated_Source\PSoC5/I2C_PM.c **** *   Checked:   Disables the backup regulator of the I2C hardware. Sets up the
 186:Generated_Source\PSoC5/I2C_PM.c **** *              regular component interrupt handler and generates the component
 187:Generated_Source\PSoC5/I2C_PM.c **** *              interrupt if it was wake up source to release the bus and
 188:Generated_Source\PSoC5/I2C_PM.c **** *              continue in-coming I2C transaction.
 189:Generated_Source\PSoC5/I2C_PM.c **** *
 190:Generated_Source\PSoC5/I2C_PM.c **** * Parameters:
 191:Generated_Source\PSoC5/I2C_PM.c **** *  None.
 192:Generated_Source\PSoC5/I2C_PM.c **** *
 193:Generated_Source\PSoC5/I2C_PM.c **** * Return:
 194:Generated_Source\PSoC5/I2C_PM.c **** *  None.
 195:Generated_Source\PSoC5/I2C_PM.c **** *
 196:Generated_Source\PSoC5/I2C_PM.c **** * Global Variables:
 197:Generated_Source\PSoC5/I2C_PM.c **** *  I2C_backup - The global variable used to save the component
 198:Generated_Source\PSoC5/I2C_PM.c **** *                            configuration and non-retention registers before
 199:Generated_Source\PSoC5/I2C_PM.c **** *                            exiting the sleep mode.
 200:Generated_Source\PSoC5/I2C_PM.c **** *
 201:Generated_Source\PSoC5/I2C_PM.c **** * Reentrant:
 202:Generated_Source\PSoC5/I2C_PM.c **** *  No.
 203:Generated_Source\PSoC5/I2C_PM.c **** *
 204:Generated_Source\PSoC5/I2C_PM.c **** * Side Effects:
 205:Generated_Source\PSoC5/I2C_PM.c **** *  Calling this function before I2C_SaveConfig() or
 206:Generated_Source\PSoC5/I2C_PM.c **** *  I2C_Sleep() will lead to unpredictable results.
 207:Generated_Source\PSoC5/I2C_PM.c **** *
 208:Generated_Source\PSoC5/I2C_PM.c **** *******************************************************************************/
 209:Generated_Source\PSoC5/I2C_PM.c **** void I2C_RestoreConfig(void) 
 210:Generated_Source\PSoC5/I2C_PM.c **** {
 123              		.loc 1 210 0
 124              		.cfi_startproc
 125              		@ args = 0, pretend = 0, frame = 0
 126              		@ frame_needed = 0, uses_anonymous_args = 0
 127 0000 70B5     		push	{r4, r5, r6, lr}
 128              		.cfi_def_cfa_offset 16
 129              		.cfi_offset 4, -16
 130              		.cfi_offset 5, -12
 131              		.cfi_offset 6, -8
ARM GAS  C:\Users\chemi\AppData\Local\Temp\ccQdU0yw.s 			page 7


 132              		.cfi_offset 14, -4
 211:Generated_Source\PSoC5/I2C_PM.c **** #if (I2C_FF_IMPLEMENTED)
 212:Generated_Source\PSoC5/I2C_PM.c ****     uint8 intState;
 213:Generated_Source\PSoC5/I2C_PM.c **** 
 214:Generated_Source\PSoC5/I2C_PM.c ****     if (I2C_CHECK_PWRSYS_I2C_BACKUP)
 133              		.loc 1 214 0
 134 0002 0F4D     		ldr	r5, .L15
 135 0004 0F4C     		ldr	r4, .L15+4
 136 0006 2B78     		ldrb	r3, [r5]	@ zero_extendqisi2
 137 0008 0F4E     		ldr	r6, .L15+8
 138 000a 13F0040F 		tst	r3, #4
 139 000e 0AD0     		beq	.L13
 140              	.LBB4:
 141              	.LBB5:
 215:Generated_Source\PSoC5/I2C_PM.c ****     /* Low power mode was Sleep - backup regulator is enabled */
 216:Generated_Source\PSoC5/I2C_PM.c ****     {
 217:Generated_Source\PSoC5/I2C_PM.c ****         /* Enable backup regulator in active mode */
 218:Generated_Source\PSoC5/I2C_PM.c ****         intState = CyEnterCriticalSection();
 142              		.loc 1 218 0
 143 0010 FFF7FEFF 		bl	CyEnterCriticalSection
 144              	.LVL2:
 219:Generated_Source\PSoC5/I2C_PM.c ****         I2C_PWRSYS_CR1_REG &= (uint8) ~I2C_PWRSYS_CR1_I2C_REG_BACKUP;
 145              		.loc 1 219 0
 146 0014 2B78     		ldrb	r3, [r5]	@ zero_extendqisi2
 147 0016 03F0FB03 		and	r3, r3, #251
 148 001a 2B70     		strb	r3, [r5]
 220:Generated_Source\PSoC5/I2C_PM.c ****         CyExitCriticalSection(intState);
 149              		.loc 1 220 0
 150 001c FFF7FEFF 		bl	CyExitCriticalSection
 151              	.LVL3:
 221:Generated_Source\PSoC5/I2C_PM.c **** 
 222:Generated_Source\PSoC5/I2C_PM.c ****         /* Restore master */
 223:Generated_Source\PSoC5/I2C_PM.c ****         I2C_CFG_REG = I2C_backup.cfg;
 152              		.loc 1 223 0
 153 0020 A378     		ldrb	r3, [r4, #2]	@ zero_extendqisi2
 154 0022 3370     		strb	r3, [r6]
 155 0024 70BD     		pop	{r4, r5, r6, pc}
 156              	.L13:
 157              	.LBE5:
 158              	.LBE4:
 224:Generated_Source\PSoC5/I2C_PM.c ****     }
 225:Generated_Source\PSoC5/I2C_PM.c ****     else
 226:Generated_Source\PSoC5/I2C_PM.c ****     /* Low power mode was Hibernate - backup regulator is disabled. All registers are cleared */
 227:Generated_Source\PSoC5/I2C_PM.c ****     {
 228:Generated_Source\PSoC5/I2C_PM.c ****     #if (I2C_WAKEUP_ENABLED)
 229:Generated_Source\PSoC5/I2C_PM.c ****         /* Disable power to block before register restore */
 230:Generated_Source\PSoC5/I2C_PM.c ****         intState = CyEnterCriticalSection();
 231:Generated_Source\PSoC5/I2C_PM.c ****         I2C_ACT_PWRMGR_REG  &= (uint8) ~I2C_ACT_PWR_EN;
 232:Generated_Source\PSoC5/I2C_PM.c ****         I2C_STBY_PWRMGR_REG &= (uint8) ~I2C_STBY_PWR_EN;
 233:Generated_Source\PSoC5/I2C_PM.c ****         CyExitCriticalSection(intState);
 234:Generated_Source\PSoC5/I2C_PM.c **** 
 235:Generated_Source\PSoC5/I2C_PM.c ****         /* Enable component in I2C_Wakeup() after register restore */
 236:Generated_Source\PSoC5/I2C_PM.c ****         I2C_backup.enableState = I2C_ENABLE;
 237:Generated_Source\PSoC5/I2C_PM.c ****     #endif /* (I2C_WAKEUP_ENABLED) */
 238:Generated_Source\PSoC5/I2C_PM.c **** 
 239:Generated_Source\PSoC5/I2C_PM.c ****         /* Restore component registers after Hibernate */
 240:Generated_Source\PSoC5/I2C_PM.c ****         I2C_XCFG_REG    = I2C_backup.xcfg;
ARM GAS  C:\Users\chemi\AppData\Local\Temp\ccQdU0yw.s 			page 8


 159              		.loc 1 240 0
 160 0026 6278     		ldrb	r2, [r4, #1]	@ zero_extendqisi2
 161 0028 084B     		ldr	r3, .L15+12
 162 002a 1A70     		strb	r2, [r3]
 241:Generated_Source\PSoC5/I2C_PM.c ****         I2C_CFG_REG     = I2C_backup.cfg;
 163              		.loc 1 241 0
 164 002c A378     		ldrb	r3, [r4, #2]	@ zero_extendqisi2
 165 002e 3370     		strb	r3, [r6]
 242:Generated_Source\PSoC5/I2C_PM.c ****         I2C_ADDR_REG    = I2C_backup.addr;
 166              		.loc 1 242 0
 167 0030 E278     		ldrb	r2, [r4, #3]	@ zero_extendqisi2
 168 0032 074B     		ldr	r3, .L15+16
 169 0034 1A70     		strb	r2, [r3]
 243:Generated_Source\PSoC5/I2C_PM.c ****         I2C_CLKDIV1_REG = I2C_backup.clkDiv1;
 170              		.loc 1 243 0
 171 0036 2279     		ldrb	r2, [r4, #4]	@ zero_extendqisi2
 172 0038 5A74     		strb	r2, [r3, #17]
 244:Generated_Source\PSoC5/I2C_PM.c ****         I2C_CLKDIV2_REG = I2C_backup.clkDiv2;
 173              		.loc 1 244 0
 174 003a 6279     		ldrb	r2, [r4, #5]	@ zero_extendqisi2
 175 003c 9A74     		strb	r2, [r3, #18]
 176 003e 70BD     		pop	{r4, r5, r6, pc}
 177              	.L16:
 178              		.align	2
 179              	.L15:
 180 0040 31430040 		.word	1073759025
 181 0044 00000000 		.word	.LANCHOR0
 182 0048 D6490040 		.word	1073760726
 183 004c C8490040 		.word	1073760712
 184 0050 CA490040 		.word	1073760714
 185              		.cfi_endproc
 186              	.LFE2:
 187              		.size	I2C_RestoreConfig, .-I2C_RestoreConfig
 188              		.section	.text.I2C_Wakeup,"ax",%progbits
 189              		.align	1
 190              		.global	I2C_Wakeup
 191              		.thumb
 192              		.thumb_func
 193              		.type	I2C_Wakeup, %function
 194              	I2C_Wakeup:
 195              	.LFB3:
 245:Generated_Source\PSoC5/I2C_PM.c ****     }
 246:Generated_Source\PSoC5/I2C_PM.c **** 
 247:Generated_Source\PSoC5/I2C_PM.c **** #if (I2C_WAKEUP_ENABLED)
 248:Generated_Source\PSoC5/I2C_PM.c ****     I2C_DisableInt();
 249:Generated_Source\PSoC5/I2C_PM.c ****     (void) CyIntSetVector(I2C_ISR_NUMBER, &I2C_ISR);
 250:Generated_Source\PSoC5/I2C_PM.c ****     if (0u != I2C_wakeupSource)
 251:Generated_Source\PSoC5/I2C_PM.c ****     {
 252:Generated_Source\PSoC5/I2C_PM.c ****         /* Generate interrupt to process incoming transaction */
 253:Generated_Source\PSoC5/I2C_PM.c ****         I2C_SetPendingInt();
 254:Generated_Source\PSoC5/I2C_PM.c ****     }
 255:Generated_Source\PSoC5/I2C_PM.c ****     I2C_EnableInt();
 256:Generated_Source\PSoC5/I2C_PM.c **** #endif /* (I2C_WAKEUP_ENABLED) */
 257:Generated_Source\PSoC5/I2C_PM.c **** 
 258:Generated_Source\PSoC5/I2C_PM.c **** #else
 259:Generated_Source\PSoC5/I2C_PM.c ****     I2C_CFG_REG = I2C_backup.control;
 260:Generated_Source\PSoC5/I2C_PM.c **** #endif /* (I2C_FF_IMPLEMENTED) */
ARM GAS  C:\Users\chemi\AppData\Local\Temp\ccQdU0yw.s 			page 9


 261:Generated_Source\PSoC5/I2C_PM.c **** 
 262:Generated_Source\PSoC5/I2C_PM.c **** #if (I2C_TIMEOUT_ENABLED)
 263:Generated_Source\PSoC5/I2C_PM.c ****     I2C_TimeoutRestoreConfig();
 264:Generated_Source\PSoC5/I2C_PM.c **** #endif /* (I2C_TIMEOUT_ENABLED) */
 265:Generated_Source\PSoC5/I2C_PM.c **** }
 266:Generated_Source\PSoC5/I2C_PM.c **** 
 267:Generated_Source\PSoC5/I2C_PM.c **** 
 268:Generated_Source\PSoC5/I2C_PM.c **** /*******************************************************************************
 269:Generated_Source\PSoC5/I2C_PM.c **** * Function Name: I2C_Wakeup
 270:Generated_Source\PSoC5/I2C_PM.c **** ********************************************************************************
 271:Generated_Source\PSoC5/I2C_PM.c **** *
 272:Generated_Source\PSoC5/I2C_PM.c **** * Summary:
 273:Generated_Source\PSoC5/I2C_PM.c **** *  This is the preferred method to prepare the component for active mode
 274:Generated_Source\PSoC5/I2C_PM.c **** *  operation (when device exits sleep mode). The Enable wakeup from Sleep Mode
 275:Generated_Source\PSoC5/I2C_PM.c **** *  selection influences this function implementation:
 276:Generated_Source\PSoC5/I2C_PM.c **** *   Unchecked: Restores the component non-retention configuration registers
 277:Generated_Source\PSoC5/I2C_PM.c **** *              by calling I2C_RestoreConfig(). If the component was enabled
 278:Generated_Source\PSoC5/I2C_PM.c **** *              before the I2C_Sleep() function was called, I2C_Wakeup()
 279:Generated_Source\PSoC5/I2C_PM.c **** *              re-enables it.
 280:Generated_Source\PSoC5/I2C_PM.c **** *   Checked:   Enables  master functionality if it was enabled before sleep,
 281:Generated_Source\PSoC5/I2C_PM.c **** *              and disables the backup regulator of the I2C hardware.
 282:Generated_Source\PSoC5/I2C_PM.c **** *              The incoming transaction continues as soon as the regular
 283:Generated_Source\PSoC5/I2C_PM.c **** *              I2C interrupt handler is set up (global interrupts has to be
 284:Generated_Source\PSoC5/I2C_PM.c **** *              enabled to service I2C component interrupt).
 285:Generated_Source\PSoC5/I2C_PM.c **** *
 286:Generated_Source\PSoC5/I2C_PM.c **** * Parameters:
 287:Generated_Source\PSoC5/I2C_PM.c **** *  None.
 288:Generated_Source\PSoC5/I2C_PM.c **** *
 289:Generated_Source\PSoC5/I2C_PM.c **** * Return:
 290:Generated_Source\PSoC5/I2C_PM.c **** *  None.
 291:Generated_Source\PSoC5/I2C_PM.c **** *
 292:Generated_Source\PSoC5/I2C_PM.c **** * Reentrant:
 293:Generated_Source\PSoC5/I2C_PM.c **** *  No.
 294:Generated_Source\PSoC5/I2C_PM.c **** *
 295:Generated_Source\PSoC5/I2C_PM.c **** * Side Effects:
 296:Generated_Source\PSoC5/I2C_PM.c **** *  Calling this function before I2C_SaveConfig() or
 297:Generated_Source\PSoC5/I2C_PM.c **** *  I2C_Sleep() will lead to unpredictable results.
 298:Generated_Source\PSoC5/I2C_PM.c **** *
 299:Generated_Source\PSoC5/I2C_PM.c **** *******************************************************************************/
 300:Generated_Source\PSoC5/I2C_PM.c **** void I2C_Wakeup(void) 
 301:Generated_Source\PSoC5/I2C_PM.c **** {
 196              		.loc 1 301 0
 197              		.cfi_startproc
 198              		@ args = 0, pretend = 0, frame = 0
 199              		@ frame_needed = 0, uses_anonymous_args = 0
 200 0000 08B5     		push	{r3, lr}
 201              		.cfi_def_cfa_offset 8
 202              		.cfi_offset 3, -8
 203              		.cfi_offset 14, -4
 302:Generated_Source\PSoC5/I2C_PM.c ****     I2C_RestoreConfig();
 204              		.loc 1 302 0
 205 0002 FFF7FEFF 		bl	I2C_RestoreConfig
 206              	.LVL4:
 303:Generated_Source\PSoC5/I2C_PM.c **** 
 304:Generated_Source\PSoC5/I2C_PM.c ****     /* Restore component enable state */
 305:Generated_Source\PSoC5/I2C_PM.c ****     if (0u != I2C_backup.enableState)
 207              		.loc 1 305 0
ARM GAS  C:\Users\chemi\AppData\Local\Temp\ccQdU0yw.s 			page 10


 208 0006 054B     		ldr	r3, .L22
 209 0008 1B78     		ldrb	r3, [r3]	@ zero_extendqisi2
 210 000a 2BB1     		cbz	r3, .L17
 306:Generated_Source\PSoC5/I2C_PM.c ****     {
 307:Generated_Source\PSoC5/I2C_PM.c ****         I2C_Enable();
 211              		.loc 1 307 0
 212 000c FFF7FEFF 		bl	I2C_Enable
 213              	.LVL5:
 308:Generated_Source\PSoC5/I2C_PM.c ****         I2C_EnableInt();
 214              		.loc 1 308 0
 215 0010 034B     		ldr	r3, .L22+4
 216 0012 4FF40042 		mov	r2, #32768
 217 0016 1A60     		str	r2, [r3]
 218              	.L17:
 219 0018 08BD     		pop	{r3, pc}
 220              	.L23:
 221 001a 00BF     		.align	2
 222              	.L22:
 223 001c 00000000 		.word	.LANCHOR0
 224 0020 00E100E0 		.word	-536813312
 225              		.cfi_endproc
 226              	.LFE3:
 227              		.size	I2C_Wakeup, .-I2C_Wakeup
 228              		.global	I2C_backup
 229              		.data
 230              		.set	.LANCHOR0,. + 0
 231              		.type	I2C_backup, %object
 232              		.size	I2C_backup, 6
 233              	I2C_backup:
 234 0000 00       		.byte	0
 235 0001 81       		.byte	-127
 236 0002 02       		.byte	2
 237 0003 08       		.byte	8
 238 0004 0A       		.byte	10
 239 0005 00       		.byte	0
 240              		.text
 241              	.Letext0:
 242              		.file 2 "Generated_Source\\PSoC5\\cytypes.h"
 243              		.file 3 "Generated_Source\\PSoC5\\I2C.h"
 244              		.file 4 "Generated_Source\\PSoC5\\CyLib.h"
 245              		.section	.debug_info,"",%progbits
 246              	.Ldebug_info0:
 247 0000 1B020000 		.4byte	0x21b
 248 0004 0400     		.2byte	0x4
 249 0006 00000000 		.4byte	.Ldebug_abbrev0
 250 000a 04       		.byte	0x4
 251 000b 01       		.uleb128 0x1
 252 000c 7F000000 		.4byte	.LASF30
 253 0010 0C       		.byte	0xc
 254 0011 3F020000 		.4byte	.LASF31
 255 0015 D3010000 		.4byte	.LASF32
 256 0019 00000000 		.4byte	.Ldebug_ranges0+0
 257 001d 00000000 		.4byte	0
 258 0021 00000000 		.4byte	.Ldebug_line0
 259 0025 02       		.uleb128 0x2
 260 0026 01       		.byte	0x1
 261 0027 06       		.byte	0x6
ARM GAS  C:\Users\chemi\AppData\Local\Temp\ccQdU0yw.s 			page 11


 262 0028 21020000 		.4byte	.LASF0
 263 002c 02       		.uleb128 0x2
 264 002d 01       		.byte	0x1
 265 002e 08       		.byte	0x8
 266 002f 5A000000 		.4byte	.LASF1
 267 0033 02       		.uleb128 0x2
 268 0034 02       		.byte	0x2
 269 0035 05       		.byte	0x5
 270 0036 C3010000 		.4byte	.LASF2
 271 003a 02       		.uleb128 0x2
 272 003b 02       		.byte	0x2
 273 003c 07       		.byte	0x7
 274 003d 1B000000 		.4byte	.LASF3
 275 0041 02       		.uleb128 0x2
 276 0042 04       		.byte	0x4
 277 0043 05       		.byte	0x5
 278 0044 F8010000 		.4byte	.LASF4
 279 0048 02       		.uleb128 0x2
 280 0049 04       		.byte	0x4
 281 004a 07       		.byte	0x7
 282 004b 6D000000 		.4byte	.LASF5
 283 004f 02       		.uleb128 0x2
 284 0050 08       		.byte	0x8
 285 0051 05       		.byte	0x5
 286 0052 99010000 		.4byte	.LASF6
 287 0056 02       		.uleb128 0x2
 288 0057 08       		.byte	0x8
 289 0058 07       		.byte	0x7
 290 0059 43000000 		.4byte	.LASF7
 291 005d 03       		.uleb128 0x3
 292 005e 04       		.byte	0x4
 293 005f 05       		.byte	0x5
 294 0060 696E7400 		.ascii	"int\000"
 295 0064 02       		.uleb128 0x2
 296 0065 04       		.byte	0x4
 297 0066 07       		.byte	0x7
 298 0067 46010000 		.4byte	.LASF8
 299 006b 04       		.uleb128 0x4
 300 006c CD010000 		.4byte	.LASF9
 301 0070 02       		.byte	0x2
 302 0071 9201     		.2byte	0x192
 303 0073 2C000000 		.4byte	0x2c
 304 0077 04       		.uleb128 0x4
 305 0078 2F010000 		.4byte	.LASF10
 306 007c 02       		.byte	0x2
 307 007d 9301     		.2byte	0x193
 308 007f 3A000000 		.4byte	0x3a
 309 0083 04       		.uleb128 0x4
 310 0084 36010000 		.4byte	.LASF11
 311 0088 02       		.byte	0x2
 312 0089 9401     		.2byte	0x194
 313 008b 48000000 		.4byte	0x48
 314 008f 02       		.uleb128 0x2
 315 0090 04       		.byte	0x4
 316 0091 04       		.byte	0x4
 317 0092 3D000000 		.4byte	.LASF12
 318 0096 02       		.uleb128 0x2
ARM GAS  C:\Users\chemi\AppData\Local\Temp\ccQdU0yw.s 			page 12


 319 0097 08       		.byte	0x8
 320 0098 04       		.byte	0x4
 321 0099 28010000 		.4byte	.LASF13
 322 009d 02       		.uleb128 0x2
 323 009e 01       		.byte	0x1
 324 009f 08       		.byte	0x8
 325 00a0 A7010000 		.4byte	.LASF14
 326 00a4 04       		.uleb128 0x4
 327 00a5 68000000 		.4byte	.LASF15
 328 00a9 02       		.byte	0x2
 329 00aa 3C02     		.2byte	0x23c
 330 00ac B0000000 		.4byte	0xb0
 331 00b0 05       		.uleb128 0x5
 332 00b1 6B000000 		.4byte	0x6b
 333 00b5 04       		.uleb128 0x4
 334 00b6 15000000 		.4byte	.LASF16
 335 00ba 02       		.byte	0x2
 336 00bb 3E02     		.2byte	0x23e
 337 00bd C1000000 		.4byte	0xc1
 338 00c1 05       		.uleb128 0x5
 339 00c2 83000000 		.4byte	0x83
 340 00c6 02       		.uleb128 0x2
 341 00c7 04       		.byte	0x4
 342 00c8 07       		.byte	0x7
 343 00c9 90010000 		.4byte	.LASF17
 344 00cd 06       		.uleb128 0x6
 345 00ce 06       		.byte	0x6
 346 00cf 03       		.byte	0x3
 347 00d0 76       		.byte	0x76
 348 00d1 1E010000 		.4byte	0x11e
 349 00d5 07       		.uleb128 0x7
 350 00d6 01020000 		.4byte	.LASF18
 351 00da 03       		.byte	0x3
 352 00db 78       		.byte	0x78
 353 00dc 6B000000 		.4byte	0x6b
 354 00e0 00       		.byte	0
 355 00e1 07       		.uleb128 0x7
 356 00e2 AC010000 		.4byte	.LASF19
 357 00e6 03       		.byte	0x3
 358 00e7 7B       		.byte	0x7b
 359 00e8 6B000000 		.4byte	0x6b
 360 00ec 01       		.byte	0x1
 361 00ed 08       		.uleb128 0x8
 362 00ee 63666700 		.ascii	"cfg\000"
 363 00f2 03       		.byte	0x3
 364 00f3 7C       		.byte	0x7c
 365 00f4 6B000000 		.4byte	0x6b
 366 00f8 02       		.byte	0x2
 367 00f9 07       		.uleb128 0x7
 368 00fa 18010000 		.4byte	.LASF20
 369 00fe 03       		.byte	0x3
 370 00ff 7D       		.byte	0x7d
 371 0100 6B000000 		.4byte	0x6b
 372 0104 03       		.byte	0x3
 373 0105 07       		.uleb128 0x7
 374 0106 69010000 		.4byte	.LASF21
 375 010a 03       		.byte	0x3
ARM GAS  C:\Users\chemi\AppData\Local\Temp\ccQdU0yw.s 			page 13


 376 010b 7E       		.byte	0x7e
 377 010c 6B000000 		.4byte	0x6b
 378 0110 04       		.byte	0x4
 379 0111 07       		.uleb128 0x7
 380 0112 71010000 		.4byte	.LASF22
 381 0116 03       		.byte	0x3
 382 0117 7F       		.byte	0x7f
 383 0118 6B000000 		.4byte	0x6b
 384 011c 05       		.byte	0x5
 385 011d 00       		.byte	0
 386 011e 09       		.uleb128 0x9
 387 011f B1010000 		.4byte	.LASF23
 388 0123 03       		.byte	0x3
 389 0124 89       		.byte	0x89
 390 0125 CD000000 		.4byte	0xcd
 391 0129 0A       		.uleb128 0xa
 392 012a 2D020000 		.4byte	.LASF33
 393 012e 01       		.byte	0x1
 394 012f D1       		.byte	0xd1
 395 0130 01       		.byte	0x1
 396 0131 41010000 		.4byte	0x141
 397 0135 0B       		.uleb128 0xb
 398 0136 3D010000 		.4byte	.LASF34
 399 013a 01       		.byte	0x1
 400 013b D4       		.byte	0xd4
 401 013c 6B000000 		.4byte	0x6b
 402 0140 00       		.byte	0
 403 0141 0C       		.uleb128 0xc
 404 0142 2E000000 		.4byte	.LASF35
 405 0146 01       		.byte	0x1
 406 0147 48       		.byte	0x48
 407 0148 00000000 		.4byte	.LFB0
 408 014c 3C000000 		.4byte	.LFE0-.LFB0
 409 0150 01       		.uleb128 0x1
 410 0151 9C       		.byte	0x9c
 411 0152 0D       		.uleb128 0xd
 412 0153 0B000000 		.4byte	.LASF24
 413 0157 01       		.byte	0x1
 414 0158 97       		.byte	0x97
 415 0159 00000000 		.4byte	.LFB1
 416 015d 2C000000 		.4byte	.LFE1-.LFB1
 417 0161 01       		.uleb128 0x1
 418 0162 9C       		.byte	0x9c
 419 0163 7A010000 		.4byte	0x17a
 420 0167 0E       		.uleb128 0xe
 421 0168 1C000000 		.4byte	.LVL0
 422 016c F2010000 		.4byte	0x1f2
 423 0170 0F       		.uleb128 0xf
 424 0171 24000000 		.4byte	.LVL1
 425 0175 41010000 		.4byte	0x141
 426 0179 00       		.byte	0
 427 017a 10       		.uleb128 0x10
 428 017b 29010000 		.4byte	0x129
 429 017f 00000000 		.4byte	.LFB2
 430 0183 54000000 		.4byte	.LFE2-.LFB2
 431 0187 01       		.uleb128 0x1
 432 0188 9C       		.byte	0x9c
ARM GAS  C:\Users\chemi\AppData\Local\Temp\ccQdU0yw.s 			page 14


 433 0189 B8010000 		.4byte	0x1b8
 434 018d 11       		.uleb128 0x11
 435 018e 35010000 		.4byte	0x135
 436 0192 12       		.uleb128 0x12
 437 0193 10000000 		.4byte	.LBB5
 438 0197 16000000 		.4byte	.LBE5-.LBB5
 439 019b 13       		.uleb128 0x13
 440 019c 35010000 		.4byte	0x135
 441 01a0 00000000 		.4byte	.LLST0
 442 01a4 0E       		.uleb128 0xe
 443 01a5 14000000 		.4byte	.LVL2
 444 01a9 FD010000 		.4byte	0x1fd
 445 01ad 0E       		.uleb128 0xe
 446 01ae 20000000 		.4byte	.LVL3
 447 01b2 08020000 		.4byte	0x208
 448 01b6 00       		.byte	0
 449 01b7 00       		.byte	0
 450 01b8 14       		.uleb128 0x14
 451 01b9 00000000 		.4byte	.LASF25
 452 01bd 01       		.byte	0x1
 453 01be 2C01     		.2byte	0x12c
 454 01c0 00000000 		.4byte	.LFB3
 455 01c4 24000000 		.4byte	.LFE3-.LFB3
 456 01c8 01       		.uleb128 0x1
 457 01c9 9C       		.byte	0x9c
 458 01ca E1010000 		.4byte	0x1e1
 459 01ce 0E       		.uleb128 0xe
 460 01cf 06000000 		.4byte	.LVL4
 461 01d3 29010000 		.4byte	0x129
 462 01d7 0E       		.uleb128 0xe
 463 01d8 10000000 		.4byte	.LVL5
 464 01dc 13020000 		.4byte	0x213
 465 01e0 00       		.byte	0
 466 01e1 15       		.uleb128 0x15
 467 01e2 0D020000 		.4byte	.LASF36
 468 01e6 01       		.byte	0x1
 469 01e7 11       		.byte	0x11
 470 01e8 1E010000 		.4byte	0x11e
 471 01ec 05       		.uleb128 0x5
 472 01ed 03       		.byte	0x3
 473 01ee 00000000 		.4byte	I2C_backup
 474 01f2 16       		.uleb128 0x16
 475 01f3 18020000 		.4byte	.LASF26
 476 01f7 18020000 		.4byte	.LASF26
 477 01fb 03       		.byte	0x3
 478 01fc 94       		.byte	0x94
 479 01fd 16       		.uleb128 0x16
 480 01fe 79010000 		.4byte	.LASF27
 481 0202 79010000 		.4byte	.LASF27
 482 0206 04       		.byte	0x4
 483 0207 7D       		.byte	0x7d
 484 0208 16       		.uleb128 0x16
 485 0209 53010000 		.4byte	.LASF28
 486 020d 53010000 		.4byte	.LASF28
 487 0211 04       		.byte	0x4
 488 0212 7E       		.byte	0x7e
 489 0213 16       		.uleb128 0x16
ARM GAS  C:\Users\chemi\AppData\Local\Temp\ccQdU0yw.s 			page 15


 490 0214 1D010000 		.4byte	.LASF29
 491 0218 1D010000 		.4byte	.LASF29
 492 021c 03       		.byte	0x3
 493 021d 91       		.byte	0x91
 494 021e 00       		.byte	0
 495              		.section	.debug_abbrev,"",%progbits
 496              	.Ldebug_abbrev0:
 497 0000 01       		.uleb128 0x1
 498 0001 11       		.uleb128 0x11
 499 0002 01       		.byte	0x1
 500 0003 25       		.uleb128 0x25
 501 0004 0E       		.uleb128 0xe
 502 0005 13       		.uleb128 0x13
 503 0006 0B       		.uleb128 0xb
 504 0007 03       		.uleb128 0x3
 505 0008 0E       		.uleb128 0xe
 506 0009 1B       		.uleb128 0x1b
 507 000a 0E       		.uleb128 0xe
 508 000b 55       		.uleb128 0x55
 509 000c 17       		.uleb128 0x17
 510 000d 11       		.uleb128 0x11
 511 000e 01       		.uleb128 0x1
 512 000f 10       		.uleb128 0x10
 513 0010 17       		.uleb128 0x17
 514 0011 00       		.byte	0
 515 0012 00       		.byte	0
 516 0013 02       		.uleb128 0x2
 517 0014 24       		.uleb128 0x24
 518 0015 00       		.byte	0
 519 0016 0B       		.uleb128 0xb
 520 0017 0B       		.uleb128 0xb
 521 0018 3E       		.uleb128 0x3e
 522 0019 0B       		.uleb128 0xb
 523 001a 03       		.uleb128 0x3
 524 001b 0E       		.uleb128 0xe
 525 001c 00       		.byte	0
 526 001d 00       		.byte	0
 527 001e 03       		.uleb128 0x3
 528 001f 24       		.uleb128 0x24
 529 0020 00       		.byte	0
 530 0021 0B       		.uleb128 0xb
 531 0022 0B       		.uleb128 0xb
 532 0023 3E       		.uleb128 0x3e
 533 0024 0B       		.uleb128 0xb
 534 0025 03       		.uleb128 0x3
 535 0026 08       		.uleb128 0x8
 536 0027 00       		.byte	0
 537 0028 00       		.byte	0
 538 0029 04       		.uleb128 0x4
 539 002a 16       		.uleb128 0x16
 540 002b 00       		.byte	0
 541 002c 03       		.uleb128 0x3
 542 002d 0E       		.uleb128 0xe
 543 002e 3A       		.uleb128 0x3a
 544 002f 0B       		.uleb128 0xb
 545 0030 3B       		.uleb128 0x3b
 546 0031 05       		.uleb128 0x5
ARM GAS  C:\Users\chemi\AppData\Local\Temp\ccQdU0yw.s 			page 16


 547 0032 49       		.uleb128 0x49
 548 0033 13       		.uleb128 0x13
 549 0034 00       		.byte	0
 550 0035 00       		.byte	0
 551 0036 05       		.uleb128 0x5
 552 0037 35       		.uleb128 0x35
 553 0038 00       		.byte	0
 554 0039 49       		.uleb128 0x49
 555 003a 13       		.uleb128 0x13
 556 003b 00       		.byte	0
 557 003c 00       		.byte	0
 558 003d 06       		.uleb128 0x6
 559 003e 13       		.uleb128 0x13
 560 003f 01       		.byte	0x1
 561 0040 0B       		.uleb128 0xb
 562 0041 0B       		.uleb128 0xb
 563 0042 3A       		.uleb128 0x3a
 564 0043 0B       		.uleb128 0xb
 565 0044 3B       		.uleb128 0x3b
 566 0045 0B       		.uleb128 0xb
 567 0046 01       		.uleb128 0x1
 568 0047 13       		.uleb128 0x13
 569 0048 00       		.byte	0
 570 0049 00       		.byte	0
 571 004a 07       		.uleb128 0x7
 572 004b 0D       		.uleb128 0xd
 573 004c 00       		.byte	0
 574 004d 03       		.uleb128 0x3
 575 004e 0E       		.uleb128 0xe
 576 004f 3A       		.uleb128 0x3a
 577 0050 0B       		.uleb128 0xb
 578 0051 3B       		.uleb128 0x3b
 579 0052 0B       		.uleb128 0xb
 580 0053 49       		.uleb128 0x49
 581 0054 13       		.uleb128 0x13
 582 0055 38       		.uleb128 0x38
 583 0056 0B       		.uleb128 0xb
 584 0057 00       		.byte	0
 585 0058 00       		.byte	0
 586 0059 08       		.uleb128 0x8
 587 005a 0D       		.uleb128 0xd
 588 005b 00       		.byte	0
 589 005c 03       		.uleb128 0x3
 590 005d 08       		.uleb128 0x8
 591 005e 3A       		.uleb128 0x3a
 592 005f 0B       		.uleb128 0xb
 593 0060 3B       		.uleb128 0x3b
 594 0061 0B       		.uleb128 0xb
 595 0062 49       		.uleb128 0x49
 596 0063 13       		.uleb128 0x13
 597 0064 38       		.uleb128 0x38
 598 0065 0B       		.uleb128 0xb
 599 0066 00       		.byte	0
 600 0067 00       		.byte	0
 601 0068 09       		.uleb128 0x9
 602 0069 16       		.uleb128 0x16
 603 006a 00       		.byte	0
ARM GAS  C:\Users\chemi\AppData\Local\Temp\ccQdU0yw.s 			page 17


 604 006b 03       		.uleb128 0x3
 605 006c 0E       		.uleb128 0xe
 606 006d 3A       		.uleb128 0x3a
 607 006e 0B       		.uleb128 0xb
 608 006f 3B       		.uleb128 0x3b
 609 0070 0B       		.uleb128 0xb
 610 0071 49       		.uleb128 0x49
 611 0072 13       		.uleb128 0x13
 612 0073 00       		.byte	0
 613 0074 00       		.byte	0
 614 0075 0A       		.uleb128 0xa
 615 0076 2E       		.uleb128 0x2e
 616 0077 01       		.byte	0x1
 617 0078 3F       		.uleb128 0x3f
 618 0079 19       		.uleb128 0x19
 619 007a 03       		.uleb128 0x3
 620 007b 0E       		.uleb128 0xe
 621 007c 3A       		.uleb128 0x3a
 622 007d 0B       		.uleb128 0xb
 623 007e 3B       		.uleb128 0x3b
 624 007f 0B       		.uleb128 0xb
 625 0080 27       		.uleb128 0x27
 626 0081 19       		.uleb128 0x19
 627 0082 20       		.uleb128 0x20
 628 0083 0B       		.uleb128 0xb
 629 0084 01       		.uleb128 0x1
 630 0085 13       		.uleb128 0x13
 631 0086 00       		.byte	0
 632 0087 00       		.byte	0
 633 0088 0B       		.uleb128 0xb
 634 0089 34       		.uleb128 0x34
 635 008a 00       		.byte	0
 636 008b 03       		.uleb128 0x3
 637 008c 0E       		.uleb128 0xe
 638 008d 3A       		.uleb128 0x3a
 639 008e 0B       		.uleb128 0xb
 640 008f 3B       		.uleb128 0x3b
 641 0090 0B       		.uleb128 0xb
 642 0091 49       		.uleb128 0x49
 643 0092 13       		.uleb128 0x13
 644 0093 00       		.byte	0
 645 0094 00       		.byte	0
 646 0095 0C       		.uleb128 0xc
 647 0096 2E       		.uleb128 0x2e
 648 0097 00       		.byte	0
 649 0098 3F       		.uleb128 0x3f
 650 0099 19       		.uleb128 0x19
 651 009a 03       		.uleb128 0x3
 652 009b 0E       		.uleb128 0xe
 653 009c 3A       		.uleb128 0x3a
 654 009d 0B       		.uleb128 0xb
 655 009e 3B       		.uleb128 0x3b
 656 009f 0B       		.uleb128 0xb
 657 00a0 27       		.uleb128 0x27
 658 00a1 19       		.uleb128 0x19
 659 00a2 11       		.uleb128 0x11
 660 00a3 01       		.uleb128 0x1
ARM GAS  C:\Users\chemi\AppData\Local\Temp\ccQdU0yw.s 			page 18


 661 00a4 12       		.uleb128 0x12
 662 00a5 06       		.uleb128 0x6
 663 00a6 40       		.uleb128 0x40
 664 00a7 18       		.uleb128 0x18
 665 00a8 9742     		.uleb128 0x2117
 666 00aa 19       		.uleb128 0x19
 667 00ab 00       		.byte	0
 668 00ac 00       		.byte	0
 669 00ad 0D       		.uleb128 0xd
 670 00ae 2E       		.uleb128 0x2e
 671 00af 01       		.byte	0x1
 672 00b0 3F       		.uleb128 0x3f
 673 00b1 19       		.uleb128 0x19
 674 00b2 03       		.uleb128 0x3
 675 00b3 0E       		.uleb128 0xe
 676 00b4 3A       		.uleb128 0x3a
 677 00b5 0B       		.uleb128 0xb
 678 00b6 3B       		.uleb128 0x3b
 679 00b7 0B       		.uleb128 0xb
 680 00b8 27       		.uleb128 0x27
 681 00b9 19       		.uleb128 0x19
 682 00ba 11       		.uleb128 0x11
 683 00bb 01       		.uleb128 0x1
 684 00bc 12       		.uleb128 0x12
 685 00bd 06       		.uleb128 0x6
 686 00be 40       		.uleb128 0x40
 687 00bf 18       		.uleb128 0x18
 688 00c0 9742     		.uleb128 0x2117
 689 00c2 19       		.uleb128 0x19
 690 00c3 01       		.uleb128 0x1
 691 00c4 13       		.uleb128 0x13
 692 00c5 00       		.byte	0
 693 00c6 00       		.byte	0
 694 00c7 0E       		.uleb128 0xe
 695 00c8 898201   		.uleb128 0x4109
 696 00cb 00       		.byte	0
 697 00cc 11       		.uleb128 0x11
 698 00cd 01       		.uleb128 0x1
 699 00ce 31       		.uleb128 0x31
 700 00cf 13       		.uleb128 0x13
 701 00d0 00       		.byte	0
 702 00d1 00       		.byte	0
 703 00d2 0F       		.uleb128 0xf
 704 00d3 898201   		.uleb128 0x4109
 705 00d6 00       		.byte	0
 706 00d7 11       		.uleb128 0x11
 707 00d8 01       		.uleb128 0x1
 708 00d9 9542     		.uleb128 0x2115
 709 00db 19       		.uleb128 0x19
 710 00dc 31       		.uleb128 0x31
 711 00dd 13       		.uleb128 0x13
 712 00de 00       		.byte	0
 713 00df 00       		.byte	0
 714 00e0 10       		.uleb128 0x10
 715 00e1 2E       		.uleb128 0x2e
 716 00e2 01       		.byte	0x1
 717 00e3 31       		.uleb128 0x31
ARM GAS  C:\Users\chemi\AppData\Local\Temp\ccQdU0yw.s 			page 19


 718 00e4 13       		.uleb128 0x13
 719 00e5 11       		.uleb128 0x11
 720 00e6 01       		.uleb128 0x1
 721 00e7 12       		.uleb128 0x12
 722 00e8 06       		.uleb128 0x6
 723 00e9 40       		.uleb128 0x40
 724 00ea 18       		.uleb128 0x18
 725 00eb 9742     		.uleb128 0x2117
 726 00ed 19       		.uleb128 0x19
 727 00ee 01       		.uleb128 0x1
 728 00ef 13       		.uleb128 0x13
 729 00f0 00       		.byte	0
 730 00f1 00       		.byte	0
 731 00f2 11       		.uleb128 0x11
 732 00f3 34       		.uleb128 0x34
 733 00f4 00       		.byte	0
 734 00f5 31       		.uleb128 0x31
 735 00f6 13       		.uleb128 0x13
 736 00f7 00       		.byte	0
 737 00f8 00       		.byte	0
 738 00f9 12       		.uleb128 0x12
 739 00fa 0B       		.uleb128 0xb
 740 00fb 01       		.byte	0x1
 741 00fc 11       		.uleb128 0x11
 742 00fd 01       		.uleb128 0x1
 743 00fe 12       		.uleb128 0x12
 744 00ff 06       		.uleb128 0x6
 745 0100 00       		.byte	0
 746 0101 00       		.byte	0
 747 0102 13       		.uleb128 0x13
 748 0103 34       		.uleb128 0x34
 749 0104 00       		.byte	0
 750 0105 31       		.uleb128 0x31
 751 0106 13       		.uleb128 0x13
 752 0107 02       		.uleb128 0x2
 753 0108 17       		.uleb128 0x17
 754 0109 00       		.byte	0
 755 010a 00       		.byte	0
 756 010b 14       		.uleb128 0x14
 757 010c 2E       		.uleb128 0x2e
 758 010d 01       		.byte	0x1
 759 010e 3F       		.uleb128 0x3f
 760 010f 19       		.uleb128 0x19
 761 0110 03       		.uleb128 0x3
 762 0111 0E       		.uleb128 0xe
 763 0112 3A       		.uleb128 0x3a
 764 0113 0B       		.uleb128 0xb
 765 0114 3B       		.uleb128 0x3b
 766 0115 05       		.uleb128 0x5
 767 0116 27       		.uleb128 0x27
 768 0117 19       		.uleb128 0x19
 769 0118 11       		.uleb128 0x11
 770 0119 01       		.uleb128 0x1
 771 011a 12       		.uleb128 0x12
 772 011b 06       		.uleb128 0x6
 773 011c 40       		.uleb128 0x40
 774 011d 18       		.uleb128 0x18
ARM GAS  C:\Users\chemi\AppData\Local\Temp\ccQdU0yw.s 			page 20


 775 011e 9742     		.uleb128 0x2117
 776 0120 19       		.uleb128 0x19
 777 0121 01       		.uleb128 0x1
 778 0122 13       		.uleb128 0x13
 779 0123 00       		.byte	0
 780 0124 00       		.byte	0
 781 0125 15       		.uleb128 0x15
 782 0126 34       		.uleb128 0x34
 783 0127 00       		.byte	0
 784 0128 03       		.uleb128 0x3
 785 0129 0E       		.uleb128 0xe
 786 012a 3A       		.uleb128 0x3a
 787 012b 0B       		.uleb128 0xb
 788 012c 3B       		.uleb128 0x3b
 789 012d 0B       		.uleb128 0xb
 790 012e 49       		.uleb128 0x49
 791 012f 13       		.uleb128 0x13
 792 0130 3F       		.uleb128 0x3f
 793 0131 19       		.uleb128 0x19
 794 0132 02       		.uleb128 0x2
 795 0133 18       		.uleb128 0x18
 796 0134 00       		.byte	0
 797 0135 00       		.byte	0
 798 0136 16       		.uleb128 0x16
 799 0137 2E       		.uleb128 0x2e
 800 0138 00       		.byte	0
 801 0139 3F       		.uleb128 0x3f
 802 013a 19       		.uleb128 0x19
 803 013b 3C       		.uleb128 0x3c
 804 013c 19       		.uleb128 0x19
 805 013d 6E       		.uleb128 0x6e
 806 013e 0E       		.uleb128 0xe
 807 013f 03       		.uleb128 0x3
 808 0140 0E       		.uleb128 0xe
 809 0141 3A       		.uleb128 0x3a
 810 0142 0B       		.uleb128 0xb
 811 0143 3B       		.uleb128 0x3b
 812 0144 0B       		.uleb128 0xb
 813 0145 00       		.byte	0
 814 0146 00       		.byte	0
 815 0147 00       		.byte	0
 816              		.section	.debug_loc,"",%progbits
 817              	.Ldebug_loc0:
 818              	.LLST0:
 819 0000 14000000 		.4byte	.LVL2
 820 0004 1F000000 		.4byte	.LVL3-1
 821 0008 0100     		.2byte	0x1
 822 000a 50       		.byte	0x50
 823 000b 00000000 		.4byte	0
 824 000f 00000000 		.4byte	0
 825              		.section	.debug_aranges,"",%progbits
 826 0000 34000000 		.4byte	0x34
 827 0004 0200     		.2byte	0x2
 828 0006 00000000 		.4byte	.Ldebug_info0
 829 000a 04       		.byte	0x4
 830 000b 00       		.byte	0
 831 000c 0000     		.2byte	0
ARM GAS  C:\Users\chemi\AppData\Local\Temp\ccQdU0yw.s 			page 21


 832 000e 0000     		.2byte	0
 833 0010 00000000 		.4byte	.LFB0
 834 0014 3C000000 		.4byte	.LFE0-.LFB0
 835 0018 00000000 		.4byte	.LFB1
 836 001c 2C000000 		.4byte	.LFE1-.LFB1
 837 0020 00000000 		.4byte	.LFB2
 838 0024 54000000 		.4byte	.LFE2-.LFB2
 839 0028 00000000 		.4byte	.LFB3
 840 002c 24000000 		.4byte	.LFE3-.LFB3
 841 0030 00000000 		.4byte	0
 842 0034 00000000 		.4byte	0
 843              		.section	.debug_ranges,"",%progbits
 844              	.Ldebug_ranges0:
 845 0000 00000000 		.4byte	.LFB0
 846 0004 3C000000 		.4byte	.LFE0
 847 0008 00000000 		.4byte	.LFB1
 848 000c 2C000000 		.4byte	.LFE1
 849 0010 00000000 		.4byte	.LFB2
 850 0014 54000000 		.4byte	.LFE2
 851 0018 00000000 		.4byte	.LFB3
 852 001c 24000000 		.4byte	.LFE3
 853 0020 00000000 		.4byte	0
 854 0024 00000000 		.4byte	0
 855              		.section	.debug_line,"",%progbits
 856              	.Ldebug_line0:
 857 0000 B8000000 		.section	.debug_str,"MS",%progbits,1
 857      02005700 
 857      00000201 
 857      FB0E0D00 
 857      01010101 
 858              	.LASF25:
 859 0000 4932435F 		.ascii	"I2C_Wakeup\000"
 859      57616B65 
 859      757000
 860              	.LASF24:
 861 000b 4932435F 		.ascii	"I2C_Sleep\000"
 861      536C6565 
 861      7000
 862              	.LASF16:
 863 0015 72656733 		.ascii	"reg32\000"
 863      3200
 864              	.LASF3:
 865 001b 73686F72 		.ascii	"short unsigned int\000"
 865      7420756E 
 865      7369676E 
 865      65642069 
 865      6E7400
 866              	.LASF35:
 867 002e 4932435F 		.ascii	"I2C_SaveConfig\000"
 867      53617665 
 867      436F6E66 
 867      696700
 868              	.LASF12:
 869 003d 666C6F61 		.ascii	"float\000"
 869      7400
 870              	.LASF7:
 871 0043 6C6F6E67 		.ascii	"long long unsigned int\000"
ARM GAS  C:\Users\chemi\AppData\Local\Temp\ccQdU0yw.s 			page 22


 871      206C6F6E 
 871      6720756E 
 871      7369676E 
 871      65642069 
 872              	.LASF1:
 873 005a 756E7369 		.ascii	"unsigned char\000"
 873      676E6564 
 873      20636861 
 873      7200
 874              	.LASF15:
 875 0068 72656738 		.ascii	"reg8\000"
 875      00
 876              	.LASF5:
 877 006d 6C6F6E67 		.ascii	"long unsigned int\000"
 877      20756E73 
 877      69676E65 
 877      6420696E 
 877      7400
 878              	.LASF30:
 879 007f 474E5520 		.ascii	"GNU C99 5.4.1 20160609 (release) [ARM/embedded-5-br"
 879      43393920 
 879      352E342E 
 879      31203230 
 879      31363036 
 880 00b2 616E6368 		.ascii	"anch revision 237715] -mcpu=cortex-m3 -mthumb -g -O"
 880      20726576 
 880      6973696F 
 880      6E203233 
 880      37373135 
 881 00e5 73202D73 		.ascii	"s -std=gnu99 -ffunction-sections -ffat-lto-objects\000"
 881      74643D67 
 881      6E753939 
 881      202D6666 
 881      756E6374 
 882              	.LASF20:
 883 0118 61646472 		.ascii	"addr\000"
 883      00
 884              	.LASF29:
 885 011d 4932435F 		.ascii	"I2C_Enable\000"
 885      456E6162 
 885      6C6500
 886              	.LASF13:
 887 0128 646F7562 		.ascii	"double\000"
 887      6C6500
 888              	.LASF10:
 889 012f 75696E74 		.ascii	"uint16\000"
 889      313600
 890              	.LASF11:
 891 0136 75696E74 		.ascii	"uint32\000"
 891      333200
 892              	.LASF34:
 893 013d 696E7453 		.ascii	"intState\000"
 893      74617465 
 893      00
 894              	.LASF8:
 895 0146 756E7369 		.ascii	"unsigned int\000"
 895      676E6564 
ARM GAS  C:\Users\chemi\AppData\Local\Temp\ccQdU0yw.s 			page 23


 895      20696E74 
 895      00
 896              	.LASF28:
 897 0153 43794578 		.ascii	"CyExitCriticalSection\000"
 897      69744372 
 897      69746963 
 897      616C5365 
 897      6374696F 
 898              	.LASF21:
 899 0169 636C6B44 		.ascii	"clkDiv1\000"
 899      69763100 
 900              	.LASF22:
 901 0171 636C6B44 		.ascii	"clkDiv2\000"
 901      69763200 
 902              	.LASF27:
 903 0179 4379456E 		.ascii	"CyEnterCriticalSection\000"
 903      74657243 
 903      72697469 
 903      63616C53 
 903      65637469 
 904              	.LASF17:
 905 0190 73697A65 		.ascii	"sizetype\000"
 905      74797065 
 905      00
 906              	.LASF6:
 907 0199 6C6F6E67 		.ascii	"long long int\000"
 907      206C6F6E 
 907      6720696E 
 907      7400
 908              	.LASF14:
 909 01a7 63686172 		.ascii	"char\000"
 909      00
 910              	.LASF19:
 911 01ac 78636667 		.ascii	"xcfg\000"
 911      00
 912              	.LASF23:
 913 01b1 4932435F 		.ascii	"I2C_BACKUP_STRUCT\000"
 913      4241434B 
 913      55505F53 
 913      54525543 
 913      5400
 914              	.LASF2:
 915 01c3 73686F72 		.ascii	"short int\000"
 915      7420696E 
 915      7400
 916              	.LASF9:
 917 01cd 75696E74 		.ascii	"uint8\000"
 917      3800
 918              	.LASF32:
 919 01d3 433A5C55 		.ascii	"C:\\Users\\chemi\\UD3_QCW\\UD3_QFN.cydsn\000"
 919      73657273 
 919      5C636865 
 919      6D695C55 
 919      44335F51 
 920              	.LASF4:
 921 01f8 6C6F6E67 		.ascii	"long int\000"
 921      20696E74 
ARM GAS  C:\Users\chemi\AppData\Local\Temp\ccQdU0yw.s 			page 24


 921      00
 922              	.LASF18:
 923 0201 656E6162 		.ascii	"enableState\000"
 923      6C655374 
 923      61746500 
 924              	.LASF36:
 925 020d 4932435F 		.ascii	"I2C_backup\000"
 925      6261636B 
 925      757000
 926              	.LASF26:
 927 0218 4932435F 		.ascii	"I2C_Stop\000"
 927      53746F70 
 927      00
 928              	.LASF0:
 929 0221 7369676E 		.ascii	"signed char\000"
 929      65642063 
 929      68617200 
 930              	.LASF33:
 931 022d 4932435F 		.ascii	"I2C_RestoreConfig\000"
 931      52657374 
 931      6F726543 
 931      6F6E6669 
 931      6700
 932              	.LASF31:
 933 023f 47656E65 		.ascii	"Generated_Source\\PSoC5\\I2C_PM.c\000"
 933      72617465 
 933      645F536F 
 933      75726365 
 933      5C50536F 
 934              		.ident	"GCC: (GNU Tools for ARM Embedded Processors) 5.4.1 20160609 (release) [ARM/embedded-5-bran
