ARM GAS  C:\Users\chemi\AppData\Local\Temp\ccxlMrM8.s 			page 1


   1              		.syntax unified
   2              		.cpu cortex-m3
   3              		.fpu softvfp
   4              		.eabi_attribute 20, 1
   5              		.eabi_attribute 21, 1
   6              		.eabi_attribute 23, 3
   7              		.eabi_attribute 24, 1
   8              		.eabi_attribute 25, 1
   9              		.eabi_attribute 26, 1
  10              		.eabi_attribute 30, 4
  11              		.eabi_attribute 34, 1
  12              		.eabi_attribute 18, 4
  13              		.thumb
  14              		.syntax unified
  15              		.file	"IDAC_therm.c"
  16              		.text
  17              	.Ltext0:
  18              		.cfi_sections	.debug_frame
  19              		.section	.text.IDAC_therm_Enable,"ax",%progbits
  20              		.align	1
  21              		.global	IDAC_therm_Enable
  22              		.thumb
  23              		.thumb_func
  24              		.type	IDAC_therm_Enable, %function
  25              	IDAC_therm_Enable:
  26              	.LFB1:
  27              		.file 1 "Generated_Source\\PSoC5\\IDAC_therm.c"
   1:Generated_Source\PSoC5/IDAC_therm.c **** /*******************************************************************************
   2:Generated_Source\PSoC5/IDAC_therm.c **** * File Name: IDAC_therm.c
   3:Generated_Source\PSoC5/IDAC_therm.c **** * Version 2.0
   4:Generated_Source\PSoC5/IDAC_therm.c **** *
   5:Generated_Source\PSoC5/IDAC_therm.c **** * Description:
   6:Generated_Source\PSoC5/IDAC_therm.c **** *  This file provides the source code to the API for the 8-bit Current 
   7:Generated_Source\PSoC5/IDAC_therm.c **** *  DAC (IDAC8) User Module.
   8:Generated_Source\PSoC5/IDAC_therm.c **** *
   9:Generated_Source\PSoC5/IDAC_therm.c **** * Note:
  10:Generated_Source\PSoC5/IDAC_therm.c **** *  None
  11:Generated_Source\PSoC5/IDAC_therm.c **** *
  12:Generated_Source\PSoC5/IDAC_therm.c **** ********************************************************************************
  13:Generated_Source\PSoC5/IDAC_therm.c **** * Copyright 2008-2012, Cypress Semiconductor Corporation.  All rights reserved.
  14:Generated_Source\PSoC5/IDAC_therm.c **** * You may use this file only in accordance with the license, terms, conditions, 
  15:Generated_Source\PSoC5/IDAC_therm.c **** * disclaimers, and limitations in the end user license agreement accompanying 
  16:Generated_Source\PSoC5/IDAC_therm.c **** * the software package with which this file was provided.
  17:Generated_Source\PSoC5/IDAC_therm.c **** *******************************************************************************/
  18:Generated_Source\PSoC5/IDAC_therm.c **** 
  19:Generated_Source\PSoC5/IDAC_therm.c **** #include "cytypes.h"
  20:Generated_Source\PSoC5/IDAC_therm.c **** #include "IDAC_therm.h"   
  21:Generated_Source\PSoC5/IDAC_therm.c **** 
  22:Generated_Source\PSoC5/IDAC_therm.c **** #if (CY_PSOC5A)
  23:Generated_Source\PSoC5/IDAC_therm.c ****     #include <CyLib.h>
  24:Generated_Source\PSoC5/IDAC_therm.c **** #endif /* CY_PSOC5A */
  25:Generated_Source\PSoC5/IDAC_therm.c **** 
  26:Generated_Source\PSoC5/IDAC_therm.c **** 
  27:Generated_Source\PSoC5/IDAC_therm.c **** uint8 IDAC_therm_initVar = 0u;
  28:Generated_Source\PSoC5/IDAC_therm.c **** 
  29:Generated_Source\PSoC5/IDAC_therm.c **** 
  30:Generated_Source\PSoC5/IDAC_therm.c **** #if (CY_PSOC5A)
ARM GAS  C:\Users\chemi\AppData\Local\Temp\ccxlMrM8.s 			page 2


  31:Generated_Source\PSoC5/IDAC_therm.c ****     static IDAC_therm_LOWPOWER_BACKUP_STRUCT  IDAC_therm_lowPowerBackup;
  32:Generated_Source\PSoC5/IDAC_therm.c **** #endif /* CY_PSOC5A */
  33:Generated_Source\PSoC5/IDAC_therm.c **** 
  34:Generated_Source\PSoC5/IDAC_therm.c **** /* Variable to decide whether or not to restore control register in Enable()
  35:Generated_Source\PSoC5/IDAC_therm.c ****    API. This valid only for PSoC5A */
  36:Generated_Source\PSoC5/IDAC_therm.c **** #if (CY_PSOC5A)
  37:Generated_Source\PSoC5/IDAC_therm.c ****     static uint8 IDAC_therm_restoreReg = 0u;
  38:Generated_Source\PSoC5/IDAC_therm.c **** #endif /* CY_PSOC5A */
  39:Generated_Source\PSoC5/IDAC_therm.c **** 
  40:Generated_Source\PSoC5/IDAC_therm.c **** 
  41:Generated_Source\PSoC5/IDAC_therm.c **** /*******************************************************************************
  42:Generated_Source\PSoC5/IDAC_therm.c **** * Function Name: IDAC_therm_Init
  43:Generated_Source\PSoC5/IDAC_therm.c **** ********************************************************************************
  44:Generated_Source\PSoC5/IDAC_therm.c **** * Summary:
  45:Generated_Source\PSoC5/IDAC_therm.c **** *  Initialize to the schematic state.
  46:Generated_Source\PSoC5/IDAC_therm.c **** * 
  47:Generated_Source\PSoC5/IDAC_therm.c **** * Parameters:
  48:Generated_Source\PSoC5/IDAC_therm.c **** *  void:
  49:Generated_Source\PSoC5/IDAC_therm.c **** *
  50:Generated_Source\PSoC5/IDAC_therm.c **** * Return:
  51:Generated_Source\PSoC5/IDAC_therm.c **** *  (void)
  52:Generated_Source\PSoC5/IDAC_therm.c **** *
  53:Generated_Source\PSoC5/IDAC_therm.c **** * Theory:
  54:Generated_Source\PSoC5/IDAC_therm.c **** *
  55:Generated_Source\PSoC5/IDAC_therm.c **** * Side Effects:
  56:Generated_Source\PSoC5/IDAC_therm.c **** *
  57:Generated_Source\PSoC5/IDAC_therm.c **** *******************************************************************************/
  58:Generated_Source\PSoC5/IDAC_therm.c **** void IDAC_therm_Init(void) 
  59:Generated_Source\PSoC5/IDAC_therm.c **** {
  60:Generated_Source\PSoC5/IDAC_therm.c ****     IDAC_therm_CR0 = (IDAC_therm_MODE_I | IDAC_therm_DEFAULT_RANGE );
  61:Generated_Source\PSoC5/IDAC_therm.c **** 
  62:Generated_Source\PSoC5/IDAC_therm.c ****     /* Set default data source */
  63:Generated_Source\PSoC5/IDAC_therm.c ****     #if(IDAC_therm_DEFAULT_DATA_SRC != 0u )    
  64:Generated_Source\PSoC5/IDAC_therm.c ****         IDAC_therm_CR1 = (IDAC_therm_DEFAULT_CNTL | IDAC_therm_DACBUS_ENABLE);
  65:Generated_Source\PSoC5/IDAC_therm.c ****     #else
  66:Generated_Source\PSoC5/IDAC_therm.c ****         IDAC_therm_CR1 = (IDAC_therm_DEFAULT_CNTL | IDAC_therm_DACBUS_DISABLE);
  67:Generated_Source\PSoC5/IDAC_therm.c ****     #endif /* (IDAC_therm_DEFAULT_DATA_SRC != 0u ) */
  68:Generated_Source\PSoC5/IDAC_therm.c ****     
  69:Generated_Source\PSoC5/IDAC_therm.c ****     /*Controls polarity from UDB Control*/
  70:Generated_Source\PSoC5/IDAC_therm.c ****     #if(IDAC_therm_DEFAULT_POLARITY == IDAC_therm_HARDWARE_CONTROLLED)
  71:Generated_Source\PSoC5/IDAC_therm.c ****         IDAC_therm_CR1 |= IDAC_therm_IDIR_SRC_UDB;
  72:Generated_Source\PSoC5/IDAC_therm.c ****     #else
  73:Generated_Source\PSoC5/IDAC_therm.c ****         IDAC_therm_CR1 |= IDAC_therm_DEFAULT_POLARITY;
  74:Generated_Source\PSoC5/IDAC_therm.c ****     #endif/* (IDAC_therm_DEFAULT_POLARITY == IDAC_therm_HARDWARE_CONTROLLED) */
  75:Generated_Source\PSoC5/IDAC_therm.c ****     /*Controls Current Source from UDB Control*/
  76:Generated_Source\PSoC5/IDAC_therm.c ****     #if(IDAC_therm_HARDWARE_ENABLE != 0u ) 
  77:Generated_Source\PSoC5/IDAC_therm.c ****         IDAC_therm_CR1 |= IDAC_therm_IDIR_CTL_UDB;
  78:Generated_Source\PSoC5/IDAC_therm.c ****     #endif /* (IDAC_therm_HARDWARE_ENABLE != 0u ) */ 
  79:Generated_Source\PSoC5/IDAC_therm.c ****     
  80:Generated_Source\PSoC5/IDAC_therm.c ****     /* Set default strobe mode */
  81:Generated_Source\PSoC5/IDAC_therm.c ****     #if(IDAC_therm_DEFAULT_STRB != 0u)
  82:Generated_Source\PSoC5/IDAC_therm.c ****         IDAC_therm_Strobe |= IDAC_therm_STRB_EN;
  83:Generated_Source\PSoC5/IDAC_therm.c ****     #endif /* (IDAC_therm_DEFAULT_STRB != 0u) */
  84:Generated_Source\PSoC5/IDAC_therm.c ****     
  85:Generated_Source\PSoC5/IDAC_therm.c ****     /* Set default speed */
  86:Generated_Source\PSoC5/IDAC_therm.c ****     IDAC_therm_SetSpeed(IDAC_therm_DEFAULT_SPEED);
  87:Generated_Source\PSoC5/IDAC_therm.c ****     
ARM GAS  C:\Users\chemi\AppData\Local\Temp\ccxlMrM8.s 			page 3


  88:Generated_Source\PSoC5/IDAC_therm.c ****     /* Set proper DAC trim */
  89:Generated_Source\PSoC5/IDAC_therm.c ****     IDAC_therm_DacTrim();
  90:Generated_Source\PSoC5/IDAC_therm.c ****     
  91:Generated_Source\PSoC5/IDAC_therm.c **** }
  92:Generated_Source\PSoC5/IDAC_therm.c **** 
  93:Generated_Source\PSoC5/IDAC_therm.c **** 
  94:Generated_Source\PSoC5/IDAC_therm.c **** /*******************************************************************************
  95:Generated_Source\PSoC5/IDAC_therm.c **** * Function Name: IDAC_therm_Enable
  96:Generated_Source\PSoC5/IDAC_therm.c **** ********************************************************************************
  97:Generated_Source\PSoC5/IDAC_therm.c **** * Summary:
  98:Generated_Source\PSoC5/IDAC_therm.c **** *  Enable the IDAC8
  99:Generated_Source\PSoC5/IDAC_therm.c **** * 
 100:Generated_Source\PSoC5/IDAC_therm.c **** * Parameters:
 101:Generated_Source\PSoC5/IDAC_therm.c **** *  void:
 102:Generated_Source\PSoC5/IDAC_therm.c **** *
 103:Generated_Source\PSoC5/IDAC_therm.c **** * Return:
 104:Generated_Source\PSoC5/IDAC_therm.c **** *  (void)
 105:Generated_Source\PSoC5/IDAC_therm.c **** *
 106:Generated_Source\PSoC5/IDAC_therm.c **** * Theory:
 107:Generated_Source\PSoC5/IDAC_therm.c **** *
 108:Generated_Source\PSoC5/IDAC_therm.c **** * Side Effects:
 109:Generated_Source\PSoC5/IDAC_therm.c **** *
 110:Generated_Source\PSoC5/IDAC_therm.c **** *******************************************************************************/
 111:Generated_Source\PSoC5/IDAC_therm.c **** void IDAC_therm_Enable(void) 
 112:Generated_Source\PSoC5/IDAC_therm.c **** {
  28              		.loc 1 112 0
  29              		.cfi_startproc
  30              		@ args = 0, pretend = 0, frame = 0
  31              		@ frame_needed = 0, uses_anonymous_args = 0
  32              		@ link register save eliminated.
 113:Generated_Source\PSoC5/IDAC_therm.c ****     IDAC_therm_PWRMGR |= IDAC_therm_ACT_PWR_EN;
  33              		.loc 1 113 0
  34 0000 044A     		ldr	r2, .L2
  35 0002 1378     		ldrb	r3, [r2]	@ zero_extendqisi2
  36 0004 43F00403 		orr	r3, r3, #4
  37 0008 1370     		strb	r3, [r2]
 114:Generated_Source\PSoC5/IDAC_therm.c ****     IDAC_therm_STBY_PWRMGR |= IDAC_therm_STBY_PWR_EN;
  38              		.loc 1 114 0
  39 000a 137C     		ldrb	r3, [r2, #16]	@ zero_extendqisi2
  40 000c 43F00403 		orr	r3, r3, #4
  41 0010 1374     		strb	r3, [r2, #16]
  42 0012 7047     		bx	lr
  43              	.L3:
  44              		.align	2
  45              	.L2:
  46 0014 A8430040 		.word	1073759144
  47              		.cfi_endproc
  48              	.LFE1:
  49              		.size	IDAC_therm_Enable, .-IDAC_therm_Enable
  50              		.section	.text.IDAC_therm_Stop,"ax",%progbits
  51              		.align	1
  52              		.global	IDAC_therm_Stop
  53              		.thumb
  54              		.thumb_func
  55              		.type	IDAC_therm_Stop, %function
  56              	IDAC_therm_Stop:
  57              	.LFB3:
ARM GAS  C:\Users\chemi\AppData\Local\Temp\ccxlMrM8.s 			page 4


 115:Generated_Source\PSoC5/IDAC_therm.c **** 
 116:Generated_Source\PSoC5/IDAC_therm.c ****     /* This is to restore the value of register CR0 which is saved 
 117:Generated_Source\PSoC5/IDAC_therm.c ****       in prior to the modification in stop() API */
 118:Generated_Source\PSoC5/IDAC_therm.c ****     #if (CY_PSOC5A)
 119:Generated_Source\PSoC5/IDAC_therm.c ****         if(IDAC_therm_restoreReg == 1u)
 120:Generated_Source\PSoC5/IDAC_therm.c ****         {
 121:Generated_Source\PSoC5/IDAC_therm.c ****             IDAC_therm_CR0 = IDAC_therm_lowPowerBackup.DACCR0Reg;
 122:Generated_Source\PSoC5/IDAC_therm.c **** 
 123:Generated_Source\PSoC5/IDAC_therm.c ****             /* Clear the flag */
 124:Generated_Source\PSoC5/IDAC_therm.c ****             IDAC_therm_restoreReg = 0u;
 125:Generated_Source\PSoC5/IDAC_therm.c ****         }
 126:Generated_Source\PSoC5/IDAC_therm.c ****     #endif /* CY_PSOC5A */
 127:Generated_Source\PSoC5/IDAC_therm.c **** }
 128:Generated_Source\PSoC5/IDAC_therm.c **** 
 129:Generated_Source\PSoC5/IDAC_therm.c **** 
 130:Generated_Source\PSoC5/IDAC_therm.c **** /*******************************************************************************
 131:Generated_Source\PSoC5/IDAC_therm.c **** * Function Name: IDAC_therm_Start
 132:Generated_Source\PSoC5/IDAC_therm.c **** ********************************************************************************
 133:Generated_Source\PSoC5/IDAC_therm.c **** * Summary:
 134:Generated_Source\PSoC5/IDAC_therm.c **** *  Set power level then turn on IDAC8.
 135:Generated_Source\PSoC5/IDAC_therm.c **** *
 136:Generated_Source\PSoC5/IDAC_therm.c **** * Parameters:  
 137:Generated_Source\PSoC5/IDAC_therm.c **** *  power: Sets power level between off (0) and (3) high power
 138:Generated_Source\PSoC5/IDAC_therm.c **** *
 139:Generated_Source\PSoC5/IDAC_therm.c **** * Return:
 140:Generated_Source\PSoC5/IDAC_therm.c **** *  (void)
 141:Generated_Source\PSoC5/IDAC_therm.c **** *
 142:Generated_Source\PSoC5/IDAC_therm.c **** * Global variables:
 143:Generated_Source\PSoC5/IDAC_therm.c **** *  IDAC_therm_initVar: Is modified when this function is called for 
 144:Generated_Source\PSoC5/IDAC_therm.c **** *   the first time. Is used to ensure that initialization happens only once.
 145:Generated_Source\PSoC5/IDAC_therm.c **** *
 146:Generated_Source\PSoC5/IDAC_therm.c **** *******************************************************************************/
 147:Generated_Source\PSoC5/IDAC_therm.c **** void IDAC_therm_Start(void) 
 148:Generated_Source\PSoC5/IDAC_therm.c **** {
 149:Generated_Source\PSoC5/IDAC_therm.c ****     /* Hardware initiazation only needs to occur the first time */
 150:Generated_Source\PSoC5/IDAC_therm.c ****     if ( IDAC_therm_initVar == 0u)  
 151:Generated_Source\PSoC5/IDAC_therm.c ****     {
 152:Generated_Source\PSoC5/IDAC_therm.c ****         IDAC_therm_Init();
 153:Generated_Source\PSoC5/IDAC_therm.c ****         
 154:Generated_Source\PSoC5/IDAC_therm.c ****         IDAC_therm_initVar = 1u;
 155:Generated_Source\PSoC5/IDAC_therm.c ****     }
 156:Generated_Source\PSoC5/IDAC_therm.c ****    
 157:Generated_Source\PSoC5/IDAC_therm.c ****     /* Enable power to DAC */
 158:Generated_Source\PSoC5/IDAC_therm.c ****     IDAC_therm_Enable();
 159:Generated_Source\PSoC5/IDAC_therm.c **** 
 160:Generated_Source\PSoC5/IDAC_therm.c ****     /* Set default value */
 161:Generated_Source\PSoC5/IDAC_therm.c ****     IDAC_therm_SetValue(IDAC_therm_DEFAULT_DATA);
 162:Generated_Source\PSoC5/IDAC_therm.c **** 
 163:Generated_Source\PSoC5/IDAC_therm.c **** }
 164:Generated_Source\PSoC5/IDAC_therm.c **** 
 165:Generated_Source\PSoC5/IDAC_therm.c **** 
 166:Generated_Source\PSoC5/IDAC_therm.c **** /*******************************************************************************
 167:Generated_Source\PSoC5/IDAC_therm.c **** * Function Name: IDAC_therm_Stop
 168:Generated_Source\PSoC5/IDAC_therm.c **** ********************************************************************************
 169:Generated_Source\PSoC5/IDAC_therm.c **** * Summary:
 170:Generated_Source\PSoC5/IDAC_therm.c **** *  Powers down IDAC8 to lowest power state.
 171:Generated_Source\PSoC5/IDAC_therm.c **** *
ARM GAS  C:\Users\chemi\AppData\Local\Temp\ccxlMrM8.s 			page 5


 172:Generated_Source\PSoC5/IDAC_therm.c **** * Parameters:
 173:Generated_Source\PSoC5/IDAC_therm.c **** *  (void)
 174:Generated_Source\PSoC5/IDAC_therm.c **** *
 175:Generated_Source\PSoC5/IDAC_therm.c **** * Return:
 176:Generated_Source\PSoC5/IDAC_therm.c **** *  (void)
 177:Generated_Source\PSoC5/IDAC_therm.c **** *
 178:Generated_Source\PSoC5/IDAC_therm.c **** * Theory:
 179:Generated_Source\PSoC5/IDAC_therm.c **** *
 180:Generated_Source\PSoC5/IDAC_therm.c **** * Side Effects:
 181:Generated_Source\PSoC5/IDAC_therm.c **** *
 182:Generated_Source\PSoC5/IDAC_therm.c **** *******************************************************************************/
 183:Generated_Source\PSoC5/IDAC_therm.c **** void IDAC_therm_Stop(void) 
 184:Generated_Source\PSoC5/IDAC_therm.c **** {
  58              		.loc 1 184 0
  59              		.cfi_startproc
  60              		@ args = 0, pretend = 0, frame = 0
  61              		@ frame_needed = 0, uses_anonymous_args = 0
  62              		@ link register save eliminated.
 185:Generated_Source\PSoC5/IDAC_therm.c ****     /* Disble power to DAC */
 186:Generated_Source\PSoC5/IDAC_therm.c ****     IDAC_therm_PWRMGR &= (uint8)(~IDAC_therm_ACT_PWR_EN);
  63              		.loc 1 186 0
  64 0000 044A     		ldr	r2, .L5
  65 0002 1378     		ldrb	r3, [r2]	@ zero_extendqisi2
  66 0004 03F0FB03 		and	r3, r3, #251
  67 0008 1370     		strb	r3, [r2]
 187:Generated_Source\PSoC5/IDAC_therm.c ****     IDAC_therm_STBY_PWRMGR &= (uint8)(~IDAC_therm_STBY_PWR_EN);
  68              		.loc 1 187 0
  69 000a 137C     		ldrb	r3, [r2, #16]	@ zero_extendqisi2
  70 000c 03F0FB03 		and	r3, r3, #251
  71 0010 1374     		strb	r3, [r2, #16]
  72 0012 7047     		bx	lr
  73              	.L6:
  74              		.align	2
  75              	.L5:
  76 0014 A8430040 		.word	1073759144
  77              		.cfi_endproc
  78              	.LFE3:
  79              		.size	IDAC_therm_Stop, .-IDAC_therm_Stop
  80              		.section	.text.IDAC_therm_SetSpeed,"ax",%progbits
  81              		.align	1
  82              		.global	IDAC_therm_SetSpeed
  83              		.thumb
  84              		.thumb_func
  85              		.type	IDAC_therm_SetSpeed, %function
  86              	IDAC_therm_SetSpeed:
  87              	.LFB4:
 188:Generated_Source\PSoC5/IDAC_therm.c ****     
 189:Generated_Source\PSoC5/IDAC_therm.c ****     #if (CY_PSOC5A)
 190:Generated_Source\PSoC5/IDAC_therm.c ****     
 191:Generated_Source\PSoC5/IDAC_therm.c ****         /* Set the global variable  */
 192:Generated_Source\PSoC5/IDAC_therm.c ****         IDAC_therm_restoreReg = 1u;
 193:Generated_Source\PSoC5/IDAC_therm.c **** 
 194:Generated_Source\PSoC5/IDAC_therm.c ****         /* Save the control register and then Clear it. */
 195:Generated_Source\PSoC5/IDAC_therm.c ****         IDAC_therm_lowPowerBackup.DACCR0Reg = IDAC_therm_CR0;
 196:Generated_Source\PSoC5/IDAC_therm.c ****         IDAC_therm_CR0 = (IDAC_therm_MODE_I | IDAC_therm_RANGE_3 | IDAC_therm_HS_HIGHSPEED);
 197:Generated_Source\PSoC5/IDAC_therm.c ****     #endif /* CY_PSOC5A */
 198:Generated_Source\PSoC5/IDAC_therm.c **** }
ARM GAS  C:\Users\chemi\AppData\Local\Temp\ccxlMrM8.s 			page 6


 199:Generated_Source\PSoC5/IDAC_therm.c **** 
 200:Generated_Source\PSoC5/IDAC_therm.c **** 
 201:Generated_Source\PSoC5/IDAC_therm.c **** /*******************************************************************************
 202:Generated_Source\PSoC5/IDAC_therm.c **** * Function Name: IDAC_therm_SetSpeed
 203:Generated_Source\PSoC5/IDAC_therm.c **** ********************************************************************************
 204:Generated_Source\PSoC5/IDAC_therm.c **** * Summary:
 205:Generated_Source\PSoC5/IDAC_therm.c **** *  Set DAC speed
 206:Generated_Source\PSoC5/IDAC_therm.c **** *
 207:Generated_Source\PSoC5/IDAC_therm.c **** * Parameters:
 208:Generated_Source\PSoC5/IDAC_therm.c **** *  power: Sets speed value
 209:Generated_Source\PSoC5/IDAC_therm.c **** *
 210:Generated_Source\PSoC5/IDAC_therm.c **** * Return:
 211:Generated_Source\PSoC5/IDAC_therm.c **** *  (void)
 212:Generated_Source\PSoC5/IDAC_therm.c **** *
 213:Generated_Source\PSoC5/IDAC_therm.c **** * Theory:
 214:Generated_Source\PSoC5/IDAC_therm.c **** *
 215:Generated_Source\PSoC5/IDAC_therm.c **** * Side Effects:
 216:Generated_Source\PSoC5/IDAC_therm.c **** *
 217:Generated_Source\PSoC5/IDAC_therm.c **** *******************************************************************************/
 218:Generated_Source\PSoC5/IDAC_therm.c **** void IDAC_therm_SetSpeed(uint8 speed) 
 219:Generated_Source\PSoC5/IDAC_therm.c **** {
  88              		.loc 1 219 0
  89              		.cfi_startproc
  90              		@ args = 0, pretend = 0, frame = 0
  91              		@ frame_needed = 0, uses_anonymous_args = 0
  92              		@ link register save eliminated.
  93              	.LVL0:
 220:Generated_Source\PSoC5/IDAC_therm.c ****     /* Clear power mask then write in new value */
 221:Generated_Source\PSoC5/IDAC_therm.c ****     IDAC_therm_CR0 &= (uint8)(~IDAC_therm_HS_MASK);
  94              		.loc 1 221 0
  95 0000 054B     		ldr	r3, .L8
 222:Generated_Source\PSoC5/IDAC_therm.c ****     IDAC_therm_CR0 |=  ( speed & IDAC_therm_HS_MASK);
  96              		.loc 1 222 0
  97 0002 00F00200 		and	r0, r0, #2
  98              	.LVL1:
 221:Generated_Source\PSoC5/IDAC_therm.c ****     IDAC_therm_CR0 |=  ( speed & IDAC_therm_HS_MASK);
  99              		.loc 1 221 0
 100 0006 1A78     		ldrb	r2, [r3]	@ zero_extendqisi2
 101 0008 02F0FD02 		and	r2, r2, #253
 102 000c 1A70     		strb	r2, [r3]
 103              		.loc 1 222 0
 104 000e 1A78     		ldrb	r2, [r3]	@ zero_extendqisi2
 105 0010 1043     		orrs	r0, r0, r2
 106 0012 1870     		strb	r0, [r3]
 107 0014 7047     		bx	lr
 108              	.L9:
 109 0016 00BF     		.align	2
 110              	.L8:
 111 0018 28580040 		.word	1073764392
 112              		.cfi_endproc
 113              	.LFE4:
 114              		.size	IDAC_therm_SetSpeed, .-IDAC_therm_SetSpeed
 115              		.section	.text.IDAC_therm_SetValue,"ax",%progbits
 116              		.align	1
 117              		.global	IDAC_therm_SetValue
 118              		.thumb
 119              		.thumb_func
ARM GAS  C:\Users\chemi\AppData\Local\Temp\ccxlMrM8.s 			page 7


 120              		.type	IDAC_therm_SetValue, %function
 121              	IDAC_therm_SetValue:
 122              	.LFB7:
 223:Generated_Source\PSoC5/IDAC_therm.c **** }
 224:Generated_Source\PSoC5/IDAC_therm.c **** 
 225:Generated_Source\PSoC5/IDAC_therm.c **** 
 226:Generated_Source\PSoC5/IDAC_therm.c **** /*******************************************************************************
 227:Generated_Source\PSoC5/IDAC_therm.c **** * Function Name: IDAC_therm_SetPolarity
 228:Generated_Source\PSoC5/IDAC_therm.c **** ********************************************************************************
 229:Generated_Source\PSoC5/IDAC_therm.c **** * Summary:
 230:Generated_Source\PSoC5/IDAC_therm.c **** *  Sets IDAC to Sink or Source current.
 231:Generated_Source\PSoC5/IDAC_therm.c **** *  
 232:Generated_Source\PSoC5/IDAC_therm.c **** * Parameters:
 233:Generated_Source\PSoC5/IDAC_therm.c **** *  Polarity: Sets the IDAC to Sink or Source 
 234:Generated_Source\PSoC5/IDAC_therm.c **** *  0x00 - Source
 235:Generated_Source\PSoC5/IDAC_therm.c **** *  0x04 - Sink
 236:Generated_Source\PSoC5/IDAC_therm.c **** *
 237:Generated_Source\PSoC5/IDAC_therm.c **** * Return:
 238:Generated_Source\PSoC5/IDAC_therm.c **** *  (void)
 239:Generated_Source\PSoC5/IDAC_therm.c **** *
 240:Generated_Source\PSoC5/IDAC_therm.c **** * Theory:
 241:Generated_Source\PSoC5/IDAC_therm.c **** *
 242:Generated_Source\PSoC5/IDAC_therm.c **** * Side Effects:
 243:Generated_Source\PSoC5/IDAC_therm.c **** *
 244:Generated_Source\PSoC5/IDAC_therm.c **** *******************************************************************************/
 245:Generated_Source\PSoC5/IDAC_therm.c **** #if(IDAC_therm_DEFAULT_POLARITY != IDAC_therm_HARDWARE_CONTROLLED)
 246:Generated_Source\PSoC5/IDAC_therm.c ****     void IDAC_therm_SetPolarity(uint8 polarity) 
 247:Generated_Source\PSoC5/IDAC_therm.c ****     {
 248:Generated_Source\PSoC5/IDAC_therm.c ****         IDAC_therm_CR1 &= (uint8)(~IDAC_therm_IDIR_MASK);                /* clear polarity bit */
 249:Generated_Source\PSoC5/IDAC_therm.c ****         IDAC_therm_CR1 |= (polarity & IDAC_therm_IDIR_MASK);             /* set new value */
 250:Generated_Source\PSoC5/IDAC_therm.c ****     
 251:Generated_Source\PSoC5/IDAC_therm.c ****         IDAC_therm_DacTrim();
 252:Generated_Source\PSoC5/IDAC_therm.c ****     }
 253:Generated_Source\PSoC5/IDAC_therm.c **** #endif/*(IDAC_therm_DEFAULT_POLARITY != IDAC_therm_HARDWARE_CONTROLLED)*/
 254:Generated_Source\PSoC5/IDAC_therm.c **** 
 255:Generated_Source\PSoC5/IDAC_therm.c **** 
 256:Generated_Source\PSoC5/IDAC_therm.c **** /*******************************************************************************
 257:Generated_Source\PSoC5/IDAC_therm.c **** * Function Name: IDAC_therm_SetRange
 258:Generated_Source\PSoC5/IDAC_therm.c **** ********************************************************************************
 259:Generated_Source\PSoC5/IDAC_therm.c **** * Summary:
 260:Generated_Source\PSoC5/IDAC_therm.c **** *  Set current range
 261:Generated_Source\PSoC5/IDAC_therm.c **** *
 262:Generated_Source\PSoC5/IDAC_therm.c **** * Parameters:
 263:Generated_Source\PSoC5/IDAC_therm.c **** *  Range: Sets on of four valid ranges.
 264:Generated_Source\PSoC5/IDAC_therm.c **** *
 265:Generated_Source\PSoC5/IDAC_therm.c **** * Return:
 266:Generated_Source\PSoC5/IDAC_therm.c **** *  (void)
 267:Generated_Source\PSoC5/IDAC_therm.c **** *
 268:Generated_Source\PSoC5/IDAC_therm.c **** * Theory:
 269:Generated_Source\PSoC5/IDAC_therm.c **** *
 270:Generated_Source\PSoC5/IDAC_therm.c **** * Side Effects:
 271:Generated_Source\PSoC5/IDAC_therm.c **** *
 272:Generated_Source\PSoC5/IDAC_therm.c **** *******************************************************************************/
 273:Generated_Source\PSoC5/IDAC_therm.c **** void IDAC_therm_SetRange(uint8 range) 
 274:Generated_Source\PSoC5/IDAC_therm.c **** {
 275:Generated_Source\PSoC5/IDAC_therm.c ****     IDAC_therm_CR0 &= (uint8)(~IDAC_therm_RANGE_MASK);       /* Clear existing mode */
 276:Generated_Source\PSoC5/IDAC_therm.c ****     IDAC_therm_CR0 |= ( range & IDAC_therm_RANGE_MASK );     /*  Set Range  */
ARM GAS  C:\Users\chemi\AppData\Local\Temp\ccxlMrM8.s 			page 8


 277:Generated_Source\PSoC5/IDAC_therm.c ****     IDAC_therm_DacTrim();
 278:Generated_Source\PSoC5/IDAC_therm.c **** }
 279:Generated_Source\PSoC5/IDAC_therm.c **** 
 280:Generated_Source\PSoC5/IDAC_therm.c **** 
 281:Generated_Source\PSoC5/IDAC_therm.c **** /*******************************************************************************
 282:Generated_Source\PSoC5/IDAC_therm.c **** * Function Name: IDAC_therm_SetValue
 283:Generated_Source\PSoC5/IDAC_therm.c **** ********************************************************************************
 284:Generated_Source\PSoC5/IDAC_therm.c **** * Summary:
 285:Generated_Source\PSoC5/IDAC_therm.c **** *  Set DAC value
 286:Generated_Source\PSoC5/IDAC_therm.c **** *
 287:Generated_Source\PSoC5/IDAC_therm.c **** * Parameters:
 288:Generated_Source\PSoC5/IDAC_therm.c **** *  value: Sets DAC value between 0 and 255.
 289:Generated_Source\PSoC5/IDAC_therm.c **** *
 290:Generated_Source\PSoC5/IDAC_therm.c **** * Return:
 291:Generated_Source\PSoC5/IDAC_therm.c **** *  (void)
 292:Generated_Source\PSoC5/IDAC_therm.c **** *
 293:Generated_Source\PSoC5/IDAC_therm.c **** * Theory:
 294:Generated_Source\PSoC5/IDAC_therm.c **** *
 295:Generated_Source\PSoC5/IDAC_therm.c **** * Side Effects:
 296:Generated_Source\PSoC5/IDAC_therm.c **** *
 297:Generated_Source\PSoC5/IDAC_therm.c **** *******************************************************************************/
 298:Generated_Source\PSoC5/IDAC_therm.c **** void IDAC_therm_SetValue(uint8 value) 
 299:Generated_Source\PSoC5/IDAC_therm.c **** {
 123              		.loc 1 299 0
 124              		.cfi_startproc
 125              		@ args = 0, pretend = 0, frame = 0
 126              		@ frame_needed = 0, uses_anonymous_args = 0
 127              		@ link register save eliminated.
 128              	.LVL2:
 300:Generated_Source\PSoC5/IDAC_therm.c **** 
 301:Generated_Source\PSoC5/IDAC_therm.c ****     #if (CY_PSOC5A)
 302:Generated_Source\PSoC5/IDAC_therm.c ****         uint8 IDAC_therm_intrStatus = CyEnterCriticalSection();
 303:Generated_Source\PSoC5/IDAC_therm.c ****     #endif /* CY_PSOC5A */
 304:Generated_Source\PSoC5/IDAC_therm.c **** 
 305:Generated_Source\PSoC5/IDAC_therm.c ****     IDAC_therm_Data = value;         /*  Set Value  */
 129              		.loc 1 305 0
 130 0000 014B     		ldr	r3, .L11
 131 0002 1870     		strb	r0, [r3]
 132 0004 7047     		bx	lr
 133              	.L12:
 134 0006 00BF     		.align	2
 135              	.L11:
 136 0008 825B0040 		.word	1073765250
 137              		.cfi_endproc
 138              	.LFE7:
 139              		.size	IDAC_therm_SetValue, .-IDAC_therm_SetValue
 140              		.section	.text.IDAC_therm_DacTrim,"ax",%progbits
 141              		.align	1
 142              		.global	IDAC_therm_DacTrim
 143              		.thumb
 144              		.thumb_func
 145              		.type	IDAC_therm_DacTrim, %function
 146              	IDAC_therm_DacTrim:
 147              	.LFB8:
 306:Generated_Source\PSoC5/IDAC_therm.c ****     
 307:Generated_Source\PSoC5/IDAC_therm.c ****     /* PSOC5A silicons require a double write */
 308:Generated_Source\PSoC5/IDAC_therm.c ****     #if (CY_PSOC5A)
ARM GAS  C:\Users\chemi\AppData\Local\Temp\ccxlMrM8.s 			page 9


 309:Generated_Source\PSoC5/IDAC_therm.c ****         IDAC_therm_Data = value;
 310:Generated_Source\PSoC5/IDAC_therm.c ****         CyExitCriticalSection(IDAC_therm_intrStatus);
 311:Generated_Source\PSoC5/IDAC_therm.c ****     #endif /* CY_PSOC5A */
 312:Generated_Source\PSoC5/IDAC_therm.c **** }
 313:Generated_Source\PSoC5/IDAC_therm.c **** 
 314:Generated_Source\PSoC5/IDAC_therm.c **** 
 315:Generated_Source\PSoC5/IDAC_therm.c **** /*******************************************************************************
 316:Generated_Source\PSoC5/IDAC_therm.c **** * Function Name: IDAC_therm_DacTrim
 317:Generated_Source\PSoC5/IDAC_therm.c **** ********************************************************************************
 318:Generated_Source\PSoC5/IDAC_therm.c **** * Summary:
 319:Generated_Source\PSoC5/IDAC_therm.c **** *  Set the trim value for the given range.
 320:Generated_Source\PSoC5/IDAC_therm.c **** *
 321:Generated_Source\PSoC5/IDAC_therm.c **** * Parameters:
 322:Generated_Source\PSoC5/IDAC_therm.c **** *  None
 323:Generated_Source\PSoC5/IDAC_therm.c **** *
 324:Generated_Source\PSoC5/IDAC_therm.c **** * Return:
 325:Generated_Source\PSoC5/IDAC_therm.c **** *  (void) 
 326:Generated_Source\PSoC5/IDAC_therm.c **** *
 327:Generated_Source\PSoC5/IDAC_therm.c **** * Theory:
 328:Generated_Source\PSoC5/IDAC_therm.c **** *  Trim values for the IDAC blocks are stored in the "Customer Table" area in 
 329:Generated_Source\PSoC5/IDAC_therm.c **** *  Row 1 of the Hidden Flash.  There are 8 bytes of trim data for each 
 330:Generated_Source\PSoC5/IDAC_therm.c **** *  IDAC block.
 331:Generated_Source\PSoC5/IDAC_therm.c **** *  The values are:
 332:Generated_Source\PSoC5/IDAC_therm.c **** *       I Gain offset, min range, Sourcing
 333:Generated_Source\PSoC5/IDAC_therm.c **** *       I Gain offset, min range, Sinking
 334:Generated_Source\PSoC5/IDAC_therm.c **** *       I Gain offset, med range, Sourcing
 335:Generated_Source\PSoC5/IDAC_therm.c **** *       I Gain offset, med range, Sinking
 336:Generated_Source\PSoC5/IDAC_therm.c **** *       I Gain offset, max range, Sourcing
 337:Generated_Source\PSoC5/IDAC_therm.c **** *       I Gain offset, max range, Sinking
 338:Generated_Source\PSoC5/IDAC_therm.c **** *       V Gain offset, 1V range
 339:Generated_Source\PSoC5/IDAC_therm.c **** *       V Gain offset, 4V range
 340:Generated_Source\PSoC5/IDAC_therm.c **** *
 341:Generated_Source\PSoC5/IDAC_therm.c **** * Side Effects:
 342:Generated_Source\PSoC5/IDAC_therm.c **** *
 343:Generated_Source\PSoC5/IDAC_therm.c **** *******************************************************************************/
 344:Generated_Source\PSoC5/IDAC_therm.c **** void IDAC_therm_DacTrim(void) 
 345:Generated_Source\PSoC5/IDAC_therm.c **** {
 148              		.loc 1 345 0
 149              		.cfi_startproc
 150              		@ args = 0, pretend = 0, frame = 0
 151              		@ frame_needed = 0, uses_anonymous_args = 0
 152              		@ link register save eliminated.
 346:Generated_Source\PSoC5/IDAC_therm.c ****     uint8 mode;
 347:Generated_Source\PSoC5/IDAC_therm.c **** 
 348:Generated_Source\PSoC5/IDAC_therm.c ****     mode = ((IDAC_therm_CR0 & IDAC_therm_RANGE_MASK) >> 1u);
 153              		.loc 1 348 0
 154 0000 084B     		ldr	r3, .L18
 349:Generated_Source\PSoC5/IDAC_therm.c ****     
 350:Generated_Source\PSoC5/IDAC_therm.c ****     if((IDAC_therm_IDIR_MASK & IDAC_therm_CR1) == IDAC_therm_IDIR_SINK)
 155              		.loc 1 350 0
 156 0002 094A     		ldr	r2, .L18+4
 348:Generated_Source\PSoC5/IDAC_therm.c ****     
 157              		.loc 1 348 0
 158 0004 1B78     		ldrb	r3, [r3]	@ zero_extendqisi2
 159              		.loc 1 350 0
 160 0006 1278     		ldrb	r2, [r2]	@ zero_extendqisi2
 348:Generated_Source\PSoC5/IDAC_therm.c ****     
ARM GAS  C:\Users\chemi\AppData\Local\Temp\ccxlMrM8.s 			page 10


 161              		.loc 1 348 0
 162 0008 03F00C03 		and	r3, r3, #12
 163 000c 5B08     		lsrs	r3, r3, #1
 164              	.LVL3:
 165              		.loc 1 350 0
 166 000e 5207     		lsls	r2, r2, #29
 351:Generated_Source\PSoC5/IDAC_therm.c ****     {
 352:Generated_Source\PSoC5/IDAC_therm.c ****         mode++;
 167              		.loc 1 352 0
 168 0010 48BF     		it	mi
 169 0012 0133     		addmi	r3, r3, #1
 170              	.LVL4:
 353:Generated_Source\PSoC5/IDAC_therm.c ****     }
 354:Generated_Source\PSoC5/IDAC_therm.c **** 
 355:Generated_Source\PSoC5/IDAC_therm.c ****     IDAC_therm_TR = CY_GET_XTND_REG8((uint8 *)(IDAC_therm_DAC_TRIM_BASE + mode));
 171              		.loc 1 355 0
 172 0014 03F19243 		add	r3, r3, #1224736768
 173              	.LVL5:
 174 0018 93F82831 		ldrb	r3, [r3, #296]	@ zero_extendqisi2
 175              	.LVL6:
 176 001c 034A     		ldr	r2, .L18+8
 177 001e DBB2     		uxtb	r3, r3
 178 0020 1370     		strb	r3, [r2]
 179 0022 7047     		bx	lr
 180              	.L19:
 181              		.align	2
 182              	.L18:
 183 0024 28580040 		.word	1073764392
 184 0028 29580040 		.word	1073764393
 185 002c 0A460040 		.word	1073759754
 186              		.cfi_endproc
 187              	.LFE8:
 188              		.size	IDAC_therm_DacTrim, .-IDAC_therm_DacTrim
 189              		.section	.text.IDAC_therm_Init,"ax",%progbits
 190              		.align	1
 191              		.global	IDAC_therm_Init
 192              		.thumb
 193              		.thumb_func
 194              		.type	IDAC_therm_Init, %function
 195              	IDAC_therm_Init:
 196              	.LFB0:
  59:Generated_Source\PSoC5/IDAC_therm.c ****     IDAC_therm_CR0 = (IDAC_therm_MODE_I | IDAC_therm_DEFAULT_RANGE );
 197              		.loc 1 59 0
 198              		.cfi_startproc
 199              		@ args = 0, pretend = 0, frame = 0
 200              		@ frame_needed = 0, uses_anonymous_args = 0
 201 0000 08B5     		push	{r3, lr}
 202              		.cfi_def_cfa_offset 8
 203              		.cfi_offset 3, -8
 204              		.cfi_offset 14, -4
  60:Generated_Source\PSoC5/IDAC_therm.c **** 
 205              		.loc 1 60 0
 206 0002 074B     		ldr	r3, .L21
 207 0004 1822     		movs	r2, #24
 208 0006 1A70     		strb	r2, [r3]
  66:Generated_Source\PSoC5/IDAC_therm.c ****     #endif /* (IDAC_therm_DEFAULT_DATA_SRC != 0u ) */
 209              		.loc 1 66 0
ARM GAS  C:\Users\chemi\AppData\Local\Temp\ccxlMrM8.s 			page 11


 210 0008 0022     		movs	r2, #0
 211 000a 5A70     		strb	r2, [r3, #1]
  73:Generated_Source\PSoC5/IDAC_therm.c ****     #endif/* (IDAC_therm_DEFAULT_POLARITY == IDAC_therm_HARDWARE_CONTROLLED) */
 212              		.loc 1 73 0
 213 000c 5A78     		ldrb	r2, [r3, #1]	@ zero_extendqisi2
  86:Generated_Source\PSoC5/IDAC_therm.c ****     
 214              		.loc 1 86 0
 215 000e 0220     		movs	r0, #2
  73:Generated_Source\PSoC5/IDAC_therm.c ****     #endif/* (IDAC_therm_DEFAULT_POLARITY == IDAC_therm_HARDWARE_CONTROLLED) */
 216              		.loc 1 73 0
 217 0010 D2B2     		uxtb	r2, r2
 218 0012 5A70     		strb	r2, [r3, #1]
  86:Generated_Source\PSoC5/IDAC_therm.c ****     
 219              		.loc 1 86 0
 220 0014 FFF7FEFF 		bl	IDAC_therm_SetSpeed
 221              	.LVL7:
  91:Generated_Source\PSoC5/IDAC_therm.c **** 
 222              		.loc 1 91 0
 223 0018 BDE80840 		pop	{r3, lr}
 224              		.cfi_restore 14
 225              		.cfi_restore 3
 226              		.cfi_def_cfa_offset 0
  89:Generated_Source\PSoC5/IDAC_therm.c ****     
 227              		.loc 1 89 0
 228 001c FFF7FEBF 		b	IDAC_therm_DacTrim
 229              	.LVL8:
 230              	.L22:
 231              		.align	2
 232              	.L21:
 233 0020 28580040 		.word	1073764392
 234              		.cfi_endproc
 235              	.LFE0:
 236              		.size	IDAC_therm_Init, .-IDAC_therm_Init
 237              		.section	.text.IDAC_therm_Start,"ax",%progbits
 238              		.align	1
 239              		.global	IDAC_therm_Start
 240              		.thumb
 241              		.thumb_func
 242              		.type	IDAC_therm_Start, %function
 243              	IDAC_therm_Start:
 244              	.LFB2:
 148:Generated_Source\PSoC5/IDAC_therm.c ****     /* Hardware initiazation only needs to occur the first time */
 245              		.loc 1 148 0
 246              		.cfi_startproc
 247              		@ args = 0, pretend = 0, frame = 0
 248              		@ frame_needed = 0, uses_anonymous_args = 0
 249 0000 08B5     		push	{r3, lr}
 250              		.cfi_def_cfa_offset 8
 251              		.cfi_offset 3, -8
 252              		.cfi_offset 14, -4
 150:Generated_Source\PSoC5/IDAC_therm.c ****     {
 253              		.loc 1 150 0
 254 0002 0649     		ldr	r1, .L26
 255 0004 0B78     		ldrb	r3, [r1]	@ zero_extendqisi2
 256 0006 1BB9     		cbnz	r3, .L24
 152:Generated_Source\PSoC5/IDAC_therm.c ****         
 257              		.loc 1 152 0
ARM GAS  C:\Users\chemi\AppData\Local\Temp\ccxlMrM8.s 			page 12


 258 0008 FFF7FEFF 		bl	IDAC_therm_Init
 259              	.LVL9:
 154:Generated_Source\PSoC5/IDAC_therm.c ****     }
 260              		.loc 1 154 0
 261 000c 0123     		movs	r3, #1
 262 000e 0B70     		strb	r3, [r1]
 263              	.L24:
 158:Generated_Source\PSoC5/IDAC_therm.c **** 
 264              		.loc 1 158 0
 265 0010 FFF7FEFF 		bl	IDAC_therm_Enable
 266              	.LVL10:
 267              	.LBB4:
 268              	.LBB5:
 305:Generated_Source\PSoC5/IDAC_therm.c ****     
 269              		.loc 1 305 0
 270 0014 024B     		ldr	r3, .L26+4
 271 0016 7822     		movs	r2, #120
 272 0018 1A70     		strb	r2, [r3]
 273              	.LVL11:
 274 001a 08BD     		pop	{r3, pc}
 275              	.L27:
 276              		.align	2
 277              	.L26:
 278 001c 00000000 		.word	.LANCHOR0
 279 0020 825B0040 		.word	1073765250
 280              	.LBE5:
 281              	.LBE4:
 282              		.cfi_endproc
 283              	.LFE2:
 284              		.size	IDAC_therm_Start, .-IDAC_therm_Start
 285              		.section	.text.IDAC_therm_SetPolarity,"ax",%progbits
 286              		.align	1
 287              		.global	IDAC_therm_SetPolarity
 288              		.thumb
 289              		.thumb_func
 290              		.type	IDAC_therm_SetPolarity, %function
 291              	IDAC_therm_SetPolarity:
 292              	.LFB5:
 247:Generated_Source\PSoC5/IDAC_therm.c ****         IDAC_therm_CR1 &= (uint8)(~IDAC_therm_IDIR_MASK);                /* clear polarity bit */
 293              		.loc 1 247 0
 294              		.cfi_startproc
 295              		@ args = 0, pretend = 0, frame = 0
 296              		@ frame_needed = 0, uses_anonymous_args = 0
 297              		@ link register save eliminated.
 298              	.LVL12:
 248:Generated_Source\PSoC5/IDAC_therm.c ****         IDAC_therm_CR1 |= (polarity & IDAC_therm_IDIR_MASK);             /* set new value */
 299              		.loc 1 248 0
 300 0000 054B     		ldr	r3, .L29
 249:Generated_Source\PSoC5/IDAC_therm.c ****     
 301              		.loc 1 249 0
 302 0002 00F00400 		and	r0, r0, #4
 303              	.LVL13:
 248:Generated_Source\PSoC5/IDAC_therm.c ****         IDAC_therm_CR1 |= (polarity & IDAC_therm_IDIR_MASK);             /* set new value */
 304              		.loc 1 248 0
 305 0006 1A78     		ldrb	r2, [r3]	@ zero_extendqisi2
 306 0008 02F0FB02 		and	r2, r2, #251
 307 000c 1A70     		strb	r2, [r3]
ARM GAS  C:\Users\chemi\AppData\Local\Temp\ccxlMrM8.s 			page 13


 249:Generated_Source\PSoC5/IDAC_therm.c ****     
 308              		.loc 1 249 0
 309 000e 1A78     		ldrb	r2, [r3]	@ zero_extendqisi2
 310 0010 1043     		orrs	r0, r0, r2
 311 0012 1870     		strb	r0, [r3]
 251:Generated_Source\PSoC5/IDAC_therm.c ****     }
 312              		.loc 1 251 0
 313 0014 FFF7FEBF 		b	IDAC_therm_DacTrim
 314              	.LVL14:
 315              	.L30:
 316              		.align	2
 317              	.L29:
 318 0018 29580040 		.word	1073764393
 319              		.cfi_endproc
 320              	.LFE5:
 321              		.size	IDAC_therm_SetPolarity, .-IDAC_therm_SetPolarity
 322              		.section	.text.IDAC_therm_SetRange,"ax",%progbits
 323              		.align	1
 324              		.global	IDAC_therm_SetRange
 325              		.thumb
 326              		.thumb_func
 327              		.type	IDAC_therm_SetRange, %function
 328              	IDAC_therm_SetRange:
 329              	.LFB6:
 274:Generated_Source\PSoC5/IDAC_therm.c ****     IDAC_therm_CR0 &= (uint8)(~IDAC_therm_RANGE_MASK);       /* Clear existing mode */
 330              		.loc 1 274 0
 331              		.cfi_startproc
 332              		@ args = 0, pretend = 0, frame = 0
 333              		@ frame_needed = 0, uses_anonymous_args = 0
 334              		@ link register save eliminated.
 335              	.LVL15:
 275:Generated_Source\PSoC5/IDAC_therm.c ****     IDAC_therm_CR0 |= ( range & IDAC_therm_RANGE_MASK );     /*  Set Range  */
 336              		.loc 1 275 0
 337 0000 054B     		ldr	r3, .L32
 276:Generated_Source\PSoC5/IDAC_therm.c ****     IDAC_therm_DacTrim();
 338              		.loc 1 276 0
 339 0002 00F00C00 		and	r0, r0, #12
 340              	.LVL16:
 275:Generated_Source\PSoC5/IDAC_therm.c ****     IDAC_therm_CR0 |= ( range & IDAC_therm_RANGE_MASK );     /*  Set Range  */
 341              		.loc 1 275 0
 342 0006 1A78     		ldrb	r2, [r3]	@ zero_extendqisi2
 343 0008 02F0F302 		and	r2, r2, #243
 344 000c 1A70     		strb	r2, [r3]
 276:Generated_Source\PSoC5/IDAC_therm.c ****     IDAC_therm_DacTrim();
 345              		.loc 1 276 0
 346 000e 1A78     		ldrb	r2, [r3]	@ zero_extendqisi2
 347 0010 1043     		orrs	r0, r0, r2
 348 0012 1870     		strb	r0, [r3]
 277:Generated_Source\PSoC5/IDAC_therm.c **** }
 349              		.loc 1 277 0
 350 0014 FFF7FEBF 		b	IDAC_therm_DacTrim
 351              	.LVL17:
 352              	.L33:
 353              		.align	2
 354              	.L32:
 355 0018 28580040 		.word	1073764392
 356              		.cfi_endproc
ARM GAS  C:\Users\chemi\AppData\Local\Temp\ccxlMrM8.s 			page 14


 357              	.LFE6:
 358              		.size	IDAC_therm_SetRange, .-IDAC_therm_SetRange
 359              		.global	IDAC_therm_initVar
 360              		.bss
 361              		.set	.LANCHOR0,. + 0
 362              		.type	IDAC_therm_initVar, %object
 363              		.size	IDAC_therm_initVar, 1
 364              	IDAC_therm_initVar:
 365 0000 00       		.space	1
 366              		.text
 367              	.Letext0:
 368              		.file 2 "Generated_Source\\PSoC5\\cytypes.h"
 369              		.section	.debug_info,"",%progbits
 370              	.Ldebug_info0:
 371 0000 23020000 		.4byte	0x223
 372 0004 0400     		.2byte	0x4
 373 0006 00000000 		.4byte	.Ldebug_abbrev0
 374 000a 04       		.byte	0x4
 375 000b 01       		.uleb128 0x1
 376 000c 31000000 		.4byte	.LASF25
 377 0010 0C       		.byte	0xc
 378 0011 D0010000 		.4byte	.LASF26
 379 0015 3A020000 		.4byte	.LASF27
 380 0019 00000000 		.4byte	.Ldebug_ranges0+0
 381 001d 00000000 		.4byte	0
 382 0021 00000000 		.4byte	.Ldebug_line0
 383 0025 02       		.uleb128 0x2
 384 0026 01       		.byte	0x1
 385 0027 06       		.byte	0x6
 386 0028 47010000 		.4byte	.LASF0
 387 002c 02       		.uleb128 0x2
 388 002d 01       		.byte	0x1
 389 002e 08       		.byte	0x8
 390 002f 30010000 		.4byte	.LASF1
 391 0033 02       		.uleb128 0x2
 392 0034 02       		.byte	0x2
 393 0035 05       		.byte	0x5
 394 0036 27000000 		.4byte	.LASF2
 395 003a 02       		.uleb128 0x2
 396 003b 02       		.byte	0x2
 397 003c 07       		.byte	0x7
 398 003d A1010000 		.4byte	.LASF3
 399 0041 02       		.uleb128 0x2
 400 0042 04       		.byte	0x4
 401 0043 05       		.byte	0x5
 402 0044 16010000 		.4byte	.LASF4
 403 0048 02       		.uleb128 0x2
 404 0049 04       		.byte	0x4
 405 004a 07       		.byte	0x7
 406 004b BE010000 		.4byte	.LASF5
 407 004f 02       		.uleb128 0x2
 408 0050 08       		.byte	0x8
 409 0051 05       		.byte	0x5
 410 0052 08010000 		.4byte	.LASF6
 411 0056 02       		.uleb128 0x2
 412 0057 08       		.byte	0x8
 413 0058 07       		.byte	0x7
ARM GAS  C:\Users\chemi\AppData\Local\Temp\ccxlMrM8.s 			page 15


 414 0059 53010000 		.4byte	.LASF7
 415 005d 03       		.uleb128 0x3
 416 005e 04       		.byte	0x4
 417 005f 05       		.byte	0x5
 418 0060 696E7400 		.ascii	"int\000"
 419 0064 02       		.uleb128 0x2
 420 0065 04       		.byte	0x4
 421 0066 07       		.byte	0x7
 422 0067 7E010000 		.4byte	.LASF8
 423 006b 04       		.uleb128 0x4
 424 006c E9000000 		.4byte	.LASF12
 425 0070 02       		.byte	0x2
 426 0071 9201     		.2byte	0x192
 427 0073 2C000000 		.4byte	0x2c
 428 0077 02       		.uleb128 0x2
 429 0078 04       		.byte	0x4
 430 0079 04       		.byte	0x4
 431 007a EF000000 		.4byte	.LASF9
 432 007e 02       		.uleb128 0x2
 433 007f 08       		.byte	0x8
 434 0080 04       		.byte	0x4
 435 0081 F4010000 		.4byte	.LASF10
 436 0085 02       		.uleb128 0x2
 437 0086 01       		.byte	0x1
 438 0087 08       		.byte	0x8
 439 0088 B4010000 		.4byte	.LASF11
 440 008c 04       		.uleb128 0x4
 441 008d B9010000 		.4byte	.LASF13
 442 0091 02       		.byte	0x2
 443 0092 3C02     		.2byte	0x23c
 444 0094 98000000 		.4byte	0x98
 445 0098 05       		.uleb128 0x5
 446 0099 6B000000 		.4byte	0x6b
 447 009d 06       		.uleb128 0x6
 448 009e 6A010000 		.4byte	.LASF28
 449 00a2 01       		.byte	0x1
 450 00a3 2A01     		.2byte	0x12a
 451 00a5 01       		.byte	0x1
 452 00a6 B7000000 		.4byte	0xb7
 453 00aa 07       		.uleb128 0x7
 454 00ab E3000000 		.4byte	.LASF29
 455 00af 01       		.byte	0x1
 456 00b0 2A01     		.2byte	0x12a
 457 00b2 6B000000 		.4byte	0x6b
 458 00b6 00       		.byte	0
 459 00b7 08       		.uleb128 0x8
 460 00b8 FB010000 		.4byte	.LASF14
 461 00bc 01       		.byte	0x1
 462 00bd 6F       		.byte	0x6f
 463 00be 00000000 		.4byte	.LFB1
 464 00c2 18000000 		.4byte	.LFE1-.LFB1
 465 00c6 01       		.uleb128 0x1
 466 00c7 9C       		.byte	0x9c
 467 00c8 08       		.uleb128 0x8
 468 00c9 17000000 		.4byte	.LASF15
 469 00cd 01       		.byte	0x1
 470 00ce B7       		.byte	0xb7
ARM GAS  C:\Users\chemi\AppData\Local\Temp\ccxlMrM8.s 			page 16


 471 00cf 00000000 		.4byte	.LFB3
 472 00d3 18000000 		.4byte	.LFE3-.LFB3
 473 00d7 01       		.uleb128 0x1
 474 00d8 9C       		.byte	0x9c
 475 00d9 09       		.uleb128 0x9
 476 00da 26020000 		.4byte	.LASF16
 477 00de 01       		.byte	0x1
 478 00df DA       		.byte	0xda
 479 00e0 00000000 		.4byte	.LFB4
 480 00e4 1C000000 		.4byte	.LFE4-.LFB4
 481 00e8 01       		.uleb128 0x1
 482 00e9 9C       		.byte	0x9c
 483 00ea FE000000 		.4byte	0xfe
 484 00ee 0A       		.uleb128 0xa
 485 00ef 8B010000 		.4byte	.LASF21
 486 00f3 01       		.byte	0x1
 487 00f4 DA       		.byte	0xda
 488 00f5 6B000000 		.4byte	0x6b
 489 00f9 00000000 		.4byte	.LLST0
 490 00fd 00       		.byte	0
 491 00fe 0B       		.uleb128 0xb
 492 00ff 9D000000 		.4byte	0x9d
 493 0103 00000000 		.4byte	.LFB7
 494 0107 0C000000 		.4byte	.LFE7-.LFB7
 495 010b 01       		.uleb128 0x1
 496 010c 9C       		.byte	0x9c
 497 010d 19010000 		.4byte	0x119
 498 0111 0C       		.uleb128 0xc
 499 0112 AA000000 		.4byte	0xaa
 500 0116 01       		.uleb128 0x1
 501 0117 50       		.byte	0x50
 502 0118 00       		.byte	0
 503 0119 0D       		.uleb128 0xd
 504 011a 13020000 		.4byte	.LASF17
 505 011e 01       		.byte	0x1
 506 011f 5801     		.2byte	0x158
 507 0121 00000000 		.4byte	.LFB8
 508 0125 30000000 		.4byte	.LFE8-.LFB8
 509 0129 01       		.uleb128 0x1
 510 012a 9C       		.byte	0x9c
 511 012b 40010000 		.4byte	0x140
 512 012f 0E       		.uleb128 0xe
 513 0130 CA000000 		.4byte	.LASF30
 514 0134 01       		.byte	0x1
 515 0135 5A01     		.2byte	0x15a
 516 0137 6B000000 		.4byte	0x6b
 517 013b 21000000 		.4byte	.LLST1
 518 013f 00       		.byte	0
 519 0140 09       		.uleb128 0x9
 520 0141 91010000 		.4byte	.LASF18
 521 0145 01       		.byte	0x1
 522 0146 3A       		.byte	0x3a
 523 0147 00000000 		.4byte	.LFB0
 524 014b 24000000 		.4byte	.LFE0-.LFB0
 525 014f 01       		.uleb128 0x1
 526 0150 9C       		.byte	0x9c
 527 0151 72010000 		.4byte	0x172
ARM GAS  C:\Users\chemi\AppData\Local\Temp\ccxlMrM8.s 			page 17


 528 0155 0F       		.uleb128 0xf
 529 0156 18000000 		.4byte	.LVL7
 530 015a D9000000 		.4byte	0xd9
 531 015e 68010000 		.4byte	0x168
 532 0162 10       		.uleb128 0x10
 533 0163 01       		.uleb128 0x1
 534 0164 50       		.byte	0x50
 535 0165 01       		.uleb128 0x1
 536 0166 32       		.byte	0x32
 537 0167 00       		.byte	0
 538 0168 11       		.uleb128 0x11
 539 0169 20000000 		.4byte	.LVL8
 540 016d 19010000 		.4byte	0x119
 541 0171 00       		.byte	0
 542 0172 09       		.uleb128 0x9
 543 0173 1F010000 		.4byte	.LASF19
 544 0177 01       		.byte	0x1
 545 0178 93       		.byte	0x93
 546 0179 00000000 		.4byte	.LFB2
 547 017d 24000000 		.4byte	.LFE2-.LFB2
 548 0181 01       		.uleb128 0x1
 549 0182 9C       		.byte	0x9c
 550 0183 B7010000 		.4byte	0x1b7
 551 0187 12       		.uleb128 0x12
 552 0188 9D000000 		.4byte	0x9d
 553 018c 14000000 		.4byte	.LBB4
 554 0190 10000000 		.4byte	.LBE4-.LBB4
 555 0194 01       		.byte	0x1
 556 0195 A1       		.byte	0xa1
 557 0196 A4010000 		.4byte	0x1a4
 558 019a 13       		.uleb128 0x13
 559 019b AA000000 		.4byte	0xaa
 560 019f 45000000 		.4byte	.LLST2
 561 01a3 00       		.byte	0
 562 01a4 14       		.uleb128 0x14
 563 01a5 0C000000 		.4byte	.LVL9
 564 01a9 40010000 		.4byte	0x140
 565 01ad 14       		.uleb128 0x14
 566 01ae 14000000 		.4byte	.LVL10
 567 01b2 B7000000 		.4byte	0xb7
 568 01b6 00       		.byte	0
 569 01b7 09       		.uleb128 0x9
 570 01b8 00000000 		.4byte	.LASF20
 571 01bc 01       		.byte	0x1
 572 01bd F6       		.byte	0xf6
 573 01be 00000000 		.4byte	.LFB5
 574 01c2 1C000000 		.4byte	.LFE5-.LFB5
 575 01c6 01       		.uleb128 0x1
 576 01c7 9C       		.byte	0x9c
 577 01c8 E5010000 		.4byte	0x1e5
 578 01cc 0A       		.uleb128 0xa
 579 01cd 3E010000 		.4byte	.LASF22
 580 01d1 01       		.byte	0x1
 581 01d2 F6       		.byte	0xf6
 582 01d3 6B000000 		.4byte	0x6b
 583 01d7 5A000000 		.4byte	.LLST3
 584 01db 11       		.uleb128 0x11
ARM GAS  C:\Users\chemi\AppData\Local\Temp\ccxlMrM8.s 			page 18


 585 01dc 18000000 		.4byte	.LVL14
 586 01e0 19010000 		.4byte	0x119
 587 01e4 00       		.byte	0
 588 01e5 0D       		.uleb128 0xd
 589 01e6 CF000000 		.4byte	.LASF23
 590 01ea 01       		.byte	0x1
 591 01eb 1101     		.2byte	0x111
 592 01ed 00000000 		.4byte	.LFB6
 593 01f1 1C000000 		.4byte	.LFE6-.LFB6
 594 01f5 01       		.uleb128 0x1
 595 01f6 9C       		.byte	0x9c
 596 01f7 15020000 		.4byte	0x215
 597 01fb 15       		.uleb128 0x15
 598 01fc 0D020000 		.4byte	.LASF24
 599 0200 01       		.byte	0x1
 600 0201 1101     		.2byte	0x111
 601 0203 6B000000 		.4byte	0x6b
 602 0207 7B000000 		.4byte	.LLST4
 603 020b 11       		.uleb128 0x11
 604 020c 18000000 		.4byte	.LVL17
 605 0210 19010000 		.4byte	0x119
 606 0214 00       		.byte	0
 607 0215 16       		.uleb128 0x16
 608 0216 F5000000 		.4byte	.LASF31
 609 021a 01       		.byte	0x1
 610 021b 1B       		.byte	0x1b
 611 021c 6B000000 		.4byte	0x6b
 612 0220 05       		.uleb128 0x5
 613 0221 03       		.byte	0x3
 614 0222 00000000 		.4byte	IDAC_therm_initVar
 615 0226 00       		.byte	0
 616              		.section	.debug_abbrev,"",%progbits
 617              	.Ldebug_abbrev0:
 618 0000 01       		.uleb128 0x1
 619 0001 11       		.uleb128 0x11
 620 0002 01       		.byte	0x1
 621 0003 25       		.uleb128 0x25
 622 0004 0E       		.uleb128 0xe
 623 0005 13       		.uleb128 0x13
 624 0006 0B       		.uleb128 0xb
 625 0007 03       		.uleb128 0x3
 626 0008 0E       		.uleb128 0xe
 627 0009 1B       		.uleb128 0x1b
 628 000a 0E       		.uleb128 0xe
 629 000b 55       		.uleb128 0x55
 630 000c 17       		.uleb128 0x17
 631 000d 11       		.uleb128 0x11
 632 000e 01       		.uleb128 0x1
 633 000f 10       		.uleb128 0x10
 634 0010 17       		.uleb128 0x17
 635 0011 00       		.byte	0
 636 0012 00       		.byte	0
 637 0013 02       		.uleb128 0x2
 638 0014 24       		.uleb128 0x24
 639 0015 00       		.byte	0
 640 0016 0B       		.uleb128 0xb
 641 0017 0B       		.uleb128 0xb
ARM GAS  C:\Users\chemi\AppData\Local\Temp\ccxlMrM8.s 			page 19


 642 0018 3E       		.uleb128 0x3e
 643 0019 0B       		.uleb128 0xb
 644 001a 03       		.uleb128 0x3
 645 001b 0E       		.uleb128 0xe
 646 001c 00       		.byte	0
 647 001d 00       		.byte	0
 648 001e 03       		.uleb128 0x3
 649 001f 24       		.uleb128 0x24
 650 0020 00       		.byte	0
 651 0021 0B       		.uleb128 0xb
 652 0022 0B       		.uleb128 0xb
 653 0023 3E       		.uleb128 0x3e
 654 0024 0B       		.uleb128 0xb
 655 0025 03       		.uleb128 0x3
 656 0026 08       		.uleb128 0x8
 657 0027 00       		.byte	0
 658 0028 00       		.byte	0
 659 0029 04       		.uleb128 0x4
 660 002a 16       		.uleb128 0x16
 661 002b 00       		.byte	0
 662 002c 03       		.uleb128 0x3
 663 002d 0E       		.uleb128 0xe
 664 002e 3A       		.uleb128 0x3a
 665 002f 0B       		.uleb128 0xb
 666 0030 3B       		.uleb128 0x3b
 667 0031 05       		.uleb128 0x5
 668 0032 49       		.uleb128 0x49
 669 0033 13       		.uleb128 0x13
 670 0034 00       		.byte	0
 671 0035 00       		.byte	0
 672 0036 05       		.uleb128 0x5
 673 0037 35       		.uleb128 0x35
 674 0038 00       		.byte	0
 675 0039 49       		.uleb128 0x49
 676 003a 13       		.uleb128 0x13
 677 003b 00       		.byte	0
 678 003c 00       		.byte	0
 679 003d 06       		.uleb128 0x6
 680 003e 2E       		.uleb128 0x2e
 681 003f 01       		.byte	0x1
 682 0040 3F       		.uleb128 0x3f
 683 0041 19       		.uleb128 0x19
 684 0042 03       		.uleb128 0x3
 685 0043 0E       		.uleb128 0xe
 686 0044 3A       		.uleb128 0x3a
 687 0045 0B       		.uleb128 0xb
 688 0046 3B       		.uleb128 0x3b
 689 0047 05       		.uleb128 0x5
 690 0048 27       		.uleb128 0x27
 691 0049 19       		.uleb128 0x19
 692 004a 20       		.uleb128 0x20
 693 004b 0B       		.uleb128 0xb
 694 004c 01       		.uleb128 0x1
 695 004d 13       		.uleb128 0x13
 696 004e 00       		.byte	0
 697 004f 00       		.byte	0
 698 0050 07       		.uleb128 0x7
ARM GAS  C:\Users\chemi\AppData\Local\Temp\ccxlMrM8.s 			page 20


 699 0051 05       		.uleb128 0x5
 700 0052 00       		.byte	0
 701 0053 03       		.uleb128 0x3
 702 0054 0E       		.uleb128 0xe
 703 0055 3A       		.uleb128 0x3a
 704 0056 0B       		.uleb128 0xb
 705 0057 3B       		.uleb128 0x3b
 706 0058 05       		.uleb128 0x5
 707 0059 49       		.uleb128 0x49
 708 005a 13       		.uleb128 0x13
 709 005b 00       		.byte	0
 710 005c 00       		.byte	0
 711 005d 08       		.uleb128 0x8
 712 005e 2E       		.uleb128 0x2e
 713 005f 00       		.byte	0
 714 0060 3F       		.uleb128 0x3f
 715 0061 19       		.uleb128 0x19
 716 0062 03       		.uleb128 0x3
 717 0063 0E       		.uleb128 0xe
 718 0064 3A       		.uleb128 0x3a
 719 0065 0B       		.uleb128 0xb
 720 0066 3B       		.uleb128 0x3b
 721 0067 0B       		.uleb128 0xb
 722 0068 27       		.uleb128 0x27
 723 0069 19       		.uleb128 0x19
 724 006a 11       		.uleb128 0x11
 725 006b 01       		.uleb128 0x1
 726 006c 12       		.uleb128 0x12
 727 006d 06       		.uleb128 0x6
 728 006e 40       		.uleb128 0x40
 729 006f 18       		.uleb128 0x18
 730 0070 9742     		.uleb128 0x2117
 731 0072 19       		.uleb128 0x19
 732 0073 00       		.byte	0
 733 0074 00       		.byte	0
 734 0075 09       		.uleb128 0x9
 735 0076 2E       		.uleb128 0x2e
 736 0077 01       		.byte	0x1
 737 0078 3F       		.uleb128 0x3f
 738 0079 19       		.uleb128 0x19
 739 007a 03       		.uleb128 0x3
 740 007b 0E       		.uleb128 0xe
 741 007c 3A       		.uleb128 0x3a
 742 007d 0B       		.uleb128 0xb
 743 007e 3B       		.uleb128 0x3b
 744 007f 0B       		.uleb128 0xb
 745 0080 27       		.uleb128 0x27
 746 0081 19       		.uleb128 0x19
 747 0082 11       		.uleb128 0x11
 748 0083 01       		.uleb128 0x1
 749 0084 12       		.uleb128 0x12
 750 0085 06       		.uleb128 0x6
 751 0086 40       		.uleb128 0x40
 752 0087 18       		.uleb128 0x18
 753 0088 9742     		.uleb128 0x2117
 754 008a 19       		.uleb128 0x19
 755 008b 01       		.uleb128 0x1
ARM GAS  C:\Users\chemi\AppData\Local\Temp\ccxlMrM8.s 			page 21


 756 008c 13       		.uleb128 0x13
 757 008d 00       		.byte	0
 758 008e 00       		.byte	0
 759 008f 0A       		.uleb128 0xa
 760 0090 05       		.uleb128 0x5
 761 0091 00       		.byte	0
 762 0092 03       		.uleb128 0x3
 763 0093 0E       		.uleb128 0xe
 764 0094 3A       		.uleb128 0x3a
 765 0095 0B       		.uleb128 0xb
 766 0096 3B       		.uleb128 0x3b
 767 0097 0B       		.uleb128 0xb
 768 0098 49       		.uleb128 0x49
 769 0099 13       		.uleb128 0x13
 770 009a 02       		.uleb128 0x2
 771 009b 17       		.uleb128 0x17
 772 009c 00       		.byte	0
 773 009d 00       		.byte	0
 774 009e 0B       		.uleb128 0xb
 775 009f 2E       		.uleb128 0x2e
 776 00a0 01       		.byte	0x1
 777 00a1 31       		.uleb128 0x31
 778 00a2 13       		.uleb128 0x13
 779 00a3 11       		.uleb128 0x11
 780 00a4 01       		.uleb128 0x1
 781 00a5 12       		.uleb128 0x12
 782 00a6 06       		.uleb128 0x6
 783 00a7 40       		.uleb128 0x40
 784 00a8 18       		.uleb128 0x18
 785 00a9 9742     		.uleb128 0x2117
 786 00ab 19       		.uleb128 0x19
 787 00ac 01       		.uleb128 0x1
 788 00ad 13       		.uleb128 0x13
 789 00ae 00       		.byte	0
 790 00af 00       		.byte	0
 791 00b0 0C       		.uleb128 0xc
 792 00b1 05       		.uleb128 0x5
 793 00b2 00       		.byte	0
 794 00b3 31       		.uleb128 0x31
 795 00b4 13       		.uleb128 0x13
 796 00b5 02       		.uleb128 0x2
 797 00b6 18       		.uleb128 0x18
 798 00b7 00       		.byte	0
 799 00b8 00       		.byte	0
 800 00b9 0D       		.uleb128 0xd
 801 00ba 2E       		.uleb128 0x2e
 802 00bb 01       		.byte	0x1
 803 00bc 3F       		.uleb128 0x3f
 804 00bd 19       		.uleb128 0x19
 805 00be 03       		.uleb128 0x3
 806 00bf 0E       		.uleb128 0xe
 807 00c0 3A       		.uleb128 0x3a
 808 00c1 0B       		.uleb128 0xb
 809 00c2 3B       		.uleb128 0x3b
 810 00c3 05       		.uleb128 0x5
 811 00c4 27       		.uleb128 0x27
 812 00c5 19       		.uleb128 0x19
ARM GAS  C:\Users\chemi\AppData\Local\Temp\ccxlMrM8.s 			page 22


 813 00c6 11       		.uleb128 0x11
 814 00c7 01       		.uleb128 0x1
 815 00c8 12       		.uleb128 0x12
 816 00c9 06       		.uleb128 0x6
 817 00ca 40       		.uleb128 0x40
 818 00cb 18       		.uleb128 0x18
 819 00cc 9742     		.uleb128 0x2117
 820 00ce 19       		.uleb128 0x19
 821 00cf 01       		.uleb128 0x1
 822 00d0 13       		.uleb128 0x13
 823 00d1 00       		.byte	0
 824 00d2 00       		.byte	0
 825 00d3 0E       		.uleb128 0xe
 826 00d4 34       		.uleb128 0x34
 827 00d5 00       		.byte	0
 828 00d6 03       		.uleb128 0x3
 829 00d7 0E       		.uleb128 0xe
 830 00d8 3A       		.uleb128 0x3a
 831 00d9 0B       		.uleb128 0xb
 832 00da 3B       		.uleb128 0x3b
 833 00db 05       		.uleb128 0x5
 834 00dc 49       		.uleb128 0x49
 835 00dd 13       		.uleb128 0x13
 836 00de 02       		.uleb128 0x2
 837 00df 17       		.uleb128 0x17
 838 00e0 00       		.byte	0
 839 00e1 00       		.byte	0
 840 00e2 0F       		.uleb128 0xf
 841 00e3 898201   		.uleb128 0x4109
 842 00e6 01       		.byte	0x1
 843 00e7 11       		.uleb128 0x11
 844 00e8 01       		.uleb128 0x1
 845 00e9 31       		.uleb128 0x31
 846 00ea 13       		.uleb128 0x13
 847 00eb 01       		.uleb128 0x1
 848 00ec 13       		.uleb128 0x13
 849 00ed 00       		.byte	0
 850 00ee 00       		.byte	0
 851 00ef 10       		.uleb128 0x10
 852 00f0 8A8201   		.uleb128 0x410a
 853 00f3 00       		.byte	0
 854 00f4 02       		.uleb128 0x2
 855 00f5 18       		.uleb128 0x18
 856 00f6 9142     		.uleb128 0x2111
 857 00f8 18       		.uleb128 0x18
 858 00f9 00       		.byte	0
 859 00fa 00       		.byte	0
 860 00fb 11       		.uleb128 0x11
 861 00fc 898201   		.uleb128 0x4109
 862 00ff 00       		.byte	0
 863 0100 11       		.uleb128 0x11
 864 0101 01       		.uleb128 0x1
 865 0102 9542     		.uleb128 0x2115
 866 0104 19       		.uleb128 0x19
 867 0105 31       		.uleb128 0x31
 868 0106 13       		.uleb128 0x13
 869 0107 00       		.byte	0
ARM GAS  C:\Users\chemi\AppData\Local\Temp\ccxlMrM8.s 			page 23


 870 0108 00       		.byte	0
 871 0109 12       		.uleb128 0x12
 872 010a 1D       		.uleb128 0x1d
 873 010b 01       		.byte	0x1
 874 010c 31       		.uleb128 0x31
 875 010d 13       		.uleb128 0x13
 876 010e 11       		.uleb128 0x11
 877 010f 01       		.uleb128 0x1
 878 0110 12       		.uleb128 0x12
 879 0111 06       		.uleb128 0x6
 880 0112 58       		.uleb128 0x58
 881 0113 0B       		.uleb128 0xb
 882 0114 59       		.uleb128 0x59
 883 0115 0B       		.uleb128 0xb
 884 0116 01       		.uleb128 0x1
 885 0117 13       		.uleb128 0x13
 886 0118 00       		.byte	0
 887 0119 00       		.byte	0
 888 011a 13       		.uleb128 0x13
 889 011b 05       		.uleb128 0x5
 890 011c 00       		.byte	0
 891 011d 31       		.uleb128 0x31
 892 011e 13       		.uleb128 0x13
 893 011f 02       		.uleb128 0x2
 894 0120 17       		.uleb128 0x17
 895 0121 00       		.byte	0
 896 0122 00       		.byte	0
 897 0123 14       		.uleb128 0x14
 898 0124 898201   		.uleb128 0x4109
 899 0127 00       		.byte	0
 900 0128 11       		.uleb128 0x11
 901 0129 01       		.uleb128 0x1
 902 012a 31       		.uleb128 0x31
 903 012b 13       		.uleb128 0x13
 904 012c 00       		.byte	0
 905 012d 00       		.byte	0
 906 012e 15       		.uleb128 0x15
 907 012f 05       		.uleb128 0x5
 908 0130 00       		.byte	0
 909 0131 03       		.uleb128 0x3
 910 0132 0E       		.uleb128 0xe
 911 0133 3A       		.uleb128 0x3a
 912 0134 0B       		.uleb128 0xb
 913 0135 3B       		.uleb128 0x3b
 914 0136 05       		.uleb128 0x5
 915 0137 49       		.uleb128 0x49
 916 0138 13       		.uleb128 0x13
 917 0139 02       		.uleb128 0x2
 918 013a 17       		.uleb128 0x17
 919 013b 00       		.byte	0
 920 013c 00       		.byte	0
 921 013d 16       		.uleb128 0x16
 922 013e 34       		.uleb128 0x34
 923 013f 00       		.byte	0
 924 0140 03       		.uleb128 0x3
 925 0141 0E       		.uleb128 0xe
 926 0142 3A       		.uleb128 0x3a
ARM GAS  C:\Users\chemi\AppData\Local\Temp\ccxlMrM8.s 			page 24


 927 0143 0B       		.uleb128 0xb
 928 0144 3B       		.uleb128 0x3b
 929 0145 0B       		.uleb128 0xb
 930 0146 49       		.uleb128 0x49
 931 0147 13       		.uleb128 0x13
 932 0148 3F       		.uleb128 0x3f
 933 0149 19       		.uleb128 0x19
 934 014a 02       		.uleb128 0x2
 935 014b 18       		.uleb128 0x18
 936 014c 00       		.byte	0
 937 014d 00       		.byte	0
 938 014e 00       		.byte	0
 939              		.section	.debug_loc,"",%progbits
 940              	.Ldebug_loc0:
 941              	.LLST0:
 942 0000 00000000 		.4byte	.LVL0
 943 0004 06000000 		.4byte	.LVL1
 944 0008 0100     		.2byte	0x1
 945 000a 50       		.byte	0x50
 946 000b 06000000 		.4byte	.LVL1
 947 000f 1C000000 		.4byte	.LFE4
 948 0013 0400     		.2byte	0x4
 949 0015 F3       		.byte	0xf3
 950 0016 01       		.uleb128 0x1
 951 0017 50       		.byte	0x50
 952 0018 9F       		.byte	0x9f
 953 0019 00000000 		.4byte	0
 954 001d 00000000 		.4byte	0
 955              	.LLST1:
 956 0021 0E000000 		.4byte	.LVL3
 957 0025 18000000 		.4byte	.LVL5
 958 0029 0100     		.2byte	0x1
 959 002b 53       		.byte	0x53
 960 002c 18000000 		.4byte	.LVL5
 961 0030 1C000000 		.4byte	.LVL6
 962 0034 0700     		.2byte	0x7
 963 0036 73       		.byte	0x73
 964 0037 808080B8 		.sleb128 -1224736768
 964      7B
 965 003c 9F       		.byte	0x9f
 966 003d 00000000 		.4byte	0
 967 0041 00000000 		.4byte	0
 968              	.LLST2:
 969 0045 14000000 		.4byte	.LVL10
 970 0049 1A000000 		.4byte	.LVL11
 971 004d 0300     		.2byte	0x3
 972 004f 08       		.byte	0x8
 973 0050 78       		.byte	0x78
 974 0051 9F       		.byte	0x9f
 975 0052 00000000 		.4byte	0
 976 0056 00000000 		.4byte	0
 977              	.LLST3:
 978 005a 00000000 		.4byte	.LVL12
 979 005e 06000000 		.4byte	.LVL13
 980 0062 0100     		.2byte	0x1
 981 0064 50       		.byte	0x50
 982 0065 06000000 		.4byte	.LVL13
ARM GAS  C:\Users\chemi\AppData\Local\Temp\ccxlMrM8.s 			page 25


 983 0069 1C000000 		.4byte	.LFE5
 984 006d 0400     		.2byte	0x4
 985 006f F3       		.byte	0xf3
 986 0070 01       		.uleb128 0x1
 987 0071 50       		.byte	0x50
 988 0072 9F       		.byte	0x9f
 989 0073 00000000 		.4byte	0
 990 0077 00000000 		.4byte	0
 991              	.LLST4:
 992 007b 00000000 		.4byte	.LVL15
 993 007f 06000000 		.4byte	.LVL16
 994 0083 0100     		.2byte	0x1
 995 0085 50       		.byte	0x50
 996 0086 06000000 		.4byte	.LVL16
 997 008a 1C000000 		.4byte	.LFE6
 998 008e 0400     		.2byte	0x4
 999 0090 F3       		.byte	0xf3
 1000 0091 01       		.uleb128 0x1
 1001 0092 50       		.byte	0x50
 1002 0093 9F       		.byte	0x9f
 1003 0094 00000000 		.4byte	0
 1004 0098 00000000 		.4byte	0
 1005              		.section	.debug_aranges,"",%progbits
 1006 0000 5C000000 		.4byte	0x5c
 1007 0004 0200     		.2byte	0x2
 1008 0006 00000000 		.4byte	.Ldebug_info0
 1009 000a 04       		.byte	0x4
 1010 000b 00       		.byte	0
 1011 000c 0000     		.2byte	0
 1012 000e 0000     		.2byte	0
 1013 0010 00000000 		.4byte	.LFB1
 1014 0014 18000000 		.4byte	.LFE1-.LFB1
 1015 0018 00000000 		.4byte	.LFB3
 1016 001c 18000000 		.4byte	.LFE3-.LFB3
 1017 0020 00000000 		.4byte	.LFB4
 1018 0024 1C000000 		.4byte	.LFE4-.LFB4
 1019 0028 00000000 		.4byte	.LFB7
 1020 002c 0C000000 		.4byte	.LFE7-.LFB7
 1021 0030 00000000 		.4byte	.LFB8
 1022 0034 30000000 		.4byte	.LFE8-.LFB8
 1023 0038 00000000 		.4byte	.LFB0
 1024 003c 24000000 		.4byte	.LFE0-.LFB0
 1025 0040 00000000 		.4byte	.LFB2
 1026 0044 24000000 		.4byte	.LFE2-.LFB2
 1027 0048 00000000 		.4byte	.LFB5
 1028 004c 1C000000 		.4byte	.LFE5-.LFB5
 1029 0050 00000000 		.4byte	.LFB6
 1030 0054 1C000000 		.4byte	.LFE6-.LFB6
 1031 0058 00000000 		.4byte	0
 1032 005c 00000000 		.4byte	0
 1033              		.section	.debug_ranges,"",%progbits
 1034              	.Ldebug_ranges0:
 1035 0000 00000000 		.4byte	.LFB1
 1036 0004 18000000 		.4byte	.LFE1
 1037 0008 00000000 		.4byte	.LFB3
 1038 000c 18000000 		.4byte	.LFE3
 1039 0010 00000000 		.4byte	.LFB4
ARM GAS  C:\Users\chemi\AppData\Local\Temp\ccxlMrM8.s 			page 26


 1040 0014 1C000000 		.4byte	.LFE4
 1041 0018 00000000 		.4byte	.LFB7
 1042 001c 0C000000 		.4byte	.LFE7
 1043 0020 00000000 		.4byte	.LFB8
 1044 0024 30000000 		.4byte	.LFE8
 1045 0028 00000000 		.4byte	.LFB0
 1046 002c 24000000 		.4byte	.LFE0
 1047 0030 00000000 		.4byte	.LFB2
 1048 0034 24000000 		.4byte	.LFE2
 1049 0038 00000000 		.4byte	.LFB5
 1050 003c 1C000000 		.4byte	.LFE5
 1051 0040 00000000 		.4byte	.LFB6
 1052 0044 1C000000 		.4byte	.LFE6
 1053 0048 00000000 		.4byte	0
 1054 004c 00000000 		.4byte	0
 1055              		.section	.debug_line,"",%progbits
 1056              	.Ldebug_line0:
 1057 0000 0D010000 		.section	.debug_str,"MS",%progbits,1
 1057      02004700 
 1057      00000201 
 1057      FB0E0D00 
 1057      01010101 
 1058              	.LASF20:
 1059 0000 49444143 		.ascii	"IDAC_therm_SetPolarity\000"
 1059      5F746865 
 1059      726D5F53 
 1059      6574506F 
 1059      6C617269 
 1060              	.LASF15:
 1061 0017 49444143 		.ascii	"IDAC_therm_Stop\000"
 1061      5F746865 
 1061      726D5F53 
 1061      746F7000 
 1062              	.LASF2:
 1063 0027 73686F72 		.ascii	"short int\000"
 1063      7420696E 
 1063      7400
 1064              	.LASF25:
 1065 0031 474E5520 		.ascii	"GNU C99 5.4.1 20160609 (release) [ARM/embedded-5-br"
 1065      43393920 
 1065      352E342E 
 1065      31203230 
 1065      31363036 
 1066 0064 616E6368 		.ascii	"anch revision 237715] -mcpu=cortex-m3 -mthumb -g -O"
 1066      20726576 
 1066      6973696F 
 1066      6E203233 
 1066      37373135 
 1067 0097 73202D73 		.ascii	"s -std=gnu99 -ffunction-sections -ffat-lto-objects\000"
 1067      74643D67 
 1067      6E753939 
 1067      202D6666 
 1067      756E6374 
 1068              	.LASF30:
 1069 00ca 6D6F6465 		.ascii	"mode\000"
 1069      00
 1070              	.LASF23:
ARM GAS  C:\Users\chemi\AppData\Local\Temp\ccxlMrM8.s 			page 27


 1071 00cf 49444143 		.ascii	"IDAC_therm_SetRange\000"
 1071      5F746865 
 1071      726D5F53 
 1071      65745261 
 1071      6E676500 
 1072              	.LASF29:
 1073 00e3 76616C75 		.ascii	"value\000"
 1073      6500
 1074              	.LASF12:
 1075 00e9 75696E74 		.ascii	"uint8\000"
 1075      3800
 1076              	.LASF9:
 1077 00ef 666C6F61 		.ascii	"float\000"
 1077      7400
 1078              	.LASF31:
 1079 00f5 49444143 		.ascii	"IDAC_therm_initVar\000"
 1079      5F746865 
 1079      726D5F69 
 1079      6E697456 
 1079      617200
 1080              	.LASF6:
 1081 0108 6C6F6E67 		.ascii	"long long int\000"
 1081      206C6F6E 
 1081      6720696E 
 1081      7400
 1082              	.LASF4:
 1083 0116 6C6F6E67 		.ascii	"long int\000"
 1083      20696E74 
 1083      00
 1084              	.LASF19:
 1085 011f 49444143 		.ascii	"IDAC_therm_Start\000"
 1085      5F746865 
 1085      726D5F53 
 1085      74617274 
 1085      00
 1086              	.LASF1:
 1087 0130 756E7369 		.ascii	"unsigned char\000"
 1087      676E6564 
 1087      20636861 
 1087      7200
 1088              	.LASF22:
 1089 013e 706F6C61 		.ascii	"polarity\000"
 1089      72697479 
 1089      00
 1090              	.LASF0:
 1091 0147 7369676E 		.ascii	"signed char\000"
 1091      65642063 
 1091      68617200 
 1092              	.LASF7:
 1093 0153 6C6F6E67 		.ascii	"long long unsigned int\000"
 1093      206C6F6E 
 1093      6720756E 
 1093      7369676E 
 1093      65642069 
 1094              	.LASF28:
 1095 016a 49444143 		.ascii	"IDAC_therm_SetValue\000"
 1095      5F746865 
ARM GAS  C:\Users\chemi\AppData\Local\Temp\ccxlMrM8.s 			page 28


 1095      726D5F53 
 1095      65745661 
 1095      6C756500 
 1096              	.LASF8:
 1097 017e 756E7369 		.ascii	"unsigned int\000"
 1097      676E6564 
 1097      20696E74 
 1097      00
 1098              	.LASF21:
 1099 018b 73706565 		.ascii	"speed\000"
 1099      6400
 1100              	.LASF18:
 1101 0191 49444143 		.ascii	"IDAC_therm_Init\000"
 1101      5F746865 
 1101      726D5F49 
 1101      6E697400 
 1102              	.LASF3:
 1103 01a1 73686F72 		.ascii	"short unsigned int\000"
 1103      7420756E 
 1103      7369676E 
 1103      65642069 
 1103      6E7400
 1104              	.LASF11:
 1105 01b4 63686172 		.ascii	"char\000"
 1105      00
 1106              	.LASF13:
 1107 01b9 72656738 		.ascii	"reg8\000"
 1107      00
 1108              	.LASF5:
 1109 01be 6C6F6E67 		.ascii	"long unsigned int\000"
 1109      20756E73 
 1109      69676E65 
 1109      6420696E 
 1109      7400
 1110              	.LASF26:
 1111 01d0 47656E65 		.ascii	"Generated_Source\\PSoC5\\IDAC_therm.c\000"
 1111      72617465 
 1111      645F536F 
 1111      75726365 
 1111      5C50536F 
 1112              	.LASF10:
 1113 01f4 646F7562 		.ascii	"double\000"
 1113      6C6500
 1114              	.LASF14:
 1115 01fb 49444143 		.ascii	"IDAC_therm_Enable\000"
 1115      5F746865 
 1115      726D5F45 
 1115      6E61626C 
 1115      6500
 1116              	.LASF24:
 1117 020d 72616E67 		.ascii	"range\000"
 1117      6500
 1118              	.LASF17:
 1119 0213 49444143 		.ascii	"IDAC_therm_DacTrim\000"
 1119      5F746865 
 1119      726D5F44 
 1119      61635472 
ARM GAS  C:\Users\chemi\AppData\Local\Temp\ccxlMrM8.s 			page 29


 1119      696D00
 1120              	.LASF16:
 1121 0226 49444143 		.ascii	"IDAC_therm_SetSpeed\000"
 1121      5F746865 
 1121      726D5F53 
 1121      65745370 
 1121      65656400 
 1122              	.LASF27:
 1123 023a 433A5C55 		.ascii	"C:\\Users\\chemi\\UD3_QCW\\UD3_QFN.cydsn\000"
 1123      73657273 
 1123      5C636865 
 1123      6D695C55 
 1123      44335F51 
 1124              		.ident	"GCC: (GNU Tools for ARM Embedded Processors) 5.4.1 20160609 (release) [ARM/embedded-5-bran
