ARM GAS  C:\Users\chemi\AppData\Local\Temp\ccrRi8y8.s 			page 1


   1              		.syntax unified
   2              		.cpu cortex-m3
   3              		.fpu softvfp
   4              		.eabi_attribute 20, 1
   5              		.eabi_attribute 21, 1
   6              		.eabi_attribute 23, 3
   7              		.eabi_attribute 24, 1
   8              		.eabi_attribute 25, 1
   9              		.eabi_attribute 26, 1
  10              		.eabi_attribute 30, 4
  11              		.eabi_attribute 34, 1
  12              		.eabi_attribute 18, 4
  13              		.thumb
  14              		.syntax unified
  15              		.file	"interrupterIRQ.c"
  16              		.text
  17              	.Ltext0:
  18              		.cfi_sections	.debug_frame
  19              		.section	.text.interrupterIRQ_Interrupt,"ax",%progbits
  20              		.align	1
  21              		.global	interrupterIRQ_Interrupt
  22              		.thumb
  23              		.thumb_func
  24              		.type	interrupterIRQ_Interrupt, %function
  25              	interrupterIRQ_Interrupt:
  26              	.LFB3:
  27              		.file 1 "Generated_Source\\PSoC5\\interrupterIRQ.c"
   1:Generated_Source\PSoC5/interrupterIRQ.c **** /*******************************************************************************
   2:Generated_Source\PSoC5/interrupterIRQ.c **** * File Name: interrupterIRQ.c  
   3:Generated_Source\PSoC5/interrupterIRQ.c **** * Version 1.71
   4:Generated_Source\PSoC5/interrupterIRQ.c **** *
   5:Generated_Source\PSoC5/interrupterIRQ.c **** *  Description:
   6:Generated_Source\PSoC5/interrupterIRQ.c **** *   API for controlling the state of an interrupt.
   7:Generated_Source\PSoC5/interrupterIRQ.c **** *
   8:Generated_Source\PSoC5/interrupterIRQ.c **** *
   9:Generated_Source\PSoC5/interrupterIRQ.c **** *  Note:
  10:Generated_Source\PSoC5/interrupterIRQ.c **** *
  11:Generated_Source\PSoC5/interrupterIRQ.c **** ********************************************************************************
  12:Generated_Source\PSoC5/interrupterIRQ.c **** * Copyright 2008-2015, Cypress Semiconductor Corporation.  All rights reserved.
  13:Generated_Source\PSoC5/interrupterIRQ.c **** * You may use this file only in accordance with the license, terms, conditions, 
  14:Generated_Source\PSoC5/interrupterIRQ.c **** * disclaimers, and limitations in the end user license agreement accompanying 
  15:Generated_Source\PSoC5/interrupterIRQ.c **** * the software package with which this file was provided.
  16:Generated_Source\PSoC5/interrupterIRQ.c **** *******************************************************************************/
  17:Generated_Source\PSoC5/interrupterIRQ.c **** 
  18:Generated_Source\PSoC5/interrupterIRQ.c **** 
  19:Generated_Source\PSoC5/interrupterIRQ.c **** #include <cydevice_trm.h>
  20:Generated_Source\PSoC5/interrupterIRQ.c **** #include <CyLib.h>
  21:Generated_Source\PSoC5/interrupterIRQ.c **** #include <interrupterIRQ.h>
  22:Generated_Source\PSoC5/interrupterIRQ.c **** 
  23:Generated_Source\PSoC5/interrupterIRQ.c **** 
  24:Generated_Source\PSoC5/interrupterIRQ.c **** #if !defined(interrupterIRQ__REMOVED) /* Check for removal by optimization */
  25:Generated_Source\PSoC5/interrupterIRQ.c **** 
  26:Generated_Source\PSoC5/interrupterIRQ.c **** /*******************************************************************************
  27:Generated_Source\PSoC5/interrupterIRQ.c **** *  Place your includes, defines and code here 
  28:Generated_Source\PSoC5/interrupterIRQ.c **** ********************************************************************************/
  29:Generated_Source\PSoC5/interrupterIRQ.c **** /* `#START interrupterIRQ_intc` */
  30:Generated_Source\PSoC5/interrupterIRQ.c **** 
ARM GAS  C:\Users\chemi\AppData\Local\Temp\ccrRi8y8.s 			page 2


  31:Generated_Source\PSoC5/interrupterIRQ.c **** /* `#END` */
  32:Generated_Source\PSoC5/interrupterIRQ.c **** 
  33:Generated_Source\PSoC5/interrupterIRQ.c **** #ifndef CYINT_IRQ_BASE
  34:Generated_Source\PSoC5/interrupterIRQ.c **** #define CYINT_IRQ_BASE      16
  35:Generated_Source\PSoC5/interrupterIRQ.c **** #endif /* CYINT_IRQ_BASE */
  36:Generated_Source\PSoC5/interrupterIRQ.c **** #ifndef CYINT_VECT_TABLE
  37:Generated_Source\PSoC5/interrupterIRQ.c **** #define CYINT_VECT_TABLE    ((cyisraddress **) CYREG_NVIC_VECT_OFFSET)
  38:Generated_Source\PSoC5/interrupterIRQ.c **** #endif /* CYINT_VECT_TABLE */
  39:Generated_Source\PSoC5/interrupterIRQ.c **** 
  40:Generated_Source\PSoC5/interrupterIRQ.c **** /* Declared in startup, used to set unused interrupts to. */
  41:Generated_Source\PSoC5/interrupterIRQ.c **** CY_ISR_PROTO(IntDefaultHandler);
  42:Generated_Source\PSoC5/interrupterIRQ.c **** 
  43:Generated_Source\PSoC5/interrupterIRQ.c **** 
  44:Generated_Source\PSoC5/interrupterIRQ.c **** /*******************************************************************************
  45:Generated_Source\PSoC5/interrupterIRQ.c **** * Function Name: interrupterIRQ_Start
  46:Generated_Source\PSoC5/interrupterIRQ.c **** ********************************************************************************
  47:Generated_Source\PSoC5/interrupterIRQ.c **** *
  48:Generated_Source\PSoC5/interrupterIRQ.c **** * Summary:
  49:Generated_Source\PSoC5/interrupterIRQ.c **** *  Set up the interrupt and enable it. This function disables the interrupt, 
  50:Generated_Source\PSoC5/interrupterIRQ.c **** *  sets the default interrupt vector, sets the priority from the value in the
  51:Generated_Source\PSoC5/interrupterIRQ.c **** *  Design Wide Resources Interrupt Editor, then enables the interrupt to the 
  52:Generated_Source\PSoC5/interrupterIRQ.c **** *  interrupt controller.
  53:Generated_Source\PSoC5/interrupterIRQ.c **** *
  54:Generated_Source\PSoC5/interrupterIRQ.c **** * Parameters:  
  55:Generated_Source\PSoC5/interrupterIRQ.c **** *   None
  56:Generated_Source\PSoC5/interrupterIRQ.c **** *
  57:Generated_Source\PSoC5/interrupterIRQ.c **** * Return:
  58:Generated_Source\PSoC5/interrupterIRQ.c **** *   None
  59:Generated_Source\PSoC5/interrupterIRQ.c **** *
  60:Generated_Source\PSoC5/interrupterIRQ.c **** *******************************************************************************/
  61:Generated_Source\PSoC5/interrupterIRQ.c **** void interrupterIRQ_Start(void)
  62:Generated_Source\PSoC5/interrupterIRQ.c **** {
  63:Generated_Source\PSoC5/interrupterIRQ.c ****     /* For all we know the interrupt is active. */
  64:Generated_Source\PSoC5/interrupterIRQ.c ****     interrupterIRQ_Disable();
  65:Generated_Source\PSoC5/interrupterIRQ.c **** 
  66:Generated_Source\PSoC5/interrupterIRQ.c ****     /* Set the ISR to point to the interrupterIRQ Interrupt. */
  67:Generated_Source\PSoC5/interrupterIRQ.c ****     interrupterIRQ_SetVector(&interrupterIRQ_Interrupt);
  68:Generated_Source\PSoC5/interrupterIRQ.c **** 
  69:Generated_Source\PSoC5/interrupterIRQ.c ****     /* Set the priority. */
  70:Generated_Source\PSoC5/interrupterIRQ.c ****     interrupterIRQ_SetPriority((uint8)interrupterIRQ_INTC_PRIOR_NUMBER);
  71:Generated_Source\PSoC5/interrupterIRQ.c **** 
  72:Generated_Source\PSoC5/interrupterIRQ.c ****     /* Enable it. */
  73:Generated_Source\PSoC5/interrupterIRQ.c ****     interrupterIRQ_Enable();
  74:Generated_Source\PSoC5/interrupterIRQ.c **** }
  75:Generated_Source\PSoC5/interrupterIRQ.c **** 
  76:Generated_Source\PSoC5/interrupterIRQ.c **** 
  77:Generated_Source\PSoC5/interrupterIRQ.c **** /*******************************************************************************
  78:Generated_Source\PSoC5/interrupterIRQ.c **** * Function Name: interrupterIRQ_StartEx
  79:Generated_Source\PSoC5/interrupterIRQ.c **** ********************************************************************************
  80:Generated_Source\PSoC5/interrupterIRQ.c **** *
  81:Generated_Source\PSoC5/interrupterIRQ.c **** * Summary:
  82:Generated_Source\PSoC5/interrupterIRQ.c **** *  Sets up the interrupt and enables it. This function disables the interrupt,
  83:Generated_Source\PSoC5/interrupterIRQ.c **** *  sets the interrupt vector based on the address passed in, sets the priority 
  84:Generated_Source\PSoC5/interrupterIRQ.c **** *  from the value in the Design Wide Resources Interrupt Editor, then enables 
  85:Generated_Source\PSoC5/interrupterIRQ.c **** *  the interrupt to the interrupt controller.
  86:Generated_Source\PSoC5/interrupterIRQ.c **** *  
  87:Generated_Source\PSoC5/interrupterIRQ.c **** *  When defining ISR functions, the CY_ISR and CY_ISR_PROTO macros should be 
ARM GAS  C:\Users\chemi\AppData\Local\Temp\ccrRi8y8.s 			page 3


  88:Generated_Source\PSoC5/interrupterIRQ.c **** *  used to provide consistent definition across compilers:
  89:Generated_Source\PSoC5/interrupterIRQ.c **** *  
  90:Generated_Source\PSoC5/interrupterIRQ.c **** *  Function definition example:
  91:Generated_Source\PSoC5/interrupterIRQ.c **** *   CY_ISR(MyISR)
  92:Generated_Source\PSoC5/interrupterIRQ.c **** *   {
  93:Generated_Source\PSoC5/interrupterIRQ.c **** *   }
  94:Generated_Source\PSoC5/interrupterIRQ.c **** *   Function prototype example:
  95:Generated_Source\PSoC5/interrupterIRQ.c **** *   CY_ISR_PROTO(MyISR);
  96:Generated_Source\PSoC5/interrupterIRQ.c **** *
  97:Generated_Source\PSoC5/interrupterIRQ.c **** * Parameters:  
  98:Generated_Source\PSoC5/interrupterIRQ.c **** *   address: Address of the ISR to set in the interrupt vector table.
  99:Generated_Source\PSoC5/interrupterIRQ.c **** *
 100:Generated_Source\PSoC5/interrupterIRQ.c **** * Return:
 101:Generated_Source\PSoC5/interrupterIRQ.c **** *   None
 102:Generated_Source\PSoC5/interrupterIRQ.c **** *
 103:Generated_Source\PSoC5/interrupterIRQ.c **** *******************************************************************************/
 104:Generated_Source\PSoC5/interrupterIRQ.c **** void interrupterIRQ_StartEx(cyisraddress address)
 105:Generated_Source\PSoC5/interrupterIRQ.c **** {
 106:Generated_Source\PSoC5/interrupterIRQ.c ****     /* For all we know the interrupt is active. */
 107:Generated_Source\PSoC5/interrupterIRQ.c ****     interrupterIRQ_Disable();
 108:Generated_Source\PSoC5/interrupterIRQ.c **** 
 109:Generated_Source\PSoC5/interrupterIRQ.c ****     /* Set the ISR to point to the interrupterIRQ Interrupt. */
 110:Generated_Source\PSoC5/interrupterIRQ.c ****     interrupterIRQ_SetVector(address);
 111:Generated_Source\PSoC5/interrupterIRQ.c **** 
 112:Generated_Source\PSoC5/interrupterIRQ.c ****     /* Set the priority. */
 113:Generated_Source\PSoC5/interrupterIRQ.c ****     interrupterIRQ_SetPriority((uint8)interrupterIRQ_INTC_PRIOR_NUMBER);
 114:Generated_Source\PSoC5/interrupterIRQ.c **** 
 115:Generated_Source\PSoC5/interrupterIRQ.c ****     /* Enable it. */
 116:Generated_Source\PSoC5/interrupterIRQ.c ****     interrupterIRQ_Enable();
 117:Generated_Source\PSoC5/interrupterIRQ.c **** }
 118:Generated_Source\PSoC5/interrupterIRQ.c **** 
 119:Generated_Source\PSoC5/interrupterIRQ.c **** 
 120:Generated_Source\PSoC5/interrupterIRQ.c **** /*******************************************************************************
 121:Generated_Source\PSoC5/interrupterIRQ.c **** * Function Name: interrupterIRQ_Stop
 122:Generated_Source\PSoC5/interrupterIRQ.c **** ********************************************************************************
 123:Generated_Source\PSoC5/interrupterIRQ.c **** *
 124:Generated_Source\PSoC5/interrupterIRQ.c **** * Summary:
 125:Generated_Source\PSoC5/interrupterIRQ.c **** *   Disables and removes the interrupt.
 126:Generated_Source\PSoC5/interrupterIRQ.c **** *
 127:Generated_Source\PSoC5/interrupterIRQ.c **** * Parameters:  
 128:Generated_Source\PSoC5/interrupterIRQ.c **** *   None
 129:Generated_Source\PSoC5/interrupterIRQ.c **** *
 130:Generated_Source\PSoC5/interrupterIRQ.c **** * Return:
 131:Generated_Source\PSoC5/interrupterIRQ.c **** *   None
 132:Generated_Source\PSoC5/interrupterIRQ.c **** *
 133:Generated_Source\PSoC5/interrupterIRQ.c **** *******************************************************************************/
 134:Generated_Source\PSoC5/interrupterIRQ.c **** void interrupterIRQ_Stop(void)
 135:Generated_Source\PSoC5/interrupterIRQ.c **** {
 136:Generated_Source\PSoC5/interrupterIRQ.c ****     /* Disable this interrupt. */
 137:Generated_Source\PSoC5/interrupterIRQ.c ****     interrupterIRQ_Disable();
 138:Generated_Source\PSoC5/interrupterIRQ.c **** 
 139:Generated_Source\PSoC5/interrupterIRQ.c ****     /* Set the ISR to point to the passive one. */
 140:Generated_Source\PSoC5/interrupterIRQ.c ****     interrupterIRQ_SetVector(&IntDefaultHandler);
 141:Generated_Source\PSoC5/interrupterIRQ.c **** }
 142:Generated_Source\PSoC5/interrupterIRQ.c **** 
 143:Generated_Source\PSoC5/interrupterIRQ.c **** 
 144:Generated_Source\PSoC5/interrupterIRQ.c **** /*******************************************************************************
ARM GAS  C:\Users\chemi\AppData\Local\Temp\ccrRi8y8.s 			page 4


 145:Generated_Source\PSoC5/interrupterIRQ.c **** * Function Name: interrupterIRQ_Interrupt
 146:Generated_Source\PSoC5/interrupterIRQ.c **** ********************************************************************************
 147:Generated_Source\PSoC5/interrupterIRQ.c **** *
 148:Generated_Source\PSoC5/interrupterIRQ.c **** * Summary:
 149:Generated_Source\PSoC5/interrupterIRQ.c **** *   The default Interrupt Service Routine for interrupterIRQ.
 150:Generated_Source\PSoC5/interrupterIRQ.c **** *
 151:Generated_Source\PSoC5/interrupterIRQ.c **** *   Add custom code between the coments to keep the next version of this file
 152:Generated_Source\PSoC5/interrupterIRQ.c **** *   from over writting your code.
 153:Generated_Source\PSoC5/interrupterIRQ.c **** *
 154:Generated_Source\PSoC5/interrupterIRQ.c **** * Parameters:  
 155:Generated_Source\PSoC5/interrupterIRQ.c **** *
 156:Generated_Source\PSoC5/interrupterIRQ.c **** * Return:
 157:Generated_Source\PSoC5/interrupterIRQ.c **** *   None
 158:Generated_Source\PSoC5/interrupterIRQ.c **** *
 159:Generated_Source\PSoC5/interrupterIRQ.c **** *******************************************************************************/
 160:Generated_Source\PSoC5/interrupterIRQ.c **** CY_ISR(interrupterIRQ_Interrupt)
 161:Generated_Source\PSoC5/interrupterIRQ.c **** {
  28              		.loc 1 161 0
  29              		.cfi_startproc
  30              		@ args = 0, pretend = 0, frame = 0
  31              		@ frame_needed = 0, uses_anonymous_args = 0
  32              		@ link register save eliminated.
  33 0000 7047     		bx	lr
  34              		.cfi_endproc
  35              	.LFE3:
  36              		.size	interrupterIRQ_Interrupt, .-interrupterIRQ_Interrupt
  37              		.section	.text.interrupterIRQ_Start,"ax",%progbits
  38              		.align	1
  39              		.global	interrupterIRQ_Start
  40              		.thumb
  41              		.thumb_func
  42              		.type	interrupterIRQ_Start, %function
  43              	interrupterIRQ_Start:
  44              	.LFB0:
  62:Generated_Source\PSoC5/interrupterIRQ.c ****     /* For all we know the interrupt is active. */
  45              		.loc 1 62 0
  46              		.cfi_startproc
  47              		@ args = 0, pretend = 0, frame = 0
  48              		@ frame_needed = 0, uses_anonymous_args = 0
  49              		@ link register save eliminated.
  50              	.LBB22:
  51              	.LBB23:
 162:Generated_Source\PSoC5/interrupterIRQ.c ****     #ifdef interrupterIRQ_INTERRUPT_INTERRUPT_CALLBACK
 163:Generated_Source\PSoC5/interrupterIRQ.c ****         interrupterIRQ_Interrupt_InterruptCallback();
 164:Generated_Source\PSoC5/interrupterIRQ.c ****     #endif /* interrupterIRQ_INTERRUPT_INTERRUPT_CALLBACK */ 
 165:Generated_Source\PSoC5/interrupterIRQ.c **** 
 166:Generated_Source\PSoC5/interrupterIRQ.c ****     /*  Place your Interrupt code here. */
 167:Generated_Source\PSoC5/interrupterIRQ.c ****     /* `#START interrupterIRQ_Interrupt` */
 168:Generated_Source\PSoC5/interrupterIRQ.c **** 
 169:Generated_Source\PSoC5/interrupterIRQ.c ****     /* `#END` */
 170:Generated_Source\PSoC5/interrupterIRQ.c **** }
 171:Generated_Source\PSoC5/interrupterIRQ.c **** 
 172:Generated_Source\PSoC5/interrupterIRQ.c **** 
 173:Generated_Source\PSoC5/interrupterIRQ.c **** /*******************************************************************************
 174:Generated_Source\PSoC5/interrupterIRQ.c **** * Function Name: interrupterIRQ_SetVector
 175:Generated_Source\PSoC5/interrupterIRQ.c **** ********************************************************************************
 176:Generated_Source\PSoC5/interrupterIRQ.c **** *
ARM GAS  C:\Users\chemi\AppData\Local\Temp\ccrRi8y8.s 			page 5


 177:Generated_Source\PSoC5/interrupterIRQ.c **** * Summary:
 178:Generated_Source\PSoC5/interrupterIRQ.c **** *   Change the ISR vector for the Interrupt. Note calling interrupterIRQ_Start
 179:Generated_Source\PSoC5/interrupterIRQ.c **** *   will override any effect this method would have had. To set the vector 
 180:Generated_Source\PSoC5/interrupterIRQ.c **** *   before the component has been started use interrupterIRQ_StartEx instead.
 181:Generated_Source\PSoC5/interrupterIRQ.c **** * 
 182:Generated_Source\PSoC5/interrupterIRQ.c **** *   When defining ISR functions, the CY_ISR and CY_ISR_PROTO macros should be 
 183:Generated_Source\PSoC5/interrupterIRQ.c **** *   used to provide consistent definition across compilers:
 184:Generated_Source\PSoC5/interrupterIRQ.c **** *
 185:Generated_Source\PSoC5/interrupterIRQ.c **** *   Function definition example:
 186:Generated_Source\PSoC5/interrupterIRQ.c **** *   CY_ISR(MyISR)
 187:Generated_Source\PSoC5/interrupterIRQ.c **** *   {
 188:Generated_Source\PSoC5/interrupterIRQ.c **** *   }
 189:Generated_Source\PSoC5/interrupterIRQ.c **** *
 190:Generated_Source\PSoC5/interrupterIRQ.c **** *   Function prototype example:
 191:Generated_Source\PSoC5/interrupterIRQ.c **** *     CY_ISR_PROTO(MyISR);
 192:Generated_Source\PSoC5/interrupterIRQ.c **** *
 193:Generated_Source\PSoC5/interrupterIRQ.c **** * Parameters:
 194:Generated_Source\PSoC5/interrupterIRQ.c **** *   address: Address of the ISR to set in the interrupt vector table.
 195:Generated_Source\PSoC5/interrupterIRQ.c **** *
 196:Generated_Source\PSoC5/interrupterIRQ.c **** * Return:
 197:Generated_Source\PSoC5/interrupterIRQ.c **** *   None
 198:Generated_Source\PSoC5/interrupterIRQ.c **** *
 199:Generated_Source\PSoC5/interrupterIRQ.c **** *******************************************************************************/
 200:Generated_Source\PSoC5/interrupterIRQ.c **** void interrupterIRQ_SetVector(cyisraddress address)
 201:Generated_Source\PSoC5/interrupterIRQ.c **** {
 202:Generated_Source\PSoC5/interrupterIRQ.c ****     cyisraddress * ramVectorTable;
 203:Generated_Source\PSoC5/interrupterIRQ.c **** 
 204:Generated_Source\PSoC5/interrupterIRQ.c ****     ramVectorTable = (cyisraddress *) *CYINT_VECT_TABLE;
 205:Generated_Source\PSoC5/interrupterIRQ.c **** 
 206:Generated_Source\PSoC5/interrupterIRQ.c ****     ramVectorTable[CYINT_IRQ_BASE + (uint32)interrupterIRQ__INTC_NUMBER] = address;
 207:Generated_Source\PSoC5/interrupterIRQ.c **** }
 208:Generated_Source\PSoC5/interrupterIRQ.c **** 
 209:Generated_Source\PSoC5/interrupterIRQ.c **** 
 210:Generated_Source\PSoC5/interrupterIRQ.c **** /*******************************************************************************
 211:Generated_Source\PSoC5/interrupterIRQ.c **** * Function Name: interrupterIRQ_GetVector
 212:Generated_Source\PSoC5/interrupterIRQ.c **** ********************************************************************************
 213:Generated_Source\PSoC5/interrupterIRQ.c **** *
 214:Generated_Source\PSoC5/interrupterIRQ.c **** * Summary:
 215:Generated_Source\PSoC5/interrupterIRQ.c **** *   Gets the "address" of the current ISR vector for the Interrupt.
 216:Generated_Source\PSoC5/interrupterIRQ.c **** *
 217:Generated_Source\PSoC5/interrupterIRQ.c **** * Parameters:
 218:Generated_Source\PSoC5/interrupterIRQ.c **** *   None
 219:Generated_Source\PSoC5/interrupterIRQ.c **** *
 220:Generated_Source\PSoC5/interrupterIRQ.c **** * Return:
 221:Generated_Source\PSoC5/interrupterIRQ.c **** *   Address of the ISR in the interrupt vector table.
 222:Generated_Source\PSoC5/interrupterIRQ.c **** *
 223:Generated_Source\PSoC5/interrupterIRQ.c **** *******************************************************************************/
 224:Generated_Source\PSoC5/interrupterIRQ.c **** cyisraddress interrupterIRQ_GetVector(void)
 225:Generated_Source\PSoC5/interrupterIRQ.c **** {
 226:Generated_Source\PSoC5/interrupterIRQ.c ****     cyisraddress * ramVectorTable;
 227:Generated_Source\PSoC5/interrupterIRQ.c **** 
 228:Generated_Source\PSoC5/interrupterIRQ.c ****     ramVectorTable = (cyisraddress *) *CYINT_VECT_TABLE;
 229:Generated_Source\PSoC5/interrupterIRQ.c **** 
 230:Generated_Source\PSoC5/interrupterIRQ.c ****     return ramVectorTable[CYINT_IRQ_BASE + (uint32)interrupterIRQ__INTC_NUMBER];
 231:Generated_Source\PSoC5/interrupterIRQ.c **** }
 232:Generated_Source\PSoC5/interrupterIRQ.c **** 
 233:Generated_Source\PSoC5/interrupterIRQ.c **** 
ARM GAS  C:\Users\chemi\AppData\Local\Temp\ccrRi8y8.s 			page 6


 234:Generated_Source\PSoC5/interrupterIRQ.c **** /*******************************************************************************
 235:Generated_Source\PSoC5/interrupterIRQ.c **** * Function Name: interrupterIRQ_SetPriority
 236:Generated_Source\PSoC5/interrupterIRQ.c **** ********************************************************************************
 237:Generated_Source\PSoC5/interrupterIRQ.c **** *
 238:Generated_Source\PSoC5/interrupterIRQ.c **** * Summary:
 239:Generated_Source\PSoC5/interrupterIRQ.c **** *   Sets the Priority of the Interrupt. 
 240:Generated_Source\PSoC5/interrupterIRQ.c **** *
 241:Generated_Source\PSoC5/interrupterIRQ.c **** *   Note calling interrupterIRQ_Start or interrupterIRQ_StartEx will 
 242:Generated_Source\PSoC5/interrupterIRQ.c **** *   override any effect this API would have had. This API should only be called
 243:Generated_Source\PSoC5/interrupterIRQ.c **** *   after interrupterIRQ_Start or interrupterIRQ_StartEx has been called. 
 244:Generated_Source\PSoC5/interrupterIRQ.c **** *   To set the initial priority for the component, use the Design-Wide Resources
 245:Generated_Source\PSoC5/interrupterIRQ.c **** *   Interrupt Editor.
 246:Generated_Source\PSoC5/interrupterIRQ.c **** *
 247:Generated_Source\PSoC5/interrupterIRQ.c **** *   Note This API has no effect on Non-maskable interrupt NMI).
 248:Generated_Source\PSoC5/interrupterIRQ.c **** *
 249:Generated_Source\PSoC5/interrupterIRQ.c **** * Parameters:
 250:Generated_Source\PSoC5/interrupterIRQ.c **** *   priority: Priority of the interrupt, 0 being the highest priority
 251:Generated_Source\PSoC5/interrupterIRQ.c **** *             PSoC 3 and PSoC 5LP: Priority is from 0 to 7.
 252:Generated_Source\PSoC5/interrupterIRQ.c **** *             PSoC 4: Priority is from 0 to 3.
 253:Generated_Source\PSoC5/interrupterIRQ.c **** *
 254:Generated_Source\PSoC5/interrupterIRQ.c **** * Return:
 255:Generated_Source\PSoC5/interrupterIRQ.c **** *   None
 256:Generated_Source\PSoC5/interrupterIRQ.c **** *
 257:Generated_Source\PSoC5/interrupterIRQ.c **** *******************************************************************************/
 258:Generated_Source\PSoC5/interrupterIRQ.c **** void interrupterIRQ_SetPriority(uint8 priority)
 259:Generated_Source\PSoC5/interrupterIRQ.c **** {
 260:Generated_Source\PSoC5/interrupterIRQ.c ****     *interrupterIRQ_INTC_PRIOR = priority << 5;
 261:Generated_Source\PSoC5/interrupterIRQ.c **** }
 262:Generated_Source\PSoC5/interrupterIRQ.c **** 
 263:Generated_Source\PSoC5/interrupterIRQ.c **** 
 264:Generated_Source\PSoC5/interrupterIRQ.c **** /*******************************************************************************
 265:Generated_Source\PSoC5/interrupterIRQ.c **** * Function Name: interrupterIRQ_GetPriority
 266:Generated_Source\PSoC5/interrupterIRQ.c **** ********************************************************************************
 267:Generated_Source\PSoC5/interrupterIRQ.c **** *
 268:Generated_Source\PSoC5/interrupterIRQ.c **** * Summary:
 269:Generated_Source\PSoC5/interrupterIRQ.c **** *   Gets the Priority of the Interrupt.
 270:Generated_Source\PSoC5/interrupterIRQ.c **** *
 271:Generated_Source\PSoC5/interrupterIRQ.c **** * Parameters:
 272:Generated_Source\PSoC5/interrupterIRQ.c **** *   None
 273:Generated_Source\PSoC5/interrupterIRQ.c **** *
 274:Generated_Source\PSoC5/interrupterIRQ.c **** * Return:
 275:Generated_Source\PSoC5/interrupterIRQ.c **** *   Priority of the interrupt, 0 being the highest priority
 276:Generated_Source\PSoC5/interrupterIRQ.c **** *    PSoC 3 and PSoC 5LP: Priority is from 0 to 7.
 277:Generated_Source\PSoC5/interrupterIRQ.c **** *    PSoC 4: Priority is from 0 to 3.
 278:Generated_Source\PSoC5/interrupterIRQ.c **** *
 279:Generated_Source\PSoC5/interrupterIRQ.c **** *******************************************************************************/
 280:Generated_Source\PSoC5/interrupterIRQ.c **** uint8 interrupterIRQ_GetPriority(void)
 281:Generated_Source\PSoC5/interrupterIRQ.c **** {
 282:Generated_Source\PSoC5/interrupterIRQ.c ****     uint8 priority;
 283:Generated_Source\PSoC5/interrupterIRQ.c **** 
 284:Generated_Source\PSoC5/interrupterIRQ.c **** 
 285:Generated_Source\PSoC5/interrupterIRQ.c ****     priority = *interrupterIRQ_INTC_PRIOR >> 5;
 286:Generated_Source\PSoC5/interrupterIRQ.c **** 
 287:Generated_Source\PSoC5/interrupterIRQ.c ****     return priority;
 288:Generated_Source\PSoC5/interrupterIRQ.c **** }
 289:Generated_Source\PSoC5/interrupterIRQ.c **** 
 290:Generated_Source\PSoC5/interrupterIRQ.c **** 
ARM GAS  C:\Users\chemi\AppData\Local\Temp\ccrRi8y8.s 			page 7


 291:Generated_Source\PSoC5/interrupterIRQ.c **** /*******************************************************************************
 292:Generated_Source\PSoC5/interrupterIRQ.c **** * Function Name: interrupterIRQ_Enable
 293:Generated_Source\PSoC5/interrupterIRQ.c **** ********************************************************************************
 294:Generated_Source\PSoC5/interrupterIRQ.c **** *
 295:Generated_Source\PSoC5/interrupterIRQ.c **** * Summary:
 296:Generated_Source\PSoC5/interrupterIRQ.c **** *   Enables the interrupt to the interrupt controller. Do not call this function
 297:Generated_Source\PSoC5/interrupterIRQ.c **** *   unless ISR_Start() has been called or the functionality of the ISR_Start() 
 298:Generated_Source\PSoC5/interrupterIRQ.c **** *   function, which sets the vector and the priority, has been called.
 299:Generated_Source\PSoC5/interrupterIRQ.c **** *
 300:Generated_Source\PSoC5/interrupterIRQ.c **** * Parameters:
 301:Generated_Source\PSoC5/interrupterIRQ.c **** *   None
 302:Generated_Source\PSoC5/interrupterIRQ.c **** *
 303:Generated_Source\PSoC5/interrupterIRQ.c **** * Return:
 304:Generated_Source\PSoC5/interrupterIRQ.c **** *   None
 305:Generated_Source\PSoC5/interrupterIRQ.c **** *
 306:Generated_Source\PSoC5/interrupterIRQ.c **** *******************************************************************************/
 307:Generated_Source\PSoC5/interrupterIRQ.c **** void interrupterIRQ_Enable(void)
 308:Generated_Source\PSoC5/interrupterIRQ.c **** {
 309:Generated_Source\PSoC5/interrupterIRQ.c ****     /* Enable the general interrupt. */
 310:Generated_Source\PSoC5/interrupterIRQ.c ****     *interrupterIRQ_INTC_SET_EN = interrupterIRQ__INTC_MASK;
 311:Generated_Source\PSoC5/interrupterIRQ.c **** }
 312:Generated_Source\PSoC5/interrupterIRQ.c **** 
 313:Generated_Source\PSoC5/interrupterIRQ.c **** 
 314:Generated_Source\PSoC5/interrupterIRQ.c **** /*******************************************************************************
 315:Generated_Source\PSoC5/interrupterIRQ.c **** * Function Name: interrupterIRQ_GetState
 316:Generated_Source\PSoC5/interrupterIRQ.c **** ********************************************************************************
 317:Generated_Source\PSoC5/interrupterIRQ.c **** *
 318:Generated_Source\PSoC5/interrupterIRQ.c **** * Summary:
 319:Generated_Source\PSoC5/interrupterIRQ.c **** *   Gets the state (enabled, disabled) of the Interrupt.
 320:Generated_Source\PSoC5/interrupterIRQ.c **** *
 321:Generated_Source\PSoC5/interrupterIRQ.c **** * Parameters:
 322:Generated_Source\PSoC5/interrupterIRQ.c **** *   None
 323:Generated_Source\PSoC5/interrupterIRQ.c **** *
 324:Generated_Source\PSoC5/interrupterIRQ.c **** * Return:
 325:Generated_Source\PSoC5/interrupterIRQ.c **** *   1 if enabled, 0 if disabled.
 326:Generated_Source\PSoC5/interrupterIRQ.c **** *
 327:Generated_Source\PSoC5/interrupterIRQ.c **** *******************************************************************************/
 328:Generated_Source\PSoC5/interrupterIRQ.c **** uint8 interrupterIRQ_GetState(void)
 329:Generated_Source\PSoC5/interrupterIRQ.c **** {
 330:Generated_Source\PSoC5/interrupterIRQ.c ****     /* Get the state of the general interrupt. */
 331:Generated_Source\PSoC5/interrupterIRQ.c ****     return ((*interrupterIRQ_INTC_SET_EN & (uint32)interrupterIRQ__INTC_MASK) != 0u) ? 1u:0u;
 332:Generated_Source\PSoC5/interrupterIRQ.c **** }
 333:Generated_Source\PSoC5/interrupterIRQ.c **** 
 334:Generated_Source\PSoC5/interrupterIRQ.c **** 
 335:Generated_Source\PSoC5/interrupterIRQ.c **** /*******************************************************************************
 336:Generated_Source\PSoC5/interrupterIRQ.c **** * Function Name: interrupterIRQ_Disable
 337:Generated_Source\PSoC5/interrupterIRQ.c **** ********************************************************************************
 338:Generated_Source\PSoC5/interrupterIRQ.c **** *
 339:Generated_Source\PSoC5/interrupterIRQ.c **** * Summary:
 340:Generated_Source\PSoC5/interrupterIRQ.c **** *   Disables the Interrupt in the interrupt controller.
 341:Generated_Source\PSoC5/interrupterIRQ.c **** *
 342:Generated_Source\PSoC5/interrupterIRQ.c **** * Parameters:
 343:Generated_Source\PSoC5/interrupterIRQ.c **** *   None
 344:Generated_Source\PSoC5/interrupterIRQ.c **** *
 345:Generated_Source\PSoC5/interrupterIRQ.c **** * Return:
 346:Generated_Source\PSoC5/interrupterIRQ.c **** *   None
 347:Generated_Source\PSoC5/interrupterIRQ.c **** *
ARM GAS  C:\Users\chemi\AppData\Local\Temp\ccrRi8y8.s 			page 8


 348:Generated_Source\PSoC5/interrupterIRQ.c **** *******************************************************************************/
 349:Generated_Source\PSoC5/interrupterIRQ.c **** void interrupterIRQ_Disable(void)
 350:Generated_Source\PSoC5/interrupterIRQ.c **** {
 351:Generated_Source\PSoC5/interrupterIRQ.c ****     /* Disable the general interrupt. */
 352:Generated_Source\PSoC5/interrupterIRQ.c ****     *interrupterIRQ_INTC_CLR_EN = interrupterIRQ__INTC_MASK;
  52              		.loc 1 352 0
  53 0000 084A     		ldr	r2, .L3
  54 0002 4FF40073 		mov	r3, #512
  55 0006 1360     		str	r3, [r2]
  56              	.LVL0:
  57              	.LBE23:
  58              	.LBE22:
  59              	.LBB24:
  60              	.LBB25:
 204:Generated_Source\PSoC5/interrupterIRQ.c **** 
  61              		.loc 1 204 0
  62 0008 02F68832 		addw	r2, r2, #2952
  63 000c 1268     		ldr	r2, [r2]
  64              	.LVL1:
 206:Generated_Source\PSoC5/interrupterIRQ.c **** }
  65              		.loc 1 206 0
  66 000e 0649     		ldr	r1, .L3+4
  67 0010 5166     		str	r1, [r2, #100]
  68              	.LVL2:
  69              	.LBE25:
  70              	.LBE24:
  71              	.LBB26:
  72              	.LBB27:
 260:Generated_Source\PSoC5/interrupterIRQ.c **** }
  73              		.loc 1 260 0
  74 0012 064A     		ldr	r2, .L3+8
  75 0014 E021     		movs	r1, #224
  76 0016 1170     		strb	r1, [r2]
  77              	.LVL3:
  78              	.LBE27:
  79              	.LBE26:
  80              	.LBB28:
  81              	.LBB29:
 310:Generated_Source\PSoC5/interrupterIRQ.c **** }
  82              		.loc 1 310 0
  83 0018 6FF44271 		mvn	r1, #776
  84 001c 0A44     		add	r2, r2, r1
  85 001e 1360     		str	r3, [r2]
  86 0020 7047     		bx	lr
  87              	.L4:
  88 0022 00BF     		.align	2
  89              	.L3:
  90 0024 80E100E0 		.word	-536813184
  91 0028 00000000 		.word	interrupterIRQ_Interrupt
  92 002c 09E400E0 		.word	-536812535
  93              	.LBE29:
  94              	.LBE28:
  95              		.cfi_endproc
  96              	.LFE0:
  97              		.size	interrupterIRQ_Start, .-interrupterIRQ_Start
  98              		.section	.text.interrupterIRQ_StartEx,"ax",%progbits
  99              		.align	1
ARM GAS  C:\Users\chemi\AppData\Local\Temp\ccrRi8y8.s 			page 9


 100              		.global	interrupterIRQ_StartEx
 101              		.thumb
 102              		.thumb_func
 103              		.type	interrupterIRQ_StartEx, %function
 104              	interrupterIRQ_StartEx:
 105              	.LFB1:
 105:Generated_Source\PSoC5/interrupterIRQ.c ****     /* For all we know the interrupt is active. */
 106              		.loc 1 105 0
 107              		.cfi_startproc
 108              		@ args = 0, pretend = 0, frame = 0
 109              		@ frame_needed = 0, uses_anonymous_args = 0
 110              		@ link register save eliminated.
 111              	.LVL4:
 112              	.LBB30:
 113              	.LBB31:
 114              		.loc 1 352 0
 115 0000 074A     		ldr	r2, .L6
 116 0002 4FF40073 		mov	r3, #512
 117 0006 1360     		str	r3, [r2]
 118              	.LVL5:
 119              	.LBE31:
 120              	.LBE30:
 121              	.LBB32:
 122              	.LBB33:
 204:Generated_Source\PSoC5/interrupterIRQ.c **** 
 123              		.loc 1 204 0
 124 0008 02F68832 		addw	r2, r2, #2952
 125 000c 1268     		ldr	r2, [r2]
 126              	.LVL6:
 127              	.LBE33:
 128              	.LBE32:
 129              	.LBB35:
 130              	.LBB36:
 260:Generated_Source\PSoC5/interrupterIRQ.c **** }
 131              		.loc 1 260 0
 132 000e E021     		movs	r1, #224
 133              	.LBE36:
 134              	.LBE35:
 135              	.LBB38:
 136              	.LBB34:
 206:Generated_Source\PSoC5/interrupterIRQ.c **** }
 137              		.loc 1 206 0
 138 0010 5066     		str	r0, [r2, #100]
 139              	.LVL7:
 140              	.LBE34:
 141              	.LBE38:
 142              	.LBB39:
 143              	.LBB37:
 260:Generated_Source\PSoC5/interrupterIRQ.c **** }
 144              		.loc 1 260 0
 145 0012 044A     		ldr	r2, .L6+4
 146 0014 1170     		strb	r1, [r2]
 147              	.LVL8:
 148              	.LBE37:
 149              	.LBE39:
 150              	.LBB40:
 151              	.LBB41:
ARM GAS  C:\Users\chemi\AppData\Local\Temp\ccrRi8y8.s 			page 10


 310:Generated_Source\PSoC5/interrupterIRQ.c **** }
 152              		.loc 1 310 0
 153 0016 6FF44271 		mvn	r1, #776
 154 001a 0A44     		add	r2, r2, r1
 155 001c 1360     		str	r3, [r2]
 156 001e 7047     		bx	lr
 157              	.L7:
 158              		.align	2
 159              	.L6:
 160 0020 80E100E0 		.word	-536813184
 161 0024 09E400E0 		.word	-536812535
 162              	.LBE41:
 163              	.LBE40:
 164              		.cfi_endproc
 165              	.LFE1:
 166              		.size	interrupterIRQ_StartEx, .-interrupterIRQ_StartEx
 167              		.section	.text.interrupterIRQ_Stop,"ax",%progbits
 168              		.align	1
 169              		.global	interrupterIRQ_Stop
 170              		.thumb
 171              		.thumb_func
 172              		.type	interrupterIRQ_Stop, %function
 173              	interrupterIRQ_Stop:
 174              	.LFB2:
 135:Generated_Source\PSoC5/interrupterIRQ.c ****     /* Disable this interrupt. */
 175              		.loc 1 135 0
 176              		.cfi_startproc
 177              		@ args = 0, pretend = 0, frame = 0
 178              		@ frame_needed = 0, uses_anonymous_args = 0
 179              		@ link register save eliminated.
 180              	.LBB42:
 181              	.LBB43:
 182              		.loc 1 352 0
 183 0000 044B     		ldr	r3, .L9
 184 0002 4FF40072 		mov	r2, #512
 185 0006 1A60     		str	r2, [r3]
 186              	.LVL9:
 187              	.LBE43:
 188              	.LBE42:
 189              	.LBB44:
 190              	.LBB45:
 204:Generated_Source\PSoC5/interrupterIRQ.c **** 
 191              		.loc 1 204 0
 192 0008 03F68833 		addw	r3, r3, #2952
 193 000c 1B68     		ldr	r3, [r3]
 194              	.LVL10:
 206:Generated_Source\PSoC5/interrupterIRQ.c **** }
 195              		.loc 1 206 0
 196 000e 024A     		ldr	r2, .L9+4
 197 0010 5A66     		str	r2, [r3, #100]
 198              	.LVL11:
 199 0012 7047     		bx	lr
 200              	.L10:
 201              		.align	2
 202              	.L9:
 203 0014 80E100E0 		.word	-536813184
 204 0018 00000000 		.word	IntDefaultHandler
ARM GAS  C:\Users\chemi\AppData\Local\Temp\ccrRi8y8.s 			page 11


 205              	.LBE45:
 206              	.LBE44:
 207              		.cfi_endproc
 208              	.LFE2:
 209              		.size	interrupterIRQ_Stop, .-interrupterIRQ_Stop
 210              		.section	.text.interrupterIRQ_SetVector,"ax",%progbits
 211              		.align	1
 212              		.global	interrupterIRQ_SetVector
 213              		.thumb
 214              		.thumb_func
 215              		.type	interrupterIRQ_SetVector, %function
 216              	interrupterIRQ_SetVector:
 217              	.LFB4:
 201:Generated_Source\PSoC5/interrupterIRQ.c ****     cyisraddress * ramVectorTable;
 218              		.loc 1 201 0
 219              		.cfi_startproc
 220              		@ args = 0, pretend = 0, frame = 0
 221              		@ frame_needed = 0, uses_anonymous_args = 0
 222              		@ link register save eliminated.
 223              	.LVL12:
 204:Generated_Source\PSoC5/interrupterIRQ.c **** 
 224              		.loc 1 204 0
 225 0000 014B     		ldr	r3, .L12
 226 0002 1B68     		ldr	r3, [r3]
 227              	.LVL13:
 206:Generated_Source\PSoC5/interrupterIRQ.c **** }
 228              		.loc 1 206 0
 229 0004 5866     		str	r0, [r3, #100]
 230 0006 7047     		bx	lr
 231              	.L13:
 232              		.align	2
 233              	.L12:
 234 0008 08ED00E0 		.word	-536810232
 235              		.cfi_endproc
 236              	.LFE4:
 237              		.size	interrupterIRQ_SetVector, .-interrupterIRQ_SetVector
 238              		.section	.text.interrupterIRQ_GetVector,"ax",%progbits
 239              		.align	1
 240              		.global	interrupterIRQ_GetVector
 241              		.thumb
 242              		.thumb_func
 243              		.type	interrupterIRQ_GetVector, %function
 244              	interrupterIRQ_GetVector:
 245              	.LFB5:
 225:Generated_Source\PSoC5/interrupterIRQ.c ****     cyisraddress * ramVectorTable;
 246              		.loc 1 225 0
 247              		.cfi_startproc
 248              		@ args = 0, pretend = 0, frame = 0
 249              		@ frame_needed = 0, uses_anonymous_args = 0
 250              		@ link register save eliminated.
 251              	.LVL14:
 228:Generated_Source\PSoC5/interrupterIRQ.c **** 
 252              		.loc 1 228 0
 253 0000 014B     		ldr	r3, .L15
 254              	.LVL15:
 230:Generated_Source\PSoC5/interrupterIRQ.c **** }
 255              		.loc 1 230 0
ARM GAS  C:\Users\chemi\AppData\Local\Temp\ccrRi8y8.s 			page 12


 256 0002 1B68     		ldr	r3, [r3]
 257              	.LVL16:
 231:Generated_Source\PSoC5/interrupterIRQ.c **** 
 258              		.loc 1 231 0
 259 0004 586E     		ldr	r0, [r3, #100]
 260 0006 7047     		bx	lr
 261              	.L16:
 262              		.align	2
 263              	.L15:
 264 0008 08ED00E0 		.word	-536810232
 265              		.cfi_endproc
 266              	.LFE5:
 267              		.size	interrupterIRQ_GetVector, .-interrupterIRQ_GetVector
 268              		.section	.text.interrupterIRQ_SetPriority,"ax",%progbits
 269              		.align	1
 270              		.global	interrupterIRQ_SetPriority
 271              		.thumb
 272              		.thumb_func
 273              		.type	interrupterIRQ_SetPriority, %function
 274              	interrupterIRQ_SetPriority:
 275              	.LFB6:
 259:Generated_Source\PSoC5/interrupterIRQ.c ****     *interrupterIRQ_INTC_PRIOR = priority << 5;
 276              		.loc 1 259 0
 277              		.cfi_startproc
 278              		@ args = 0, pretend = 0, frame = 0
 279              		@ frame_needed = 0, uses_anonymous_args = 0
 280              		@ link register save eliminated.
 281              	.LVL17:
 260:Generated_Source\PSoC5/interrupterIRQ.c **** }
 282              		.loc 1 260 0
 283 0000 4001     		lsls	r0, r0, #5
 284              	.LVL18:
 285 0002 024B     		ldr	r3, .L18
 286 0004 C0B2     		uxtb	r0, r0
 287 0006 1870     		strb	r0, [r3]
 288 0008 7047     		bx	lr
 289              	.L19:
 290 000a 00BF     		.align	2
 291              	.L18:
 292 000c 09E400E0 		.word	-536812535
 293              		.cfi_endproc
 294              	.LFE6:
 295              		.size	interrupterIRQ_SetPriority, .-interrupterIRQ_SetPriority
 296              		.section	.text.interrupterIRQ_GetPriority,"ax",%progbits
 297              		.align	1
 298              		.global	interrupterIRQ_GetPriority
 299              		.thumb
 300              		.thumb_func
 301              		.type	interrupterIRQ_GetPriority, %function
 302              	interrupterIRQ_GetPriority:
 303              	.LFB7:
 281:Generated_Source\PSoC5/interrupterIRQ.c ****     uint8 priority;
 304              		.loc 1 281 0
 305              		.cfi_startproc
 306              		@ args = 0, pretend = 0, frame = 0
 307              		@ frame_needed = 0, uses_anonymous_args = 0
 308              		@ link register save eliminated.
ARM GAS  C:\Users\chemi\AppData\Local\Temp\ccrRi8y8.s 			page 13


 285:Generated_Source\PSoC5/interrupterIRQ.c **** 
 309              		.loc 1 285 0
 310 0000 014B     		ldr	r3, .L21
 311 0002 1878     		ldrb	r0, [r3]	@ zero_extendqisi2
 312              	.LVL19:
 288:Generated_Source\PSoC5/interrupterIRQ.c **** 
 313              		.loc 1 288 0
 314 0004 4009     		lsrs	r0, r0, #5
 315              	.LVL20:
 316 0006 7047     		bx	lr
 317              	.L22:
 318              		.align	2
 319              	.L21:
 320 0008 09E400E0 		.word	-536812535
 321              		.cfi_endproc
 322              	.LFE7:
 323              		.size	interrupterIRQ_GetPriority, .-interrupterIRQ_GetPriority
 324              		.section	.text.interrupterIRQ_Enable,"ax",%progbits
 325              		.align	1
 326              		.global	interrupterIRQ_Enable
 327              		.thumb
 328              		.thumb_func
 329              		.type	interrupterIRQ_Enable, %function
 330              	interrupterIRQ_Enable:
 331              	.LFB8:
 308:Generated_Source\PSoC5/interrupterIRQ.c ****     /* Enable the general interrupt. */
 332              		.loc 1 308 0
 333              		.cfi_startproc
 334              		@ args = 0, pretend = 0, frame = 0
 335              		@ frame_needed = 0, uses_anonymous_args = 0
 336              		@ link register save eliminated.
 310:Generated_Source\PSoC5/interrupterIRQ.c **** }
 337              		.loc 1 310 0
 338 0000 024B     		ldr	r3, .L24
 339 0002 4FF40072 		mov	r2, #512
 340 0006 1A60     		str	r2, [r3]
 341 0008 7047     		bx	lr
 342              	.L25:
 343 000a 00BF     		.align	2
 344              	.L24:
 345 000c 00E100E0 		.word	-536813312
 346              		.cfi_endproc
 347              	.LFE8:
 348              		.size	interrupterIRQ_Enable, .-interrupterIRQ_Enable
 349              		.section	.text.interrupterIRQ_GetState,"ax",%progbits
 350              		.align	1
 351              		.global	interrupterIRQ_GetState
 352              		.thumb
 353              		.thumb_func
 354              		.type	interrupterIRQ_GetState, %function
 355              	interrupterIRQ_GetState:
 356              	.LFB9:
 329:Generated_Source\PSoC5/interrupterIRQ.c ****     /* Get the state of the general interrupt. */
 357              		.loc 1 329 0
 358              		.cfi_startproc
 359              		@ args = 0, pretend = 0, frame = 0
 360              		@ frame_needed = 0, uses_anonymous_args = 0
ARM GAS  C:\Users\chemi\AppData\Local\Temp\ccrRi8y8.s 			page 14


 361              		@ link register save eliminated.
 331:Generated_Source\PSoC5/interrupterIRQ.c **** }
 362              		.loc 1 331 0
 363 0000 024B     		ldr	r3, .L27
 364 0002 1868     		ldr	r0, [r3]
 332:Generated_Source\PSoC5/interrupterIRQ.c **** 
 365              		.loc 1 332 0
 366 0004 C0F34020 		ubfx	r0, r0, #9, #1
 367 0008 7047     		bx	lr
 368              	.L28:
 369 000a 00BF     		.align	2
 370              	.L27:
 371 000c 00E100E0 		.word	-536813312
 372              		.cfi_endproc
 373              	.LFE9:
 374              		.size	interrupterIRQ_GetState, .-interrupterIRQ_GetState
 375              		.section	.text.interrupterIRQ_Disable,"ax",%progbits
 376              		.align	1
 377              		.global	interrupterIRQ_Disable
 378              		.thumb
 379              		.thumb_func
 380              		.type	interrupterIRQ_Disable, %function
 381              	interrupterIRQ_Disable:
 382              	.LFB10:
 350:Generated_Source\PSoC5/interrupterIRQ.c ****     /* Disable the general interrupt. */
 383              		.loc 1 350 0
 384              		.cfi_startproc
 385              		@ args = 0, pretend = 0, frame = 0
 386              		@ frame_needed = 0, uses_anonymous_args = 0
 387              		@ link register save eliminated.
 388              		.loc 1 352 0
 389 0000 024B     		ldr	r3, .L30
 390 0002 4FF40072 		mov	r2, #512
 391 0006 1A60     		str	r2, [r3]
 392 0008 7047     		bx	lr
 393              	.L31:
 394 000a 00BF     		.align	2
 395              	.L30:
 396 000c 80E100E0 		.word	-536813184
 397              		.cfi_endproc
 398              	.LFE10:
 399              		.size	interrupterIRQ_Disable, .-interrupterIRQ_Disable
 400              		.section	.text.interrupterIRQ_SetPending,"ax",%progbits
 401              		.align	1
 402              		.global	interrupterIRQ_SetPending
 403              		.thumb
 404              		.thumb_func
 405              		.type	interrupterIRQ_SetPending, %function
 406              	interrupterIRQ_SetPending:
 407              	.LFB11:
 353:Generated_Source\PSoC5/interrupterIRQ.c **** }
 354:Generated_Source\PSoC5/interrupterIRQ.c **** 
 355:Generated_Source\PSoC5/interrupterIRQ.c **** 
 356:Generated_Source\PSoC5/interrupterIRQ.c **** /*******************************************************************************
 357:Generated_Source\PSoC5/interrupterIRQ.c **** * Function Name: interrupterIRQ_SetPending
 358:Generated_Source\PSoC5/interrupterIRQ.c **** ********************************************************************************
 359:Generated_Source\PSoC5/interrupterIRQ.c **** *
ARM GAS  C:\Users\chemi\AppData\Local\Temp\ccrRi8y8.s 			page 15


 360:Generated_Source\PSoC5/interrupterIRQ.c **** * Summary:
 361:Generated_Source\PSoC5/interrupterIRQ.c **** *   Causes the Interrupt to enter the pending state, a software method of
 362:Generated_Source\PSoC5/interrupterIRQ.c **** *   generating the interrupt.
 363:Generated_Source\PSoC5/interrupterIRQ.c **** *
 364:Generated_Source\PSoC5/interrupterIRQ.c **** * Parameters:
 365:Generated_Source\PSoC5/interrupterIRQ.c **** *   None
 366:Generated_Source\PSoC5/interrupterIRQ.c **** *
 367:Generated_Source\PSoC5/interrupterIRQ.c **** * Return:
 368:Generated_Source\PSoC5/interrupterIRQ.c **** *   None
 369:Generated_Source\PSoC5/interrupterIRQ.c **** *
 370:Generated_Source\PSoC5/interrupterIRQ.c **** * Side Effects:
 371:Generated_Source\PSoC5/interrupterIRQ.c **** *   If interrupts are enabled and the interrupt is set up properly, the ISR is
 372:Generated_Source\PSoC5/interrupterIRQ.c **** *   entered (depending on the priority of this interrupt and other pending 
 373:Generated_Source\PSoC5/interrupterIRQ.c **** *   interrupts).
 374:Generated_Source\PSoC5/interrupterIRQ.c **** *
 375:Generated_Source\PSoC5/interrupterIRQ.c **** *******************************************************************************/
 376:Generated_Source\PSoC5/interrupterIRQ.c **** void interrupterIRQ_SetPending(void)
 377:Generated_Source\PSoC5/interrupterIRQ.c **** {
 408              		.loc 1 377 0
 409              		.cfi_startproc
 410              		@ args = 0, pretend = 0, frame = 0
 411              		@ frame_needed = 0, uses_anonymous_args = 0
 412              		@ link register save eliminated.
 378:Generated_Source\PSoC5/interrupterIRQ.c ****     *interrupterIRQ_INTC_SET_PD = interrupterIRQ__INTC_MASK;
 413              		.loc 1 378 0
 414 0000 024B     		ldr	r3, .L33
 415 0002 4FF40072 		mov	r2, #512
 416 0006 1A60     		str	r2, [r3]
 417 0008 7047     		bx	lr
 418              	.L34:
 419 000a 00BF     		.align	2
 420              	.L33:
 421 000c 00E200E0 		.word	-536813056
 422              		.cfi_endproc
 423              	.LFE11:
 424              		.size	interrupterIRQ_SetPending, .-interrupterIRQ_SetPending
 425              		.section	.text.interrupterIRQ_ClearPending,"ax",%progbits
 426              		.align	1
 427              		.global	interrupterIRQ_ClearPending
 428              		.thumb
 429              		.thumb_func
 430              		.type	interrupterIRQ_ClearPending, %function
 431              	interrupterIRQ_ClearPending:
 432              	.LFB12:
 379:Generated_Source\PSoC5/interrupterIRQ.c **** }
 380:Generated_Source\PSoC5/interrupterIRQ.c **** 
 381:Generated_Source\PSoC5/interrupterIRQ.c **** 
 382:Generated_Source\PSoC5/interrupterIRQ.c **** /*******************************************************************************
 383:Generated_Source\PSoC5/interrupterIRQ.c **** * Function Name: interrupterIRQ_ClearPending
 384:Generated_Source\PSoC5/interrupterIRQ.c **** ********************************************************************************
 385:Generated_Source\PSoC5/interrupterIRQ.c **** *
 386:Generated_Source\PSoC5/interrupterIRQ.c **** * Summary:
 387:Generated_Source\PSoC5/interrupterIRQ.c **** *   Clears a pending interrupt in the interrupt controller.
 388:Generated_Source\PSoC5/interrupterIRQ.c **** *
 389:Generated_Source\PSoC5/interrupterIRQ.c **** *   Note Some interrupt sources are clear-on-read and require the block 
 390:Generated_Source\PSoC5/interrupterIRQ.c **** *   interrupt/status register to be read/cleared with the appropriate block API 
 391:Generated_Source\PSoC5/interrupterIRQ.c **** *   (GPIO, UART, and so on). Otherwise the ISR will continue to remain in 
ARM GAS  C:\Users\chemi\AppData\Local\Temp\ccrRi8y8.s 			page 16


 392:Generated_Source\PSoC5/interrupterIRQ.c **** *   pending state even though the interrupt itself is cleared using this API.
 393:Generated_Source\PSoC5/interrupterIRQ.c **** *
 394:Generated_Source\PSoC5/interrupterIRQ.c **** * Parameters:
 395:Generated_Source\PSoC5/interrupterIRQ.c **** *   None
 396:Generated_Source\PSoC5/interrupterIRQ.c **** *
 397:Generated_Source\PSoC5/interrupterIRQ.c **** * Return:
 398:Generated_Source\PSoC5/interrupterIRQ.c **** *   None
 399:Generated_Source\PSoC5/interrupterIRQ.c **** *
 400:Generated_Source\PSoC5/interrupterIRQ.c **** *******************************************************************************/
 401:Generated_Source\PSoC5/interrupterIRQ.c **** void interrupterIRQ_ClearPending(void)
 402:Generated_Source\PSoC5/interrupterIRQ.c **** {
 433              		.loc 1 402 0
 434              		.cfi_startproc
 435              		@ args = 0, pretend = 0, frame = 0
 436              		@ frame_needed = 0, uses_anonymous_args = 0
 437              		@ link register save eliminated.
 403:Generated_Source\PSoC5/interrupterIRQ.c ****     *interrupterIRQ_INTC_CLR_PD = interrupterIRQ__INTC_MASK;
 438              		.loc 1 403 0
 439 0000 024B     		ldr	r3, .L36
 440 0002 4FF40072 		mov	r2, #512
 441 0006 1A60     		str	r2, [r3]
 442 0008 7047     		bx	lr
 443              	.L37:
 444 000a 00BF     		.align	2
 445              	.L36:
 446 000c 80E200E0 		.word	-536812928
 447              		.cfi_endproc
 448              	.LFE12:
 449              		.size	interrupterIRQ_ClearPending, .-interrupterIRQ_ClearPending
 450              		.text
 451              	.Letext0:
 452              		.file 2 "Generated_Source\\PSoC5/cytypes.h"
 453              		.section	.debug_info,"",%progbits
 454              	.Ldebug_info0:
 455 0000 7A030000 		.4byte	0x37a
 456 0004 0400     		.2byte	0x4
 457 0006 00000000 		.4byte	.Ldebug_abbrev0
 458 000a 04       		.byte	0x4
 459 000b 01       		.uleb128 0x1
 460 000c A4000000 		.4byte	.LASF33
 461 0010 0C       		.byte	0xc
 462 0011 29020000 		.4byte	.LASF34
 463 0015 B3020000 		.4byte	.LASF35
 464 0019 30000000 		.4byte	.Ldebug_ranges0+0x30
 465 001d 00000000 		.4byte	0
 466 0021 00000000 		.4byte	.Ldebug_line0
 467 0025 02       		.uleb128 0x2
 468 0026 04       		.byte	0x4
 469 0027 05       		.byte	0x5
 470 0028 696E7400 		.ascii	"int\000"
 471 002c 03       		.uleb128 0x3
 472 002d 04       		.byte	0x4
 473 002e 07       		.byte	0x7
 474 002f A5010000 		.4byte	.LASF0
 475 0033 03       		.uleb128 0x3
 476 0034 01       		.byte	0x1
 477 0035 06       		.byte	0x6
ARM GAS  C:\Users\chemi\AppData\Local\Temp\ccrRi8y8.s 			page 17


 478 0036 E1020000 		.4byte	.LASF1
 479 003a 03       		.uleb128 0x3
 480 003b 01       		.byte	0x1
 481 003c 08       		.byte	0x8
 482 003d 6B000000 		.4byte	.LASF2
 483 0041 03       		.uleb128 0x3
 484 0042 02       		.byte	0x2
 485 0043 05       		.byte	0x5
 486 0044 7C020000 		.4byte	.LASF3
 487 0048 03       		.uleb128 0x3
 488 0049 02       		.byte	0x2
 489 004a 07       		.byte	0x7
 490 004b 21000000 		.4byte	.LASF4
 491 004f 03       		.uleb128 0x3
 492 0050 04       		.byte	0x4
 493 0051 05       		.byte	0x5
 494 0052 D8020000 		.4byte	.LASF5
 495 0056 03       		.uleb128 0x3
 496 0057 04       		.byte	0x4
 497 0058 07       		.byte	0x7
 498 0059 92000000 		.4byte	.LASF6
 499 005d 03       		.uleb128 0x3
 500 005e 08       		.byte	0x8
 501 005f 05       		.byte	0x5
 502 0060 5A020000 		.4byte	.LASF7
 503 0064 03       		.uleb128 0x3
 504 0065 08       		.byte	0x8
 505 0066 07       		.byte	0x7
 506 0067 BA010000 		.4byte	.LASF8
 507 006b 03       		.uleb128 0x3
 508 006c 04       		.byte	0x4
 509 006d 07       		.byte	0x7
 510 006e 51020000 		.4byte	.LASF9
 511 0072 03       		.uleb128 0x3
 512 0073 01       		.byte	0x1
 513 0074 08       		.byte	0x8
 514 0075 68020000 		.4byte	.LASF10
 515 0079 04       		.uleb128 0x4
 516 007a 04       		.byte	0x4
 517 007b 7F000000 		.4byte	0x7f
 518 007f 05       		.uleb128 0x5
 519 0080 06       		.uleb128 0x6
 520 0081 3D010000 		.4byte	.LASF11
 521 0085 02       		.byte	0x2
 522 0086 9201     		.2byte	0x192
 523 0088 3A000000 		.4byte	0x3a
 524 008c 06       		.uleb128 0x6
 525 008d 9E010000 		.4byte	.LASF12
 526 0091 02       		.byte	0x2
 527 0092 9401     		.2byte	0x194
 528 0094 56000000 		.4byte	0x56
 529 0098 03       		.uleb128 0x3
 530 0099 04       		.byte	0x4
 531 009a 04       		.byte	0x4
 532 009b 65000000 		.4byte	.LASF13
 533 009f 03       		.uleb128 0x3
 534 00a0 08       		.byte	0x8
ARM GAS  C:\Users\chemi\AppData\Local\Temp\ccrRi8y8.s 			page 18


 535 00a1 04       		.byte	0x4
 536 00a2 60010000 		.4byte	.LASF14
 537 00a6 06       		.uleb128 0x6
 538 00a7 24020000 		.4byte	.LASF15
 539 00ab 02       		.byte	0x2
 540 00ac 3C02     		.2byte	0x23c
 541 00ae B2000000 		.4byte	0xb2
 542 00b2 07       		.uleb128 0x7
 543 00b3 80000000 		.4byte	0x80
 544 00b7 06       		.uleb128 0x6
 545 00b8 00000000 		.4byte	.LASF16
 546 00bc 02       		.byte	0x2
 547 00bd 3E02     		.2byte	0x23e
 548 00bf C3000000 		.4byte	0xc3
 549 00c3 07       		.uleb128 0x7
 550 00c4 8C000000 		.4byte	0x8c
 551 00c8 06       		.uleb128 0x6
 552 00c9 EB010000 		.4byte	.LASF17
 553 00cd 02       		.byte	0x2
 554 00ce 4E02     		.2byte	0x24e
 555 00d0 79000000 		.4byte	0x79
 556 00d4 08       		.uleb128 0x8
 557 00d5 9D020000 		.4byte	.LASF22
 558 00d9 01       		.byte	0x1
 559 00da 3301     		.2byte	0x133
 560 00dc 01       		.byte	0x1
 561 00dd 09       		.uleb128 0x9
 562 00de 06000000 		.4byte	.LASF18
 563 00e2 01       		.byte	0x1
 564 00e3 0201     		.2byte	0x102
 565 00e5 01       		.byte	0x1
 566 00e6 F7000000 		.4byte	0xf7
 567 00ea 0A       		.uleb128 0xa
 568 00eb 57010000 		.4byte	.LASF20
 569 00ef 01       		.byte	0x1
 570 00f0 0201     		.2byte	0x102
 571 00f2 80000000 		.4byte	0x80
 572 00f6 00       		.byte	0
 573 00f7 0B       		.uleb128 0xb
 574 00f8 ED020000 		.4byte	.LASF19
 575 00fc 01       		.byte	0x1
 576 00fd C8       		.byte	0xc8
 577 00fe 01       		.byte	0x1
 578 00ff 1A010000 		.4byte	0x11a
 579 0103 0C       		.uleb128 0xc
 580 0104 B2010000 		.4byte	.LASF21
 581 0108 01       		.byte	0x1
 582 0109 C8       		.byte	0xc8
 583 010a C8000000 		.4byte	0xc8
 584 010e 0D       		.uleb128 0xd
 585 010f 6D020000 		.4byte	.LASF29
 586 0113 01       		.byte	0x1
 587 0114 CA       		.byte	0xca
 588 0115 1A010000 		.4byte	0x11a
 589 0119 00       		.byte	0
 590 011a 04       		.uleb128 0x4
 591 011b 04       		.byte	0x4
ARM GAS  C:\Users\chemi\AppData\Local\Temp\ccrRi8y8.s 			page 19


 592 011c C8000000 		.4byte	0xc8
 593 0120 08       		.uleb128 0x8
 594 0121 0D020000 		.4byte	.LASF23
 595 0125 01       		.byte	0x1
 596 0126 5D01     		.2byte	0x15d
 597 0128 01       		.byte	0x1
 598 0129 0E       		.uleb128 0xe
 599 012a 34000000 		.4byte	.LASF30
 600 012e 01       		.byte	0x1
 601 012f A0       		.byte	0xa0
 602 0130 00000000 		.4byte	.LFB3
 603 0134 02000000 		.4byte	.LFE3-.LFB3
 604 0138 01       		.uleb128 0x1
 605 0139 9C       		.byte	0x9c
 606 013a 0F       		.uleb128 0xf
 607 013b F8010000 		.4byte	.LASF24
 608 013f 01       		.byte	0x1
 609 0140 3D       		.byte	0x3d
 610 0141 00000000 		.4byte	.LFB0
 611 0145 30000000 		.4byte	.LFE0-.LFB0
 612 0149 01       		.uleb128 0x1
 613 014a 9C       		.byte	0x9c
 614 014b BB010000 		.4byte	0x1bb
 615 014f 10       		.uleb128 0x10
 616 0150 20010000 		.4byte	0x120
 617 0154 00000000 		.4byte	.LBB22
 618 0158 08000000 		.4byte	.LBE22-.LBB22
 619 015c 01       		.byte	0x1
 620 015d 40       		.byte	0x40
 621 015e 11       		.uleb128 0x11
 622 015f F7000000 		.4byte	0xf7
 623 0163 08000000 		.4byte	.LBB24
 624 0167 0A000000 		.4byte	.LBE24-.LBB24
 625 016b 01       		.byte	0x1
 626 016c 43       		.byte	0x43
 627 016d 8E010000 		.4byte	0x18e
 628 0171 12       		.uleb128 0x12
 629 0172 03010000 		.4byte	0x103
 630 0176 00000000 		.4byte	.LLST0
 631 017a 13       		.uleb128 0x13
 632 017b 08000000 		.4byte	.LBB25
 633 017f 0A000000 		.4byte	.LBE25-.LBB25
 634 0183 14       		.uleb128 0x14
 635 0184 0E010000 		.4byte	0x10e
 636 0188 18000000 		.4byte	.LLST1
 637 018c 00       		.byte	0
 638 018d 00       		.byte	0
 639 018e 11       		.uleb128 0x11
 640 018f DD000000 		.4byte	0xdd
 641 0193 12000000 		.4byte	.LBB26
 642 0197 06000000 		.4byte	.LBE26-.LBB26
 643 019b 01       		.byte	0x1
 644 019c 46       		.byte	0x46
 645 019d AB010000 		.4byte	0x1ab
 646 01a1 12       		.uleb128 0x12
 647 01a2 EA000000 		.4byte	0xea
 648 01a6 2B000000 		.4byte	.LLST2
ARM GAS  C:\Users\chemi\AppData\Local\Temp\ccrRi8y8.s 			page 20


 649 01aa 00       		.byte	0
 650 01ab 10       		.uleb128 0x10
 651 01ac D4000000 		.4byte	0xd4
 652 01b0 18000000 		.4byte	.LBB28
 653 01b4 18000000 		.4byte	.LBE28-.LBB28
 654 01b8 01       		.byte	0x1
 655 01b9 49       		.byte	0x49
 656 01ba 00       		.byte	0
 657 01bb 0F       		.uleb128 0xf
 658 01bc 86020000 		.4byte	.LASF25
 659 01c0 01       		.byte	0x1
 660 01c1 68       		.byte	0x68
 661 01c2 00000000 		.4byte	.LFB1
 662 01c6 28000000 		.4byte	.LFE1-.LFB1
 663 01ca 01       		.uleb128 0x1
 664 01cb 9C       		.byte	0x9c
 665 01cc 45020000 		.4byte	0x245
 666 01d0 15       		.uleb128 0x15
 667 01d1 B2010000 		.4byte	.LASF21
 668 01d5 01       		.byte	0x1
 669 01d6 68       		.byte	0x68
 670 01d7 C8000000 		.4byte	0xc8
 671 01db 01       		.uleb128 0x1
 672 01dc 50       		.byte	0x50
 673 01dd 10       		.uleb128 0x10
 674 01de 20010000 		.4byte	0x120
 675 01e2 00000000 		.4byte	.LBB30
 676 01e6 08000000 		.4byte	.LBE30-.LBB30
 677 01ea 01       		.byte	0x1
 678 01eb 6B       		.byte	0x6b
 679 01ec 16       		.uleb128 0x16
 680 01ed F7000000 		.4byte	0xf7
 681 01f1 08000000 		.4byte	.LBB32
 682 01f5 00000000 		.4byte	.Ldebug_ranges0+0
 683 01f9 01       		.byte	0x1
 684 01fa 6E       		.byte	0x6e
 685 01fb 18020000 		.4byte	0x218
 686 01ff 12       		.uleb128 0x12
 687 0200 03010000 		.4byte	0x103
 688 0204 3F000000 		.4byte	.LLST3
 689 0208 17       		.uleb128 0x17
 690 0209 00000000 		.4byte	.Ldebug_ranges0+0
 691 020d 14       		.uleb128 0x14
 692 020e 0E010000 		.4byte	0x10e
 693 0212 52000000 		.4byte	.LLST4
 694 0216 00       		.byte	0
 695 0217 00       		.byte	0
 696 0218 16       		.uleb128 0x16
 697 0219 DD000000 		.4byte	0xdd
 698 021d 0E000000 		.4byte	.LBB35
 699 0221 18000000 		.4byte	.Ldebug_ranges0+0x18
 700 0225 01       		.byte	0x1
 701 0226 71       		.byte	0x71
 702 0227 35020000 		.4byte	0x235
 703 022b 12       		.uleb128 0x12
 704 022c EA000000 		.4byte	0xea
 705 0230 65000000 		.4byte	.LLST5
ARM GAS  C:\Users\chemi\AppData\Local\Temp\ccrRi8y8.s 			page 21


 706 0234 00       		.byte	0
 707 0235 10       		.uleb128 0x10
 708 0236 D4000000 		.4byte	0xd4
 709 023a 16000000 		.4byte	.LBB40
 710 023e 12000000 		.4byte	.LBE40-.LBB40
 711 0242 01       		.byte	0x1
 712 0243 74       		.byte	0x74
 713 0244 00       		.byte	0
 714 0245 0F       		.uleb128 0xf
 715 0246 43010000 		.4byte	.LASF26
 716 024a 01       		.byte	0x1
 717 024b 86       		.byte	0x86
 718 024c 00000000 		.4byte	.LFB2
 719 0250 1C000000 		.4byte	.LFE2-.LFB2
 720 0254 01       		.uleb128 0x1
 721 0255 9C       		.byte	0x9c
 722 0256 92020000 		.4byte	0x292
 723 025a 10       		.uleb128 0x10
 724 025b 20010000 		.4byte	0x120
 725 025f 00000000 		.4byte	.LBB42
 726 0263 08000000 		.4byte	.LBE42-.LBB42
 727 0267 01       		.byte	0x1
 728 0268 89       		.byte	0x89
 729 0269 18       		.uleb128 0x18
 730 026a F7000000 		.4byte	0xf7
 731 026e 08000000 		.4byte	.LBB44
 732 0272 14000000 		.4byte	.LBE44-.LBB44
 733 0276 01       		.byte	0x1
 734 0277 8C       		.byte	0x8c
 735 0278 19       		.uleb128 0x19
 736 0279 03010000 		.4byte	0x103
 737 027d 13       		.uleb128 0x13
 738 027e 08000000 		.4byte	.LBB45
 739 0282 14000000 		.4byte	.LBE45-.LBB45
 740 0286 14       		.uleb128 0x14
 741 0287 0E010000 		.4byte	0x10e
 742 028b 79000000 		.4byte	.LLST6
 743 028f 00       		.byte	0
 744 0290 00       		.byte	0
 745 0291 00       		.byte	0
 746 0292 1A       		.uleb128 0x1a
 747 0293 F7000000 		.4byte	0xf7
 748 0297 00000000 		.4byte	.LFB4
 749 029b 0C000000 		.4byte	.LFE4-.LFB4
 750 029f 01       		.uleb128 0x1
 751 02a0 9C       		.byte	0x9c
 752 02a1 B4020000 		.4byte	0x2b4
 753 02a5 1B       		.uleb128 0x1b
 754 02a6 03010000 		.4byte	0x103
 755 02aa 01       		.uleb128 0x1
 756 02ab 50       		.byte	0x50
 757 02ac 1C       		.uleb128 0x1c
 758 02ad 0E010000 		.4byte	0x10e
 759 02b1 01       		.uleb128 0x1
 760 02b2 53       		.byte	0x53
 761 02b3 00       		.byte	0
 762 02b4 1D       		.uleb128 0x1d
ARM GAS  C:\Users\chemi\AppData\Local\Temp\ccrRi8y8.s 			page 22


 763 02b5 79000000 		.4byte	.LASF27
 764 02b9 01       		.byte	0x1
 765 02ba E0       		.byte	0xe0
 766 02bb C8000000 		.4byte	0xc8
 767 02bf 00000000 		.4byte	.LFB5
 768 02c3 0C000000 		.4byte	.LFE5-.LFB5
 769 02c7 01       		.uleb128 0x1
 770 02c8 9C       		.byte	0x9c
 771 02c9 DD020000 		.4byte	0x2dd
 772 02cd 1E       		.uleb128 0x1e
 773 02ce 6D020000 		.4byte	.LASF29
 774 02d2 01       		.byte	0x1
 775 02d3 E2       		.byte	0xe2
 776 02d4 1A010000 		.4byte	0x11a
 777 02d8 8C000000 		.4byte	.LLST7
 778 02dc 00       		.byte	0
 779 02dd 1A       		.uleb128 0x1a
 780 02de DD000000 		.4byte	0xdd
 781 02e2 00000000 		.4byte	.LFB6
 782 02e6 10000000 		.4byte	.LFE6-.LFB6
 783 02ea 01       		.uleb128 0x1
 784 02eb 9C       		.byte	0x9c
 785 02ec FA020000 		.4byte	0x2fa
 786 02f0 12       		.uleb128 0x12
 787 02f1 EA000000 		.4byte	0xea
 788 02f5 BB000000 		.4byte	.LLST8
 789 02f9 00       		.byte	0
 790 02fa 1F       		.uleb128 0x1f
 791 02fb 67010000 		.4byte	.LASF28
 792 02ff 01       		.byte	0x1
 793 0300 1801     		.2byte	0x118
 794 0302 80000000 		.4byte	0x80
 795 0306 00000000 		.4byte	.LFB7
 796 030a 0C000000 		.4byte	.LFE7-.LFB7
 797 030e 01       		.uleb128 0x1
 798 030f 9C       		.byte	0x9c
 799 0310 25030000 		.4byte	0x325
 800 0314 20       		.uleb128 0x20
 801 0315 57010000 		.4byte	.LASF20
 802 0319 01       		.byte	0x1
 803 031a 1A01     		.2byte	0x11a
 804 031c 80000000 		.4byte	0x80
 805 0320 DC000000 		.4byte	.LLST9
 806 0324 00       		.byte	0
 807 0325 21       		.uleb128 0x21
 808 0326 D4000000 		.4byte	0xd4
 809 032a 00000000 		.4byte	.LFB8
 810 032e 10000000 		.4byte	.LFE8-.LFB8
 811 0332 01       		.uleb128 0x1
 812 0333 9C       		.byte	0x9c
 813 0334 22       		.uleb128 0x22
 814 0335 4D000000 		.4byte	.LASF36
 815 0339 01       		.byte	0x1
 816 033a 4801     		.2byte	0x148
 817 033c 80000000 		.4byte	0x80
 818 0340 00000000 		.4byte	.LFB9
 819 0344 10000000 		.4byte	.LFE9-.LFB9
ARM GAS  C:\Users\chemi\AppData\Local\Temp\ccrRi8y8.s 			page 23


 820 0348 01       		.uleb128 0x1
 821 0349 9C       		.byte	0x9c
 822 034a 21       		.uleb128 0x21
 823 034b 20010000 		.4byte	0x120
 824 034f 00000000 		.4byte	.LFB10
 825 0353 10000000 		.4byte	.LFE10-.LFB10
 826 0357 01       		.uleb128 0x1
 827 0358 9C       		.byte	0x9c
 828 0359 23       		.uleb128 0x23
 829 035a D1010000 		.4byte	.LASF31
 830 035e 01       		.byte	0x1
 831 035f 7801     		.2byte	0x178
 832 0361 00000000 		.4byte	.LFB11
 833 0365 10000000 		.4byte	.LFE11-.LFB11
 834 0369 01       		.uleb128 0x1
 835 036a 9C       		.byte	0x9c
 836 036b 23       		.uleb128 0x23
 837 036c 82010000 		.4byte	.LASF32
 838 0370 01       		.byte	0x1
 839 0371 9101     		.2byte	0x191
 840 0373 00000000 		.4byte	.LFB12
 841 0377 10000000 		.4byte	.LFE12-.LFB12
 842 037b 01       		.uleb128 0x1
 843 037c 9C       		.byte	0x9c
 844 037d 00       		.byte	0
 845              		.section	.debug_abbrev,"",%progbits
 846              	.Ldebug_abbrev0:
 847 0000 01       		.uleb128 0x1
 848 0001 11       		.uleb128 0x11
 849 0002 01       		.byte	0x1
 850 0003 25       		.uleb128 0x25
 851 0004 0E       		.uleb128 0xe
 852 0005 13       		.uleb128 0x13
 853 0006 0B       		.uleb128 0xb
 854 0007 03       		.uleb128 0x3
 855 0008 0E       		.uleb128 0xe
 856 0009 1B       		.uleb128 0x1b
 857 000a 0E       		.uleb128 0xe
 858 000b 55       		.uleb128 0x55
 859 000c 17       		.uleb128 0x17
 860 000d 11       		.uleb128 0x11
 861 000e 01       		.uleb128 0x1
 862 000f 10       		.uleb128 0x10
 863 0010 17       		.uleb128 0x17
 864 0011 00       		.byte	0
 865 0012 00       		.byte	0
 866 0013 02       		.uleb128 0x2
 867 0014 24       		.uleb128 0x24
 868 0015 00       		.byte	0
 869 0016 0B       		.uleb128 0xb
 870 0017 0B       		.uleb128 0xb
 871 0018 3E       		.uleb128 0x3e
 872 0019 0B       		.uleb128 0xb
 873 001a 03       		.uleb128 0x3
 874 001b 08       		.uleb128 0x8
 875 001c 00       		.byte	0
 876 001d 00       		.byte	0
ARM GAS  C:\Users\chemi\AppData\Local\Temp\ccrRi8y8.s 			page 24


 877 001e 03       		.uleb128 0x3
 878 001f 24       		.uleb128 0x24
 879 0020 00       		.byte	0
 880 0021 0B       		.uleb128 0xb
 881 0022 0B       		.uleb128 0xb
 882 0023 3E       		.uleb128 0x3e
 883 0024 0B       		.uleb128 0xb
 884 0025 03       		.uleb128 0x3
 885 0026 0E       		.uleb128 0xe
 886 0027 00       		.byte	0
 887 0028 00       		.byte	0
 888 0029 04       		.uleb128 0x4
 889 002a 0F       		.uleb128 0xf
 890 002b 00       		.byte	0
 891 002c 0B       		.uleb128 0xb
 892 002d 0B       		.uleb128 0xb
 893 002e 49       		.uleb128 0x49
 894 002f 13       		.uleb128 0x13
 895 0030 00       		.byte	0
 896 0031 00       		.byte	0
 897 0032 05       		.uleb128 0x5
 898 0033 15       		.uleb128 0x15
 899 0034 00       		.byte	0
 900 0035 27       		.uleb128 0x27
 901 0036 19       		.uleb128 0x19
 902 0037 00       		.byte	0
 903 0038 00       		.byte	0
 904 0039 06       		.uleb128 0x6
 905 003a 16       		.uleb128 0x16
 906 003b 00       		.byte	0
 907 003c 03       		.uleb128 0x3
 908 003d 0E       		.uleb128 0xe
 909 003e 3A       		.uleb128 0x3a
 910 003f 0B       		.uleb128 0xb
 911 0040 3B       		.uleb128 0x3b
 912 0041 05       		.uleb128 0x5
 913 0042 49       		.uleb128 0x49
 914 0043 13       		.uleb128 0x13
 915 0044 00       		.byte	0
 916 0045 00       		.byte	0
 917 0046 07       		.uleb128 0x7
 918 0047 35       		.uleb128 0x35
 919 0048 00       		.byte	0
 920 0049 49       		.uleb128 0x49
 921 004a 13       		.uleb128 0x13
 922 004b 00       		.byte	0
 923 004c 00       		.byte	0
 924 004d 08       		.uleb128 0x8
 925 004e 2E       		.uleb128 0x2e
 926 004f 00       		.byte	0
 927 0050 3F       		.uleb128 0x3f
 928 0051 19       		.uleb128 0x19
 929 0052 03       		.uleb128 0x3
 930 0053 0E       		.uleb128 0xe
 931 0054 3A       		.uleb128 0x3a
 932 0055 0B       		.uleb128 0xb
 933 0056 3B       		.uleb128 0x3b
ARM GAS  C:\Users\chemi\AppData\Local\Temp\ccrRi8y8.s 			page 25


 934 0057 05       		.uleb128 0x5
 935 0058 27       		.uleb128 0x27
 936 0059 19       		.uleb128 0x19
 937 005a 20       		.uleb128 0x20
 938 005b 0B       		.uleb128 0xb
 939 005c 00       		.byte	0
 940 005d 00       		.byte	0
 941 005e 09       		.uleb128 0x9
 942 005f 2E       		.uleb128 0x2e
 943 0060 01       		.byte	0x1
 944 0061 3F       		.uleb128 0x3f
 945 0062 19       		.uleb128 0x19
 946 0063 03       		.uleb128 0x3
 947 0064 0E       		.uleb128 0xe
 948 0065 3A       		.uleb128 0x3a
 949 0066 0B       		.uleb128 0xb
 950 0067 3B       		.uleb128 0x3b
 951 0068 05       		.uleb128 0x5
 952 0069 27       		.uleb128 0x27
 953 006a 19       		.uleb128 0x19
 954 006b 20       		.uleb128 0x20
 955 006c 0B       		.uleb128 0xb
 956 006d 01       		.uleb128 0x1
 957 006e 13       		.uleb128 0x13
 958 006f 00       		.byte	0
 959 0070 00       		.byte	0
 960 0071 0A       		.uleb128 0xa
 961 0072 05       		.uleb128 0x5
 962 0073 00       		.byte	0
 963 0074 03       		.uleb128 0x3
 964 0075 0E       		.uleb128 0xe
 965 0076 3A       		.uleb128 0x3a
 966 0077 0B       		.uleb128 0xb
 967 0078 3B       		.uleb128 0x3b
 968 0079 05       		.uleb128 0x5
 969 007a 49       		.uleb128 0x49
 970 007b 13       		.uleb128 0x13
 971 007c 00       		.byte	0
 972 007d 00       		.byte	0
 973 007e 0B       		.uleb128 0xb
 974 007f 2E       		.uleb128 0x2e
 975 0080 01       		.byte	0x1
 976 0081 3F       		.uleb128 0x3f
 977 0082 19       		.uleb128 0x19
 978 0083 03       		.uleb128 0x3
 979 0084 0E       		.uleb128 0xe
 980 0085 3A       		.uleb128 0x3a
 981 0086 0B       		.uleb128 0xb
 982 0087 3B       		.uleb128 0x3b
 983 0088 0B       		.uleb128 0xb
 984 0089 27       		.uleb128 0x27
 985 008a 19       		.uleb128 0x19
 986 008b 20       		.uleb128 0x20
 987 008c 0B       		.uleb128 0xb
 988 008d 01       		.uleb128 0x1
 989 008e 13       		.uleb128 0x13
 990 008f 00       		.byte	0
ARM GAS  C:\Users\chemi\AppData\Local\Temp\ccrRi8y8.s 			page 26


 991 0090 00       		.byte	0
 992 0091 0C       		.uleb128 0xc
 993 0092 05       		.uleb128 0x5
 994 0093 00       		.byte	0
 995 0094 03       		.uleb128 0x3
 996 0095 0E       		.uleb128 0xe
 997 0096 3A       		.uleb128 0x3a
 998 0097 0B       		.uleb128 0xb
 999 0098 3B       		.uleb128 0x3b
 1000 0099 0B       		.uleb128 0xb
 1001 009a 49       		.uleb128 0x49
 1002 009b 13       		.uleb128 0x13
 1003 009c 00       		.byte	0
 1004 009d 00       		.byte	0
 1005 009e 0D       		.uleb128 0xd
 1006 009f 34       		.uleb128 0x34
 1007 00a0 00       		.byte	0
 1008 00a1 03       		.uleb128 0x3
 1009 00a2 0E       		.uleb128 0xe
 1010 00a3 3A       		.uleb128 0x3a
 1011 00a4 0B       		.uleb128 0xb
 1012 00a5 3B       		.uleb128 0x3b
 1013 00a6 0B       		.uleb128 0xb
 1014 00a7 49       		.uleb128 0x49
 1015 00a8 13       		.uleb128 0x13
 1016 00a9 00       		.byte	0
 1017 00aa 00       		.byte	0
 1018 00ab 0E       		.uleb128 0xe
 1019 00ac 2E       		.uleb128 0x2e
 1020 00ad 00       		.byte	0
 1021 00ae 3F       		.uleb128 0x3f
 1022 00af 19       		.uleb128 0x19
 1023 00b0 03       		.uleb128 0x3
 1024 00b1 0E       		.uleb128 0xe
 1025 00b2 3A       		.uleb128 0x3a
 1026 00b3 0B       		.uleb128 0xb
 1027 00b4 3B       		.uleb128 0x3b
 1028 00b5 0B       		.uleb128 0xb
 1029 00b6 27       		.uleb128 0x27
 1030 00b7 19       		.uleb128 0x19
 1031 00b8 11       		.uleb128 0x11
 1032 00b9 01       		.uleb128 0x1
 1033 00ba 12       		.uleb128 0x12
 1034 00bb 06       		.uleb128 0x6
 1035 00bc 40       		.uleb128 0x40
 1036 00bd 18       		.uleb128 0x18
 1037 00be 9742     		.uleb128 0x2117
 1038 00c0 19       		.uleb128 0x19
 1039 00c1 00       		.byte	0
 1040 00c2 00       		.byte	0
 1041 00c3 0F       		.uleb128 0xf
 1042 00c4 2E       		.uleb128 0x2e
 1043 00c5 01       		.byte	0x1
 1044 00c6 3F       		.uleb128 0x3f
 1045 00c7 19       		.uleb128 0x19
 1046 00c8 03       		.uleb128 0x3
 1047 00c9 0E       		.uleb128 0xe
ARM GAS  C:\Users\chemi\AppData\Local\Temp\ccrRi8y8.s 			page 27


 1048 00ca 3A       		.uleb128 0x3a
 1049 00cb 0B       		.uleb128 0xb
 1050 00cc 3B       		.uleb128 0x3b
 1051 00cd 0B       		.uleb128 0xb
 1052 00ce 27       		.uleb128 0x27
 1053 00cf 19       		.uleb128 0x19
 1054 00d0 11       		.uleb128 0x11
 1055 00d1 01       		.uleb128 0x1
 1056 00d2 12       		.uleb128 0x12
 1057 00d3 06       		.uleb128 0x6
 1058 00d4 40       		.uleb128 0x40
 1059 00d5 18       		.uleb128 0x18
 1060 00d6 9742     		.uleb128 0x2117
 1061 00d8 19       		.uleb128 0x19
 1062 00d9 01       		.uleb128 0x1
 1063 00da 13       		.uleb128 0x13
 1064 00db 00       		.byte	0
 1065 00dc 00       		.byte	0
 1066 00dd 10       		.uleb128 0x10
 1067 00de 1D       		.uleb128 0x1d
 1068 00df 00       		.byte	0
 1069 00e0 31       		.uleb128 0x31
 1070 00e1 13       		.uleb128 0x13
 1071 00e2 11       		.uleb128 0x11
 1072 00e3 01       		.uleb128 0x1
 1073 00e4 12       		.uleb128 0x12
 1074 00e5 06       		.uleb128 0x6
 1075 00e6 58       		.uleb128 0x58
 1076 00e7 0B       		.uleb128 0xb
 1077 00e8 59       		.uleb128 0x59
 1078 00e9 0B       		.uleb128 0xb
 1079 00ea 00       		.byte	0
 1080 00eb 00       		.byte	0
 1081 00ec 11       		.uleb128 0x11
 1082 00ed 1D       		.uleb128 0x1d
 1083 00ee 01       		.byte	0x1
 1084 00ef 31       		.uleb128 0x31
 1085 00f0 13       		.uleb128 0x13
 1086 00f1 11       		.uleb128 0x11
 1087 00f2 01       		.uleb128 0x1
 1088 00f3 12       		.uleb128 0x12
 1089 00f4 06       		.uleb128 0x6
 1090 00f5 58       		.uleb128 0x58
 1091 00f6 0B       		.uleb128 0xb
 1092 00f7 59       		.uleb128 0x59
 1093 00f8 0B       		.uleb128 0xb
 1094 00f9 01       		.uleb128 0x1
 1095 00fa 13       		.uleb128 0x13
 1096 00fb 00       		.byte	0
 1097 00fc 00       		.byte	0
 1098 00fd 12       		.uleb128 0x12
 1099 00fe 05       		.uleb128 0x5
 1100 00ff 00       		.byte	0
 1101 0100 31       		.uleb128 0x31
 1102 0101 13       		.uleb128 0x13
 1103 0102 02       		.uleb128 0x2
 1104 0103 17       		.uleb128 0x17
ARM GAS  C:\Users\chemi\AppData\Local\Temp\ccrRi8y8.s 			page 28


 1105 0104 00       		.byte	0
 1106 0105 00       		.byte	0
 1107 0106 13       		.uleb128 0x13
 1108 0107 0B       		.uleb128 0xb
 1109 0108 01       		.byte	0x1
 1110 0109 11       		.uleb128 0x11
 1111 010a 01       		.uleb128 0x1
 1112 010b 12       		.uleb128 0x12
 1113 010c 06       		.uleb128 0x6
 1114 010d 00       		.byte	0
 1115 010e 00       		.byte	0
 1116 010f 14       		.uleb128 0x14
 1117 0110 34       		.uleb128 0x34
 1118 0111 00       		.byte	0
 1119 0112 31       		.uleb128 0x31
 1120 0113 13       		.uleb128 0x13
 1121 0114 02       		.uleb128 0x2
 1122 0115 17       		.uleb128 0x17
 1123 0116 00       		.byte	0
 1124 0117 00       		.byte	0
 1125 0118 15       		.uleb128 0x15
 1126 0119 05       		.uleb128 0x5
 1127 011a 00       		.byte	0
 1128 011b 03       		.uleb128 0x3
 1129 011c 0E       		.uleb128 0xe
 1130 011d 3A       		.uleb128 0x3a
 1131 011e 0B       		.uleb128 0xb
 1132 011f 3B       		.uleb128 0x3b
 1133 0120 0B       		.uleb128 0xb
 1134 0121 49       		.uleb128 0x49
 1135 0122 13       		.uleb128 0x13
 1136 0123 02       		.uleb128 0x2
 1137 0124 18       		.uleb128 0x18
 1138 0125 00       		.byte	0
 1139 0126 00       		.byte	0
 1140 0127 16       		.uleb128 0x16
 1141 0128 1D       		.uleb128 0x1d
 1142 0129 01       		.byte	0x1
 1143 012a 31       		.uleb128 0x31
 1144 012b 13       		.uleb128 0x13
 1145 012c 52       		.uleb128 0x52
 1146 012d 01       		.uleb128 0x1
 1147 012e 55       		.uleb128 0x55
 1148 012f 17       		.uleb128 0x17
 1149 0130 58       		.uleb128 0x58
 1150 0131 0B       		.uleb128 0xb
 1151 0132 59       		.uleb128 0x59
 1152 0133 0B       		.uleb128 0xb
 1153 0134 01       		.uleb128 0x1
 1154 0135 13       		.uleb128 0x13
 1155 0136 00       		.byte	0
 1156 0137 00       		.byte	0
 1157 0138 17       		.uleb128 0x17
 1158 0139 0B       		.uleb128 0xb
 1159 013a 01       		.byte	0x1
 1160 013b 55       		.uleb128 0x55
 1161 013c 17       		.uleb128 0x17
ARM GAS  C:\Users\chemi\AppData\Local\Temp\ccrRi8y8.s 			page 29


 1162 013d 00       		.byte	0
 1163 013e 00       		.byte	0
 1164 013f 18       		.uleb128 0x18
 1165 0140 1D       		.uleb128 0x1d
 1166 0141 01       		.byte	0x1
 1167 0142 31       		.uleb128 0x31
 1168 0143 13       		.uleb128 0x13
 1169 0144 11       		.uleb128 0x11
 1170 0145 01       		.uleb128 0x1
 1171 0146 12       		.uleb128 0x12
 1172 0147 06       		.uleb128 0x6
 1173 0148 58       		.uleb128 0x58
 1174 0149 0B       		.uleb128 0xb
 1175 014a 59       		.uleb128 0x59
 1176 014b 0B       		.uleb128 0xb
 1177 014c 00       		.byte	0
 1178 014d 00       		.byte	0
 1179 014e 19       		.uleb128 0x19
 1180 014f 05       		.uleb128 0x5
 1181 0150 00       		.byte	0
 1182 0151 31       		.uleb128 0x31
 1183 0152 13       		.uleb128 0x13
 1184 0153 00       		.byte	0
 1185 0154 00       		.byte	0
 1186 0155 1A       		.uleb128 0x1a
 1187 0156 2E       		.uleb128 0x2e
 1188 0157 01       		.byte	0x1
 1189 0158 31       		.uleb128 0x31
 1190 0159 13       		.uleb128 0x13
 1191 015a 11       		.uleb128 0x11
 1192 015b 01       		.uleb128 0x1
 1193 015c 12       		.uleb128 0x12
 1194 015d 06       		.uleb128 0x6
 1195 015e 40       		.uleb128 0x40
 1196 015f 18       		.uleb128 0x18
 1197 0160 9742     		.uleb128 0x2117
 1198 0162 19       		.uleb128 0x19
 1199 0163 01       		.uleb128 0x1
 1200 0164 13       		.uleb128 0x13
 1201 0165 00       		.byte	0
 1202 0166 00       		.byte	0
 1203 0167 1B       		.uleb128 0x1b
 1204 0168 05       		.uleb128 0x5
 1205 0169 00       		.byte	0
 1206 016a 31       		.uleb128 0x31
 1207 016b 13       		.uleb128 0x13
 1208 016c 02       		.uleb128 0x2
 1209 016d 18       		.uleb128 0x18
 1210 016e 00       		.byte	0
 1211 016f 00       		.byte	0
 1212 0170 1C       		.uleb128 0x1c
 1213 0171 34       		.uleb128 0x34
 1214 0172 00       		.byte	0
 1215 0173 31       		.uleb128 0x31
 1216 0174 13       		.uleb128 0x13
 1217 0175 02       		.uleb128 0x2
 1218 0176 18       		.uleb128 0x18
ARM GAS  C:\Users\chemi\AppData\Local\Temp\ccrRi8y8.s 			page 30


 1219 0177 00       		.byte	0
 1220 0178 00       		.byte	0
 1221 0179 1D       		.uleb128 0x1d
 1222 017a 2E       		.uleb128 0x2e
 1223 017b 01       		.byte	0x1
 1224 017c 3F       		.uleb128 0x3f
 1225 017d 19       		.uleb128 0x19
 1226 017e 03       		.uleb128 0x3
 1227 017f 0E       		.uleb128 0xe
 1228 0180 3A       		.uleb128 0x3a
 1229 0181 0B       		.uleb128 0xb
 1230 0182 3B       		.uleb128 0x3b
 1231 0183 0B       		.uleb128 0xb
 1232 0184 27       		.uleb128 0x27
 1233 0185 19       		.uleb128 0x19
 1234 0186 49       		.uleb128 0x49
 1235 0187 13       		.uleb128 0x13
 1236 0188 11       		.uleb128 0x11
 1237 0189 01       		.uleb128 0x1
 1238 018a 12       		.uleb128 0x12
 1239 018b 06       		.uleb128 0x6
 1240 018c 40       		.uleb128 0x40
 1241 018d 18       		.uleb128 0x18
 1242 018e 9742     		.uleb128 0x2117
 1243 0190 19       		.uleb128 0x19
 1244 0191 01       		.uleb128 0x1
 1245 0192 13       		.uleb128 0x13
 1246 0193 00       		.byte	0
 1247 0194 00       		.byte	0
 1248 0195 1E       		.uleb128 0x1e
 1249 0196 34       		.uleb128 0x34
 1250 0197 00       		.byte	0
 1251 0198 03       		.uleb128 0x3
 1252 0199 0E       		.uleb128 0xe
 1253 019a 3A       		.uleb128 0x3a
 1254 019b 0B       		.uleb128 0xb
 1255 019c 3B       		.uleb128 0x3b
 1256 019d 0B       		.uleb128 0xb
 1257 019e 49       		.uleb128 0x49
 1258 019f 13       		.uleb128 0x13
 1259 01a0 02       		.uleb128 0x2
 1260 01a1 17       		.uleb128 0x17
 1261 01a2 00       		.byte	0
 1262 01a3 00       		.byte	0
 1263 01a4 1F       		.uleb128 0x1f
 1264 01a5 2E       		.uleb128 0x2e
 1265 01a6 01       		.byte	0x1
 1266 01a7 3F       		.uleb128 0x3f
 1267 01a8 19       		.uleb128 0x19
 1268 01a9 03       		.uleb128 0x3
 1269 01aa 0E       		.uleb128 0xe
 1270 01ab 3A       		.uleb128 0x3a
 1271 01ac 0B       		.uleb128 0xb
 1272 01ad 3B       		.uleb128 0x3b
 1273 01ae 05       		.uleb128 0x5
 1274 01af 27       		.uleb128 0x27
 1275 01b0 19       		.uleb128 0x19
ARM GAS  C:\Users\chemi\AppData\Local\Temp\ccrRi8y8.s 			page 31


 1276 01b1 49       		.uleb128 0x49
 1277 01b2 13       		.uleb128 0x13
 1278 01b3 11       		.uleb128 0x11
 1279 01b4 01       		.uleb128 0x1
 1280 01b5 12       		.uleb128 0x12
 1281 01b6 06       		.uleb128 0x6
 1282 01b7 40       		.uleb128 0x40
 1283 01b8 18       		.uleb128 0x18
 1284 01b9 9742     		.uleb128 0x2117
 1285 01bb 19       		.uleb128 0x19
 1286 01bc 01       		.uleb128 0x1
 1287 01bd 13       		.uleb128 0x13
 1288 01be 00       		.byte	0
 1289 01bf 00       		.byte	0
 1290 01c0 20       		.uleb128 0x20
 1291 01c1 34       		.uleb128 0x34
 1292 01c2 00       		.byte	0
 1293 01c3 03       		.uleb128 0x3
 1294 01c4 0E       		.uleb128 0xe
 1295 01c5 3A       		.uleb128 0x3a
 1296 01c6 0B       		.uleb128 0xb
 1297 01c7 3B       		.uleb128 0x3b
 1298 01c8 05       		.uleb128 0x5
 1299 01c9 49       		.uleb128 0x49
 1300 01ca 13       		.uleb128 0x13
 1301 01cb 02       		.uleb128 0x2
 1302 01cc 17       		.uleb128 0x17
 1303 01cd 00       		.byte	0
 1304 01ce 00       		.byte	0
 1305 01cf 21       		.uleb128 0x21
 1306 01d0 2E       		.uleb128 0x2e
 1307 01d1 00       		.byte	0
 1308 01d2 31       		.uleb128 0x31
 1309 01d3 13       		.uleb128 0x13
 1310 01d4 11       		.uleb128 0x11
 1311 01d5 01       		.uleb128 0x1
 1312 01d6 12       		.uleb128 0x12
 1313 01d7 06       		.uleb128 0x6
 1314 01d8 40       		.uleb128 0x40
 1315 01d9 18       		.uleb128 0x18
 1316 01da 9742     		.uleb128 0x2117
 1317 01dc 19       		.uleb128 0x19
 1318 01dd 00       		.byte	0
 1319 01de 00       		.byte	0
 1320 01df 22       		.uleb128 0x22
 1321 01e0 2E       		.uleb128 0x2e
 1322 01e1 00       		.byte	0
 1323 01e2 3F       		.uleb128 0x3f
 1324 01e3 19       		.uleb128 0x19
 1325 01e4 03       		.uleb128 0x3
 1326 01e5 0E       		.uleb128 0xe
 1327 01e6 3A       		.uleb128 0x3a
 1328 01e7 0B       		.uleb128 0xb
 1329 01e8 3B       		.uleb128 0x3b
 1330 01e9 05       		.uleb128 0x5
 1331 01ea 27       		.uleb128 0x27
 1332 01eb 19       		.uleb128 0x19
ARM GAS  C:\Users\chemi\AppData\Local\Temp\ccrRi8y8.s 			page 32


 1333 01ec 49       		.uleb128 0x49
 1334 01ed 13       		.uleb128 0x13
 1335 01ee 11       		.uleb128 0x11
 1336 01ef 01       		.uleb128 0x1
 1337 01f0 12       		.uleb128 0x12
 1338 01f1 06       		.uleb128 0x6
 1339 01f2 40       		.uleb128 0x40
 1340 01f3 18       		.uleb128 0x18
 1341 01f4 9742     		.uleb128 0x2117
 1342 01f6 19       		.uleb128 0x19
 1343 01f7 00       		.byte	0
 1344 01f8 00       		.byte	0
 1345 01f9 23       		.uleb128 0x23
 1346 01fa 2E       		.uleb128 0x2e
 1347 01fb 00       		.byte	0
 1348 01fc 3F       		.uleb128 0x3f
 1349 01fd 19       		.uleb128 0x19
 1350 01fe 03       		.uleb128 0x3
 1351 01ff 0E       		.uleb128 0xe
 1352 0200 3A       		.uleb128 0x3a
 1353 0201 0B       		.uleb128 0xb
 1354 0202 3B       		.uleb128 0x3b
 1355 0203 05       		.uleb128 0x5
 1356 0204 27       		.uleb128 0x27
 1357 0205 19       		.uleb128 0x19
 1358 0206 11       		.uleb128 0x11
 1359 0207 01       		.uleb128 0x1
 1360 0208 12       		.uleb128 0x12
 1361 0209 06       		.uleb128 0x6
 1362 020a 40       		.uleb128 0x40
 1363 020b 18       		.uleb128 0x18
 1364 020c 9742     		.uleb128 0x2117
 1365 020e 19       		.uleb128 0x19
 1366 020f 00       		.byte	0
 1367 0210 00       		.byte	0
 1368 0211 00       		.byte	0
 1369              		.section	.debug_loc,"",%progbits
 1370              	.Ldebug_loc0:
 1371              	.LLST0:
 1372 0000 08000000 		.4byte	.LVL0
 1373 0004 12000000 		.4byte	.LVL2
 1374 0008 0600     		.2byte	0x6
 1375 000a 03       		.byte	0x3
 1376 000b 00000000 		.4byte	interrupterIRQ_Interrupt
 1377 000f 9F       		.byte	0x9f
 1378 0010 00000000 		.4byte	0
 1379 0014 00000000 		.4byte	0
 1380              	.LLST1:
 1381 0018 0E000000 		.4byte	.LVL1
 1382 001c 12000000 		.4byte	.LVL2
 1383 0020 0100     		.2byte	0x1
 1384 0022 52       		.byte	0x52
 1385 0023 00000000 		.4byte	0
 1386 0027 00000000 		.4byte	0
 1387              	.LLST2:
 1388 002b 12000000 		.4byte	.LVL2
 1389 002f 18000000 		.4byte	.LVL3
ARM GAS  C:\Users\chemi\AppData\Local\Temp\ccrRi8y8.s 			page 33


 1390 0033 0200     		.2byte	0x2
 1391 0035 37       		.byte	0x37
 1392 0036 9F       		.byte	0x9f
 1393 0037 00000000 		.4byte	0
 1394 003b 00000000 		.4byte	0
 1395              	.LLST3:
 1396 003f 08000000 		.4byte	.LVL5
 1397 0043 12000000 		.4byte	.LVL7
 1398 0047 0100     		.2byte	0x1
 1399 0049 50       		.byte	0x50
 1400 004a 00000000 		.4byte	0
 1401 004e 00000000 		.4byte	0
 1402              	.LLST4:
 1403 0052 0E000000 		.4byte	.LVL6
 1404 0056 12000000 		.4byte	.LVL7
 1405 005a 0100     		.2byte	0x1
 1406 005c 52       		.byte	0x52
 1407 005d 00000000 		.4byte	0
 1408 0061 00000000 		.4byte	0
 1409              	.LLST5:
 1410 0065 12000000 		.4byte	.LVL7
 1411 0069 16000000 		.4byte	.LVL8
 1412 006d 0200     		.2byte	0x2
 1413 006f 37       		.byte	0x37
 1414 0070 9F       		.byte	0x9f
 1415 0071 00000000 		.4byte	0
 1416 0075 00000000 		.4byte	0
 1417              	.LLST6:
 1418 0079 0E000000 		.4byte	.LVL10
 1419 007d 12000000 		.4byte	.LVL11
 1420 0081 0100     		.2byte	0x1
 1421 0083 53       		.byte	0x53
 1422 0084 00000000 		.4byte	0
 1423 0088 00000000 		.4byte	0
 1424              	.LLST7:
 1425 008c 00000000 		.4byte	.LVL14
 1426 0090 02000000 		.4byte	.LVL15
 1427 0094 0600     		.2byte	0x6
 1428 0096 11       		.byte	0x11
 1429 0097 88DA8380 		.sleb128 -536810232
 1429      7E
 1430 009c 02000000 		.4byte	.LVL15
 1431 00a0 04000000 		.4byte	.LVL16
 1432 00a4 0200     		.2byte	0x2
 1433 00a6 73       		.byte	0x73
 1434 00a7 00       		.sleb128 0
 1435 00a8 04000000 		.4byte	.LVL16
 1436 00ac 0C000000 		.4byte	.LFE5
 1437 00b0 0100     		.2byte	0x1
 1438 00b2 53       		.byte	0x53
 1439 00b3 00000000 		.4byte	0
 1440 00b7 00000000 		.4byte	0
 1441              	.LLST8:
 1442 00bb 00000000 		.4byte	.LVL17
 1443 00bf 02000000 		.4byte	.LVL18
 1444 00c3 0100     		.2byte	0x1
 1445 00c5 50       		.byte	0x50
ARM GAS  C:\Users\chemi\AppData\Local\Temp\ccrRi8y8.s 			page 34


 1446 00c6 02000000 		.4byte	.LVL18
 1447 00ca 10000000 		.4byte	.LFE6
 1448 00ce 0400     		.2byte	0x4
 1449 00d0 F3       		.byte	0xf3
 1450 00d1 01       		.uleb128 0x1
 1451 00d2 50       		.byte	0x50
 1452 00d3 9F       		.byte	0x9f
 1453 00d4 00000000 		.4byte	0
 1454 00d8 00000000 		.4byte	0
 1455              	.LLST9:
 1456 00dc 04000000 		.4byte	.LVL19
 1457 00e0 06000000 		.4byte	.LVL20
 1458 00e4 0500     		.2byte	0x5
 1459 00e6 70       		.byte	0x70
 1460 00e7 00       		.sleb128 0
 1461 00e8 35       		.byte	0x35
 1462 00e9 25       		.byte	0x25
 1463 00ea 9F       		.byte	0x9f
 1464 00eb 00000000 		.4byte	0
 1465 00ef 00000000 		.4byte	0
 1466              		.section	.debug_aranges,"",%progbits
 1467 0000 7C000000 		.4byte	0x7c
 1468 0004 0200     		.2byte	0x2
 1469 0006 00000000 		.4byte	.Ldebug_info0
 1470 000a 04       		.byte	0x4
 1471 000b 00       		.byte	0
 1472 000c 0000     		.2byte	0
 1473 000e 0000     		.2byte	0
 1474 0010 00000000 		.4byte	.LFB3
 1475 0014 02000000 		.4byte	.LFE3-.LFB3
 1476 0018 00000000 		.4byte	.LFB0
 1477 001c 30000000 		.4byte	.LFE0-.LFB0
 1478 0020 00000000 		.4byte	.LFB1
 1479 0024 28000000 		.4byte	.LFE1-.LFB1
 1480 0028 00000000 		.4byte	.LFB2
 1481 002c 1C000000 		.4byte	.LFE2-.LFB2
 1482 0030 00000000 		.4byte	.LFB4
 1483 0034 0C000000 		.4byte	.LFE4-.LFB4
 1484 0038 00000000 		.4byte	.LFB5
 1485 003c 0C000000 		.4byte	.LFE5-.LFB5
 1486 0040 00000000 		.4byte	.LFB6
 1487 0044 10000000 		.4byte	.LFE6-.LFB6
 1488 0048 00000000 		.4byte	.LFB7
 1489 004c 0C000000 		.4byte	.LFE7-.LFB7
 1490 0050 00000000 		.4byte	.LFB8
 1491 0054 10000000 		.4byte	.LFE8-.LFB8
 1492 0058 00000000 		.4byte	.LFB9
 1493 005c 10000000 		.4byte	.LFE9-.LFB9
 1494 0060 00000000 		.4byte	.LFB10
 1495 0064 10000000 		.4byte	.LFE10-.LFB10
 1496 0068 00000000 		.4byte	.LFB11
 1497 006c 10000000 		.4byte	.LFE11-.LFB11
 1498 0070 00000000 		.4byte	.LFB12
 1499 0074 10000000 		.4byte	.LFE12-.LFB12
 1500 0078 00000000 		.4byte	0
 1501 007c 00000000 		.4byte	0
 1502              		.section	.debug_ranges,"",%progbits
ARM GAS  C:\Users\chemi\AppData\Local\Temp\ccrRi8y8.s 			page 35


 1503              	.Ldebug_ranges0:
 1504 0000 08000000 		.4byte	.LBB32
 1505 0004 0E000000 		.4byte	.LBE32
 1506 0008 10000000 		.4byte	.LBB38
 1507 000c 12000000 		.4byte	.LBE38
 1508 0010 00000000 		.4byte	0
 1509 0014 00000000 		.4byte	0
 1510 0018 0E000000 		.4byte	.LBB35
 1511 001c 10000000 		.4byte	.LBE35
 1512 0020 12000000 		.4byte	.LBB39
 1513 0024 16000000 		.4byte	.LBE39
 1514 0028 00000000 		.4byte	0
 1515 002c 00000000 		.4byte	0
 1516 0030 00000000 		.4byte	.LFB3
 1517 0034 02000000 		.4byte	.LFE3
 1518 0038 00000000 		.4byte	.LFB0
 1519 003c 30000000 		.4byte	.LFE0
 1520 0040 00000000 		.4byte	.LFB1
 1521 0044 28000000 		.4byte	.LFE1
 1522 0048 00000000 		.4byte	.LFB2
 1523 004c 1C000000 		.4byte	.LFE2
 1524 0050 00000000 		.4byte	.LFB4
 1525 0054 0C000000 		.4byte	.LFE4
 1526 0058 00000000 		.4byte	.LFB5
 1527 005c 0C000000 		.4byte	.LFE5
 1528 0060 00000000 		.4byte	.LFB6
 1529 0064 10000000 		.4byte	.LFE6
 1530 0068 00000000 		.4byte	.LFB7
 1531 006c 0C000000 		.4byte	.LFE7
 1532 0070 00000000 		.4byte	.LFB8
 1533 0074 10000000 		.4byte	.LFE8
 1534 0078 00000000 		.4byte	.LFB9
 1535 007c 10000000 		.4byte	.LFE9
 1536 0080 00000000 		.4byte	.LFB10
 1537 0084 10000000 		.4byte	.LFE10
 1538 0088 00000000 		.4byte	.LFB11
 1539 008c 10000000 		.4byte	.LFE11
 1540 0090 00000000 		.4byte	.LFB12
 1541 0094 10000000 		.4byte	.LFE12
 1542 0098 00000000 		.4byte	0
 1543 009c 00000000 		.4byte	0
 1544              		.section	.debug_line,"",%progbits
 1545              	.Ldebug_line0:
 1546 0000 5A010000 		.section	.debug_str,"MS",%progbits,1
 1546      02004B00 
 1546      00000201 
 1546      FB0E0D00 
 1546      01010101 
 1547              	.LASF16:
 1548 0000 72656733 		.ascii	"reg32\000"
 1548      3200
 1549              	.LASF18:
 1550 0006 696E7465 		.ascii	"interrupterIRQ_SetPriority\000"
 1550      72727570 
 1550      74657249 
 1550      52515F53 
 1550      65745072 
ARM GAS  C:\Users\chemi\AppData\Local\Temp\ccrRi8y8.s 			page 36


 1551              	.LASF4:
 1552 0021 73686F72 		.ascii	"short unsigned int\000"
 1552      7420756E 
 1552      7369676E 
 1552      65642069 
 1552      6E7400
 1553              	.LASF30:
 1554 0034 696E7465 		.ascii	"interrupterIRQ_Interrupt\000"
 1554      72727570 
 1554      74657249 
 1554      52515F49 
 1554      6E746572 
 1555              	.LASF36:
 1556 004d 696E7465 		.ascii	"interrupterIRQ_GetState\000"
 1556      72727570 
 1556      74657249 
 1556      52515F47 
 1556      65745374 
 1557              	.LASF13:
 1558 0065 666C6F61 		.ascii	"float\000"
 1558      7400
 1559              	.LASF2:
 1560 006b 756E7369 		.ascii	"unsigned char\000"
 1560      676E6564 
 1560      20636861 
 1560      7200
 1561              	.LASF27:
 1562 0079 696E7465 		.ascii	"interrupterIRQ_GetVector\000"
 1562      72727570 
 1562      74657249 
 1562      52515F47 
 1562      65745665 
 1563              	.LASF6:
 1564 0092 6C6F6E67 		.ascii	"long unsigned int\000"
 1564      20756E73 
 1564      69676E65 
 1564      6420696E 
 1564      7400
 1565              	.LASF33:
 1566 00a4 474E5520 		.ascii	"GNU C99 5.4.1 20160609 (release) [ARM/embedded-5-br"
 1566      43393920 
 1566      352E342E 
 1566      31203230 
 1566      31363036 
 1567 00d7 616E6368 		.ascii	"anch revision 237715] -mcpu=cortex-m3 -mthumb -g -O"
 1567      20726576 
 1567      6973696F 
 1567      6E203233 
 1567      37373135 
 1568 010a 73202D73 		.ascii	"s -std=gnu99 -ffunction-sections -ffat-lto-objects\000"
 1568      74643D67 
 1568      6E753939 
 1568      202D6666 
 1568      756E6374 
 1569              	.LASF11:
 1570 013d 75696E74 		.ascii	"uint8\000"
 1570      3800
ARM GAS  C:\Users\chemi\AppData\Local\Temp\ccrRi8y8.s 			page 37


 1571              	.LASF26:
 1572 0143 696E7465 		.ascii	"interrupterIRQ_Stop\000"
 1572      72727570 
 1572      74657249 
 1572      52515F53 
 1572      746F7000 
 1573              	.LASF20:
 1574 0157 7072696F 		.ascii	"priority\000"
 1574      72697479 
 1574      00
 1575              	.LASF14:
 1576 0160 646F7562 		.ascii	"double\000"
 1576      6C6500
 1577              	.LASF28:
 1578 0167 696E7465 		.ascii	"interrupterIRQ_GetPriority\000"
 1578      72727570 
 1578      74657249 
 1578      52515F47 
 1578      65745072 
 1579              	.LASF32:
 1580 0182 696E7465 		.ascii	"interrupterIRQ_ClearPending\000"
 1580      72727570 
 1580      74657249 
 1580      52515F43 
 1580      6C656172 
 1581              	.LASF12:
 1582 019e 75696E74 		.ascii	"uint32\000"
 1582      333200
 1583              	.LASF0:
 1584 01a5 756E7369 		.ascii	"unsigned int\000"
 1584      676E6564 
 1584      20696E74 
 1584      00
 1585              	.LASF21:
 1586 01b2 61646472 		.ascii	"address\000"
 1586      65737300 
 1587              	.LASF8:
 1588 01ba 6C6F6E67 		.ascii	"long long unsigned int\000"
 1588      206C6F6E 
 1588      6720756E 
 1588      7369676E 
 1588      65642069 
 1589              	.LASF31:
 1590 01d1 696E7465 		.ascii	"interrupterIRQ_SetPending\000"
 1590      72727570 
 1590      74657249 
 1590      52515F53 
 1590      65745065 
 1591              	.LASF17:
 1592 01eb 63796973 		.ascii	"cyisraddress\000"
 1592      72616464 
 1592      72657373 
 1592      00
 1593              	.LASF24:
 1594 01f8 696E7465 		.ascii	"interrupterIRQ_Start\000"
 1594      72727570 
 1594      74657249 
ARM GAS  C:\Users\chemi\AppData\Local\Temp\ccrRi8y8.s 			page 38


 1594      52515F53 
 1594      74617274 
 1595              	.LASF23:
 1596 020d 696E7465 		.ascii	"interrupterIRQ_Disable\000"
 1596      72727570 
 1596      74657249 
 1596      52515F44 
 1596      69736162 
 1597              	.LASF15:
 1598 0224 72656738 		.ascii	"reg8\000"
 1598      00
 1599              	.LASF34:
 1600 0229 47656E65 		.ascii	"Generated_Source\\PSoC5\\interrupterIRQ.c\000"
 1600      72617465 
 1600      645F536F 
 1600      75726365 
 1600      5C50536F 
 1601              	.LASF9:
 1602 0251 73697A65 		.ascii	"sizetype\000"
 1602      74797065 
 1602      00
 1603              	.LASF7:
 1604 025a 6C6F6E67 		.ascii	"long long int\000"
 1604      206C6F6E 
 1604      6720696E 
 1604      7400
 1605              	.LASF10:
 1606 0268 63686172 		.ascii	"char\000"
 1606      00
 1607              	.LASF29:
 1608 026d 72616D56 		.ascii	"ramVectorTable\000"
 1608      6563746F 
 1608      72546162 
 1608      6C6500
 1609              	.LASF3:
 1610 027c 73686F72 		.ascii	"short int\000"
 1610      7420696E 
 1610      7400
 1611              	.LASF25:
 1612 0286 696E7465 		.ascii	"interrupterIRQ_StartEx\000"
 1612      72727570 
 1612      74657249 
 1612      52515F53 
 1612      74617274 
 1613              	.LASF22:
 1614 029d 696E7465 		.ascii	"interrupterIRQ_Enable\000"
 1614      72727570 
 1614      74657249 
 1614      52515F45 
 1614      6E61626C 
 1615              	.LASF35:
 1616 02b3 433A5C55 		.ascii	"C:\\Users\\chemi\\UD3_QCW\\UD3_QFN.cydsn\000"
 1616      73657273 
 1616      5C636865 
 1616      6D695C55 
 1616      44335F51 
 1617              	.LASF5:
ARM GAS  C:\Users\chemi\AppData\Local\Temp\ccrRi8y8.s 			page 39


 1618 02d8 6C6F6E67 		.ascii	"long int\000"
 1618      20696E74 
 1618      00
 1619              	.LASF1:
 1620 02e1 7369676E 		.ascii	"signed char\000"
 1620      65642063 
 1620      68617200 
 1621              	.LASF19:
 1622 02ed 696E7465 		.ascii	"interrupterIRQ_SetVector\000"
 1622      72727570 
 1622      74657249 
 1622      52515F53 
 1622      65745665 
 1623              		.ident	"GCC: (GNU Tools for ARM Embedded Processors) 5.4.1 20160609 (release) [ARM/embedded-5-bran
