ARM GAS  C:\Users\chemi\AppData\Local\Temp\cczZq6Vz.s 			page 1


   1              		.syntax unified
   2              		.cpu cortex-m3
   3              		.fpu softvfp
   4              		.eabi_attribute 20, 1
   5              		.eabi_attribute 21, 1
   6              		.eabi_attribute 23, 3
   7              		.eabi_attribute 24, 1
   8              		.eabi_attribute 25, 1
   9              		.eabi_attribute 26, 1
  10              		.eabi_attribute 30, 4
  11              		.eabi_attribute 34, 1
  12              		.eabi_attribute 18, 4
  13              		.thumb
  14              		.syntax unified
  15              		.file	"interrupterTimebase_PM.c"
  16              		.text
  17              	.Ltext0:
  18              		.cfi_sections	.debug_frame
  19              		.section	.text.interrupterTimebase_SaveConfig,"ax",%progbits
  20              		.align	1
  21              		.global	interrupterTimebase_SaveConfig
  22              		.thumb
  23              		.thumb_func
  24              		.type	interrupterTimebase_SaveConfig, %function
  25              	interrupterTimebase_SaveConfig:
  26              	.LFB0:
  27              		.file 1 "Generated_Source\\PSoC5\\interrupterTimebase_PM.c"
   1:Generated_Source\PSoC5/interrupterTimebase_PM.c **** /*******************************************************************************
   2:Generated_Source\PSoC5/interrupterTimebase_PM.c **** * File Name: interrupterTimebase_PM.c  
   3:Generated_Source\PSoC5/interrupterTimebase_PM.c **** * Version 3.0
   4:Generated_Source\PSoC5/interrupterTimebase_PM.c **** *
   5:Generated_Source\PSoC5/interrupterTimebase_PM.c **** *  Description:
   6:Generated_Source\PSoC5/interrupterTimebase_PM.c **** *    This file provides the power management source code to API for the
   7:Generated_Source\PSoC5/interrupterTimebase_PM.c **** *    Counter.  
   8:Generated_Source\PSoC5/interrupterTimebase_PM.c **** *
   9:Generated_Source\PSoC5/interrupterTimebase_PM.c **** *   Note:
  10:Generated_Source\PSoC5/interrupterTimebase_PM.c **** *     None
  11:Generated_Source\PSoC5/interrupterTimebase_PM.c **** *
  12:Generated_Source\PSoC5/interrupterTimebase_PM.c **** ********************************************************************************
  13:Generated_Source\PSoC5/interrupterTimebase_PM.c **** * Copyright 2008-2012, Cypress Semiconductor Corporation.  All rights reserved.
  14:Generated_Source\PSoC5/interrupterTimebase_PM.c **** * You may use this file only in accordance with the license, terms, conditions, 
  15:Generated_Source\PSoC5/interrupterTimebase_PM.c **** * disclaimers, and limitations in the end user license agreement accompanying 
  16:Generated_Source\PSoC5/interrupterTimebase_PM.c **** * the software package with which this file was provided.
  17:Generated_Source\PSoC5/interrupterTimebase_PM.c **** *******************************************************************************/
  18:Generated_Source\PSoC5/interrupterTimebase_PM.c **** 
  19:Generated_Source\PSoC5/interrupterTimebase_PM.c **** #include "interrupterTimebase.h"
  20:Generated_Source\PSoC5/interrupterTimebase_PM.c **** 
  21:Generated_Source\PSoC5/interrupterTimebase_PM.c **** static interrupterTimebase_backupStruct interrupterTimebase_backup;
  22:Generated_Source\PSoC5/interrupterTimebase_PM.c **** 
  23:Generated_Source\PSoC5/interrupterTimebase_PM.c **** 
  24:Generated_Source\PSoC5/interrupterTimebase_PM.c **** /*******************************************************************************
  25:Generated_Source\PSoC5/interrupterTimebase_PM.c **** * Function Name: interrupterTimebase_SaveConfig
  26:Generated_Source\PSoC5/interrupterTimebase_PM.c **** ********************************************************************************
  27:Generated_Source\PSoC5/interrupterTimebase_PM.c **** * Summary:
  28:Generated_Source\PSoC5/interrupterTimebase_PM.c **** *     Save the current user configuration
  29:Generated_Source\PSoC5/interrupterTimebase_PM.c **** *
  30:Generated_Source\PSoC5/interrupterTimebase_PM.c **** * Parameters:  
ARM GAS  C:\Users\chemi\AppData\Local\Temp\cczZq6Vz.s 			page 2


  31:Generated_Source\PSoC5/interrupterTimebase_PM.c **** *  void
  32:Generated_Source\PSoC5/interrupterTimebase_PM.c **** *
  33:Generated_Source\PSoC5/interrupterTimebase_PM.c **** * Return: 
  34:Generated_Source\PSoC5/interrupterTimebase_PM.c **** *  void
  35:Generated_Source\PSoC5/interrupterTimebase_PM.c **** *
  36:Generated_Source\PSoC5/interrupterTimebase_PM.c **** * Global variables:
  37:Generated_Source\PSoC5/interrupterTimebase_PM.c **** *  interrupterTimebase_backup:  Variables of this global structure are modified to 
  38:Generated_Source\PSoC5/interrupterTimebase_PM.c **** *  store the values of non retention configuration registers when Sleep() API is 
  39:Generated_Source\PSoC5/interrupterTimebase_PM.c **** *  called.
  40:Generated_Source\PSoC5/interrupterTimebase_PM.c **** *
  41:Generated_Source\PSoC5/interrupterTimebase_PM.c **** *******************************************************************************/
  42:Generated_Source\PSoC5/interrupterTimebase_PM.c **** void interrupterTimebase_SaveConfig(void) 
  43:Generated_Source\PSoC5/interrupterTimebase_PM.c **** {
  28              		.loc 1 43 0
  29              		.cfi_startproc
  30              		@ args = 0, pretend = 0, frame = 0
  31              		@ frame_needed = 0, uses_anonymous_args = 0
  32 0000 10B5     		push	{r4, lr}
  33              		.cfi_def_cfa_offset 8
  34              		.cfi_offset 4, -8
  35              		.cfi_offset 14, -4
  44:Generated_Source\PSoC5/interrupterTimebase_PM.c ****     #if (!interrupterTimebase_UsingFixedFunction)
  45:Generated_Source\PSoC5/interrupterTimebase_PM.c **** 
  46:Generated_Source\PSoC5/interrupterTimebase_PM.c ****         interrupterTimebase_backup.CounterUdb = interrupterTimebase_ReadCounter();
  36              		.loc 1 46 0
  37 0002 FFF7FEFF 		bl	interrupterTimebase_ReadCounter
  38              	.LVL0:
  39 0006 034C     		ldr	r4, .L2
  40 0008 6060     		str	r0, [r4, #4]
  47:Generated_Source\PSoC5/interrupterTimebase_PM.c **** 
  48:Generated_Source\PSoC5/interrupterTimebase_PM.c ****         #if(!interrupterTimebase_ControlRegRemoved)
  49:Generated_Source\PSoC5/interrupterTimebase_PM.c ****             interrupterTimebase_backup.CounterControlRegister = interrupterTimebase_ReadControlRegi
  41              		.loc 1 49 0
  42 000a FFF7FEFF 		bl	interrupterTimebase_ReadControlRegister
  43              	.LVL1:
  44 000e 2072     		strb	r0, [r4, #8]
  45 0010 10BD     		pop	{r4, pc}
  46              	.L3:
  47 0012 00BF     		.align	2
  48              	.L2:
  49 0014 00000000 		.word	.LANCHOR0
  50              		.cfi_endproc
  51              	.LFE0:
  52              		.size	interrupterTimebase_SaveConfig, .-interrupterTimebase_SaveConfig
  53              		.section	.text.interrupterTimebase_RestoreConfig,"ax",%progbits
  54              		.align	1
  55              		.global	interrupterTimebase_RestoreConfig
  56              		.thumb
  57              		.thumb_func
  58              		.type	interrupterTimebase_RestoreConfig, %function
  59              	interrupterTimebase_RestoreConfig:
  60              	.LFB1:
  50:Generated_Source\PSoC5/interrupterTimebase_PM.c ****         #endif /* (!interrupterTimebase_ControlRegRemoved) */
  51:Generated_Source\PSoC5/interrupterTimebase_PM.c **** 
  52:Generated_Source\PSoC5/interrupterTimebase_PM.c ****     #endif /* (!interrupterTimebase_UsingFixedFunction) */
  53:Generated_Source\PSoC5/interrupterTimebase_PM.c **** }
  54:Generated_Source\PSoC5/interrupterTimebase_PM.c **** 
ARM GAS  C:\Users\chemi\AppData\Local\Temp\cczZq6Vz.s 			page 3


  55:Generated_Source\PSoC5/interrupterTimebase_PM.c **** 
  56:Generated_Source\PSoC5/interrupterTimebase_PM.c **** /*******************************************************************************
  57:Generated_Source\PSoC5/interrupterTimebase_PM.c **** * Function Name: interrupterTimebase_RestoreConfig
  58:Generated_Source\PSoC5/interrupterTimebase_PM.c **** ********************************************************************************
  59:Generated_Source\PSoC5/interrupterTimebase_PM.c **** *
  60:Generated_Source\PSoC5/interrupterTimebase_PM.c **** * Summary:
  61:Generated_Source\PSoC5/interrupterTimebase_PM.c **** *  Restores the current user configuration.
  62:Generated_Source\PSoC5/interrupterTimebase_PM.c **** *
  63:Generated_Source\PSoC5/interrupterTimebase_PM.c **** * Parameters:  
  64:Generated_Source\PSoC5/interrupterTimebase_PM.c **** *  void
  65:Generated_Source\PSoC5/interrupterTimebase_PM.c **** *
  66:Generated_Source\PSoC5/interrupterTimebase_PM.c **** * Return: 
  67:Generated_Source\PSoC5/interrupterTimebase_PM.c **** *  void
  68:Generated_Source\PSoC5/interrupterTimebase_PM.c **** *
  69:Generated_Source\PSoC5/interrupterTimebase_PM.c **** * Global variables:
  70:Generated_Source\PSoC5/interrupterTimebase_PM.c **** *  interrupterTimebase_backup:  Variables of this global structure are used to 
  71:Generated_Source\PSoC5/interrupterTimebase_PM.c **** *  restore the values of non retention registers on wakeup from sleep mode.
  72:Generated_Source\PSoC5/interrupterTimebase_PM.c **** *
  73:Generated_Source\PSoC5/interrupterTimebase_PM.c **** *******************************************************************************/
  74:Generated_Source\PSoC5/interrupterTimebase_PM.c **** void interrupterTimebase_RestoreConfig(void) 
  75:Generated_Source\PSoC5/interrupterTimebase_PM.c **** {      
  61              		.loc 1 75 0
  62              		.cfi_startproc
  63              		@ args = 0, pretend = 0, frame = 0
  64              		@ frame_needed = 0, uses_anonymous_args = 0
  65 0000 10B5     		push	{r4, lr}
  66              		.cfi_def_cfa_offset 8
  67              		.cfi_offset 4, -8
  68              		.cfi_offset 14, -4
  76:Generated_Source\PSoC5/interrupterTimebase_PM.c ****     #if (!interrupterTimebase_UsingFixedFunction)
  77:Generated_Source\PSoC5/interrupterTimebase_PM.c **** 
  78:Generated_Source\PSoC5/interrupterTimebase_PM.c ****        interrupterTimebase_WriteCounter(interrupterTimebase_backup.CounterUdb);
  69              		.loc 1 78 0
  70 0002 044C     		ldr	r4, .L5
  71 0004 6068     		ldr	r0, [r4, #4]
  72 0006 FFF7FEFF 		bl	interrupterTimebase_WriteCounter
  73              	.LVL2:
  79:Generated_Source\PSoC5/interrupterTimebase_PM.c **** 
  80:Generated_Source\PSoC5/interrupterTimebase_PM.c ****         #if(!interrupterTimebase_ControlRegRemoved)
  81:Generated_Source\PSoC5/interrupterTimebase_PM.c ****             interrupterTimebase_WriteControlRegister(interrupterTimebase_backup.CounterControlRegis
  74              		.loc 1 81 0
  75 000a 207A     		ldrb	r0, [r4, #8]	@ zero_extendqisi2
  82:Generated_Source\PSoC5/interrupterTimebase_PM.c ****         #endif /* (!interrupterTimebase_ControlRegRemoved) */
  83:Generated_Source\PSoC5/interrupterTimebase_PM.c **** 
  84:Generated_Source\PSoC5/interrupterTimebase_PM.c ****     #endif /* (!interrupterTimebase_UsingFixedFunction) */
  85:Generated_Source\PSoC5/interrupterTimebase_PM.c **** }
  76              		.loc 1 85 0
  77 000c BDE81040 		pop	{r4, lr}
  78              		.cfi_restore 14
  79              		.cfi_restore 4
  80              		.cfi_def_cfa_offset 0
  81:Generated_Source\PSoC5/interrupterTimebase_PM.c ****         #endif /* (!interrupterTimebase_ControlRegRemoved) */
  81              		.loc 1 81 0
  82 0010 FFF7FEBF 		b	interrupterTimebase_WriteControlRegister
  83              	.LVL3:
  84              	.L6:
  85              		.align	2
ARM GAS  C:\Users\chemi\AppData\Local\Temp\cczZq6Vz.s 			page 4


  86              	.L5:
  87 0014 00000000 		.word	.LANCHOR0
  88              		.cfi_endproc
  89              	.LFE1:
  90              		.size	interrupterTimebase_RestoreConfig, .-interrupterTimebase_RestoreConfig
  91              		.section	.text.interrupterTimebase_Sleep,"ax",%progbits
  92              		.align	1
  93              		.global	interrupterTimebase_Sleep
  94              		.thumb
  95              		.thumb_func
  96              		.type	interrupterTimebase_Sleep, %function
  97              	interrupterTimebase_Sleep:
  98              	.LFB2:
  86:Generated_Source\PSoC5/interrupterTimebase_PM.c **** 
  87:Generated_Source\PSoC5/interrupterTimebase_PM.c **** 
  88:Generated_Source\PSoC5/interrupterTimebase_PM.c **** /*******************************************************************************
  89:Generated_Source\PSoC5/interrupterTimebase_PM.c **** * Function Name: interrupterTimebase_Sleep
  90:Generated_Source\PSoC5/interrupterTimebase_PM.c **** ********************************************************************************
  91:Generated_Source\PSoC5/interrupterTimebase_PM.c **** * Summary:
  92:Generated_Source\PSoC5/interrupterTimebase_PM.c **** *     Stop and Save the user configuration
  93:Generated_Source\PSoC5/interrupterTimebase_PM.c **** *
  94:Generated_Source\PSoC5/interrupterTimebase_PM.c **** * Parameters:  
  95:Generated_Source\PSoC5/interrupterTimebase_PM.c **** *  void
  96:Generated_Source\PSoC5/interrupterTimebase_PM.c **** *
  97:Generated_Source\PSoC5/interrupterTimebase_PM.c **** * Return: 
  98:Generated_Source\PSoC5/interrupterTimebase_PM.c **** *  void
  99:Generated_Source\PSoC5/interrupterTimebase_PM.c **** *
 100:Generated_Source\PSoC5/interrupterTimebase_PM.c **** * Global variables:
 101:Generated_Source\PSoC5/interrupterTimebase_PM.c **** *  interrupterTimebase_backup.enableState:  Is modified depending on the enable 
 102:Generated_Source\PSoC5/interrupterTimebase_PM.c **** *  state of the block before entering sleep mode.
 103:Generated_Source\PSoC5/interrupterTimebase_PM.c **** *
 104:Generated_Source\PSoC5/interrupterTimebase_PM.c **** *******************************************************************************/
 105:Generated_Source\PSoC5/interrupterTimebase_PM.c **** void interrupterTimebase_Sleep(void) 
 106:Generated_Source\PSoC5/interrupterTimebase_PM.c **** {
  99              		.loc 1 106 0
 100              		.cfi_startproc
 101              		@ args = 0, pretend = 0, frame = 0
 102              		@ frame_needed = 0, uses_anonymous_args = 0
 103 0000 08B5     		push	{r3, lr}
 104              		.cfi_def_cfa_offset 8
 105              		.cfi_offset 3, -8
 106              		.cfi_offset 14, -4
 107:Generated_Source\PSoC5/interrupterTimebase_PM.c ****     #if(!interrupterTimebase_ControlRegRemoved)
 108:Generated_Source\PSoC5/interrupterTimebase_PM.c ****         /* Save Counter's enable state */
 109:Generated_Source\PSoC5/interrupterTimebase_PM.c ****         if(interrupterTimebase_CTRL_ENABLE == (interrupterTimebase_CONTROL & interrupterTimebase_CT
 107              		.loc 1 109 0
 108 0002 074B     		ldr	r3, .L11
 109 0004 1B78     		ldrb	r3, [r3]	@ zero_extendqisi2
 110 0006 13F0800F 		tst	r3, #128
 111 000a 064B     		ldr	r3, .L11+4
 110:Generated_Source\PSoC5/interrupterTimebase_PM.c ****         {
 111:Generated_Source\PSoC5/interrupterTimebase_PM.c ****             /* Counter is enabled */
 112:Generated_Source\PSoC5/interrupterTimebase_PM.c ****             interrupterTimebase_backup.CounterEnableState = 1u;
 112              		.loc 1 112 0
 113 000c 14BF     		ite	ne
 114 000e 0122     		movne	r2, #1
 113:Generated_Source\PSoC5/interrupterTimebase_PM.c ****         }
ARM GAS  C:\Users\chemi\AppData\Local\Temp\cczZq6Vz.s 			page 5


 114:Generated_Source\PSoC5/interrupterTimebase_PM.c ****         else
 115:Generated_Source\PSoC5/interrupterTimebase_PM.c ****         {
 116:Generated_Source\PSoC5/interrupterTimebase_PM.c ****             /* Counter is disabled */
 117:Generated_Source\PSoC5/interrupterTimebase_PM.c ****             interrupterTimebase_backup.CounterEnableState = 0u;
 115              		.loc 1 117 0
 116 0010 0022     		moveq	r2, #0
 117 0012 1A70     		strb	r2, [r3]
 118:Generated_Source\PSoC5/interrupterTimebase_PM.c ****         }
 119:Generated_Source\PSoC5/interrupterTimebase_PM.c ****     #else
 120:Generated_Source\PSoC5/interrupterTimebase_PM.c ****         interrupterTimebase_backup.CounterEnableState = 1u;
 121:Generated_Source\PSoC5/interrupterTimebase_PM.c ****         if(interrupterTimebase_backup.CounterEnableState != 0u)
 122:Generated_Source\PSoC5/interrupterTimebase_PM.c ****         {
 123:Generated_Source\PSoC5/interrupterTimebase_PM.c ****             interrupterTimebase_backup.CounterEnableState = 0u;
 124:Generated_Source\PSoC5/interrupterTimebase_PM.c ****         }
 125:Generated_Source\PSoC5/interrupterTimebase_PM.c ****     #endif /* (!interrupterTimebase_ControlRegRemoved) */
 126:Generated_Source\PSoC5/interrupterTimebase_PM.c ****     
 127:Generated_Source\PSoC5/interrupterTimebase_PM.c ****     interrupterTimebase_Stop();
 118              		.loc 1 127 0
 119 0014 FFF7FEFF 		bl	interrupterTimebase_Stop
 120              	.LVL4:
 128:Generated_Source\PSoC5/interrupterTimebase_PM.c ****     interrupterTimebase_SaveConfig();
 129:Generated_Source\PSoC5/interrupterTimebase_PM.c **** }
 121              		.loc 1 129 0
 122 0018 BDE80840 		pop	{r3, lr}
 123              		.cfi_restore 14
 124              		.cfi_restore 3
 125              		.cfi_def_cfa_offset 0
 128:Generated_Source\PSoC5/interrupterTimebase_PM.c ****     interrupterTimebase_SaveConfig();
 126              		.loc 1 128 0
 127 001c FFF7FEBF 		b	interrupterTimebase_SaveConfig
 128              	.LVL5:
 129              	.L12:
 130              		.align	2
 131              	.L11:
 132 0020 78640040 		.word	1073767544
 133 0024 00000000 		.word	.LANCHOR0
 134              		.cfi_endproc
 135              	.LFE2:
 136              		.size	interrupterTimebase_Sleep, .-interrupterTimebase_Sleep
 137              		.section	.text.interrupterTimebase_Wakeup,"ax",%progbits
 138              		.align	1
 139              		.global	interrupterTimebase_Wakeup
 140              		.thumb
 141              		.thumb_func
 142              		.type	interrupterTimebase_Wakeup, %function
 143              	interrupterTimebase_Wakeup:
 144              	.LFB3:
 130:Generated_Source\PSoC5/interrupterTimebase_PM.c **** 
 131:Generated_Source\PSoC5/interrupterTimebase_PM.c **** 
 132:Generated_Source\PSoC5/interrupterTimebase_PM.c **** /*******************************************************************************
 133:Generated_Source\PSoC5/interrupterTimebase_PM.c **** * Function Name: interrupterTimebase_Wakeup
 134:Generated_Source\PSoC5/interrupterTimebase_PM.c **** ********************************************************************************
 135:Generated_Source\PSoC5/interrupterTimebase_PM.c **** *
 136:Generated_Source\PSoC5/interrupterTimebase_PM.c **** * Summary:
 137:Generated_Source\PSoC5/interrupterTimebase_PM.c **** *  Restores and enables the user configuration
 138:Generated_Source\PSoC5/interrupterTimebase_PM.c **** *  
 139:Generated_Source\PSoC5/interrupterTimebase_PM.c **** * Parameters:  
ARM GAS  C:\Users\chemi\AppData\Local\Temp\cczZq6Vz.s 			page 6


 140:Generated_Source\PSoC5/interrupterTimebase_PM.c **** *  void
 141:Generated_Source\PSoC5/interrupterTimebase_PM.c **** *
 142:Generated_Source\PSoC5/interrupterTimebase_PM.c **** * Return: 
 143:Generated_Source\PSoC5/interrupterTimebase_PM.c **** *  void
 144:Generated_Source\PSoC5/interrupterTimebase_PM.c **** *
 145:Generated_Source\PSoC5/interrupterTimebase_PM.c **** * Global variables:
 146:Generated_Source\PSoC5/interrupterTimebase_PM.c **** *  interrupterTimebase_backup.enableState:  Is used to restore the enable state of 
 147:Generated_Source\PSoC5/interrupterTimebase_PM.c **** *  block on wakeup from sleep mode.
 148:Generated_Source\PSoC5/interrupterTimebase_PM.c **** *
 149:Generated_Source\PSoC5/interrupterTimebase_PM.c **** *******************************************************************************/
 150:Generated_Source\PSoC5/interrupterTimebase_PM.c **** void interrupterTimebase_Wakeup(void) 
 151:Generated_Source\PSoC5/interrupterTimebase_PM.c **** {
 145              		.loc 1 151 0
 146              		.cfi_startproc
 147              		@ args = 0, pretend = 0, frame = 0
 148              		@ frame_needed = 0, uses_anonymous_args = 0
 149 0000 08B5     		push	{r3, lr}
 150              		.cfi_def_cfa_offset 8
 151              		.cfi_offset 3, -8
 152              		.cfi_offset 14, -4
 152:Generated_Source\PSoC5/interrupterTimebase_PM.c ****     interrupterTimebase_RestoreConfig();
 153              		.loc 1 152 0
 154 0002 FFF7FEFF 		bl	interrupterTimebase_RestoreConfig
 155              	.LVL6:
 153:Generated_Source\PSoC5/interrupterTimebase_PM.c ****     #if(!interrupterTimebase_ControlRegRemoved)
 154:Generated_Source\PSoC5/interrupterTimebase_PM.c ****         if(interrupterTimebase_backup.CounterEnableState == 1u)
 156              		.loc 1 154 0
 157 0006 044B     		ldr	r3, .L16
 158 0008 1B78     		ldrb	r3, [r3]	@ zero_extendqisi2
 159 000a 012B     		cmp	r3, #1
 160 000c 03D1     		bne	.L13
 155:Generated_Source\PSoC5/interrupterTimebase_PM.c ****         {
 156:Generated_Source\PSoC5/interrupterTimebase_PM.c ****             /* Enable Counter's operation */
 157:Generated_Source\PSoC5/interrupterTimebase_PM.c ****             interrupterTimebase_Enable();
 158:Generated_Source\PSoC5/interrupterTimebase_PM.c ****         } /* Do nothing if Counter was disabled before */    
 159:Generated_Source\PSoC5/interrupterTimebase_PM.c ****     #endif /* (!interrupterTimebase_ControlRegRemoved) */
 160:Generated_Source\PSoC5/interrupterTimebase_PM.c ****     
 161:Generated_Source\PSoC5/interrupterTimebase_PM.c **** }
 161              		.loc 1 161 0
 162 000e BDE80840 		pop	{r3, lr}
 163              		.cfi_remember_state
 164              		.cfi_restore 14
 165              		.cfi_restore 3
 166              		.cfi_def_cfa_offset 0
 157:Generated_Source\PSoC5/interrupterTimebase_PM.c ****         } /* Do nothing if Counter was disabled before */    
 167              		.loc 1 157 0
 168 0012 FFF7FEBF 		b	interrupterTimebase_Enable
 169              	.LVL7:
 170              	.L13:
 171              		.cfi_restore_state
 172 0016 08BD     		pop	{r3, pc}
 173              	.L17:
 174              		.align	2
 175              	.L16:
 176 0018 00000000 		.word	.LANCHOR0
 177              		.cfi_endproc
 178              	.LFE3:
ARM GAS  C:\Users\chemi\AppData\Local\Temp\cczZq6Vz.s 			page 7


 179              		.size	interrupterTimebase_Wakeup, .-interrupterTimebase_Wakeup
 180              		.bss
 181              		.align	2
 182              		.set	.LANCHOR0,. + 0
 183              		.type	interrupterTimebase_backup, %object
 184              		.size	interrupterTimebase_backup, 12
 185              	interrupterTimebase_backup:
 186 0000 00000000 		.space	12
 186      00000000 
 186      00000000 
 187              		.text
 188              	.Letext0:
 189              		.file 2 "Generated_Source\\PSoC5\\cytypes.h"
 190              		.file 3 "Generated_Source\\PSoC5\\interrupterTimebase.h"
 191              		.section	.debug_info,"",%progbits
 192              	.Ldebug_info0:
 193 0000 D8010000 		.4byte	0x1d8
 194 0004 0400     		.2byte	0x4
 195 0006 00000000 		.4byte	.Ldebug_abbrev0
 196 000a 04       		.byte	0x4
 197 000b 01       		.uleb128 0x1
 198 000c FB000000 		.4byte	.LASF30
 199 0010 0C       		.byte	0xc
 200 0011 6F000000 		.4byte	.LASF31
 201 0015 0D030000 		.4byte	.LASF32
 202 0019 00000000 		.4byte	.Ldebug_ranges0+0
 203 001d 00000000 		.4byte	0
 204 0021 00000000 		.4byte	.Ldebug_line0
 205 0025 02       		.uleb128 0x2
 206 0026 01       		.byte	0x1
 207 0027 06       		.byte	0x6
 208 0028 40030000 		.4byte	.LASF0
 209 002c 02       		.uleb128 0x2
 210 002d 01       		.byte	0x1
 211 002e 08       		.byte	0x8
 212 002f D6000000 		.4byte	.LASF1
 213 0033 02       		.uleb128 0x2
 214 0034 02       		.byte	0x2
 215 0035 05       		.byte	0x5
 216 0036 E4020000 		.4byte	.LASF2
 217 003a 02       		.uleb128 0x2
 218 003b 02       		.byte	0x2
 219 003c 07       		.byte	0x7
 220 003d 5C000000 		.4byte	.LASF3
 221 0041 02       		.uleb128 0x2
 222 0042 04       		.byte	0x4
 223 0043 05       		.byte	0x5
 224 0044 32030000 		.4byte	.LASF4
 225 0048 02       		.uleb128 0x2
 226 0049 04       		.byte	0x4
 227 004a 07       		.byte	0x7
 228 004b E9000000 		.4byte	.LASF5
 229 004f 02       		.uleb128 0x2
 230 0050 08       		.byte	0x8
 231 0051 05       		.byte	0x5
 232 0052 AE020000 		.4byte	.LASF6
 233 0056 02       		.uleb128 0x2
ARM GAS  C:\Users\chemi\AppData\Local\Temp\cczZq6Vz.s 			page 8


 234 0057 08       		.byte	0x8
 235 0058 07       		.byte	0x7
 236 0059 15020000 		.4byte	.LASF7
 237 005d 03       		.uleb128 0x3
 238 005e 04       		.byte	0x4
 239 005f 05       		.byte	0x5
 240 0060 696E7400 		.ascii	"int\000"
 241 0064 02       		.uleb128 0x2
 242 0065 04       		.byte	0x4
 243 0066 07       		.byte	0x7
 244 0067 08020000 		.4byte	.LASF8
 245 006b 04       		.uleb128 0x4
 246 006c 94010000 		.4byte	.LASF9
 247 0070 02       		.byte	0x2
 248 0071 9201     		.2byte	0x192
 249 0073 2C000000 		.4byte	0x2c
 250 0077 04       		.uleb128 0x4
 251 0078 01020000 		.4byte	.LASF10
 252 007c 02       		.byte	0x2
 253 007d 9401     		.2byte	0x194
 254 007f 48000000 		.4byte	0x48
 255 0083 02       		.uleb128 0x2
 256 0084 04       		.byte	0x4
 257 0085 04       		.byte	0x4
 258 0086 B6000000 		.4byte	.LASF11
 259 008a 02       		.uleb128 0x2
 260 008b 08       		.byte	0x8
 261 008c 04       		.byte	0x4
 262 008d CE010000 		.4byte	.LASF12
 263 0091 02       		.uleb128 0x2
 264 0092 01       		.byte	0x1
 265 0093 08       		.byte	0x8
 266 0094 3B030000 		.4byte	.LASF13
 267 0098 04       		.uleb128 0x4
 268 0099 E4000000 		.4byte	.LASF14
 269 009d 02       		.byte	0x2
 270 009e 3C02     		.2byte	0x23c
 271 00a0 A4000000 		.4byte	0xa4
 272 00a4 05       		.uleb128 0x5
 273 00a5 6B000000 		.4byte	0x6b
 274 00a9 02       		.uleb128 0x2
 275 00aa 04       		.byte	0x4
 276 00ab 07       		.byte	0x7
 277 00ac 69020000 		.4byte	.LASF15
 278 00b0 06       		.uleb128 0x6
 279 00b1 0C       		.byte	0xc
 280 00b2 03       		.byte	0x3
 281 00b3 40       		.byte	0x40
 282 00b4 DD000000 		.4byte	0xdd
 283 00b8 07       		.uleb128 0x7
 284 00b9 9B020000 		.4byte	.LASF16
 285 00bd 03       		.byte	0x3
 286 00be 42       		.byte	0x42
 287 00bf 6B000000 		.4byte	0x6b
 288 00c3 00       		.byte	0
 289 00c4 07       		.uleb128 0x7
 290 00c5 F6010000 		.4byte	.LASF17
ARM GAS  C:\Users\chemi\AppData\Local\Temp\cczZq6Vz.s 			page 9


 291 00c9 03       		.byte	0x3
 292 00ca 43       		.byte	0x43
 293 00cb 77000000 		.4byte	0x77
 294 00cf 04       		.byte	0x4
 295 00d0 07       		.uleb128 0x7
 296 00d1 9F000000 		.4byte	.LASF18
 297 00d5 03       		.byte	0x3
 298 00d6 46       		.byte	0x46
 299 00d7 6B000000 		.4byte	0x6b
 300 00db 08       		.byte	0x8
 301 00dc 00       		.byte	0
 302 00dd 08       		.uleb128 0x8
 303 00de D5010000 		.4byte	.LASF19
 304 00e2 03       		.byte	0x3
 305 00e3 49       		.byte	0x49
 306 00e4 B0000000 		.4byte	0xb0
 307 00e8 09       		.uleb128 0x9
 308 00e9 EE020000 		.4byte	.LASF20
 309 00ed 01       		.byte	0x1
 310 00ee 2A       		.byte	0x2a
 311 00ef 00000000 		.4byte	.LFB0
 312 00f3 18000000 		.4byte	.LFE0-.LFB0
 313 00f7 01       		.uleb128 0x1
 314 00f8 9C       		.byte	0x9c
 315 00f9 10010000 		.4byte	0x110
 316 00fd 0A       		.uleb128 0xa
 317 00fe 06000000 		.4byte	.LVL0
 318 0102 99010000 		.4byte	0x199
 319 0106 0A       		.uleb128 0xa
 320 0107 0E000000 		.4byte	.LVL1
 321 010b A4010000 		.4byte	0x1a4
 322 010f 00       		.byte	0
 323 0110 09       		.uleb128 0x9
 324 0111 47020000 		.4byte	.LASF21
 325 0115 01       		.byte	0x1
 326 0116 4A       		.byte	0x4a
 327 0117 00000000 		.4byte	.LFB1
 328 011b 18000000 		.4byte	.LFE1-.LFB1
 329 011f 01       		.uleb128 0x1
 330 0120 9C       		.byte	0x9c
 331 0121 38010000 		.4byte	0x138
 332 0125 0A       		.uleb128 0xa
 333 0126 0A000000 		.4byte	.LVL2
 334 012a AF010000 		.4byte	0x1af
 335 012e 0B       		.uleb128 0xb
 336 012f 14000000 		.4byte	.LVL3
 337 0133 BA010000 		.4byte	0x1ba
 338 0137 00       		.byte	0
 339 0138 09       		.uleb128 0x9
 340 0139 BC000000 		.4byte	.LASF22
 341 013d 01       		.byte	0x1
 342 013e 69       		.byte	0x69
 343 013f 00000000 		.4byte	.LFB2
 344 0143 28000000 		.4byte	.LFE2-.LFB2
 345 0147 01       		.uleb128 0x1
 346 0148 9C       		.byte	0x9c
 347 0149 60010000 		.4byte	0x160
ARM GAS  C:\Users\chemi\AppData\Local\Temp\cczZq6Vz.s 			page 10


 348 014d 0A       		.uleb128 0xa
 349 014e 18000000 		.4byte	.LVL4
 350 0152 C5010000 		.4byte	0x1c5
 351 0156 0B       		.uleb128 0xb
 352 0157 20000000 		.4byte	.LVL5
 353 015b E8000000 		.4byte	0xe8
 354 015f 00       		.byte	0
 355 0160 09       		.uleb128 0x9
 356 0161 2C020000 		.4byte	.LASF23
 357 0165 01       		.byte	0x1
 358 0166 96       		.byte	0x96
 359 0167 00000000 		.4byte	.LFB3
 360 016b 1C000000 		.4byte	.LFE3-.LFB3
 361 016f 01       		.uleb128 0x1
 362 0170 9C       		.byte	0x9c
 363 0171 88010000 		.4byte	0x188
 364 0175 0A       		.uleb128 0xa
 365 0176 06000000 		.4byte	.LVL6
 366 017a 10010000 		.4byte	0x110
 367 017e 0B       		.uleb128 0xb
 368 017f 16000000 		.4byte	.LVL7
 369 0183 D0010000 		.4byte	0x1d0
 370 0187 00       		.byte	0
 371 0188 0C       		.uleb128 0xc
 372 0189 9A010000 		.4byte	.LASF33
 373 018d 01       		.byte	0x1
 374 018e 15       		.byte	0x15
 375 018f DD000000 		.4byte	0xdd
 376 0193 05       		.uleb128 0x5
 377 0194 03       		.byte	0x3
 378 0195 00000000 		.4byte	interrupterTimebase_backup
 379 0199 0D       		.uleb128 0xd
 380 019a 1B000000 		.4byte	.LASF24
 381 019e 1B000000 		.4byte	.LASF24
 382 01a2 03       		.byte	0x3
 383 01a3 5D       		.byte	0x5d
 384 01a4 0D       		.uleb128 0xd
 385 01a5 BC020000 		.4byte	.LASF25
 386 01a9 BC020000 		.4byte	.LASF25
 387 01ad 03       		.byte	0x3
 388 01ae 55       		.byte	0x55
 389 01af 0D       		.uleb128 0xd
 390 01b0 3B000000 		.4byte	.LASF26
 391 01b4 3B000000 		.4byte	.LASF26
 392 01b8 03       		.byte	0x3
 393 01b9 5A       		.byte	0x5a
 394 01ba 0D       		.uleb128 0xd
 395 01bb 72020000 		.4byte	.LASF27
 396 01bf 72020000 		.4byte	.LASF27
 397 01c3 03       		.byte	0x3
 398 01c4 56       		.byte	0x56
 399 01c5 0D       		.uleb128 0xd
 400 01c6 B5010000 		.4byte	.LASF28
 401 01ca B5010000 		.4byte	.LASF28
 402 01ce 03       		.byte	0x3
 403 01cf 50       		.byte	0x50
 404 01d0 0D       		.uleb128 0xd
ARM GAS  C:\Users\chemi\AppData\Local\Temp\cczZq6Vz.s 			page 11


 405 01d1 00000000 		.4byte	.LASF29
 406 01d5 00000000 		.4byte	.LASF29
 407 01d9 03       		.byte	0x3
 408 01da 71       		.byte	0x71
 409 01db 00       		.byte	0
 410              		.section	.debug_abbrev,"",%progbits
 411              	.Ldebug_abbrev0:
 412 0000 01       		.uleb128 0x1
 413 0001 11       		.uleb128 0x11
 414 0002 01       		.byte	0x1
 415 0003 25       		.uleb128 0x25
 416 0004 0E       		.uleb128 0xe
 417 0005 13       		.uleb128 0x13
 418 0006 0B       		.uleb128 0xb
 419 0007 03       		.uleb128 0x3
 420 0008 0E       		.uleb128 0xe
 421 0009 1B       		.uleb128 0x1b
 422 000a 0E       		.uleb128 0xe
 423 000b 55       		.uleb128 0x55
 424 000c 17       		.uleb128 0x17
 425 000d 11       		.uleb128 0x11
 426 000e 01       		.uleb128 0x1
 427 000f 10       		.uleb128 0x10
 428 0010 17       		.uleb128 0x17
 429 0011 00       		.byte	0
 430 0012 00       		.byte	0
 431 0013 02       		.uleb128 0x2
 432 0014 24       		.uleb128 0x24
 433 0015 00       		.byte	0
 434 0016 0B       		.uleb128 0xb
 435 0017 0B       		.uleb128 0xb
 436 0018 3E       		.uleb128 0x3e
 437 0019 0B       		.uleb128 0xb
 438 001a 03       		.uleb128 0x3
 439 001b 0E       		.uleb128 0xe
 440 001c 00       		.byte	0
 441 001d 00       		.byte	0
 442 001e 03       		.uleb128 0x3
 443 001f 24       		.uleb128 0x24
 444 0020 00       		.byte	0
 445 0021 0B       		.uleb128 0xb
 446 0022 0B       		.uleb128 0xb
 447 0023 3E       		.uleb128 0x3e
 448 0024 0B       		.uleb128 0xb
 449 0025 03       		.uleb128 0x3
 450 0026 08       		.uleb128 0x8
 451 0027 00       		.byte	0
 452 0028 00       		.byte	0
 453 0029 04       		.uleb128 0x4
 454 002a 16       		.uleb128 0x16
 455 002b 00       		.byte	0
 456 002c 03       		.uleb128 0x3
 457 002d 0E       		.uleb128 0xe
 458 002e 3A       		.uleb128 0x3a
 459 002f 0B       		.uleb128 0xb
 460 0030 3B       		.uleb128 0x3b
 461 0031 05       		.uleb128 0x5
ARM GAS  C:\Users\chemi\AppData\Local\Temp\cczZq6Vz.s 			page 12


 462 0032 49       		.uleb128 0x49
 463 0033 13       		.uleb128 0x13
 464 0034 00       		.byte	0
 465 0035 00       		.byte	0
 466 0036 05       		.uleb128 0x5
 467 0037 35       		.uleb128 0x35
 468 0038 00       		.byte	0
 469 0039 49       		.uleb128 0x49
 470 003a 13       		.uleb128 0x13
 471 003b 00       		.byte	0
 472 003c 00       		.byte	0
 473 003d 06       		.uleb128 0x6
 474 003e 13       		.uleb128 0x13
 475 003f 01       		.byte	0x1
 476 0040 0B       		.uleb128 0xb
 477 0041 0B       		.uleb128 0xb
 478 0042 3A       		.uleb128 0x3a
 479 0043 0B       		.uleb128 0xb
 480 0044 3B       		.uleb128 0x3b
 481 0045 0B       		.uleb128 0xb
 482 0046 01       		.uleb128 0x1
 483 0047 13       		.uleb128 0x13
 484 0048 00       		.byte	0
 485 0049 00       		.byte	0
 486 004a 07       		.uleb128 0x7
 487 004b 0D       		.uleb128 0xd
 488 004c 00       		.byte	0
 489 004d 03       		.uleb128 0x3
 490 004e 0E       		.uleb128 0xe
 491 004f 3A       		.uleb128 0x3a
 492 0050 0B       		.uleb128 0xb
 493 0051 3B       		.uleb128 0x3b
 494 0052 0B       		.uleb128 0xb
 495 0053 49       		.uleb128 0x49
 496 0054 13       		.uleb128 0x13
 497 0055 38       		.uleb128 0x38
 498 0056 0B       		.uleb128 0xb
 499 0057 00       		.byte	0
 500 0058 00       		.byte	0
 501 0059 08       		.uleb128 0x8
 502 005a 16       		.uleb128 0x16
 503 005b 00       		.byte	0
 504 005c 03       		.uleb128 0x3
 505 005d 0E       		.uleb128 0xe
 506 005e 3A       		.uleb128 0x3a
 507 005f 0B       		.uleb128 0xb
 508 0060 3B       		.uleb128 0x3b
 509 0061 0B       		.uleb128 0xb
 510 0062 49       		.uleb128 0x49
 511 0063 13       		.uleb128 0x13
 512 0064 00       		.byte	0
 513 0065 00       		.byte	0
 514 0066 09       		.uleb128 0x9
 515 0067 2E       		.uleb128 0x2e
 516 0068 01       		.byte	0x1
 517 0069 3F       		.uleb128 0x3f
 518 006a 19       		.uleb128 0x19
ARM GAS  C:\Users\chemi\AppData\Local\Temp\cczZq6Vz.s 			page 13


 519 006b 03       		.uleb128 0x3
 520 006c 0E       		.uleb128 0xe
 521 006d 3A       		.uleb128 0x3a
 522 006e 0B       		.uleb128 0xb
 523 006f 3B       		.uleb128 0x3b
 524 0070 0B       		.uleb128 0xb
 525 0071 27       		.uleb128 0x27
 526 0072 19       		.uleb128 0x19
 527 0073 11       		.uleb128 0x11
 528 0074 01       		.uleb128 0x1
 529 0075 12       		.uleb128 0x12
 530 0076 06       		.uleb128 0x6
 531 0077 40       		.uleb128 0x40
 532 0078 18       		.uleb128 0x18
 533 0079 9742     		.uleb128 0x2117
 534 007b 19       		.uleb128 0x19
 535 007c 01       		.uleb128 0x1
 536 007d 13       		.uleb128 0x13
 537 007e 00       		.byte	0
 538 007f 00       		.byte	0
 539 0080 0A       		.uleb128 0xa
 540 0081 898201   		.uleb128 0x4109
 541 0084 00       		.byte	0
 542 0085 11       		.uleb128 0x11
 543 0086 01       		.uleb128 0x1
 544 0087 31       		.uleb128 0x31
 545 0088 13       		.uleb128 0x13
 546 0089 00       		.byte	0
 547 008a 00       		.byte	0
 548 008b 0B       		.uleb128 0xb
 549 008c 898201   		.uleb128 0x4109
 550 008f 00       		.byte	0
 551 0090 11       		.uleb128 0x11
 552 0091 01       		.uleb128 0x1
 553 0092 9542     		.uleb128 0x2115
 554 0094 19       		.uleb128 0x19
 555 0095 31       		.uleb128 0x31
 556 0096 13       		.uleb128 0x13
 557 0097 00       		.byte	0
 558 0098 00       		.byte	0
 559 0099 0C       		.uleb128 0xc
 560 009a 34       		.uleb128 0x34
 561 009b 00       		.byte	0
 562 009c 03       		.uleb128 0x3
 563 009d 0E       		.uleb128 0xe
 564 009e 3A       		.uleb128 0x3a
 565 009f 0B       		.uleb128 0xb
 566 00a0 3B       		.uleb128 0x3b
 567 00a1 0B       		.uleb128 0xb
 568 00a2 49       		.uleb128 0x49
 569 00a3 13       		.uleb128 0x13
 570 00a4 02       		.uleb128 0x2
 571 00a5 18       		.uleb128 0x18
 572 00a6 00       		.byte	0
 573 00a7 00       		.byte	0
 574 00a8 0D       		.uleb128 0xd
 575 00a9 2E       		.uleb128 0x2e
ARM GAS  C:\Users\chemi\AppData\Local\Temp\cczZq6Vz.s 			page 14


 576 00aa 00       		.byte	0
 577 00ab 3F       		.uleb128 0x3f
 578 00ac 19       		.uleb128 0x19
 579 00ad 3C       		.uleb128 0x3c
 580 00ae 19       		.uleb128 0x19
 581 00af 6E       		.uleb128 0x6e
 582 00b0 0E       		.uleb128 0xe
 583 00b1 03       		.uleb128 0x3
 584 00b2 0E       		.uleb128 0xe
 585 00b3 3A       		.uleb128 0x3a
 586 00b4 0B       		.uleb128 0xb
 587 00b5 3B       		.uleb128 0x3b
 588 00b6 0B       		.uleb128 0xb
 589 00b7 00       		.byte	0
 590 00b8 00       		.byte	0
 591 00b9 00       		.byte	0
 592              		.section	.debug_aranges,"",%progbits
 593 0000 34000000 		.4byte	0x34
 594 0004 0200     		.2byte	0x2
 595 0006 00000000 		.4byte	.Ldebug_info0
 596 000a 04       		.byte	0x4
 597 000b 00       		.byte	0
 598 000c 0000     		.2byte	0
 599 000e 0000     		.2byte	0
 600 0010 00000000 		.4byte	.LFB0
 601 0014 18000000 		.4byte	.LFE0-.LFB0
 602 0018 00000000 		.4byte	.LFB1
 603 001c 18000000 		.4byte	.LFE1-.LFB1
 604 0020 00000000 		.4byte	.LFB2
 605 0024 28000000 		.4byte	.LFE2-.LFB2
 606 0028 00000000 		.4byte	.LFB3
 607 002c 1C000000 		.4byte	.LFE3-.LFB3
 608 0030 00000000 		.4byte	0
 609 0034 00000000 		.4byte	0
 610              		.section	.debug_ranges,"",%progbits
 611              	.Ldebug_ranges0:
 612 0000 00000000 		.4byte	.LFB0
 613 0004 18000000 		.4byte	.LFE0
 614 0008 00000000 		.4byte	.LFB1
 615 000c 18000000 		.4byte	.LFE1
 616 0010 00000000 		.4byte	.LFB2
 617 0014 28000000 		.4byte	.LFE2
 618 0018 00000000 		.4byte	.LFB3
 619 001c 1C000000 		.4byte	.LFE3
 620 0020 00000000 		.4byte	0
 621 0024 00000000 		.4byte	0
 622              		.section	.debug_line,"",%progbits
 623              	.Ldebug_line0:
 624 0000 C3000000 		.section	.debug_str,"MS",%progbits,1
 624      02006C00 
 624      00000201 
 624      FB0E0D00 
 624      01010101 
 625              	.LASF29:
 626 0000 696E7465 		.ascii	"interrupterTimebase_Enable\000"
 626      72727570 
 626      74657254 
ARM GAS  C:\Users\chemi\AppData\Local\Temp\cczZq6Vz.s 			page 15


 626      696D6562 
 626      6173655F 
 627              	.LASF24:
 628 001b 696E7465 		.ascii	"interrupterTimebase_ReadCounter\000"
 628      72727570 
 628      74657254 
 628      696D6562 
 628      6173655F 
 629              	.LASF26:
 630 003b 696E7465 		.ascii	"interrupterTimebase_WriteCounter\000"
 630      72727570 
 630      74657254 
 630      696D6562 
 630      6173655F 
 631              	.LASF3:
 632 005c 73686F72 		.ascii	"short unsigned int\000"
 632      7420756E 
 632      7369676E 
 632      65642069 
 632      6E7400
 633              	.LASF31:
 634 006f 47656E65 		.ascii	"Generated_Source\\PSoC5\\interrupterTimebase_PM.c\000"
 634      72617465 
 634      645F536F 
 634      75726365 
 634      5C50536F 
 635              	.LASF18:
 636 009f 436F756E 		.ascii	"CounterControlRegister\000"
 636      74657243 
 636      6F6E7472 
 636      6F6C5265 
 636      67697374 
 637              	.LASF11:
 638 00b6 666C6F61 		.ascii	"float\000"
 638      7400
 639              	.LASF22:
 640 00bc 696E7465 		.ascii	"interrupterTimebase_Sleep\000"
 640      72727570 
 640      74657254 
 640      696D6562 
 640      6173655F 
 641              	.LASF1:
 642 00d6 756E7369 		.ascii	"unsigned char\000"
 642      676E6564 
 642      20636861 
 642      7200
 643              	.LASF14:
 644 00e4 72656738 		.ascii	"reg8\000"
 644      00
 645              	.LASF5:
 646 00e9 6C6F6E67 		.ascii	"long unsigned int\000"
 646      20756E73 
 646      69676E65 
 646      6420696E 
 646      7400
 647              	.LASF30:
 648 00fb 474E5520 		.ascii	"GNU C99 5.4.1 20160609 (release) [ARM/embedded-5-br"
ARM GAS  C:\Users\chemi\AppData\Local\Temp\cczZq6Vz.s 			page 16


 648      43393920 
 648      352E342E 
 648      31203230 
 648      31363036 
 649 012e 616E6368 		.ascii	"anch revision 237715] -mcpu=cortex-m3 -mthumb -g -O"
 649      20726576 
 649      6973696F 
 649      6E203233 
 649      37373135 
 650 0161 73202D73 		.ascii	"s -std=gnu99 -ffunction-sections -ffat-lto-objects\000"
 650      74643D67 
 650      6E753939 
 650      202D6666 
 650      756E6374 
 651              	.LASF9:
 652 0194 75696E74 		.ascii	"uint8\000"
 652      3800
 653              	.LASF33:
 654 019a 696E7465 		.ascii	"interrupterTimebase_backup\000"
 654      72727570 
 654      74657254 
 654      696D6562 
 654      6173655F 
 655              	.LASF28:
 656 01b5 696E7465 		.ascii	"interrupterTimebase_Stop\000"
 656      72727570 
 656      74657254 
 656      696D6562 
 656      6173655F 
 657              	.LASF12:
 658 01ce 646F7562 		.ascii	"double\000"
 658      6C6500
 659              	.LASF19:
 660 01d5 696E7465 		.ascii	"interrupterTimebase_backupStruct\000"
 660      72727570 
 660      74657254 
 660      696D6562 
 660      6173655F 
 661              	.LASF17:
 662 01f6 436F756E 		.ascii	"CounterUdb\000"
 662      74657255 
 662      646200
 663              	.LASF10:
 664 0201 75696E74 		.ascii	"uint32\000"
 664      333200
 665              	.LASF8:
 666 0208 756E7369 		.ascii	"unsigned int\000"
 666      676E6564 
 666      20696E74 
 666      00
 667              	.LASF7:
 668 0215 6C6F6E67 		.ascii	"long long unsigned int\000"
 668      206C6F6E 
 668      6720756E 
 668      7369676E 
 668      65642069 
 669              	.LASF23:
ARM GAS  C:\Users\chemi\AppData\Local\Temp\cczZq6Vz.s 			page 17


 670 022c 696E7465 		.ascii	"interrupterTimebase_Wakeup\000"
 670      72727570 
 670      74657254 
 670      696D6562 
 670      6173655F 
 671              	.LASF21:
 672 0247 696E7465 		.ascii	"interrupterTimebase_RestoreConfig\000"
 672      72727570 
 672      74657254 
 672      696D6562 
 672      6173655F 
 673              	.LASF15:
 674 0269 73697A65 		.ascii	"sizetype\000"
 674      74797065 
 674      00
 675              	.LASF27:
 676 0272 696E7465 		.ascii	"interrupterTimebase_WriteControlRegister\000"
 676      72727570 
 676      74657254 
 676      696D6562 
 676      6173655F 
 677              	.LASF16:
 678 029b 436F756E 		.ascii	"CounterEnableState\000"
 678      74657245 
 678      6E61626C 
 678      65537461 
 678      746500
 679              	.LASF6:
 680 02ae 6C6F6E67 		.ascii	"long long int\000"
 680      206C6F6E 
 680      6720696E 
 680      7400
 681              	.LASF25:
 682 02bc 696E7465 		.ascii	"interrupterTimebase_ReadControlRegister\000"
 682      72727570 
 682      74657254 
 682      696D6562 
 682      6173655F 
 683              	.LASF2:
 684 02e4 73686F72 		.ascii	"short int\000"
 684      7420696E 
 684      7400
 685              	.LASF20:
 686 02ee 696E7465 		.ascii	"interrupterTimebase_SaveConfig\000"
 686      72727570 
 686      74657254 
 686      696D6562 
 686      6173655F 
 687              	.LASF32:
 688 030d 433A5C55 		.ascii	"C:\\Users\\chemi\\UD3_QCW\\UD3_QFN.cydsn\000"
 688      73657273 
 688      5C636865 
 688      6D695C55 
 688      44335F51 
 689              	.LASF4:
 690 0332 6C6F6E67 		.ascii	"long int\000"
 690      20696E74 
ARM GAS  C:\Users\chemi\AppData\Local\Temp\cczZq6Vz.s 			page 18


 690      00
 691              	.LASF13:
 692 033b 63686172 		.ascii	"char\000"
 692      00
 693              	.LASF0:
 694 0340 7369676E 		.ascii	"signed char\000"
 694      65642063 
 694      68617200 
 695              		.ident	"GCC: (GNU Tools for ARM Embedded Processors) 5.4.1 20160609 (release) [ARM/embedded-5-bran
