ARM GAS  C:\Users\chemi\AppData\Local\Temp\ccYwbN9C.s 			page 1


   1              		.syntax unified
   2              		.cpu cortex-m3
   3              		.fpu softvfp
   4              		.eabi_attribute 20, 1
   5              		.eabi_attribute 21, 1
   6              		.eabi_attribute 23, 3
   7              		.eabi_attribute 24, 1
   8              		.eabi_attribute 25, 1
   9              		.eabi_attribute 26, 1
  10              		.eabi_attribute 30, 4
  11              		.eabi_attribute 34, 1
  12              		.eabi_attribute 18, 4
  13              		.thumb
  14              		.syntax unified
  15              		.file	"interrupter1_PM.c"
  16              		.text
  17              	.Ltext0:
  18              		.cfi_sections	.debug_frame
  19              		.section	.text.interrupter1_SaveConfig,"ax",%progbits
  20              		.align	1
  21              		.global	interrupter1_SaveConfig
  22              		.thumb
  23              		.thumb_func
  24              		.type	interrupter1_SaveConfig, %function
  25              	interrupter1_SaveConfig:
  26              	.LFB0:
  27              		.file 1 "Generated_Source\\PSoC5\\interrupter1_PM.c"
   1:Generated_Source\PSoC5/interrupter1_PM.c **** /*******************************************************************************
   2:Generated_Source\PSoC5/interrupter1_PM.c **** * File Name: interrupter1_PM.c
   3:Generated_Source\PSoC5/interrupter1_PM.c **** * Version 3.30
   4:Generated_Source\PSoC5/interrupter1_PM.c **** *
   5:Generated_Source\PSoC5/interrupter1_PM.c **** * Description:
   6:Generated_Source\PSoC5/interrupter1_PM.c **** *  This file provides the power management source code to API for the
   7:Generated_Source\PSoC5/interrupter1_PM.c **** *  PWM.
   8:Generated_Source\PSoC5/interrupter1_PM.c **** *
   9:Generated_Source\PSoC5/interrupter1_PM.c **** * Note:
  10:Generated_Source\PSoC5/interrupter1_PM.c **** *
  11:Generated_Source\PSoC5/interrupter1_PM.c **** ********************************************************************************
  12:Generated_Source\PSoC5/interrupter1_PM.c **** * Copyright 2008-2014, Cypress Semiconductor Corporation.  All rights reserved.
  13:Generated_Source\PSoC5/interrupter1_PM.c **** * You may use this file only in accordance with the license, terms, conditions,
  14:Generated_Source\PSoC5/interrupter1_PM.c **** * disclaimers, and limitations in the end user license agreement accompanying
  15:Generated_Source\PSoC5/interrupter1_PM.c **** * the software package with which this file was provided.
  16:Generated_Source\PSoC5/interrupter1_PM.c **** *******************************************************************************/
  17:Generated_Source\PSoC5/interrupter1_PM.c **** 
  18:Generated_Source\PSoC5/interrupter1_PM.c **** #include "interrupter1.h"
  19:Generated_Source\PSoC5/interrupter1_PM.c **** 
  20:Generated_Source\PSoC5/interrupter1_PM.c **** static interrupter1_backupStruct interrupter1_backup;
  21:Generated_Source\PSoC5/interrupter1_PM.c **** 
  22:Generated_Source\PSoC5/interrupter1_PM.c **** 
  23:Generated_Source\PSoC5/interrupter1_PM.c **** /*******************************************************************************
  24:Generated_Source\PSoC5/interrupter1_PM.c **** * Function Name: interrupter1_SaveConfig
  25:Generated_Source\PSoC5/interrupter1_PM.c **** ********************************************************************************
  26:Generated_Source\PSoC5/interrupter1_PM.c **** *
  27:Generated_Source\PSoC5/interrupter1_PM.c **** * Summary:
  28:Generated_Source\PSoC5/interrupter1_PM.c **** *  Saves the current user configuration of the component.
  29:Generated_Source\PSoC5/interrupter1_PM.c **** *
  30:Generated_Source\PSoC5/interrupter1_PM.c **** * Parameters:
ARM GAS  C:\Users\chemi\AppData\Local\Temp\ccYwbN9C.s 			page 2


  31:Generated_Source\PSoC5/interrupter1_PM.c **** *  None
  32:Generated_Source\PSoC5/interrupter1_PM.c **** *
  33:Generated_Source\PSoC5/interrupter1_PM.c **** * Return:
  34:Generated_Source\PSoC5/interrupter1_PM.c **** *  None
  35:Generated_Source\PSoC5/interrupter1_PM.c **** *
  36:Generated_Source\PSoC5/interrupter1_PM.c **** * Global variables:
  37:Generated_Source\PSoC5/interrupter1_PM.c **** *  interrupter1_backup:  Variables of this global structure are modified to
  38:Generated_Source\PSoC5/interrupter1_PM.c **** *  store the values of non retention configuration registers when Sleep() API is
  39:Generated_Source\PSoC5/interrupter1_PM.c **** *  called.
  40:Generated_Source\PSoC5/interrupter1_PM.c **** *
  41:Generated_Source\PSoC5/interrupter1_PM.c **** *******************************************************************************/
  42:Generated_Source\PSoC5/interrupter1_PM.c **** void interrupter1_SaveConfig(void) 
  43:Generated_Source\PSoC5/interrupter1_PM.c **** {
  28              		.loc 1 43 0
  29              		.cfi_startproc
  30              		@ args = 0, pretend = 0, frame = 0
  31              		@ frame_needed = 0, uses_anonymous_args = 0
  32 0000 10B5     		push	{r4, lr}
  33              		.cfi_def_cfa_offset 8
  34              		.cfi_offset 4, -8
  35              		.cfi_offset 14, -4
  44:Generated_Source\PSoC5/interrupter1_PM.c **** 
  45:Generated_Source\PSoC5/interrupter1_PM.c ****     #if(!interrupter1_UsingFixedFunction)
  46:Generated_Source\PSoC5/interrupter1_PM.c ****         #if(!interrupter1_PWMModeIsCenterAligned)
  47:Generated_Source\PSoC5/interrupter1_PM.c ****             interrupter1_backup.PWMPeriod = interrupter1_ReadPeriod();
  36              		.loc 1 47 0
  37 0002 FFF7FEFF 		bl	interrupter1_ReadPeriod
  38              	.LVL0:
  39 0006 044C     		ldr	r4, .L2
  40 0008 A080     		strh	r0, [r4, #4]	@ movhi
  48:Generated_Source\PSoC5/interrupter1_PM.c ****         #endif /* (!interrupter1_PWMModeIsCenterAligned) */
  49:Generated_Source\PSoC5/interrupter1_PM.c ****         interrupter1_backup.PWMUdb = interrupter1_ReadCounter();
  41              		.loc 1 49 0
  42 000a FFF7FEFF 		bl	interrupter1_ReadCounter
  43              	.LVL1:
  44 000e 6080     		strh	r0, [r4, #2]	@ movhi
  50:Generated_Source\PSoC5/interrupter1_PM.c ****         #if (interrupter1_UseStatus)
  51:Generated_Source\PSoC5/interrupter1_PM.c ****             interrupter1_backup.InterruptMaskValue = interrupter1_STATUS_MASK;
  52:Generated_Source\PSoC5/interrupter1_PM.c ****         #endif /* (interrupter1_UseStatus) */
  53:Generated_Source\PSoC5/interrupter1_PM.c **** 
  54:Generated_Source\PSoC5/interrupter1_PM.c ****         #if(interrupter1_DeadBandMode == interrupter1__B_PWM__DBM_256_CLOCKS || \
  55:Generated_Source\PSoC5/interrupter1_PM.c ****             interrupter1_DeadBandMode == interrupter1__B_PWM__DBM_2_4_CLOCKS)
  56:Generated_Source\PSoC5/interrupter1_PM.c ****             interrupter1_backup.PWMdeadBandValue = interrupter1_ReadDeadTime();
  57:Generated_Source\PSoC5/interrupter1_PM.c ****         #endif /*  deadband count is either 2-4 clocks or 256 clocks */
  58:Generated_Source\PSoC5/interrupter1_PM.c **** 
  59:Generated_Source\PSoC5/interrupter1_PM.c ****         #if(interrupter1_KillModeMinTime)
  60:Generated_Source\PSoC5/interrupter1_PM.c ****              interrupter1_backup.PWMKillCounterPeriod = interrupter1_ReadKillTime();
  61:Generated_Source\PSoC5/interrupter1_PM.c ****         #endif /* (interrupter1_KillModeMinTime) */
  62:Generated_Source\PSoC5/interrupter1_PM.c **** 
  63:Generated_Source\PSoC5/interrupter1_PM.c ****         #if(interrupter1_UseControl)
  64:Generated_Source\PSoC5/interrupter1_PM.c ****             interrupter1_backup.PWMControlRegister = interrupter1_ReadControlRegister();
  45              		.loc 1 64 0
  46 0010 FFF7FEFF 		bl	interrupter1_ReadControlRegister
  47              	.LVL2:
  48 0014 A071     		strb	r0, [r4, #6]
  49 0016 10BD     		pop	{r4, pc}
  50              	.L3:
ARM GAS  C:\Users\chemi\AppData\Local\Temp\ccYwbN9C.s 			page 3


  51              		.align	2
  52              	.L2:
  53 0018 00000000 		.word	.LANCHOR0
  54              		.cfi_endproc
  55              	.LFE0:
  56              		.size	interrupter1_SaveConfig, .-interrupter1_SaveConfig
  57              		.section	.text.interrupter1_RestoreConfig,"ax",%progbits
  58              		.align	1
  59              		.global	interrupter1_RestoreConfig
  60              		.thumb
  61              		.thumb_func
  62              		.type	interrupter1_RestoreConfig, %function
  63              	interrupter1_RestoreConfig:
  64              	.LFB1:
  65:Generated_Source\PSoC5/interrupter1_PM.c ****         #endif /* (interrupter1_UseControl) */
  66:Generated_Source\PSoC5/interrupter1_PM.c ****     #endif  /* (!interrupter1_UsingFixedFunction) */
  67:Generated_Source\PSoC5/interrupter1_PM.c **** }
  68:Generated_Source\PSoC5/interrupter1_PM.c **** 
  69:Generated_Source\PSoC5/interrupter1_PM.c **** 
  70:Generated_Source\PSoC5/interrupter1_PM.c **** /*******************************************************************************
  71:Generated_Source\PSoC5/interrupter1_PM.c **** * Function Name: interrupter1_RestoreConfig
  72:Generated_Source\PSoC5/interrupter1_PM.c **** ********************************************************************************
  73:Generated_Source\PSoC5/interrupter1_PM.c **** *
  74:Generated_Source\PSoC5/interrupter1_PM.c **** * Summary:
  75:Generated_Source\PSoC5/interrupter1_PM.c **** *  Restores the current user configuration of the component.
  76:Generated_Source\PSoC5/interrupter1_PM.c **** *
  77:Generated_Source\PSoC5/interrupter1_PM.c **** * Parameters:
  78:Generated_Source\PSoC5/interrupter1_PM.c **** *  None
  79:Generated_Source\PSoC5/interrupter1_PM.c **** *
  80:Generated_Source\PSoC5/interrupter1_PM.c **** * Return:
  81:Generated_Source\PSoC5/interrupter1_PM.c **** *  None
  82:Generated_Source\PSoC5/interrupter1_PM.c **** *
  83:Generated_Source\PSoC5/interrupter1_PM.c **** * Global variables:
  84:Generated_Source\PSoC5/interrupter1_PM.c **** *  interrupter1_backup:  Variables of this global structure are used to
  85:Generated_Source\PSoC5/interrupter1_PM.c **** *  restore the values of non retention registers on wakeup from sleep mode.
  86:Generated_Source\PSoC5/interrupter1_PM.c **** *
  87:Generated_Source\PSoC5/interrupter1_PM.c **** *******************************************************************************/
  88:Generated_Source\PSoC5/interrupter1_PM.c **** void interrupter1_RestoreConfig(void) 
  89:Generated_Source\PSoC5/interrupter1_PM.c **** {
  65              		.loc 1 89 0
  66              		.cfi_startproc
  67              		@ args = 0, pretend = 0, frame = 0
  68              		@ frame_needed = 0, uses_anonymous_args = 0
  69 0000 10B5     		push	{r4, lr}
  70              		.cfi_def_cfa_offset 8
  71              		.cfi_offset 4, -8
  72              		.cfi_offset 14, -4
  90:Generated_Source\PSoC5/interrupter1_PM.c ****         #if(!interrupter1_UsingFixedFunction)
  91:Generated_Source\PSoC5/interrupter1_PM.c ****             #if(!interrupter1_PWMModeIsCenterAligned)
  92:Generated_Source\PSoC5/interrupter1_PM.c ****                 interrupter1_WritePeriod(interrupter1_backup.PWMPeriod);
  73              		.loc 1 92 0
  74 0002 064C     		ldr	r4, .L5
  75 0004 A088     		ldrh	r0, [r4, #4]
  76 0006 FFF7FEFF 		bl	interrupter1_WritePeriod
  77              	.LVL3:
  93:Generated_Source\PSoC5/interrupter1_PM.c ****             #endif /* (!interrupter1_PWMModeIsCenterAligned) */
  94:Generated_Source\PSoC5/interrupter1_PM.c **** 
ARM GAS  C:\Users\chemi\AppData\Local\Temp\ccYwbN9C.s 			page 4


  95:Generated_Source\PSoC5/interrupter1_PM.c ****             interrupter1_WriteCounter(interrupter1_backup.PWMUdb);
  78              		.loc 1 95 0
  79 000a 6088     		ldrh	r0, [r4, #2]
  80 000c FFF7FEFF 		bl	interrupter1_WriteCounter
  81              	.LVL4:
  96:Generated_Source\PSoC5/interrupter1_PM.c **** 
  97:Generated_Source\PSoC5/interrupter1_PM.c ****             #if (interrupter1_UseStatus)
  98:Generated_Source\PSoC5/interrupter1_PM.c ****                 interrupter1_STATUS_MASK = interrupter1_backup.InterruptMaskValue;
  99:Generated_Source\PSoC5/interrupter1_PM.c ****             #endif /* (interrupter1_UseStatus) */
 100:Generated_Source\PSoC5/interrupter1_PM.c **** 
 101:Generated_Source\PSoC5/interrupter1_PM.c ****             #if(interrupter1_DeadBandMode == interrupter1__B_PWM__DBM_256_CLOCKS || \
 102:Generated_Source\PSoC5/interrupter1_PM.c ****                 interrupter1_DeadBandMode == interrupter1__B_PWM__DBM_2_4_CLOCKS)
 103:Generated_Source\PSoC5/interrupter1_PM.c ****                 interrupter1_WriteDeadTime(interrupter1_backup.PWMdeadBandValue);
 104:Generated_Source\PSoC5/interrupter1_PM.c ****             #endif /* deadband count is either 2-4 clocks or 256 clocks */
 105:Generated_Source\PSoC5/interrupter1_PM.c **** 
 106:Generated_Source\PSoC5/interrupter1_PM.c ****             #if(interrupter1_KillModeMinTime)
 107:Generated_Source\PSoC5/interrupter1_PM.c ****                 interrupter1_WriteKillTime(interrupter1_backup.PWMKillCounterPeriod);
 108:Generated_Source\PSoC5/interrupter1_PM.c ****             #endif /* (interrupter1_KillModeMinTime) */
 109:Generated_Source\PSoC5/interrupter1_PM.c **** 
 110:Generated_Source\PSoC5/interrupter1_PM.c ****             #if(interrupter1_UseControl)
 111:Generated_Source\PSoC5/interrupter1_PM.c ****                 interrupter1_WriteControlRegister(interrupter1_backup.PWMControlRegister);
  82              		.loc 1 111 0
  83 0010 A079     		ldrb	r0, [r4, #6]	@ zero_extendqisi2
 112:Generated_Source\PSoC5/interrupter1_PM.c ****             #endif /* (interrupter1_UseControl) */
 113:Generated_Source\PSoC5/interrupter1_PM.c ****         #endif  /* (!interrupter1_UsingFixedFunction) */
 114:Generated_Source\PSoC5/interrupter1_PM.c ****     }
  84              		.loc 1 114 0
  85 0012 BDE81040 		pop	{r4, lr}
  86              		.cfi_restore 14
  87              		.cfi_restore 4
  88              		.cfi_def_cfa_offset 0
 111:Generated_Source\PSoC5/interrupter1_PM.c ****             #endif /* (interrupter1_UseControl) */
  89              		.loc 1 111 0
  90 0016 FFF7FEBF 		b	interrupter1_WriteControlRegister
  91              	.LVL5:
  92              	.L6:
  93 001a 00BF     		.align	2
  94              	.L5:
  95 001c 00000000 		.word	.LANCHOR0
  96              		.cfi_endproc
  97              	.LFE1:
  98              		.size	interrupter1_RestoreConfig, .-interrupter1_RestoreConfig
  99              		.section	.text.interrupter1_Sleep,"ax",%progbits
 100              		.align	1
 101              		.global	interrupter1_Sleep
 102              		.thumb
 103              		.thumb_func
 104              		.type	interrupter1_Sleep, %function
 105              	interrupter1_Sleep:
 106              	.LFB2:
 115:Generated_Source\PSoC5/interrupter1_PM.c **** 
 116:Generated_Source\PSoC5/interrupter1_PM.c **** 
 117:Generated_Source\PSoC5/interrupter1_PM.c **** /*******************************************************************************
 118:Generated_Source\PSoC5/interrupter1_PM.c **** * Function Name: interrupter1_Sleep
 119:Generated_Source\PSoC5/interrupter1_PM.c **** ********************************************************************************
 120:Generated_Source\PSoC5/interrupter1_PM.c **** *
 121:Generated_Source\PSoC5/interrupter1_PM.c **** * Summary:
ARM GAS  C:\Users\chemi\AppData\Local\Temp\ccYwbN9C.s 			page 5


 122:Generated_Source\PSoC5/interrupter1_PM.c **** *  Disables block's operation and saves the user configuration. Should be called
 123:Generated_Source\PSoC5/interrupter1_PM.c **** *  just prior to entering sleep.
 124:Generated_Source\PSoC5/interrupter1_PM.c **** *
 125:Generated_Source\PSoC5/interrupter1_PM.c **** * Parameters:
 126:Generated_Source\PSoC5/interrupter1_PM.c **** *  None
 127:Generated_Source\PSoC5/interrupter1_PM.c **** *
 128:Generated_Source\PSoC5/interrupter1_PM.c **** * Return:
 129:Generated_Source\PSoC5/interrupter1_PM.c **** *  None
 130:Generated_Source\PSoC5/interrupter1_PM.c **** *
 131:Generated_Source\PSoC5/interrupter1_PM.c **** * Global variables:
 132:Generated_Source\PSoC5/interrupter1_PM.c **** *  interrupter1_backup.PWMEnableState:  Is modified depending on the enable
 133:Generated_Source\PSoC5/interrupter1_PM.c **** *  state of the block before entering sleep mode.
 134:Generated_Source\PSoC5/interrupter1_PM.c **** *
 135:Generated_Source\PSoC5/interrupter1_PM.c **** *******************************************************************************/
 136:Generated_Source\PSoC5/interrupter1_PM.c **** void interrupter1_Sleep(void) 
 137:Generated_Source\PSoC5/interrupter1_PM.c **** {
 107              		.loc 1 137 0
 108              		.cfi_startproc
 109              		@ args = 0, pretend = 0, frame = 0
 110              		@ frame_needed = 0, uses_anonymous_args = 0
 111 0000 08B5     		push	{r3, lr}
 112              		.cfi_def_cfa_offset 8
 113              		.cfi_offset 3, -8
 114              		.cfi_offset 14, -4
 138:Generated_Source\PSoC5/interrupter1_PM.c ****     #if(interrupter1_UseControl)
 139:Generated_Source\PSoC5/interrupter1_PM.c ****         if(interrupter1_CTRL_ENABLE == (interrupter1_CONTROL & interrupter1_CTRL_ENABLE))
 115              		.loc 1 139 0
 116 0002 074B     		ldr	r3, .L11
 117 0004 1B78     		ldrb	r3, [r3]	@ zero_extendqisi2
 118 0006 13F0800F 		tst	r3, #128
 119 000a 064B     		ldr	r3, .L11+4
 140:Generated_Source\PSoC5/interrupter1_PM.c ****         {
 141:Generated_Source\PSoC5/interrupter1_PM.c ****             /*Component is enabled */
 142:Generated_Source\PSoC5/interrupter1_PM.c ****             interrupter1_backup.PWMEnableState = 1u;
 120              		.loc 1 142 0
 121 000c 14BF     		ite	ne
 122 000e 0122     		movne	r2, #1
 143:Generated_Source\PSoC5/interrupter1_PM.c ****         }
 144:Generated_Source\PSoC5/interrupter1_PM.c ****         else
 145:Generated_Source\PSoC5/interrupter1_PM.c ****         {
 146:Generated_Source\PSoC5/interrupter1_PM.c ****             /* Component is disabled */
 147:Generated_Source\PSoC5/interrupter1_PM.c ****             interrupter1_backup.PWMEnableState = 0u;
 123              		.loc 1 147 0
 124 0010 0022     		moveq	r2, #0
 125 0012 1A70     		strb	r2, [r3]
 148:Generated_Source\PSoC5/interrupter1_PM.c ****         }
 149:Generated_Source\PSoC5/interrupter1_PM.c ****     #endif /* (interrupter1_UseControl) */
 150:Generated_Source\PSoC5/interrupter1_PM.c **** 
 151:Generated_Source\PSoC5/interrupter1_PM.c ****     /* Stop component */
 152:Generated_Source\PSoC5/interrupter1_PM.c ****     interrupter1_Stop();
 126              		.loc 1 152 0
 127 0014 FFF7FEFF 		bl	interrupter1_Stop
 128              	.LVL6:
 153:Generated_Source\PSoC5/interrupter1_PM.c **** 
 154:Generated_Source\PSoC5/interrupter1_PM.c ****     /* Save registers configuration */
 155:Generated_Source\PSoC5/interrupter1_PM.c ****     interrupter1_SaveConfig();
 156:Generated_Source\PSoC5/interrupter1_PM.c **** }
ARM GAS  C:\Users\chemi\AppData\Local\Temp\ccYwbN9C.s 			page 6


 129              		.loc 1 156 0
 130 0018 BDE80840 		pop	{r3, lr}
 131              		.cfi_restore 14
 132              		.cfi_restore 3
 133              		.cfi_def_cfa_offset 0
 155:Generated_Source\PSoC5/interrupter1_PM.c **** }
 134              		.loc 1 155 0
 135 001c FFF7FEBF 		b	interrupter1_SaveConfig
 136              	.LVL7:
 137              	.L12:
 138              		.align	2
 139              	.L11:
 140 0020 70640040 		.word	1073767536
 141 0024 00000000 		.word	.LANCHOR0
 142              		.cfi_endproc
 143              	.LFE2:
 144              		.size	interrupter1_Sleep, .-interrupter1_Sleep
 145              		.section	.text.interrupter1_Wakeup,"ax",%progbits
 146              		.align	1
 147              		.global	interrupter1_Wakeup
 148              		.thumb
 149              		.thumb_func
 150              		.type	interrupter1_Wakeup, %function
 151              	interrupter1_Wakeup:
 152              	.LFB3:
 157:Generated_Source\PSoC5/interrupter1_PM.c **** 
 158:Generated_Source\PSoC5/interrupter1_PM.c **** 
 159:Generated_Source\PSoC5/interrupter1_PM.c **** /*******************************************************************************
 160:Generated_Source\PSoC5/interrupter1_PM.c **** * Function Name: interrupter1_Wakeup
 161:Generated_Source\PSoC5/interrupter1_PM.c **** ********************************************************************************
 162:Generated_Source\PSoC5/interrupter1_PM.c **** *
 163:Generated_Source\PSoC5/interrupter1_PM.c **** * Summary:
 164:Generated_Source\PSoC5/interrupter1_PM.c **** *  Restores and enables the user configuration. Should be called just after
 165:Generated_Source\PSoC5/interrupter1_PM.c **** *  awaking from sleep.
 166:Generated_Source\PSoC5/interrupter1_PM.c **** *
 167:Generated_Source\PSoC5/interrupter1_PM.c **** * Parameters:
 168:Generated_Source\PSoC5/interrupter1_PM.c **** *  None
 169:Generated_Source\PSoC5/interrupter1_PM.c **** *
 170:Generated_Source\PSoC5/interrupter1_PM.c **** * Return:
 171:Generated_Source\PSoC5/interrupter1_PM.c **** *  None
 172:Generated_Source\PSoC5/interrupter1_PM.c **** *
 173:Generated_Source\PSoC5/interrupter1_PM.c **** * Global variables:
 174:Generated_Source\PSoC5/interrupter1_PM.c **** *  interrupter1_backup.pwmEnable:  Is used to restore the enable state of
 175:Generated_Source\PSoC5/interrupter1_PM.c **** *  block on wakeup from sleep mode.
 176:Generated_Source\PSoC5/interrupter1_PM.c **** *
 177:Generated_Source\PSoC5/interrupter1_PM.c **** *******************************************************************************/
 178:Generated_Source\PSoC5/interrupter1_PM.c **** void interrupter1_Wakeup(void) 
 179:Generated_Source\PSoC5/interrupter1_PM.c **** {
 153              		.loc 1 179 0
 154              		.cfi_startproc
 155              		@ args = 0, pretend = 0, frame = 0
 156              		@ frame_needed = 0, uses_anonymous_args = 0
 157 0000 08B5     		push	{r3, lr}
 158              		.cfi_def_cfa_offset 8
 159              		.cfi_offset 3, -8
 160              		.cfi_offset 14, -4
 180:Generated_Source\PSoC5/interrupter1_PM.c ****      /* Restore registers values */
ARM GAS  C:\Users\chemi\AppData\Local\Temp\ccYwbN9C.s 			page 7


 181:Generated_Source\PSoC5/interrupter1_PM.c ****     interrupter1_RestoreConfig();
 161              		.loc 1 181 0
 162 0002 FFF7FEFF 		bl	interrupter1_RestoreConfig
 163              	.LVL8:
 182:Generated_Source\PSoC5/interrupter1_PM.c **** 
 183:Generated_Source\PSoC5/interrupter1_PM.c ****     if(interrupter1_backup.PWMEnableState != 0u)
 164              		.loc 1 183 0
 165 0006 044B     		ldr	r3, .L16
 166 0008 1B78     		ldrb	r3, [r3]	@ zero_extendqisi2
 167 000a 1BB1     		cbz	r3, .L13
 184:Generated_Source\PSoC5/interrupter1_PM.c ****     {
 185:Generated_Source\PSoC5/interrupter1_PM.c ****         /* Enable component's operation */
 186:Generated_Source\PSoC5/interrupter1_PM.c ****         interrupter1_Enable();
 187:Generated_Source\PSoC5/interrupter1_PM.c ****     } /* Do nothing if component's block was disabled before */
 188:Generated_Source\PSoC5/interrupter1_PM.c **** 
 189:Generated_Source\PSoC5/interrupter1_PM.c **** }
 168              		.loc 1 189 0
 169 000c BDE80840 		pop	{r3, lr}
 170              		.cfi_remember_state
 171              		.cfi_restore 14
 172              		.cfi_restore 3
 173              		.cfi_def_cfa_offset 0
 186:Generated_Source\PSoC5/interrupter1_PM.c ****     } /* Do nothing if component's block was disabled before */
 174              		.loc 1 186 0
 175 0010 FFF7FEBF 		b	interrupter1_Enable
 176              	.LVL9:
 177              	.L13:
 178              		.cfi_restore_state
 179 0014 08BD     		pop	{r3, pc}
 180              	.L17:
 181 0016 00BF     		.align	2
 182              	.L16:
 183 0018 00000000 		.word	.LANCHOR0
 184              		.cfi_endproc
 185              	.LFE3:
 186              		.size	interrupter1_Wakeup, .-interrupter1_Wakeup
 187              		.bss
 188              		.align	1
 189              		.set	.LANCHOR0,. + 0
 190              		.type	interrupter1_backup, %object
 191              		.size	interrupter1_backup, 8
 192              	interrupter1_backup:
 193 0000 00000000 		.space	8
 193      00000000 
 194              		.text
 195              	.Letext0:
 196              		.file 2 "Generated_Source\\PSoC5\\cytypes.h"
 197              		.file 3 "Generated_Source\\PSoC5\\interrupter1.h"
 198              		.section	.debug_info,"",%progbits
 199              	.Ldebug_info0:
 200 0000 0C020000 		.4byte	0x20c
 201 0004 0400     		.2byte	0x4
 202 0006 00000000 		.4byte	.Ldebug_abbrev0
 203 000a 04       		.byte	0x4
 204 000b 01       		.uleb128 0x1
 205 000c 2A000000 		.4byte	.LASF33
 206 0010 0C       		.byte	0xc
ARM GAS  C:\Users\chemi\AppData\Local\Temp\ccYwbN9C.s 			page 8


 207 0011 1D010000 		.4byte	.LASF34
 208 0015 AA020000 		.4byte	.LASF35
 209 0019 00000000 		.4byte	.Ldebug_ranges0+0
 210 001d 00000000 		.4byte	0
 211 0021 00000000 		.4byte	.Ldebug_line0
 212 0025 02       		.uleb128 0x2
 213 0026 01       		.byte	0x1
 214 0027 06       		.byte	0x6
 215 0028 FA020000 		.4byte	.LASF0
 216 002c 02       		.uleb128 0x2
 217 002d 01       		.byte	0x1
 218 002e 08       		.byte	0x8
 219 002f 4C010000 		.4byte	.LASF1
 220 0033 02       		.uleb128 0x2
 221 0034 02       		.byte	0x2
 222 0035 05       		.byte	0x5
 223 0036 A0020000 		.4byte	.LASF2
 224 003a 02       		.uleb128 0x2
 225 003b 02       		.byte	0x2
 226 003c 07       		.byte	0x7
 227 003d DE000000 		.4byte	.LASF3
 228 0041 02       		.uleb128 0x2
 229 0042 04       		.byte	0x4
 230 0043 05       		.byte	0x5
 231 0044 CF020000 		.4byte	.LASF4
 232 0048 02       		.uleb128 0x2
 233 0049 04       		.byte	0x4
 234 004a 07       		.byte	0x7
 235 004b 01020000 		.4byte	.LASF5
 236 004f 02       		.uleb128 0x2
 237 0050 08       		.byte	0x8
 238 0051 05       		.byte	0x5
 239 0052 6C020000 		.4byte	.LASF6
 240 0056 02       		.uleb128 0x2
 241 0057 08       		.byte	0x8
 242 0058 07       		.byte	0x7
 243 0059 20020000 		.4byte	.LASF7
 244 005d 03       		.uleb128 0x3
 245 005e 04       		.byte	0x4
 246 005f 05       		.byte	0x5
 247 0060 696E7400 		.ascii	"int\000"
 248 0064 02       		.uleb128 0x2
 249 0065 04       		.byte	0x4
 250 0066 07       		.byte	0x7
 251 0067 13020000 		.4byte	.LASF8
 252 006b 04       		.uleb128 0x4
 253 006c AE010000 		.4byte	.LASF9
 254 0070 02       		.byte	0x2
 255 0071 9201     		.2byte	0x192
 256 0073 2C000000 		.4byte	0x2c
 257 0077 04       		.uleb128 0x4
 258 0078 E2010000 		.4byte	.LASF10
 259 007c 02       		.byte	0x2
 260 007d 9301     		.2byte	0x193
 261 007f 3A000000 		.4byte	0x3a
 262 0083 02       		.uleb128 0x2
 263 0084 04       		.byte	0x4
ARM GAS  C:\Users\chemi\AppData\Local\Temp\ccYwbN9C.s 			page 9


 264 0085 04       		.byte	0x4
 265 0086 46010000 		.4byte	.LASF11
 266 008a 02       		.uleb128 0x2
 267 008b 08       		.byte	0x8
 268 008c 04       		.byte	0x4
 269 008d DB010000 		.4byte	.LASF12
 270 0091 02       		.uleb128 0x2
 271 0092 01       		.byte	0x1
 272 0093 08       		.byte	0x8
 273 0094 7A020000 		.4byte	.LASF13
 274 0098 04       		.uleb128 0x4
 275 0099 1B000000 		.4byte	.LASF14
 276 009d 02       		.byte	0x2
 277 009e 3C02     		.2byte	0x23c
 278 00a0 A4000000 		.4byte	0xa4
 279 00a4 05       		.uleb128 0x5
 280 00a5 6B000000 		.4byte	0x6b
 281 00a9 02       		.uleb128 0x2
 282 00aa 04       		.byte	0x4
 283 00ab 07       		.byte	0x7
 284 00ac 63020000 		.4byte	.LASF15
 285 00b0 06       		.uleb128 0x6
 286 00b1 08       		.byte	0x8
 287 00b2 03       		.byte	0x3
 288 00b3 6B       		.byte	0x6b
 289 00b4 E9000000 		.4byte	0xe9
 290 00b8 07       		.uleb128 0x7
 291 00b9 5A010000 		.4byte	.LASF16
 292 00bd 03       		.byte	0x3
 293 00be 6E       		.byte	0x6e
 294 00bf 6B000000 		.4byte	0x6b
 295 00c3 00       		.byte	0
 296 00c4 07       		.uleb128 0x7
 297 00c5 14000000 		.4byte	.LASF17
 298 00c9 03       		.byte	0x3
 299 00ca 71       		.byte	0x71
 300 00cb 77000000 		.4byte	0x77
 301 00cf 02       		.byte	0x2
 302 00d0 07       		.uleb128 0x7
 303 00d1 20000000 		.4byte	.LASF18
 304 00d5 03       		.byte	0x3
 305 00d6 73       		.byte	0x73
 306 00d7 77000000 		.4byte	0x77
 307 00db 04       		.byte	0x4
 308 00dc 07       		.uleb128 0x7
 309 00dd B4010000 		.4byte	.LASF19
 310 00e1 03       		.byte	0x3
 311 00e2 86       		.byte	0x86
 312 00e3 6B000000 		.4byte	0x6b
 313 00e7 06       		.byte	0x6
 314 00e8 00       		.byte	0
 315 00e9 08       		.uleb128 0x8
 316 00ea F1000000 		.4byte	.LASF20
 317 00ee 03       		.byte	0x3
 318 00ef 8B       		.byte	0x8b
 319 00f0 B0000000 		.4byte	0xb0
 320 00f4 09       		.uleb128 0x9
ARM GAS  C:\Users\chemi\AppData\Local\Temp\ccYwbN9C.s 			page 10


 321 00f5 7D010000 		.4byte	.LASF21
 322 00f9 01       		.byte	0x1
 323 00fa 2A       		.byte	0x2a
 324 00fb 00000000 		.4byte	.LFB0
 325 00ff 1C000000 		.4byte	.LFE0-.LFB0
 326 0103 01       		.uleb128 0x1
 327 0104 9C       		.byte	0x9c
 328 0105 25010000 		.4byte	0x125
 329 0109 0A       		.uleb128 0xa
 330 010a 06000000 		.4byte	.LVL0
 331 010e B7010000 		.4byte	0x1b7
 332 0112 0A       		.uleb128 0xa
 333 0113 0E000000 		.4byte	.LVL1
 334 0117 C2010000 		.4byte	0x1c2
 335 011b 0A       		.uleb128 0xa
 336 011c 14000000 		.4byte	.LVL2
 337 0120 CD010000 		.4byte	0x1cd
 338 0124 00       		.byte	0
 339 0125 09       		.uleb128 0x9
 340 0126 C3000000 		.4byte	.LASF22
 341 012a 01       		.byte	0x1
 342 012b 58       		.byte	0x58
 343 012c 00000000 		.4byte	.LFB1
 344 0130 20000000 		.4byte	.LFE1-.LFB1
 345 0134 01       		.uleb128 0x1
 346 0135 9C       		.byte	0x9c
 347 0136 56010000 		.4byte	0x156
 348 013a 0A       		.uleb128 0xa
 349 013b 0A000000 		.4byte	.LVL3
 350 013f D8010000 		.4byte	0x1d8
 351 0143 0A       		.uleb128 0xa
 352 0144 10000000 		.4byte	.LVL4
 353 0148 E3010000 		.4byte	0x1e3
 354 014c 0B       		.uleb128 0xb
 355 014d 1A000000 		.4byte	.LVL5
 356 0151 EE010000 		.4byte	0x1ee
 357 0155 00       		.byte	0
 358 0156 09       		.uleb128 0x9
 359 0157 37020000 		.4byte	.LASF23
 360 015b 01       		.byte	0x1
 361 015c 88       		.byte	0x88
 362 015d 00000000 		.4byte	.LFB2
 363 0161 28000000 		.4byte	.LFE2-.LFB2
 364 0165 01       		.uleb128 0x1
 365 0166 9C       		.byte	0x9c
 366 0167 7E010000 		.4byte	0x17e
 367 016b 0A       		.uleb128 0xa
 368 016c 18000000 		.4byte	.LVL6
 369 0170 F9010000 		.4byte	0x1f9
 370 0174 0B       		.uleb128 0xb
 371 0175 20000000 		.4byte	.LVL7
 372 0179 F4000000 		.4byte	0xf4
 373 017d 00       		.byte	0
 374 017e 09       		.uleb128 0x9
 375 017f C7010000 		.4byte	.LASF24
 376 0183 01       		.byte	0x1
 377 0184 B2       		.byte	0xb2
ARM GAS  C:\Users\chemi\AppData\Local\Temp\ccYwbN9C.s 			page 11


 378 0185 00000000 		.4byte	.LFB3
 379 0189 1C000000 		.4byte	.LFE3-.LFB3
 380 018d 01       		.uleb128 0x1
 381 018e 9C       		.byte	0x9c
 382 018f A6010000 		.4byte	0x1a6
 383 0193 0A       		.uleb128 0xa
 384 0194 06000000 		.4byte	.LVL8
 385 0198 25010000 		.4byte	0x125
 386 019c 0B       		.uleb128 0xb
 387 019d 14000000 		.4byte	.LVL9
 388 01a1 04020000 		.4byte	0x204
 389 01a5 00       		.byte	0
 390 01a6 0C       		.uleb128 0xc
 391 01a7 69010000 		.4byte	.LASF36
 392 01ab 01       		.byte	0x1
 393 01ac 14       		.byte	0x14
 394 01ad E9000000 		.4byte	0xe9
 395 01b1 05       		.uleb128 0x5
 396 01b2 03       		.byte	0x3
 397 01b3 00000000 		.4byte	interrupter1_backup
 398 01b7 0D       		.uleb128 0xd
 399 01b8 E9010000 		.4byte	.LASF25
 400 01bc E9010000 		.4byte	.LASF25
 401 01c0 03       		.byte	0x3
 402 01c1 C0       		.byte	0xc0
 403 01c2 0D       		.uleb128 0xd
 404 01c3 95010000 		.4byte	.LASF26
 405 01c7 95010000 		.4byte	.LASF26
 406 01cb 03       		.byte	0x3
 407 01cc B3       		.byte	0xb3
 408 01cd 0D       		.uleb128 0xd
 409 01ce 7F020000 		.4byte	.LASF27
 410 01d2 7F020000 		.4byte	.LASF27
 411 01d6 03       		.byte	0x3
 412 01d7 9D       		.byte	0x9d
 413 01d8 0D       		.uleb128 0xd
 414 01d9 4A020000 		.4byte	.LASF28
 415 01dd 4A020000 		.4byte	.LASF28
 416 01e1 03       		.byte	0x3
 417 01e2 BE       		.byte	0xbe
 418 01e3 0D       		.uleb128 0xd
 419 01e4 06030000 		.4byte	.LASF29
 420 01e8 06030000 		.4byte	.LASF29
 421 01ec 03       		.byte	0x3
 422 01ed BA       		.byte	0xba
 423 01ee 0D       		.uleb128 0xd
 424 01ef D8020000 		.4byte	.LASF30
 425 01f3 D8020000 		.4byte	.LASF30
 426 01f7 03       		.byte	0x3
 427 01f8 9E       		.byte	0x9e
 428 01f9 0D       		.uleb128 0xd
 429 01fa 0B010000 		.4byte	.LASF31
 430 01fe 0B010000 		.4byte	.LASF31
 431 0202 03       		.byte	0x3
 432 0203 93       		.byte	0x93
 433 0204 0D       		.uleb128 0xd
 434 0205 00000000 		.4byte	.LASF32
ARM GAS  C:\Users\chemi\AppData\Local\Temp\ccYwbN9C.s 			page 12


 435 0209 00000000 		.4byte	.LASF32
 436 020d 03       		.byte	0x3
 437 020e DB       		.byte	0xdb
 438 020f 00       		.byte	0
 439              		.section	.debug_abbrev,"",%progbits
 440              	.Ldebug_abbrev0:
 441 0000 01       		.uleb128 0x1
 442 0001 11       		.uleb128 0x11
 443 0002 01       		.byte	0x1
 444 0003 25       		.uleb128 0x25
 445 0004 0E       		.uleb128 0xe
 446 0005 13       		.uleb128 0x13
 447 0006 0B       		.uleb128 0xb
 448 0007 03       		.uleb128 0x3
 449 0008 0E       		.uleb128 0xe
 450 0009 1B       		.uleb128 0x1b
 451 000a 0E       		.uleb128 0xe
 452 000b 55       		.uleb128 0x55
 453 000c 17       		.uleb128 0x17
 454 000d 11       		.uleb128 0x11
 455 000e 01       		.uleb128 0x1
 456 000f 10       		.uleb128 0x10
 457 0010 17       		.uleb128 0x17
 458 0011 00       		.byte	0
 459 0012 00       		.byte	0
 460 0013 02       		.uleb128 0x2
 461 0014 24       		.uleb128 0x24
 462 0015 00       		.byte	0
 463 0016 0B       		.uleb128 0xb
 464 0017 0B       		.uleb128 0xb
 465 0018 3E       		.uleb128 0x3e
 466 0019 0B       		.uleb128 0xb
 467 001a 03       		.uleb128 0x3
 468 001b 0E       		.uleb128 0xe
 469 001c 00       		.byte	0
 470 001d 00       		.byte	0
 471 001e 03       		.uleb128 0x3
 472 001f 24       		.uleb128 0x24
 473 0020 00       		.byte	0
 474 0021 0B       		.uleb128 0xb
 475 0022 0B       		.uleb128 0xb
 476 0023 3E       		.uleb128 0x3e
 477 0024 0B       		.uleb128 0xb
 478 0025 03       		.uleb128 0x3
 479 0026 08       		.uleb128 0x8
 480 0027 00       		.byte	0
 481 0028 00       		.byte	0
 482 0029 04       		.uleb128 0x4
 483 002a 16       		.uleb128 0x16
 484 002b 00       		.byte	0
 485 002c 03       		.uleb128 0x3
 486 002d 0E       		.uleb128 0xe
 487 002e 3A       		.uleb128 0x3a
 488 002f 0B       		.uleb128 0xb
 489 0030 3B       		.uleb128 0x3b
 490 0031 05       		.uleb128 0x5
 491 0032 49       		.uleb128 0x49
ARM GAS  C:\Users\chemi\AppData\Local\Temp\ccYwbN9C.s 			page 13


 492 0033 13       		.uleb128 0x13
 493 0034 00       		.byte	0
 494 0035 00       		.byte	0
 495 0036 05       		.uleb128 0x5
 496 0037 35       		.uleb128 0x35
 497 0038 00       		.byte	0
 498 0039 49       		.uleb128 0x49
 499 003a 13       		.uleb128 0x13
 500 003b 00       		.byte	0
 501 003c 00       		.byte	0
 502 003d 06       		.uleb128 0x6
 503 003e 13       		.uleb128 0x13
 504 003f 01       		.byte	0x1
 505 0040 0B       		.uleb128 0xb
 506 0041 0B       		.uleb128 0xb
 507 0042 3A       		.uleb128 0x3a
 508 0043 0B       		.uleb128 0xb
 509 0044 3B       		.uleb128 0x3b
 510 0045 0B       		.uleb128 0xb
 511 0046 01       		.uleb128 0x1
 512 0047 13       		.uleb128 0x13
 513 0048 00       		.byte	0
 514 0049 00       		.byte	0
 515 004a 07       		.uleb128 0x7
 516 004b 0D       		.uleb128 0xd
 517 004c 00       		.byte	0
 518 004d 03       		.uleb128 0x3
 519 004e 0E       		.uleb128 0xe
 520 004f 3A       		.uleb128 0x3a
 521 0050 0B       		.uleb128 0xb
 522 0051 3B       		.uleb128 0x3b
 523 0052 0B       		.uleb128 0xb
 524 0053 49       		.uleb128 0x49
 525 0054 13       		.uleb128 0x13
 526 0055 38       		.uleb128 0x38
 527 0056 0B       		.uleb128 0xb
 528 0057 00       		.byte	0
 529 0058 00       		.byte	0
 530 0059 08       		.uleb128 0x8
 531 005a 16       		.uleb128 0x16
 532 005b 00       		.byte	0
 533 005c 03       		.uleb128 0x3
 534 005d 0E       		.uleb128 0xe
 535 005e 3A       		.uleb128 0x3a
 536 005f 0B       		.uleb128 0xb
 537 0060 3B       		.uleb128 0x3b
 538 0061 0B       		.uleb128 0xb
 539 0062 49       		.uleb128 0x49
 540 0063 13       		.uleb128 0x13
 541 0064 00       		.byte	0
 542 0065 00       		.byte	0
 543 0066 09       		.uleb128 0x9
 544 0067 2E       		.uleb128 0x2e
 545 0068 01       		.byte	0x1
 546 0069 3F       		.uleb128 0x3f
 547 006a 19       		.uleb128 0x19
 548 006b 03       		.uleb128 0x3
ARM GAS  C:\Users\chemi\AppData\Local\Temp\ccYwbN9C.s 			page 14


 549 006c 0E       		.uleb128 0xe
 550 006d 3A       		.uleb128 0x3a
 551 006e 0B       		.uleb128 0xb
 552 006f 3B       		.uleb128 0x3b
 553 0070 0B       		.uleb128 0xb
 554 0071 27       		.uleb128 0x27
 555 0072 19       		.uleb128 0x19
 556 0073 11       		.uleb128 0x11
 557 0074 01       		.uleb128 0x1
 558 0075 12       		.uleb128 0x12
 559 0076 06       		.uleb128 0x6
 560 0077 40       		.uleb128 0x40
 561 0078 18       		.uleb128 0x18
 562 0079 9742     		.uleb128 0x2117
 563 007b 19       		.uleb128 0x19
 564 007c 01       		.uleb128 0x1
 565 007d 13       		.uleb128 0x13
 566 007e 00       		.byte	0
 567 007f 00       		.byte	0
 568 0080 0A       		.uleb128 0xa
 569 0081 898201   		.uleb128 0x4109
 570 0084 00       		.byte	0
 571 0085 11       		.uleb128 0x11
 572 0086 01       		.uleb128 0x1
 573 0087 31       		.uleb128 0x31
 574 0088 13       		.uleb128 0x13
 575 0089 00       		.byte	0
 576 008a 00       		.byte	0
 577 008b 0B       		.uleb128 0xb
 578 008c 898201   		.uleb128 0x4109
 579 008f 00       		.byte	0
 580 0090 11       		.uleb128 0x11
 581 0091 01       		.uleb128 0x1
 582 0092 9542     		.uleb128 0x2115
 583 0094 19       		.uleb128 0x19
 584 0095 31       		.uleb128 0x31
 585 0096 13       		.uleb128 0x13
 586 0097 00       		.byte	0
 587 0098 00       		.byte	0
 588 0099 0C       		.uleb128 0xc
 589 009a 34       		.uleb128 0x34
 590 009b 00       		.byte	0
 591 009c 03       		.uleb128 0x3
 592 009d 0E       		.uleb128 0xe
 593 009e 3A       		.uleb128 0x3a
 594 009f 0B       		.uleb128 0xb
 595 00a0 3B       		.uleb128 0x3b
 596 00a1 0B       		.uleb128 0xb
 597 00a2 49       		.uleb128 0x49
 598 00a3 13       		.uleb128 0x13
 599 00a4 02       		.uleb128 0x2
 600 00a5 18       		.uleb128 0x18
 601 00a6 00       		.byte	0
 602 00a7 00       		.byte	0
 603 00a8 0D       		.uleb128 0xd
 604 00a9 2E       		.uleb128 0x2e
 605 00aa 00       		.byte	0
ARM GAS  C:\Users\chemi\AppData\Local\Temp\ccYwbN9C.s 			page 15


 606 00ab 3F       		.uleb128 0x3f
 607 00ac 19       		.uleb128 0x19
 608 00ad 3C       		.uleb128 0x3c
 609 00ae 19       		.uleb128 0x19
 610 00af 6E       		.uleb128 0x6e
 611 00b0 0E       		.uleb128 0xe
 612 00b1 03       		.uleb128 0x3
 613 00b2 0E       		.uleb128 0xe
 614 00b3 3A       		.uleb128 0x3a
 615 00b4 0B       		.uleb128 0xb
 616 00b5 3B       		.uleb128 0x3b
 617 00b6 0B       		.uleb128 0xb
 618 00b7 00       		.byte	0
 619 00b8 00       		.byte	0
 620 00b9 00       		.byte	0
 621              		.section	.debug_aranges,"",%progbits
 622 0000 34000000 		.4byte	0x34
 623 0004 0200     		.2byte	0x2
 624 0006 00000000 		.4byte	.Ldebug_info0
 625 000a 04       		.byte	0x4
 626 000b 00       		.byte	0
 627 000c 0000     		.2byte	0
 628 000e 0000     		.2byte	0
 629 0010 00000000 		.4byte	.LFB0
 630 0014 1C000000 		.4byte	.LFE0-.LFB0
 631 0018 00000000 		.4byte	.LFB1
 632 001c 20000000 		.4byte	.LFE1-.LFB1
 633 0020 00000000 		.4byte	.LFB2
 634 0024 28000000 		.4byte	.LFE2-.LFB2
 635 0028 00000000 		.4byte	.LFB3
 636 002c 1C000000 		.4byte	.LFE3-.LFB3
 637 0030 00000000 		.4byte	0
 638 0034 00000000 		.4byte	0
 639              		.section	.debug_ranges,"",%progbits
 640              	.Ldebug_ranges0:
 641 0000 00000000 		.4byte	.LFB0
 642 0004 1C000000 		.4byte	.LFE0
 643 0008 00000000 		.4byte	.LFB1
 644 000c 20000000 		.4byte	.LFE1
 645 0010 00000000 		.4byte	.LFB2
 646 0014 28000000 		.4byte	.LFE2
 647 0018 00000000 		.4byte	.LFB3
 648 001c 1C000000 		.4byte	.LFE3
 649 0020 00000000 		.4byte	0
 650 0024 00000000 		.4byte	0
 651              		.section	.debug_line,"",%progbits
 652              	.Ldebug_line0:
 653 0000 B9000000 		.section	.debug_str,"MS",%progbits,1
 653      02005E00 
 653      00000201 
 653      FB0E0D00 
 653      01010101 
 654              	.LASF32:
 655 0000 696E7465 		.ascii	"interrupter1_Enable\000"
 655      72727570 
 655      74657231 
 655      5F456E61 
ARM GAS  C:\Users\chemi\AppData\Local\Temp\ccYwbN9C.s 			page 16


 655      626C6500 
 656              	.LASF17:
 657 0014 50574D55 		.ascii	"PWMUdb\000"
 657      646200
 658              	.LASF14:
 659 001b 72656738 		.ascii	"reg8\000"
 659      00
 660              	.LASF18:
 661 0020 50574D50 		.ascii	"PWMPeriod\000"
 661      6572696F 
 661      6400
 662              	.LASF33:
 663 002a 474E5520 		.ascii	"GNU C99 5.4.1 20160609 (release) [ARM/embedded-5-br"
 663      43393920 
 663      352E342E 
 663      31203230 
 663      31363036 
 664 005d 616E6368 		.ascii	"anch revision 237715] -mcpu=cortex-m3 -mthumb -g -O"
 664      20726576 
 664      6973696F 
 664      6E203233 
 664      37373135 
 665 0090 73202D73 		.ascii	"s -std=gnu99 -ffunction-sections -ffat-lto-objects\000"
 665      74643D67 
 665      6E753939 
 665      202D6666 
 665      756E6374 
 666              	.LASF22:
 667 00c3 696E7465 		.ascii	"interrupter1_RestoreConfig\000"
 667      72727570 
 667      74657231 
 667      5F526573 
 667      746F7265 
 668              	.LASF3:
 669 00de 73686F72 		.ascii	"short unsigned int\000"
 669      7420756E 
 669      7369676E 
 669      65642069 
 669      6E7400
 670              	.LASF20:
 671 00f1 696E7465 		.ascii	"interrupter1_backupStruct\000"
 671      72727570 
 671      74657231 
 671      5F626163 
 671      6B757053 
 672              	.LASF31:
 673 010b 696E7465 		.ascii	"interrupter1_Stop\000"
 673      72727570 
 673      74657231 
 673      5F53746F 
 673      7000
 674              	.LASF34:
 675 011d 47656E65 		.ascii	"Generated_Source\\PSoC5\\interrupter1_PM.c\000"
 675      72617465 
 675      645F536F 
 675      75726365 
 675      5C50536F 
ARM GAS  C:\Users\chemi\AppData\Local\Temp\ccYwbN9C.s 			page 17


 676              	.LASF11:
 677 0146 666C6F61 		.ascii	"float\000"
 677      7400
 678              	.LASF1:
 679 014c 756E7369 		.ascii	"unsigned char\000"
 679      676E6564 
 679      20636861 
 679      7200
 680              	.LASF16:
 681 015a 50574D45 		.ascii	"PWMEnableState\000"
 681      6E61626C 
 681      65537461 
 681      746500
 682              	.LASF36:
 683 0169 696E7465 		.ascii	"interrupter1_backup\000"
 683      72727570 
 683      74657231 
 683      5F626163 
 683      6B757000 
 684              	.LASF21:
 685 017d 696E7465 		.ascii	"interrupter1_SaveConfig\000"
 685      72727570 
 685      74657231 
 685      5F536176 
 685      65436F6E 
 686              	.LASF26:
 687 0195 696E7465 		.ascii	"interrupter1_ReadCounter\000"
 687      72727570 
 687      74657231 
 687      5F526561 
 687      64436F75 
 688              	.LASF9:
 689 01ae 75696E74 		.ascii	"uint8\000"
 689      3800
 690              	.LASF19:
 691 01b4 50574D43 		.ascii	"PWMControlRegister\000"
 691      6F6E7472 
 691      6F6C5265 
 691      67697374 
 691      657200
 692              	.LASF24:
 693 01c7 696E7465 		.ascii	"interrupter1_Wakeup\000"
 693      72727570 
 693      74657231 
 693      5F57616B 
 693      65757000 
 694              	.LASF12:
 695 01db 646F7562 		.ascii	"double\000"
 695      6C6500
 696              	.LASF10:
 697 01e2 75696E74 		.ascii	"uint16\000"
 697      313600
 698              	.LASF25:
 699 01e9 696E7465 		.ascii	"interrupter1_ReadPeriod\000"
 699      72727570 
 699      74657231 
 699      5F526561 
ARM GAS  C:\Users\chemi\AppData\Local\Temp\ccYwbN9C.s 			page 18


 699      64506572 
 700              	.LASF5:
 701 0201 6C6F6E67 		.ascii	"long unsigned int\000"
 701      20756E73 
 701      69676E65 
 701      6420696E 
 701      7400
 702              	.LASF8:
 703 0213 756E7369 		.ascii	"unsigned int\000"
 703      676E6564 
 703      20696E74 
 703      00
 704              	.LASF7:
 705 0220 6C6F6E67 		.ascii	"long long unsigned int\000"
 705      206C6F6E 
 705      6720756E 
 705      7369676E 
 705      65642069 
 706              	.LASF23:
 707 0237 696E7465 		.ascii	"interrupter1_Sleep\000"
 707      72727570 
 707      74657231 
 707      5F536C65 
 707      657000
 708              	.LASF28:
 709 024a 696E7465 		.ascii	"interrupter1_WritePeriod\000"
 709      72727570 
 709      74657231 
 709      5F577269 
 709      74655065 
 710              	.LASF15:
 711 0263 73697A65 		.ascii	"sizetype\000"
 711      74797065 
 711      00
 712              	.LASF6:
 713 026c 6C6F6E67 		.ascii	"long long int\000"
 713      206C6F6E 
 713      6720696E 
 713      7400
 714              	.LASF13:
 715 027a 63686172 		.ascii	"char\000"
 715      00
 716              	.LASF27:
 717 027f 696E7465 		.ascii	"interrupter1_ReadControlRegister\000"
 717      72727570 
 717      74657231 
 717      5F526561 
 717      64436F6E 
 718              	.LASF2:
 719 02a0 73686F72 		.ascii	"short int\000"
 719      7420696E 
 719      7400
 720              	.LASF35:
 721 02aa 433A5C55 		.ascii	"C:\\Users\\chemi\\UD3_QCW\\UD3_QFN.cydsn\000"
 721      73657273 
 721      5C636865 
 721      6D695C55 
ARM GAS  C:\Users\chemi\AppData\Local\Temp\ccYwbN9C.s 			page 19


 721      44335F51 
 722              	.LASF4:
 723 02cf 6C6F6E67 		.ascii	"long int\000"
 723      20696E74 
 723      00
 724              	.LASF30:
 725 02d8 696E7465 		.ascii	"interrupter1_WriteControlRegister\000"
 725      72727570 
 725      74657231 
 725      5F577269 
 725      7465436F 
 726              	.LASF0:
 727 02fa 7369676E 		.ascii	"signed char\000"
 727      65642063 
 727      68617200 
 728              	.LASF29:
 729 0306 696E7465 		.ascii	"interrupter1_WriteCounter\000"
 729      72727570 
 729      74657231 
 729      5F577269 
 729      7465436F 
 730              		.ident	"GCC: (GNU Tools for ARM Embedded Processors) 5.4.1 20160609 (release) [ARM/embedded-5-bran
