ARM GAS  C:\Users\chemi\AppData\Local\Temp\cc4ivwWc.s 			page 1


   1              		.syntax unified
   2              		.cpu cortex-m3
   3              		.fpu softvfp
   4              		.eabi_attribute 20, 1
   5              		.eabi_attribute 21, 1
   6              		.eabi_attribute 23, 3
   7              		.eabi_attribute 24, 1
   8              		.eabi_attribute 25, 1
   9              		.eabi_attribute 26, 1
  10              		.eabi_attribute 30, 4
  11              		.eabi_attribute 34, 1
  12              		.eabi_attribute 18, 4
  13              		.thumb
  14              		.syntax unified
  15              		.file	"MidiFilter.c"
  16              		.text
  17              	.Ltext0:
  18              		.cfi_sections	.debug_frame
  19              		.section	.text.MidiFilter_create,"ax",%progbits
  20              		.align	1
  21              		.global	MidiFilter_create
  22              		.thumb
  23              		.thumb_func
  24              		.type	MidiFilter_create, %function
  25              	MidiFilter_create:
  26              	.LFB68:
  27              		.file 1 "..\\common\\vms\\MidiFilter.c"
   1:..\common\vms/MidiFilter.c **** /*
   2:..\common\vms/MidiFilter.c ****  * File:   MidiFilter.c
   3:..\common\vms/MidiFilter.c ****  * Author: Thorb
   4:..\common\vms/MidiFilter.c ****  *
   5:..\common\vms/MidiFilter.c ****  * Created on 12 September 2023, 23:15
   6:..\common\vms/MidiFilter.c ****  */
   7:..\common\vms/MidiFilter.c **** 
   8:..\common\vms/MidiFilter.c **** #include "NoteMapper.h"
   9:..\common\vms/MidiFilter.c **** #include "MidiFilter.h"
  10:..\common\vms/MidiFilter.c **** #include "TTerm.h"
  11:..\common\vms/MidiFilter.c **** #include "tasks/tsk_cli.h"
  12:..\common\vms/MidiFilter.c **** 
  13:..\common\vms/MidiFilter.c **** /* 
  14:..\common\vms/MidiFilter.c ****  * filter options:
  15:..\common\vms/MidiFilter.c ****  * 
  16:..\common\vms/MidiFilter.c ****  * - per channel mute
  17:..\common\vms/MidiFilter.c ****  * - delay
  18:..\common\vms/MidiFilter.c ****  * 
  19:..\common\vms/MidiFilter.c ****  */
  20:..\common\vms/MidiFilter.c **** 
  21:..\common\vms/MidiFilter.c **** MidiFilterHandle_t * MidiFilter_create(uint32_t output) {
  28              		.loc 1 21 0
  29              		.cfi_startproc
  30              		@ args = 0, pretend = 0, frame = 0
  31              		@ frame_needed = 0, uses_anonymous_args = 0
  32              	.LVL0:
  33 0000 10B5     		push	{r4, lr}
  34              		.cfi_def_cfa_offset 8
  35              		.cfi_offset 4, -8
  36              		.cfi_offset 14, -4
ARM GAS  C:\Users\chemi\AppData\Local\Temp\cc4ivwWc.s 			page 2


  37              		.loc 1 21 0
  38 0002 0446     		mov	r4, r0
  22:..\common\vms/MidiFilter.c ****     MidiFilterHandle_t * ret = pvPortMalloc(sizeof(MidiFilterHandle_t));
  39              		.loc 1 22 0
  40 0004 0420     		movs	r0, #4
  41              	.LVL1:
  42 0006 FFF7FEFF 		bl	pvPortMalloc
  43              	.LVL2:
  23:..\common\vms/MidiFilter.c ****     
  24:..\common\vms/MidiFilter.c ****     ret->targetOutput = output;
  44              		.loc 1 24 0
  45 000a 0460     		str	r4, [r0]
  25:..\common\vms/MidiFilter.c ****     
  26:..\common\vms/MidiFilter.c ****     return ret;
  27:..\common\vms/MidiFilter.c **** }
  46              		.loc 1 27 0
  47 000c 10BD     		pop	{r4, pc}
  48              		.cfi_endproc
  49              	.LFE68:
  50              		.size	MidiFilter_create, .-MidiFilter_create
  51              		.section	.text.MidiFilter_eventHandler,"ax",%progbits
  52              		.align	1
  53              		.global	MidiFilter_eventHandler
  54              		.thumb
  55              		.thumb_func
  56              		.type	MidiFilter_eventHandler, %function
  57              	MidiFilter_eventHandler:
  58              	.LFB69:
  28:..\common\vms/MidiFilter.c **** 
  29:..\common\vms/MidiFilter.c **** void MidiFilter_eventHandler(MidiFilterHandle_t * handle, MidiEventType_t evt, uint32_t channel, ui
  59              		.loc 1 29 0
  60              		.cfi_startproc
  61              		@ args = 8, pretend = 0, frame = 0
  62              		@ frame_needed = 0, uses_anonymous_args = 0
  63              		@ link register save eliminated.
  64              	.LVL3:
  65 0000 70B4     		push	{r4, r5, r6}
  66              		.cfi_def_cfa_offset 12
  67              		.cfi_offset 4, -12
  68              		.cfi_offset 5, -8
  69              		.cfi_offset 6, -4
  70              		.loc 1 29 0
  71 0002 0C46     		mov	r4, r1
  30:..\common\vms/MidiFilter.c ****     switch(evt) {
  72              		.loc 1 30 0
  73 0004 012C     		cmp	r4, #1
  29:..\common\vms/MidiFilter.c ****     switch(evt) {
  74              		.loc 1 29 0
  75 0006 1946     		mov	r1, r3
  76              	.LVL4:
  77 0008 039D     		ldr	r5, [sp, #12]
  78 000a 049B     		ldr	r3, [sp, #16]
  79              	.LVL5:
  80              		.loc 1 30 0
  81 000c 05D0     		beq	.L4
  82 000e 022C     		cmp	r4, #2
  83 0010 0AD1     		bne	.L8
ARM GAS  C:\Users\chemi\AppData\Local\Temp\cc4ivwWc.s 			page 3


  31:..\common\vms/MidiFilter.c ****         case MIDI_EVT_NOTEON:
  32:..\common\vms/MidiFilter.c ****             Mapper_noteOnEventHandler(handle->targetOutput, param1, param2, channel, auxParam);
  33:..\common\vms/MidiFilter.c ****             break;
  34:..\common\vms/MidiFilter.c ****             
  35:..\common\vms/MidiFilter.c ****         case MIDI_EVT_NOTEOFF:
  36:..\common\vms/MidiFilter.c ****             Mapper_noteOffEventHandler(handle->targetOutput, param1, channel);
  37:..\common\vms/MidiFilter.c ****             break;
  38:..\common\vms/MidiFilter.c ****         case MIDI_EVT_NULL:
  39:..\common\vms/MidiFilter.c ****             break;
  40:..\common\vms/MidiFilter.c ****     }
  41:..\common\vms/MidiFilter.c **** 
  42:..\common\vms/MidiFilter.c **** }
  84              		.loc 1 42 0
  85 0012 70BC     		pop	{r4, r5, r6}
  86              		.cfi_remember_state
  87              		.cfi_restore 6
  88              		.cfi_restore 5
  89              		.cfi_restore 4
  90              		.cfi_def_cfa_offset 0
  91              	.LVL6:
  36:..\common\vms/MidiFilter.c ****             break;
  92              		.loc 1 36 0
  93 0014 0068     		ldr	r0, [r0]
  94              	.LVL7:
  95 0016 FFF7FEBF 		b	Mapper_noteOffEventHandler
  96              	.LVL8:
  97              	.L4:
  98              		.cfi_restore_state
  32:..\common\vms/MidiFilter.c ****             break;
  99              		.loc 1 32 0
 100 001a 0393     		str	r3, [sp, #12]
 101              	.LVL9:
 102 001c 0068     		ldr	r0, [r0]
 103              	.LVL10:
 104 001e 1346     		mov	r3, r2
 105 0020 2A46     		mov	r2, r5
 106              	.LVL11:
 107              		.loc 1 42 0
 108 0022 70BC     		pop	{r4, r5, r6}
 109              		.cfi_remember_state
 110              		.cfi_restore 6
 111              		.cfi_restore 5
 112              		.cfi_restore 4
 113              		.cfi_def_cfa_offset 0
 114              	.LVL12:
  32:..\common\vms/MidiFilter.c ****             break;
 115              		.loc 1 32 0
 116 0024 FFF7FEBF 		b	Mapper_noteOnEventHandler
 117              	.LVL13:
 118              	.L8:
 119              		.cfi_restore_state
 120              		.loc 1 42 0
 121 0028 70BC     		pop	{r4, r5, r6}
 122              		.cfi_restore 6
 123              		.cfi_restore 5
 124              		.cfi_restore 4
 125              		.cfi_def_cfa_offset 0
ARM GAS  C:\Users\chemi\AppData\Local\Temp\cc4ivwWc.s 			page 4


 126              	.LVL14:
 127 002a 7047     		bx	lr
 128              		.cfi_endproc
 129              	.LFE69:
 130              		.size	MidiFilter_eventHandler, .-MidiFilter_eventHandler
 131              		.text
 132              	.Letext0:
 133              		.file 2 "c:\\program files (x86)\\cypress\\psoc creator\\4.4\\psoc creator\\import\\gnu\\arm\\5.4.
 134              		.file 3 "c:\\program files (x86)\\cypress\\psoc creator\\4.4\\psoc creator\\import\\gnu\\arm\\5.4.
 135              		.file 4 "..\\common\\vms\\MidiFilter.h"
 136              		.file 5 "..\\common\\rtos\\include/portable.h"
 137              		.file 6 "..\\common\\vms\\NoteMapper.h"
 138              		.file 7 "Generated_Source\\PSoC5/core_cm3.h"
 139              		.section	.debug_info,"",%progbits
 140              	.Ldebug_info0:
 141 0000 1C020000 		.4byte	0x21c
 142 0004 0400     		.2byte	0x4
 143 0006 00000000 		.4byte	.Ldebug_abbrev0
 144 000a 04       		.byte	0x4
 145 000b 01       		.uleb128 0x1
 146 000c B9000000 		.4byte	.LASF31
 147 0010 0C       		.byte	0xc
 148 0011 54000000 		.4byte	.LASF32
 149 0015 52020000 		.4byte	.LASF33
 150 0019 00000000 		.4byte	.Ldebug_ranges0+0
 151 001d 00000000 		.4byte	0
 152 0021 00000000 		.4byte	.Ldebug_line0
 153 0025 02       		.uleb128 0x2
 154 0026 01       		.byte	0x1
 155 0027 06       		.byte	0x6
 156 0028 89020000 		.4byte	.LASF0
 157 002c 02       		.uleb128 0x2
 158 002d 01       		.byte	0x1
 159 002e 08       		.byte	0x8
 160 002f 86000000 		.4byte	.LASF1
 161 0033 02       		.uleb128 0x2
 162 0034 02       		.byte	0x2
 163 0035 05       		.byte	0x5
 164 0036 41020000 		.4byte	.LASF2
 165 003a 02       		.uleb128 0x2
 166 003b 02       		.byte	0x2
 167 003c 07       		.byte	0x7
 168 003d 05020000 		.4byte	.LASF3
 169 0041 03       		.uleb128 0x3
 170 0042 17000000 		.4byte	.LASF5
 171 0046 02       		.byte	0x2
 172 0047 3F       		.byte	0x3f
 173 0048 4C000000 		.4byte	0x4c
 174 004c 02       		.uleb128 0x2
 175 004d 04       		.byte	0x4
 176 004e 05       		.byte	0x5
 177 004f 80020000 		.4byte	.LASF4
 178 0053 03       		.uleb128 0x3
 179 0054 7D010000 		.4byte	.LASF6
 180 0058 02       		.byte	0x2
 181 0059 41       		.byte	0x41
 182 005a 5E000000 		.4byte	0x5e
ARM GAS  C:\Users\chemi\AppData\Local\Temp\cc4ivwWc.s 			page 5


 183 005e 02       		.uleb128 0x2
 184 005f 04       		.byte	0x4
 185 0060 07       		.byte	0x7
 186 0061 A7000000 		.4byte	.LASF7
 187 0065 02       		.uleb128 0x2
 188 0066 08       		.byte	0x8
 189 0067 05       		.byte	0x5
 190 0068 18020000 		.4byte	.LASF8
 191 006c 02       		.uleb128 0x2
 192 006d 08       		.byte	0x8
 193 006e 07       		.byte	0x7
 194 006f 6F000000 		.4byte	.LASF9
 195 0073 04       		.uleb128 0x4
 196 0074 04       		.byte	0x4
 197 0075 05       		.byte	0x5
 198 0076 696E7400 		.ascii	"int\000"
 199 007a 02       		.uleb128 0x2
 200 007b 04       		.byte	0x4
 201 007c 07       		.byte	0x7
 202 007d AD010000 		.4byte	.LASF10
 203 0081 03       		.uleb128 0x3
 204 0082 DA010000 		.4byte	.LASF11
 205 0086 03       		.byte	0x3
 206 0087 2C       		.byte	0x2c
 207 0088 41000000 		.4byte	0x41
 208 008c 03       		.uleb128 0x3
 209 008d 77020000 		.4byte	.LASF12
 210 0091 03       		.byte	0x3
 211 0092 30       		.byte	0x30
 212 0093 53000000 		.4byte	0x53
 213 0097 02       		.uleb128 0x2
 214 0098 04       		.byte	0x4
 215 0099 07       		.byte	0x7
 216 009a E2010000 		.4byte	.LASF13
 217 009e 02       		.uleb128 0x2
 218 009f 01       		.byte	0x1
 219 00a0 08       		.byte	0x8
 220 00a1 D5010000 		.4byte	.LASF14
 221 00a5 05       		.uleb128 0x5
 222 00a6 01       		.byte	0x1
 223 00a7 2C000000 		.4byte	0x2c
 224 00ab 04       		.byte	0x4
 225 00ac 06       		.byte	0x6
 226 00ad C4000000 		.4byte	0xc4
 227 00b1 06       		.uleb128 0x6
 228 00b2 33020000 		.4byte	.LASF15
 229 00b6 00       		.byte	0
 230 00b7 06       		.uleb128 0x6
 231 00b8 59010000 		.4byte	.LASF16
 232 00bc 01       		.byte	0x1
 233 00bd 06       		.uleb128 0x6
 234 00be 21000000 		.4byte	.LASF17
 235 00c2 02       		.byte	0x2
 236 00c3 00       		.byte	0
 237 00c4 03       		.uleb128 0x3
 238 00c5 44000000 		.4byte	.LASF18
 239 00c9 04       		.byte	0x4
ARM GAS  C:\Users\chemi\AppData\Local\Temp\cc4ivwWc.s 			page 6


 240 00ca 06       		.byte	0x6
 241 00cb A5000000 		.4byte	0xa5
 242 00cf 07       		.uleb128 0x7
 243 00d0 04       		.byte	0x4
 244 00d1 04       		.byte	0x4
 245 00d2 08       		.byte	0x8
 246 00d3 E4000000 		.4byte	0xe4
 247 00d7 08       		.uleb128 0x8
 248 00d8 88010000 		.4byte	.LASF34
 249 00dc 04       		.byte	0x4
 250 00dd 09       		.byte	0x9
 251 00de 8C000000 		.4byte	0x8c
 252 00e2 00       		.byte	0
 253 00e3 00       		.byte	0
 254 00e4 03       		.uleb128 0x3
 255 00e5 94000000 		.4byte	.LASF19
 256 00e9 04       		.byte	0x4
 257 00ea 0B       		.byte	0xb
 258 00eb CF000000 		.4byte	0xcf
 259 00ef 02       		.uleb128 0x2
 260 00f0 04       		.byte	0x4
 261 00f1 04       		.byte	0x4
 262 00f2 11000000 		.4byte	.LASF20
 263 00f6 02       		.uleb128 0x2
 264 00f7 08       		.byte	0x8
 265 00f8 04       		.byte	0x4
 266 00f9 76010000 		.4byte	.LASF21
 267 00fd 09       		.uleb128 0x9
 268 00fe 32000000 		.4byte	.LASF35
 269 0102 01       		.byte	0x1
 270 0103 15       		.byte	0x15
 271 0104 42010000 		.4byte	0x142
 272 0108 00000000 		.4byte	.LFB68
 273 010c 0E000000 		.4byte	.LFE68-.LFB68
 274 0110 01       		.uleb128 0x1
 275 0111 9C       		.byte	0x9c
 276 0112 42010000 		.4byte	0x142
 277 0116 0A       		.uleb128 0xa
 278 0117 4B020000 		.4byte	.LASF22
 279 011b 01       		.byte	0x1
 280 011c 15       		.byte	0x15
 281 011d 8C000000 		.4byte	0x8c
 282 0121 00000000 		.4byte	.LLST0
 283 0125 0B       		.uleb128 0xb
 284 0126 72657400 		.ascii	"ret\000"
 285 012a 01       		.byte	0x1
 286 012b 16       		.byte	0x16
 287 012c 42010000 		.4byte	0x142
 288 0130 01       		.uleb128 0x1
 289 0131 50       		.byte	0x50
 290 0132 0C       		.uleb128 0xc
 291 0133 0A000000 		.4byte	.LVL2
 292 0137 FE010000 		.4byte	0x1fe
 293 013b 0D       		.uleb128 0xd
 294 013c 01       		.uleb128 0x1
 295 013d 50       		.byte	0x50
 296 013e 01       		.uleb128 0x1
ARM GAS  C:\Users\chemi\AppData\Local\Temp\cc4ivwWc.s 			page 7


 297 013f 34       		.byte	0x34
 298 0140 00       		.byte	0
 299 0141 00       		.byte	0
 300 0142 0E       		.uleb128 0xe
 301 0143 04       		.byte	0x4
 302 0144 E4000000 		.4byte	0xe4
 303 0148 0F       		.uleb128 0xf
 304 0149 95010000 		.4byte	.LASF36
 305 014d 01       		.byte	0x1
 306 014e 1D       		.byte	0x1d
 307 014f 00000000 		.4byte	.LFB69
 308 0153 2C000000 		.4byte	.LFE69-.LFB69
 309 0157 01       		.uleb128 0x1
 310 0158 9C       		.byte	0x9c
 311 0159 ED010000 		.4byte	0x1ed
 312 015d 0A       		.uleb128 0xa
 313 015e 52010000 		.4byte	.LASF23
 314 0162 01       		.byte	0x1
 315 0163 1D       		.byte	0x1d
 316 0164 42010000 		.4byte	0x142
 317 0168 1E000000 		.4byte	.LLST1
 318 016c 10       		.uleb128 0x10
 319 016d 65767400 		.ascii	"evt\000"
 320 0171 01       		.byte	0x1
 321 0172 1D       		.byte	0x1d
 322 0173 C4000000 		.4byte	0xc4
 323 0177 63000000 		.4byte	.LLST2
 324 017b 0A       		.uleb128 0xa
 325 017c 00000000 		.4byte	.LASF24
 326 0180 01       		.byte	0x1
 327 0181 1D       		.byte	0x1d
 328 0182 8C000000 		.4byte	0x8c
 329 0186 84000000 		.4byte	.LLST3
 330 018a 0A       		.uleb128 0xa
 331 018b 95020000 		.4byte	.LASF25
 332 018f 01       		.byte	0x1
 333 0190 1D       		.byte	0x1d
 334 0191 8C000000 		.4byte	0x8c
 335 0195 D4000000 		.4byte	.LLST4
 336 0199 0A       		.uleb128 0xa
 337 019a 9C020000 		.4byte	.LASF26
 338 019e 01       		.byte	0x1
 339 019f 1D       		.byte	0x1d
 340 01a0 8C000000 		.4byte	0x8c
 341 01a4 24010000 		.4byte	.LLST5
 342 01a8 0A       		.uleb128 0xa
 343 01a9 08000000 		.4byte	.LASF27
 344 01ad 01       		.byte	0x1
 345 01ae 1D       		.byte	0x1d
 346 01af 8C000000 		.4byte	0x8c
 347 01b3 68010000 		.4byte	.LLST6
 348 01b7 11       		.uleb128 0x11
 349 01b8 1A000000 		.4byte	.LVL8
 350 01bc 09020000 		.4byte	0x209
 351 01c0 D3010000 		.4byte	0x1d3
 352 01c4 0D       		.uleb128 0xd
 353 01c5 01       		.uleb128 0x1
ARM GAS  C:\Users\chemi\AppData\Local\Temp\cc4ivwWc.s 			page 8


 354 01c6 51       		.byte	0x51
 355 01c7 03       		.uleb128 0x3
 356 01c8 F3       		.byte	0xf3
 357 01c9 01       		.uleb128 0x1
 358 01ca 53       		.byte	0x53
 359 01cb 0D       		.uleb128 0xd
 360 01cc 01       		.uleb128 0x1
 361 01cd 52       		.byte	0x52
 362 01ce 03       		.uleb128 0x3
 363 01cf F3       		.byte	0xf3
 364 01d0 01       		.uleb128 0x1
 365 01d1 52       		.byte	0x52
 366 01d2 00       		.byte	0
 367 01d3 12       		.uleb128 0x12
 368 01d4 28000000 		.4byte	.LVL13
 369 01d8 14020000 		.4byte	0x214
 370 01dc 0D       		.uleb128 0xd
 371 01dd 01       		.uleb128 0x1
 372 01de 53       		.byte	0x53
 373 01df 03       		.uleb128 0x3
 374 01e0 F3       		.byte	0xf3
 375 01e1 01       		.uleb128 0x1
 376 01e2 52       		.byte	0x52
 377 01e3 0D       		.uleb128 0xd
 378 01e4 02       		.uleb128 0x2
 379 01e5 91       		.byte	0x91
 380 01e6 00       		.sleb128 0
 381 01e7 03       		.uleb128 0x3
 382 01e8 7D       		.byte	0x7d
 383 01e9 04       		.sleb128 4
 384 01ea 06       		.byte	0x6
 385 01eb 00       		.byte	0
 386 01ec 00       		.byte	0
 387 01ed 13       		.uleb128 0x13
 388 01ee 69010000 		.4byte	.LASF37
 389 01f2 07       		.byte	0x7
 390 01f3 1207     		.2byte	0x712
 391 01f5 F9010000 		.4byte	0x1f9
 392 01f9 14       		.uleb128 0x14
 393 01fa 81000000 		.4byte	0x81
 394 01fe 15       		.uleb128 0x15
 395 01ff 26020000 		.4byte	.LASF28
 396 0203 26020000 		.4byte	.LASF28
 397 0207 05       		.byte	0x5
 398 0208 B0       		.byte	0xb0
 399 0209 15       		.uleb128 0x15
 400 020a BA010000 		.4byte	.LASF29
 401 020e BA010000 		.4byte	.LASF29
 402 0212 06       		.byte	0x6
 403 0213 4A       		.byte	0x4a
 404 0214 15       		.uleb128 0x15
 405 0215 EB010000 		.4byte	.LASF30
 406 0219 EB010000 		.4byte	.LASF30
 407 021d 06       		.byte	0x6
 408 021e 50       		.byte	0x50
 409 021f 00       		.byte	0
 410              		.section	.debug_abbrev,"",%progbits
ARM GAS  C:\Users\chemi\AppData\Local\Temp\cc4ivwWc.s 			page 9


 411              	.Ldebug_abbrev0:
 412 0000 01       		.uleb128 0x1
 413 0001 11       		.uleb128 0x11
 414 0002 01       		.byte	0x1
 415 0003 25       		.uleb128 0x25
 416 0004 0E       		.uleb128 0xe
 417 0005 13       		.uleb128 0x13
 418 0006 0B       		.uleb128 0xb
 419 0007 03       		.uleb128 0x3
 420 0008 0E       		.uleb128 0xe
 421 0009 1B       		.uleb128 0x1b
 422 000a 0E       		.uleb128 0xe
 423 000b 55       		.uleb128 0x55
 424 000c 17       		.uleb128 0x17
 425 000d 11       		.uleb128 0x11
 426 000e 01       		.uleb128 0x1
 427 000f 10       		.uleb128 0x10
 428 0010 17       		.uleb128 0x17
 429 0011 00       		.byte	0
 430 0012 00       		.byte	0
 431 0013 02       		.uleb128 0x2
 432 0014 24       		.uleb128 0x24
 433 0015 00       		.byte	0
 434 0016 0B       		.uleb128 0xb
 435 0017 0B       		.uleb128 0xb
 436 0018 3E       		.uleb128 0x3e
 437 0019 0B       		.uleb128 0xb
 438 001a 03       		.uleb128 0x3
 439 001b 0E       		.uleb128 0xe
 440 001c 00       		.byte	0
 441 001d 00       		.byte	0
 442 001e 03       		.uleb128 0x3
 443 001f 16       		.uleb128 0x16
 444 0020 00       		.byte	0
 445 0021 03       		.uleb128 0x3
 446 0022 0E       		.uleb128 0xe
 447 0023 3A       		.uleb128 0x3a
 448 0024 0B       		.uleb128 0xb
 449 0025 3B       		.uleb128 0x3b
 450 0026 0B       		.uleb128 0xb
 451 0027 49       		.uleb128 0x49
 452 0028 13       		.uleb128 0x13
 453 0029 00       		.byte	0
 454 002a 00       		.byte	0
 455 002b 04       		.uleb128 0x4
 456 002c 24       		.uleb128 0x24
 457 002d 00       		.byte	0
 458 002e 0B       		.uleb128 0xb
 459 002f 0B       		.uleb128 0xb
 460 0030 3E       		.uleb128 0x3e
 461 0031 0B       		.uleb128 0xb
 462 0032 03       		.uleb128 0x3
 463 0033 08       		.uleb128 0x8
 464 0034 00       		.byte	0
 465 0035 00       		.byte	0
 466 0036 05       		.uleb128 0x5
 467 0037 04       		.uleb128 0x4
ARM GAS  C:\Users\chemi\AppData\Local\Temp\cc4ivwWc.s 			page 10


 468 0038 01       		.byte	0x1
 469 0039 0B       		.uleb128 0xb
 470 003a 0B       		.uleb128 0xb
 471 003b 49       		.uleb128 0x49
 472 003c 13       		.uleb128 0x13
 473 003d 3A       		.uleb128 0x3a
 474 003e 0B       		.uleb128 0xb
 475 003f 3B       		.uleb128 0x3b
 476 0040 0B       		.uleb128 0xb
 477 0041 01       		.uleb128 0x1
 478 0042 13       		.uleb128 0x13
 479 0043 00       		.byte	0
 480 0044 00       		.byte	0
 481 0045 06       		.uleb128 0x6
 482 0046 28       		.uleb128 0x28
 483 0047 00       		.byte	0
 484 0048 03       		.uleb128 0x3
 485 0049 0E       		.uleb128 0xe
 486 004a 1C       		.uleb128 0x1c
 487 004b 0B       		.uleb128 0xb
 488 004c 00       		.byte	0
 489 004d 00       		.byte	0
 490 004e 07       		.uleb128 0x7
 491 004f 13       		.uleb128 0x13
 492 0050 01       		.byte	0x1
 493 0051 0B       		.uleb128 0xb
 494 0052 0B       		.uleb128 0xb
 495 0053 3A       		.uleb128 0x3a
 496 0054 0B       		.uleb128 0xb
 497 0055 3B       		.uleb128 0x3b
 498 0056 0B       		.uleb128 0xb
 499 0057 01       		.uleb128 0x1
 500 0058 13       		.uleb128 0x13
 501 0059 00       		.byte	0
 502 005a 00       		.byte	0
 503 005b 08       		.uleb128 0x8
 504 005c 0D       		.uleb128 0xd
 505 005d 00       		.byte	0
 506 005e 03       		.uleb128 0x3
 507 005f 0E       		.uleb128 0xe
 508 0060 3A       		.uleb128 0x3a
 509 0061 0B       		.uleb128 0xb
 510 0062 3B       		.uleb128 0x3b
 511 0063 0B       		.uleb128 0xb
 512 0064 49       		.uleb128 0x49
 513 0065 13       		.uleb128 0x13
 514 0066 38       		.uleb128 0x38
 515 0067 0B       		.uleb128 0xb
 516 0068 00       		.byte	0
 517 0069 00       		.byte	0
 518 006a 09       		.uleb128 0x9
 519 006b 2E       		.uleb128 0x2e
 520 006c 01       		.byte	0x1
 521 006d 3F       		.uleb128 0x3f
 522 006e 19       		.uleb128 0x19
 523 006f 03       		.uleb128 0x3
 524 0070 0E       		.uleb128 0xe
ARM GAS  C:\Users\chemi\AppData\Local\Temp\cc4ivwWc.s 			page 11


 525 0071 3A       		.uleb128 0x3a
 526 0072 0B       		.uleb128 0xb
 527 0073 3B       		.uleb128 0x3b
 528 0074 0B       		.uleb128 0xb
 529 0075 27       		.uleb128 0x27
 530 0076 19       		.uleb128 0x19
 531 0077 49       		.uleb128 0x49
 532 0078 13       		.uleb128 0x13
 533 0079 11       		.uleb128 0x11
 534 007a 01       		.uleb128 0x1
 535 007b 12       		.uleb128 0x12
 536 007c 06       		.uleb128 0x6
 537 007d 40       		.uleb128 0x40
 538 007e 18       		.uleb128 0x18
 539 007f 9742     		.uleb128 0x2117
 540 0081 19       		.uleb128 0x19
 541 0082 01       		.uleb128 0x1
 542 0083 13       		.uleb128 0x13
 543 0084 00       		.byte	0
 544 0085 00       		.byte	0
 545 0086 0A       		.uleb128 0xa
 546 0087 05       		.uleb128 0x5
 547 0088 00       		.byte	0
 548 0089 03       		.uleb128 0x3
 549 008a 0E       		.uleb128 0xe
 550 008b 3A       		.uleb128 0x3a
 551 008c 0B       		.uleb128 0xb
 552 008d 3B       		.uleb128 0x3b
 553 008e 0B       		.uleb128 0xb
 554 008f 49       		.uleb128 0x49
 555 0090 13       		.uleb128 0x13
 556 0091 02       		.uleb128 0x2
 557 0092 17       		.uleb128 0x17
 558 0093 00       		.byte	0
 559 0094 00       		.byte	0
 560 0095 0B       		.uleb128 0xb
 561 0096 34       		.uleb128 0x34
 562 0097 00       		.byte	0
 563 0098 03       		.uleb128 0x3
 564 0099 08       		.uleb128 0x8
 565 009a 3A       		.uleb128 0x3a
 566 009b 0B       		.uleb128 0xb
 567 009c 3B       		.uleb128 0x3b
 568 009d 0B       		.uleb128 0xb
 569 009e 49       		.uleb128 0x49
 570 009f 13       		.uleb128 0x13
 571 00a0 02       		.uleb128 0x2
 572 00a1 18       		.uleb128 0x18
 573 00a2 00       		.byte	0
 574 00a3 00       		.byte	0
 575 00a4 0C       		.uleb128 0xc
 576 00a5 898201   		.uleb128 0x4109
 577 00a8 01       		.byte	0x1
 578 00a9 11       		.uleb128 0x11
 579 00aa 01       		.uleb128 0x1
 580 00ab 31       		.uleb128 0x31
 581 00ac 13       		.uleb128 0x13
ARM GAS  C:\Users\chemi\AppData\Local\Temp\cc4ivwWc.s 			page 12


 582 00ad 00       		.byte	0
 583 00ae 00       		.byte	0
 584 00af 0D       		.uleb128 0xd
 585 00b0 8A8201   		.uleb128 0x410a
 586 00b3 00       		.byte	0
 587 00b4 02       		.uleb128 0x2
 588 00b5 18       		.uleb128 0x18
 589 00b6 9142     		.uleb128 0x2111
 590 00b8 18       		.uleb128 0x18
 591 00b9 00       		.byte	0
 592 00ba 00       		.byte	0
 593 00bb 0E       		.uleb128 0xe
 594 00bc 0F       		.uleb128 0xf
 595 00bd 00       		.byte	0
 596 00be 0B       		.uleb128 0xb
 597 00bf 0B       		.uleb128 0xb
 598 00c0 49       		.uleb128 0x49
 599 00c1 13       		.uleb128 0x13
 600 00c2 00       		.byte	0
 601 00c3 00       		.byte	0
 602 00c4 0F       		.uleb128 0xf
 603 00c5 2E       		.uleb128 0x2e
 604 00c6 01       		.byte	0x1
 605 00c7 3F       		.uleb128 0x3f
 606 00c8 19       		.uleb128 0x19
 607 00c9 03       		.uleb128 0x3
 608 00ca 0E       		.uleb128 0xe
 609 00cb 3A       		.uleb128 0x3a
 610 00cc 0B       		.uleb128 0xb
 611 00cd 3B       		.uleb128 0x3b
 612 00ce 0B       		.uleb128 0xb
 613 00cf 27       		.uleb128 0x27
 614 00d0 19       		.uleb128 0x19
 615 00d1 11       		.uleb128 0x11
 616 00d2 01       		.uleb128 0x1
 617 00d3 12       		.uleb128 0x12
 618 00d4 06       		.uleb128 0x6
 619 00d5 40       		.uleb128 0x40
 620 00d6 18       		.uleb128 0x18
 621 00d7 9742     		.uleb128 0x2117
 622 00d9 19       		.uleb128 0x19
 623 00da 01       		.uleb128 0x1
 624 00db 13       		.uleb128 0x13
 625 00dc 00       		.byte	0
 626 00dd 00       		.byte	0
 627 00de 10       		.uleb128 0x10
 628 00df 05       		.uleb128 0x5
 629 00e0 00       		.byte	0
 630 00e1 03       		.uleb128 0x3
 631 00e2 08       		.uleb128 0x8
 632 00e3 3A       		.uleb128 0x3a
 633 00e4 0B       		.uleb128 0xb
 634 00e5 3B       		.uleb128 0x3b
 635 00e6 0B       		.uleb128 0xb
 636 00e7 49       		.uleb128 0x49
 637 00e8 13       		.uleb128 0x13
 638 00e9 02       		.uleb128 0x2
ARM GAS  C:\Users\chemi\AppData\Local\Temp\cc4ivwWc.s 			page 13


 639 00ea 17       		.uleb128 0x17
 640 00eb 00       		.byte	0
 641 00ec 00       		.byte	0
 642 00ed 11       		.uleb128 0x11
 643 00ee 898201   		.uleb128 0x4109
 644 00f1 01       		.byte	0x1
 645 00f2 11       		.uleb128 0x11
 646 00f3 01       		.uleb128 0x1
 647 00f4 9542     		.uleb128 0x2115
 648 00f6 19       		.uleb128 0x19
 649 00f7 31       		.uleb128 0x31
 650 00f8 13       		.uleb128 0x13
 651 00f9 01       		.uleb128 0x1
 652 00fa 13       		.uleb128 0x13
 653 00fb 00       		.byte	0
 654 00fc 00       		.byte	0
 655 00fd 12       		.uleb128 0x12
 656 00fe 898201   		.uleb128 0x4109
 657 0101 01       		.byte	0x1
 658 0102 11       		.uleb128 0x11
 659 0103 01       		.uleb128 0x1
 660 0104 9542     		.uleb128 0x2115
 661 0106 19       		.uleb128 0x19
 662 0107 31       		.uleb128 0x31
 663 0108 13       		.uleb128 0x13
 664 0109 00       		.byte	0
 665 010a 00       		.byte	0
 666 010b 13       		.uleb128 0x13
 667 010c 34       		.uleb128 0x34
 668 010d 00       		.byte	0
 669 010e 03       		.uleb128 0x3
 670 010f 0E       		.uleb128 0xe
 671 0110 3A       		.uleb128 0x3a
 672 0111 0B       		.uleb128 0xb
 673 0112 3B       		.uleb128 0x3b
 674 0113 05       		.uleb128 0x5
 675 0114 49       		.uleb128 0x49
 676 0115 13       		.uleb128 0x13
 677 0116 3F       		.uleb128 0x3f
 678 0117 19       		.uleb128 0x19
 679 0118 3C       		.uleb128 0x3c
 680 0119 19       		.uleb128 0x19
 681 011a 00       		.byte	0
 682 011b 00       		.byte	0
 683 011c 14       		.uleb128 0x14
 684 011d 35       		.uleb128 0x35
 685 011e 00       		.byte	0
 686 011f 49       		.uleb128 0x49
 687 0120 13       		.uleb128 0x13
 688 0121 00       		.byte	0
 689 0122 00       		.byte	0
 690 0123 15       		.uleb128 0x15
 691 0124 2E       		.uleb128 0x2e
 692 0125 00       		.byte	0
 693 0126 3F       		.uleb128 0x3f
 694 0127 19       		.uleb128 0x19
 695 0128 3C       		.uleb128 0x3c
ARM GAS  C:\Users\chemi\AppData\Local\Temp\cc4ivwWc.s 			page 14


 696 0129 19       		.uleb128 0x19
 697 012a 6E       		.uleb128 0x6e
 698 012b 0E       		.uleb128 0xe
 699 012c 03       		.uleb128 0x3
 700 012d 0E       		.uleb128 0xe
 701 012e 3A       		.uleb128 0x3a
 702 012f 0B       		.uleb128 0xb
 703 0130 3B       		.uleb128 0x3b
 704 0131 0B       		.uleb128 0xb
 705 0132 00       		.byte	0
 706 0133 00       		.byte	0
 707 0134 00       		.byte	0
 708              		.section	.debug_loc,"",%progbits
 709              	.Ldebug_loc0:
 710              	.LLST0:
 711 0000 00000000 		.4byte	.LVL0
 712 0004 06000000 		.4byte	.LVL1
 713 0008 0100     		.2byte	0x1
 714 000a 50       		.byte	0x50
 715 000b 06000000 		.4byte	.LVL1
 716 000f 0E000000 		.4byte	.LFE68
 717 0013 0100     		.2byte	0x1
 718 0015 54       		.byte	0x54
 719 0016 00000000 		.4byte	0
 720 001a 00000000 		.4byte	0
 721              	.LLST1:
 722 001e 00000000 		.4byte	.LVL3
 723 0022 16000000 		.4byte	.LVL7
 724 0026 0100     		.2byte	0x1
 725 0028 50       		.byte	0x50
 726 0029 16000000 		.4byte	.LVL7
 727 002d 1A000000 		.4byte	.LVL8
 728 0031 0400     		.2byte	0x4
 729 0033 F3       		.byte	0xf3
 730 0034 01       		.uleb128 0x1
 731 0035 50       		.byte	0x50
 732 0036 9F       		.byte	0x9f
 733 0037 1A000000 		.4byte	.LVL8
 734 003b 1E000000 		.4byte	.LVL10
 735 003f 0100     		.2byte	0x1
 736 0041 50       		.byte	0x50
 737 0042 1E000000 		.4byte	.LVL10
 738 0046 28000000 		.4byte	.LVL13
 739 004a 0400     		.2byte	0x4
 740 004c F3       		.byte	0xf3
 741 004d 01       		.uleb128 0x1
 742 004e 50       		.byte	0x50
 743 004f 9F       		.byte	0x9f
 744 0050 28000000 		.4byte	.LVL13
 745 0054 2C000000 		.4byte	.LFE69
 746 0058 0100     		.2byte	0x1
 747 005a 50       		.byte	0x50
 748 005b 00000000 		.4byte	0
 749 005f 00000000 		.4byte	0
 750              	.LLST2:
 751 0063 00000000 		.4byte	.LVL3
 752 0067 08000000 		.4byte	.LVL4
ARM GAS  C:\Users\chemi\AppData\Local\Temp\cc4ivwWc.s 			page 15


 753 006b 0100     		.2byte	0x1
 754 006d 51       		.byte	0x51
 755 006e 08000000 		.4byte	.LVL4
 756 0072 2C000000 		.4byte	.LFE69
 757 0076 0400     		.2byte	0x4
 758 0078 F3       		.byte	0xf3
 759 0079 01       		.uleb128 0x1
 760 007a 51       		.byte	0x51
 761 007b 9F       		.byte	0x9f
 762 007c 00000000 		.4byte	0
 763 0080 00000000 		.4byte	0
 764              	.LLST3:
 765 0084 00000000 		.4byte	.LVL3
 766 0088 19000000 		.4byte	.LVL8-1
 767 008c 0100     		.2byte	0x1
 768 008e 52       		.byte	0x52
 769 008f 19000000 		.4byte	.LVL8-1
 770 0093 1A000000 		.4byte	.LVL8
 771 0097 0400     		.2byte	0x4
 772 0099 F3       		.byte	0xf3
 773 009a 01       		.uleb128 0x1
 774 009b 52       		.byte	0x52
 775 009c 9F       		.byte	0x9f
 776 009d 1A000000 		.4byte	.LVL8
 777 00a1 22000000 		.4byte	.LVL11
 778 00a5 0100     		.2byte	0x1
 779 00a7 52       		.byte	0x52
 780 00a8 22000000 		.4byte	.LVL11
 781 00ac 27000000 		.4byte	.LVL13-1
 782 00b0 0100     		.2byte	0x1
 783 00b2 53       		.byte	0x53
 784 00b3 27000000 		.4byte	.LVL13-1
 785 00b7 28000000 		.4byte	.LVL13
 786 00bb 0400     		.2byte	0x4
 787 00bd F3       		.byte	0xf3
 788 00be 01       		.uleb128 0x1
 789 00bf 52       		.byte	0x52
 790 00c0 9F       		.byte	0x9f
 791 00c1 28000000 		.4byte	.LVL13
 792 00c5 2C000000 		.4byte	.LFE69
 793 00c9 0100     		.2byte	0x1
 794 00cb 52       		.byte	0x52
 795 00cc 00000000 		.4byte	0
 796 00d0 00000000 		.4byte	0
 797              	.LLST4:
 798 00d4 00000000 		.4byte	.LVL3
 799 00d8 0C000000 		.4byte	.LVL5
 800 00dc 0100     		.2byte	0x1
 801 00de 53       		.byte	0x53
 802 00df 0C000000 		.4byte	.LVL5
 803 00e3 19000000 		.4byte	.LVL8-1
 804 00e7 0100     		.2byte	0x1
 805 00e9 51       		.byte	0x51
 806 00ea 19000000 		.4byte	.LVL8-1
 807 00ee 1A000000 		.4byte	.LVL8
 808 00f2 0400     		.2byte	0x4
 809 00f4 F3       		.byte	0xf3
ARM GAS  C:\Users\chemi\AppData\Local\Temp\cc4ivwWc.s 			page 16


 810 00f5 01       		.uleb128 0x1
 811 00f6 53       		.byte	0x53
 812 00f7 9F       		.byte	0x9f
 813 00f8 1A000000 		.4byte	.LVL8
 814 00fc 27000000 		.4byte	.LVL13-1
 815 0100 0100     		.2byte	0x1
 816 0102 51       		.byte	0x51
 817 0103 27000000 		.4byte	.LVL13-1
 818 0107 28000000 		.4byte	.LVL13
 819 010b 0400     		.2byte	0x4
 820 010d F3       		.byte	0xf3
 821 010e 01       		.uleb128 0x1
 822 010f 53       		.byte	0x53
 823 0110 9F       		.byte	0x9f
 824 0111 28000000 		.4byte	.LVL13
 825 0115 2C000000 		.4byte	.LFE69
 826 0119 0100     		.2byte	0x1
 827 011b 51       		.byte	0x51
 828 011c 00000000 		.4byte	0
 829 0120 00000000 		.4byte	0
 830              	.LLST5:
 831 0124 00000000 		.4byte	.LVL3
 832 0128 14000000 		.4byte	.LVL6
 833 012c 0200     		.2byte	0x2
 834 012e 91       		.byte	0x91
 835 012f 00       		.sleb128 0
 836 0130 14000000 		.4byte	.LVL6
 837 0134 1A000000 		.4byte	.LVL8
 838 0138 0200     		.2byte	0x2
 839 013a 7D       		.byte	0x7d
 840 013b 00       		.sleb128 0
 841 013c 1A000000 		.4byte	.LVL8
 842 0140 1C000000 		.4byte	.LVL9
 843 0144 0200     		.2byte	0x2
 844 0146 91       		.byte	0x91
 845 0147 00       		.sleb128 0
 846 0148 28000000 		.4byte	.LVL13
 847 014c 2A000000 		.4byte	.LVL14
 848 0150 0200     		.2byte	0x2
 849 0152 91       		.byte	0x91
 850 0153 00       		.sleb128 0
 851 0154 2A000000 		.4byte	.LVL14
 852 0158 2C000000 		.4byte	.LFE69
 853 015c 0200     		.2byte	0x2
 854 015e 7D       		.byte	0x7d
 855 015f 00       		.sleb128 0
 856 0160 00000000 		.4byte	0
 857 0164 00000000 		.4byte	0
 858              	.LLST6:
 859 0168 00000000 		.4byte	.LVL3
 860 016c 14000000 		.4byte	.LVL6
 861 0170 0200     		.2byte	0x2
 862 0172 91       		.byte	0x91
 863 0173 04       		.sleb128 4
 864 0174 14000000 		.4byte	.LVL6
 865 0178 1A000000 		.4byte	.LVL8
 866 017c 0200     		.2byte	0x2
ARM GAS  C:\Users\chemi\AppData\Local\Temp\cc4ivwWc.s 			page 17


 867 017e 7D       		.byte	0x7d
 868 017f 04       		.sleb128 4
 869 0180 1A000000 		.4byte	.LVL8
 870 0184 24000000 		.4byte	.LVL12
 871 0188 0200     		.2byte	0x2
 872 018a 91       		.byte	0x91
 873 018b 04       		.sleb128 4
 874 018c 24000000 		.4byte	.LVL12
 875 0190 28000000 		.4byte	.LVL13
 876 0194 0200     		.2byte	0x2
 877 0196 7D       		.byte	0x7d
 878 0197 04       		.sleb128 4
 879 0198 28000000 		.4byte	.LVL13
 880 019c 2A000000 		.4byte	.LVL14
 881 01a0 0200     		.2byte	0x2
 882 01a2 91       		.byte	0x91
 883 01a3 04       		.sleb128 4
 884 01a4 2A000000 		.4byte	.LVL14
 885 01a8 2C000000 		.4byte	.LFE69
 886 01ac 0200     		.2byte	0x2
 887 01ae 7D       		.byte	0x7d
 888 01af 04       		.sleb128 4
 889 01b0 00000000 		.4byte	0
 890 01b4 00000000 		.4byte	0
 891              		.section	.debug_aranges,"",%progbits
 892 0000 24000000 		.4byte	0x24
 893 0004 0200     		.2byte	0x2
 894 0006 00000000 		.4byte	.Ldebug_info0
 895 000a 04       		.byte	0x4
 896 000b 00       		.byte	0
 897 000c 0000     		.2byte	0
 898 000e 0000     		.2byte	0
 899 0010 00000000 		.4byte	.LFB68
 900 0014 0E000000 		.4byte	.LFE68-.LFB68
 901 0018 00000000 		.4byte	.LFB69
 902 001c 2C000000 		.4byte	.LFE69-.LFB69
 903 0020 00000000 		.4byte	0
 904 0024 00000000 		.4byte	0
 905              		.section	.debug_ranges,"",%progbits
 906              	.Ldebug_ranges0:
 907 0000 00000000 		.4byte	.LFB68
 908 0004 0E000000 		.4byte	.LFE68
 909 0008 00000000 		.4byte	.LFB69
 910 000c 2C000000 		.4byte	.LFE69
 911 0010 00000000 		.4byte	0
 912 0014 00000000 		.4byte	0
 913              		.section	.debug_line,"",%progbits
 914              	.Ldebug_line0:
 915 0000 D4010000 		.section	.debug_str,"MS",%progbits,1
 915      02009801 
 915      00000201 
 915      FB0E0D00 
 915      01010101 
 916              	.LASF24:
 917 0000 6368616E 		.ascii	"channel\000"
 917      6E656C00 
 918              	.LASF27:
ARM GAS  C:\Users\chemi\AppData\Local\Temp\cc4ivwWc.s 			page 18


 919 0008 61757850 		.ascii	"auxParam\000"
 919      6172616D 
 919      00
 920              	.LASF20:
 921 0011 666C6F61 		.ascii	"float\000"
 921      7400
 922              	.LASF5:
 923 0017 5F5F696E 		.ascii	"__int32_t\000"
 923      7433325F 
 923      7400
 924              	.LASF17:
 925 0021 4D494449 		.ascii	"MIDI_EVT_NOTEOFF\000"
 925      5F455654 
 925      5F4E4F54 
 925      454F4646 
 925      00
 926              	.LASF35:
 927 0032 4D696469 		.ascii	"MidiFilter_create\000"
 927      46696C74 
 927      65725F63 
 927      72656174 
 927      6500
 928              	.LASF18:
 929 0044 4D696469 		.ascii	"MidiEventType_t\000"
 929      4576656E 
 929      74547970 
 929      655F7400 
 930              	.LASF32:
 931 0054 2E2E5C63 		.ascii	"..\\common\\vms\\MidiFilter.c\000"
 931      6F6D6D6F 
 931      6E5C766D 
 931      735C4D69 
 931      64694669 
 932              	.LASF9:
 933 006f 6C6F6E67 		.ascii	"long long unsigned int\000"
 933      206C6F6E 
 933      6720756E 
 933      7369676E 
 933      65642069 
 934              	.LASF1:
 935 0086 756E7369 		.ascii	"unsigned char\000"
 935      676E6564 
 935      20636861 
 935      7200
 936              	.LASF19:
 937 0094 4D696469 		.ascii	"MidiFilterHandle_t\000"
 937      46696C74 
 937      65724861 
 937      6E646C65 
 937      5F7400
 938              	.LASF7:
 939 00a7 6C6F6E67 		.ascii	"long unsigned int\000"
 939      20756E73 
 939      69676E65 
 939      6420696E 
 939      7400
 940              	.LASF31:
ARM GAS  C:\Users\chemi\AppData\Local\Temp\cc4ivwWc.s 			page 19


 941 00b9 474E5520 		.ascii	"GNU C99 5.4.1 20160609 (release) [ARM/embedded-5-br"
 941      43393920 
 941      352E342E 
 941      31203230 
 941      31363036 
 942 00ec 616E6368 		.ascii	"anch revision 237715] -mcpu=cortex-m3 -mthumb -g -O"
 942      20726576 
 942      6973696F 
 942      6E203233 
 942      37373135 
 943 011f 73202D73 		.ascii	"s -std=gnu99 -ffunction-sections -ffat-lto-objects\000"
 943      74643D67 
 943      6E753939 
 943      202D6666 
 943      756E6374 
 944              	.LASF23:
 945 0152 68616E64 		.ascii	"handle\000"
 945      6C6500
 946              	.LASF16:
 947 0159 4D494449 		.ascii	"MIDI_EVT_NOTEON\000"
 947      5F455654 
 947      5F4E4F54 
 947      454F4E00 
 948              	.LASF37:
 949 0169 49544D5F 		.ascii	"ITM_RxBuffer\000"
 949      52784275 
 949      66666572 
 949      00
 950              	.LASF21:
 951 0176 646F7562 		.ascii	"double\000"
 951      6C6500
 952              	.LASF6:
 953 017d 5F5F7569 		.ascii	"__uint32_t\000"
 953      6E743332 
 953      5F7400
 954              	.LASF34:
 955 0188 74617267 		.ascii	"targetOutput\000"
 955      65744F75 
 955      74707574 
 955      00
 956              	.LASF36:
 957 0195 4D696469 		.ascii	"MidiFilter_eventHandler\000"
 957      46696C74 
 957      65725F65 
 957      76656E74 
 957      48616E64 
 958              	.LASF10:
 959 01ad 756E7369 		.ascii	"unsigned int\000"
 959      676E6564 
 959      20696E74 
 959      00
 960              	.LASF29:
 961 01ba 4D617070 		.ascii	"Mapper_noteOffEventHandler\000"
 961      65725F6E 
 961      6F74654F 
 961      66664576 
 961      656E7448 
ARM GAS  C:\Users\chemi\AppData\Local\Temp\cc4ivwWc.s 			page 20


 962              	.LASF14:
 963 01d5 63686172 		.ascii	"char\000"
 963      00
 964              	.LASF11:
 965 01da 696E7433 		.ascii	"int32_t\000"
 965      325F7400 
 966              	.LASF13:
 967 01e2 73697A65 		.ascii	"sizetype\000"
 967      74797065 
 967      00
 968              	.LASF30:
 969 01eb 4D617070 		.ascii	"Mapper_noteOnEventHandler\000"
 969      65725F6E 
 969      6F74654F 
 969      6E457665 
 969      6E744861 
 970              	.LASF3:
 971 0205 73686F72 		.ascii	"short unsigned int\000"
 971      7420756E 
 971      7369676E 
 971      65642069 
 971      6E7400
 972              	.LASF8:
 973 0218 6C6F6E67 		.ascii	"long long int\000"
 973      206C6F6E 
 973      6720696E 
 973      7400
 974              	.LASF28:
 975 0226 7076506F 		.ascii	"pvPortMalloc\000"
 975      72744D61 
 975      6C6C6F63 
 975      00
 976              	.LASF15:
 977 0233 4D494449 		.ascii	"MIDI_EVT_NULL\000"
 977      5F455654 
 977      5F4E554C 
 977      4C00
 978              	.LASF2:
 979 0241 73686F72 		.ascii	"short int\000"
 979      7420696E 
 979      7400
 980              	.LASF22:
 981 024b 6F757470 		.ascii	"output\000"
 981      757400
 982              	.LASF33:
 983 0252 433A5C55 		.ascii	"C:\\Users\\chemi\\UD3_QCW\\UD3_QFN.cydsn\000"
 983      73657273 
 983      5C636865 
 983      6D695C55 
 983      44335F51 
 984              	.LASF12:
 985 0277 75696E74 		.ascii	"uint32_t\000"
 985      33325F74 
 985      00
 986              	.LASF4:
 987 0280 6C6F6E67 		.ascii	"long int\000"
 987      20696E74 
ARM GAS  C:\Users\chemi\AppData\Local\Temp\cc4ivwWc.s 			page 21


 987      00
 988              	.LASF0:
 989 0289 7369676E 		.ascii	"signed char\000"
 989      65642063 
 989      68617200 
 990              	.LASF25:
 991 0295 70617261 		.ascii	"param1\000"
 991      6D3100
 992              	.LASF26:
 993 029c 70617261 		.ascii	"param2\000"
 993      6D3200
 994              		.ident	"GCC: (GNU Tools for ARM Embedded Processors) 5.4.1 20160609 (release) [ARM/embedded-5-bran
