ARM GAS  C:\Users\chemi\AppData\Local\Temp\ccSp1XfY.s 			page 1


   1              		.syntax unified
   2              		.cpu cortex-m3
   3              		.fpu softvfp
   4              		.eabi_attribute 20, 1
   5              		.eabi_attribute 21, 1
   6              		.eabi_attribute 23, 3
   7              		.eabi_attribute 24, 1
   8              		.eabi_attribute 25, 1
   9              		.eabi_attribute 26, 1
  10              		.eabi_attribute 30, 4
  11              		.eabi_attribute 34, 1
  12              		.eabi_attribute 18, 4
  13              		.thumb
  14              		.syntax unified
  15              		.file	"no_fb_reg.c"
  16              		.text
  17              	.Ltext0:
  18              		.cfi_sections	.debug_frame
  19              		.section	.text.no_fb_reg_Read,"ax",%progbits
  20              		.align	1
  21              		.global	no_fb_reg_Read
  22              		.thumb
  23              		.thumb_func
  24              		.type	no_fb_reg_Read, %function
  25              	no_fb_reg_Read:
  26              	.LFB0:
  27              		.file 1 "Generated_Source\\PSoC5\\no_fb_reg.c"
   1:Generated_Source\PSoC5/no_fb_reg.c **** /*******************************************************************************
   2:Generated_Source\PSoC5/no_fb_reg.c **** * File Name: no_fb_reg.c  
   3:Generated_Source\PSoC5/no_fb_reg.c **** * Version 1.90
   4:Generated_Source\PSoC5/no_fb_reg.c **** *
   5:Generated_Source\PSoC5/no_fb_reg.c **** * Description:
   6:Generated_Source\PSoC5/no_fb_reg.c **** *  This file contains API to enable firmware to read the value of a Status 
   7:Generated_Source\PSoC5/no_fb_reg.c **** *  Register.
   8:Generated_Source\PSoC5/no_fb_reg.c **** *
   9:Generated_Source\PSoC5/no_fb_reg.c **** * Note:
  10:Generated_Source\PSoC5/no_fb_reg.c **** *
  11:Generated_Source\PSoC5/no_fb_reg.c **** ********************************************************************************
  12:Generated_Source\PSoC5/no_fb_reg.c **** * Copyright 2008-2015, Cypress Semiconductor Corporation.  All rights reserved.
  13:Generated_Source\PSoC5/no_fb_reg.c **** * You may use this file only in accordance with the license, terms, conditions, 
  14:Generated_Source\PSoC5/no_fb_reg.c **** * disclaimers, and limitations in the end user license agreement accompanying 
  15:Generated_Source\PSoC5/no_fb_reg.c **** * the software package with which this file was provided.
  16:Generated_Source\PSoC5/no_fb_reg.c **** *******************************************************************************/
  17:Generated_Source\PSoC5/no_fb_reg.c **** 
  18:Generated_Source\PSoC5/no_fb_reg.c **** #include "no_fb_reg.h"
  19:Generated_Source\PSoC5/no_fb_reg.c **** 
  20:Generated_Source\PSoC5/no_fb_reg.c **** #if !defined(no_fb_reg_sts_sts_reg__REMOVED) /* Check for removal by optimization */
  21:Generated_Source\PSoC5/no_fb_reg.c **** 
  22:Generated_Source\PSoC5/no_fb_reg.c **** 
  23:Generated_Source\PSoC5/no_fb_reg.c **** /*******************************************************************************
  24:Generated_Source\PSoC5/no_fb_reg.c **** * Function Name: no_fb_reg_Read
  25:Generated_Source\PSoC5/no_fb_reg.c **** ********************************************************************************
  26:Generated_Source\PSoC5/no_fb_reg.c **** *
  27:Generated_Source\PSoC5/no_fb_reg.c **** * Summary:
  28:Generated_Source\PSoC5/no_fb_reg.c **** *  Reads the current value assigned to the Status Register.
  29:Generated_Source\PSoC5/no_fb_reg.c **** *
  30:Generated_Source\PSoC5/no_fb_reg.c **** * Parameters:
ARM GAS  C:\Users\chemi\AppData\Local\Temp\ccSp1XfY.s 			page 2


  31:Generated_Source\PSoC5/no_fb_reg.c **** *  None.
  32:Generated_Source\PSoC5/no_fb_reg.c **** *
  33:Generated_Source\PSoC5/no_fb_reg.c **** * Return:
  34:Generated_Source\PSoC5/no_fb_reg.c **** *  The current value in the Status Register.
  35:Generated_Source\PSoC5/no_fb_reg.c **** *
  36:Generated_Source\PSoC5/no_fb_reg.c **** *******************************************************************************/
  37:Generated_Source\PSoC5/no_fb_reg.c **** uint8 no_fb_reg_Read(void) 
  38:Generated_Source\PSoC5/no_fb_reg.c **** { 
  28              		.loc 1 38 0
  29              		.cfi_startproc
  30              		@ args = 0, pretend = 0, frame = 0
  31              		@ frame_needed = 0, uses_anonymous_args = 0
  32              		@ link register save eliminated.
  39:Generated_Source\PSoC5/no_fb_reg.c ****     return no_fb_reg_Status;
  33              		.loc 1 39 0
  34 0000 014B     		ldr	r3, .L2
  35 0002 1878     		ldrb	r0, [r3]	@ zero_extendqisi2
  40:Generated_Source\PSoC5/no_fb_reg.c **** }
  36              		.loc 1 40 0
  37 0004 7047     		bx	lr
  38              	.L3:
  39 0006 00BF     		.align	2
  40              	.L2:
  41 0008 6E640040 		.word	1073767534
  42              		.cfi_endproc
  43              	.LFE0:
  44              		.size	no_fb_reg_Read, .-no_fb_reg_Read
  45              		.section	.text.no_fb_reg_InterruptEnable,"ax",%progbits
  46              		.align	1
  47              		.global	no_fb_reg_InterruptEnable
  48              		.thumb
  49              		.thumb_func
  50              		.type	no_fb_reg_InterruptEnable, %function
  51              	no_fb_reg_InterruptEnable:
  52              	.LFB1:
  41:Generated_Source\PSoC5/no_fb_reg.c **** 
  42:Generated_Source\PSoC5/no_fb_reg.c **** 
  43:Generated_Source\PSoC5/no_fb_reg.c **** /*******************************************************************************
  44:Generated_Source\PSoC5/no_fb_reg.c **** * Function Name: no_fb_reg_InterruptEnable
  45:Generated_Source\PSoC5/no_fb_reg.c **** ********************************************************************************
  46:Generated_Source\PSoC5/no_fb_reg.c **** *
  47:Generated_Source\PSoC5/no_fb_reg.c **** * Summary:
  48:Generated_Source\PSoC5/no_fb_reg.c **** *  Enables the Status Register interrupt.
  49:Generated_Source\PSoC5/no_fb_reg.c **** *
  50:Generated_Source\PSoC5/no_fb_reg.c **** * Parameters:
  51:Generated_Source\PSoC5/no_fb_reg.c **** *  None.
  52:Generated_Source\PSoC5/no_fb_reg.c **** *
  53:Generated_Source\PSoC5/no_fb_reg.c **** * Return:
  54:Generated_Source\PSoC5/no_fb_reg.c **** *  None.
  55:Generated_Source\PSoC5/no_fb_reg.c **** *
  56:Generated_Source\PSoC5/no_fb_reg.c **** *******************************************************************************/
  57:Generated_Source\PSoC5/no_fb_reg.c **** void no_fb_reg_InterruptEnable(void) 
  58:Generated_Source\PSoC5/no_fb_reg.c **** {
  53              		.loc 1 58 0
  54              		.cfi_startproc
  55              		@ args = 0, pretend = 0, frame = 0
  56              		@ frame_needed = 0, uses_anonymous_args = 0
ARM GAS  C:\Users\chemi\AppData\Local\Temp\ccSp1XfY.s 			page 3


  57 0000 08B5     		push	{r3, lr}
  58              		.cfi_def_cfa_offset 8
  59              		.cfi_offset 3, -8
  60              		.cfi_offset 14, -4
  59:Generated_Source\PSoC5/no_fb_reg.c ****     uint8 interruptState;
  60:Generated_Source\PSoC5/no_fb_reg.c ****     interruptState = CyEnterCriticalSection();
  61              		.loc 1 60 0
  62 0002 FFF7FEFF 		bl	CyEnterCriticalSection
  63              	.LVL0:
  61:Generated_Source\PSoC5/no_fb_reg.c ****     no_fb_reg_Status_Aux_Ctrl |= no_fb_reg_STATUS_INTR_ENBL;
  64              		.loc 1 61 0
  65 0006 044A     		ldr	r2, .L5
  66 0008 1378     		ldrb	r3, [r2]	@ zero_extendqisi2
  67 000a 43F01003 		orr	r3, r3, #16
  68 000e 1370     		strb	r3, [r2]
  62:Generated_Source\PSoC5/no_fb_reg.c ****     CyExitCriticalSection(interruptState);
  63:Generated_Source\PSoC5/no_fb_reg.c **** }
  69              		.loc 1 63 0
  70 0010 BDE80840 		pop	{r3, lr}
  71              		.cfi_restore 14
  72              		.cfi_restore 3
  73              		.cfi_def_cfa_offset 0
  62:Generated_Source\PSoC5/no_fb_reg.c ****     CyExitCriticalSection(interruptState);
  74              		.loc 1 62 0
  75 0014 FFF7FEBF 		b	CyExitCriticalSection
  76              	.LVL1:
  77              	.L6:
  78              		.align	2
  79              	.L5:
  80 0018 9E640040 		.word	1073767582
  81              		.cfi_endproc
  82              	.LFE1:
  83              		.size	no_fb_reg_InterruptEnable, .-no_fb_reg_InterruptEnable
  84              		.section	.text.no_fb_reg_InterruptDisable,"ax",%progbits
  85              		.align	1
  86              		.global	no_fb_reg_InterruptDisable
  87              		.thumb
  88              		.thumb_func
  89              		.type	no_fb_reg_InterruptDisable, %function
  90              	no_fb_reg_InterruptDisable:
  91              	.LFB2:
  64:Generated_Source\PSoC5/no_fb_reg.c **** 
  65:Generated_Source\PSoC5/no_fb_reg.c **** 
  66:Generated_Source\PSoC5/no_fb_reg.c **** /*******************************************************************************
  67:Generated_Source\PSoC5/no_fb_reg.c **** * Function Name: no_fb_reg_InterruptDisable
  68:Generated_Source\PSoC5/no_fb_reg.c **** ********************************************************************************
  69:Generated_Source\PSoC5/no_fb_reg.c **** *
  70:Generated_Source\PSoC5/no_fb_reg.c **** * Summary:
  71:Generated_Source\PSoC5/no_fb_reg.c **** *  Disables the Status Register interrupt.
  72:Generated_Source\PSoC5/no_fb_reg.c **** *
  73:Generated_Source\PSoC5/no_fb_reg.c **** * Parameters:
  74:Generated_Source\PSoC5/no_fb_reg.c **** *  None.
  75:Generated_Source\PSoC5/no_fb_reg.c **** *
  76:Generated_Source\PSoC5/no_fb_reg.c **** * Return:
  77:Generated_Source\PSoC5/no_fb_reg.c **** *  None.
  78:Generated_Source\PSoC5/no_fb_reg.c **** *
  79:Generated_Source\PSoC5/no_fb_reg.c **** *******************************************************************************/
ARM GAS  C:\Users\chemi\AppData\Local\Temp\ccSp1XfY.s 			page 4


  80:Generated_Source\PSoC5/no_fb_reg.c **** void no_fb_reg_InterruptDisable(void) 
  81:Generated_Source\PSoC5/no_fb_reg.c **** {
  92              		.loc 1 81 0
  93              		.cfi_startproc
  94              		@ args = 0, pretend = 0, frame = 0
  95              		@ frame_needed = 0, uses_anonymous_args = 0
  96 0000 08B5     		push	{r3, lr}
  97              		.cfi_def_cfa_offset 8
  98              		.cfi_offset 3, -8
  99              		.cfi_offset 14, -4
  82:Generated_Source\PSoC5/no_fb_reg.c ****     uint8 interruptState;
  83:Generated_Source\PSoC5/no_fb_reg.c ****     interruptState = CyEnterCriticalSection();
 100              		.loc 1 83 0
 101 0002 FFF7FEFF 		bl	CyEnterCriticalSection
 102              	.LVL2:
  84:Generated_Source\PSoC5/no_fb_reg.c ****     no_fb_reg_Status_Aux_Ctrl &= (uint8)(~no_fb_reg_STATUS_INTR_ENBL);
 103              		.loc 1 84 0
 104 0006 044A     		ldr	r2, .L8
 105 0008 1378     		ldrb	r3, [r2]	@ zero_extendqisi2
 106 000a 03F0EF03 		and	r3, r3, #239
 107 000e 1370     		strb	r3, [r2]
  85:Generated_Source\PSoC5/no_fb_reg.c ****     CyExitCriticalSection(interruptState);
  86:Generated_Source\PSoC5/no_fb_reg.c **** }
 108              		.loc 1 86 0
 109 0010 BDE80840 		pop	{r3, lr}
 110              		.cfi_restore 14
 111              		.cfi_restore 3
 112              		.cfi_def_cfa_offset 0
  85:Generated_Source\PSoC5/no_fb_reg.c ****     CyExitCriticalSection(interruptState);
 113              		.loc 1 85 0
 114 0014 FFF7FEBF 		b	CyExitCriticalSection
 115              	.LVL3:
 116              	.L9:
 117              		.align	2
 118              	.L8:
 119 0018 9E640040 		.word	1073767582
 120              		.cfi_endproc
 121              	.LFE2:
 122              		.size	no_fb_reg_InterruptDisable, .-no_fb_reg_InterruptDisable
 123              		.section	.text.no_fb_reg_WriteMask,"ax",%progbits
 124              		.align	1
 125              		.global	no_fb_reg_WriteMask
 126              		.thumb
 127              		.thumb_func
 128              		.type	no_fb_reg_WriteMask, %function
 129              	no_fb_reg_WriteMask:
 130              	.LFB3:
  87:Generated_Source\PSoC5/no_fb_reg.c **** 
  88:Generated_Source\PSoC5/no_fb_reg.c **** 
  89:Generated_Source\PSoC5/no_fb_reg.c **** /*******************************************************************************
  90:Generated_Source\PSoC5/no_fb_reg.c **** * Function Name: no_fb_reg_WriteMask
  91:Generated_Source\PSoC5/no_fb_reg.c **** ********************************************************************************
  92:Generated_Source\PSoC5/no_fb_reg.c **** *
  93:Generated_Source\PSoC5/no_fb_reg.c **** * Summary:
  94:Generated_Source\PSoC5/no_fb_reg.c **** *  Writes the current mask value assigned to the Status Register.
  95:Generated_Source\PSoC5/no_fb_reg.c **** *
  96:Generated_Source\PSoC5/no_fb_reg.c **** * Parameters:
ARM GAS  C:\Users\chemi\AppData\Local\Temp\ccSp1XfY.s 			page 5


  97:Generated_Source\PSoC5/no_fb_reg.c **** *  mask:  Value to write into the mask register.
  98:Generated_Source\PSoC5/no_fb_reg.c **** *
  99:Generated_Source\PSoC5/no_fb_reg.c **** * Return:
 100:Generated_Source\PSoC5/no_fb_reg.c **** *  None.
 101:Generated_Source\PSoC5/no_fb_reg.c **** *
 102:Generated_Source\PSoC5/no_fb_reg.c **** *******************************************************************************/
 103:Generated_Source\PSoC5/no_fb_reg.c **** void no_fb_reg_WriteMask(uint8 mask) 
 104:Generated_Source\PSoC5/no_fb_reg.c **** {
 131              		.loc 1 104 0
 132              		.cfi_startproc
 133              		@ args = 0, pretend = 0, frame = 0
 134              		@ frame_needed = 0, uses_anonymous_args = 0
 135              		@ link register save eliminated.
 136              	.LVL4:
 105:Generated_Source\PSoC5/no_fb_reg.c ****     #if(no_fb_reg_INPUTS < 8u)
 106:Generated_Source\PSoC5/no_fb_reg.c ****     	mask &= ((uint8)(1u << no_fb_reg_INPUTS) - 1u);
 107:Generated_Source\PSoC5/no_fb_reg.c **** 	#endif /* End no_fb_reg_INPUTS < 8u */
 108:Generated_Source\PSoC5/no_fb_reg.c ****     no_fb_reg_Status_Mask = mask;
 137              		.loc 1 108 0
 138 0000 024B     		ldr	r3, .L11
 106:Generated_Source\PSoC5/no_fb_reg.c **** 	#endif /* End no_fb_reg_INPUTS < 8u */
 139              		.loc 1 106 0
 140 0002 00F00100 		and	r0, r0, #1
 141              	.LVL5:
 142              		.loc 1 108 0
 143 0006 1870     		strb	r0, [r3]
 144 0008 7047     		bx	lr
 145              	.L12:
 146 000a 00BF     		.align	2
 147              	.L11:
 148 000c 8E640040 		.word	1073767566
 149              		.cfi_endproc
 150              	.LFE3:
 151              		.size	no_fb_reg_WriteMask, .-no_fb_reg_WriteMask
 152              		.section	.text.no_fb_reg_ReadMask,"ax",%progbits
 153              		.align	1
 154              		.global	no_fb_reg_ReadMask
 155              		.thumb
 156              		.thumb_func
 157              		.type	no_fb_reg_ReadMask, %function
 158              	no_fb_reg_ReadMask:
 159              	.LFB4:
 109:Generated_Source\PSoC5/no_fb_reg.c **** }
 110:Generated_Source\PSoC5/no_fb_reg.c **** 
 111:Generated_Source\PSoC5/no_fb_reg.c **** 
 112:Generated_Source\PSoC5/no_fb_reg.c **** /*******************************************************************************
 113:Generated_Source\PSoC5/no_fb_reg.c **** * Function Name: no_fb_reg_ReadMask
 114:Generated_Source\PSoC5/no_fb_reg.c **** ********************************************************************************
 115:Generated_Source\PSoC5/no_fb_reg.c **** *
 116:Generated_Source\PSoC5/no_fb_reg.c **** * Summary:
 117:Generated_Source\PSoC5/no_fb_reg.c **** *  Reads the current interrupt mask assigned to the Status Register.
 118:Generated_Source\PSoC5/no_fb_reg.c **** *
 119:Generated_Source\PSoC5/no_fb_reg.c **** * Parameters:
 120:Generated_Source\PSoC5/no_fb_reg.c **** *  None.
 121:Generated_Source\PSoC5/no_fb_reg.c **** *
 122:Generated_Source\PSoC5/no_fb_reg.c **** * Return:
 123:Generated_Source\PSoC5/no_fb_reg.c **** *  The value of the interrupt mask of the Status Register.
ARM GAS  C:\Users\chemi\AppData\Local\Temp\ccSp1XfY.s 			page 6


 124:Generated_Source\PSoC5/no_fb_reg.c **** *
 125:Generated_Source\PSoC5/no_fb_reg.c **** *******************************************************************************/
 126:Generated_Source\PSoC5/no_fb_reg.c **** uint8 no_fb_reg_ReadMask(void) 
 127:Generated_Source\PSoC5/no_fb_reg.c **** {
 160              		.loc 1 127 0
 161              		.cfi_startproc
 162              		@ args = 0, pretend = 0, frame = 0
 163              		@ frame_needed = 0, uses_anonymous_args = 0
 164              		@ link register save eliminated.
 128:Generated_Source\PSoC5/no_fb_reg.c ****     return no_fb_reg_Status_Mask;
 165              		.loc 1 128 0
 166 0000 014B     		ldr	r3, .L14
 167 0002 1878     		ldrb	r0, [r3]	@ zero_extendqisi2
 129:Generated_Source\PSoC5/no_fb_reg.c **** }
 168              		.loc 1 129 0
 169 0004 7047     		bx	lr
 170              	.L15:
 171 0006 00BF     		.align	2
 172              	.L14:
 173 0008 8E640040 		.word	1073767566
 174              		.cfi_endproc
 175              	.LFE4:
 176              		.size	no_fb_reg_ReadMask, .-no_fb_reg_ReadMask
 177              		.text
 178              	.Letext0:
 179              		.file 2 "Generated_Source\\PSoC5\\cytypes.h"
 180              		.file 3 "Generated_Source\\PSoC5\\CyLib.h"
 181              		.section	.debug_info,"",%progbits
 182              	.Ldebug_info0:
 183 0000 74010000 		.4byte	0x174
 184 0004 0400     		.2byte	0x4
 185 0006 00000000 		.4byte	.Ldebug_abbrev0
 186 000a 04       		.byte	0x4
 187 000b 01       		.uleb128 0x1
 188 000c 45000000 		.4byte	.LASF23
 189 0010 0C       		.byte	0xc
 190 0011 DE000000 		.4byte	.LASF24
 191 0015 71010000 		.4byte	.LASF25
 192 0019 00000000 		.4byte	.Ldebug_ranges0+0
 193 001d 00000000 		.4byte	0
 194 0021 00000000 		.4byte	.Ldebug_line0
 195 0025 02       		.uleb128 0x2
 196 0026 01       		.byte	0x1
 197 0027 06       		.byte	0x6
 198 0028 D4010000 		.4byte	.LASF0
 199 002c 02       		.uleb128 0x2
 200 002d 01       		.byte	0x1
 201 002e 08       		.byte	0x8
 202 002f 5E010000 		.4byte	.LASF1
 203 0033 02       		.uleb128 0x2
 204 0034 02       		.byte	0x2
 205 0035 05       		.byte	0x5
 206 0036 10020000 		.4byte	.LASF2
 207 003a 02       		.uleb128 0x2
 208 003b 02       		.byte	0x2
 209 003c 07       		.byte	0x7
 210 003d C1010000 		.4byte	.LASF3
ARM GAS  C:\Users\chemi\AppData\Local\Temp\ccSp1XfY.s 			page 7


 211 0041 02       		.uleb128 0x2
 212 0042 04       		.byte	0x4
 213 0043 05       		.byte	0x5
 214 0044 B1010000 		.4byte	.LASF4
 215 0048 02       		.uleb128 0x2
 216 0049 04       		.byte	0x4
 217 004a 07       		.byte	0x7
 218 004b 07010000 		.4byte	.LASF5
 219 004f 02       		.uleb128 0x2
 220 0050 08       		.byte	0x8
 221 0051 05       		.byte	0x5
 222 0052 00000000 		.4byte	.LASF6
 223 0056 02       		.uleb128 0x2
 224 0057 08       		.byte	0x8
 225 0058 07       		.byte	0x7
 226 0059 19010000 		.4byte	.LASF7
 227 005d 03       		.uleb128 0x3
 228 005e 04       		.byte	0x4
 229 005f 05       		.byte	0x5
 230 0060 696E7400 		.ascii	"int\000"
 231 0064 02       		.uleb128 0x2
 232 0065 04       		.byte	0x4
 233 0066 07       		.byte	0x7
 234 0067 0E000000 		.4byte	.LASF8
 235 006b 04       		.uleb128 0x4
 236 006c 01010000 		.4byte	.LASF12
 237 0070 02       		.byte	0x2
 238 0071 9201     		.2byte	0x192
 239 0073 2C000000 		.4byte	0x2c
 240 0077 02       		.uleb128 0x2
 241 0078 04       		.byte	0x4
 242 0079 04       		.byte	0x4
 243 007a 0A020000 		.4byte	.LASF9
 244 007e 02       		.uleb128 0x2
 245 007f 08       		.byte	0x8
 246 0080 04       		.byte	0x4
 247 0081 BA010000 		.4byte	.LASF10
 248 0085 02       		.uleb128 0x2
 249 0086 01       		.byte	0x1
 250 0087 08       		.byte	0x8
 251 0088 6C010000 		.4byte	.LASF11
 252 008c 04       		.uleb128 0x4
 253 008d 1A020000 		.4byte	.LASF13
 254 0091 02       		.byte	0x2
 255 0092 3C02     		.2byte	0x23c
 256 0094 98000000 		.4byte	0x98
 257 0098 05       		.uleb128 0x5
 258 0099 6B000000 		.4byte	0x6b
 259 009d 02       		.uleb128 0x2
 260 009e 04       		.byte	0x4
 261 009f 07       		.byte	0x7
 262 00a0 1F020000 		.4byte	.LASF14
 263 00a4 06       		.uleb128 0x6
 264 00a5 4A010000 		.4byte	.LASF19
 265 00a9 01       		.byte	0x1
 266 00aa 25       		.byte	0x25
 267 00ab 6B000000 		.4byte	0x6b
ARM GAS  C:\Users\chemi\AppData\Local\Temp\ccSp1XfY.s 			page 8


 268 00af 00000000 		.4byte	.LFB0
 269 00b3 0C000000 		.4byte	.LFE0-.LFB0
 270 00b7 01       		.uleb128 0x1
 271 00b8 9C       		.byte	0x9c
 272 00b9 07       		.uleb128 0x7
 273 00ba 30010000 		.4byte	.LASF15
 274 00be 01       		.byte	0x1
 275 00bf 39       		.byte	0x39
 276 00c0 00000000 		.4byte	.LFB1
 277 00c4 1C000000 		.4byte	.LFE1-.LFB1
 278 00c8 01       		.uleb128 0x1
 279 00c9 9C       		.byte	0x9c
 280 00ca F0000000 		.4byte	0xf0
 281 00ce 08       		.uleb128 0x8
 282 00cf 28020000 		.4byte	.LASF17
 283 00d3 01       		.byte	0x1
 284 00d4 3B       		.byte	0x3b
 285 00d5 6B000000 		.4byte	0x6b
 286 00d9 00000000 		.4byte	.LLST0
 287 00dd 09       		.uleb128 0x9
 288 00de 06000000 		.4byte	.LVL0
 289 00e2 61010000 		.4byte	0x161
 290 00e6 0A       		.uleb128 0xa
 291 00e7 18000000 		.4byte	.LVL1
 292 00eb 6C010000 		.4byte	0x16c
 293 00ef 00       		.byte	0
 294 00f0 07       		.uleb128 0x7
 295 00f1 96010000 		.4byte	.LASF16
 296 00f5 01       		.byte	0x1
 297 00f6 50       		.byte	0x50
 298 00f7 00000000 		.4byte	.LFB2
 299 00fb 1C000000 		.4byte	.LFE2-.LFB2
 300 00ff 01       		.uleb128 0x1
 301 0100 9C       		.byte	0x9c
 302 0101 27010000 		.4byte	0x127
 303 0105 08       		.uleb128 0x8
 304 0106 28020000 		.4byte	.LASF17
 305 010a 01       		.byte	0x1
 306 010b 52       		.byte	0x52
 307 010c 6B000000 		.4byte	0x6b
 308 0110 13000000 		.4byte	.LLST1
 309 0114 09       		.uleb128 0x9
 310 0115 06000000 		.4byte	.LVL2
 311 0119 61010000 		.4byte	0x161
 312 011d 0A       		.uleb128 0xa
 313 011e 18000000 		.4byte	.LVL3
 314 0122 6C010000 		.4byte	0x16c
 315 0126 00       		.byte	0
 316 0127 07       		.uleb128 0x7
 317 0128 E0010000 		.4byte	.LASF18
 318 012c 01       		.byte	0x1
 319 012d 67       		.byte	0x67
 320 012e 00000000 		.4byte	.LFB3
 321 0132 10000000 		.4byte	.LFE3-.LFB3
 322 0136 01       		.uleb128 0x1
 323 0137 9C       		.byte	0x9c
 324 0138 4C010000 		.4byte	0x14c
ARM GAS  C:\Users\chemi\AppData\Local\Temp\ccSp1XfY.s 			page 9


 325 013c 0B       		.uleb128 0xb
 326 013d 59010000 		.4byte	.LASF26
 327 0141 01       		.byte	0x1
 328 0142 67       		.byte	0x67
 329 0143 6B000000 		.4byte	0x6b
 330 0147 26000000 		.4byte	.LLST2
 331 014b 00       		.byte	0
 332 014c 06       		.uleb128 0x6
 333 014d 1B000000 		.4byte	.LASF20
 334 0151 01       		.byte	0x1
 335 0152 7E       		.byte	0x7e
 336 0153 6B000000 		.4byte	0x6b
 337 0157 00000000 		.4byte	.LFB4
 338 015b 0C000000 		.4byte	.LFE4-.LFB4
 339 015f 01       		.uleb128 0x1
 340 0160 9C       		.byte	0x9c
 341 0161 0C       		.uleb128 0xc
 342 0162 2E000000 		.4byte	.LASF21
 343 0166 2E000000 		.4byte	.LASF21
 344 016a 03       		.byte	0x3
 345 016b 7D       		.byte	0x7d
 346 016c 0C       		.uleb128 0xc
 347 016d F4010000 		.4byte	.LASF22
 348 0171 F4010000 		.4byte	.LASF22
 349 0175 03       		.byte	0x3
 350 0176 7E       		.byte	0x7e
 351 0177 00       		.byte	0
 352              		.section	.debug_abbrev,"",%progbits
 353              	.Ldebug_abbrev0:
 354 0000 01       		.uleb128 0x1
 355 0001 11       		.uleb128 0x11
 356 0002 01       		.byte	0x1
 357 0003 25       		.uleb128 0x25
 358 0004 0E       		.uleb128 0xe
 359 0005 13       		.uleb128 0x13
 360 0006 0B       		.uleb128 0xb
 361 0007 03       		.uleb128 0x3
 362 0008 0E       		.uleb128 0xe
 363 0009 1B       		.uleb128 0x1b
 364 000a 0E       		.uleb128 0xe
 365 000b 55       		.uleb128 0x55
 366 000c 17       		.uleb128 0x17
 367 000d 11       		.uleb128 0x11
 368 000e 01       		.uleb128 0x1
 369 000f 10       		.uleb128 0x10
 370 0010 17       		.uleb128 0x17
 371 0011 00       		.byte	0
 372 0012 00       		.byte	0
 373 0013 02       		.uleb128 0x2
 374 0014 24       		.uleb128 0x24
 375 0015 00       		.byte	0
 376 0016 0B       		.uleb128 0xb
 377 0017 0B       		.uleb128 0xb
 378 0018 3E       		.uleb128 0x3e
 379 0019 0B       		.uleb128 0xb
 380 001a 03       		.uleb128 0x3
 381 001b 0E       		.uleb128 0xe
ARM GAS  C:\Users\chemi\AppData\Local\Temp\ccSp1XfY.s 			page 10


 382 001c 00       		.byte	0
 383 001d 00       		.byte	0
 384 001e 03       		.uleb128 0x3
 385 001f 24       		.uleb128 0x24
 386 0020 00       		.byte	0
 387 0021 0B       		.uleb128 0xb
 388 0022 0B       		.uleb128 0xb
 389 0023 3E       		.uleb128 0x3e
 390 0024 0B       		.uleb128 0xb
 391 0025 03       		.uleb128 0x3
 392 0026 08       		.uleb128 0x8
 393 0027 00       		.byte	0
 394 0028 00       		.byte	0
 395 0029 04       		.uleb128 0x4
 396 002a 16       		.uleb128 0x16
 397 002b 00       		.byte	0
 398 002c 03       		.uleb128 0x3
 399 002d 0E       		.uleb128 0xe
 400 002e 3A       		.uleb128 0x3a
 401 002f 0B       		.uleb128 0xb
 402 0030 3B       		.uleb128 0x3b
 403 0031 05       		.uleb128 0x5
 404 0032 49       		.uleb128 0x49
 405 0033 13       		.uleb128 0x13
 406 0034 00       		.byte	0
 407 0035 00       		.byte	0
 408 0036 05       		.uleb128 0x5
 409 0037 35       		.uleb128 0x35
 410 0038 00       		.byte	0
 411 0039 49       		.uleb128 0x49
 412 003a 13       		.uleb128 0x13
 413 003b 00       		.byte	0
 414 003c 00       		.byte	0
 415 003d 06       		.uleb128 0x6
 416 003e 2E       		.uleb128 0x2e
 417 003f 00       		.byte	0
 418 0040 3F       		.uleb128 0x3f
 419 0041 19       		.uleb128 0x19
 420 0042 03       		.uleb128 0x3
 421 0043 0E       		.uleb128 0xe
 422 0044 3A       		.uleb128 0x3a
 423 0045 0B       		.uleb128 0xb
 424 0046 3B       		.uleb128 0x3b
 425 0047 0B       		.uleb128 0xb
 426 0048 27       		.uleb128 0x27
 427 0049 19       		.uleb128 0x19
 428 004a 49       		.uleb128 0x49
 429 004b 13       		.uleb128 0x13
 430 004c 11       		.uleb128 0x11
 431 004d 01       		.uleb128 0x1
 432 004e 12       		.uleb128 0x12
 433 004f 06       		.uleb128 0x6
 434 0050 40       		.uleb128 0x40
 435 0051 18       		.uleb128 0x18
 436 0052 9742     		.uleb128 0x2117
 437 0054 19       		.uleb128 0x19
 438 0055 00       		.byte	0
ARM GAS  C:\Users\chemi\AppData\Local\Temp\ccSp1XfY.s 			page 11


 439 0056 00       		.byte	0
 440 0057 07       		.uleb128 0x7
 441 0058 2E       		.uleb128 0x2e
 442 0059 01       		.byte	0x1
 443 005a 3F       		.uleb128 0x3f
 444 005b 19       		.uleb128 0x19
 445 005c 03       		.uleb128 0x3
 446 005d 0E       		.uleb128 0xe
 447 005e 3A       		.uleb128 0x3a
 448 005f 0B       		.uleb128 0xb
 449 0060 3B       		.uleb128 0x3b
 450 0061 0B       		.uleb128 0xb
 451 0062 27       		.uleb128 0x27
 452 0063 19       		.uleb128 0x19
 453 0064 11       		.uleb128 0x11
 454 0065 01       		.uleb128 0x1
 455 0066 12       		.uleb128 0x12
 456 0067 06       		.uleb128 0x6
 457 0068 40       		.uleb128 0x40
 458 0069 18       		.uleb128 0x18
 459 006a 9742     		.uleb128 0x2117
 460 006c 19       		.uleb128 0x19
 461 006d 01       		.uleb128 0x1
 462 006e 13       		.uleb128 0x13
 463 006f 00       		.byte	0
 464 0070 00       		.byte	0
 465 0071 08       		.uleb128 0x8
 466 0072 34       		.uleb128 0x34
 467 0073 00       		.byte	0
 468 0074 03       		.uleb128 0x3
 469 0075 0E       		.uleb128 0xe
 470 0076 3A       		.uleb128 0x3a
 471 0077 0B       		.uleb128 0xb
 472 0078 3B       		.uleb128 0x3b
 473 0079 0B       		.uleb128 0xb
 474 007a 49       		.uleb128 0x49
 475 007b 13       		.uleb128 0x13
 476 007c 02       		.uleb128 0x2
 477 007d 17       		.uleb128 0x17
 478 007e 00       		.byte	0
 479 007f 00       		.byte	0
 480 0080 09       		.uleb128 0x9
 481 0081 898201   		.uleb128 0x4109
 482 0084 00       		.byte	0
 483 0085 11       		.uleb128 0x11
 484 0086 01       		.uleb128 0x1
 485 0087 31       		.uleb128 0x31
 486 0088 13       		.uleb128 0x13
 487 0089 00       		.byte	0
 488 008a 00       		.byte	0
 489 008b 0A       		.uleb128 0xa
 490 008c 898201   		.uleb128 0x4109
 491 008f 00       		.byte	0
 492 0090 11       		.uleb128 0x11
 493 0091 01       		.uleb128 0x1
 494 0092 9542     		.uleb128 0x2115
 495 0094 19       		.uleb128 0x19
ARM GAS  C:\Users\chemi\AppData\Local\Temp\ccSp1XfY.s 			page 12


 496 0095 31       		.uleb128 0x31
 497 0096 13       		.uleb128 0x13
 498 0097 00       		.byte	0
 499 0098 00       		.byte	0
 500 0099 0B       		.uleb128 0xb
 501 009a 05       		.uleb128 0x5
 502 009b 00       		.byte	0
 503 009c 03       		.uleb128 0x3
 504 009d 0E       		.uleb128 0xe
 505 009e 3A       		.uleb128 0x3a
 506 009f 0B       		.uleb128 0xb
 507 00a0 3B       		.uleb128 0x3b
 508 00a1 0B       		.uleb128 0xb
 509 00a2 49       		.uleb128 0x49
 510 00a3 13       		.uleb128 0x13
 511 00a4 02       		.uleb128 0x2
 512 00a5 17       		.uleb128 0x17
 513 00a6 00       		.byte	0
 514 00a7 00       		.byte	0
 515 00a8 0C       		.uleb128 0xc
 516 00a9 2E       		.uleb128 0x2e
 517 00aa 00       		.byte	0
 518 00ab 3F       		.uleb128 0x3f
 519 00ac 19       		.uleb128 0x19
 520 00ad 3C       		.uleb128 0x3c
 521 00ae 19       		.uleb128 0x19
 522 00af 6E       		.uleb128 0x6e
 523 00b0 0E       		.uleb128 0xe
 524 00b1 03       		.uleb128 0x3
 525 00b2 0E       		.uleb128 0xe
 526 00b3 3A       		.uleb128 0x3a
 527 00b4 0B       		.uleb128 0xb
 528 00b5 3B       		.uleb128 0x3b
 529 00b6 0B       		.uleb128 0xb
 530 00b7 00       		.byte	0
 531 00b8 00       		.byte	0
 532 00b9 00       		.byte	0
 533              		.section	.debug_loc,"",%progbits
 534              	.Ldebug_loc0:
 535              	.LLST0:
 536 0000 06000000 		.4byte	.LVL0
 537 0004 17000000 		.4byte	.LVL1-1
 538 0008 0100     		.2byte	0x1
 539 000a 50       		.byte	0x50
 540 000b 00000000 		.4byte	0
 541 000f 00000000 		.4byte	0
 542              	.LLST1:
 543 0013 06000000 		.4byte	.LVL2
 544 0017 17000000 		.4byte	.LVL3-1
 545 001b 0100     		.2byte	0x1
 546 001d 50       		.byte	0x50
 547 001e 00000000 		.4byte	0
 548 0022 00000000 		.4byte	0
 549              	.LLST2:
 550 0026 00000000 		.4byte	.LVL4
 551 002a 06000000 		.4byte	.LVL5
 552 002e 0100     		.2byte	0x1
ARM GAS  C:\Users\chemi\AppData\Local\Temp\ccSp1XfY.s 			page 13


 553 0030 50       		.byte	0x50
 554 0031 06000000 		.4byte	.LVL5
 555 0035 10000000 		.4byte	.LFE3
 556 0039 0100     		.2byte	0x1
 557 003b 50       		.byte	0x50
 558 003c 00000000 		.4byte	0
 559 0040 00000000 		.4byte	0
 560              		.section	.debug_aranges,"",%progbits
 561 0000 3C000000 		.4byte	0x3c
 562 0004 0200     		.2byte	0x2
 563 0006 00000000 		.4byte	.Ldebug_info0
 564 000a 04       		.byte	0x4
 565 000b 00       		.byte	0
 566 000c 0000     		.2byte	0
 567 000e 0000     		.2byte	0
 568 0010 00000000 		.4byte	.LFB0
 569 0014 0C000000 		.4byte	.LFE0-.LFB0
 570 0018 00000000 		.4byte	.LFB1
 571 001c 1C000000 		.4byte	.LFE1-.LFB1
 572 0020 00000000 		.4byte	.LFB2
 573 0024 1C000000 		.4byte	.LFE2-.LFB2
 574 0028 00000000 		.4byte	.LFB3
 575 002c 10000000 		.4byte	.LFE3-.LFB3
 576 0030 00000000 		.4byte	.LFB4
 577 0034 0C000000 		.4byte	.LFE4-.LFB4
 578 0038 00000000 		.4byte	0
 579 003c 00000000 		.4byte	0
 580              		.section	.debug_ranges,"",%progbits
 581              	.Ldebug_ranges0:
 582 0000 00000000 		.4byte	.LFB0
 583 0004 0C000000 		.4byte	.LFE0
 584 0008 00000000 		.4byte	.LFB1
 585 000c 1C000000 		.4byte	.LFE1
 586 0010 00000000 		.4byte	.LFB2
 587 0014 1C000000 		.4byte	.LFE2
 588 0018 00000000 		.4byte	.LFB3
 589 001c 10000000 		.4byte	.LFE3
 590 0020 00000000 		.4byte	.LFB4
 591 0024 0C000000 		.4byte	.LFE4
 592 0028 00000000 		.4byte	0
 593 002c 00000000 		.4byte	0
 594              		.section	.debug_line,"",%progbits
 595              	.Ldebug_line0:
 596 0000 B4000000 		.section	.debug_str,"MS",%progbits,1
 596      02005100 
 596      00000201 
 596      FB0E0D00 
 596      01010101 
 597              	.LASF6:
 598 0000 6C6F6E67 		.ascii	"long long int\000"
 598      206C6F6E 
 598      6720696E 
 598      7400
 599              	.LASF8:
 600 000e 756E7369 		.ascii	"unsigned int\000"
 600      676E6564 
 600      20696E74 
ARM GAS  C:\Users\chemi\AppData\Local\Temp\ccSp1XfY.s 			page 14


 600      00
 601              	.LASF20:
 602 001b 6E6F5F66 		.ascii	"no_fb_reg_ReadMask\000"
 602      625F7265 
 602      675F5265 
 602      61644D61 
 602      736B00
 603              	.LASF21:
 604 002e 4379456E 		.ascii	"CyEnterCriticalSection\000"
 604      74657243 
 604      72697469 
 604      63616C53 
 604      65637469 
 605              	.LASF23:
 606 0045 474E5520 		.ascii	"GNU C99 5.4.1 20160609 (release) [ARM/embedded-5-br"
 606      43393920 
 606      352E342E 
 606      31203230 
 606      31363036 
 607 0078 616E6368 		.ascii	"anch revision 237715] -mcpu=cortex-m3 -mthumb -g -O"
 607      20726576 
 607      6973696F 
 607      6E203233 
 607      37373135 
 608 00ab 73202D73 		.ascii	"s -std=gnu99 -ffunction-sections -ffat-lto-objects\000"
 608      74643D67 
 608      6E753939 
 608      202D6666 
 608      756E6374 
 609              	.LASF24:
 610 00de 47656E65 		.ascii	"Generated_Source\\PSoC5\\no_fb_reg.c\000"
 610      72617465 
 610      645F536F 
 610      75726365 
 610      5C50536F 
 611              	.LASF12:
 612 0101 75696E74 		.ascii	"uint8\000"
 612      3800
 613              	.LASF5:
 614 0107 6C6F6E67 		.ascii	"long unsigned int\000"
 614      20756E73 
 614      69676E65 
 614      6420696E 
 614      7400
 615              	.LASF7:
 616 0119 6C6F6E67 		.ascii	"long long unsigned int\000"
 616      206C6F6E 
 616      6720756E 
 616      7369676E 
 616      65642069 
 617              	.LASF15:
 618 0130 6E6F5F66 		.ascii	"no_fb_reg_InterruptEnable\000"
 618      625F7265 
 618      675F496E 
 618      74657272 
 618      75707445 
 619              	.LASF19:
ARM GAS  C:\Users\chemi\AppData\Local\Temp\ccSp1XfY.s 			page 15


 620 014a 6E6F5F66 		.ascii	"no_fb_reg_Read\000"
 620      625F7265 
 620      675F5265 
 620      616400
 621              	.LASF26:
 622 0159 6D61736B 		.ascii	"mask\000"
 622      00
 623              	.LASF1:
 624 015e 756E7369 		.ascii	"unsigned char\000"
 624      676E6564 
 624      20636861 
 624      7200
 625              	.LASF11:
 626 016c 63686172 		.ascii	"char\000"
 626      00
 627              	.LASF25:
 628 0171 433A5C55 		.ascii	"C:\\Users\\chemi\\UD3_QCW\\UD3_QFN.cydsn\000"
 628      73657273 
 628      5C636865 
 628      6D695C55 
 628      44335F51 
 629              	.LASF16:
 630 0196 6E6F5F66 		.ascii	"no_fb_reg_InterruptDisable\000"
 630      625F7265 
 630      675F496E 
 630      74657272 
 630      75707444 
 631              	.LASF4:
 632 01b1 6C6F6E67 		.ascii	"long int\000"
 632      20696E74 
 632      00
 633              	.LASF10:
 634 01ba 646F7562 		.ascii	"double\000"
 634      6C6500
 635              	.LASF3:
 636 01c1 73686F72 		.ascii	"short unsigned int\000"
 636      7420756E 
 636      7369676E 
 636      65642069 
 636      6E7400
 637              	.LASF0:
 638 01d4 7369676E 		.ascii	"signed char\000"
 638      65642063 
 638      68617200 
 639              	.LASF18:
 640 01e0 6E6F5F66 		.ascii	"no_fb_reg_WriteMask\000"
 640      625F7265 
 640      675F5772 
 640      6974654D 
 640      61736B00 
 641              	.LASF22:
 642 01f4 43794578 		.ascii	"CyExitCriticalSection\000"
 642      69744372 
 642      69746963 
 642      616C5365 
 642      6374696F 
 643              	.LASF9:
ARM GAS  C:\Users\chemi\AppData\Local\Temp\ccSp1XfY.s 			page 16


 644 020a 666C6F61 		.ascii	"float\000"
 644      7400
 645              	.LASF2:
 646 0210 73686F72 		.ascii	"short int\000"
 646      7420696E 
 646      7400
 647              	.LASF13:
 648 021a 72656738 		.ascii	"reg8\000"
 648      00
 649              	.LASF14:
 650 021f 73697A65 		.ascii	"sizetype\000"
 650      74797065 
 650      00
 651              	.LASF17:
 652 0228 696E7465 		.ascii	"interruptState\000"
 652      72727570 
 652      74537461 
 652      746500
 653              		.ident	"GCC: (GNU Tools for ARM Embedded Processors) 5.4.1 20160609 (release) [ARM/embedded-5-bran
