ARM GAS  C:\Users\chemi\AppData\Local\Temp\cckO6Pcb.s 			page 1


   1              		.syntax unified
   2              		.cpu cortex-m3
   3              		.fpu softvfp
   4              		.eabi_attribute 20, 1
   5              		.eabi_attribute 21, 1
   6              		.eabi_attribute 23, 3
   7              		.eabi_attribute 24, 1
   8              		.eabi_attribute 25, 1
   9              		.eabi_attribute 26, 1
  10              		.eabi_attribute 30, 4
  11              		.eabi_attribute 34, 1
  12              		.eabi_attribute 18, 4
  13              		.thumb
  14              		.syntax unified
  15              		.file	"Opamp_1_PM.c"
  16              		.text
  17              	.Ltext0:
  18              		.cfi_sections	.debug_frame
  19              		.section	.text.Opamp_1_SaveConfig,"ax",%progbits
  20              		.align	1
  21              		.global	Opamp_1_SaveConfig
  22              		.thumb
  23              		.thumb_func
  24              		.type	Opamp_1_SaveConfig, %function
  25              	Opamp_1_SaveConfig:
  26              	.LFB5:
  27              		.cfi_startproc
  28              		@ args = 0, pretend = 0, frame = 0
  29              		@ frame_needed = 0, uses_anonymous_args = 0
  30              		@ link register save eliminated.
  31 0000 7047     		bx	lr
  32              		.cfi_endproc
  33              	.LFE5:
  34              		.size	Opamp_1_SaveConfig, .-Opamp_1_SaveConfig
  35              		.section	.text.Opamp_1_RestoreConfig,"ax",%progbits
  36              		.align	1
  37              		.global	Opamp_1_RestoreConfig
  38              		.thumb
  39              		.thumb_func
  40              		.type	Opamp_1_RestoreConfig, %function
  41              	Opamp_1_RestoreConfig:
  42              	.LFB1:
  43              		.file 1 "Generated_Source\\PSoC5\\Opamp_1_PM.c"
   1:Generated_Source\PSoC5/Opamp_1_PM.c **** /*******************************************************************************
   2:Generated_Source\PSoC5/Opamp_1_PM.c **** * File Name: Opamp_1_PM.c
   3:Generated_Source\PSoC5/Opamp_1_PM.c **** * Version 1.90
   4:Generated_Source\PSoC5/Opamp_1_PM.c **** *
   5:Generated_Source\PSoC5/Opamp_1_PM.c **** * Description:
   6:Generated_Source\PSoC5/Opamp_1_PM.c **** *  This file provides the power management source code to the API for the 
   7:Generated_Source\PSoC5/Opamp_1_PM.c **** *  OpAmp (Analog Buffer) component.
   8:Generated_Source\PSoC5/Opamp_1_PM.c **** *
   9:Generated_Source\PSoC5/Opamp_1_PM.c **** * Note:
  10:Generated_Source\PSoC5/Opamp_1_PM.c **** *
  11:Generated_Source\PSoC5/Opamp_1_PM.c **** ********************************************************************************
  12:Generated_Source\PSoC5/Opamp_1_PM.c **** * Copyright 2008-2012, Cypress Semiconductor Corporation.  All rights reserved.
  13:Generated_Source\PSoC5/Opamp_1_PM.c **** * You may use this file only in accordance with the license, terms, conditions, 
  14:Generated_Source\PSoC5/Opamp_1_PM.c **** * disclaimers, and limitations in the end user license agreement accompanying 
ARM GAS  C:\Users\chemi\AppData\Local\Temp\cckO6Pcb.s 			page 2


  15:Generated_Source\PSoC5/Opamp_1_PM.c **** * the software package with which this file was provided.
  16:Generated_Source\PSoC5/Opamp_1_PM.c **** *******************************************************************************/
  17:Generated_Source\PSoC5/Opamp_1_PM.c **** 
  18:Generated_Source\PSoC5/Opamp_1_PM.c **** #include "Opamp_1.h"
  19:Generated_Source\PSoC5/Opamp_1_PM.c **** 
  20:Generated_Source\PSoC5/Opamp_1_PM.c **** static Opamp_1_BACKUP_STRUCT  Opamp_1_backup;
  21:Generated_Source\PSoC5/Opamp_1_PM.c **** 
  22:Generated_Source\PSoC5/Opamp_1_PM.c **** 
  23:Generated_Source\PSoC5/Opamp_1_PM.c **** /*******************************************************************************  
  24:Generated_Source\PSoC5/Opamp_1_PM.c **** * Function Name: Opamp_1_SaveConfig
  25:Generated_Source\PSoC5/Opamp_1_PM.c **** ********************************************************************************
  26:Generated_Source\PSoC5/Opamp_1_PM.c **** *
  27:Generated_Source\PSoC5/Opamp_1_PM.c **** * Summary:
  28:Generated_Source\PSoC5/Opamp_1_PM.c **** *  Saves the current user configuration registers.
  29:Generated_Source\PSoC5/Opamp_1_PM.c **** * 
  30:Generated_Source\PSoC5/Opamp_1_PM.c **** * Parameters:
  31:Generated_Source\PSoC5/Opamp_1_PM.c **** *  void
  32:Generated_Source\PSoC5/Opamp_1_PM.c **** * 
  33:Generated_Source\PSoC5/Opamp_1_PM.c **** * Return:
  34:Generated_Source\PSoC5/Opamp_1_PM.c **** *  void
  35:Generated_Source\PSoC5/Opamp_1_PM.c **** *
  36:Generated_Source\PSoC5/Opamp_1_PM.c **** *******************************************************************************/
  37:Generated_Source\PSoC5/Opamp_1_PM.c **** void Opamp_1_SaveConfig(void) 
  38:Generated_Source\PSoC5/Opamp_1_PM.c **** {
  39:Generated_Source\PSoC5/Opamp_1_PM.c ****     /* Nothing to save as registers are System reset on retention flops */
  40:Generated_Source\PSoC5/Opamp_1_PM.c **** }
  41:Generated_Source\PSoC5/Opamp_1_PM.c **** 
  42:Generated_Source\PSoC5/Opamp_1_PM.c **** 
  43:Generated_Source\PSoC5/Opamp_1_PM.c **** /*******************************************************************************  
  44:Generated_Source\PSoC5/Opamp_1_PM.c **** * Function Name: Opamp_1_RestoreConfig
  45:Generated_Source\PSoC5/Opamp_1_PM.c **** ********************************************************************************
  46:Generated_Source\PSoC5/Opamp_1_PM.c **** *
  47:Generated_Source\PSoC5/Opamp_1_PM.c **** * Summary:
  48:Generated_Source\PSoC5/Opamp_1_PM.c **** *  Restores the current user configuration registers.
  49:Generated_Source\PSoC5/Opamp_1_PM.c **** *
  50:Generated_Source\PSoC5/Opamp_1_PM.c **** * Parameters:
  51:Generated_Source\PSoC5/Opamp_1_PM.c **** *  void
  52:Generated_Source\PSoC5/Opamp_1_PM.c **** *
  53:Generated_Source\PSoC5/Opamp_1_PM.c **** * Return:
  54:Generated_Source\PSoC5/Opamp_1_PM.c **** *  void
  55:Generated_Source\PSoC5/Opamp_1_PM.c **** *
  56:Generated_Source\PSoC5/Opamp_1_PM.c **** *******************************************************************************/
  57:Generated_Source\PSoC5/Opamp_1_PM.c **** void Opamp_1_RestoreConfig(void) 
  58:Generated_Source\PSoC5/Opamp_1_PM.c **** {
  44              		.loc 1 58 0
  45              		.cfi_startproc
  46              		@ args = 0, pretend = 0, frame = 0
  47              		@ frame_needed = 0, uses_anonymous_args = 0
  48              		@ link register save eliminated.
  49 0000 7047     		bx	lr
  50              		.cfi_endproc
  51              	.LFE1:
  52              		.size	Opamp_1_RestoreConfig, .-Opamp_1_RestoreConfig
  53              		.section	.text.Opamp_1_Sleep,"ax",%progbits
  54              		.align	1
  55              		.global	Opamp_1_Sleep
  56              		.thumb
ARM GAS  C:\Users\chemi\AppData\Local\Temp\cckO6Pcb.s 			page 3


  57              		.thumb_func
  58              		.type	Opamp_1_Sleep, %function
  59              	Opamp_1_Sleep:
  60              	.LFB2:
  59:Generated_Source\PSoC5/Opamp_1_PM.c ****     /* Nothing to restore */
  60:Generated_Source\PSoC5/Opamp_1_PM.c **** }
  61:Generated_Source\PSoC5/Opamp_1_PM.c **** 
  62:Generated_Source\PSoC5/Opamp_1_PM.c **** 
  63:Generated_Source\PSoC5/Opamp_1_PM.c **** /*******************************************************************************   
  64:Generated_Source\PSoC5/Opamp_1_PM.c **** * Function Name: Opamp_1_Sleep
  65:Generated_Source\PSoC5/Opamp_1_PM.c **** ********************************************************************************
  66:Generated_Source\PSoC5/Opamp_1_PM.c **** *
  67:Generated_Source\PSoC5/Opamp_1_PM.c **** * Summary:
  68:Generated_Source\PSoC5/Opamp_1_PM.c **** *  Disables block's operation and saves its configuration. Should be called 
  69:Generated_Source\PSoC5/Opamp_1_PM.c **** *  just prior to entering sleep.
  70:Generated_Source\PSoC5/Opamp_1_PM.c **** *
  71:Generated_Source\PSoC5/Opamp_1_PM.c **** * Parameters:
  72:Generated_Source\PSoC5/Opamp_1_PM.c **** *  void
  73:Generated_Source\PSoC5/Opamp_1_PM.c **** *
  74:Generated_Source\PSoC5/Opamp_1_PM.c **** * Return:
  75:Generated_Source\PSoC5/Opamp_1_PM.c **** *  void
  76:Generated_Source\PSoC5/Opamp_1_PM.c **** *
  77:Generated_Source\PSoC5/Opamp_1_PM.c **** * Global variables:
  78:Generated_Source\PSoC5/Opamp_1_PM.c **** *  Opamp_1_backup: The structure field 'enableState' is modified 
  79:Generated_Source\PSoC5/Opamp_1_PM.c **** *  depending on the enable state of the block before entering to sleep mode.
  80:Generated_Source\PSoC5/Opamp_1_PM.c **** *
  81:Generated_Source\PSoC5/Opamp_1_PM.c **** *******************************************************************************/
  82:Generated_Source\PSoC5/Opamp_1_PM.c **** void Opamp_1_Sleep(void) 
  83:Generated_Source\PSoC5/Opamp_1_PM.c **** {
  61              		.loc 1 83 0
  62              		.cfi_startproc
  63              		@ args = 0, pretend = 0, frame = 0
  64              		@ frame_needed = 0, uses_anonymous_args = 0
  65              		@ link register save eliminated.
  84:Generated_Source\PSoC5/Opamp_1_PM.c ****     /* Save OpAmp enable state */
  85:Generated_Source\PSoC5/Opamp_1_PM.c ****     if((Opamp_1_PM_ACT_CFG_REG & Opamp_1_ACT_PWR_EN) != 0u)
  66              		.loc 1 85 0
  67 0000 064B     		ldr	r3, .L6
  68 0002 074A     		ldr	r2, .L6+4
  69 0004 1B78     		ldrb	r3, [r3]	@ zero_extendqisi2
  70 0006 03F00803 		and	r3, r3, #8
  71 000a 03F0FF01 		and	r1, r3, #255
  72 000e 1BB1     		cbz	r3, .L4
  86:Generated_Source\PSoC5/Opamp_1_PM.c ****     {
  87:Generated_Source\PSoC5/Opamp_1_PM.c ****         /* Component is enabled */
  88:Generated_Source\PSoC5/Opamp_1_PM.c ****         Opamp_1_backup.enableState = 1u;
  73              		.loc 1 88 0
  74 0010 0123     		movs	r3, #1
  75 0012 1370     		strb	r3, [r2]
  89:Generated_Source\PSoC5/Opamp_1_PM.c ****          /* Stops the component */
  90:Generated_Source\PSoC5/Opamp_1_PM.c ****          Opamp_1_Stop();
  76              		.loc 1 90 0
  77 0014 FFF7FEBF 		b	Opamp_1_Stop
  78              	.LVL0:
  79              	.L4:
  91:Generated_Source\PSoC5/Opamp_1_PM.c ****     }
  92:Generated_Source\PSoC5/Opamp_1_PM.c ****     else
ARM GAS  C:\Users\chemi\AppData\Local\Temp\cckO6Pcb.s 			page 4


  93:Generated_Source\PSoC5/Opamp_1_PM.c ****     {
  94:Generated_Source\PSoC5/Opamp_1_PM.c ****         /* Component is disabled */
  95:Generated_Source\PSoC5/Opamp_1_PM.c ****         Opamp_1_backup.enableState = 0u;
  80              		.loc 1 95 0
  81 0018 1170     		strb	r1, [r2]
  82 001a 7047     		bx	lr
  83              	.L7:
  84              		.align	2
  85              	.L6:
  86 001c A4430040 		.word	1073759140
  87 0020 00000000 		.word	.LANCHOR0
  88              		.cfi_endproc
  89              	.LFE2:
  90              		.size	Opamp_1_Sleep, .-Opamp_1_Sleep
  91              		.section	.text.Opamp_1_Wakeup,"ax",%progbits
  92              		.align	1
  93              		.global	Opamp_1_Wakeup
  94              		.thumb
  95              		.thumb_func
  96              		.type	Opamp_1_Wakeup, %function
  97              	Opamp_1_Wakeup:
  98              	.LFB3:
  96:Generated_Source\PSoC5/Opamp_1_PM.c ****     }
  97:Generated_Source\PSoC5/Opamp_1_PM.c ****     /* Saves the configuration */
  98:Generated_Source\PSoC5/Opamp_1_PM.c ****     Opamp_1_SaveConfig();
  99:Generated_Source\PSoC5/Opamp_1_PM.c **** }
 100:Generated_Source\PSoC5/Opamp_1_PM.c **** 
 101:Generated_Source\PSoC5/Opamp_1_PM.c **** 
 102:Generated_Source\PSoC5/Opamp_1_PM.c **** /*******************************************************************************  
 103:Generated_Source\PSoC5/Opamp_1_PM.c **** * Function Name: Opamp_1_Wakeup
 104:Generated_Source\PSoC5/Opamp_1_PM.c **** ********************************************************************************
 105:Generated_Source\PSoC5/Opamp_1_PM.c **** *
 106:Generated_Source\PSoC5/Opamp_1_PM.c **** * Summary:
 107:Generated_Source\PSoC5/Opamp_1_PM.c **** *  Enables block's operation and restores its configuration. Should be called
 108:Generated_Source\PSoC5/Opamp_1_PM.c **** *  just after awaking from sleep.
 109:Generated_Source\PSoC5/Opamp_1_PM.c **** *
 110:Generated_Source\PSoC5/Opamp_1_PM.c **** * Parameters:
 111:Generated_Source\PSoC5/Opamp_1_PM.c **** *  void
 112:Generated_Source\PSoC5/Opamp_1_PM.c **** *
 113:Generated_Source\PSoC5/Opamp_1_PM.c **** * Return:
 114:Generated_Source\PSoC5/Opamp_1_PM.c **** *  void
 115:Generated_Source\PSoC5/Opamp_1_PM.c **** *
 116:Generated_Source\PSoC5/Opamp_1_PM.c **** * Global variables:
 117:Generated_Source\PSoC5/Opamp_1_PM.c **** *  Opamp_1_backup: The structure field 'enableState' is used to 
 118:Generated_Source\PSoC5/Opamp_1_PM.c **** *  restore the enable state of block after wakeup from sleep mode.
 119:Generated_Source\PSoC5/Opamp_1_PM.c **** *
 120:Generated_Source\PSoC5/Opamp_1_PM.c **** *******************************************************************************/
 121:Generated_Source\PSoC5/Opamp_1_PM.c **** void Opamp_1_Wakeup(void) 
 122:Generated_Source\PSoC5/Opamp_1_PM.c **** {
  99              		.loc 1 122 0
 100              		.cfi_startproc
 101              		@ args = 0, pretend = 0, frame = 0
 102              		@ frame_needed = 0, uses_anonymous_args = 0
 103              		@ link register save eliminated.
 123:Generated_Source\PSoC5/Opamp_1_PM.c ****     /* Restore the user configuration */
 124:Generated_Source\PSoC5/Opamp_1_PM.c ****     Opamp_1_RestoreConfig();
 125:Generated_Source\PSoC5/Opamp_1_PM.c **** 
ARM GAS  C:\Users\chemi\AppData\Local\Temp\cckO6Pcb.s 			page 5


 126:Generated_Source\PSoC5/Opamp_1_PM.c ****     /* Enables the component operation */
 127:Generated_Source\PSoC5/Opamp_1_PM.c ****     if(Opamp_1_backup.enableState == 1u)
 104              		.loc 1 127 0
 105 0000 034B     		ldr	r3, .L10
 106 0002 1B78     		ldrb	r3, [r3]	@ zero_extendqisi2
 107 0004 012B     		cmp	r3, #1
 108 0006 01D1     		bne	.L8
 128:Generated_Source\PSoC5/Opamp_1_PM.c ****     {
 129:Generated_Source\PSoC5/Opamp_1_PM.c ****         Opamp_1_Enable();
 109              		.loc 1 129 0
 110 0008 FFF7FEBF 		b	Opamp_1_Enable
 111              	.LVL1:
 112              	.L8:
 113 000c 7047     		bx	lr
 114              	.L11:
 115 000e 00BF     		.align	2
 116              	.L10:
 117 0010 00000000 		.word	.LANCHOR0
 118              		.cfi_endproc
 119              	.LFE3:
 120              		.size	Opamp_1_Wakeup, .-Opamp_1_Wakeup
 121              		.bss
 122              		.set	.LANCHOR0,. + 0
 123              		.type	Opamp_1_backup, %object
 124              		.size	Opamp_1_backup, 1
 125              	Opamp_1_backup:
 126 0000 00       		.space	1
 127              		.text
 128              	.Letext0:
 129              		.file 2 "Generated_Source\\PSoC5\\cytypes.h"
 130              		.file 3 "Generated_Source\\PSoC5\\Opamp_1.h"
 131              		.section	.debug_info,"",%progbits
 132              	.Ldebug_info0:
 133 0000 45010000 		.4byte	0x145
 134 0004 0400     		.2byte	0x4
 135 0006 00000000 		.4byte	.Ldebug_abbrev0
 136 000a 04       		.byte	0x4
 137 000b 01       		.uleb128 0x1
 138 000c 42000000 		.4byte	.LASF22
 139 0010 0C       		.byte	0xc
 140 0011 48010000 		.4byte	.LASF23
 141 0015 23010000 		.4byte	.LASF24
 142 0019 00000000 		.4byte	.Ldebug_ranges0+0
 143 001d 00000000 		.4byte	0
 144 0021 00000000 		.4byte	.Ldebug_line0
 145 0025 02       		.uleb128 0x2
 146 0026 01       		.byte	0x1
 147 0027 06       		.byte	0x6
 148 0028 B1010000 		.4byte	.LASF0
 149 002c 02       		.uleb128 0x2
 150 002d 01       		.byte	0x1
 151 002e 08       		.byte	0x8
 152 002f 10010000 		.4byte	.LASF1
 153 0033 02       		.uleb128 0x2
 154 0034 02       		.byte	0x2
 155 0035 05       		.byte	0x5
 156 0036 DC010000 		.4byte	.LASF2
ARM GAS  C:\Users\chemi\AppData\Local\Temp\cckO6Pcb.s 			page 6


 157 003a 02       		.uleb128 0x2
 158 003b 02       		.byte	0x2
 159 003c 07       		.byte	0x7
 160 003d 9E010000 		.4byte	.LASF3
 161 0041 02       		.uleb128 0x2
 162 0042 04       		.byte	0x4
 163 0043 05       		.byte	0x5
 164 0044 6C010000 		.4byte	.LASF4
 165 0048 02       		.uleb128 0x2
 166 0049 04       		.byte	0x4
 167 004a 07       		.byte	0x7
 168 004b E1000000 		.4byte	.LASF5
 169 004f 02       		.uleb128 0x2
 170 0050 08       		.byte	0x8
 171 0051 05       		.byte	0x5
 172 0052 00000000 		.4byte	.LASF6
 173 0056 02       		.uleb128 0x2
 174 0057 08       		.byte	0x8
 175 0058 07       		.byte	0x7
 176 0059 F3000000 		.4byte	.LASF7
 177 005d 03       		.uleb128 0x3
 178 005e 04       		.byte	0x4
 179 005f 05       		.byte	0x5
 180 0060 696E7400 		.ascii	"int\000"
 181 0064 02       		.uleb128 0x2
 182 0065 04       		.byte	0x4
 183 0066 07       		.byte	0x7
 184 0067 1A000000 		.4byte	.LASF8
 185 006b 04       		.uleb128 0x4
 186 006c DB000000 		.4byte	.LASF12
 187 0070 02       		.byte	0x2
 188 0071 9201     		.2byte	0x192
 189 0073 2C000000 		.4byte	0x2c
 190 0077 02       		.uleb128 0x2
 191 0078 04       		.byte	0x4
 192 0079 04       		.byte	0x4
 193 007a 0A010000 		.4byte	.LASF9
 194 007e 02       		.uleb128 0x2
 195 007f 08       		.byte	0x8
 196 0080 04       		.byte	0x4
 197 0081 84010000 		.4byte	.LASF10
 198 0085 02       		.uleb128 0x2
 199 0086 01       		.byte	0x1
 200 0087 08       		.byte	0x8
 201 0088 1E010000 		.4byte	.LASF11
 202 008c 04       		.uleb128 0x4
 203 008d E6010000 		.4byte	.LASF13
 204 0091 02       		.byte	0x2
 205 0092 3C02     		.2byte	0x23c
 206 0094 98000000 		.4byte	0x98
 207 0098 05       		.uleb128 0x5
 208 0099 6B000000 		.4byte	0x6b
 209 009d 02       		.uleb128 0x2
 210 009e 04       		.byte	0x4
 211 009f 07       		.byte	0x7
 212 00a0 BD010000 		.4byte	.LASF14
 213 00a4 06       		.uleb128 0x6
ARM GAS  C:\Users\chemi\AppData\Local\Temp\cckO6Pcb.s 			page 7


 214 00a5 01       		.byte	0x1
 215 00a6 03       		.byte	0x3
 216 00a7 26       		.byte	0x26
 217 00a8 B9000000 		.4byte	0xb9
 218 00ac 07       		.uleb128 0x7
 219 00ad 0E000000 		.4byte	.LASF25
 220 00b1 03       		.byte	0x3
 221 00b2 28       		.byte	0x28
 222 00b3 6B000000 		.4byte	0x6b
 223 00b7 00       		.byte	0
 224 00b8 00       		.byte	0
 225 00b9 08       		.uleb128 0x8
 226 00ba FA010000 		.4byte	.LASF15
 227 00be 03       		.byte	0x3
 228 00bf 29       		.byte	0x29
 229 00c0 A4000000 		.4byte	0xa4
 230 00c4 09       		.uleb128 0x9
 231 00c5 8B010000 		.4byte	.LASF16
 232 00c9 01       		.byte	0x1
 233 00ca 25       		.byte	0x25
 234 00cb 01       		.byte	0x1
 235 00cc 09       		.uleb128 0x9
 236 00cd C6010000 		.4byte	.LASF17
 237 00d1 01       		.byte	0x1
 238 00d2 39       		.byte	0x39
 239 00d3 01       		.byte	0x1
 240 00d4 0A       		.uleb128 0xa
 241 00d5 CC000000 		.4byte	0xcc
 242 00d9 00000000 		.4byte	.LFB1
 243 00dd 02000000 		.4byte	.LFE1-.LFB1
 244 00e1 01       		.uleb128 0x1
 245 00e2 9C       		.byte	0x9c
 246 00e3 0B       		.uleb128 0xb
 247 00e4 34000000 		.4byte	.LASF18
 248 00e8 01       		.byte	0x1
 249 00e9 52       		.byte	0x52
 250 00ea 00000000 		.4byte	.LFB2
 251 00ee 24000000 		.4byte	.LFE2-.LFB2
 252 00f2 01       		.uleb128 0x1
 253 00f3 9C       		.byte	0x9c
 254 00f4 02010000 		.4byte	0x102
 255 00f8 0C       		.uleb128 0xc
 256 00f9 18000000 		.4byte	.LVL0
 257 00fd 32010000 		.4byte	0x132
 258 0101 00       		.byte	0
 259 0102 0B       		.uleb128 0xb
 260 0103 EB010000 		.4byte	.LASF19
 261 0107 01       		.byte	0x1
 262 0108 79       		.byte	0x79
 263 0109 00000000 		.4byte	.LFB3
 264 010d 14000000 		.4byte	.LFE3-.LFB3
 265 0111 01       		.uleb128 0x1
 266 0112 9C       		.byte	0x9c
 267 0113 21010000 		.4byte	0x121
 268 0117 0C       		.uleb128 0xc
 269 0118 0C000000 		.4byte	.LVL1
 270 011c 3D010000 		.4byte	0x13d
ARM GAS  C:\Users\chemi\AppData\Local\Temp\cckO6Pcb.s 			page 8


 271 0120 00       		.byte	0
 272 0121 0D       		.uleb128 0xd
 273 0122 75010000 		.4byte	.LASF26
 274 0126 01       		.byte	0x1
 275 0127 14       		.byte	0x14
 276 0128 B9000000 		.4byte	0xb9
 277 012c 05       		.uleb128 0x5
 278 012d 03       		.byte	0x3
 279 012e 00000000 		.4byte	Opamp_1_backup
 280 0132 0E       		.uleb128 0xe
 281 0133 27000000 		.4byte	.LASF20
 282 0137 27000000 		.4byte	.LASF20
 283 013b 03       		.byte	0x3
 284 013c 34       		.byte	0x34
 285 013d 0E       		.uleb128 0xe
 286 013e 10020000 		.4byte	.LASF21
 287 0142 10020000 		.4byte	.LASF21
 288 0146 03       		.byte	0x3
 289 0147 3B       		.byte	0x3b
 290 0148 00       		.byte	0
 291              		.section	.debug_abbrev,"",%progbits
 292              	.Ldebug_abbrev0:
 293 0000 01       		.uleb128 0x1
 294 0001 11       		.uleb128 0x11
 295 0002 01       		.byte	0x1
 296 0003 25       		.uleb128 0x25
 297 0004 0E       		.uleb128 0xe
 298 0005 13       		.uleb128 0x13
 299 0006 0B       		.uleb128 0xb
 300 0007 03       		.uleb128 0x3
 301 0008 0E       		.uleb128 0xe
 302 0009 1B       		.uleb128 0x1b
 303 000a 0E       		.uleb128 0xe
 304 000b 55       		.uleb128 0x55
 305 000c 17       		.uleb128 0x17
 306 000d 11       		.uleb128 0x11
 307 000e 01       		.uleb128 0x1
 308 000f 10       		.uleb128 0x10
 309 0010 17       		.uleb128 0x17
 310 0011 00       		.byte	0
 311 0012 00       		.byte	0
 312 0013 02       		.uleb128 0x2
 313 0014 24       		.uleb128 0x24
 314 0015 00       		.byte	0
 315 0016 0B       		.uleb128 0xb
 316 0017 0B       		.uleb128 0xb
 317 0018 3E       		.uleb128 0x3e
 318 0019 0B       		.uleb128 0xb
 319 001a 03       		.uleb128 0x3
 320 001b 0E       		.uleb128 0xe
 321 001c 00       		.byte	0
 322 001d 00       		.byte	0
 323 001e 03       		.uleb128 0x3
 324 001f 24       		.uleb128 0x24
 325 0020 00       		.byte	0
 326 0021 0B       		.uleb128 0xb
 327 0022 0B       		.uleb128 0xb
ARM GAS  C:\Users\chemi\AppData\Local\Temp\cckO6Pcb.s 			page 9


 328 0023 3E       		.uleb128 0x3e
 329 0024 0B       		.uleb128 0xb
 330 0025 03       		.uleb128 0x3
 331 0026 08       		.uleb128 0x8
 332 0027 00       		.byte	0
 333 0028 00       		.byte	0
 334 0029 04       		.uleb128 0x4
 335 002a 16       		.uleb128 0x16
 336 002b 00       		.byte	0
 337 002c 03       		.uleb128 0x3
 338 002d 0E       		.uleb128 0xe
 339 002e 3A       		.uleb128 0x3a
 340 002f 0B       		.uleb128 0xb
 341 0030 3B       		.uleb128 0x3b
 342 0031 05       		.uleb128 0x5
 343 0032 49       		.uleb128 0x49
 344 0033 13       		.uleb128 0x13
 345 0034 00       		.byte	0
 346 0035 00       		.byte	0
 347 0036 05       		.uleb128 0x5
 348 0037 35       		.uleb128 0x35
 349 0038 00       		.byte	0
 350 0039 49       		.uleb128 0x49
 351 003a 13       		.uleb128 0x13
 352 003b 00       		.byte	0
 353 003c 00       		.byte	0
 354 003d 06       		.uleb128 0x6
 355 003e 13       		.uleb128 0x13
 356 003f 01       		.byte	0x1
 357 0040 0B       		.uleb128 0xb
 358 0041 0B       		.uleb128 0xb
 359 0042 3A       		.uleb128 0x3a
 360 0043 0B       		.uleb128 0xb
 361 0044 3B       		.uleb128 0x3b
 362 0045 0B       		.uleb128 0xb
 363 0046 01       		.uleb128 0x1
 364 0047 13       		.uleb128 0x13
 365 0048 00       		.byte	0
 366 0049 00       		.byte	0
 367 004a 07       		.uleb128 0x7
 368 004b 0D       		.uleb128 0xd
 369 004c 00       		.byte	0
 370 004d 03       		.uleb128 0x3
 371 004e 0E       		.uleb128 0xe
 372 004f 3A       		.uleb128 0x3a
 373 0050 0B       		.uleb128 0xb
 374 0051 3B       		.uleb128 0x3b
 375 0052 0B       		.uleb128 0xb
 376 0053 49       		.uleb128 0x49
 377 0054 13       		.uleb128 0x13
 378 0055 38       		.uleb128 0x38
 379 0056 0B       		.uleb128 0xb
 380 0057 00       		.byte	0
 381 0058 00       		.byte	0
 382 0059 08       		.uleb128 0x8
 383 005a 16       		.uleb128 0x16
 384 005b 00       		.byte	0
ARM GAS  C:\Users\chemi\AppData\Local\Temp\cckO6Pcb.s 			page 10


 385 005c 03       		.uleb128 0x3
 386 005d 0E       		.uleb128 0xe
 387 005e 3A       		.uleb128 0x3a
 388 005f 0B       		.uleb128 0xb
 389 0060 3B       		.uleb128 0x3b
 390 0061 0B       		.uleb128 0xb
 391 0062 49       		.uleb128 0x49
 392 0063 13       		.uleb128 0x13
 393 0064 00       		.byte	0
 394 0065 00       		.byte	0
 395 0066 09       		.uleb128 0x9
 396 0067 2E       		.uleb128 0x2e
 397 0068 00       		.byte	0
 398 0069 3F       		.uleb128 0x3f
 399 006a 19       		.uleb128 0x19
 400 006b 03       		.uleb128 0x3
 401 006c 0E       		.uleb128 0xe
 402 006d 3A       		.uleb128 0x3a
 403 006e 0B       		.uleb128 0xb
 404 006f 3B       		.uleb128 0x3b
 405 0070 0B       		.uleb128 0xb
 406 0071 27       		.uleb128 0x27
 407 0072 19       		.uleb128 0x19
 408 0073 20       		.uleb128 0x20
 409 0074 0B       		.uleb128 0xb
 410 0075 00       		.byte	0
 411 0076 00       		.byte	0
 412 0077 0A       		.uleb128 0xa
 413 0078 2E       		.uleb128 0x2e
 414 0079 00       		.byte	0
 415 007a 31       		.uleb128 0x31
 416 007b 13       		.uleb128 0x13
 417 007c 11       		.uleb128 0x11
 418 007d 01       		.uleb128 0x1
 419 007e 12       		.uleb128 0x12
 420 007f 06       		.uleb128 0x6
 421 0080 40       		.uleb128 0x40
 422 0081 18       		.uleb128 0x18
 423 0082 9742     		.uleb128 0x2117
 424 0084 19       		.uleb128 0x19
 425 0085 00       		.byte	0
 426 0086 00       		.byte	0
 427 0087 0B       		.uleb128 0xb
 428 0088 2E       		.uleb128 0x2e
 429 0089 01       		.byte	0x1
 430 008a 3F       		.uleb128 0x3f
 431 008b 19       		.uleb128 0x19
 432 008c 03       		.uleb128 0x3
 433 008d 0E       		.uleb128 0xe
 434 008e 3A       		.uleb128 0x3a
 435 008f 0B       		.uleb128 0xb
 436 0090 3B       		.uleb128 0x3b
 437 0091 0B       		.uleb128 0xb
 438 0092 27       		.uleb128 0x27
 439 0093 19       		.uleb128 0x19
 440 0094 11       		.uleb128 0x11
 441 0095 01       		.uleb128 0x1
ARM GAS  C:\Users\chemi\AppData\Local\Temp\cckO6Pcb.s 			page 11


 442 0096 12       		.uleb128 0x12
 443 0097 06       		.uleb128 0x6
 444 0098 40       		.uleb128 0x40
 445 0099 18       		.uleb128 0x18
 446 009a 9742     		.uleb128 0x2117
 447 009c 19       		.uleb128 0x19
 448 009d 01       		.uleb128 0x1
 449 009e 13       		.uleb128 0x13
 450 009f 00       		.byte	0
 451 00a0 00       		.byte	0
 452 00a1 0C       		.uleb128 0xc
 453 00a2 898201   		.uleb128 0x4109
 454 00a5 00       		.byte	0
 455 00a6 11       		.uleb128 0x11
 456 00a7 01       		.uleb128 0x1
 457 00a8 9542     		.uleb128 0x2115
 458 00aa 19       		.uleb128 0x19
 459 00ab 31       		.uleb128 0x31
 460 00ac 13       		.uleb128 0x13
 461 00ad 00       		.byte	0
 462 00ae 00       		.byte	0
 463 00af 0D       		.uleb128 0xd
 464 00b0 34       		.uleb128 0x34
 465 00b1 00       		.byte	0
 466 00b2 03       		.uleb128 0x3
 467 00b3 0E       		.uleb128 0xe
 468 00b4 3A       		.uleb128 0x3a
 469 00b5 0B       		.uleb128 0xb
 470 00b6 3B       		.uleb128 0x3b
 471 00b7 0B       		.uleb128 0xb
 472 00b8 49       		.uleb128 0x49
 473 00b9 13       		.uleb128 0x13
 474 00ba 02       		.uleb128 0x2
 475 00bb 18       		.uleb128 0x18
 476 00bc 00       		.byte	0
 477 00bd 00       		.byte	0
 478 00be 0E       		.uleb128 0xe
 479 00bf 2E       		.uleb128 0x2e
 480 00c0 00       		.byte	0
 481 00c1 3F       		.uleb128 0x3f
 482 00c2 19       		.uleb128 0x19
 483 00c3 3C       		.uleb128 0x3c
 484 00c4 19       		.uleb128 0x19
 485 00c5 6E       		.uleb128 0x6e
 486 00c6 0E       		.uleb128 0xe
 487 00c7 03       		.uleb128 0x3
 488 00c8 0E       		.uleb128 0xe
 489 00c9 3A       		.uleb128 0x3a
 490 00ca 0B       		.uleb128 0xb
 491 00cb 3B       		.uleb128 0x3b
 492 00cc 0B       		.uleb128 0xb
 493 00cd 00       		.byte	0
 494 00ce 00       		.byte	0
 495 00cf 00       		.byte	0
 496              		.section	.debug_aranges,"",%progbits
 497 0000 2C000000 		.4byte	0x2c
 498 0004 0200     		.2byte	0x2
ARM GAS  C:\Users\chemi\AppData\Local\Temp\cckO6Pcb.s 			page 12


 499 0006 00000000 		.4byte	.Ldebug_info0
 500 000a 04       		.byte	0x4
 501 000b 00       		.byte	0
 502 000c 0000     		.2byte	0
 503 000e 0000     		.2byte	0
 504 0010 00000000 		.4byte	.LFB1
 505 0014 02000000 		.4byte	.LFE1-.LFB1
 506 0018 00000000 		.4byte	.LFB2
 507 001c 24000000 		.4byte	.LFE2-.LFB2
 508 0020 00000000 		.4byte	.LFB3
 509 0024 14000000 		.4byte	.LFE3-.LFB3
 510 0028 00000000 		.4byte	0
 511 002c 00000000 		.4byte	0
 512              		.section	.debug_ranges,"",%progbits
 513              	.Ldebug_ranges0:
 514 0000 00000000 		.4byte	.LFB1
 515 0004 02000000 		.4byte	.LFE1
 516 0008 00000000 		.4byte	.LFB2
 517 000c 24000000 		.4byte	.LFE2
 518 0010 00000000 		.4byte	.LFB3
 519 0014 14000000 		.4byte	.LFE3
 520 0018 00000000 		.4byte	0
 521 001c 00000000 		.4byte	0
 522              		.section	.debug_line,"",%progbits
 523              	.Ldebug_line0:
 524 0000 8F000000 		.section	.debug_str,"MS",%progbits,1
 524      02005400 
 524      00000201 
 524      FB0E0D00 
 524      01010101 
 525              	.LASF6:
 526 0000 6C6F6E67 		.ascii	"long long int\000"
 526      206C6F6E 
 526      6720696E 
 526      7400
 527              	.LASF25:
 528 000e 656E6162 		.ascii	"enableState\000"
 528      6C655374 
 528      61746500 
 529              	.LASF8:
 530 001a 756E7369 		.ascii	"unsigned int\000"
 530      676E6564 
 530      20696E74 
 530      00
 531              	.LASF20:
 532 0027 4F70616D 		.ascii	"Opamp_1_Stop\000"
 532      705F315F 
 532      53746F70 
 532      00
 533              	.LASF18:
 534 0034 4F70616D 		.ascii	"Opamp_1_Sleep\000"
 534      705F315F 
 534      536C6565 
 534      7000
 535              	.LASF22:
 536 0042 474E5520 		.ascii	"GNU C99 5.4.1 20160609 (release) [ARM/embedded-5-br"
 536      43393920 
ARM GAS  C:\Users\chemi\AppData\Local\Temp\cckO6Pcb.s 			page 13


 536      352E342E 
 536      31203230 
 536      31363036 
 537 0075 616E6368 		.ascii	"anch revision 237715] -mcpu=cortex-m3 -mthumb -g -O"
 537      20726576 
 537      6973696F 
 537      6E203233 
 537      37373135 
 538 00a8 73202D73 		.ascii	"s -std=gnu99 -ffunction-sections -ffat-lto-objects\000"
 538      74643D67 
 538      6E753939 
 538      202D6666 
 538      756E6374 
 539              	.LASF12:
 540 00db 75696E74 		.ascii	"uint8\000"
 540      3800
 541              	.LASF5:
 542 00e1 6C6F6E67 		.ascii	"long unsigned int\000"
 542      20756E73 
 542      69676E65 
 542      6420696E 
 542      7400
 543              	.LASF7:
 544 00f3 6C6F6E67 		.ascii	"long long unsigned int\000"
 544      206C6F6E 
 544      6720756E 
 544      7369676E 
 544      65642069 
 545              	.LASF9:
 546 010a 666C6F61 		.ascii	"float\000"
 546      7400
 547              	.LASF1:
 548 0110 756E7369 		.ascii	"unsigned char\000"
 548      676E6564 
 548      20636861 
 548      7200
 549              	.LASF11:
 550 011e 63686172 		.ascii	"char\000"
 550      00
 551              	.LASF24:
 552 0123 433A5C55 		.ascii	"C:\\Users\\chemi\\UD3_QCW\\UD3_QFN.cydsn\000"
 552      73657273 
 552      5C636865 
 552      6D695C55 
 552      44335F51 
 553              	.LASF23:
 554 0148 47656E65 		.ascii	"Generated_Source\\PSoC5\\Opamp_1_PM.c\000"
 554      72617465 
 554      645F536F 
 554      75726365 
 554      5C50536F 
 555              	.LASF4:
 556 016c 6C6F6E67 		.ascii	"long int\000"
 556      20696E74 
 556      00
 557              	.LASF26:
 558 0175 4F70616D 		.ascii	"Opamp_1_backup\000"
ARM GAS  C:\Users\chemi\AppData\Local\Temp\cckO6Pcb.s 			page 14


 558      705F315F 
 558      6261636B 
 558      757000
 559              	.LASF10:
 560 0184 646F7562 		.ascii	"double\000"
 560      6C6500
 561              	.LASF16:
 562 018b 4F70616D 		.ascii	"Opamp_1_SaveConfig\000"
 562      705F315F 
 562      53617665 
 562      436F6E66 
 562      696700
 563              	.LASF3:
 564 019e 73686F72 		.ascii	"short unsigned int\000"
 564      7420756E 
 564      7369676E 
 564      65642069 
 564      6E7400
 565              	.LASF0:
 566 01b1 7369676E 		.ascii	"signed char\000"
 566      65642063 
 566      68617200 
 567              	.LASF14:
 568 01bd 73697A65 		.ascii	"sizetype\000"
 568      74797065 
 568      00
 569              	.LASF17:
 570 01c6 4F70616D 		.ascii	"Opamp_1_RestoreConfig\000"
 570      705F315F 
 570      52657374 
 570      6F726543 
 570      6F6E6669 
 571              	.LASF2:
 572 01dc 73686F72 		.ascii	"short int\000"
 572      7420696E 
 572      7400
 573              	.LASF13:
 574 01e6 72656738 		.ascii	"reg8\000"
 574      00
 575              	.LASF19:
 576 01eb 4F70616D 		.ascii	"Opamp_1_Wakeup\000"
 576      705F315F 
 576      57616B65 
 576      757000
 577              	.LASF15:
 578 01fa 4F70616D 		.ascii	"Opamp_1_BACKUP_STRUCT\000"
 578      705F315F 
 578      4241434B 
 578      55505F53 
 578      54525543 
 579              	.LASF21:
 580 0210 4F70616D 		.ascii	"Opamp_1_Enable\000"
 580      705F315F 
 580      456E6162 
 580      6C6500
 581              		.ident	"GCC: (GNU Tools for ARM Embedded Processors) 5.4.1 20160609 (release) [ARM/embedded-5-bran
