ARM GAS  C:\Users\chemi\AppData\Local\Temp\cc1wRDia.s 			page 1


   1              		.syntax unified
   2              		.cpu cortex-m3
   3              		.fpu softvfp
   4              		.eabi_attribute 20, 1
   5              		.eabi_attribute 21, 1
   6              		.eabi_attribute 23, 3
   7              		.eabi_attribute 24, 1
   8              		.eabi_attribute 25, 1
   9              		.eabi_attribute 26, 1
  10              		.eabi_attribute 30, 4
  11              		.eabi_attribute 34, 1
  12              		.eabi_attribute 18, 4
  13              		.thumb
  14              		.syntax unified
  15              		.file	"Opamp_2_PM.c"
  16              		.text
  17              	.Ltext0:
  18              		.cfi_sections	.debug_frame
  19              		.section	.text.Opamp_2_SaveConfig,"ax",%progbits
  20              		.align	1
  21              		.global	Opamp_2_SaveConfig
  22              		.thumb
  23              		.thumb_func
  24              		.type	Opamp_2_SaveConfig, %function
  25              	Opamp_2_SaveConfig:
  26              	.LFB5:
  27              		.cfi_startproc
  28              		@ args = 0, pretend = 0, frame = 0
  29              		@ frame_needed = 0, uses_anonymous_args = 0
  30              		@ link register save eliminated.
  31 0000 7047     		bx	lr
  32              		.cfi_endproc
  33              	.LFE5:
  34              		.size	Opamp_2_SaveConfig, .-Opamp_2_SaveConfig
  35              		.section	.text.Opamp_2_RestoreConfig,"ax",%progbits
  36              		.align	1
  37              		.global	Opamp_2_RestoreConfig
  38              		.thumb
  39              		.thumb_func
  40              		.type	Opamp_2_RestoreConfig, %function
  41              	Opamp_2_RestoreConfig:
  42              	.LFB1:
  43              		.file 1 "Generated_Source\\PSoC5\\Opamp_2_PM.c"
   1:Generated_Source\PSoC5/Opamp_2_PM.c **** /*******************************************************************************
   2:Generated_Source\PSoC5/Opamp_2_PM.c **** * File Name: Opamp_2_PM.c
   3:Generated_Source\PSoC5/Opamp_2_PM.c **** * Version 1.90
   4:Generated_Source\PSoC5/Opamp_2_PM.c **** *
   5:Generated_Source\PSoC5/Opamp_2_PM.c **** * Description:
   6:Generated_Source\PSoC5/Opamp_2_PM.c **** *  This file provides the power management source code to the API for the 
   7:Generated_Source\PSoC5/Opamp_2_PM.c **** *  OpAmp (Analog Buffer) component.
   8:Generated_Source\PSoC5/Opamp_2_PM.c **** *
   9:Generated_Source\PSoC5/Opamp_2_PM.c **** * Note:
  10:Generated_Source\PSoC5/Opamp_2_PM.c **** *
  11:Generated_Source\PSoC5/Opamp_2_PM.c **** ********************************************************************************
  12:Generated_Source\PSoC5/Opamp_2_PM.c **** * Copyright 2008-2012, Cypress Semiconductor Corporation.  All rights reserved.
  13:Generated_Source\PSoC5/Opamp_2_PM.c **** * You may use this file only in accordance with the license, terms, conditions, 
  14:Generated_Source\PSoC5/Opamp_2_PM.c **** * disclaimers, and limitations in the end user license agreement accompanying 
ARM GAS  C:\Users\chemi\AppData\Local\Temp\cc1wRDia.s 			page 2


  15:Generated_Source\PSoC5/Opamp_2_PM.c **** * the software package with which this file was provided.
  16:Generated_Source\PSoC5/Opamp_2_PM.c **** *******************************************************************************/
  17:Generated_Source\PSoC5/Opamp_2_PM.c **** 
  18:Generated_Source\PSoC5/Opamp_2_PM.c **** #include "Opamp_2.h"
  19:Generated_Source\PSoC5/Opamp_2_PM.c **** 
  20:Generated_Source\PSoC5/Opamp_2_PM.c **** static Opamp_2_BACKUP_STRUCT  Opamp_2_backup;
  21:Generated_Source\PSoC5/Opamp_2_PM.c **** 
  22:Generated_Source\PSoC5/Opamp_2_PM.c **** 
  23:Generated_Source\PSoC5/Opamp_2_PM.c **** /*******************************************************************************  
  24:Generated_Source\PSoC5/Opamp_2_PM.c **** * Function Name: Opamp_2_SaveConfig
  25:Generated_Source\PSoC5/Opamp_2_PM.c **** ********************************************************************************
  26:Generated_Source\PSoC5/Opamp_2_PM.c **** *
  27:Generated_Source\PSoC5/Opamp_2_PM.c **** * Summary:
  28:Generated_Source\PSoC5/Opamp_2_PM.c **** *  Saves the current user configuration registers.
  29:Generated_Source\PSoC5/Opamp_2_PM.c **** * 
  30:Generated_Source\PSoC5/Opamp_2_PM.c **** * Parameters:
  31:Generated_Source\PSoC5/Opamp_2_PM.c **** *  void
  32:Generated_Source\PSoC5/Opamp_2_PM.c **** * 
  33:Generated_Source\PSoC5/Opamp_2_PM.c **** * Return:
  34:Generated_Source\PSoC5/Opamp_2_PM.c **** *  void
  35:Generated_Source\PSoC5/Opamp_2_PM.c **** *
  36:Generated_Source\PSoC5/Opamp_2_PM.c **** *******************************************************************************/
  37:Generated_Source\PSoC5/Opamp_2_PM.c **** void Opamp_2_SaveConfig(void) 
  38:Generated_Source\PSoC5/Opamp_2_PM.c **** {
  39:Generated_Source\PSoC5/Opamp_2_PM.c ****     /* Nothing to save as registers are System reset on retention flops */
  40:Generated_Source\PSoC5/Opamp_2_PM.c **** }
  41:Generated_Source\PSoC5/Opamp_2_PM.c **** 
  42:Generated_Source\PSoC5/Opamp_2_PM.c **** 
  43:Generated_Source\PSoC5/Opamp_2_PM.c **** /*******************************************************************************  
  44:Generated_Source\PSoC5/Opamp_2_PM.c **** * Function Name: Opamp_2_RestoreConfig
  45:Generated_Source\PSoC5/Opamp_2_PM.c **** ********************************************************************************
  46:Generated_Source\PSoC5/Opamp_2_PM.c **** *
  47:Generated_Source\PSoC5/Opamp_2_PM.c **** * Summary:
  48:Generated_Source\PSoC5/Opamp_2_PM.c **** *  Restores the current user configuration registers.
  49:Generated_Source\PSoC5/Opamp_2_PM.c **** *
  50:Generated_Source\PSoC5/Opamp_2_PM.c **** * Parameters:
  51:Generated_Source\PSoC5/Opamp_2_PM.c **** *  void
  52:Generated_Source\PSoC5/Opamp_2_PM.c **** *
  53:Generated_Source\PSoC5/Opamp_2_PM.c **** * Return:
  54:Generated_Source\PSoC5/Opamp_2_PM.c **** *  void
  55:Generated_Source\PSoC5/Opamp_2_PM.c **** *
  56:Generated_Source\PSoC5/Opamp_2_PM.c **** *******************************************************************************/
  57:Generated_Source\PSoC5/Opamp_2_PM.c **** void Opamp_2_RestoreConfig(void) 
  58:Generated_Source\PSoC5/Opamp_2_PM.c **** {
  44              		.loc 1 58 0
  45              		.cfi_startproc
  46              		@ args = 0, pretend = 0, frame = 0
  47              		@ frame_needed = 0, uses_anonymous_args = 0
  48              		@ link register save eliminated.
  49 0000 7047     		bx	lr
  50              		.cfi_endproc
  51              	.LFE1:
  52              		.size	Opamp_2_RestoreConfig, .-Opamp_2_RestoreConfig
  53              		.section	.text.Opamp_2_Sleep,"ax",%progbits
  54              		.align	1
  55              		.global	Opamp_2_Sleep
  56              		.thumb
ARM GAS  C:\Users\chemi\AppData\Local\Temp\cc1wRDia.s 			page 3


  57              		.thumb_func
  58              		.type	Opamp_2_Sleep, %function
  59              	Opamp_2_Sleep:
  60              	.LFB2:
  59:Generated_Source\PSoC5/Opamp_2_PM.c ****     /* Nothing to restore */
  60:Generated_Source\PSoC5/Opamp_2_PM.c **** }
  61:Generated_Source\PSoC5/Opamp_2_PM.c **** 
  62:Generated_Source\PSoC5/Opamp_2_PM.c **** 
  63:Generated_Source\PSoC5/Opamp_2_PM.c **** /*******************************************************************************   
  64:Generated_Source\PSoC5/Opamp_2_PM.c **** * Function Name: Opamp_2_Sleep
  65:Generated_Source\PSoC5/Opamp_2_PM.c **** ********************************************************************************
  66:Generated_Source\PSoC5/Opamp_2_PM.c **** *
  67:Generated_Source\PSoC5/Opamp_2_PM.c **** * Summary:
  68:Generated_Source\PSoC5/Opamp_2_PM.c **** *  Disables block's operation and saves its configuration. Should be called 
  69:Generated_Source\PSoC5/Opamp_2_PM.c **** *  just prior to entering sleep.
  70:Generated_Source\PSoC5/Opamp_2_PM.c **** *
  71:Generated_Source\PSoC5/Opamp_2_PM.c **** * Parameters:
  72:Generated_Source\PSoC5/Opamp_2_PM.c **** *  void
  73:Generated_Source\PSoC5/Opamp_2_PM.c **** *
  74:Generated_Source\PSoC5/Opamp_2_PM.c **** * Return:
  75:Generated_Source\PSoC5/Opamp_2_PM.c **** *  void
  76:Generated_Source\PSoC5/Opamp_2_PM.c **** *
  77:Generated_Source\PSoC5/Opamp_2_PM.c **** * Global variables:
  78:Generated_Source\PSoC5/Opamp_2_PM.c **** *  Opamp_2_backup: The structure field 'enableState' is modified 
  79:Generated_Source\PSoC5/Opamp_2_PM.c **** *  depending on the enable state of the block before entering to sleep mode.
  80:Generated_Source\PSoC5/Opamp_2_PM.c **** *
  81:Generated_Source\PSoC5/Opamp_2_PM.c **** *******************************************************************************/
  82:Generated_Source\PSoC5/Opamp_2_PM.c **** void Opamp_2_Sleep(void) 
  83:Generated_Source\PSoC5/Opamp_2_PM.c **** {
  61              		.loc 1 83 0
  62              		.cfi_startproc
  63              		@ args = 0, pretend = 0, frame = 0
  64              		@ frame_needed = 0, uses_anonymous_args = 0
  65              		@ link register save eliminated.
  84:Generated_Source\PSoC5/Opamp_2_PM.c ****     /* Save OpAmp enable state */
  85:Generated_Source\PSoC5/Opamp_2_PM.c ****     if((Opamp_2_PM_ACT_CFG_REG & Opamp_2_ACT_PWR_EN) != 0u)
  66              		.loc 1 85 0
  67 0000 054B     		ldr	r3, .L6
  68 0002 064A     		ldr	r2, .L6+4
  69 0004 1B78     		ldrb	r3, [r3]	@ zero_extendqisi2
  70 0006 13F00103 		ands	r3, r3, #1
  71 000a 03D0     		beq	.L4
  86:Generated_Source\PSoC5/Opamp_2_PM.c ****     {
  87:Generated_Source\PSoC5/Opamp_2_PM.c ****         /* Component is enabled */
  88:Generated_Source\PSoC5/Opamp_2_PM.c ****         Opamp_2_backup.enableState = 1u;
  72              		.loc 1 88 0
  73 000c 0123     		movs	r3, #1
  74 000e 1370     		strb	r3, [r2]
  89:Generated_Source\PSoC5/Opamp_2_PM.c ****          /* Stops the component */
  90:Generated_Source\PSoC5/Opamp_2_PM.c ****          Opamp_2_Stop();
  75              		.loc 1 90 0
  76 0010 FFF7FEBF 		b	Opamp_2_Stop
  77              	.LVL0:
  78              	.L4:
  91:Generated_Source\PSoC5/Opamp_2_PM.c ****     }
  92:Generated_Source\PSoC5/Opamp_2_PM.c ****     else
  93:Generated_Source\PSoC5/Opamp_2_PM.c ****     {
ARM GAS  C:\Users\chemi\AppData\Local\Temp\cc1wRDia.s 			page 4


  94:Generated_Source\PSoC5/Opamp_2_PM.c ****         /* Component is disabled */
  95:Generated_Source\PSoC5/Opamp_2_PM.c ****         Opamp_2_backup.enableState = 0u;
  79              		.loc 1 95 0
  80 0014 1370     		strb	r3, [r2]
  81 0016 7047     		bx	lr
  82              	.L7:
  83              		.align	2
  84              	.L6:
  85 0018 A4430040 		.word	1073759140
  86 001c 00000000 		.word	.LANCHOR0
  87              		.cfi_endproc
  88              	.LFE2:
  89              		.size	Opamp_2_Sleep, .-Opamp_2_Sleep
  90              		.section	.text.Opamp_2_Wakeup,"ax",%progbits
  91              		.align	1
  92              		.global	Opamp_2_Wakeup
  93              		.thumb
  94              		.thumb_func
  95              		.type	Opamp_2_Wakeup, %function
  96              	Opamp_2_Wakeup:
  97              	.LFB3:
  96:Generated_Source\PSoC5/Opamp_2_PM.c ****     }
  97:Generated_Source\PSoC5/Opamp_2_PM.c ****     /* Saves the configuration */
  98:Generated_Source\PSoC5/Opamp_2_PM.c ****     Opamp_2_SaveConfig();
  99:Generated_Source\PSoC5/Opamp_2_PM.c **** }
 100:Generated_Source\PSoC5/Opamp_2_PM.c **** 
 101:Generated_Source\PSoC5/Opamp_2_PM.c **** 
 102:Generated_Source\PSoC5/Opamp_2_PM.c **** /*******************************************************************************  
 103:Generated_Source\PSoC5/Opamp_2_PM.c **** * Function Name: Opamp_2_Wakeup
 104:Generated_Source\PSoC5/Opamp_2_PM.c **** ********************************************************************************
 105:Generated_Source\PSoC5/Opamp_2_PM.c **** *
 106:Generated_Source\PSoC5/Opamp_2_PM.c **** * Summary:
 107:Generated_Source\PSoC5/Opamp_2_PM.c **** *  Enables block's operation and restores its configuration. Should be called
 108:Generated_Source\PSoC5/Opamp_2_PM.c **** *  just after awaking from sleep.
 109:Generated_Source\PSoC5/Opamp_2_PM.c **** *
 110:Generated_Source\PSoC5/Opamp_2_PM.c **** * Parameters:
 111:Generated_Source\PSoC5/Opamp_2_PM.c **** *  void
 112:Generated_Source\PSoC5/Opamp_2_PM.c **** *
 113:Generated_Source\PSoC5/Opamp_2_PM.c **** * Return:
 114:Generated_Source\PSoC5/Opamp_2_PM.c **** *  void
 115:Generated_Source\PSoC5/Opamp_2_PM.c **** *
 116:Generated_Source\PSoC5/Opamp_2_PM.c **** * Global variables:
 117:Generated_Source\PSoC5/Opamp_2_PM.c **** *  Opamp_2_backup: The structure field 'enableState' is used to 
 118:Generated_Source\PSoC5/Opamp_2_PM.c **** *  restore the enable state of block after wakeup from sleep mode.
 119:Generated_Source\PSoC5/Opamp_2_PM.c **** *
 120:Generated_Source\PSoC5/Opamp_2_PM.c **** *******************************************************************************/
 121:Generated_Source\PSoC5/Opamp_2_PM.c **** void Opamp_2_Wakeup(void) 
 122:Generated_Source\PSoC5/Opamp_2_PM.c **** {
  98              		.loc 1 122 0
  99              		.cfi_startproc
 100              		@ args = 0, pretend = 0, frame = 0
 101              		@ frame_needed = 0, uses_anonymous_args = 0
 102              		@ link register save eliminated.
 123:Generated_Source\PSoC5/Opamp_2_PM.c ****     /* Restore the user configuration */
 124:Generated_Source\PSoC5/Opamp_2_PM.c ****     Opamp_2_RestoreConfig();
 125:Generated_Source\PSoC5/Opamp_2_PM.c **** 
 126:Generated_Source\PSoC5/Opamp_2_PM.c ****     /* Enables the component operation */
ARM GAS  C:\Users\chemi\AppData\Local\Temp\cc1wRDia.s 			page 5


 127:Generated_Source\PSoC5/Opamp_2_PM.c ****     if(Opamp_2_backup.enableState == 1u)
 103              		.loc 1 127 0
 104 0000 034B     		ldr	r3, .L10
 105 0002 1B78     		ldrb	r3, [r3]	@ zero_extendqisi2
 106 0004 012B     		cmp	r3, #1
 107 0006 01D1     		bne	.L8
 128:Generated_Source\PSoC5/Opamp_2_PM.c ****     {
 129:Generated_Source\PSoC5/Opamp_2_PM.c ****         Opamp_2_Enable();
 108              		.loc 1 129 0
 109 0008 FFF7FEBF 		b	Opamp_2_Enable
 110              	.LVL1:
 111              	.L8:
 112 000c 7047     		bx	lr
 113              	.L11:
 114 000e 00BF     		.align	2
 115              	.L10:
 116 0010 00000000 		.word	.LANCHOR0
 117              		.cfi_endproc
 118              	.LFE3:
 119              		.size	Opamp_2_Wakeup, .-Opamp_2_Wakeup
 120              		.bss
 121              		.set	.LANCHOR0,. + 0
 122              		.type	Opamp_2_backup, %object
 123              		.size	Opamp_2_backup, 1
 124              	Opamp_2_backup:
 125 0000 00       		.space	1
 126              		.text
 127              	.Letext0:
 128              		.file 2 "Generated_Source\\PSoC5\\cytypes.h"
 129              		.file 3 "Generated_Source\\PSoC5\\Opamp_2.h"
 130              		.section	.debug_info,"",%progbits
 131              	.Ldebug_info0:
 132 0000 45010000 		.4byte	0x145
 133 0004 0400     		.2byte	0x4
 134 0006 00000000 		.4byte	.Ldebug_abbrev0
 135 000a 04       		.byte	0x4
 136 000b 01       		.uleb128 0x1
 137 000c 27000000 		.4byte	.LASF22
 138 0010 0C       		.byte	0xc
 139 0011 E3010000 		.4byte	.LASF23
 140 0015 1B010000 		.4byte	.LASF24
 141 0019 00000000 		.4byte	.Ldebug_ranges0+0
 142 001d 00000000 		.4byte	0
 143 0021 00000000 		.4byte	.Ldebug_line0
 144 0025 02       		.uleb128 0x2
 145 0026 01       		.byte	0x1
 146 0027 06       		.byte	0x6
 147 0028 AD010000 		.4byte	.LASF0
 148 002c 02       		.uleb128 0x2
 149 002d 01       		.byte	0x1
 150 002e 08       		.byte	0x8
 151 002f 08010000 		.4byte	.LASF1
 152 0033 02       		.uleb128 0x2
 153 0034 02       		.byte	0x2
 154 0035 05       		.byte	0x5
 155 0036 07020000 		.4byte	.LASF2
 156 003a 02       		.uleb128 0x2
ARM GAS  C:\Users\chemi\AppData\Local\Temp\cc1wRDia.s 			page 6


 157 003b 02       		.byte	0x2
 158 003c 07       		.byte	0x7
 159 003d 9A010000 		.4byte	.LASF3
 160 0041 02       		.uleb128 0x2
 161 0042 04       		.byte	0x4
 162 0043 05       		.byte	0x5
 163 0044 40010000 		.4byte	.LASF4
 164 0048 02       		.uleb128 0x2
 165 0049 04       		.byte	0x4
 166 004a 07       		.byte	0x7
 167 004b 6B010000 		.4byte	.LASF5
 168 004f 02       		.uleb128 0x2
 169 0050 08       		.byte	0x8
 170 0051 05       		.byte	0x5
 171 0052 00000000 		.4byte	.LASF6
 172 0056 02       		.uleb128 0x2
 173 0057 08       		.byte	0x8
 174 0058 07       		.byte	0x7
 175 0059 D5000000 		.4byte	.LASF7
 176 005d 03       		.uleb128 0x3
 177 005e 04       		.byte	0x4
 178 005f 05       		.byte	0x5
 179 0060 696E7400 		.ascii	"int\000"
 180 0064 02       		.uleb128 0x2
 181 0065 04       		.byte	0x4
 182 0066 07       		.byte	0x7
 183 0067 1A000000 		.4byte	.LASF8
 184 006b 04       		.uleb128 0x4
 185 006c C0000000 		.4byte	.LASF12
 186 0070 02       		.byte	0x2
 187 0071 9201     		.2byte	0x192
 188 0073 2C000000 		.4byte	0x2c
 189 0077 02       		.uleb128 0x2
 190 0078 04       		.byte	0x4
 191 0079 04       		.byte	0x4
 192 007a DD010000 		.4byte	.LASF9
 193 007e 02       		.uleb128 0x2
 194 007f 08       		.byte	0x8
 195 0080 04       		.byte	0x4
 196 0081 7D010000 		.4byte	.LASF10
 197 0085 02       		.uleb128 0x2
 198 0086 01       		.byte	0x1
 199 0087 08       		.byte	0x8
 200 0088 16010000 		.4byte	.LASF11
 201 008c 04       		.uleb128 0x4
 202 008d 11020000 		.4byte	.LASF13
 203 0091 02       		.byte	0x2
 204 0092 3C02     		.2byte	0x23c
 205 0094 98000000 		.4byte	0x98
 206 0098 05       		.uleb128 0x5
 207 0099 6B000000 		.4byte	0x6b
 208 009d 02       		.uleb128 0x2
 209 009e 04       		.byte	0x4
 210 009f 07       		.byte	0x7
 211 00a0 16020000 		.4byte	.LASF14
 212 00a4 06       		.uleb128 0x6
 213 00a5 01       		.byte	0x1
ARM GAS  C:\Users\chemi\AppData\Local\Temp\cc1wRDia.s 			page 7


 214 00a6 03       		.byte	0x3
 215 00a7 26       		.byte	0x26
 216 00a8 B9000000 		.4byte	0xb9
 217 00ac 07       		.uleb128 0x7
 218 00ad 0E000000 		.4byte	.LASF25
 219 00b1 03       		.byte	0x3
 220 00b2 28       		.byte	0x28
 221 00b3 6B000000 		.4byte	0x6b
 222 00b7 00       		.byte	0
 223 00b8 00       		.byte	0
 224 00b9 08       		.uleb128 0x8
 225 00ba C7010000 		.4byte	.LASF15
 226 00be 03       		.byte	0x3
 227 00bf 29       		.byte	0x29
 228 00c0 A4000000 		.4byte	0xa4
 229 00c4 09       		.uleb128 0x9
 230 00c5 58010000 		.4byte	.LASF16
 231 00c9 01       		.byte	0x1
 232 00ca 25       		.byte	0x25
 233 00cb 01       		.byte	0x1
 234 00cc 09       		.uleb128 0x9
 235 00cd 84010000 		.4byte	.LASF17
 236 00d1 01       		.byte	0x1
 237 00d2 39       		.byte	0x39
 238 00d3 01       		.byte	0x1
 239 00d4 0A       		.uleb128 0xa
 240 00d5 CC000000 		.4byte	0xcc
 241 00d9 00000000 		.4byte	.LFB1
 242 00dd 02000000 		.4byte	.LFE1-.LFB1
 243 00e1 01       		.uleb128 0x1
 244 00e2 9C       		.byte	0x9c
 245 00e3 0B       		.uleb128 0xb
 246 00e4 B9010000 		.4byte	.LASF18
 247 00e8 01       		.byte	0x1
 248 00e9 52       		.byte	0x52
 249 00ea 00000000 		.4byte	.LFB2
 250 00ee 20000000 		.4byte	.LFE2-.LFB2
 251 00f2 01       		.uleb128 0x1
 252 00f3 9C       		.byte	0x9c
 253 00f4 02010000 		.4byte	0x102
 254 00f8 0C       		.uleb128 0xc
 255 00f9 14000000 		.4byte	.LVL0
 256 00fd 32010000 		.4byte	0x132
 257 0101 00       		.byte	0
 258 0102 0B       		.uleb128 0xb
 259 0103 49010000 		.4byte	.LASF19
 260 0107 01       		.byte	0x1
 261 0108 79       		.byte	0x79
 262 0109 00000000 		.4byte	.LFB3
 263 010d 14000000 		.4byte	.LFE3-.LFB3
 264 0111 01       		.uleb128 0x1
 265 0112 9C       		.byte	0x9c
 266 0113 21010000 		.4byte	0x121
 267 0117 0C       		.uleb128 0xc
 268 0118 0C000000 		.4byte	.LVL1
 269 011c 3D010000 		.4byte	0x13d
 270 0120 00       		.byte	0
ARM GAS  C:\Users\chemi\AppData\Local\Temp\cc1wRDia.s 			page 8


 271 0121 0D       		.uleb128 0xd
 272 0122 C6000000 		.4byte	.LASF26
 273 0126 01       		.byte	0x1
 274 0127 14       		.byte	0x14
 275 0128 B9000000 		.4byte	0xb9
 276 012c 05       		.uleb128 0x5
 277 012d 03       		.byte	0x3
 278 012e 00000000 		.4byte	Opamp_2_backup
 279 0132 0E       		.uleb128 0xe
 280 0133 FB000000 		.4byte	.LASF20
 281 0137 FB000000 		.4byte	.LASF20
 282 013b 03       		.byte	0x3
 283 013c 34       		.byte	0x34
 284 013d 0E       		.uleb128 0xe
 285 013e EC000000 		.4byte	.LASF21
 286 0142 EC000000 		.4byte	.LASF21
 287 0146 03       		.byte	0x3
 288 0147 3B       		.byte	0x3b
 289 0148 00       		.byte	0
 290              		.section	.debug_abbrev,"",%progbits
 291              	.Ldebug_abbrev0:
 292 0000 01       		.uleb128 0x1
 293 0001 11       		.uleb128 0x11
 294 0002 01       		.byte	0x1
 295 0003 25       		.uleb128 0x25
 296 0004 0E       		.uleb128 0xe
 297 0005 13       		.uleb128 0x13
 298 0006 0B       		.uleb128 0xb
 299 0007 03       		.uleb128 0x3
 300 0008 0E       		.uleb128 0xe
 301 0009 1B       		.uleb128 0x1b
 302 000a 0E       		.uleb128 0xe
 303 000b 55       		.uleb128 0x55
 304 000c 17       		.uleb128 0x17
 305 000d 11       		.uleb128 0x11
 306 000e 01       		.uleb128 0x1
 307 000f 10       		.uleb128 0x10
 308 0010 17       		.uleb128 0x17
 309 0011 00       		.byte	0
 310 0012 00       		.byte	0
 311 0013 02       		.uleb128 0x2
 312 0014 24       		.uleb128 0x24
 313 0015 00       		.byte	0
 314 0016 0B       		.uleb128 0xb
 315 0017 0B       		.uleb128 0xb
 316 0018 3E       		.uleb128 0x3e
 317 0019 0B       		.uleb128 0xb
 318 001a 03       		.uleb128 0x3
 319 001b 0E       		.uleb128 0xe
 320 001c 00       		.byte	0
 321 001d 00       		.byte	0
 322 001e 03       		.uleb128 0x3
 323 001f 24       		.uleb128 0x24
 324 0020 00       		.byte	0
 325 0021 0B       		.uleb128 0xb
 326 0022 0B       		.uleb128 0xb
 327 0023 3E       		.uleb128 0x3e
ARM GAS  C:\Users\chemi\AppData\Local\Temp\cc1wRDia.s 			page 9


 328 0024 0B       		.uleb128 0xb
 329 0025 03       		.uleb128 0x3
 330 0026 08       		.uleb128 0x8
 331 0027 00       		.byte	0
 332 0028 00       		.byte	0
 333 0029 04       		.uleb128 0x4
 334 002a 16       		.uleb128 0x16
 335 002b 00       		.byte	0
 336 002c 03       		.uleb128 0x3
 337 002d 0E       		.uleb128 0xe
 338 002e 3A       		.uleb128 0x3a
 339 002f 0B       		.uleb128 0xb
 340 0030 3B       		.uleb128 0x3b
 341 0031 05       		.uleb128 0x5
 342 0032 49       		.uleb128 0x49
 343 0033 13       		.uleb128 0x13
 344 0034 00       		.byte	0
 345 0035 00       		.byte	0
 346 0036 05       		.uleb128 0x5
 347 0037 35       		.uleb128 0x35
 348 0038 00       		.byte	0
 349 0039 49       		.uleb128 0x49
 350 003a 13       		.uleb128 0x13
 351 003b 00       		.byte	0
 352 003c 00       		.byte	0
 353 003d 06       		.uleb128 0x6
 354 003e 13       		.uleb128 0x13
 355 003f 01       		.byte	0x1
 356 0040 0B       		.uleb128 0xb
 357 0041 0B       		.uleb128 0xb
 358 0042 3A       		.uleb128 0x3a
 359 0043 0B       		.uleb128 0xb
 360 0044 3B       		.uleb128 0x3b
 361 0045 0B       		.uleb128 0xb
 362 0046 01       		.uleb128 0x1
 363 0047 13       		.uleb128 0x13
 364 0048 00       		.byte	0
 365 0049 00       		.byte	0
 366 004a 07       		.uleb128 0x7
 367 004b 0D       		.uleb128 0xd
 368 004c 00       		.byte	0
 369 004d 03       		.uleb128 0x3
 370 004e 0E       		.uleb128 0xe
 371 004f 3A       		.uleb128 0x3a
 372 0050 0B       		.uleb128 0xb
 373 0051 3B       		.uleb128 0x3b
 374 0052 0B       		.uleb128 0xb
 375 0053 49       		.uleb128 0x49
 376 0054 13       		.uleb128 0x13
 377 0055 38       		.uleb128 0x38
 378 0056 0B       		.uleb128 0xb
 379 0057 00       		.byte	0
 380 0058 00       		.byte	0
 381 0059 08       		.uleb128 0x8
 382 005a 16       		.uleb128 0x16
 383 005b 00       		.byte	0
 384 005c 03       		.uleb128 0x3
ARM GAS  C:\Users\chemi\AppData\Local\Temp\cc1wRDia.s 			page 10


 385 005d 0E       		.uleb128 0xe
 386 005e 3A       		.uleb128 0x3a
 387 005f 0B       		.uleb128 0xb
 388 0060 3B       		.uleb128 0x3b
 389 0061 0B       		.uleb128 0xb
 390 0062 49       		.uleb128 0x49
 391 0063 13       		.uleb128 0x13
 392 0064 00       		.byte	0
 393 0065 00       		.byte	0
 394 0066 09       		.uleb128 0x9
 395 0067 2E       		.uleb128 0x2e
 396 0068 00       		.byte	0
 397 0069 3F       		.uleb128 0x3f
 398 006a 19       		.uleb128 0x19
 399 006b 03       		.uleb128 0x3
 400 006c 0E       		.uleb128 0xe
 401 006d 3A       		.uleb128 0x3a
 402 006e 0B       		.uleb128 0xb
 403 006f 3B       		.uleb128 0x3b
 404 0070 0B       		.uleb128 0xb
 405 0071 27       		.uleb128 0x27
 406 0072 19       		.uleb128 0x19
 407 0073 20       		.uleb128 0x20
 408 0074 0B       		.uleb128 0xb
 409 0075 00       		.byte	0
 410 0076 00       		.byte	0
 411 0077 0A       		.uleb128 0xa
 412 0078 2E       		.uleb128 0x2e
 413 0079 00       		.byte	0
 414 007a 31       		.uleb128 0x31
 415 007b 13       		.uleb128 0x13
 416 007c 11       		.uleb128 0x11
 417 007d 01       		.uleb128 0x1
 418 007e 12       		.uleb128 0x12
 419 007f 06       		.uleb128 0x6
 420 0080 40       		.uleb128 0x40
 421 0081 18       		.uleb128 0x18
 422 0082 9742     		.uleb128 0x2117
 423 0084 19       		.uleb128 0x19
 424 0085 00       		.byte	0
 425 0086 00       		.byte	0
 426 0087 0B       		.uleb128 0xb
 427 0088 2E       		.uleb128 0x2e
 428 0089 01       		.byte	0x1
 429 008a 3F       		.uleb128 0x3f
 430 008b 19       		.uleb128 0x19
 431 008c 03       		.uleb128 0x3
 432 008d 0E       		.uleb128 0xe
 433 008e 3A       		.uleb128 0x3a
 434 008f 0B       		.uleb128 0xb
 435 0090 3B       		.uleb128 0x3b
 436 0091 0B       		.uleb128 0xb
 437 0092 27       		.uleb128 0x27
 438 0093 19       		.uleb128 0x19
 439 0094 11       		.uleb128 0x11
 440 0095 01       		.uleb128 0x1
 441 0096 12       		.uleb128 0x12
ARM GAS  C:\Users\chemi\AppData\Local\Temp\cc1wRDia.s 			page 11


 442 0097 06       		.uleb128 0x6
 443 0098 40       		.uleb128 0x40
 444 0099 18       		.uleb128 0x18
 445 009a 9742     		.uleb128 0x2117
 446 009c 19       		.uleb128 0x19
 447 009d 01       		.uleb128 0x1
 448 009e 13       		.uleb128 0x13
 449 009f 00       		.byte	0
 450 00a0 00       		.byte	0
 451 00a1 0C       		.uleb128 0xc
 452 00a2 898201   		.uleb128 0x4109
 453 00a5 00       		.byte	0
 454 00a6 11       		.uleb128 0x11
 455 00a7 01       		.uleb128 0x1
 456 00a8 9542     		.uleb128 0x2115
 457 00aa 19       		.uleb128 0x19
 458 00ab 31       		.uleb128 0x31
 459 00ac 13       		.uleb128 0x13
 460 00ad 00       		.byte	0
 461 00ae 00       		.byte	0
 462 00af 0D       		.uleb128 0xd
 463 00b0 34       		.uleb128 0x34
 464 00b1 00       		.byte	0
 465 00b2 03       		.uleb128 0x3
 466 00b3 0E       		.uleb128 0xe
 467 00b4 3A       		.uleb128 0x3a
 468 00b5 0B       		.uleb128 0xb
 469 00b6 3B       		.uleb128 0x3b
 470 00b7 0B       		.uleb128 0xb
 471 00b8 49       		.uleb128 0x49
 472 00b9 13       		.uleb128 0x13
 473 00ba 02       		.uleb128 0x2
 474 00bb 18       		.uleb128 0x18
 475 00bc 00       		.byte	0
 476 00bd 00       		.byte	0
 477 00be 0E       		.uleb128 0xe
 478 00bf 2E       		.uleb128 0x2e
 479 00c0 00       		.byte	0
 480 00c1 3F       		.uleb128 0x3f
 481 00c2 19       		.uleb128 0x19
 482 00c3 3C       		.uleb128 0x3c
 483 00c4 19       		.uleb128 0x19
 484 00c5 6E       		.uleb128 0x6e
 485 00c6 0E       		.uleb128 0xe
 486 00c7 03       		.uleb128 0x3
 487 00c8 0E       		.uleb128 0xe
 488 00c9 3A       		.uleb128 0x3a
 489 00ca 0B       		.uleb128 0xb
 490 00cb 3B       		.uleb128 0x3b
 491 00cc 0B       		.uleb128 0xb
 492 00cd 00       		.byte	0
 493 00ce 00       		.byte	0
 494 00cf 00       		.byte	0
 495              		.section	.debug_aranges,"",%progbits
 496 0000 2C000000 		.4byte	0x2c
 497 0004 0200     		.2byte	0x2
 498 0006 00000000 		.4byte	.Ldebug_info0
ARM GAS  C:\Users\chemi\AppData\Local\Temp\cc1wRDia.s 			page 12


 499 000a 04       		.byte	0x4
 500 000b 00       		.byte	0
 501 000c 0000     		.2byte	0
 502 000e 0000     		.2byte	0
 503 0010 00000000 		.4byte	.LFB1
 504 0014 02000000 		.4byte	.LFE1-.LFB1
 505 0018 00000000 		.4byte	.LFB2
 506 001c 20000000 		.4byte	.LFE2-.LFB2
 507 0020 00000000 		.4byte	.LFB3
 508 0024 14000000 		.4byte	.LFE3-.LFB3
 509 0028 00000000 		.4byte	0
 510 002c 00000000 		.4byte	0
 511              		.section	.debug_ranges,"",%progbits
 512              	.Ldebug_ranges0:
 513 0000 00000000 		.4byte	.LFB1
 514 0004 02000000 		.4byte	.LFE1
 515 0008 00000000 		.4byte	.LFB2
 516 000c 20000000 		.4byte	.LFE2
 517 0010 00000000 		.4byte	.LFB3
 518 0014 14000000 		.4byte	.LFE3
 519 0018 00000000 		.4byte	0
 520 001c 00000000 		.4byte	0
 521              		.section	.debug_line,"",%progbits
 522              	.Ldebug_line0:
 523 0000 8F000000 		.section	.debug_str,"MS",%progbits,1
 523      02005400 
 523      00000201 
 523      FB0E0D00 
 523      01010101 
 524              	.LASF6:
 525 0000 6C6F6E67 		.ascii	"long long int\000"
 525      206C6F6E 
 525      6720696E 
 525      7400
 526              	.LASF25:
 527 000e 656E6162 		.ascii	"enableState\000"
 527      6C655374 
 527      61746500 
 528              	.LASF8:
 529 001a 756E7369 		.ascii	"unsigned int\000"
 529      676E6564 
 529      20696E74 
 529      00
 530              	.LASF22:
 531 0027 474E5520 		.ascii	"GNU C99 5.4.1 20160609 (release) [ARM/embedded-5-br"
 531      43393920 
 531      352E342E 
 531      31203230 
 531      31363036 
 532 005a 616E6368 		.ascii	"anch revision 237715] -mcpu=cortex-m3 -mthumb -g -O"
 532      20726576 
 532      6973696F 
 532      6E203233 
 532      37373135 
 533 008d 73202D73 		.ascii	"s -std=gnu99 -ffunction-sections -ffat-lto-objects\000"
 533      74643D67 
 533      6E753939 
ARM GAS  C:\Users\chemi\AppData\Local\Temp\cc1wRDia.s 			page 13


 533      202D6666 
 533      756E6374 
 534              	.LASF12:
 535 00c0 75696E74 		.ascii	"uint8\000"
 535      3800
 536              	.LASF26:
 537 00c6 4F70616D 		.ascii	"Opamp_2_backup\000"
 537      705F325F 
 537      6261636B 
 537      757000
 538              	.LASF7:
 539 00d5 6C6F6E67 		.ascii	"long long unsigned int\000"
 539      206C6F6E 
 539      6720756E 
 539      7369676E 
 539      65642069 
 540              	.LASF21:
 541 00ec 4F70616D 		.ascii	"Opamp_2_Enable\000"
 541      705F325F 
 541      456E6162 
 541      6C6500
 542              	.LASF20:
 543 00fb 4F70616D 		.ascii	"Opamp_2_Stop\000"
 543      705F325F 
 543      53746F70 
 543      00
 544              	.LASF1:
 545 0108 756E7369 		.ascii	"unsigned char\000"
 545      676E6564 
 545      20636861 
 545      7200
 546              	.LASF11:
 547 0116 63686172 		.ascii	"char\000"
 547      00
 548              	.LASF24:
 549 011b 433A5C55 		.ascii	"C:\\Users\\chemi\\UD3_QCW\\UD3_QFN.cydsn\000"
 549      73657273 
 549      5C636865 
 549      6D695C55 
 549      44335F51 
 550              	.LASF4:
 551 0140 6C6F6E67 		.ascii	"long int\000"
 551      20696E74 
 551      00
 552              	.LASF19:
 553 0149 4F70616D 		.ascii	"Opamp_2_Wakeup\000"
 553      705F325F 
 553      57616B65 
 553      757000
 554              	.LASF16:
 555 0158 4F70616D 		.ascii	"Opamp_2_SaveConfig\000"
 555      705F325F 
 555      53617665 
 555      436F6E66 
 555      696700
 556              	.LASF5:
 557 016b 6C6F6E67 		.ascii	"long unsigned int\000"
ARM GAS  C:\Users\chemi\AppData\Local\Temp\cc1wRDia.s 			page 14


 557      20756E73 
 557      69676E65 
 557      6420696E 
 557      7400
 558              	.LASF10:
 559 017d 646F7562 		.ascii	"double\000"
 559      6C6500
 560              	.LASF17:
 561 0184 4F70616D 		.ascii	"Opamp_2_RestoreConfig\000"
 561      705F325F 
 561      52657374 
 561      6F726543 
 561      6F6E6669 
 562              	.LASF3:
 563 019a 73686F72 		.ascii	"short unsigned int\000"
 563      7420756E 
 563      7369676E 
 563      65642069 
 563      6E7400
 564              	.LASF0:
 565 01ad 7369676E 		.ascii	"signed char\000"
 565      65642063 
 565      68617200 
 566              	.LASF18:
 567 01b9 4F70616D 		.ascii	"Opamp_2_Sleep\000"
 567      705F325F 
 567      536C6565 
 567      7000
 568              	.LASF15:
 569 01c7 4F70616D 		.ascii	"Opamp_2_BACKUP_STRUCT\000"
 569      705F325F 
 569      4241434B 
 569      55505F53 
 569      54525543 
 570              	.LASF9:
 571 01dd 666C6F61 		.ascii	"float\000"
 571      7400
 572              	.LASF23:
 573 01e3 47656E65 		.ascii	"Generated_Source\\PSoC5\\Opamp_2_PM.c\000"
 573      72617465 
 573      645F536F 
 573      75726365 
 573      5C50536F 
 574              	.LASF2:
 575 0207 73686F72 		.ascii	"short int\000"
 575      7420696E 
 575      7400
 576              	.LASF13:
 577 0211 72656738 		.ascii	"reg8\000"
 577      00
 578              	.LASF14:
 579 0216 73697A65 		.ascii	"sizetype\000"
 579      74797065 
 579      00
 580              		.ident	"GCC: (GNU Tools for ARM Embedded Processors) 5.4.1 20160609 (release) [ARM/embedded-5-bran
