ARM GAS  C:\Users\chemi\AppData\Local\Temp\ccR5Iib2.s 			page 1


   1              		.syntax unified
   2              		.cpu cortex-m3
   3              		.fpu softvfp
   4              		.eabi_attribute 20, 1
   5              		.eabi_attribute 21, 1
   6              		.eabi_attribute 23, 3
   7              		.eabi_attribute 24, 1
   8              		.eabi_attribute 25, 1
   9              		.eabi_attribute 26, 1
  10              		.eabi_attribute 30, 4
  11              		.eabi_attribute 34, 1
  12              		.eabi_attribute 18, 4
  13              		.thumb
  14              		.syntax unified
  15              		.file	"Opamp_2.c"
  16              		.text
  17              	.Ltext0:
  18              		.cfi_sections	.debug_frame
  19              		.section	.text.Opamp_2_Enable,"ax",%progbits
  20              		.align	1
  21              		.global	Opamp_2_Enable
  22              		.thumb
  23              		.thumb_func
  24              		.type	Opamp_2_Enable, %function
  25              	Opamp_2_Enable:
  26              	.LFB1:
  27              		.file 1 "Generated_Source\\PSoC5\\Opamp_2.c"
   1:Generated_Source\PSoC5/Opamp_2.c **** /*******************************************************************************
   2:Generated_Source\PSoC5/Opamp_2.c **** * File Name: Opamp_2.c
   3:Generated_Source\PSoC5/Opamp_2.c **** * Version 1.90
   4:Generated_Source\PSoC5/Opamp_2.c **** *
   5:Generated_Source\PSoC5/Opamp_2.c **** * Description:
   6:Generated_Source\PSoC5/Opamp_2.c **** *  This file provides the source code to the API for OpAmp (Analog Buffer) 
   7:Generated_Source\PSoC5/Opamp_2.c **** *  Component.
   8:Generated_Source\PSoC5/Opamp_2.c **** *
   9:Generated_Source\PSoC5/Opamp_2.c **** * Note:
  10:Generated_Source\PSoC5/Opamp_2.c **** *
  11:Generated_Source\PSoC5/Opamp_2.c **** ********************************************************************************
  12:Generated_Source\PSoC5/Opamp_2.c **** * Copyright 2008-2012, Cypress Semiconductor Corporation.  All rights reserved.
  13:Generated_Source\PSoC5/Opamp_2.c **** * You may use this file only in accordance with the license, terms, conditions, 
  14:Generated_Source\PSoC5/Opamp_2.c **** * disclaimers, and limitations in the end user license agreement accompanying 
  15:Generated_Source\PSoC5/Opamp_2.c **** * the software package with which this file was provided.
  16:Generated_Source\PSoC5/Opamp_2.c **** *******************************************************************************/
  17:Generated_Source\PSoC5/Opamp_2.c **** 
  18:Generated_Source\PSoC5/Opamp_2.c **** #include "Opamp_2.h"
  19:Generated_Source\PSoC5/Opamp_2.c **** 
  20:Generated_Source\PSoC5/Opamp_2.c **** uint8 Opamp_2_initVar = 0u;
  21:Generated_Source\PSoC5/Opamp_2.c **** 
  22:Generated_Source\PSoC5/Opamp_2.c **** 
  23:Generated_Source\PSoC5/Opamp_2.c **** /*******************************************************************************   
  24:Generated_Source\PSoC5/Opamp_2.c **** * Function Name: Opamp_2_Init
  25:Generated_Source\PSoC5/Opamp_2.c **** ********************************************************************************
  26:Generated_Source\PSoC5/Opamp_2.c **** *
  27:Generated_Source\PSoC5/Opamp_2.c **** * Summary:
  28:Generated_Source\PSoC5/Opamp_2.c **** *  Initialize component's parameters to the parameters set by user in the 
  29:Generated_Source\PSoC5/Opamp_2.c **** *  customizer of the component placed onto schematic. Usually called in 
  30:Generated_Source\PSoC5/Opamp_2.c **** *  Opamp_2_Start().
ARM GAS  C:\Users\chemi\AppData\Local\Temp\ccR5Iib2.s 			page 2


  31:Generated_Source\PSoC5/Opamp_2.c **** *
  32:Generated_Source\PSoC5/Opamp_2.c **** * Parameters:
  33:Generated_Source\PSoC5/Opamp_2.c **** *  void
  34:Generated_Source\PSoC5/Opamp_2.c **** *
  35:Generated_Source\PSoC5/Opamp_2.c **** * Return:
  36:Generated_Source\PSoC5/Opamp_2.c **** *  void
  37:Generated_Source\PSoC5/Opamp_2.c **** *
  38:Generated_Source\PSoC5/Opamp_2.c **** *******************************************************************************/
  39:Generated_Source\PSoC5/Opamp_2.c **** void Opamp_2_Init(void) 
  40:Generated_Source\PSoC5/Opamp_2.c **** {
  41:Generated_Source\PSoC5/Opamp_2.c ****     Opamp_2_SetPower(Opamp_2_DEFAULT_POWER);
  42:Generated_Source\PSoC5/Opamp_2.c **** }
  43:Generated_Source\PSoC5/Opamp_2.c **** 
  44:Generated_Source\PSoC5/Opamp_2.c **** 
  45:Generated_Source\PSoC5/Opamp_2.c **** /*******************************************************************************   
  46:Generated_Source\PSoC5/Opamp_2.c **** * Function Name: Opamp_2_Enable
  47:Generated_Source\PSoC5/Opamp_2.c **** ********************************************************************************
  48:Generated_Source\PSoC5/Opamp_2.c **** *
  49:Generated_Source\PSoC5/Opamp_2.c **** * Summary:
  50:Generated_Source\PSoC5/Opamp_2.c **** *  Enables the OpAmp block operation
  51:Generated_Source\PSoC5/Opamp_2.c **** *
  52:Generated_Source\PSoC5/Opamp_2.c **** * Parameters:
  53:Generated_Source\PSoC5/Opamp_2.c **** *  void
  54:Generated_Source\PSoC5/Opamp_2.c **** *
  55:Generated_Source\PSoC5/Opamp_2.c **** * Return:
  56:Generated_Source\PSoC5/Opamp_2.c **** *  void
  57:Generated_Source\PSoC5/Opamp_2.c **** *
  58:Generated_Source\PSoC5/Opamp_2.c **** *******************************************************************************/
  59:Generated_Source\PSoC5/Opamp_2.c **** void Opamp_2_Enable(void) 
  60:Generated_Source\PSoC5/Opamp_2.c **** {
  28              		.loc 1 60 0
  29              		.cfi_startproc
  30              		@ args = 0, pretend = 0, frame = 0
  31              		@ frame_needed = 0, uses_anonymous_args = 0
  32              		@ link register save eliminated.
  61:Generated_Source\PSoC5/Opamp_2.c ****     /* Enable negative charge pumps in ANIF */
  62:Generated_Source\PSoC5/Opamp_2.c ****     Opamp_2_PUMP_CR1_REG  |= (Opamp_2_PUMP_CR1_CLKSEL | Opamp_2_PUMP_CR1_FORCE);
  33              		.loc 1 62 0
  34 0000 084A     		ldr	r2, .L2
  35 0002 1378     		ldrb	r3, [r2]	@ zero_extendqisi2
  36 0004 43F06003 		orr	r3, r3, #96
  37 0008 1370     		strb	r3, [r2]
  63:Generated_Source\PSoC5/Opamp_2.c **** 
  64:Generated_Source\PSoC5/Opamp_2.c ****     /* Enable power to buffer in active mode */
  65:Generated_Source\PSoC5/Opamp_2.c ****     Opamp_2_PM_ACT_CFG_REG |= Opamp_2_ACT_PWR_EN;
  38              		.loc 1 65 0
  39 000a A2F5A652 		sub	r2, r2, #5312
  40 000e 133A     		subs	r2, r2, #19
  41 0010 1378     		ldrb	r3, [r2]	@ zero_extendqisi2
  42 0012 43F00103 		orr	r3, r3, #1
  43 0016 1370     		strb	r3, [r2]
  66:Generated_Source\PSoC5/Opamp_2.c **** 
  67:Generated_Source\PSoC5/Opamp_2.c ****     /* Enable power to buffer in alternative active mode */
  68:Generated_Source\PSoC5/Opamp_2.c ****     Opamp_2_PM_STBY_CFG_REG |= Opamp_2_STBY_PWR_EN;
  44              		.loc 1 68 0
  45 0018 137C     		ldrb	r3, [r2, #16]	@ zero_extendqisi2
  46 001a 43F00103 		orr	r3, r3, #1
ARM GAS  C:\Users\chemi\AppData\Local\Temp\ccR5Iib2.s 			page 3


  47 001e 1374     		strb	r3, [r2, #16]
  48 0020 7047     		bx	lr
  49              	.L3:
  50 0022 00BF     		.align	2
  51              	.L2:
  52 0024 77580040 		.word	1073764471
  53              		.cfi_endproc
  54              	.LFE1:
  55              		.size	Opamp_2_Enable, .-Opamp_2_Enable
  56              		.section	.text.Opamp_2_Stop,"ax",%progbits
  57              		.align	1
  58              		.global	Opamp_2_Stop
  59              		.thumb
  60              		.thumb_func
  61              		.type	Opamp_2_Stop, %function
  62              	Opamp_2_Stop:
  63              	.LFB3:
  69:Generated_Source\PSoC5/Opamp_2.c **** }
  70:Generated_Source\PSoC5/Opamp_2.c **** 
  71:Generated_Source\PSoC5/Opamp_2.c **** 
  72:Generated_Source\PSoC5/Opamp_2.c **** /*******************************************************************************
  73:Generated_Source\PSoC5/Opamp_2.c **** * Function Name:   Opamp_2_Start
  74:Generated_Source\PSoC5/Opamp_2.c **** ********************************************************************************
  75:Generated_Source\PSoC5/Opamp_2.c **** *
  76:Generated_Source\PSoC5/Opamp_2.c **** * Summary:
  77:Generated_Source\PSoC5/Opamp_2.c **** *  The start function initializes the Analog Buffer with the default values and 
  78:Generated_Source\PSoC5/Opamp_2.c **** *  sets the power to the given level. A power level of 0, is same as 
  79:Generated_Source\PSoC5/Opamp_2.c **** *  executing the stop function.
  80:Generated_Source\PSoC5/Opamp_2.c **** *
  81:Generated_Source\PSoC5/Opamp_2.c **** * Parameters:
  82:Generated_Source\PSoC5/Opamp_2.c **** *  void
  83:Generated_Source\PSoC5/Opamp_2.c **** *
  84:Generated_Source\PSoC5/Opamp_2.c **** * Return:
  85:Generated_Source\PSoC5/Opamp_2.c **** *  void
  86:Generated_Source\PSoC5/Opamp_2.c **** *
  87:Generated_Source\PSoC5/Opamp_2.c **** * Global variables:
  88:Generated_Source\PSoC5/Opamp_2.c **** *  Opamp_2_initVar: Used to check the initial configuration, modified 
  89:Generated_Source\PSoC5/Opamp_2.c **** *  when this function is called for the first time.
  90:Generated_Source\PSoC5/Opamp_2.c **** *
  91:Generated_Source\PSoC5/Opamp_2.c **** *******************************************************************************/
  92:Generated_Source\PSoC5/Opamp_2.c **** void Opamp_2_Start(void) 
  93:Generated_Source\PSoC5/Opamp_2.c **** {
  94:Generated_Source\PSoC5/Opamp_2.c ****     if(Opamp_2_initVar == 0u)
  95:Generated_Source\PSoC5/Opamp_2.c ****     {
  96:Generated_Source\PSoC5/Opamp_2.c ****         Opamp_2_initVar = 1u;
  97:Generated_Source\PSoC5/Opamp_2.c ****         Opamp_2_Init();
  98:Generated_Source\PSoC5/Opamp_2.c ****     }
  99:Generated_Source\PSoC5/Opamp_2.c **** 
 100:Generated_Source\PSoC5/Opamp_2.c ****     Opamp_2_Enable();
 101:Generated_Source\PSoC5/Opamp_2.c **** }
 102:Generated_Source\PSoC5/Opamp_2.c **** 
 103:Generated_Source\PSoC5/Opamp_2.c **** 
 104:Generated_Source\PSoC5/Opamp_2.c **** /*******************************************************************************
 105:Generated_Source\PSoC5/Opamp_2.c **** * Function Name: Opamp_2_Stop
 106:Generated_Source\PSoC5/Opamp_2.c **** ********************************************************************************
 107:Generated_Source\PSoC5/Opamp_2.c **** *
 108:Generated_Source\PSoC5/Opamp_2.c **** * Summary:
ARM GAS  C:\Users\chemi\AppData\Local\Temp\ccR5Iib2.s 			page 4


 109:Generated_Source\PSoC5/Opamp_2.c **** *  Powers down amplifier to lowest power state.
 110:Generated_Source\PSoC5/Opamp_2.c **** *
 111:Generated_Source\PSoC5/Opamp_2.c **** * Parameters:
 112:Generated_Source\PSoC5/Opamp_2.c **** *  void
 113:Generated_Source\PSoC5/Opamp_2.c **** *
 114:Generated_Source\PSoC5/Opamp_2.c **** * Return:
 115:Generated_Source\PSoC5/Opamp_2.c **** *  void
 116:Generated_Source\PSoC5/Opamp_2.c **** *
 117:Generated_Source\PSoC5/Opamp_2.c **** *******************************************************************************/
 118:Generated_Source\PSoC5/Opamp_2.c **** void Opamp_2_Stop(void) 
 119:Generated_Source\PSoC5/Opamp_2.c **** {
  64              		.loc 1 119 0
  65              		.cfi_startproc
  66              		@ args = 0, pretend = 0, frame = 0
  67              		@ frame_needed = 0, uses_anonymous_args = 0
  68              		@ link register save eliminated.
 120:Generated_Source\PSoC5/Opamp_2.c ****     /* Disable power to buffer in active mode template */
 121:Generated_Source\PSoC5/Opamp_2.c ****     Opamp_2_PM_ACT_CFG_REG &= (uint8)(~Opamp_2_ACT_PWR_EN);
  69              		.loc 1 121 0
  70 0000 084B     		ldr	r3, .L7
 122:Generated_Source\PSoC5/Opamp_2.c **** 
 123:Generated_Source\PSoC5/Opamp_2.c ****     /* Disable power to buffer in alternative active mode template */
 124:Generated_Source\PSoC5/Opamp_2.c ****     Opamp_2_PM_STBY_CFG_REG &= (uint8)(~Opamp_2_STBY_PWR_EN);
  71              		.loc 1 124 0
  72 0002 0949     		ldr	r1, .L7+4
 121:Generated_Source\PSoC5/Opamp_2.c **** 
  73              		.loc 1 121 0
  74 0004 1A78     		ldrb	r2, [r3]	@ zero_extendqisi2
  75 0006 02F0FE02 		and	r2, r2, #254
  76 000a 1A70     		strb	r2, [r3]
  77              		.loc 1 124 0
  78 000c 0A78     		ldrb	r2, [r1]	@ zero_extendqisi2
  79 000e 02F0FE02 		and	r2, r2, #254
  80 0012 0A70     		strb	r2, [r1]
 125:Generated_Source\PSoC5/Opamp_2.c ****     
 126:Generated_Source\PSoC5/Opamp_2.c ****     /* Disable negative charge pumps for ANIF only if all ABuf is turned OFF */
 127:Generated_Source\PSoC5/Opamp_2.c ****     if(Opamp_2_PM_ACT_CFG_REG == 0u)
  81              		.loc 1 127 0
  82 0014 1B78     		ldrb	r3, [r3]	@ zero_extendqisi2
  83 0016 23B9     		cbnz	r3, .L4
 128:Generated_Source\PSoC5/Opamp_2.c ****     {
 129:Generated_Source\PSoC5/Opamp_2.c ****         Opamp_2_PUMP_CR1_REG &= (uint8)(~(Opamp_2_PUMP_CR1_CLKSEL | Opamp_2_PUMP_CR1_FORCE));
  84              		.loc 1 129 0
  85 0018 044A     		ldr	r2, .L7+8
  86 001a 1378     		ldrb	r3, [r2]	@ zero_extendqisi2
  87 001c 03F09F03 		and	r3, r3, #159
  88 0020 1370     		strb	r3, [r2]
  89              	.L4:
  90 0022 7047     		bx	lr
  91              	.L8:
  92              		.align	2
  93              	.L7:
  94 0024 A4430040 		.word	1073759140
  95 0028 B4430040 		.word	1073759156
  96 002c 77580040 		.word	1073764471
  97              		.cfi_endproc
  98              	.LFE3:
ARM GAS  C:\Users\chemi\AppData\Local\Temp\ccR5Iib2.s 			page 5


  99              		.size	Opamp_2_Stop, .-Opamp_2_Stop
 100              		.section	.text.Opamp_2_SetPower,"ax",%progbits
 101              		.align	1
 102              		.global	Opamp_2_SetPower
 103              		.thumb
 104              		.thumb_func
 105              		.type	Opamp_2_SetPower, %function
 106              	Opamp_2_SetPower:
 107              	.LFB4:
 130:Generated_Source\PSoC5/Opamp_2.c ****     }
 131:Generated_Source\PSoC5/Opamp_2.c **** }
 132:Generated_Source\PSoC5/Opamp_2.c **** 
 133:Generated_Source\PSoC5/Opamp_2.c **** 
 134:Generated_Source\PSoC5/Opamp_2.c **** /*******************************************************************************
 135:Generated_Source\PSoC5/Opamp_2.c **** * Function Name: Opamp_2_SetPower
 136:Generated_Source\PSoC5/Opamp_2.c **** ********************************************************************************
 137:Generated_Source\PSoC5/Opamp_2.c **** *
 138:Generated_Source\PSoC5/Opamp_2.c **** * Summary:
 139:Generated_Source\PSoC5/Opamp_2.c **** *  Sets power level of Analog buffer.
 140:Generated_Source\PSoC5/Opamp_2.c **** *
 141:Generated_Source\PSoC5/Opamp_2.c **** * Parameters: 
 142:Generated_Source\PSoC5/Opamp_2.c **** *  power: PSoC3: Sets power level between low (1) and high power (3).
 143:Generated_Source\PSoC5/Opamp_2.c **** *         PSoC5: Sets power level High (0)
 144:Generated_Source\PSoC5/Opamp_2.c **** *
 145:Generated_Source\PSoC5/Opamp_2.c **** * Return:
 146:Generated_Source\PSoC5/Opamp_2.c **** *  void
 147:Generated_Source\PSoC5/Opamp_2.c **** *
 148:Generated_Source\PSoC5/Opamp_2.c **** **********************************************************************************/
 149:Generated_Source\PSoC5/Opamp_2.c **** void Opamp_2_SetPower(uint8 power) 
 150:Generated_Source\PSoC5/Opamp_2.c **** {
 108              		.loc 1 150 0
 109              		.cfi_startproc
 110              		@ args = 0, pretend = 0, frame = 0
 111              		@ frame_needed = 0, uses_anonymous_args = 0
 112              		@ link register save eliminated.
 113              	.LVL0:
 151:Generated_Source\PSoC5/Opamp_2.c ****     #if (CY_PSOC3 || CY_PSOC5LP)
 152:Generated_Source\PSoC5/Opamp_2.c ****         Opamp_2_CR_REG &= (uint8)(~Opamp_2_PWR_MASK);
 114              		.loc 1 152 0
 115 0000 054B     		ldr	r3, .L10
 153:Generated_Source\PSoC5/Opamp_2.c ****         Opamp_2_CR_REG |= power & Opamp_2_PWR_MASK;      /* Set device power */
 116              		.loc 1 153 0
 117 0002 00F00300 		and	r0, r0, #3
 118              	.LVL1:
 152:Generated_Source\PSoC5/Opamp_2.c ****         Opamp_2_CR_REG |= power & Opamp_2_PWR_MASK;      /* Set device power */
 119              		.loc 1 152 0
 120 0006 1A78     		ldrb	r2, [r3]	@ zero_extendqisi2
 121 0008 02F0FC02 		and	r2, r2, #252
 122 000c 1A70     		strb	r2, [r3]
 123              		.loc 1 153 0
 124 000e 1A78     		ldrb	r2, [r3]	@ zero_extendqisi2
 125 0010 1043     		orrs	r0, r0, r2
 126 0012 1870     		strb	r0, [r3]
 127 0014 7047     		bx	lr
 128              	.L11:
 129 0016 00BF     		.align	2
 130              	.L10:
ARM GAS  C:\Users\chemi\AppData\Local\Temp\ccR5Iib2.s 			page 6


 131 0018 58580040 		.word	1073764440
 132              		.cfi_endproc
 133              	.LFE4:
 134              		.size	Opamp_2_SetPower, .-Opamp_2_SetPower
 135              		.section	.text.Opamp_2_Init,"ax",%progbits
 136              		.align	1
 137              		.global	Opamp_2_Init
 138              		.thumb
 139              		.thumb_func
 140              		.type	Opamp_2_Init, %function
 141              	Opamp_2_Init:
 142              	.LFB0:
  40:Generated_Source\PSoC5/Opamp_2.c ****     Opamp_2_SetPower(Opamp_2_DEFAULT_POWER);
 143              		.loc 1 40 0
 144              		.cfi_startproc
 145              		@ args = 0, pretend = 0, frame = 0
 146              		@ frame_needed = 0, uses_anonymous_args = 0
 147              		@ link register save eliminated.
  41:Generated_Source\PSoC5/Opamp_2.c **** }
 148              		.loc 1 41 0
 149 0000 0020     		movs	r0, #0
 150 0002 FFF7FEBF 		b	Opamp_2_SetPower
 151              	.LVL2:
 152              		.cfi_endproc
 153              	.LFE0:
 154              		.size	Opamp_2_Init, .-Opamp_2_Init
 155              		.section	.text.Opamp_2_Start,"ax",%progbits
 156              		.align	1
 157              		.global	Opamp_2_Start
 158              		.thumb
 159              		.thumb_func
 160              		.type	Opamp_2_Start, %function
 161              	Opamp_2_Start:
 162              	.LFB2:
  93:Generated_Source\PSoC5/Opamp_2.c ****     if(Opamp_2_initVar == 0u)
 163              		.loc 1 93 0
 164              		.cfi_startproc
 165              		@ args = 0, pretend = 0, frame = 0
 166              		@ frame_needed = 0, uses_anonymous_args = 0
 167 0000 08B5     		push	{r3, lr}
 168              		.cfi_def_cfa_offset 8
 169              		.cfi_offset 3, -8
 170              		.cfi_offset 14, -4
  94:Generated_Source\PSoC5/Opamp_2.c ****     {
 171              		.loc 1 94 0
 172 0002 054B     		ldr	r3, .L15
 173 0004 1A78     		ldrb	r2, [r3]	@ zero_extendqisi2
 174 0006 1AB9     		cbnz	r2, .L14
  96:Generated_Source\PSoC5/Opamp_2.c ****         Opamp_2_Init();
 175              		.loc 1 96 0
 176 0008 0122     		movs	r2, #1
 177 000a 1A70     		strb	r2, [r3]
  97:Generated_Source\PSoC5/Opamp_2.c ****     }
 178              		.loc 1 97 0
 179 000c FFF7FEFF 		bl	Opamp_2_Init
 180              	.LVL3:
 181              	.L14:
ARM GAS  C:\Users\chemi\AppData\Local\Temp\ccR5Iib2.s 			page 7


 101:Generated_Source\PSoC5/Opamp_2.c **** 
 182              		.loc 1 101 0
 183 0010 BDE80840 		pop	{r3, lr}
 184              		.cfi_restore 14
 185              		.cfi_restore 3
 186              		.cfi_def_cfa_offset 0
 100:Generated_Source\PSoC5/Opamp_2.c **** }
 187              		.loc 1 100 0
 188 0014 FFF7FEBF 		b	Opamp_2_Enable
 189              	.LVL4:
 190              	.L16:
 191              		.align	2
 192              	.L15:
 193 0018 00000000 		.word	.LANCHOR0
 194              		.cfi_endproc
 195              	.LFE2:
 196              		.size	Opamp_2_Start, .-Opamp_2_Start
 197              		.global	Opamp_2_initVar
 198              		.bss
 199              		.set	.LANCHOR0,. + 0
 200              		.type	Opamp_2_initVar, %object
 201              		.size	Opamp_2_initVar, 1
 202              	Opamp_2_initVar:
 203 0000 00       		.space	1
 204              		.text
 205              	.Letext0:
 206              		.file 2 "Generated_Source\\PSoC5\\cytypes.h"
 207              		.section	.debug_info,"",%progbits
 208              	.Ldebug_info0:
 209 0000 46010000 		.4byte	0x146
 210 0004 0400     		.2byte	0x4
 211 0006 00000000 		.4byte	.Ldebug_abbrev0
 212 000a 04       		.byte	0x4
 213 000b 01       		.uleb128 0x1
 214 000c 5A000000 		.4byte	.LASF20
 215 0010 0C       		.byte	0xc
 216 0011 39000000 		.4byte	.LASF21
 217 0015 51010000 		.4byte	.LASF22
 218 0019 00000000 		.4byte	.Ldebug_ranges0+0
 219 001d 00000000 		.4byte	0
 220 0021 00000000 		.4byte	.Ldebug_line0
 221 0025 02       		.uleb128 0x2
 222 0026 01       		.byte	0x1
 223 0027 06       		.byte	0x6
 224 0028 99010000 		.4byte	.LASF0
 225 002c 02       		.uleb128 0x2
 226 002d 01       		.byte	0x1
 227 002e 08       		.byte	0x8
 228 002f 3E010000 		.4byte	.LASF1
 229 0033 02       		.uleb128 0x2
 230 0034 02       		.byte	0x2
 231 0035 05       		.byte	0x5
 232 0036 BC010000 		.4byte	.LASF2
 233 003a 02       		.uleb128 0x2
 234 003b 02       		.byte	0x2
 235 003c 07       		.byte	0x7
 236 003d 86010000 		.4byte	.LASF3
ARM GAS  C:\Users\chemi\AppData\Local\Temp\ccR5Iib2.s 			page 8


 237 0041 02       		.uleb128 0x2
 238 0042 04       		.byte	0x4
 239 0043 05       		.byte	0x5
 240 0044 76010000 		.4byte	.LASF4
 241 0048 02       		.uleb128 0x2
 242 0049 04       		.byte	0x4
 243 004a 07       		.byte	0x7
 244 004b F9000000 		.4byte	.LASF5
 245 004f 02       		.uleb128 0x2
 246 0050 08       		.byte	0x8
 247 0051 05       		.byte	0x5
 248 0052 00000000 		.4byte	.LASF6
 249 0056 02       		.uleb128 0x2
 250 0057 08       		.byte	0x8
 251 0058 07       		.byte	0x7
 252 0059 0B010000 		.4byte	.LASF7
 253 005d 03       		.uleb128 0x3
 254 005e 04       		.byte	0x4
 255 005f 05       		.byte	0x5
 256 0060 696E7400 		.ascii	"int\000"
 257 0064 02       		.uleb128 0x2
 258 0065 04       		.byte	0x4
 259 0066 07       		.byte	0x7
 260 0067 1E000000 		.4byte	.LASF8
 261 006b 04       		.uleb128 0x4
 262 006c F3000000 		.4byte	.LASF12
 263 0070 02       		.byte	0x2
 264 0071 9201     		.2byte	0x192
 265 0073 2C000000 		.4byte	0x2c
 266 0077 02       		.uleb128 0x2
 267 0078 04       		.byte	0x4
 268 0079 04       		.byte	0x4
 269 007a B6010000 		.4byte	.LASF9
 270 007e 02       		.uleb128 0x2
 271 007f 08       		.byte	0x8
 272 0080 04       		.byte	0x4
 273 0081 7F010000 		.4byte	.LASF10
 274 0085 02       		.uleb128 0x2
 275 0086 01       		.byte	0x1
 276 0087 08       		.byte	0x8
 277 0088 4C010000 		.4byte	.LASF11
 278 008c 04       		.uleb128 0x4
 279 008d C6010000 		.4byte	.LASF13
 280 0091 02       		.byte	0x2
 281 0092 3C02     		.2byte	0x23c
 282 0094 98000000 		.4byte	0x98
 283 0098 05       		.uleb128 0x5
 284 0099 6B000000 		.4byte	0x6b
 285 009d 02       		.uleb128 0x2
 286 009e 04       		.byte	0x4
 287 009f 07       		.byte	0x7
 288 00a0 D8010000 		.4byte	.LASF14
 289 00a4 06       		.uleb128 0x6
 290 00a5 22010000 		.4byte	.LASF15
 291 00a9 01       		.byte	0x1
 292 00aa 3B       		.byte	0x3b
 293 00ab 00000000 		.4byte	.LFB1
ARM GAS  C:\Users\chemi\AppData\Local\Temp\ccR5Iib2.s 			page 9


 294 00af 28000000 		.4byte	.LFE1-.LFB1
 295 00b3 01       		.uleb128 0x1
 296 00b4 9C       		.byte	0x9c
 297 00b5 06       		.uleb128 0x6
 298 00b6 31010000 		.4byte	.LASF16
 299 00ba 01       		.byte	0x1
 300 00bb 76       		.byte	0x76
 301 00bc 00000000 		.4byte	.LFB3
 302 00c0 30000000 		.4byte	.LFE3-.LFB3
 303 00c4 01       		.uleb128 0x1
 304 00c5 9C       		.byte	0x9c
 305 00c6 07       		.uleb128 0x7
 306 00c7 A5010000 		.4byte	.LASF17
 307 00cb 01       		.byte	0x1
 308 00cc 95       		.byte	0x95
 309 00cd 00000000 		.4byte	.LFB4
 310 00d1 1C000000 		.4byte	.LFE4-.LFB4
 311 00d5 01       		.uleb128 0x1
 312 00d6 9C       		.byte	0x9c
 313 00d7 EB000000 		.4byte	0xeb
 314 00db 08       		.uleb128 0x8
 315 00dc E1010000 		.4byte	.LASF23
 316 00e0 01       		.byte	0x1
 317 00e1 95       		.byte	0x95
 318 00e2 6B000000 		.4byte	0x6b
 319 00e6 00000000 		.4byte	.LLST0
 320 00ea 00       		.byte	0
 321 00eb 07       		.uleb128 0x7
 322 00ec CB010000 		.4byte	.LASF18
 323 00f0 01       		.byte	0x1
 324 00f1 27       		.byte	0x27
 325 00f2 00000000 		.4byte	.LFB0
 326 00f6 06000000 		.4byte	.LFE0-.LFB0
 327 00fa 01       		.uleb128 0x1
 328 00fb 9C       		.byte	0x9c
 329 00fc 10010000 		.4byte	0x110
 330 0100 09       		.uleb128 0x9
 331 0101 06000000 		.4byte	.LVL2
 332 0105 C6000000 		.4byte	0xc6
 333 0109 0A       		.uleb128 0xa
 334 010a 01       		.uleb128 0x1
 335 010b 50       		.byte	0x50
 336 010c 01       		.uleb128 0x1
 337 010d 30       		.byte	0x30
 338 010e 00       		.byte	0
 339 010f 00       		.byte	0
 340 0110 07       		.uleb128 0x7
 341 0111 2B000000 		.4byte	.LASF19
 342 0115 01       		.byte	0x1
 343 0116 5C       		.byte	0x5c
 344 0117 00000000 		.4byte	.LFB2
 345 011b 1C000000 		.4byte	.LFE2-.LFB2
 346 011f 01       		.uleb128 0x1
 347 0120 9C       		.byte	0x9c
 348 0121 38010000 		.4byte	0x138
 349 0125 0B       		.uleb128 0xb
 350 0126 10000000 		.4byte	.LVL3
ARM GAS  C:\Users\chemi\AppData\Local\Temp\ccR5Iib2.s 			page 10


 351 012a EB000000 		.4byte	0xeb
 352 012e 0C       		.uleb128 0xc
 353 012f 18000000 		.4byte	.LVL4
 354 0133 A4000000 		.4byte	0xa4
 355 0137 00       		.byte	0
 356 0138 0D       		.uleb128 0xd
 357 0139 0E000000 		.4byte	.LASF24
 358 013d 01       		.byte	0x1
 359 013e 14       		.byte	0x14
 360 013f 6B000000 		.4byte	0x6b
 361 0143 05       		.uleb128 0x5
 362 0144 03       		.byte	0x3
 363 0145 00000000 		.4byte	Opamp_2_initVar
 364 0149 00       		.byte	0
 365              		.section	.debug_abbrev,"",%progbits
 366              	.Ldebug_abbrev0:
 367 0000 01       		.uleb128 0x1
 368 0001 11       		.uleb128 0x11
 369 0002 01       		.byte	0x1
 370 0003 25       		.uleb128 0x25
 371 0004 0E       		.uleb128 0xe
 372 0005 13       		.uleb128 0x13
 373 0006 0B       		.uleb128 0xb
 374 0007 03       		.uleb128 0x3
 375 0008 0E       		.uleb128 0xe
 376 0009 1B       		.uleb128 0x1b
 377 000a 0E       		.uleb128 0xe
 378 000b 55       		.uleb128 0x55
 379 000c 17       		.uleb128 0x17
 380 000d 11       		.uleb128 0x11
 381 000e 01       		.uleb128 0x1
 382 000f 10       		.uleb128 0x10
 383 0010 17       		.uleb128 0x17
 384 0011 00       		.byte	0
 385 0012 00       		.byte	0
 386 0013 02       		.uleb128 0x2
 387 0014 24       		.uleb128 0x24
 388 0015 00       		.byte	0
 389 0016 0B       		.uleb128 0xb
 390 0017 0B       		.uleb128 0xb
 391 0018 3E       		.uleb128 0x3e
 392 0019 0B       		.uleb128 0xb
 393 001a 03       		.uleb128 0x3
 394 001b 0E       		.uleb128 0xe
 395 001c 00       		.byte	0
 396 001d 00       		.byte	0
 397 001e 03       		.uleb128 0x3
 398 001f 24       		.uleb128 0x24
 399 0020 00       		.byte	0
 400 0021 0B       		.uleb128 0xb
 401 0022 0B       		.uleb128 0xb
 402 0023 3E       		.uleb128 0x3e
 403 0024 0B       		.uleb128 0xb
 404 0025 03       		.uleb128 0x3
 405 0026 08       		.uleb128 0x8
 406 0027 00       		.byte	0
 407 0028 00       		.byte	0
ARM GAS  C:\Users\chemi\AppData\Local\Temp\ccR5Iib2.s 			page 11


 408 0029 04       		.uleb128 0x4
 409 002a 16       		.uleb128 0x16
 410 002b 00       		.byte	0
 411 002c 03       		.uleb128 0x3
 412 002d 0E       		.uleb128 0xe
 413 002e 3A       		.uleb128 0x3a
 414 002f 0B       		.uleb128 0xb
 415 0030 3B       		.uleb128 0x3b
 416 0031 05       		.uleb128 0x5
 417 0032 49       		.uleb128 0x49
 418 0033 13       		.uleb128 0x13
 419 0034 00       		.byte	0
 420 0035 00       		.byte	0
 421 0036 05       		.uleb128 0x5
 422 0037 35       		.uleb128 0x35
 423 0038 00       		.byte	0
 424 0039 49       		.uleb128 0x49
 425 003a 13       		.uleb128 0x13
 426 003b 00       		.byte	0
 427 003c 00       		.byte	0
 428 003d 06       		.uleb128 0x6
 429 003e 2E       		.uleb128 0x2e
 430 003f 00       		.byte	0
 431 0040 3F       		.uleb128 0x3f
 432 0041 19       		.uleb128 0x19
 433 0042 03       		.uleb128 0x3
 434 0043 0E       		.uleb128 0xe
 435 0044 3A       		.uleb128 0x3a
 436 0045 0B       		.uleb128 0xb
 437 0046 3B       		.uleb128 0x3b
 438 0047 0B       		.uleb128 0xb
 439 0048 27       		.uleb128 0x27
 440 0049 19       		.uleb128 0x19
 441 004a 11       		.uleb128 0x11
 442 004b 01       		.uleb128 0x1
 443 004c 12       		.uleb128 0x12
 444 004d 06       		.uleb128 0x6
 445 004e 40       		.uleb128 0x40
 446 004f 18       		.uleb128 0x18
 447 0050 9742     		.uleb128 0x2117
 448 0052 19       		.uleb128 0x19
 449 0053 00       		.byte	0
 450 0054 00       		.byte	0
 451 0055 07       		.uleb128 0x7
 452 0056 2E       		.uleb128 0x2e
 453 0057 01       		.byte	0x1
 454 0058 3F       		.uleb128 0x3f
 455 0059 19       		.uleb128 0x19
 456 005a 03       		.uleb128 0x3
 457 005b 0E       		.uleb128 0xe
 458 005c 3A       		.uleb128 0x3a
 459 005d 0B       		.uleb128 0xb
 460 005e 3B       		.uleb128 0x3b
 461 005f 0B       		.uleb128 0xb
 462 0060 27       		.uleb128 0x27
 463 0061 19       		.uleb128 0x19
 464 0062 11       		.uleb128 0x11
ARM GAS  C:\Users\chemi\AppData\Local\Temp\ccR5Iib2.s 			page 12


 465 0063 01       		.uleb128 0x1
 466 0064 12       		.uleb128 0x12
 467 0065 06       		.uleb128 0x6
 468 0066 40       		.uleb128 0x40
 469 0067 18       		.uleb128 0x18
 470 0068 9742     		.uleb128 0x2117
 471 006a 19       		.uleb128 0x19
 472 006b 01       		.uleb128 0x1
 473 006c 13       		.uleb128 0x13
 474 006d 00       		.byte	0
 475 006e 00       		.byte	0
 476 006f 08       		.uleb128 0x8
 477 0070 05       		.uleb128 0x5
 478 0071 00       		.byte	0
 479 0072 03       		.uleb128 0x3
 480 0073 0E       		.uleb128 0xe
 481 0074 3A       		.uleb128 0x3a
 482 0075 0B       		.uleb128 0xb
 483 0076 3B       		.uleb128 0x3b
 484 0077 0B       		.uleb128 0xb
 485 0078 49       		.uleb128 0x49
 486 0079 13       		.uleb128 0x13
 487 007a 02       		.uleb128 0x2
 488 007b 17       		.uleb128 0x17
 489 007c 00       		.byte	0
 490 007d 00       		.byte	0
 491 007e 09       		.uleb128 0x9
 492 007f 898201   		.uleb128 0x4109
 493 0082 01       		.byte	0x1
 494 0083 11       		.uleb128 0x11
 495 0084 01       		.uleb128 0x1
 496 0085 9542     		.uleb128 0x2115
 497 0087 19       		.uleb128 0x19
 498 0088 31       		.uleb128 0x31
 499 0089 13       		.uleb128 0x13
 500 008a 00       		.byte	0
 501 008b 00       		.byte	0
 502 008c 0A       		.uleb128 0xa
 503 008d 8A8201   		.uleb128 0x410a
 504 0090 00       		.byte	0
 505 0091 02       		.uleb128 0x2
 506 0092 18       		.uleb128 0x18
 507 0093 9142     		.uleb128 0x2111
 508 0095 18       		.uleb128 0x18
 509 0096 00       		.byte	0
 510 0097 00       		.byte	0
 511 0098 0B       		.uleb128 0xb
 512 0099 898201   		.uleb128 0x4109
 513 009c 00       		.byte	0
 514 009d 11       		.uleb128 0x11
 515 009e 01       		.uleb128 0x1
 516 009f 31       		.uleb128 0x31
 517 00a0 13       		.uleb128 0x13
 518 00a1 00       		.byte	0
 519 00a2 00       		.byte	0
 520 00a3 0C       		.uleb128 0xc
 521 00a4 898201   		.uleb128 0x4109
ARM GAS  C:\Users\chemi\AppData\Local\Temp\ccR5Iib2.s 			page 13


 522 00a7 00       		.byte	0
 523 00a8 11       		.uleb128 0x11
 524 00a9 01       		.uleb128 0x1
 525 00aa 9542     		.uleb128 0x2115
 526 00ac 19       		.uleb128 0x19
 527 00ad 31       		.uleb128 0x31
 528 00ae 13       		.uleb128 0x13
 529 00af 00       		.byte	0
 530 00b0 00       		.byte	0
 531 00b1 0D       		.uleb128 0xd
 532 00b2 34       		.uleb128 0x34
 533 00b3 00       		.byte	0
 534 00b4 03       		.uleb128 0x3
 535 00b5 0E       		.uleb128 0xe
 536 00b6 3A       		.uleb128 0x3a
 537 00b7 0B       		.uleb128 0xb
 538 00b8 3B       		.uleb128 0x3b
 539 00b9 0B       		.uleb128 0xb
 540 00ba 49       		.uleb128 0x49
 541 00bb 13       		.uleb128 0x13
 542 00bc 3F       		.uleb128 0x3f
 543 00bd 19       		.uleb128 0x19
 544 00be 02       		.uleb128 0x2
 545 00bf 18       		.uleb128 0x18
 546 00c0 00       		.byte	0
 547 00c1 00       		.byte	0
 548 00c2 00       		.byte	0
 549              		.section	.debug_loc,"",%progbits
 550              	.Ldebug_loc0:
 551              	.LLST0:
 552 0000 00000000 		.4byte	.LVL0
 553 0004 06000000 		.4byte	.LVL1
 554 0008 0100     		.2byte	0x1
 555 000a 50       		.byte	0x50
 556 000b 06000000 		.4byte	.LVL1
 557 000f 1C000000 		.4byte	.LFE4
 558 0013 0400     		.2byte	0x4
 559 0015 F3       		.byte	0xf3
 560 0016 01       		.uleb128 0x1
 561 0017 50       		.byte	0x50
 562 0018 9F       		.byte	0x9f
 563 0019 00000000 		.4byte	0
 564 001d 00000000 		.4byte	0
 565              		.section	.debug_aranges,"",%progbits
 566 0000 3C000000 		.4byte	0x3c
 567 0004 0200     		.2byte	0x2
 568 0006 00000000 		.4byte	.Ldebug_info0
 569 000a 04       		.byte	0x4
 570 000b 00       		.byte	0
 571 000c 0000     		.2byte	0
 572 000e 0000     		.2byte	0
 573 0010 00000000 		.4byte	.LFB1
 574 0014 28000000 		.4byte	.LFE1-.LFB1
 575 0018 00000000 		.4byte	.LFB3
 576 001c 30000000 		.4byte	.LFE3-.LFB3
 577 0020 00000000 		.4byte	.LFB4
 578 0024 1C000000 		.4byte	.LFE4-.LFB4
ARM GAS  C:\Users\chemi\AppData\Local\Temp\ccR5Iib2.s 			page 14


 579 0028 00000000 		.4byte	.LFB0
 580 002c 06000000 		.4byte	.LFE0-.LFB0
 581 0030 00000000 		.4byte	.LFB2
 582 0034 1C000000 		.4byte	.LFE2-.LFB2
 583 0038 00000000 		.4byte	0
 584 003c 00000000 		.4byte	0
 585              		.section	.debug_ranges,"",%progbits
 586              	.Ldebug_ranges0:
 587 0000 00000000 		.4byte	.LFB1
 588 0004 28000000 		.4byte	.LFE1
 589 0008 00000000 		.4byte	.LFB3
 590 000c 30000000 		.4byte	.LFE3
 591 0010 00000000 		.4byte	.LFB4
 592 0014 1C000000 		.4byte	.LFE4
 593 0018 00000000 		.4byte	.LFB0
 594 001c 06000000 		.4byte	.LFE0
 595 0020 00000000 		.4byte	.LFB2
 596 0024 1C000000 		.4byte	.LFE2
 597 0028 00000000 		.4byte	0
 598 002c 00000000 		.4byte	0
 599              		.section	.debug_line,"",%progbits
 600              	.Ldebug_line0:
 601 0000 AB000000 		.section	.debug_str,"MS",%progbits,1
 601      02004400 
 601      00000201 
 601      FB0E0D00 
 601      01010101 
 602              	.LASF6:
 603 0000 6C6F6E67 		.ascii	"long long int\000"
 603      206C6F6E 
 603      6720696E 
 603      7400
 604              	.LASF24:
 605 000e 4F70616D 		.ascii	"Opamp_2_initVar\000"
 605      705F325F 
 605      696E6974 
 605      56617200 
 606              	.LASF8:
 607 001e 756E7369 		.ascii	"unsigned int\000"
 607      676E6564 
 607      20696E74 
 607      00
 608              	.LASF19:
 609 002b 4F70616D 		.ascii	"Opamp_2_Start\000"
 609      705F325F 
 609      53746172 
 609      7400
 610              	.LASF21:
 611 0039 47656E65 		.ascii	"Generated_Source\\PSoC5\\Opamp_2.c\000"
 611      72617465 
 611      645F536F 
 611      75726365 
 611      5C50536F 
 612              	.LASF20:
 613 005a 474E5520 		.ascii	"GNU C99 5.4.1 20160609 (release) [ARM/embedded-5-br"
 613      43393920 
 613      352E342E 
ARM GAS  C:\Users\chemi\AppData\Local\Temp\ccR5Iib2.s 			page 15


 613      31203230 
 613      31363036 
 614 008d 616E6368 		.ascii	"anch revision 237715] -mcpu=cortex-m3 -mthumb -g -O"
 614      20726576 
 614      6973696F 
 614      6E203233 
 614      37373135 
 615 00c0 73202D73 		.ascii	"s -std=gnu99 -ffunction-sections -ffat-lto-objects\000"
 615      74643D67 
 615      6E753939 
 615      202D6666 
 615      756E6374 
 616              	.LASF12:
 617 00f3 75696E74 		.ascii	"uint8\000"
 617      3800
 618              	.LASF5:
 619 00f9 6C6F6E67 		.ascii	"long unsigned int\000"
 619      20756E73 
 619      69676E65 
 619      6420696E 
 619      7400
 620              	.LASF7:
 621 010b 6C6F6E67 		.ascii	"long long unsigned int\000"
 621      206C6F6E 
 621      6720756E 
 621      7369676E 
 621      65642069 
 622              	.LASF15:
 623 0122 4F70616D 		.ascii	"Opamp_2_Enable\000"
 623      705F325F 
 623      456E6162 
 623      6C6500
 624              	.LASF16:
 625 0131 4F70616D 		.ascii	"Opamp_2_Stop\000"
 625      705F325F 
 625      53746F70 
 625      00
 626              	.LASF1:
 627 013e 756E7369 		.ascii	"unsigned char\000"
 627      676E6564 
 627      20636861 
 627      7200
 628              	.LASF11:
 629 014c 63686172 		.ascii	"char\000"
 629      00
 630              	.LASF22:
 631 0151 433A5C55 		.ascii	"C:\\Users\\chemi\\UD3_QCW\\UD3_QFN.cydsn\000"
 631      73657273 
 631      5C636865 
 631      6D695C55 
 631      44335F51 
 632              	.LASF4:
 633 0176 6C6F6E67 		.ascii	"long int\000"
 633      20696E74 
 633      00
 634              	.LASF10:
 635 017f 646F7562 		.ascii	"double\000"
ARM GAS  C:\Users\chemi\AppData\Local\Temp\ccR5Iib2.s 			page 16


 635      6C6500
 636              	.LASF3:
 637 0186 73686F72 		.ascii	"short unsigned int\000"
 637      7420756E 
 637      7369676E 
 637      65642069 
 637      6E7400
 638              	.LASF0:
 639 0199 7369676E 		.ascii	"signed char\000"
 639      65642063 
 639      68617200 
 640              	.LASF17:
 641 01a5 4F70616D 		.ascii	"Opamp_2_SetPower\000"
 641      705F325F 
 641      53657450 
 641      6F776572 
 641      00
 642              	.LASF9:
 643 01b6 666C6F61 		.ascii	"float\000"
 643      7400
 644              	.LASF2:
 645 01bc 73686F72 		.ascii	"short int\000"
 645      7420696E 
 645      7400
 646              	.LASF13:
 647 01c6 72656738 		.ascii	"reg8\000"
 647      00
 648              	.LASF18:
 649 01cb 4F70616D 		.ascii	"Opamp_2_Init\000"
 649      705F325F 
 649      496E6974 
 649      00
 650              	.LASF14:
 651 01d8 73697A65 		.ascii	"sizetype\000"
 651      74797065 
 651      00
 652              	.LASF23:
 653 01e1 706F7765 		.ascii	"power\000"
 653      7200
 654              		.ident	"GCC: (GNU Tools for ARM Embedded Processors) 5.4.1 20160609 (release) [ARM/embedded-5-bran
