ARM GAS  C:\Users\chemi\AppData\Local\Temp\ccRavtQY.s 			page 1


   1              		.syntax unified
   2              		.cpu cortex-m3
   3              		.fpu softvfp
   4              		.eabi_attribute 20, 1
   5              		.eabi_attribute 21, 1
   6              		.eabi_attribute 23, 3
   7              		.eabi_attribute 24, 1
   8              		.eabi_attribute 25, 1
   9              		.eabi_attribute 26, 1
  10              		.eabi_attribute 30, 4
  11              		.eabi_attribute 34, 1
  12              		.eabi_attribute 18, 4
  13              		.thumb
  14              		.syntax unified
  15              		.file	"PSBINIT_DMA_dma.c"
  16              		.text
  17              	.Ltext0:
  18              		.cfi_sections	.debug_frame
  19              		.section	.text.PSBINIT_DMA_DmaInitialize,"ax",%progbits
  20              		.align	1
  21              		.global	PSBINIT_DMA_DmaInitialize
  22              		.thumb
  23              		.thumb_func
  24              		.type	PSBINIT_DMA_DmaInitialize, %function
  25              	PSBINIT_DMA_DmaInitialize:
  26              	.LFB0:
  27              		.file 1 "Generated_Source\\PSoC5\\PSBINIT_DMA_dma.c"
   1:Generated_Source\PSoC5/PSBINIT_DMA_dma.c **** /***************************************************************************
   2:Generated_Source\PSoC5/PSBINIT_DMA_dma.c **** * File Name: PSBINIT_DMA_dma.c  
   3:Generated_Source\PSoC5/PSBINIT_DMA_dma.c **** * Version 1.70
   4:Generated_Source\PSoC5/PSBINIT_DMA_dma.c **** *
   5:Generated_Source\PSoC5/PSBINIT_DMA_dma.c **** *  Description:
   6:Generated_Source\PSoC5/PSBINIT_DMA_dma.c **** *   Provides an API for the DMAC component. The API includes functions
   7:Generated_Source\PSoC5/PSBINIT_DMA_dma.c **** *   for the DMA controller, DMA channels and Transfer Descriptors.
   8:Generated_Source\PSoC5/PSBINIT_DMA_dma.c **** *
   9:Generated_Source\PSoC5/PSBINIT_DMA_dma.c **** *
  10:Generated_Source\PSoC5/PSBINIT_DMA_dma.c **** *   Note:
  11:Generated_Source\PSoC5/PSBINIT_DMA_dma.c **** *     This module requires the developer to finish or fill in the auto
  12:Generated_Source\PSoC5/PSBINIT_DMA_dma.c **** *     generated funcions and setup the dma channel and TD's.
  13:Generated_Source\PSoC5/PSBINIT_DMA_dma.c **** *
  14:Generated_Source\PSoC5/PSBINIT_DMA_dma.c **** ********************************************************************************
  15:Generated_Source\PSoC5/PSBINIT_DMA_dma.c **** * Copyright 2008-2010, Cypress Semiconductor Corporation.  All rights reserved.
  16:Generated_Source\PSoC5/PSBINIT_DMA_dma.c **** * You may use this file only in accordance with the license, terms, conditions, 
  17:Generated_Source\PSoC5/PSBINIT_DMA_dma.c **** * disclaimers, and limitations in the end user license agreement accompanying 
  18:Generated_Source\PSoC5/PSBINIT_DMA_dma.c **** * the software package with which this file was provided.
  19:Generated_Source\PSoC5/PSBINIT_DMA_dma.c **** ********************************************************************************/
  20:Generated_Source\PSoC5/PSBINIT_DMA_dma.c **** #include <CYLIB.H>
  21:Generated_Source\PSoC5/PSBINIT_DMA_dma.c **** #include <CYDMAC.H>
  22:Generated_Source\PSoC5/PSBINIT_DMA_dma.c **** #include <PSBINIT_DMA_dma.H>
  23:Generated_Source\PSoC5/PSBINIT_DMA_dma.c **** 
  24:Generated_Source\PSoC5/PSBINIT_DMA_dma.c **** 
  25:Generated_Source\PSoC5/PSBINIT_DMA_dma.c **** 
  26:Generated_Source\PSoC5/PSBINIT_DMA_dma.c **** /****************************************************************************
  27:Generated_Source\PSoC5/PSBINIT_DMA_dma.c **** * 
  28:Generated_Source\PSoC5/PSBINIT_DMA_dma.c **** * The following defines are available in Cyfitter.h
  29:Generated_Source\PSoC5/PSBINIT_DMA_dma.c **** * 
  30:Generated_Source\PSoC5/PSBINIT_DMA_dma.c **** * 
ARM GAS  C:\Users\chemi\AppData\Local\Temp\ccRavtQY.s 			page 2


  31:Generated_Source\PSoC5/PSBINIT_DMA_dma.c **** * 
  32:Generated_Source\PSoC5/PSBINIT_DMA_dma.c **** * PSBINIT_DMA__DRQ_CTL_REG
  33:Generated_Source\PSoC5/PSBINIT_DMA_dma.c **** * 
  34:Generated_Source\PSoC5/PSBINIT_DMA_dma.c **** * 
  35:Generated_Source\PSoC5/PSBINIT_DMA_dma.c **** * PSBINIT_DMA__DRQ_NUMBER
  36:Generated_Source\PSoC5/PSBINIT_DMA_dma.c **** * 
  37:Generated_Source\PSoC5/PSBINIT_DMA_dma.c **** * Number of TD's used by this channel.
  38:Generated_Source\PSoC5/PSBINIT_DMA_dma.c **** * PSBINIT_DMA__NUMBEROF_TDS
  39:Generated_Source\PSoC5/PSBINIT_DMA_dma.c **** * 
  40:Generated_Source\PSoC5/PSBINIT_DMA_dma.c **** * Priority of this channel.
  41:Generated_Source\PSoC5/PSBINIT_DMA_dma.c **** * PSBINIT_DMA__PRIORITY
  42:Generated_Source\PSoC5/PSBINIT_DMA_dma.c **** * 
  43:Generated_Source\PSoC5/PSBINIT_DMA_dma.c **** * True if PSBINIT_DMA_TERMIN_SEL is used.
  44:Generated_Source\PSoC5/PSBINIT_DMA_dma.c **** * PSBINIT_DMA__TERMIN_EN
  45:Generated_Source\PSoC5/PSBINIT_DMA_dma.c **** * 
  46:Generated_Source\PSoC5/PSBINIT_DMA_dma.c **** * TERMIN interrupt line to signal terminate.
  47:Generated_Source\PSoC5/PSBINIT_DMA_dma.c **** * PSBINIT_DMA__TERMIN_SEL
  48:Generated_Source\PSoC5/PSBINIT_DMA_dma.c **** * 
  49:Generated_Source\PSoC5/PSBINIT_DMA_dma.c **** * 
  50:Generated_Source\PSoC5/PSBINIT_DMA_dma.c **** * True if PSBINIT_DMA_TERMOUT0_SEL is used.
  51:Generated_Source\PSoC5/PSBINIT_DMA_dma.c **** * PSBINIT_DMA__TERMOUT0_EN
  52:Generated_Source\PSoC5/PSBINIT_DMA_dma.c **** * 
  53:Generated_Source\PSoC5/PSBINIT_DMA_dma.c **** * 
  54:Generated_Source\PSoC5/PSBINIT_DMA_dma.c **** * TERMOUT0 interrupt line to signal completion.
  55:Generated_Source\PSoC5/PSBINIT_DMA_dma.c **** * PSBINIT_DMA__TERMOUT0_SEL
  56:Generated_Source\PSoC5/PSBINIT_DMA_dma.c **** * 
  57:Generated_Source\PSoC5/PSBINIT_DMA_dma.c **** * 
  58:Generated_Source\PSoC5/PSBINIT_DMA_dma.c **** * True if PSBINIT_DMA_TERMOUT1_SEL is used.
  59:Generated_Source\PSoC5/PSBINIT_DMA_dma.c **** * PSBINIT_DMA__TERMOUT1_EN
  60:Generated_Source\PSoC5/PSBINIT_DMA_dma.c **** * 
  61:Generated_Source\PSoC5/PSBINIT_DMA_dma.c **** * 
  62:Generated_Source\PSoC5/PSBINIT_DMA_dma.c **** * TERMOUT1 interrupt line to signal completion.
  63:Generated_Source\PSoC5/PSBINIT_DMA_dma.c **** * PSBINIT_DMA__TERMOUT1_SEL
  64:Generated_Source\PSoC5/PSBINIT_DMA_dma.c **** * 
  65:Generated_Source\PSoC5/PSBINIT_DMA_dma.c **** ****************************************************************************/
  66:Generated_Source\PSoC5/PSBINIT_DMA_dma.c **** 
  67:Generated_Source\PSoC5/PSBINIT_DMA_dma.c **** 
  68:Generated_Source\PSoC5/PSBINIT_DMA_dma.c **** /* Zero based index of PSBINIT_DMA dma channel */
  69:Generated_Source\PSoC5/PSBINIT_DMA_dma.c **** uint8 PSBINIT_DMA_DmaHandle = DMA_INVALID_CHANNEL;
  70:Generated_Source\PSoC5/PSBINIT_DMA_dma.c **** 
  71:Generated_Source\PSoC5/PSBINIT_DMA_dma.c **** /*********************************************************************
  72:Generated_Source\PSoC5/PSBINIT_DMA_dma.c **** * Function Name: uint8 PSBINIT_DMA_DmaInitalize
  73:Generated_Source\PSoC5/PSBINIT_DMA_dma.c **** **********************************************************************
  74:Generated_Source\PSoC5/PSBINIT_DMA_dma.c **** * Summary:
  75:Generated_Source\PSoC5/PSBINIT_DMA_dma.c **** *   Allocates and initialises a channel of the DMAC to be used by the
  76:Generated_Source\PSoC5/PSBINIT_DMA_dma.c **** *   caller.
  77:Generated_Source\PSoC5/PSBINIT_DMA_dma.c **** *
  78:Generated_Source\PSoC5/PSBINIT_DMA_dma.c **** * Parameters:
  79:Generated_Source\PSoC5/PSBINIT_DMA_dma.c **** *   BurstCount.
  80:Generated_Source\PSoC5/PSBINIT_DMA_dma.c **** *       
  81:Generated_Source\PSoC5/PSBINIT_DMA_dma.c **** *       
  82:Generated_Source\PSoC5/PSBINIT_DMA_dma.c **** *   ReqestPerBurst.
  83:Generated_Source\PSoC5/PSBINIT_DMA_dma.c **** *       
  84:Generated_Source\PSoC5/PSBINIT_DMA_dma.c **** *       
  85:Generated_Source\PSoC5/PSBINIT_DMA_dma.c **** *   UpperSrcAddress.
  86:Generated_Source\PSoC5/PSBINIT_DMA_dma.c **** *       
  87:Generated_Source\PSoC5/PSBINIT_DMA_dma.c **** *       
ARM GAS  C:\Users\chemi\AppData\Local\Temp\ccRavtQY.s 			page 3


  88:Generated_Source\PSoC5/PSBINIT_DMA_dma.c **** *   UpperDestAddress.
  89:Generated_Source\PSoC5/PSBINIT_DMA_dma.c **** *       
  90:Generated_Source\PSoC5/PSBINIT_DMA_dma.c **** *
  91:Generated_Source\PSoC5/PSBINIT_DMA_dma.c **** * Return:
  92:Generated_Source\PSoC5/PSBINIT_DMA_dma.c **** *   The channel that can be used by the caller for DMA activity.
  93:Generated_Source\PSoC5/PSBINIT_DMA_dma.c **** *   DMA_INVALID_CHANNEL (0xFF) if there are no channels left. 
  94:Generated_Source\PSoC5/PSBINIT_DMA_dma.c **** *
  95:Generated_Source\PSoC5/PSBINIT_DMA_dma.c **** *
  96:Generated_Source\PSoC5/PSBINIT_DMA_dma.c **** *******************************************************************/
  97:Generated_Source\PSoC5/PSBINIT_DMA_dma.c **** uint8 PSBINIT_DMA_DmaInitialize(uint8 BurstCount, uint8 ReqestPerBurst, uint16 UpperSrcAddress, uin
  98:Generated_Source\PSoC5/PSBINIT_DMA_dma.c **** {
  28              		.loc 1 98 0
  29              		.cfi_startproc
  30              		@ args = 0, pretend = 0, frame = 0
  31              		@ frame_needed = 0, uses_anonymous_args = 0
  32              	.LVL0:
  33 0000 F7B5     		push	{r0, r1, r2, r4, r5, r6, r7, lr}
  34              		.cfi_def_cfa_offset 32
  35              		.cfi_offset 4, -20
  36              		.cfi_offset 5, -16
  37              		.cfi_offset 6, -12
  38              		.cfi_offset 7, -8
  39              		.cfi_offset 14, -4
  40              		.loc 1 98 0
  41 0002 1646     		mov	r6, r2
  42 0004 1F46     		mov	r7, r3
  99:Generated_Source\PSoC5/PSBINIT_DMA_dma.c **** 
 100:Generated_Source\PSoC5/PSBINIT_DMA_dma.c ****     /* Allocate a DMA channel. */
 101:Generated_Source\PSoC5/PSBINIT_DMA_dma.c ****     PSBINIT_DMA_DmaHandle = (uint8)PSBINIT_DMA__DRQ_NUMBER;
  43              		.loc 1 101 0
  44 0006 0B4C     		ldr	r4, .L2
 102:Generated_Source\PSoC5/PSBINIT_DMA_dma.c **** 
 103:Generated_Source\PSoC5/PSBINIT_DMA_dma.c ****     /* Configure the channel. */
 104:Generated_Source\PSoC5/PSBINIT_DMA_dma.c ****     (void)CyDmaChSetConfiguration(PSBINIT_DMA_DmaHandle,
  45              		.loc 1 104 0
  46 0008 0023     		movs	r3, #0
  47              	.LVL1:
 101:Generated_Source\PSoC5/PSBINIT_DMA_dma.c **** 
  48              		.loc 1 101 0
  49 000a 0425     		movs	r5, #4
  50              		.loc 1 104 0
  51 000c 0193     		str	r3, [sp, #4]
  52 000e 0093     		str	r3, [sp]
  53 0010 0A46     		mov	r2, r1
  54              	.LVL2:
  55 0012 0146     		mov	r1, r0
  56              	.LVL3:
  57 0014 2846     		mov	r0, r5
  58              	.LVL4:
 101:Generated_Source\PSoC5/PSBINIT_DMA_dma.c **** 
  59              		.loc 1 101 0
  60 0016 2570     		strb	r5, [r4]
  61              		.loc 1 104 0
  62 0018 FFF7FEFF 		bl	CyDmaChSetConfiguration
  63              	.LVL5:
 105:Generated_Source\PSoC5/PSBINIT_DMA_dma.c ****                                   BurstCount,
 106:Generated_Source\PSoC5/PSBINIT_DMA_dma.c ****                                   ReqestPerBurst,
ARM GAS  C:\Users\chemi\AppData\Local\Temp\ccRavtQY.s 			page 4


 107:Generated_Source\PSoC5/PSBINIT_DMA_dma.c ****                                   (uint8)PSBINIT_DMA__TERMOUT0_SEL,
 108:Generated_Source\PSoC5/PSBINIT_DMA_dma.c ****                                   (uint8)PSBINIT_DMA__TERMOUT1_SEL,
 109:Generated_Source\PSoC5/PSBINIT_DMA_dma.c ****                                   (uint8)PSBINIT_DMA__TERMIN_SEL);
 110:Generated_Source\PSoC5/PSBINIT_DMA_dma.c **** 
 111:Generated_Source\PSoC5/PSBINIT_DMA_dma.c ****     /* Set the extended address for the transfers */
 112:Generated_Source\PSoC5/PSBINIT_DMA_dma.c ****     (void)CyDmaChSetExtendedAddress(PSBINIT_DMA_DmaHandle, UpperSrcAddress, UpperDestAddress);
  64              		.loc 1 112 0
  65 001c 3A46     		mov	r2, r7
  66 001e 3146     		mov	r1, r6
  67 0020 2078     		ldrb	r0, [r4]	@ zero_extendqisi2
  68 0022 FFF7FEFF 		bl	CyDmaChSetExtendedAddress
  69              	.LVL6:
 113:Generated_Source\PSoC5/PSBINIT_DMA_dma.c **** 
 114:Generated_Source\PSoC5/PSBINIT_DMA_dma.c ****     /* Set the priority for this channel */
 115:Generated_Source\PSoC5/PSBINIT_DMA_dma.c ****     (void)CyDmaChPriority(PSBINIT_DMA_DmaHandle, (uint8)PSBINIT_DMA__PRIORITY);
  70              		.loc 1 115 0
  71 0026 0221     		movs	r1, #2
  72 0028 2078     		ldrb	r0, [r4]	@ zero_extendqisi2
  73 002a FFF7FEFF 		bl	CyDmaChPriority
  74              	.LVL7:
 116:Generated_Source\PSoC5/PSBINIT_DMA_dma.c ****     
 117:Generated_Source\PSoC5/PSBINIT_DMA_dma.c ****     return PSBINIT_DMA_DmaHandle;
 118:Generated_Source\PSoC5/PSBINIT_DMA_dma.c **** }
  75              		.loc 1 118 0
  76 002e 2078     		ldrb	r0, [r4]	@ zero_extendqisi2
  77 0030 03B0     		add	sp, sp, #12
  78              		.cfi_def_cfa_offset 20
  79              		@ sp needed
  80 0032 F0BD     		pop	{r4, r5, r6, r7, pc}
  81              	.L3:
  82              		.align	2
  83              	.L2:
  84 0034 00000000 		.word	.LANCHOR0
  85              		.cfi_endproc
  86              	.LFE0:
  87              		.size	PSBINIT_DMA_DmaInitialize, .-PSBINIT_DMA_DmaInitialize
  88              		.section	.text.PSBINIT_DMA_DmaRelease,"ax",%progbits
  89              		.align	1
  90              		.global	PSBINIT_DMA_DmaRelease
  91              		.thumb
  92              		.thumb_func
  93              		.type	PSBINIT_DMA_DmaRelease, %function
  94              	PSBINIT_DMA_DmaRelease:
  95              	.LFB1:
 119:Generated_Source\PSoC5/PSBINIT_DMA_dma.c **** 
 120:Generated_Source\PSoC5/PSBINIT_DMA_dma.c **** /*********************************************************************
 121:Generated_Source\PSoC5/PSBINIT_DMA_dma.c **** * Function Name: void PSBINIT_DMA_DmaRelease
 122:Generated_Source\PSoC5/PSBINIT_DMA_dma.c **** **********************************************************************
 123:Generated_Source\PSoC5/PSBINIT_DMA_dma.c **** * Summary:
 124:Generated_Source\PSoC5/PSBINIT_DMA_dma.c **** *   Frees the channel associated with PSBINIT_DMA.
 125:Generated_Source\PSoC5/PSBINIT_DMA_dma.c **** *
 126:Generated_Source\PSoC5/PSBINIT_DMA_dma.c **** *
 127:Generated_Source\PSoC5/PSBINIT_DMA_dma.c **** * Parameters:
 128:Generated_Source\PSoC5/PSBINIT_DMA_dma.c **** *   void.
 129:Generated_Source\PSoC5/PSBINIT_DMA_dma.c **** *
 130:Generated_Source\PSoC5/PSBINIT_DMA_dma.c **** *
 131:Generated_Source\PSoC5/PSBINIT_DMA_dma.c **** *
ARM GAS  C:\Users\chemi\AppData\Local\Temp\ccRavtQY.s 			page 5


 132:Generated_Source\PSoC5/PSBINIT_DMA_dma.c **** * Return:
 133:Generated_Source\PSoC5/PSBINIT_DMA_dma.c **** *   void.
 134:Generated_Source\PSoC5/PSBINIT_DMA_dma.c **** *
 135:Generated_Source\PSoC5/PSBINIT_DMA_dma.c **** *******************************************************************/
 136:Generated_Source\PSoC5/PSBINIT_DMA_dma.c **** void PSBINIT_DMA_DmaRelease(void) 
 137:Generated_Source\PSoC5/PSBINIT_DMA_dma.c **** {
  96              		.loc 1 137 0
  97              		.cfi_startproc
  98              		@ args = 0, pretend = 0, frame = 0
  99              		@ frame_needed = 0, uses_anonymous_args = 0
 100              		@ link register save eliminated.
 138:Generated_Source\PSoC5/PSBINIT_DMA_dma.c ****     /* Disable the channel */
 139:Generated_Source\PSoC5/PSBINIT_DMA_dma.c ****     (void)CyDmaChDisable(PSBINIT_DMA_DmaHandle);
 101              		.loc 1 139 0
 102 0000 014B     		ldr	r3, .L5
 103 0002 1878     		ldrb	r0, [r3]	@ zero_extendqisi2
 104 0004 FFF7FEBF 		b	CyDmaChDisable
 105              	.LVL8:
 106              	.L6:
 107              		.align	2
 108              	.L5:
 109 0008 00000000 		.word	.LANCHOR0
 110              		.cfi_endproc
 111              	.LFE1:
 112              		.size	PSBINIT_DMA_DmaRelease, .-PSBINIT_DMA_DmaRelease
 113              		.global	PSBINIT_DMA_DmaHandle
 114              		.data
 115              		.set	.LANCHOR0,. + 0
 116              		.type	PSBINIT_DMA_DmaHandle, %object
 117              		.size	PSBINIT_DMA_DmaHandle, 1
 118              	PSBINIT_DMA_DmaHandle:
 119 0000 FF       		.byte	-1
 120              		.text
 121              	.Letext0:
 122              		.file 2 "Generated_Source\\PSoC5/cytypes.h"
 123              		.file 3 "Generated_Source\\PSoC5/CYDMAC.H"
 124              		.section	.debug_info,"",%progbits
 125              	.Ldebug_info0:
 126 0000 9C010000 		.4byte	0x19c
 127 0004 0400     		.2byte	0x4
 128 0006 00000000 		.4byte	.Ldebug_abbrev0
 129 000a 04       		.byte	0x4
 130 000b 01       		.uleb128 0x1
 131 000c 3C010000 		.4byte	.LASF23
 132 0010 0C       		.byte	0xc
 133 0011 43000000 		.4byte	.LASF24
 134 0015 0E010000 		.4byte	.LASF25
 135 0019 00000000 		.4byte	.Ldebug_ranges0+0
 136 001d 00000000 		.4byte	0
 137 0021 00000000 		.4byte	.Ldebug_line0
 138 0025 02       		.uleb128 0x2
 139 0026 04       		.byte	0x4
 140 0027 05       		.byte	0x5
 141 0028 696E7400 		.ascii	"int\000"
 142 002c 03       		.uleb128 0x3
 143 002d 04       		.byte	0x4
 144 002e 07       		.byte	0x7
ARM GAS  C:\Users\chemi\AppData\Local\Temp\ccRavtQY.s 			page 6


 145 002f 1E000000 		.4byte	.LASF0
 146 0033 03       		.uleb128 0x3
 147 0034 01       		.byte	0x1
 148 0035 06       		.byte	0x6
 149 0036 11020000 		.4byte	.LASF1
 150 003a 03       		.uleb128 0x3
 151 003b 01       		.byte	0x1
 152 003c 08       		.byte	0x8
 153 003d FB000000 		.4byte	.LASF2
 154 0041 03       		.uleb128 0x3
 155 0042 02       		.byte	0x2
 156 0043 05       		.byte	0x5
 157 0044 46020000 		.4byte	.LASF3
 158 0048 03       		.uleb128 0x3
 159 0049 02       		.byte	0x2
 160 004a 07       		.byte	0x7
 161 004b FE010000 		.4byte	.LASF4
 162 004f 03       		.uleb128 0x3
 163 0050 04       		.byte	0x4
 164 0051 05       		.byte	0x5
 165 0052 33010000 		.4byte	.LASF5
 166 0056 03       		.uleb128 0x3
 167 0057 04       		.byte	0x4
 168 0058 07       		.byte	0x7
 169 0059 9C000000 		.4byte	.LASF6
 170 005d 03       		.uleb128 0x3
 171 005e 08       		.byte	0x8
 172 005f 05       		.byte	0x5
 173 0060 00000000 		.4byte	.LASF7
 174 0064 03       		.uleb128 0x3
 175 0065 08       		.byte	0x8
 176 0066 07       		.byte	0x7
 177 0067 AE000000 		.4byte	.LASF8
 178 006b 03       		.uleb128 0x3
 179 006c 04       		.byte	0x4
 180 006d 07       		.byte	0x7
 181 006e 2C020000 		.4byte	.LASF9
 182 0072 03       		.uleb128 0x3
 183 0073 01       		.byte	0x1
 184 0074 08       		.byte	0x8
 185 0075 09010000 		.4byte	.LASF10
 186 0079 04       		.uleb128 0x4
 187 007a 96000000 		.4byte	.LASF11
 188 007e 02       		.byte	0x2
 189 007f 9201     		.2byte	0x192
 190 0081 3A000000 		.4byte	0x3a
 191 0085 04       		.uleb128 0x4
 192 0086 50020000 		.4byte	.LASF12
 193 008a 02       		.byte	0x2
 194 008b 9301     		.2byte	0x193
 195 008d 48000000 		.4byte	0x48
 196 0091 03       		.uleb128 0x3
 197 0092 04       		.byte	0x4
 198 0093 04       		.byte	0x4
 199 0094 C5000000 		.4byte	.LASF13
 200 0098 03       		.uleb128 0x3
 201 0099 08       		.byte	0x8
ARM GAS  C:\Users\chemi\AppData\Local\Temp\ccRavtQY.s 			page 7


 202 009a 04       		.byte	0x4
 203 009b D5010000 		.4byte	.LASF14
 204 009f 05       		.uleb128 0x5
 205 00a0 6C000000 		.4byte	.LASF26
 206 00a4 01       		.byte	0x1
 207 00a5 61       		.byte	0x61
 208 00a6 79000000 		.4byte	0x79
 209 00aa 00000000 		.4byte	.LFB0
 210 00ae 38000000 		.4byte	.LFE0-.LFB0
 211 00b2 01       		.uleb128 0x1
 212 00b3 9C       		.byte	0x9c
 213 00b4 43010000 		.4byte	0x143
 214 00b8 06       		.uleb128 0x6
 215 00b9 F3010000 		.4byte	.LASF15
 216 00bd 01       		.byte	0x1
 217 00be 61       		.byte	0x61
 218 00bf 79000000 		.4byte	0x79
 219 00c3 00000000 		.4byte	.LLST0
 220 00c7 06       		.uleb128 0x6
 221 00c8 1D020000 		.4byte	.LASF16
 222 00cc 01       		.byte	0x1
 223 00cd 61       		.byte	0x61
 224 00ce 79000000 		.4byte	0x79
 225 00d2 21000000 		.4byte	.LLST1
 226 00d6 06       		.uleb128 0x6
 227 00d7 0E000000 		.4byte	.LASF17
 228 00db 01       		.byte	0x1
 229 00dc 61       		.byte	0x61
 230 00dd 85000000 		.4byte	0x85
 231 00e1 42000000 		.4byte	.LLST2
 232 00e5 06       		.uleb128 0x6
 233 00e6 35020000 		.4byte	.LASF18
 234 00ea 01       		.byte	0x1
 235 00eb 61       		.byte	0x61
 236 00ec 85000000 		.4byte	0x85
 237 00f0 63000000 		.4byte	.LLST3
 238 00f4 07       		.uleb128 0x7
 239 00f5 1C000000 		.4byte	.LVL5
 240 00f9 73010000 		.4byte	0x173
 241 00fd 19010000 		.4byte	0x119
 242 0101 08       		.uleb128 0x8
 243 0102 01       		.uleb128 0x1
 244 0103 50       		.byte	0x50
 245 0104 02       		.uleb128 0x2
 246 0105 75       		.byte	0x75
 247 0106 00       		.sleb128 0
 248 0107 08       		.uleb128 0x8
 249 0108 01       		.uleb128 0x1
 250 0109 53       		.byte	0x53
 251 010a 01       		.uleb128 0x1
 252 010b 30       		.byte	0x30
 253 010c 08       		.uleb128 0x8
 254 010d 02       		.uleb128 0x2
 255 010e 7D       		.byte	0x7d
 256 010f 00       		.sleb128 0
 257 0110 01       		.uleb128 0x1
 258 0111 30       		.byte	0x30
ARM GAS  C:\Users\chemi\AppData\Local\Temp\ccRavtQY.s 			page 8


 259 0112 08       		.uleb128 0x8
 260 0113 02       		.uleb128 0x2
 261 0114 7D       		.byte	0x7d
 262 0115 04       		.sleb128 4
 263 0116 01       		.uleb128 0x1
 264 0117 30       		.byte	0x30
 265 0118 00       		.byte	0
 266 0119 07       		.uleb128 0x7
 267 011a 26000000 		.4byte	.LVL6
 268 011e 7E010000 		.4byte	0x17e
 269 0122 33010000 		.4byte	0x133
 270 0126 08       		.uleb128 0x8
 271 0127 01       		.uleb128 0x1
 272 0128 51       		.byte	0x51
 273 0129 02       		.uleb128 0x2
 274 012a 76       		.byte	0x76
 275 012b 00       		.sleb128 0
 276 012c 08       		.uleb128 0x8
 277 012d 01       		.uleb128 0x1
 278 012e 52       		.byte	0x52
 279 012f 02       		.uleb128 0x2
 280 0130 77       		.byte	0x77
 281 0131 00       		.sleb128 0
 282 0132 00       		.byte	0
 283 0133 09       		.uleb128 0x9
 284 0134 2E000000 		.4byte	.LVL7
 285 0138 89010000 		.4byte	0x189
 286 013c 08       		.uleb128 0x8
 287 013d 01       		.uleb128 0x1
 288 013e 51       		.byte	0x51
 289 013f 01       		.uleb128 0x1
 290 0140 32       		.byte	0x32
 291 0141 00       		.byte	0
 292 0142 00       		.byte	0
 293 0143 0A       		.uleb128 0xa
 294 0144 DC010000 		.4byte	.LASF27
 295 0148 01       		.byte	0x1
 296 0149 88       		.byte	0x88
 297 014a 00000000 		.4byte	.LFB1
 298 014e 0C000000 		.4byte	.LFE1-.LFB1
 299 0152 01       		.uleb128 0x1
 300 0153 9C       		.byte	0x9c
 301 0154 62010000 		.4byte	0x162
 302 0158 0B       		.uleb128 0xb
 303 0159 08000000 		.4byte	.LVL8
 304 015d 94010000 		.4byte	0x194
 305 0161 00       		.byte	0
 306 0162 0C       		.uleb128 0xc
 307 0163 E5000000 		.4byte	.LASF28
 308 0167 01       		.byte	0x1
 309 0168 45       		.byte	0x45
 310 0169 79000000 		.4byte	0x79
 311 016d 05       		.uleb128 0x5
 312 016e 03       		.byte	0x3
 313 016f 00000000 		.4byte	PSBINIT_DMA_DmaHandle
 314 0173 0D       		.uleb128 0xd
 315 0174 2B000000 		.4byte	.LASF19
ARM GAS  C:\Users\chemi\AppData\Local\Temp\ccRavtQY.s 			page 9


 316 0178 2B000000 		.4byte	.LASF19
 317 017c 03       		.byte	0x3
 318 017d 33       		.byte	0x33
 319 017e 0D       		.uleb128 0xd
 320 017f CB000000 		.4byte	.LASF20
 321 0183 CB000000 		.4byte	.LASF20
 322 0187 03       		.byte	0x3
 323 0188 2D       		.byte	0x2d
 324 0189 0D       		.uleb128 0xd
 325 018a 86000000 		.4byte	.LASF21
 326 018e 86000000 		.4byte	.LASF21
 327 0192 03       		.byte	0x3
 328 0193 2C       		.byte	0x2c
 329 0194 0D       		.uleb128 0xd
 330 0195 57020000 		.4byte	.LASF22
 331 0199 57020000 		.4byte	.LASF22
 332 019d 03       		.byte	0x3
 333 019e 2A       		.byte	0x2a
 334 019f 00       		.byte	0
 335              		.section	.debug_abbrev,"",%progbits
 336              	.Ldebug_abbrev0:
 337 0000 01       		.uleb128 0x1
 338 0001 11       		.uleb128 0x11
 339 0002 01       		.byte	0x1
 340 0003 25       		.uleb128 0x25
 341 0004 0E       		.uleb128 0xe
 342 0005 13       		.uleb128 0x13
 343 0006 0B       		.uleb128 0xb
 344 0007 03       		.uleb128 0x3
 345 0008 0E       		.uleb128 0xe
 346 0009 1B       		.uleb128 0x1b
 347 000a 0E       		.uleb128 0xe
 348 000b 55       		.uleb128 0x55
 349 000c 17       		.uleb128 0x17
 350 000d 11       		.uleb128 0x11
 351 000e 01       		.uleb128 0x1
 352 000f 10       		.uleb128 0x10
 353 0010 17       		.uleb128 0x17
 354 0011 00       		.byte	0
 355 0012 00       		.byte	0
 356 0013 02       		.uleb128 0x2
 357 0014 24       		.uleb128 0x24
 358 0015 00       		.byte	0
 359 0016 0B       		.uleb128 0xb
 360 0017 0B       		.uleb128 0xb
 361 0018 3E       		.uleb128 0x3e
 362 0019 0B       		.uleb128 0xb
 363 001a 03       		.uleb128 0x3
 364 001b 08       		.uleb128 0x8
 365 001c 00       		.byte	0
 366 001d 00       		.byte	0
 367 001e 03       		.uleb128 0x3
 368 001f 24       		.uleb128 0x24
 369 0020 00       		.byte	0
 370 0021 0B       		.uleb128 0xb
 371 0022 0B       		.uleb128 0xb
 372 0023 3E       		.uleb128 0x3e
ARM GAS  C:\Users\chemi\AppData\Local\Temp\ccRavtQY.s 			page 10


 373 0024 0B       		.uleb128 0xb
 374 0025 03       		.uleb128 0x3
 375 0026 0E       		.uleb128 0xe
 376 0027 00       		.byte	0
 377 0028 00       		.byte	0
 378 0029 04       		.uleb128 0x4
 379 002a 16       		.uleb128 0x16
 380 002b 00       		.byte	0
 381 002c 03       		.uleb128 0x3
 382 002d 0E       		.uleb128 0xe
 383 002e 3A       		.uleb128 0x3a
 384 002f 0B       		.uleb128 0xb
 385 0030 3B       		.uleb128 0x3b
 386 0031 05       		.uleb128 0x5
 387 0032 49       		.uleb128 0x49
 388 0033 13       		.uleb128 0x13
 389 0034 00       		.byte	0
 390 0035 00       		.byte	0
 391 0036 05       		.uleb128 0x5
 392 0037 2E       		.uleb128 0x2e
 393 0038 01       		.byte	0x1
 394 0039 3F       		.uleb128 0x3f
 395 003a 19       		.uleb128 0x19
 396 003b 03       		.uleb128 0x3
 397 003c 0E       		.uleb128 0xe
 398 003d 3A       		.uleb128 0x3a
 399 003e 0B       		.uleb128 0xb
 400 003f 3B       		.uleb128 0x3b
 401 0040 0B       		.uleb128 0xb
 402 0041 27       		.uleb128 0x27
 403 0042 19       		.uleb128 0x19
 404 0043 49       		.uleb128 0x49
 405 0044 13       		.uleb128 0x13
 406 0045 11       		.uleb128 0x11
 407 0046 01       		.uleb128 0x1
 408 0047 12       		.uleb128 0x12
 409 0048 06       		.uleb128 0x6
 410 0049 40       		.uleb128 0x40
 411 004a 18       		.uleb128 0x18
 412 004b 9742     		.uleb128 0x2117
 413 004d 19       		.uleb128 0x19
 414 004e 01       		.uleb128 0x1
 415 004f 13       		.uleb128 0x13
 416 0050 00       		.byte	0
 417 0051 00       		.byte	0
 418 0052 06       		.uleb128 0x6
 419 0053 05       		.uleb128 0x5
 420 0054 00       		.byte	0
 421 0055 03       		.uleb128 0x3
 422 0056 0E       		.uleb128 0xe
 423 0057 3A       		.uleb128 0x3a
 424 0058 0B       		.uleb128 0xb
 425 0059 3B       		.uleb128 0x3b
 426 005a 0B       		.uleb128 0xb
 427 005b 49       		.uleb128 0x49
 428 005c 13       		.uleb128 0x13
 429 005d 02       		.uleb128 0x2
ARM GAS  C:\Users\chemi\AppData\Local\Temp\ccRavtQY.s 			page 11


 430 005e 17       		.uleb128 0x17
 431 005f 00       		.byte	0
 432 0060 00       		.byte	0
 433 0061 07       		.uleb128 0x7
 434 0062 898201   		.uleb128 0x4109
 435 0065 01       		.byte	0x1
 436 0066 11       		.uleb128 0x11
 437 0067 01       		.uleb128 0x1
 438 0068 31       		.uleb128 0x31
 439 0069 13       		.uleb128 0x13
 440 006a 01       		.uleb128 0x1
 441 006b 13       		.uleb128 0x13
 442 006c 00       		.byte	0
 443 006d 00       		.byte	0
 444 006e 08       		.uleb128 0x8
 445 006f 8A8201   		.uleb128 0x410a
 446 0072 00       		.byte	0
 447 0073 02       		.uleb128 0x2
 448 0074 18       		.uleb128 0x18
 449 0075 9142     		.uleb128 0x2111
 450 0077 18       		.uleb128 0x18
 451 0078 00       		.byte	0
 452 0079 00       		.byte	0
 453 007a 09       		.uleb128 0x9
 454 007b 898201   		.uleb128 0x4109
 455 007e 01       		.byte	0x1
 456 007f 11       		.uleb128 0x11
 457 0080 01       		.uleb128 0x1
 458 0081 31       		.uleb128 0x31
 459 0082 13       		.uleb128 0x13
 460 0083 00       		.byte	0
 461 0084 00       		.byte	0
 462 0085 0A       		.uleb128 0xa
 463 0086 2E       		.uleb128 0x2e
 464 0087 01       		.byte	0x1
 465 0088 3F       		.uleb128 0x3f
 466 0089 19       		.uleb128 0x19
 467 008a 03       		.uleb128 0x3
 468 008b 0E       		.uleb128 0xe
 469 008c 3A       		.uleb128 0x3a
 470 008d 0B       		.uleb128 0xb
 471 008e 3B       		.uleb128 0x3b
 472 008f 0B       		.uleb128 0xb
 473 0090 27       		.uleb128 0x27
 474 0091 19       		.uleb128 0x19
 475 0092 11       		.uleb128 0x11
 476 0093 01       		.uleb128 0x1
 477 0094 12       		.uleb128 0x12
 478 0095 06       		.uleb128 0x6
 479 0096 40       		.uleb128 0x40
 480 0097 18       		.uleb128 0x18
 481 0098 9742     		.uleb128 0x2117
 482 009a 19       		.uleb128 0x19
 483 009b 01       		.uleb128 0x1
 484 009c 13       		.uleb128 0x13
 485 009d 00       		.byte	0
 486 009e 00       		.byte	0
ARM GAS  C:\Users\chemi\AppData\Local\Temp\ccRavtQY.s 			page 12


 487 009f 0B       		.uleb128 0xb
 488 00a0 898201   		.uleb128 0x4109
 489 00a3 00       		.byte	0
 490 00a4 11       		.uleb128 0x11
 491 00a5 01       		.uleb128 0x1
 492 00a6 9542     		.uleb128 0x2115
 493 00a8 19       		.uleb128 0x19
 494 00a9 31       		.uleb128 0x31
 495 00aa 13       		.uleb128 0x13
 496 00ab 00       		.byte	0
 497 00ac 00       		.byte	0
 498 00ad 0C       		.uleb128 0xc
 499 00ae 34       		.uleb128 0x34
 500 00af 00       		.byte	0
 501 00b0 03       		.uleb128 0x3
 502 00b1 0E       		.uleb128 0xe
 503 00b2 3A       		.uleb128 0x3a
 504 00b3 0B       		.uleb128 0xb
 505 00b4 3B       		.uleb128 0x3b
 506 00b5 0B       		.uleb128 0xb
 507 00b6 49       		.uleb128 0x49
 508 00b7 13       		.uleb128 0x13
 509 00b8 3F       		.uleb128 0x3f
 510 00b9 19       		.uleb128 0x19
 511 00ba 02       		.uleb128 0x2
 512 00bb 18       		.uleb128 0x18
 513 00bc 00       		.byte	0
 514 00bd 00       		.byte	0
 515 00be 0D       		.uleb128 0xd
 516 00bf 2E       		.uleb128 0x2e
 517 00c0 00       		.byte	0
 518 00c1 3F       		.uleb128 0x3f
 519 00c2 19       		.uleb128 0x19
 520 00c3 3C       		.uleb128 0x3c
 521 00c4 19       		.uleb128 0x19
 522 00c5 6E       		.uleb128 0x6e
 523 00c6 0E       		.uleb128 0xe
 524 00c7 03       		.uleb128 0x3
 525 00c8 0E       		.uleb128 0xe
 526 00c9 3A       		.uleb128 0x3a
 527 00ca 0B       		.uleb128 0xb
 528 00cb 3B       		.uleb128 0x3b
 529 00cc 0B       		.uleb128 0xb
 530 00cd 00       		.byte	0
 531 00ce 00       		.byte	0
 532 00cf 00       		.byte	0
 533              		.section	.debug_loc,"",%progbits
 534              	.Ldebug_loc0:
 535              	.LLST0:
 536 0000 00000000 		.4byte	.LVL0
 537 0004 16000000 		.4byte	.LVL4
 538 0008 0100     		.2byte	0x1
 539 000a 50       		.byte	0x50
 540 000b 16000000 		.4byte	.LVL4
 541 000f 38000000 		.4byte	.LFE0
 542 0013 0400     		.2byte	0x4
 543 0015 F3       		.byte	0xf3
ARM GAS  C:\Users\chemi\AppData\Local\Temp\ccRavtQY.s 			page 13


 544 0016 01       		.uleb128 0x1
 545 0017 50       		.byte	0x50
 546 0018 9F       		.byte	0x9f
 547 0019 00000000 		.4byte	0
 548 001d 00000000 		.4byte	0
 549              	.LLST1:
 550 0021 00000000 		.4byte	.LVL0
 551 0025 14000000 		.4byte	.LVL3
 552 0029 0100     		.2byte	0x1
 553 002b 51       		.byte	0x51
 554 002c 14000000 		.4byte	.LVL3
 555 0030 38000000 		.4byte	.LFE0
 556 0034 0400     		.2byte	0x4
 557 0036 F3       		.byte	0xf3
 558 0037 01       		.uleb128 0x1
 559 0038 51       		.byte	0x51
 560 0039 9F       		.byte	0x9f
 561 003a 00000000 		.4byte	0
 562 003e 00000000 		.4byte	0
 563              	.LLST2:
 564 0042 00000000 		.4byte	.LVL0
 565 0046 12000000 		.4byte	.LVL2
 566 004a 0100     		.2byte	0x1
 567 004c 52       		.byte	0x52
 568 004d 12000000 		.4byte	.LVL2
 569 0051 38000000 		.4byte	.LFE0
 570 0055 0400     		.2byte	0x4
 571 0057 F3       		.byte	0xf3
 572 0058 01       		.uleb128 0x1
 573 0059 52       		.byte	0x52
 574 005a 9F       		.byte	0x9f
 575 005b 00000000 		.4byte	0
 576 005f 00000000 		.4byte	0
 577              	.LLST3:
 578 0063 00000000 		.4byte	.LVL0
 579 0067 0A000000 		.4byte	.LVL1
 580 006b 0100     		.2byte	0x1
 581 006d 53       		.byte	0x53
 582 006e 0A000000 		.4byte	.LVL1
 583 0072 38000000 		.4byte	.LFE0
 584 0076 0400     		.2byte	0x4
 585 0078 F3       		.byte	0xf3
 586 0079 01       		.uleb128 0x1
 587 007a 53       		.byte	0x53
 588 007b 9F       		.byte	0x9f
 589 007c 00000000 		.4byte	0
 590 0080 00000000 		.4byte	0
 591              		.section	.debug_aranges,"",%progbits
 592 0000 24000000 		.4byte	0x24
 593 0004 0200     		.2byte	0x2
 594 0006 00000000 		.4byte	.Ldebug_info0
 595 000a 04       		.byte	0x4
 596 000b 00       		.byte	0
 597 000c 0000     		.2byte	0
 598 000e 0000     		.2byte	0
 599 0010 00000000 		.4byte	.LFB0
 600 0014 38000000 		.4byte	.LFE0-.LFB0
ARM GAS  C:\Users\chemi\AppData\Local\Temp\ccRavtQY.s 			page 14


 601 0018 00000000 		.4byte	.LFB1
 602 001c 0C000000 		.4byte	.LFE1-.LFB1
 603 0020 00000000 		.4byte	0
 604 0024 00000000 		.4byte	0
 605              		.section	.debug_ranges,"",%progbits
 606              	.Ldebug_ranges0:
 607 0000 00000000 		.4byte	.LFB0
 608 0004 38000000 		.4byte	.LFE0
 609 0008 00000000 		.4byte	.LFB1
 610 000c 0C000000 		.4byte	.LFE1
 611 0010 00000000 		.4byte	0
 612 0014 00000000 		.4byte	0
 613              		.section	.debug_line,"",%progbits
 614              	.Ldebug_line0:
 615 0000 89000000 		.section	.debug_str,"MS",%progbits,1
 615      02005800 
 615      00000201 
 615      FB0E0D00 
 615      01010101 
 616              	.LASF7:
 617 0000 6C6F6E67 		.ascii	"long long int\000"
 617      206C6F6E 
 617      6720696E 
 617      7400
 618              	.LASF17:
 619 000e 55707065 		.ascii	"UpperSrcAddress\000"
 619      72537263 
 619      41646472 
 619      65737300 
 620              	.LASF0:
 621 001e 756E7369 		.ascii	"unsigned int\000"
 621      676E6564 
 621      20696E74 
 621      00
 622              	.LASF19:
 623 002b 4379446D 		.ascii	"CyDmaChSetConfiguration\000"
 623      61436853 
 623      6574436F 
 623      6E666967 
 623      75726174 
 624              	.LASF24:
 625 0043 47656E65 		.ascii	"Generated_Source\\PSoC5\\PSBINIT_DMA_dma.c\000"
 625      72617465 
 625      645F536F 
 625      75726365 
 625      5C50536F 
 626              	.LASF26:
 627 006c 50534249 		.ascii	"PSBINIT_DMA_DmaInitialize\000"
 627      4E49545F 
 627      444D415F 
 627      446D6149 
 627      6E697469 
 628              	.LASF21:
 629 0086 4379446D 		.ascii	"CyDmaChPriority\000"
 629      61436850 
 629      72696F72 
 629      69747900 
ARM GAS  C:\Users\chemi\AppData\Local\Temp\ccRavtQY.s 			page 15


 630              	.LASF11:
 631 0096 75696E74 		.ascii	"uint8\000"
 631      3800
 632              	.LASF6:
 633 009c 6C6F6E67 		.ascii	"long unsigned int\000"
 633      20756E73 
 633      69676E65 
 633      6420696E 
 633      7400
 634              	.LASF8:
 635 00ae 6C6F6E67 		.ascii	"long long unsigned int\000"
 635      206C6F6E 
 635      6720756E 
 635      7369676E 
 635      65642069 
 636              	.LASF13:
 637 00c5 666C6F61 		.ascii	"float\000"
 637      7400
 638              	.LASF20:
 639 00cb 4379446D 		.ascii	"CyDmaChSetExtendedAddress\000"
 639      61436853 
 639      65744578 
 639      74656E64 
 639      65644164 
 640              	.LASF28:
 641 00e5 50534249 		.ascii	"PSBINIT_DMA_DmaHandle\000"
 641      4E49545F 
 641      444D415F 
 641      446D6148 
 641      616E646C 
 642              	.LASF2:
 643 00fb 756E7369 		.ascii	"unsigned char\000"
 643      676E6564 
 643      20636861 
 643      7200
 644              	.LASF10:
 645 0109 63686172 		.ascii	"char\000"
 645      00
 646              	.LASF25:
 647 010e 433A5C55 		.ascii	"C:\\Users\\chemi\\UD3_QCW\\UD3_QFN.cydsn\000"
 647      73657273 
 647      5C636865 
 647      6D695C55 
 647      44335F51 
 648              	.LASF5:
 649 0133 6C6F6E67 		.ascii	"long int\000"
 649      20696E74 
 649      00
 650              	.LASF23:
 651 013c 474E5520 		.ascii	"GNU C99 5.4.1 20160609 (release) [ARM/embedded-5-br"
 651      43393920 
 651      352E342E 
 651      31203230 
 651      31363036 
 652 016f 616E6368 		.ascii	"anch revision 237715] -mcpu=cortex-m3 -mthumb -g -O"
 652      20726576 
 652      6973696F 
ARM GAS  C:\Users\chemi\AppData\Local\Temp\ccRavtQY.s 			page 16


 652      6E203233 
 652      37373135 
 653 01a2 73202D73 		.ascii	"s -std=gnu99 -ffunction-sections -ffat-lto-objects\000"
 653      74643D67 
 653      6E753939 
 653      202D6666 
 653      756E6374 
 654              	.LASF14:
 655 01d5 646F7562 		.ascii	"double\000"
 655      6C6500
 656              	.LASF27:
 657 01dc 50534249 		.ascii	"PSBINIT_DMA_DmaRelease\000"
 657      4E49545F 
 657      444D415F 
 657      446D6152 
 657      656C6561 
 658              	.LASF15:
 659 01f3 42757273 		.ascii	"BurstCount\000"
 659      74436F75 
 659      6E7400
 660              	.LASF4:
 661 01fe 73686F72 		.ascii	"short unsigned int\000"
 661      7420756E 
 661      7369676E 
 661      65642069 
 661      6E7400
 662              	.LASF1:
 663 0211 7369676E 		.ascii	"signed char\000"
 663      65642063 
 663      68617200 
 664              	.LASF16:
 665 021d 52657165 		.ascii	"ReqestPerBurst\000"
 665      73745065 
 665      72427572 
 665      737400
 666              	.LASF9:
 667 022c 73697A65 		.ascii	"sizetype\000"
 667      74797065 
 667      00
 668              	.LASF18:
 669 0235 55707065 		.ascii	"UpperDestAddress\000"
 669      72446573 
 669      74416464 
 669      72657373 
 669      00
 670              	.LASF3:
 671 0246 73686F72 		.ascii	"short int\000"
 671      7420696E 
 671      7400
 672              	.LASF12:
 673 0250 75696E74 		.ascii	"uint16\000"
 673      313600
 674              	.LASF22:
 675 0257 4379446D 		.ascii	"CyDmaChDisable\000"
 675      61436844 
 675      69736162 
 675      6C6500
ARM GAS  C:\Users\chemi\AppData\Local\Temp\ccRavtQY.s 			page 17


 676              		.ident	"GCC: (GNU Tools for ARM Embedded Processors) 5.4.1 20160609 (release) [ARM/embedded-5-bran
