ARM GAS  C:\Users\chemi\AppData\Local\Temp\ccmjx4zd.s 			page 1


   1              		.syntax unified
   2              		.cpu cortex-m3
   3              		.fpu softvfp
   4              		.eabi_attribute 20, 1
   5              		.eabi_attribute 21, 1
   6              		.eabi_attribute 23, 3
   7              		.eabi_attribute 24, 1
   8              		.eabi_attribute 25, 1
   9              		.eabi_attribute 26, 1
  10              		.eabi_attribute 30, 4
  11              		.eabi_attribute 34, 1
  12              		.eabi_attribute 18, 4
  13              		.thumb
  14              		.syntax unified
  15              		.file	"PWMA_PM.c"
  16              		.text
  17              	.Ltext0:
  18              		.cfi_sections	.debug_frame
  19              		.section	.text.PWMA_SaveConfig,"ax",%progbits
  20              		.align	1
  21              		.global	PWMA_SaveConfig
  22              		.thumb
  23              		.thumb_func
  24              		.type	PWMA_SaveConfig, %function
  25              	PWMA_SaveConfig:
  26              	.LFB5:
  27              		.cfi_startproc
  28              		@ args = 0, pretend = 0, frame = 0
  29              		@ frame_needed = 0, uses_anonymous_args = 0
  30              		@ link register save eliminated.
  31 0000 7047     		bx	lr
  32              		.cfi_endproc
  33              	.LFE5:
  34              		.size	PWMA_SaveConfig, .-PWMA_SaveConfig
  35              		.section	.text.PWMA_RestoreConfig,"ax",%progbits
  36              		.align	1
  37              		.global	PWMA_RestoreConfig
  38              		.thumb
  39              		.thumb_func
  40              		.type	PWMA_RestoreConfig, %function
  41              	PWMA_RestoreConfig:
  42              	.LFB1:
  43              		.file 1 "Generated_Source\\PSoC5\\PWMA_PM.c"
   1:Generated_Source\PSoC5/PWMA_PM.c **** /*******************************************************************************
   2:Generated_Source\PSoC5/PWMA_PM.c **** * File Name: PWMA_PM.c
   3:Generated_Source\PSoC5/PWMA_PM.c **** * Version 3.30
   4:Generated_Source\PSoC5/PWMA_PM.c **** *
   5:Generated_Source\PSoC5/PWMA_PM.c **** * Description:
   6:Generated_Source\PSoC5/PWMA_PM.c **** *  This file provides the power management source code to API for the
   7:Generated_Source\PSoC5/PWMA_PM.c **** *  PWM.
   8:Generated_Source\PSoC5/PWMA_PM.c **** *
   9:Generated_Source\PSoC5/PWMA_PM.c **** * Note:
  10:Generated_Source\PSoC5/PWMA_PM.c **** *
  11:Generated_Source\PSoC5/PWMA_PM.c **** ********************************************************************************
  12:Generated_Source\PSoC5/PWMA_PM.c **** * Copyright 2008-2014, Cypress Semiconductor Corporation.  All rights reserved.
  13:Generated_Source\PSoC5/PWMA_PM.c **** * You may use this file only in accordance with the license, terms, conditions,
  14:Generated_Source\PSoC5/PWMA_PM.c **** * disclaimers, and limitations in the end user license agreement accompanying
ARM GAS  C:\Users\chemi\AppData\Local\Temp\ccmjx4zd.s 			page 2


  15:Generated_Source\PSoC5/PWMA_PM.c **** * the software package with which this file was provided.
  16:Generated_Source\PSoC5/PWMA_PM.c **** *******************************************************************************/
  17:Generated_Source\PSoC5/PWMA_PM.c **** 
  18:Generated_Source\PSoC5/PWMA_PM.c **** #include "PWMA.h"
  19:Generated_Source\PSoC5/PWMA_PM.c **** 
  20:Generated_Source\PSoC5/PWMA_PM.c **** static PWMA_backupStruct PWMA_backup;
  21:Generated_Source\PSoC5/PWMA_PM.c **** 
  22:Generated_Source\PSoC5/PWMA_PM.c **** 
  23:Generated_Source\PSoC5/PWMA_PM.c **** /*******************************************************************************
  24:Generated_Source\PSoC5/PWMA_PM.c **** * Function Name: PWMA_SaveConfig
  25:Generated_Source\PSoC5/PWMA_PM.c **** ********************************************************************************
  26:Generated_Source\PSoC5/PWMA_PM.c **** *
  27:Generated_Source\PSoC5/PWMA_PM.c **** * Summary:
  28:Generated_Source\PSoC5/PWMA_PM.c **** *  Saves the current user configuration of the component.
  29:Generated_Source\PSoC5/PWMA_PM.c **** *
  30:Generated_Source\PSoC5/PWMA_PM.c **** * Parameters:
  31:Generated_Source\PSoC5/PWMA_PM.c **** *  None
  32:Generated_Source\PSoC5/PWMA_PM.c **** *
  33:Generated_Source\PSoC5/PWMA_PM.c **** * Return:
  34:Generated_Source\PSoC5/PWMA_PM.c **** *  None
  35:Generated_Source\PSoC5/PWMA_PM.c **** *
  36:Generated_Source\PSoC5/PWMA_PM.c **** * Global variables:
  37:Generated_Source\PSoC5/PWMA_PM.c **** *  PWMA_backup:  Variables of this global structure are modified to
  38:Generated_Source\PSoC5/PWMA_PM.c **** *  store the values of non retention configuration registers when Sleep() API is
  39:Generated_Source\PSoC5/PWMA_PM.c **** *  called.
  40:Generated_Source\PSoC5/PWMA_PM.c **** *
  41:Generated_Source\PSoC5/PWMA_PM.c **** *******************************************************************************/
  42:Generated_Source\PSoC5/PWMA_PM.c **** void PWMA_SaveConfig(void) 
  43:Generated_Source\PSoC5/PWMA_PM.c **** {
  44:Generated_Source\PSoC5/PWMA_PM.c **** 
  45:Generated_Source\PSoC5/PWMA_PM.c ****     #if(!PWMA_UsingFixedFunction)
  46:Generated_Source\PSoC5/PWMA_PM.c ****         #if(!PWMA_PWMModeIsCenterAligned)
  47:Generated_Source\PSoC5/PWMA_PM.c ****             PWMA_backup.PWMPeriod = PWMA_ReadPeriod();
  48:Generated_Source\PSoC5/PWMA_PM.c ****         #endif /* (!PWMA_PWMModeIsCenterAligned) */
  49:Generated_Source\PSoC5/PWMA_PM.c ****         PWMA_backup.PWMUdb = PWMA_ReadCounter();
  50:Generated_Source\PSoC5/PWMA_PM.c ****         #if (PWMA_UseStatus)
  51:Generated_Source\PSoC5/PWMA_PM.c ****             PWMA_backup.InterruptMaskValue = PWMA_STATUS_MASK;
  52:Generated_Source\PSoC5/PWMA_PM.c ****         #endif /* (PWMA_UseStatus) */
  53:Generated_Source\PSoC5/PWMA_PM.c **** 
  54:Generated_Source\PSoC5/PWMA_PM.c ****         #if(PWMA_DeadBandMode == PWMA__B_PWM__DBM_256_CLOCKS || \
  55:Generated_Source\PSoC5/PWMA_PM.c ****             PWMA_DeadBandMode == PWMA__B_PWM__DBM_2_4_CLOCKS)
  56:Generated_Source\PSoC5/PWMA_PM.c ****             PWMA_backup.PWMdeadBandValue = PWMA_ReadDeadTime();
  57:Generated_Source\PSoC5/PWMA_PM.c ****         #endif /*  deadband count is either 2-4 clocks or 256 clocks */
  58:Generated_Source\PSoC5/PWMA_PM.c **** 
  59:Generated_Source\PSoC5/PWMA_PM.c ****         #if(PWMA_KillModeMinTime)
  60:Generated_Source\PSoC5/PWMA_PM.c ****              PWMA_backup.PWMKillCounterPeriod = PWMA_ReadKillTime();
  61:Generated_Source\PSoC5/PWMA_PM.c ****         #endif /* (PWMA_KillModeMinTime) */
  62:Generated_Source\PSoC5/PWMA_PM.c **** 
  63:Generated_Source\PSoC5/PWMA_PM.c ****         #if(PWMA_UseControl)
  64:Generated_Source\PSoC5/PWMA_PM.c ****             PWMA_backup.PWMControlRegister = PWMA_ReadControlRegister();
  65:Generated_Source\PSoC5/PWMA_PM.c ****         #endif /* (PWMA_UseControl) */
  66:Generated_Source\PSoC5/PWMA_PM.c ****     #endif  /* (!PWMA_UsingFixedFunction) */
  67:Generated_Source\PSoC5/PWMA_PM.c **** }
  68:Generated_Source\PSoC5/PWMA_PM.c **** 
  69:Generated_Source\PSoC5/PWMA_PM.c **** 
  70:Generated_Source\PSoC5/PWMA_PM.c **** /*******************************************************************************
  71:Generated_Source\PSoC5/PWMA_PM.c **** * Function Name: PWMA_RestoreConfig
ARM GAS  C:\Users\chemi\AppData\Local\Temp\ccmjx4zd.s 			page 3


  72:Generated_Source\PSoC5/PWMA_PM.c **** ********************************************************************************
  73:Generated_Source\PSoC5/PWMA_PM.c **** *
  74:Generated_Source\PSoC5/PWMA_PM.c **** * Summary:
  75:Generated_Source\PSoC5/PWMA_PM.c **** *  Restores the current user configuration of the component.
  76:Generated_Source\PSoC5/PWMA_PM.c **** *
  77:Generated_Source\PSoC5/PWMA_PM.c **** * Parameters:
  78:Generated_Source\PSoC5/PWMA_PM.c **** *  None
  79:Generated_Source\PSoC5/PWMA_PM.c **** *
  80:Generated_Source\PSoC5/PWMA_PM.c **** * Return:
  81:Generated_Source\PSoC5/PWMA_PM.c **** *  None
  82:Generated_Source\PSoC5/PWMA_PM.c **** *
  83:Generated_Source\PSoC5/PWMA_PM.c **** * Global variables:
  84:Generated_Source\PSoC5/PWMA_PM.c **** *  PWMA_backup:  Variables of this global structure are used to
  85:Generated_Source\PSoC5/PWMA_PM.c **** *  restore the values of non retention registers on wakeup from sleep mode.
  86:Generated_Source\PSoC5/PWMA_PM.c **** *
  87:Generated_Source\PSoC5/PWMA_PM.c **** *******************************************************************************/
  88:Generated_Source\PSoC5/PWMA_PM.c **** void PWMA_RestoreConfig(void) 
  89:Generated_Source\PSoC5/PWMA_PM.c **** {
  44              		.loc 1 89 0
  45              		.cfi_startproc
  46              		@ args = 0, pretend = 0, frame = 0
  47              		@ frame_needed = 0, uses_anonymous_args = 0
  48              		@ link register save eliminated.
  49 0000 7047     		bx	lr
  50              		.cfi_endproc
  51              	.LFE1:
  52              		.size	PWMA_RestoreConfig, .-PWMA_RestoreConfig
  53              		.section	.text.PWMA_Sleep,"ax",%progbits
  54              		.align	1
  55              		.global	PWMA_Sleep
  56              		.thumb
  57              		.thumb_func
  58              		.type	PWMA_Sleep, %function
  59              	PWMA_Sleep:
  60              	.LFB2:
  90:Generated_Source\PSoC5/PWMA_PM.c ****         #if(!PWMA_UsingFixedFunction)
  91:Generated_Source\PSoC5/PWMA_PM.c ****             #if(!PWMA_PWMModeIsCenterAligned)
  92:Generated_Source\PSoC5/PWMA_PM.c ****                 PWMA_WritePeriod(PWMA_backup.PWMPeriod);
  93:Generated_Source\PSoC5/PWMA_PM.c ****             #endif /* (!PWMA_PWMModeIsCenterAligned) */
  94:Generated_Source\PSoC5/PWMA_PM.c **** 
  95:Generated_Source\PSoC5/PWMA_PM.c ****             PWMA_WriteCounter(PWMA_backup.PWMUdb);
  96:Generated_Source\PSoC5/PWMA_PM.c **** 
  97:Generated_Source\PSoC5/PWMA_PM.c ****             #if (PWMA_UseStatus)
  98:Generated_Source\PSoC5/PWMA_PM.c ****                 PWMA_STATUS_MASK = PWMA_backup.InterruptMaskValue;
  99:Generated_Source\PSoC5/PWMA_PM.c ****             #endif /* (PWMA_UseStatus) */
 100:Generated_Source\PSoC5/PWMA_PM.c **** 
 101:Generated_Source\PSoC5/PWMA_PM.c ****             #if(PWMA_DeadBandMode == PWMA__B_PWM__DBM_256_CLOCKS || \
 102:Generated_Source\PSoC5/PWMA_PM.c ****                 PWMA_DeadBandMode == PWMA__B_PWM__DBM_2_4_CLOCKS)
 103:Generated_Source\PSoC5/PWMA_PM.c ****                 PWMA_WriteDeadTime(PWMA_backup.PWMdeadBandValue);
 104:Generated_Source\PSoC5/PWMA_PM.c ****             #endif /* deadband count is either 2-4 clocks or 256 clocks */
 105:Generated_Source\PSoC5/PWMA_PM.c **** 
 106:Generated_Source\PSoC5/PWMA_PM.c ****             #if(PWMA_KillModeMinTime)
 107:Generated_Source\PSoC5/PWMA_PM.c ****                 PWMA_WriteKillTime(PWMA_backup.PWMKillCounterPeriod);
 108:Generated_Source\PSoC5/PWMA_PM.c ****             #endif /* (PWMA_KillModeMinTime) */
 109:Generated_Source\PSoC5/PWMA_PM.c **** 
 110:Generated_Source\PSoC5/PWMA_PM.c ****             #if(PWMA_UseControl)
 111:Generated_Source\PSoC5/PWMA_PM.c ****                 PWMA_WriteControlRegister(PWMA_backup.PWMControlRegister);
ARM GAS  C:\Users\chemi\AppData\Local\Temp\ccmjx4zd.s 			page 4


 112:Generated_Source\PSoC5/PWMA_PM.c ****             #endif /* (PWMA_UseControl) */
 113:Generated_Source\PSoC5/PWMA_PM.c ****         #endif  /* (!PWMA_UsingFixedFunction) */
 114:Generated_Source\PSoC5/PWMA_PM.c ****     }
 115:Generated_Source\PSoC5/PWMA_PM.c **** 
 116:Generated_Source\PSoC5/PWMA_PM.c **** 
 117:Generated_Source\PSoC5/PWMA_PM.c **** /*******************************************************************************
 118:Generated_Source\PSoC5/PWMA_PM.c **** * Function Name: PWMA_Sleep
 119:Generated_Source\PSoC5/PWMA_PM.c **** ********************************************************************************
 120:Generated_Source\PSoC5/PWMA_PM.c **** *
 121:Generated_Source\PSoC5/PWMA_PM.c **** * Summary:
 122:Generated_Source\PSoC5/PWMA_PM.c **** *  Disables block's operation and saves the user configuration. Should be called
 123:Generated_Source\PSoC5/PWMA_PM.c **** *  just prior to entering sleep.
 124:Generated_Source\PSoC5/PWMA_PM.c **** *
 125:Generated_Source\PSoC5/PWMA_PM.c **** * Parameters:
 126:Generated_Source\PSoC5/PWMA_PM.c **** *  None
 127:Generated_Source\PSoC5/PWMA_PM.c **** *
 128:Generated_Source\PSoC5/PWMA_PM.c **** * Return:
 129:Generated_Source\PSoC5/PWMA_PM.c **** *  None
 130:Generated_Source\PSoC5/PWMA_PM.c **** *
 131:Generated_Source\PSoC5/PWMA_PM.c **** * Global variables:
 132:Generated_Source\PSoC5/PWMA_PM.c **** *  PWMA_backup.PWMEnableState:  Is modified depending on the enable
 133:Generated_Source\PSoC5/PWMA_PM.c **** *  state of the block before entering sleep mode.
 134:Generated_Source\PSoC5/PWMA_PM.c **** *
 135:Generated_Source\PSoC5/PWMA_PM.c **** *******************************************************************************/
 136:Generated_Source\PSoC5/PWMA_PM.c **** void PWMA_Sleep(void) 
 137:Generated_Source\PSoC5/PWMA_PM.c **** {
  61              		.loc 1 137 0
  62              		.cfi_startproc
  63              		@ args = 0, pretend = 0, frame = 0
  64              		@ frame_needed = 0, uses_anonymous_args = 0
  65              		@ link register save eliminated.
 138:Generated_Source\PSoC5/PWMA_PM.c ****     #if(PWMA_UseControl)
 139:Generated_Source\PSoC5/PWMA_PM.c ****         if(PWMA_CTRL_ENABLE == (PWMA_CONTROL & PWMA_CTRL_ENABLE))
  66              		.loc 1 139 0
  67 0000 044B     		ldr	r3, .L6
  68 0002 054A     		ldr	r2, .L6+4
  69 0004 1B78     		ldrb	r3, [r3]	@ zero_extendqisi2
  70 0006 13F00103 		ands	r3, r3, #1
 140:Generated_Source\PSoC5/PWMA_PM.c ****         {
 141:Generated_Source\PSoC5/PWMA_PM.c ****             /*Component is enabled */
 142:Generated_Source\PSoC5/PWMA_PM.c ****             PWMA_backup.PWMEnableState = 1u;
  71              		.loc 1 142 0
  72 000a 18BF     		it	ne
  73 000c 0123     		movne	r3, #1
 143:Generated_Source\PSoC5/PWMA_PM.c ****         }
 144:Generated_Source\PSoC5/PWMA_PM.c ****         else
 145:Generated_Source\PSoC5/PWMA_PM.c ****         {
 146:Generated_Source\PSoC5/PWMA_PM.c ****             /* Component is disabled */
 147:Generated_Source\PSoC5/PWMA_PM.c ****             PWMA_backup.PWMEnableState = 0u;
  74              		.loc 1 147 0
  75 000e 1370     		strb	r3, [r2]
 148:Generated_Source\PSoC5/PWMA_PM.c ****         }
 149:Generated_Source\PSoC5/PWMA_PM.c ****     #endif /* (PWMA_UseControl) */
 150:Generated_Source\PSoC5/PWMA_PM.c **** 
 151:Generated_Source\PSoC5/PWMA_PM.c ****     /* Stop component */
 152:Generated_Source\PSoC5/PWMA_PM.c ****     PWMA_Stop();
  76              		.loc 1 152 0
ARM GAS  C:\Users\chemi\AppData\Local\Temp\ccmjx4zd.s 			page 5


  77 0010 FFF7FEBF 		b	PWMA_Stop
  78              	.LVL0:
  79              	.L7:
  80              		.align	2
  81              	.L6:
  82 0014 0C4F0040 		.word	1073762060
  83 0018 00000000 		.word	.LANCHOR0
  84              		.cfi_endproc
  85              	.LFE2:
  86              		.size	PWMA_Sleep, .-PWMA_Sleep
  87              		.section	.text.PWMA_Wakeup,"ax",%progbits
  88              		.align	1
  89              		.global	PWMA_Wakeup
  90              		.thumb
  91              		.thumb_func
  92              		.type	PWMA_Wakeup, %function
  93              	PWMA_Wakeup:
  94              	.LFB3:
 153:Generated_Source\PSoC5/PWMA_PM.c **** 
 154:Generated_Source\PSoC5/PWMA_PM.c ****     /* Save registers configuration */
 155:Generated_Source\PSoC5/PWMA_PM.c ****     PWMA_SaveConfig();
 156:Generated_Source\PSoC5/PWMA_PM.c **** }
 157:Generated_Source\PSoC5/PWMA_PM.c **** 
 158:Generated_Source\PSoC5/PWMA_PM.c **** 
 159:Generated_Source\PSoC5/PWMA_PM.c **** /*******************************************************************************
 160:Generated_Source\PSoC5/PWMA_PM.c **** * Function Name: PWMA_Wakeup
 161:Generated_Source\PSoC5/PWMA_PM.c **** ********************************************************************************
 162:Generated_Source\PSoC5/PWMA_PM.c **** *
 163:Generated_Source\PSoC5/PWMA_PM.c **** * Summary:
 164:Generated_Source\PSoC5/PWMA_PM.c **** *  Restores and enables the user configuration. Should be called just after
 165:Generated_Source\PSoC5/PWMA_PM.c **** *  awaking from sleep.
 166:Generated_Source\PSoC5/PWMA_PM.c **** *
 167:Generated_Source\PSoC5/PWMA_PM.c **** * Parameters:
 168:Generated_Source\PSoC5/PWMA_PM.c **** *  None
 169:Generated_Source\PSoC5/PWMA_PM.c **** *
 170:Generated_Source\PSoC5/PWMA_PM.c **** * Return:
 171:Generated_Source\PSoC5/PWMA_PM.c **** *  None
 172:Generated_Source\PSoC5/PWMA_PM.c **** *
 173:Generated_Source\PSoC5/PWMA_PM.c **** * Global variables:
 174:Generated_Source\PSoC5/PWMA_PM.c **** *  PWMA_backup.pwmEnable:  Is used to restore the enable state of
 175:Generated_Source\PSoC5/PWMA_PM.c **** *  block on wakeup from sleep mode.
 176:Generated_Source\PSoC5/PWMA_PM.c **** *
 177:Generated_Source\PSoC5/PWMA_PM.c **** *******************************************************************************/
 178:Generated_Source\PSoC5/PWMA_PM.c **** void PWMA_Wakeup(void) 
 179:Generated_Source\PSoC5/PWMA_PM.c **** {
  95              		.loc 1 179 0
  96              		.cfi_startproc
  97              		@ args = 0, pretend = 0, frame = 0
  98              		@ frame_needed = 0, uses_anonymous_args = 0
  99              		@ link register save eliminated.
 180:Generated_Source\PSoC5/PWMA_PM.c ****      /* Restore registers values */
 181:Generated_Source\PSoC5/PWMA_PM.c ****     PWMA_RestoreConfig();
 182:Generated_Source\PSoC5/PWMA_PM.c **** 
 183:Generated_Source\PSoC5/PWMA_PM.c ****     if(PWMA_backup.PWMEnableState != 0u)
 100              		.loc 1 183 0
 101 0000 024B     		ldr	r3, .L11
 102 0002 1B78     		ldrb	r3, [r3]	@ zero_extendqisi2
ARM GAS  C:\Users\chemi\AppData\Local\Temp\ccmjx4zd.s 			page 6


 103 0004 0BB1     		cbz	r3, .L8
 184:Generated_Source\PSoC5/PWMA_PM.c ****     {
 185:Generated_Source\PSoC5/PWMA_PM.c ****         /* Enable component's operation */
 186:Generated_Source\PSoC5/PWMA_PM.c ****         PWMA_Enable();
 104              		.loc 1 186 0
 105 0006 FFF7FEBF 		b	PWMA_Enable
 106              	.LVL1:
 107              	.L8:
 108 000a 7047     		bx	lr
 109              	.L12:
 110              		.align	2
 111              	.L11:
 112 000c 00000000 		.word	.LANCHOR0
 113              		.cfi_endproc
 114              	.LFE3:
 115              		.size	PWMA_Wakeup, .-PWMA_Wakeup
 116              		.bss
 117              		.set	.LANCHOR0,. + 0
 118              		.type	PWMA_backup, %object
 119              		.size	PWMA_backup, 1
 120              	PWMA_backup:
 121 0000 00       		.space	1
 122              		.text
 123              	.Letext0:
 124              		.file 2 "Generated_Source\\PSoC5\\cytypes.h"
 125              		.file 3 "Generated_Source\\PSoC5\\PWMA.h"
 126              		.section	.debug_info,"",%progbits
 127              	.Ldebug_info0:
 128 0000 45010000 		.4byte	0x145
 129 0004 0400     		.2byte	0x4
 130 0006 00000000 		.4byte	.Ldebug_abbrev0
 131 000a 04       		.byte	0x4
 132 000b 01       		.uleb128 0x1
 133 000c 3A000000 		.4byte	.LASF22
 134 0010 0C       		.byte	0xc
 135 0011 0E010000 		.4byte	.LASF23
 136 0015 4D010000 		.4byte	.LASF24
 137 0019 00000000 		.4byte	.Ldebug_ranges0+0
 138 001d 00000000 		.4byte	0
 139 0021 00000000 		.4byte	.Ldebug_line0
 140 0025 02       		.uleb128 0x2
 141 0026 01       		.byte	0x1
 142 0027 06       		.byte	0x6
 143 0028 AB010000 		.4byte	.LASF0
 144 002c 02       		.uleb128 0x2
 145 002d 01       		.byte	0x1
 146 002e 08       		.byte	0x8
 147 002f 3A010000 		.4byte	.LASF1
 148 0033 02       		.uleb128 0x2
 149 0034 02       		.byte	0x2
 150 0035 05       		.byte	0x5
 151 0036 7B010000 		.4byte	.LASF2
 152 003a 02       		.uleb128 0x2
 153 003b 02       		.byte	0x2
 154 003c 07       		.byte	0x7
 155 003d 98010000 		.4byte	.LASF3
 156 0041 02       		.uleb128 0x2
ARM GAS  C:\Users\chemi\AppData\Local\Temp\ccmjx4zd.s 			page 7


 157 0042 04       		.byte	0x4
 158 0043 05       		.byte	0x5
 159 0044 72010000 		.4byte	.LASF4
 160 0048 02       		.uleb128 0x2
 161 0049 04       		.byte	0x4
 162 004a 07       		.byte	0x7
 163 004b D9000000 		.4byte	.LASF5
 164 004f 02       		.uleb128 0x2
 165 0050 08       		.byte	0x8
 166 0051 05       		.byte	0x5
 167 0052 00000000 		.4byte	.LASF6
 168 0056 02       		.uleb128 0x2
 169 0057 08       		.byte	0x8
 170 0058 07       		.byte	0x7
 171 0059 EB000000 		.4byte	.LASF7
 172 005d 03       		.uleb128 0x3
 173 005e 04       		.byte	0x4
 174 005f 05       		.byte	0x5
 175 0060 696E7400 		.ascii	"int\000"
 176 0064 02       		.uleb128 0x2
 177 0065 04       		.byte	0x4
 178 0066 07       		.byte	0x7
 179 0067 0E000000 		.4byte	.LASF8
 180 006b 04       		.uleb128 0x4
 181 006c D3000000 		.4byte	.LASF12
 182 0070 02       		.byte	0x2
 183 0071 9201     		.2byte	0x192
 184 0073 2C000000 		.4byte	0x2c
 185 0077 02       		.uleb128 0x2
 186 0078 04       		.byte	0x4
 187 0079 04       		.byte	0x4
 188 007a DC010000 		.4byte	.LASF9
 189 007e 02       		.uleb128 0x2
 190 007f 08       		.byte	0x8
 191 0080 04       		.byte	0x4
 192 0081 85010000 		.4byte	.LASF10
 193 0085 02       		.uleb128 0x2
 194 0086 01       		.byte	0x1
 195 0087 08       		.byte	0x8
 196 0088 48010000 		.4byte	.LASF11
 197 008c 04       		.uleb128 0x4
 198 008d E2010000 		.4byte	.LASF13
 199 0091 02       		.byte	0x2
 200 0092 3C02     		.2byte	0x23c
 201 0094 98000000 		.4byte	0x98
 202 0098 05       		.uleb128 0x5
 203 0099 6B000000 		.4byte	0x6b
 204 009d 02       		.uleb128 0x2
 205 009e 04       		.byte	0x4
 206 009f 07       		.byte	0x7
 207 00a0 FD010000 		.4byte	.LASF14
 208 00a4 06       		.uleb128 0x6
 209 00a5 01       		.byte	0x1
 210 00a6 03       		.byte	0x3
 211 00a7 6B       		.byte	0x6b
 212 00a8 B9000000 		.4byte	0xb9
 213 00ac 07       		.uleb128 0x7
ARM GAS  C:\Users\chemi\AppData\Local\Temp\ccmjx4zd.s 			page 8


 214 00ad 1B000000 		.4byte	.LASF25
 215 00b1 03       		.byte	0x3
 216 00b2 6E       		.byte	0x6e
 217 00b3 6B000000 		.4byte	0x6b
 218 00b7 00       		.byte	0
 219 00b8 00       		.byte	0
 220 00b9 08       		.uleb128 0x8
 221 00ba B7010000 		.4byte	.LASF15
 222 00be 03       		.byte	0x3
 223 00bf 8B       		.byte	0x8b
 224 00c0 A4000000 		.4byte	0xa4
 225 00c4 09       		.uleb128 0x9
 226 00c5 2A000000 		.4byte	.LASF16
 227 00c9 01       		.byte	0x1
 228 00ca 2A       		.byte	0x2a
 229 00cb 01       		.byte	0x1
 230 00cc 09       		.uleb128 0x9
 231 00cd C9010000 		.4byte	.LASF17
 232 00d1 01       		.byte	0x1
 233 00d2 58       		.byte	0x58
 234 00d3 01       		.byte	0x1
 235 00d4 0A       		.uleb128 0xa
 236 00d5 CC000000 		.4byte	0xcc
 237 00d9 00000000 		.4byte	.LFB1
 238 00dd 02000000 		.4byte	.LFE1-.LFB1
 239 00e1 01       		.uleb128 0x1
 240 00e2 9C       		.byte	0x9c
 241 00e3 0B       		.uleb128 0xb
 242 00e4 2F010000 		.4byte	.LASF18
 243 00e8 01       		.byte	0x1
 244 00e9 88       		.byte	0x88
 245 00ea 00000000 		.4byte	.LFB2
 246 00ee 1C000000 		.4byte	.LFE2-.LFB2
 247 00f2 01       		.uleb128 0x1
 248 00f3 9C       		.byte	0x9c
 249 00f4 02010000 		.4byte	0x102
 250 00f8 0C       		.uleb128 0xc
 251 00f9 14000000 		.4byte	.LVL0
 252 00fd 32010000 		.4byte	0x132
 253 0101 00       		.byte	0
 254 0102 0B       		.uleb128 0xb
 255 0103 8C010000 		.4byte	.LASF19
 256 0107 01       		.byte	0x1
 257 0108 B2       		.byte	0xb2
 258 0109 00000000 		.4byte	.LFB3
 259 010d 10000000 		.4byte	.LFE3-.LFB3
 260 0111 01       		.uleb128 0x1
 261 0112 9C       		.byte	0x9c
 262 0113 21010000 		.4byte	0x121
 263 0117 0C       		.uleb128 0xc
 264 0118 0A000000 		.4byte	.LVL1
 265 011c 3D010000 		.4byte	0x13d
 266 0120 00       		.byte	0
 267 0121 0D       		.uleb128 0xd
 268 0122 02010000 		.4byte	.LASF26
 269 0126 01       		.byte	0x1
 270 0127 14       		.byte	0x14
ARM GAS  C:\Users\chemi\AppData\Local\Temp\ccmjx4zd.s 			page 9


 271 0128 B9000000 		.4byte	0xb9
 272 012c 05       		.uleb128 0x5
 273 012d 03       		.byte	0x3
 274 012e 00000000 		.4byte	PWMA_backup
 275 0132 0E       		.uleb128 0xe
 276 0133 E7010000 		.4byte	.LASF20
 277 0137 E7010000 		.4byte	.LASF20
 278 013b 03       		.byte	0x3
 279 013c 93       		.byte	0x93
 280 013d 0E       		.uleb128 0xe
 281 013e F1010000 		.4byte	.LASF21
 282 0142 F1010000 		.4byte	.LASF21
 283 0146 03       		.byte	0x3
 284 0147 DB       		.byte	0xdb
 285 0148 00       		.byte	0
 286              		.section	.debug_abbrev,"",%progbits
 287              	.Ldebug_abbrev0:
 288 0000 01       		.uleb128 0x1
 289 0001 11       		.uleb128 0x11
 290 0002 01       		.byte	0x1
 291 0003 25       		.uleb128 0x25
 292 0004 0E       		.uleb128 0xe
 293 0005 13       		.uleb128 0x13
 294 0006 0B       		.uleb128 0xb
 295 0007 03       		.uleb128 0x3
 296 0008 0E       		.uleb128 0xe
 297 0009 1B       		.uleb128 0x1b
 298 000a 0E       		.uleb128 0xe
 299 000b 55       		.uleb128 0x55
 300 000c 17       		.uleb128 0x17
 301 000d 11       		.uleb128 0x11
 302 000e 01       		.uleb128 0x1
 303 000f 10       		.uleb128 0x10
 304 0010 17       		.uleb128 0x17
 305 0011 00       		.byte	0
 306 0012 00       		.byte	0
 307 0013 02       		.uleb128 0x2
 308 0014 24       		.uleb128 0x24
 309 0015 00       		.byte	0
 310 0016 0B       		.uleb128 0xb
 311 0017 0B       		.uleb128 0xb
 312 0018 3E       		.uleb128 0x3e
 313 0019 0B       		.uleb128 0xb
 314 001a 03       		.uleb128 0x3
 315 001b 0E       		.uleb128 0xe
 316 001c 00       		.byte	0
 317 001d 00       		.byte	0
 318 001e 03       		.uleb128 0x3
 319 001f 24       		.uleb128 0x24
 320 0020 00       		.byte	0
 321 0021 0B       		.uleb128 0xb
 322 0022 0B       		.uleb128 0xb
 323 0023 3E       		.uleb128 0x3e
 324 0024 0B       		.uleb128 0xb
 325 0025 03       		.uleb128 0x3
 326 0026 08       		.uleb128 0x8
 327 0027 00       		.byte	0
ARM GAS  C:\Users\chemi\AppData\Local\Temp\ccmjx4zd.s 			page 10


 328 0028 00       		.byte	0
 329 0029 04       		.uleb128 0x4
 330 002a 16       		.uleb128 0x16
 331 002b 00       		.byte	0
 332 002c 03       		.uleb128 0x3
 333 002d 0E       		.uleb128 0xe
 334 002e 3A       		.uleb128 0x3a
 335 002f 0B       		.uleb128 0xb
 336 0030 3B       		.uleb128 0x3b
 337 0031 05       		.uleb128 0x5
 338 0032 49       		.uleb128 0x49
 339 0033 13       		.uleb128 0x13
 340 0034 00       		.byte	0
 341 0035 00       		.byte	0
 342 0036 05       		.uleb128 0x5
 343 0037 35       		.uleb128 0x35
 344 0038 00       		.byte	0
 345 0039 49       		.uleb128 0x49
 346 003a 13       		.uleb128 0x13
 347 003b 00       		.byte	0
 348 003c 00       		.byte	0
 349 003d 06       		.uleb128 0x6
 350 003e 13       		.uleb128 0x13
 351 003f 01       		.byte	0x1
 352 0040 0B       		.uleb128 0xb
 353 0041 0B       		.uleb128 0xb
 354 0042 3A       		.uleb128 0x3a
 355 0043 0B       		.uleb128 0xb
 356 0044 3B       		.uleb128 0x3b
 357 0045 0B       		.uleb128 0xb
 358 0046 01       		.uleb128 0x1
 359 0047 13       		.uleb128 0x13
 360 0048 00       		.byte	0
 361 0049 00       		.byte	0
 362 004a 07       		.uleb128 0x7
 363 004b 0D       		.uleb128 0xd
 364 004c 00       		.byte	0
 365 004d 03       		.uleb128 0x3
 366 004e 0E       		.uleb128 0xe
 367 004f 3A       		.uleb128 0x3a
 368 0050 0B       		.uleb128 0xb
 369 0051 3B       		.uleb128 0x3b
 370 0052 0B       		.uleb128 0xb
 371 0053 49       		.uleb128 0x49
 372 0054 13       		.uleb128 0x13
 373 0055 38       		.uleb128 0x38
 374 0056 0B       		.uleb128 0xb
 375 0057 00       		.byte	0
 376 0058 00       		.byte	0
 377 0059 08       		.uleb128 0x8
 378 005a 16       		.uleb128 0x16
 379 005b 00       		.byte	0
 380 005c 03       		.uleb128 0x3
 381 005d 0E       		.uleb128 0xe
 382 005e 3A       		.uleb128 0x3a
 383 005f 0B       		.uleb128 0xb
 384 0060 3B       		.uleb128 0x3b
ARM GAS  C:\Users\chemi\AppData\Local\Temp\ccmjx4zd.s 			page 11


 385 0061 0B       		.uleb128 0xb
 386 0062 49       		.uleb128 0x49
 387 0063 13       		.uleb128 0x13
 388 0064 00       		.byte	0
 389 0065 00       		.byte	0
 390 0066 09       		.uleb128 0x9
 391 0067 2E       		.uleb128 0x2e
 392 0068 00       		.byte	0
 393 0069 3F       		.uleb128 0x3f
 394 006a 19       		.uleb128 0x19
 395 006b 03       		.uleb128 0x3
 396 006c 0E       		.uleb128 0xe
 397 006d 3A       		.uleb128 0x3a
 398 006e 0B       		.uleb128 0xb
 399 006f 3B       		.uleb128 0x3b
 400 0070 0B       		.uleb128 0xb
 401 0071 27       		.uleb128 0x27
 402 0072 19       		.uleb128 0x19
 403 0073 20       		.uleb128 0x20
 404 0074 0B       		.uleb128 0xb
 405 0075 00       		.byte	0
 406 0076 00       		.byte	0
 407 0077 0A       		.uleb128 0xa
 408 0078 2E       		.uleb128 0x2e
 409 0079 00       		.byte	0
 410 007a 31       		.uleb128 0x31
 411 007b 13       		.uleb128 0x13
 412 007c 11       		.uleb128 0x11
 413 007d 01       		.uleb128 0x1
 414 007e 12       		.uleb128 0x12
 415 007f 06       		.uleb128 0x6
 416 0080 40       		.uleb128 0x40
 417 0081 18       		.uleb128 0x18
 418 0082 9742     		.uleb128 0x2117
 419 0084 19       		.uleb128 0x19
 420 0085 00       		.byte	0
 421 0086 00       		.byte	0
 422 0087 0B       		.uleb128 0xb
 423 0088 2E       		.uleb128 0x2e
 424 0089 01       		.byte	0x1
 425 008a 3F       		.uleb128 0x3f
 426 008b 19       		.uleb128 0x19
 427 008c 03       		.uleb128 0x3
 428 008d 0E       		.uleb128 0xe
 429 008e 3A       		.uleb128 0x3a
 430 008f 0B       		.uleb128 0xb
 431 0090 3B       		.uleb128 0x3b
 432 0091 0B       		.uleb128 0xb
 433 0092 27       		.uleb128 0x27
 434 0093 19       		.uleb128 0x19
 435 0094 11       		.uleb128 0x11
 436 0095 01       		.uleb128 0x1
 437 0096 12       		.uleb128 0x12
 438 0097 06       		.uleb128 0x6
 439 0098 40       		.uleb128 0x40
 440 0099 18       		.uleb128 0x18
 441 009a 9742     		.uleb128 0x2117
ARM GAS  C:\Users\chemi\AppData\Local\Temp\ccmjx4zd.s 			page 12


 442 009c 19       		.uleb128 0x19
 443 009d 01       		.uleb128 0x1
 444 009e 13       		.uleb128 0x13
 445 009f 00       		.byte	0
 446 00a0 00       		.byte	0
 447 00a1 0C       		.uleb128 0xc
 448 00a2 898201   		.uleb128 0x4109
 449 00a5 00       		.byte	0
 450 00a6 11       		.uleb128 0x11
 451 00a7 01       		.uleb128 0x1
 452 00a8 9542     		.uleb128 0x2115
 453 00aa 19       		.uleb128 0x19
 454 00ab 31       		.uleb128 0x31
 455 00ac 13       		.uleb128 0x13
 456 00ad 00       		.byte	0
 457 00ae 00       		.byte	0
 458 00af 0D       		.uleb128 0xd
 459 00b0 34       		.uleb128 0x34
 460 00b1 00       		.byte	0
 461 00b2 03       		.uleb128 0x3
 462 00b3 0E       		.uleb128 0xe
 463 00b4 3A       		.uleb128 0x3a
 464 00b5 0B       		.uleb128 0xb
 465 00b6 3B       		.uleb128 0x3b
 466 00b7 0B       		.uleb128 0xb
 467 00b8 49       		.uleb128 0x49
 468 00b9 13       		.uleb128 0x13
 469 00ba 02       		.uleb128 0x2
 470 00bb 18       		.uleb128 0x18
 471 00bc 00       		.byte	0
 472 00bd 00       		.byte	0
 473 00be 0E       		.uleb128 0xe
 474 00bf 2E       		.uleb128 0x2e
 475 00c0 00       		.byte	0
 476 00c1 3F       		.uleb128 0x3f
 477 00c2 19       		.uleb128 0x19
 478 00c3 3C       		.uleb128 0x3c
 479 00c4 19       		.uleb128 0x19
 480 00c5 6E       		.uleb128 0x6e
 481 00c6 0E       		.uleb128 0xe
 482 00c7 03       		.uleb128 0x3
 483 00c8 0E       		.uleb128 0xe
 484 00c9 3A       		.uleb128 0x3a
 485 00ca 0B       		.uleb128 0xb
 486 00cb 3B       		.uleb128 0x3b
 487 00cc 0B       		.uleb128 0xb
 488 00cd 00       		.byte	0
 489 00ce 00       		.byte	0
 490 00cf 00       		.byte	0
 491              		.section	.debug_aranges,"",%progbits
 492 0000 2C000000 		.4byte	0x2c
 493 0004 0200     		.2byte	0x2
 494 0006 00000000 		.4byte	.Ldebug_info0
 495 000a 04       		.byte	0x4
 496 000b 00       		.byte	0
 497 000c 0000     		.2byte	0
 498 000e 0000     		.2byte	0
ARM GAS  C:\Users\chemi\AppData\Local\Temp\ccmjx4zd.s 			page 13


 499 0010 00000000 		.4byte	.LFB1
 500 0014 02000000 		.4byte	.LFE1-.LFB1
 501 0018 00000000 		.4byte	.LFB2
 502 001c 1C000000 		.4byte	.LFE2-.LFB2
 503 0020 00000000 		.4byte	.LFB3
 504 0024 10000000 		.4byte	.LFE3-.LFB3
 505 0028 00000000 		.4byte	0
 506 002c 00000000 		.4byte	0
 507              		.section	.debug_ranges,"",%progbits
 508              	.Ldebug_ranges0:
 509 0000 00000000 		.4byte	.LFB1
 510 0004 02000000 		.4byte	.LFE1
 511 0008 00000000 		.4byte	.LFB2
 512 000c 1C000000 		.4byte	.LFE2
 513 0010 00000000 		.4byte	.LFB3
 514 0014 10000000 		.4byte	.LFE3
 515 0018 00000000 		.4byte	0
 516 001c 00000000 		.4byte	0
 517              		.section	.debug_line,"",%progbits
 518              	.Ldebug_line0:
 519 0000 8A000000 		.section	.debug_str,"MS",%progbits,1
 519      02004E00 
 519      00000201 
 519      FB0E0D00 
 519      01010101 
 520              	.LASF6:
 521 0000 6C6F6E67 		.ascii	"long long int\000"
 521      206C6F6E 
 521      6720696E 
 521      7400
 522              	.LASF8:
 523 000e 756E7369 		.ascii	"unsigned int\000"
 523      676E6564 
 523      20696E74 
 523      00
 524              	.LASF25:
 525 001b 50574D45 		.ascii	"PWMEnableState\000"
 525      6E61626C 
 525      65537461 
 525      746500
 526              	.LASF16:
 527 002a 50574D41 		.ascii	"PWMA_SaveConfig\000"
 527      5F536176 
 527      65436F6E 
 527      66696700 
 528              	.LASF22:
 529 003a 474E5520 		.ascii	"GNU C99 5.4.1 20160609 (release) [ARM/embedded-5-br"
 529      43393920 
 529      352E342E 
 529      31203230 
 529      31363036 
 530 006d 616E6368 		.ascii	"anch revision 237715] -mcpu=cortex-m3 -mthumb -g -O"
 530      20726576 
 530      6973696F 
 530      6E203233 
 530      37373135 
 531 00a0 73202D73 		.ascii	"s -std=gnu99 -ffunction-sections -ffat-lto-objects\000"
ARM GAS  C:\Users\chemi\AppData\Local\Temp\ccmjx4zd.s 			page 14


 531      74643D67 
 531      6E753939 
 531      202D6666 
 531      756E6374 
 532              	.LASF12:
 533 00d3 75696E74 		.ascii	"uint8\000"
 533      3800
 534              	.LASF5:
 535 00d9 6C6F6E67 		.ascii	"long unsigned int\000"
 535      20756E73 
 535      69676E65 
 535      6420696E 
 535      7400
 536              	.LASF7:
 537 00eb 6C6F6E67 		.ascii	"long long unsigned int\000"
 537      206C6F6E 
 537      6720756E 
 537      7369676E 
 537      65642069 
 538              	.LASF26:
 539 0102 50574D41 		.ascii	"PWMA_backup\000"
 539      5F626163 
 539      6B757000 
 540              	.LASF23:
 541 010e 47656E65 		.ascii	"Generated_Source\\PSoC5\\PWMA_PM.c\000"
 541      72617465 
 541      645F536F 
 541      75726365 
 541      5C50536F 
 542              	.LASF18:
 543 012f 50574D41 		.ascii	"PWMA_Sleep\000"
 543      5F536C65 
 543      657000
 544              	.LASF1:
 545 013a 756E7369 		.ascii	"unsigned char\000"
 545      676E6564 
 545      20636861 
 545      7200
 546              	.LASF11:
 547 0148 63686172 		.ascii	"char\000"
 547      00
 548              	.LASF24:
 549 014d 433A5C55 		.ascii	"C:\\Users\\chemi\\UD3_QCW\\UD3_QFN.cydsn\000"
 549      73657273 
 549      5C636865 
 549      6D695C55 
 549      44335F51 
 550              	.LASF4:
 551 0172 6C6F6E67 		.ascii	"long int\000"
 551      20696E74 
 551      00
 552              	.LASF2:
 553 017b 73686F72 		.ascii	"short int\000"
 553      7420696E 
 553      7400
 554              	.LASF10:
 555 0185 646F7562 		.ascii	"double\000"
ARM GAS  C:\Users\chemi\AppData\Local\Temp\ccmjx4zd.s 			page 15


 555      6C6500
 556              	.LASF19:
 557 018c 50574D41 		.ascii	"PWMA_Wakeup\000"
 557      5F57616B 
 557      65757000 
 558              	.LASF3:
 559 0198 73686F72 		.ascii	"short unsigned int\000"
 559      7420756E 
 559      7369676E 
 559      65642069 
 559      6E7400
 560              	.LASF0:
 561 01ab 7369676E 		.ascii	"signed char\000"
 561      65642063 
 561      68617200 
 562              	.LASF15:
 563 01b7 50574D41 		.ascii	"PWMA_backupStruct\000"
 563      5F626163 
 563      6B757053 
 563      74727563 
 563      7400
 564              	.LASF17:
 565 01c9 50574D41 		.ascii	"PWMA_RestoreConfig\000"
 565      5F526573 
 565      746F7265 
 565      436F6E66 
 565      696700
 566              	.LASF9:
 567 01dc 666C6F61 		.ascii	"float\000"
 567      7400
 568              	.LASF13:
 569 01e2 72656738 		.ascii	"reg8\000"
 569      00
 570              	.LASF20:
 571 01e7 50574D41 		.ascii	"PWMA_Stop\000"
 571      5F53746F 
 571      7000
 572              	.LASF21:
 573 01f1 50574D41 		.ascii	"PWMA_Enable\000"
 573      5F456E61 
 573      626C6500 
 574              	.LASF14:
 575 01fd 73697A65 		.ascii	"sizetype\000"
 575      74797065 
 575      00
 576              		.ident	"GCC: (GNU Tools for ARM Embedded Processors) 5.4.1 20160609 (release) [ARM/embedded-5-bran
