ARM GAS  C:\Users\chemi\AppData\Local\Temp\ccEElqvY.s 			page 1


   1              		.syntax unified
   2              		.cpu cortex-m3
   3              		.fpu softvfp
   4              		.eabi_attribute 20, 1
   5              		.eabi_attribute 21, 1
   6              		.eabi_attribute 23, 3
   7              		.eabi_attribute 24, 1
   8              		.eabi_attribute 25, 1
   9              		.eabi_attribute 26, 1
  10              		.eabi_attribute 30, 4
  11              		.eabi_attribute 34, 1
  12              		.eabi_attribute 18, 4
  13              		.thumb
  14              		.syntax unified
  15              		.file	"PWMA_init_DMA_dma.c"
  16              		.text
  17              	.Ltext0:
  18              		.cfi_sections	.debug_frame
  19              		.section	.text.PWMA_init_DMA_DmaInitialize,"ax",%progbits
  20              		.align	1
  21              		.global	PWMA_init_DMA_DmaInitialize
  22              		.thumb
  23              		.thumb_func
  24              		.type	PWMA_init_DMA_DmaInitialize, %function
  25              	PWMA_init_DMA_DmaInitialize:
  26              	.LFB0:
  27              		.file 1 "Generated_Source\\PSoC5\\PWMA_init_DMA_dma.c"
   1:Generated_Source\PSoC5/PWMA_init_DMA_dma.c **** /***************************************************************************
   2:Generated_Source\PSoC5/PWMA_init_DMA_dma.c **** * File Name: PWMA_init_DMA_dma.c  
   3:Generated_Source\PSoC5/PWMA_init_DMA_dma.c **** * Version 1.70
   4:Generated_Source\PSoC5/PWMA_init_DMA_dma.c **** *
   5:Generated_Source\PSoC5/PWMA_init_DMA_dma.c **** *  Description:
   6:Generated_Source\PSoC5/PWMA_init_DMA_dma.c **** *   Provides an API for the DMAC component. The API includes functions
   7:Generated_Source\PSoC5/PWMA_init_DMA_dma.c **** *   for the DMA controller, DMA channels and Transfer Descriptors.
   8:Generated_Source\PSoC5/PWMA_init_DMA_dma.c **** *
   9:Generated_Source\PSoC5/PWMA_init_DMA_dma.c **** *
  10:Generated_Source\PSoC5/PWMA_init_DMA_dma.c **** *   Note:
  11:Generated_Source\PSoC5/PWMA_init_DMA_dma.c **** *     This module requires the developer to finish or fill in the auto
  12:Generated_Source\PSoC5/PWMA_init_DMA_dma.c **** *     generated funcions and setup the dma channel and TD's.
  13:Generated_Source\PSoC5/PWMA_init_DMA_dma.c **** *
  14:Generated_Source\PSoC5/PWMA_init_DMA_dma.c **** ********************************************************************************
  15:Generated_Source\PSoC5/PWMA_init_DMA_dma.c **** * Copyright 2008-2010, Cypress Semiconductor Corporation.  All rights reserved.
  16:Generated_Source\PSoC5/PWMA_init_DMA_dma.c **** * You may use this file only in accordance with the license, terms, conditions, 
  17:Generated_Source\PSoC5/PWMA_init_DMA_dma.c **** * disclaimers, and limitations in the end user license agreement accompanying 
  18:Generated_Source\PSoC5/PWMA_init_DMA_dma.c **** * the software package with which this file was provided.
  19:Generated_Source\PSoC5/PWMA_init_DMA_dma.c **** ********************************************************************************/
  20:Generated_Source\PSoC5/PWMA_init_DMA_dma.c **** #include <CYLIB.H>
  21:Generated_Source\PSoC5/PWMA_init_DMA_dma.c **** #include <CYDMAC.H>
  22:Generated_Source\PSoC5/PWMA_init_DMA_dma.c **** #include <PWMA_init_DMA_dma.H>
  23:Generated_Source\PSoC5/PWMA_init_DMA_dma.c **** 
  24:Generated_Source\PSoC5/PWMA_init_DMA_dma.c **** 
  25:Generated_Source\PSoC5/PWMA_init_DMA_dma.c **** 
  26:Generated_Source\PSoC5/PWMA_init_DMA_dma.c **** /****************************************************************************
  27:Generated_Source\PSoC5/PWMA_init_DMA_dma.c **** * 
  28:Generated_Source\PSoC5/PWMA_init_DMA_dma.c **** * The following defines are available in Cyfitter.h
  29:Generated_Source\PSoC5/PWMA_init_DMA_dma.c **** * 
  30:Generated_Source\PSoC5/PWMA_init_DMA_dma.c **** * 
ARM GAS  C:\Users\chemi\AppData\Local\Temp\ccEElqvY.s 			page 2


  31:Generated_Source\PSoC5/PWMA_init_DMA_dma.c **** * 
  32:Generated_Source\PSoC5/PWMA_init_DMA_dma.c **** * PWMA_init_DMA__DRQ_CTL_REG
  33:Generated_Source\PSoC5/PWMA_init_DMA_dma.c **** * 
  34:Generated_Source\PSoC5/PWMA_init_DMA_dma.c **** * 
  35:Generated_Source\PSoC5/PWMA_init_DMA_dma.c **** * PWMA_init_DMA__DRQ_NUMBER
  36:Generated_Source\PSoC5/PWMA_init_DMA_dma.c **** * 
  37:Generated_Source\PSoC5/PWMA_init_DMA_dma.c **** * Number of TD's used by this channel.
  38:Generated_Source\PSoC5/PWMA_init_DMA_dma.c **** * PWMA_init_DMA__NUMBEROF_TDS
  39:Generated_Source\PSoC5/PWMA_init_DMA_dma.c **** * 
  40:Generated_Source\PSoC5/PWMA_init_DMA_dma.c **** * Priority of this channel.
  41:Generated_Source\PSoC5/PWMA_init_DMA_dma.c **** * PWMA_init_DMA__PRIORITY
  42:Generated_Source\PSoC5/PWMA_init_DMA_dma.c **** * 
  43:Generated_Source\PSoC5/PWMA_init_DMA_dma.c **** * True if PWMA_init_DMA_TERMIN_SEL is used.
  44:Generated_Source\PSoC5/PWMA_init_DMA_dma.c **** * PWMA_init_DMA__TERMIN_EN
  45:Generated_Source\PSoC5/PWMA_init_DMA_dma.c **** * 
  46:Generated_Source\PSoC5/PWMA_init_DMA_dma.c **** * TERMIN interrupt line to signal terminate.
  47:Generated_Source\PSoC5/PWMA_init_DMA_dma.c **** * PWMA_init_DMA__TERMIN_SEL
  48:Generated_Source\PSoC5/PWMA_init_DMA_dma.c **** * 
  49:Generated_Source\PSoC5/PWMA_init_DMA_dma.c **** * 
  50:Generated_Source\PSoC5/PWMA_init_DMA_dma.c **** * True if PWMA_init_DMA_TERMOUT0_SEL is used.
  51:Generated_Source\PSoC5/PWMA_init_DMA_dma.c **** * PWMA_init_DMA__TERMOUT0_EN
  52:Generated_Source\PSoC5/PWMA_init_DMA_dma.c **** * 
  53:Generated_Source\PSoC5/PWMA_init_DMA_dma.c **** * 
  54:Generated_Source\PSoC5/PWMA_init_DMA_dma.c **** * TERMOUT0 interrupt line to signal completion.
  55:Generated_Source\PSoC5/PWMA_init_DMA_dma.c **** * PWMA_init_DMA__TERMOUT0_SEL
  56:Generated_Source\PSoC5/PWMA_init_DMA_dma.c **** * 
  57:Generated_Source\PSoC5/PWMA_init_DMA_dma.c **** * 
  58:Generated_Source\PSoC5/PWMA_init_DMA_dma.c **** * True if PWMA_init_DMA_TERMOUT1_SEL is used.
  59:Generated_Source\PSoC5/PWMA_init_DMA_dma.c **** * PWMA_init_DMA__TERMOUT1_EN
  60:Generated_Source\PSoC5/PWMA_init_DMA_dma.c **** * 
  61:Generated_Source\PSoC5/PWMA_init_DMA_dma.c **** * 
  62:Generated_Source\PSoC5/PWMA_init_DMA_dma.c **** * TERMOUT1 interrupt line to signal completion.
  63:Generated_Source\PSoC5/PWMA_init_DMA_dma.c **** * PWMA_init_DMA__TERMOUT1_SEL
  64:Generated_Source\PSoC5/PWMA_init_DMA_dma.c **** * 
  65:Generated_Source\PSoC5/PWMA_init_DMA_dma.c **** ****************************************************************************/
  66:Generated_Source\PSoC5/PWMA_init_DMA_dma.c **** 
  67:Generated_Source\PSoC5/PWMA_init_DMA_dma.c **** 
  68:Generated_Source\PSoC5/PWMA_init_DMA_dma.c **** /* Zero based index of PWMA_init_DMA dma channel */
  69:Generated_Source\PSoC5/PWMA_init_DMA_dma.c **** uint8 PWMA_init_DMA_DmaHandle = DMA_INVALID_CHANNEL;
  70:Generated_Source\PSoC5/PWMA_init_DMA_dma.c **** 
  71:Generated_Source\PSoC5/PWMA_init_DMA_dma.c **** /*********************************************************************
  72:Generated_Source\PSoC5/PWMA_init_DMA_dma.c **** * Function Name: uint8 PWMA_init_DMA_DmaInitalize
  73:Generated_Source\PSoC5/PWMA_init_DMA_dma.c **** **********************************************************************
  74:Generated_Source\PSoC5/PWMA_init_DMA_dma.c **** * Summary:
  75:Generated_Source\PSoC5/PWMA_init_DMA_dma.c **** *   Allocates and initialises a channel of the DMAC to be used by the
  76:Generated_Source\PSoC5/PWMA_init_DMA_dma.c **** *   caller.
  77:Generated_Source\PSoC5/PWMA_init_DMA_dma.c **** *
  78:Generated_Source\PSoC5/PWMA_init_DMA_dma.c **** * Parameters:
  79:Generated_Source\PSoC5/PWMA_init_DMA_dma.c **** *   BurstCount.
  80:Generated_Source\PSoC5/PWMA_init_DMA_dma.c **** *       
  81:Generated_Source\PSoC5/PWMA_init_DMA_dma.c **** *       
  82:Generated_Source\PSoC5/PWMA_init_DMA_dma.c **** *   ReqestPerBurst.
  83:Generated_Source\PSoC5/PWMA_init_DMA_dma.c **** *       
  84:Generated_Source\PSoC5/PWMA_init_DMA_dma.c **** *       
  85:Generated_Source\PSoC5/PWMA_init_DMA_dma.c **** *   UpperSrcAddress.
  86:Generated_Source\PSoC5/PWMA_init_DMA_dma.c **** *       
  87:Generated_Source\PSoC5/PWMA_init_DMA_dma.c **** *       
ARM GAS  C:\Users\chemi\AppData\Local\Temp\ccEElqvY.s 			page 3


  88:Generated_Source\PSoC5/PWMA_init_DMA_dma.c **** *   UpperDestAddress.
  89:Generated_Source\PSoC5/PWMA_init_DMA_dma.c **** *       
  90:Generated_Source\PSoC5/PWMA_init_DMA_dma.c **** *
  91:Generated_Source\PSoC5/PWMA_init_DMA_dma.c **** * Return:
  92:Generated_Source\PSoC5/PWMA_init_DMA_dma.c **** *   The channel that can be used by the caller for DMA activity.
  93:Generated_Source\PSoC5/PWMA_init_DMA_dma.c **** *   DMA_INVALID_CHANNEL (0xFF) if there are no channels left. 
  94:Generated_Source\PSoC5/PWMA_init_DMA_dma.c **** *
  95:Generated_Source\PSoC5/PWMA_init_DMA_dma.c **** *
  96:Generated_Source\PSoC5/PWMA_init_DMA_dma.c **** *******************************************************************/
  97:Generated_Source\PSoC5/PWMA_init_DMA_dma.c **** uint8 PWMA_init_DMA_DmaInitialize(uint8 BurstCount, uint8 ReqestPerBurst, uint16 UpperSrcAddress, u
  98:Generated_Source\PSoC5/PWMA_init_DMA_dma.c **** {
  28              		.loc 1 98 0
  29              		.cfi_startproc
  30              		@ args = 0, pretend = 0, frame = 0
  31              		@ frame_needed = 0, uses_anonymous_args = 0
  32              	.LVL0:
  33 0000 2DE9F341 		push	{r0, r1, r4, r5, r6, r7, r8, lr}
  34              		.cfi_def_cfa_offset 32
  35              		.cfi_offset 4, -24
  36              		.cfi_offset 5, -20
  37              		.cfi_offset 6, -16
  38              		.cfi_offset 7, -12
  39              		.cfi_offset 8, -8
  40              		.cfi_offset 14, -4
  41              		.loc 1 98 0
  42 0004 1746     		mov	r7, r2
  43 0006 9846     		mov	r8, r3
  99:Generated_Source\PSoC5/PWMA_init_DMA_dma.c **** 
 100:Generated_Source\PSoC5/PWMA_init_DMA_dma.c ****     /* Allocate a DMA channel. */
 101:Generated_Source\PSoC5/PWMA_init_DMA_dma.c ****     PWMA_init_DMA_DmaHandle = (uint8)PWMA_init_DMA__DRQ_NUMBER;
  44              		.loc 1 101 0
  45 0008 0C4C     		ldr	r4, .L2
 102:Generated_Source\PSoC5/PWMA_init_DMA_dma.c **** 
 103:Generated_Source\PSoC5/PWMA_init_DMA_dma.c ****     /* Configure the channel. */
 104:Generated_Source\PSoC5/PWMA_init_DMA_dma.c ****     (void)CyDmaChSetConfiguration(PWMA_init_DMA_DmaHandle,
  46              		.loc 1 104 0
  47 000a 0025     		movs	r5, #0
 101:Generated_Source\PSoC5/PWMA_init_DMA_dma.c **** 
  48              		.loc 1 101 0
  49 000c 0526     		movs	r6, #5
  50              		.loc 1 104 0
  51 000e 2B46     		mov	r3, r5
  52              	.LVL1:
  53 0010 0A46     		mov	r2, r1
  54              	.LVL2:
  55 0012 0195     		str	r5, [sp, #4]
  56 0014 0146     		mov	r1, r0
  57              	.LVL3:
  58 0016 0095     		str	r5, [sp]
  59 0018 3046     		mov	r0, r6
  60              	.LVL4:
 101:Generated_Source\PSoC5/PWMA_init_DMA_dma.c **** 
  61              		.loc 1 101 0
  62 001a 2670     		strb	r6, [r4]
  63              		.loc 1 104 0
  64 001c FFF7FEFF 		bl	CyDmaChSetConfiguration
  65              	.LVL5:
ARM GAS  C:\Users\chemi\AppData\Local\Temp\ccEElqvY.s 			page 4


 105:Generated_Source\PSoC5/PWMA_init_DMA_dma.c ****                                   BurstCount,
 106:Generated_Source\PSoC5/PWMA_init_DMA_dma.c ****                                   ReqestPerBurst,
 107:Generated_Source\PSoC5/PWMA_init_DMA_dma.c ****                                   (uint8)PWMA_init_DMA__TERMOUT0_SEL,
 108:Generated_Source\PSoC5/PWMA_init_DMA_dma.c ****                                   (uint8)PWMA_init_DMA__TERMOUT1_SEL,
 109:Generated_Source\PSoC5/PWMA_init_DMA_dma.c ****                                   (uint8)PWMA_init_DMA__TERMIN_SEL);
 110:Generated_Source\PSoC5/PWMA_init_DMA_dma.c **** 
 111:Generated_Source\PSoC5/PWMA_init_DMA_dma.c ****     /* Set the extended address for the transfers */
 112:Generated_Source\PSoC5/PWMA_init_DMA_dma.c ****     (void)CyDmaChSetExtendedAddress(PWMA_init_DMA_DmaHandle, UpperSrcAddress, UpperDestAddress);
  66              		.loc 1 112 0
  67 0020 4246     		mov	r2, r8
  68 0022 3946     		mov	r1, r7
  69 0024 2078     		ldrb	r0, [r4]	@ zero_extendqisi2
  70 0026 FFF7FEFF 		bl	CyDmaChSetExtendedAddress
  71              	.LVL6:
 113:Generated_Source\PSoC5/PWMA_init_DMA_dma.c **** 
 114:Generated_Source\PSoC5/PWMA_init_DMA_dma.c ****     /* Set the priority for this channel */
 115:Generated_Source\PSoC5/PWMA_init_DMA_dma.c ****     (void)CyDmaChPriority(PWMA_init_DMA_DmaHandle, (uint8)PWMA_init_DMA__PRIORITY);
  72              		.loc 1 115 0
  73 002a 2946     		mov	r1, r5
  74 002c 2078     		ldrb	r0, [r4]	@ zero_extendqisi2
  75 002e FFF7FEFF 		bl	CyDmaChPriority
  76              	.LVL7:
 116:Generated_Source\PSoC5/PWMA_init_DMA_dma.c ****     
 117:Generated_Source\PSoC5/PWMA_init_DMA_dma.c ****     return PWMA_init_DMA_DmaHandle;
 118:Generated_Source\PSoC5/PWMA_init_DMA_dma.c **** }
  77              		.loc 1 118 0
  78 0032 2078     		ldrb	r0, [r4]	@ zero_extendqisi2
  79 0034 02B0     		add	sp, sp, #8
  80              		.cfi_def_cfa_offset 24
  81              		@ sp needed
  82 0036 BDE8F081 		pop	{r4, r5, r6, r7, r8, pc}
  83              	.L3:
  84 003a 00BF     		.align	2
  85              	.L2:
  86 003c 00000000 		.word	.LANCHOR0
  87              		.cfi_endproc
  88              	.LFE0:
  89              		.size	PWMA_init_DMA_DmaInitialize, .-PWMA_init_DMA_DmaInitialize
  90              		.section	.text.PWMA_init_DMA_DmaRelease,"ax",%progbits
  91              		.align	1
  92              		.global	PWMA_init_DMA_DmaRelease
  93              		.thumb
  94              		.thumb_func
  95              		.type	PWMA_init_DMA_DmaRelease, %function
  96              	PWMA_init_DMA_DmaRelease:
  97              	.LFB1:
 119:Generated_Source\PSoC5/PWMA_init_DMA_dma.c **** 
 120:Generated_Source\PSoC5/PWMA_init_DMA_dma.c **** /*********************************************************************
 121:Generated_Source\PSoC5/PWMA_init_DMA_dma.c **** * Function Name: void PWMA_init_DMA_DmaRelease
 122:Generated_Source\PSoC5/PWMA_init_DMA_dma.c **** **********************************************************************
 123:Generated_Source\PSoC5/PWMA_init_DMA_dma.c **** * Summary:
 124:Generated_Source\PSoC5/PWMA_init_DMA_dma.c **** *   Frees the channel associated with PWMA_init_DMA.
 125:Generated_Source\PSoC5/PWMA_init_DMA_dma.c **** *
 126:Generated_Source\PSoC5/PWMA_init_DMA_dma.c **** *
 127:Generated_Source\PSoC5/PWMA_init_DMA_dma.c **** * Parameters:
 128:Generated_Source\PSoC5/PWMA_init_DMA_dma.c **** *   void.
 129:Generated_Source\PSoC5/PWMA_init_DMA_dma.c **** *
ARM GAS  C:\Users\chemi\AppData\Local\Temp\ccEElqvY.s 			page 5


 130:Generated_Source\PSoC5/PWMA_init_DMA_dma.c **** *
 131:Generated_Source\PSoC5/PWMA_init_DMA_dma.c **** *
 132:Generated_Source\PSoC5/PWMA_init_DMA_dma.c **** * Return:
 133:Generated_Source\PSoC5/PWMA_init_DMA_dma.c **** *   void.
 134:Generated_Source\PSoC5/PWMA_init_DMA_dma.c **** *
 135:Generated_Source\PSoC5/PWMA_init_DMA_dma.c **** *******************************************************************/
 136:Generated_Source\PSoC5/PWMA_init_DMA_dma.c **** void PWMA_init_DMA_DmaRelease(void) 
 137:Generated_Source\PSoC5/PWMA_init_DMA_dma.c **** {
  98              		.loc 1 137 0
  99              		.cfi_startproc
 100              		@ args = 0, pretend = 0, frame = 0
 101              		@ frame_needed = 0, uses_anonymous_args = 0
 102              		@ link register save eliminated.
 138:Generated_Source\PSoC5/PWMA_init_DMA_dma.c ****     /* Disable the channel */
 139:Generated_Source\PSoC5/PWMA_init_DMA_dma.c ****     (void)CyDmaChDisable(PWMA_init_DMA_DmaHandle);
 103              		.loc 1 139 0
 104 0000 014B     		ldr	r3, .L5
 105 0002 1878     		ldrb	r0, [r3]	@ zero_extendqisi2
 106 0004 FFF7FEBF 		b	CyDmaChDisable
 107              	.LVL8:
 108              	.L6:
 109              		.align	2
 110              	.L5:
 111 0008 00000000 		.word	.LANCHOR0
 112              		.cfi_endproc
 113              	.LFE1:
 114              		.size	PWMA_init_DMA_DmaRelease, .-PWMA_init_DMA_DmaRelease
 115              		.global	PWMA_init_DMA_DmaHandle
 116              		.data
 117              		.set	.LANCHOR0,. + 0
 118              		.type	PWMA_init_DMA_DmaHandle, %object
 119              		.size	PWMA_init_DMA_DmaHandle, 1
 120              	PWMA_init_DMA_DmaHandle:
 121 0000 FF       		.byte	-1
 122              		.text
 123              	.Letext0:
 124              		.file 2 "Generated_Source\\PSoC5/cytypes.h"
 125              		.file 3 "Generated_Source\\PSoC5/CYDMAC.H"
 126              		.section	.debug_info,"",%progbits
 127              	.Ldebug_info0:
 128 0000 A0010000 		.4byte	0x1a0
 129 0004 0400     		.2byte	0x4
 130 0006 00000000 		.4byte	.Ldebug_abbrev0
 131 000a 04       		.byte	0x4
 132 000b 01       		.uleb128 0x1
 133 000c 5C000000 		.4byte	.LASF23
 134 0010 0C       		.byte	0xc
 135 0011 49010000 		.4byte	.LASF24
 136 0015 A1010000 		.4byte	.LASF25
 137 0019 00000000 		.4byte	.Ldebug_ranges0+0
 138 001d 00000000 		.4byte	0
 139 0021 00000000 		.4byte	.Ldebug_line0
 140 0025 02       		.uleb128 0x2
 141 0026 04       		.byte	0x4
 142 0027 05       		.byte	0x5
 143 0028 696E7400 		.ascii	"int\000"
 144 002c 03       		.uleb128 0x3
ARM GAS  C:\Users\chemi\AppData\Local\Temp\ccEElqvY.s 			page 6


 145 002d 04       		.byte	0x4
 146 002e 07       		.byte	0x7
 147 002f 1E000000 		.4byte	.LASF0
 148 0033 03       		.uleb128 0x3
 149 0034 01       		.byte	0x1
 150 0035 06       		.byte	0x6
 151 0036 0C020000 		.4byte	.LASF1
 152 003a 03       		.uleb128 0x3
 153 003b 01       		.byte	0x1
 154 003c 08       		.byte	0x8
 155 003d 8E010000 		.4byte	.LASF2
 156 0041 03       		.uleb128 0x3
 157 0042 02       		.byte	0x2
 158 0043 05       		.byte	0x5
 159 0044 32020000 		.4byte	.LASF3
 160 0048 03       		.uleb128 0x3
 161 0049 02       		.byte	0x2
 162 004a 07       		.byte	0x7
 163 004b F9010000 		.4byte	.LASF4
 164 004f 03       		.uleb128 0x3
 165 0050 04       		.byte	0x4
 166 0051 05       		.byte	0x5
 167 0052 C6010000 		.4byte	.LASF5
 168 0056 03       		.uleb128 0x3
 169 0057 04       		.byte	0x4
 170 0058 07       		.byte	0x7
 171 0059 0B010000 		.4byte	.LASF6
 172 005d 03       		.uleb128 0x3
 173 005e 08       		.byte	0x8
 174 005f 05       		.byte	0x5
 175 0060 00000000 		.4byte	.LASF7
 176 0064 03       		.uleb128 0x3
 177 0065 08       		.byte	0x8
 178 0066 07       		.byte	0x7
 179 0067 2C010000 		.4byte	.LASF8
 180 006b 03       		.uleb128 0x3
 181 006c 04       		.byte	0x4
 182 006d 07       		.byte	0x7
 183 006e 18020000 		.4byte	.LASF9
 184 0072 03       		.uleb128 0x3
 185 0073 01       		.byte	0x1
 186 0074 08       		.byte	0x8
 187 0075 9C010000 		.4byte	.LASF10
 188 0079 04       		.uleb128 0x4
 189 007a 05010000 		.4byte	.LASF11
 190 007e 02       		.byte	0x2
 191 007f 9201     		.2byte	0x192
 192 0081 3A000000 		.4byte	0x3a
 193 0085 04       		.uleb128 0x4
 194 0086 3C020000 		.4byte	.LASF12
 195 008a 02       		.byte	0x2
 196 008b 9301     		.2byte	0x193
 197 008d 48000000 		.4byte	0x48
 198 0091 03       		.uleb128 0x3
 199 0092 04       		.byte	0x4
 200 0093 04       		.byte	0x4
 201 0094 43010000 		.4byte	.LASF13
ARM GAS  C:\Users\chemi\AppData\Local\Temp\ccEElqvY.s 			page 7


 202 0098 03       		.uleb128 0x3
 203 0099 08       		.byte	0x8
 204 009a 04       		.byte	0x4
 205 009b E7010000 		.4byte	.LASF14
 206 009f 05       		.uleb128 0x5
 207 00a0 52020000 		.4byte	.LASF26
 208 00a4 01       		.byte	0x1
 209 00a5 61       		.byte	0x61
 210 00a6 79000000 		.4byte	0x79
 211 00aa 00000000 		.4byte	.LFB0
 212 00ae 40000000 		.4byte	.LFE0-.LFB0
 213 00b2 01       		.uleb128 0x1
 214 00b3 9C       		.byte	0x9c
 215 00b4 47010000 		.4byte	0x147
 216 00b8 06       		.uleb128 0x6
 217 00b9 EE010000 		.4byte	.LASF15
 218 00bd 01       		.byte	0x1
 219 00be 61       		.byte	0x61
 220 00bf 79000000 		.4byte	0x79
 221 00c3 00000000 		.4byte	.LLST0
 222 00c7 06       		.uleb128 0x6
 223 00c8 1D010000 		.4byte	.LASF16
 224 00cc 01       		.byte	0x1
 225 00cd 61       		.byte	0x61
 226 00ce 79000000 		.4byte	0x79
 227 00d2 21000000 		.4byte	.LLST1
 228 00d6 06       		.uleb128 0x6
 229 00d7 0E000000 		.4byte	.LASF17
 230 00db 01       		.byte	0x1
 231 00dc 61       		.byte	0x61
 232 00dd 85000000 		.4byte	0x85
 233 00e1 42000000 		.4byte	.LLST2
 234 00e5 06       		.uleb128 0x6
 235 00e6 21020000 		.4byte	.LASF18
 236 00ea 01       		.byte	0x1
 237 00eb 61       		.byte	0x61
 238 00ec 85000000 		.4byte	0x85
 239 00f0 63000000 		.4byte	.LLST3
 240 00f4 07       		.uleb128 0x7
 241 00f5 20000000 		.4byte	.LVL5
 242 00f9 77010000 		.4byte	0x177
 243 00fd 1C010000 		.4byte	0x11c
 244 0101 08       		.uleb128 0x8
 245 0102 01       		.uleb128 0x1
 246 0103 50       		.byte	0x50
 247 0104 02       		.uleb128 0x2
 248 0105 76       		.byte	0x76
 249 0106 00       		.sleb128 0
 250 0107 08       		.uleb128 0x8
 251 0108 01       		.uleb128 0x1
 252 0109 53       		.byte	0x53
 253 010a 02       		.uleb128 0x2
 254 010b 75       		.byte	0x75
 255 010c 00       		.sleb128 0
 256 010d 08       		.uleb128 0x8
 257 010e 02       		.uleb128 0x2
 258 010f 7D       		.byte	0x7d
ARM GAS  C:\Users\chemi\AppData\Local\Temp\ccEElqvY.s 			page 8


 259 0110 00       		.sleb128 0
 260 0111 02       		.uleb128 0x2
 261 0112 75       		.byte	0x75
 262 0113 00       		.sleb128 0
 263 0114 08       		.uleb128 0x8
 264 0115 02       		.uleb128 0x2
 265 0116 7D       		.byte	0x7d
 266 0117 04       		.sleb128 4
 267 0118 02       		.uleb128 0x2
 268 0119 75       		.byte	0x75
 269 011a 00       		.sleb128 0
 270 011b 00       		.byte	0
 271 011c 07       		.uleb128 0x7
 272 011d 2A000000 		.4byte	.LVL6
 273 0121 82010000 		.4byte	0x182
 274 0125 36010000 		.4byte	0x136
 275 0129 08       		.uleb128 0x8
 276 012a 01       		.uleb128 0x1
 277 012b 51       		.byte	0x51
 278 012c 02       		.uleb128 0x2
 279 012d 77       		.byte	0x77
 280 012e 00       		.sleb128 0
 281 012f 08       		.uleb128 0x8
 282 0130 01       		.uleb128 0x1
 283 0131 52       		.byte	0x52
 284 0132 02       		.uleb128 0x2
 285 0133 78       		.byte	0x78
 286 0134 00       		.sleb128 0
 287 0135 00       		.byte	0
 288 0136 09       		.uleb128 0x9
 289 0137 32000000 		.4byte	.LVL7
 290 013b 8D010000 		.4byte	0x18d
 291 013f 08       		.uleb128 0x8
 292 0140 01       		.uleb128 0x1
 293 0141 51       		.byte	0x51
 294 0142 02       		.uleb128 0x2
 295 0143 75       		.byte	0x75
 296 0144 00       		.sleb128 0
 297 0145 00       		.byte	0
 298 0146 00       		.byte	0
 299 0147 0A       		.uleb128 0xa
 300 0148 43000000 		.4byte	.LASF27
 301 014c 01       		.byte	0x1
 302 014d 88       		.byte	0x88
 303 014e 00000000 		.4byte	.LFB1
 304 0152 0C000000 		.4byte	.LFE1-.LFB1
 305 0156 01       		.uleb128 0x1
 306 0157 9C       		.byte	0x9c
 307 0158 66010000 		.4byte	0x166
 308 015c 0B       		.uleb128 0xb
 309 015d 08000000 		.4byte	.LVL8
 310 0161 98010000 		.4byte	0x198
 311 0165 00       		.byte	0
 312 0166 0C       		.uleb128 0xc
 313 0167 CF010000 		.4byte	.LASF28
 314 016b 01       		.byte	0x1
 315 016c 45       		.byte	0x45
ARM GAS  C:\Users\chemi\AppData\Local\Temp\ccEElqvY.s 			page 9


 316 016d 79000000 		.4byte	0x79
 317 0171 05       		.uleb128 0x5
 318 0172 03       		.byte	0x3
 319 0173 00000000 		.4byte	PWMA_init_DMA_DmaHandle
 320 0177 0D       		.uleb128 0xd
 321 0178 2B000000 		.4byte	.LASF19
 322 017c 2B000000 		.4byte	.LASF19
 323 0180 03       		.byte	0x3
 324 0181 33       		.byte	0x33
 325 0182 0D       		.uleb128 0xd
 326 0183 74010000 		.4byte	.LASF20
 327 0187 74010000 		.4byte	.LASF20
 328 018b 03       		.byte	0x3
 329 018c 2D       		.byte	0x2d
 330 018d 0D       		.uleb128 0xd
 331 018e F5000000 		.4byte	.LASF21
 332 0192 F5000000 		.4byte	.LASF21
 333 0196 03       		.byte	0x3
 334 0197 2C       		.byte	0x2c
 335 0198 0D       		.uleb128 0xd
 336 0199 43020000 		.4byte	.LASF22
 337 019d 43020000 		.4byte	.LASF22
 338 01a1 03       		.byte	0x3
 339 01a2 2A       		.byte	0x2a
 340 01a3 00       		.byte	0
 341              		.section	.debug_abbrev,"",%progbits
 342              	.Ldebug_abbrev0:
 343 0000 01       		.uleb128 0x1
 344 0001 11       		.uleb128 0x11
 345 0002 01       		.byte	0x1
 346 0003 25       		.uleb128 0x25
 347 0004 0E       		.uleb128 0xe
 348 0005 13       		.uleb128 0x13
 349 0006 0B       		.uleb128 0xb
 350 0007 03       		.uleb128 0x3
 351 0008 0E       		.uleb128 0xe
 352 0009 1B       		.uleb128 0x1b
 353 000a 0E       		.uleb128 0xe
 354 000b 55       		.uleb128 0x55
 355 000c 17       		.uleb128 0x17
 356 000d 11       		.uleb128 0x11
 357 000e 01       		.uleb128 0x1
 358 000f 10       		.uleb128 0x10
 359 0010 17       		.uleb128 0x17
 360 0011 00       		.byte	0
 361 0012 00       		.byte	0
 362 0013 02       		.uleb128 0x2
 363 0014 24       		.uleb128 0x24
 364 0015 00       		.byte	0
 365 0016 0B       		.uleb128 0xb
 366 0017 0B       		.uleb128 0xb
 367 0018 3E       		.uleb128 0x3e
 368 0019 0B       		.uleb128 0xb
 369 001a 03       		.uleb128 0x3
 370 001b 08       		.uleb128 0x8
 371 001c 00       		.byte	0
 372 001d 00       		.byte	0
ARM GAS  C:\Users\chemi\AppData\Local\Temp\ccEElqvY.s 			page 10


 373 001e 03       		.uleb128 0x3
 374 001f 24       		.uleb128 0x24
 375 0020 00       		.byte	0
 376 0021 0B       		.uleb128 0xb
 377 0022 0B       		.uleb128 0xb
 378 0023 3E       		.uleb128 0x3e
 379 0024 0B       		.uleb128 0xb
 380 0025 03       		.uleb128 0x3
 381 0026 0E       		.uleb128 0xe
 382 0027 00       		.byte	0
 383 0028 00       		.byte	0
 384 0029 04       		.uleb128 0x4
 385 002a 16       		.uleb128 0x16
 386 002b 00       		.byte	0
 387 002c 03       		.uleb128 0x3
 388 002d 0E       		.uleb128 0xe
 389 002e 3A       		.uleb128 0x3a
 390 002f 0B       		.uleb128 0xb
 391 0030 3B       		.uleb128 0x3b
 392 0031 05       		.uleb128 0x5
 393 0032 49       		.uleb128 0x49
 394 0033 13       		.uleb128 0x13
 395 0034 00       		.byte	0
 396 0035 00       		.byte	0
 397 0036 05       		.uleb128 0x5
 398 0037 2E       		.uleb128 0x2e
 399 0038 01       		.byte	0x1
 400 0039 3F       		.uleb128 0x3f
 401 003a 19       		.uleb128 0x19
 402 003b 03       		.uleb128 0x3
 403 003c 0E       		.uleb128 0xe
 404 003d 3A       		.uleb128 0x3a
 405 003e 0B       		.uleb128 0xb
 406 003f 3B       		.uleb128 0x3b
 407 0040 0B       		.uleb128 0xb
 408 0041 27       		.uleb128 0x27
 409 0042 19       		.uleb128 0x19
 410 0043 49       		.uleb128 0x49
 411 0044 13       		.uleb128 0x13
 412 0045 11       		.uleb128 0x11
 413 0046 01       		.uleb128 0x1
 414 0047 12       		.uleb128 0x12
 415 0048 06       		.uleb128 0x6
 416 0049 40       		.uleb128 0x40
 417 004a 18       		.uleb128 0x18
 418 004b 9742     		.uleb128 0x2117
 419 004d 19       		.uleb128 0x19
 420 004e 01       		.uleb128 0x1
 421 004f 13       		.uleb128 0x13
 422 0050 00       		.byte	0
 423 0051 00       		.byte	0
 424 0052 06       		.uleb128 0x6
 425 0053 05       		.uleb128 0x5
 426 0054 00       		.byte	0
 427 0055 03       		.uleb128 0x3
 428 0056 0E       		.uleb128 0xe
 429 0057 3A       		.uleb128 0x3a
ARM GAS  C:\Users\chemi\AppData\Local\Temp\ccEElqvY.s 			page 11


 430 0058 0B       		.uleb128 0xb
 431 0059 3B       		.uleb128 0x3b
 432 005a 0B       		.uleb128 0xb
 433 005b 49       		.uleb128 0x49
 434 005c 13       		.uleb128 0x13
 435 005d 02       		.uleb128 0x2
 436 005e 17       		.uleb128 0x17
 437 005f 00       		.byte	0
 438 0060 00       		.byte	0
 439 0061 07       		.uleb128 0x7
 440 0062 898201   		.uleb128 0x4109
 441 0065 01       		.byte	0x1
 442 0066 11       		.uleb128 0x11
 443 0067 01       		.uleb128 0x1
 444 0068 31       		.uleb128 0x31
 445 0069 13       		.uleb128 0x13
 446 006a 01       		.uleb128 0x1
 447 006b 13       		.uleb128 0x13
 448 006c 00       		.byte	0
 449 006d 00       		.byte	0
 450 006e 08       		.uleb128 0x8
 451 006f 8A8201   		.uleb128 0x410a
 452 0072 00       		.byte	0
 453 0073 02       		.uleb128 0x2
 454 0074 18       		.uleb128 0x18
 455 0075 9142     		.uleb128 0x2111
 456 0077 18       		.uleb128 0x18
 457 0078 00       		.byte	0
 458 0079 00       		.byte	0
 459 007a 09       		.uleb128 0x9
 460 007b 898201   		.uleb128 0x4109
 461 007e 01       		.byte	0x1
 462 007f 11       		.uleb128 0x11
 463 0080 01       		.uleb128 0x1
 464 0081 31       		.uleb128 0x31
 465 0082 13       		.uleb128 0x13
 466 0083 00       		.byte	0
 467 0084 00       		.byte	0
 468 0085 0A       		.uleb128 0xa
 469 0086 2E       		.uleb128 0x2e
 470 0087 01       		.byte	0x1
 471 0088 3F       		.uleb128 0x3f
 472 0089 19       		.uleb128 0x19
 473 008a 03       		.uleb128 0x3
 474 008b 0E       		.uleb128 0xe
 475 008c 3A       		.uleb128 0x3a
 476 008d 0B       		.uleb128 0xb
 477 008e 3B       		.uleb128 0x3b
 478 008f 0B       		.uleb128 0xb
 479 0090 27       		.uleb128 0x27
 480 0091 19       		.uleb128 0x19
 481 0092 11       		.uleb128 0x11
 482 0093 01       		.uleb128 0x1
 483 0094 12       		.uleb128 0x12
 484 0095 06       		.uleb128 0x6
 485 0096 40       		.uleb128 0x40
 486 0097 18       		.uleb128 0x18
ARM GAS  C:\Users\chemi\AppData\Local\Temp\ccEElqvY.s 			page 12


 487 0098 9742     		.uleb128 0x2117
 488 009a 19       		.uleb128 0x19
 489 009b 01       		.uleb128 0x1
 490 009c 13       		.uleb128 0x13
 491 009d 00       		.byte	0
 492 009e 00       		.byte	0
 493 009f 0B       		.uleb128 0xb
 494 00a0 898201   		.uleb128 0x4109
 495 00a3 00       		.byte	0
 496 00a4 11       		.uleb128 0x11
 497 00a5 01       		.uleb128 0x1
 498 00a6 9542     		.uleb128 0x2115
 499 00a8 19       		.uleb128 0x19
 500 00a9 31       		.uleb128 0x31
 501 00aa 13       		.uleb128 0x13
 502 00ab 00       		.byte	0
 503 00ac 00       		.byte	0
 504 00ad 0C       		.uleb128 0xc
 505 00ae 34       		.uleb128 0x34
 506 00af 00       		.byte	0
 507 00b0 03       		.uleb128 0x3
 508 00b1 0E       		.uleb128 0xe
 509 00b2 3A       		.uleb128 0x3a
 510 00b3 0B       		.uleb128 0xb
 511 00b4 3B       		.uleb128 0x3b
 512 00b5 0B       		.uleb128 0xb
 513 00b6 49       		.uleb128 0x49
 514 00b7 13       		.uleb128 0x13
 515 00b8 3F       		.uleb128 0x3f
 516 00b9 19       		.uleb128 0x19
 517 00ba 02       		.uleb128 0x2
 518 00bb 18       		.uleb128 0x18
 519 00bc 00       		.byte	0
 520 00bd 00       		.byte	0
 521 00be 0D       		.uleb128 0xd
 522 00bf 2E       		.uleb128 0x2e
 523 00c0 00       		.byte	0
 524 00c1 3F       		.uleb128 0x3f
 525 00c2 19       		.uleb128 0x19
 526 00c3 3C       		.uleb128 0x3c
 527 00c4 19       		.uleb128 0x19
 528 00c5 6E       		.uleb128 0x6e
 529 00c6 0E       		.uleb128 0xe
 530 00c7 03       		.uleb128 0x3
 531 00c8 0E       		.uleb128 0xe
 532 00c9 3A       		.uleb128 0x3a
 533 00ca 0B       		.uleb128 0xb
 534 00cb 3B       		.uleb128 0x3b
 535 00cc 0B       		.uleb128 0xb
 536 00cd 00       		.byte	0
 537 00ce 00       		.byte	0
 538 00cf 00       		.byte	0
 539              		.section	.debug_loc,"",%progbits
 540              	.Ldebug_loc0:
 541              	.LLST0:
 542 0000 00000000 		.4byte	.LVL0
 543 0004 1A000000 		.4byte	.LVL4
ARM GAS  C:\Users\chemi\AppData\Local\Temp\ccEElqvY.s 			page 13


 544 0008 0100     		.2byte	0x1
 545 000a 50       		.byte	0x50
 546 000b 1A000000 		.4byte	.LVL4
 547 000f 40000000 		.4byte	.LFE0
 548 0013 0400     		.2byte	0x4
 549 0015 F3       		.byte	0xf3
 550 0016 01       		.uleb128 0x1
 551 0017 50       		.byte	0x50
 552 0018 9F       		.byte	0x9f
 553 0019 00000000 		.4byte	0
 554 001d 00000000 		.4byte	0
 555              	.LLST1:
 556 0021 00000000 		.4byte	.LVL0
 557 0025 16000000 		.4byte	.LVL3
 558 0029 0100     		.2byte	0x1
 559 002b 51       		.byte	0x51
 560 002c 16000000 		.4byte	.LVL3
 561 0030 40000000 		.4byte	.LFE0
 562 0034 0400     		.2byte	0x4
 563 0036 F3       		.byte	0xf3
 564 0037 01       		.uleb128 0x1
 565 0038 51       		.byte	0x51
 566 0039 9F       		.byte	0x9f
 567 003a 00000000 		.4byte	0
 568 003e 00000000 		.4byte	0
 569              	.LLST2:
 570 0042 00000000 		.4byte	.LVL0
 571 0046 12000000 		.4byte	.LVL2
 572 004a 0100     		.2byte	0x1
 573 004c 52       		.byte	0x52
 574 004d 12000000 		.4byte	.LVL2
 575 0051 40000000 		.4byte	.LFE0
 576 0055 0400     		.2byte	0x4
 577 0057 F3       		.byte	0xf3
 578 0058 01       		.uleb128 0x1
 579 0059 52       		.byte	0x52
 580 005a 9F       		.byte	0x9f
 581 005b 00000000 		.4byte	0
 582 005f 00000000 		.4byte	0
 583              	.LLST3:
 584 0063 00000000 		.4byte	.LVL0
 585 0067 10000000 		.4byte	.LVL1
 586 006b 0100     		.2byte	0x1
 587 006d 53       		.byte	0x53
 588 006e 10000000 		.4byte	.LVL1
 589 0072 40000000 		.4byte	.LFE0
 590 0076 0400     		.2byte	0x4
 591 0078 F3       		.byte	0xf3
 592 0079 01       		.uleb128 0x1
 593 007a 53       		.byte	0x53
 594 007b 9F       		.byte	0x9f
 595 007c 00000000 		.4byte	0
 596 0080 00000000 		.4byte	0
 597              		.section	.debug_aranges,"",%progbits
 598 0000 24000000 		.4byte	0x24
 599 0004 0200     		.2byte	0x2
 600 0006 00000000 		.4byte	.Ldebug_info0
ARM GAS  C:\Users\chemi\AppData\Local\Temp\ccEElqvY.s 			page 14


 601 000a 04       		.byte	0x4
 602 000b 00       		.byte	0
 603 000c 0000     		.2byte	0
 604 000e 0000     		.2byte	0
 605 0010 00000000 		.4byte	.LFB0
 606 0014 40000000 		.4byte	.LFE0-.LFB0
 607 0018 00000000 		.4byte	.LFB1
 608 001c 0C000000 		.4byte	.LFE1-.LFB1
 609 0020 00000000 		.4byte	0
 610 0024 00000000 		.4byte	0
 611              		.section	.debug_ranges,"",%progbits
 612              	.Ldebug_ranges0:
 613 0000 00000000 		.4byte	.LFB0
 614 0004 40000000 		.4byte	.LFE0
 615 0008 00000000 		.4byte	.LFB1
 616 000c 0C000000 		.4byte	.LFE1
 617 0010 00000000 		.4byte	0
 618 0014 00000000 		.4byte	0
 619              		.section	.debug_line,"",%progbits
 620              	.Ldebug_line0:
 621 0000 8B000000 		.section	.debug_str,"MS",%progbits,1
 621      02005A00 
 621      00000201 
 621      FB0E0D00 
 621      01010101 
 622              	.LASF7:
 623 0000 6C6F6E67 		.ascii	"long long int\000"
 623      206C6F6E 
 623      6720696E 
 623      7400
 624              	.LASF17:
 625 000e 55707065 		.ascii	"UpperSrcAddress\000"
 625      72537263 
 625      41646472 
 625      65737300 
 626              	.LASF0:
 627 001e 756E7369 		.ascii	"unsigned int\000"
 627      676E6564 
 627      20696E74 
 627      00
 628              	.LASF19:
 629 002b 4379446D 		.ascii	"CyDmaChSetConfiguration\000"
 629      61436853 
 629      6574436F 
 629      6E666967 
 629      75726174 
 630              	.LASF27:
 631 0043 50574D41 		.ascii	"PWMA_init_DMA_DmaRelease\000"
 631      5F696E69 
 631      745F444D 
 631      415F446D 
 631      6152656C 
 632              	.LASF23:
 633 005c 474E5520 		.ascii	"GNU C99 5.4.1 20160609 (release) [ARM/embedded-5-br"
 633      43393920 
 633      352E342E 
 633      31203230 
ARM GAS  C:\Users\chemi\AppData\Local\Temp\ccEElqvY.s 			page 15


 633      31363036 
 634 008f 616E6368 		.ascii	"anch revision 237715] -mcpu=cortex-m3 -mthumb -g -O"
 634      20726576 
 634      6973696F 
 634      6E203233 
 634      37373135 
 635 00c2 73202D73 		.ascii	"s -std=gnu99 -ffunction-sections -ffat-lto-objects\000"
 635      74643D67 
 635      6E753939 
 635      202D6666 
 635      756E6374 
 636              	.LASF21:
 637 00f5 4379446D 		.ascii	"CyDmaChPriority\000"
 637      61436850 
 637      72696F72 
 637      69747900 
 638              	.LASF11:
 639 0105 75696E74 		.ascii	"uint8\000"
 639      3800
 640              	.LASF6:
 641 010b 6C6F6E67 		.ascii	"long unsigned int\000"
 641      20756E73 
 641      69676E65 
 641      6420696E 
 641      7400
 642              	.LASF16:
 643 011d 52657165 		.ascii	"ReqestPerBurst\000"
 643      73745065 
 643      72427572 
 643      737400
 644              	.LASF8:
 645 012c 6C6F6E67 		.ascii	"long long unsigned int\000"
 645      206C6F6E 
 645      6720756E 
 645      7369676E 
 645      65642069 
 646              	.LASF13:
 647 0143 666C6F61 		.ascii	"float\000"
 647      7400
 648              	.LASF24:
 649 0149 47656E65 		.ascii	"Generated_Source\\PSoC5\\PWMA_init_DMA_dma.c\000"
 649      72617465 
 649      645F536F 
 649      75726365 
 649      5C50536F 
 650              	.LASF20:
 651 0174 4379446D 		.ascii	"CyDmaChSetExtendedAddress\000"
 651      61436853 
 651      65744578 
 651      74656E64 
 651      65644164 
 652              	.LASF2:
 653 018e 756E7369 		.ascii	"unsigned char\000"
 653      676E6564 
 653      20636861 
 653      7200
 654              	.LASF10:
ARM GAS  C:\Users\chemi\AppData\Local\Temp\ccEElqvY.s 			page 16


 655 019c 63686172 		.ascii	"char\000"
 655      00
 656              	.LASF25:
 657 01a1 433A5C55 		.ascii	"C:\\Users\\chemi\\UD3_QCW\\UD3_QFN.cydsn\000"
 657      73657273 
 657      5C636865 
 657      6D695C55 
 657      44335F51 
 658              	.LASF5:
 659 01c6 6C6F6E67 		.ascii	"long int\000"
 659      20696E74 
 659      00
 660              	.LASF28:
 661 01cf 50574D41 		.ascii	"PWMA_init_DMA_DmaHandle\000"
 661      5F696E69 
 661      745F444D 
 661      415F446D 
 661      6148616E 
 662              	.LASF14:
 663 01e7 646F7562 		.ascii	"double\000"
 663      6C6500
 664              	.LASF15:
 665 01ee 42757273 		.ascii	"BurstCount\000"
 665      74436F75 
 665      6E7400
 666              	.LASF4:
 667 01f9 73686F72 		.ascii	"short unsigned int\000"
 667      7420756E 
 667      7369676E 
 667      65642069 
 667      6E7400
 668              	.LASF1:
 669 020c 7369676E 		.ascii	"signed char\000"
 669      65642063 
 669      68617200 
 670              	.LASF9:
 671 0218 73697A65 		.ascii	"sizetype\000"
 671      74797065 
 671      00
 672              	.LASF18:
 673 0221 55707065 		.ascii	"UpperDestAddress\000"
 673      72446573 
 673      74416464 
 673      72657373 
 673      00
 674              	.LASF3:
 675 0232 73686F72 		.ascii	"short int\000"
 675      7420696E 
 675      7400
 676              	.LASF12:
 677 023c 75696E74 		.ascii	"uint16\000"
 677      313600
 678              	.LASF22:
 679 0243 4379446D 		.ascii	"CyDmaChDisable\000"
 679      61436844 
 679      69736162 
 679      6C6500
ARM GAS  C:\Users\chemi\AppData\Local\Temp\ccEElqvY.s 			page 17


 680              	.LASF26:
 681 0252 50574D41 		.ascii	"PWMA_init_DMA_DmaInitialize\000"
 681      5F696E69 
 681      745F444D 
 681      415F446D 
 681      61496E69 
 682              		.ident	"GCC: (GNU Tools for ARM Embedded Processors) 5.4.1 20160609 (release) [ARM/embedded-5-bran
