ARM GAS  C:\Users\chemi\AppData\Local\Temp\ccYFHqJg.s 			page 1


   1              		.syntax unified
   2              		.cpu cortex-m3
   3              		.fpu softvfp
   4              		.eabi_attribute 20, 1
   5              		.eabi_attribute 21, 1
   6              		.eabi_attribute 23, 3
   7              		.eabi_attribute 24, 1
   8              		.eabi_attribute 25, 1
   9              		.eabi_attribute 26, 1
  10              		.eabi_attribute 30, 4
  11              		.eabi_attribute 34, 1
  12              		.eabi_attribute 18, 4
  13              		.thumb
  14              		.syntax unified
  15              		.file	"temp_pwm_PM.c"
  16              		.text
  17              	.Ltext0:
  18              		.cfi_sections	.debug_frame
  19              		.section	.text.temp_pwm_SaveConfig,"ax",%progbits
  20              		.align	1
  21              		.global	temp_pwm_SaveConfig
  22              		.thumb
  23              		.thumb_func
  24              		.type	temp_pwm_SaveConfig, %function
  25              	temp_pwm_SaveConfig:
  26              	.LFB0:
  27              		.file 1 "Generated_Source\\PSoC5\\temp_pwm_PM.c"
   1:Generated_Source\PSoC5/temp_pwm_PM.c **** /*******************************************************************************
   2:Generated_Source\PSoC5/temp_pwm_PM.c **** * File Name: temp_pwm_PM.c
   3:Generated_Source\PSoC5/temp_pwm_PM.c **** * Version 3.30
   4:Generated_Source\PSoC5/temp_pwm_PM.c **** *
   5:Generated_Source\PSoC5/temp_pwm_PM.c **** * Description:
   6:Generated_Source\PSoC5/temp_pwm_PM.c **** *  This file provides the power management source code to API for the
   7:Generated_Source\PSoC5/temp_pwm_PM.c **** *  PWM.
   8:Generated_Source\PSoC5/temp_pwm_PM.c **** *
   9:Generated_Source\PSoC5/temp_pwm_PM.c **** * Note:
  10:Generated_Source\PSoC5/temp_pwm_PM.c **** *
  11:Generated_Source\PSoC5/temp_pwm_PM.c **** ********************************************************************************
  12:Generated_Source\PSoC5/temp_pwm_PM.c **** * Copyright 2008-2014, Cypress Semiconductor Corporation.  All rights reserved.
  13:Generated_Source\PSoC5/temp_pwm_PM.c **** * You may use this file only in accordance with the license, terms, conditions,
  14:Generated_Source\PSoC5/temp_pwm_PM.c **** * disclaimers, and limitations in the end user license agreement accompanying
  15:Generated_Source\PSoC5/temp_pwm_PM.c **** * the software package with which this file was provided.
  16:Generated_Source\PSoC5/temp_pwm_PM.c **** *******************************************************************************/
  17:Generated_Source\PSoC5/temp_pwm_PM.c **** 
  18:Generated_Source\PSoC5/temp_pwm_PM.c **** #include "temp_pwm.h"
  19:Generated_Source\PSoC5/temp_pwm_PM.c **** 
  20:Generated_Source\PSoC5/temp_pwm_PM.c **** static temp_pwm_backupStruct temp_pwm_backup;
  21:Generated_Source\PSoC5/temp_pwm_PM.c **** 
  22:Generated_Source\PSoC5/temp_pwm_PM.c **** 
  23:Generated_Source\PSoC5/temp_pwm_PM.c **** /*******************************************************************************
  24:Generated_Source\PSoC5/temp_pwm_PM.c **** * Function Name: temp_pwm_SaveConfig
  25:Generated_Source\PSoC5/temp_pwm_PM.c **** ********************************************************************************
  26:Generated_Source\PSoC5/temp_pwm_PM.c **** *
  27:Generated_Source\PSoC5/temp_pwm_PM.c **** * Summary:
  28:Generated_Source\PSoC5/temp_pwm_PM.c **** *  Saves the current user configuration of the component.
  29:Generated_Source\PSoC5/temp_pwm_PM.c **** *
  30:Generated_Source\PSoC5/temp_pwm_PM.c **** * Parameters:
ARM GAS  C:\Users\chemi\AppData\Local\Temp\ccYFHqJg.s 			page 2


  31:Generated_Source\PSoC5/temp_pwm_PM.c **** *  None
  32:Generated_Source\PSoC5/temp_pwm_PM.c **** *
  33:Generated_Source\PSoC5/temp_pwm_PM.c **** * Return:
  34:Generated_Source\PSoC5/temp_pwm_PM.c **** *  None
  35:Generated_Source\PSoC5/temp_pwm_PM.c **** *
  36:Generated_Source\PSoC5/temp_pwm_PM.c **** * Global variables:
  37:Generated_Source\PSoC5/temp_pwm_PM.c **** *  temp_pwm_backup:  Variables of this global structure are modified to
  38:Generated_Source\PSoC5/temp_pwm_PM.c **** *  store the values of non retention configuration registers when Sleep() API is
  39:Generated_Source\PSoC5/temp_pwm_PM.c **** *  called.
  40:Generated_Source\PSoC5/temp_pwm_PM.c **** *
  41:Generated_Source\PSoC5/temp_pwm_PM.c **** *******************************************************************************/
  42:Generated_Source\PSoC5/temp_pwm_PM.c **** void temp_pwm_SaveConfig(void) 
  43:Generated_Source\PSoC5/temp_pwm_PM.c **** {
  28              		.loc 1 43 0
  29              		.cfi_startproc
  30              		@ args = 0, pretend = 0, frame = 0
  31              		@ frame_needed = 0, uses_anonymous_args = 0
  32 0000 10B5     		push	{r4, lr}
  33              		.cfi_def_cfa_offset 8
  34              		.cfi_offset 4, -8
  35              		.cfi_offset 14, -4
  44:Generated_Source\PSoC5/temp_pwm_PM.c **** 
  45:Generated_Source\PSoC5/temp_pwm_PM.c ****     #if(!temp_pwm_UsingFixedFunction)
  46:Generated_Source\PSoC5/temp_pwm_PM.c ****         #if(!temp_pwm_PWMModeIsCenterAligned)
  47:Generated_Source\PSoC5/temp_pwm_PM.c ****             temp_pwm_backup.PWMPeriod = temp_pwm_ReadPeriod();
  36              		.loc 1 47 0
  37 0002 FFF7FEFF 		bl	temp_pwm_ReadPeriod
  38              	.LVL0:
  39 0006 064C     		ldr	r4, .L2
  40 0008 A070     		strb	r0, [r4, #2]
  48:Generated_Source\PSoC5/temp_pwm_PM.c ****         #endif /* (!temp_pwm_PWMModeIsCenterAligned) */
  49:Generated_Source\PSoC5/temp_pwm_PM.c ****         temp_pwm_backup.PWMUdb = temp_pwm_ReadCounter();
  41              		.loc 1 49 0
  42 000a FFF7FEFF 		bl	temp_pwm_ReadCounter
  43              	.LVL1:
  50:Generated_Source\PSoC5/temp_pwm_PM.c ****         #if (temp_pwm_UseStatus)
  51:Generated_Source\PSoC5/temp_pwm_PM.c ****             temp_pwm_backup.InterruptMaskValue = temp_pwm_STATUS_MASK;
  44              		.loc 1 51 0
  45 000e 054B     		ldr	r3, .L2+4
  49:Generated_Source\PSoC5/temp_pwm_PM.c ****         #if (temp_pwm_UseStatus)
  46              		.loc 1 49 0
  47 0010 6070     		strb	r0, [r4, #1]
  48              		.loc 1 51 0
  49 0012 1B78     		ldrb	r3, [r3]	@ zero_extendqisi2
  50 0014 E370     		strb	r3, [r4, #3]
  52:Generated_Source\PSoC5/temp_pwm_PM.c ****         #endif /* (temp_pwm_UseStatus) */
  53:Generated_Source\PSoC5/temp_pwm_PM.c **** 
  54:Generated_Source\PSoC5/temp_pwm_PM.c ****         #if(temp_pwm_DeadBandMode == temp_pwm__B_PWM__DBM_256_CLOCKS || \
  55:Generated_Source\PSoC5/temp_pwm_PM.c ****             temp_pwm_DeadBandMode == temp_pwm__B_PWM__DBM_2_4_CLOCKS)
  56:Generated_Source\PSoC5/temp_pwm_PM.c ****             temp_pwm_backup.PWMdeadBandValue = temp_pwm_ReadDeadTime();
  57:Generated_Source\PSoC5/temp_pwm_PM.c ****         #endif /*  deadband count is either 2-4 clocks or 256 clocks */
  58:Generated_Source\PSoC5/temp_pwm_PM.c **** 
  59:Generated_Source\PSoC5/temp_pwm_PM.c ****         #if(temp_pwm_KillModeMinTime)
  60:Generated_Source\PSoC5/temp_pwm_PM.c ****              temp_pwm_backup.PWMKillCounterPeriod = temp_pwm_ReadKillTime();
  61:Generated_Source\PSoC5/temp_pwm_PM.c ****         #endif /* (temp_pwm_KillModeMinTime) */
  62:Generated_Source\PSoC5/temp_pwm_PM.c **** 
  63:Generated_Source\PSoC5/temp_pwm_PM.c ****         #if(temp_pwm_UseControl)
ARM GAS  C:\Users\chemi\AppData\Local\Temp\ccYFHqJg.s 			page 3


  64:Generated_Source\PSoC5/temp_pwm_PM.c ****             temp_pwm_backup.PWMControlRegister = temp_pwm_ReadControlRegister();
  51              		.loc 1 64 0
  52 0016 FFF7FEFF 		bl	temp_pwm_ReadControlRegister
  53              	.LVL2:
  54 001a 2071     		strb	r0, [r4, #4]
  55 001c 10BD     		pop	{r4, pc}
  56              	.L3:
  57 001e 00BF     		.align	2
  58              	.L2:
  59 0020 00000000 		.word	.LANCHOR0
  60 0024 81640040 		.word	1073767553
  61              		.cfi_endproc
  62              	.LFE0:
  63              		.size	temp_pwm_SaveConfig, .-temp_pwm_SaveConfig
  64              		.section	.text.temp_pwm_RestoreConfig,"ax",%progbits
  65              		.align	1
  66              		.global	temp_pwm_RestoreConfig
  67              		.thumb
  68              		.thumb_func
  69              		.type	temp_pwm_RestoreConfig, %function
  70              	temp_pwm_RestoreConfig:
  71              	.LFB1:
  65:Generated_Source\PSoC5/temp_pwm_PM.c ****         #endif /* (temp_pwm_UseControl) */
  66:Generated_Source\PSoC5/temp_pwm_PM.c ****     #endif  /* (!temp_pwm_UsingFixedFunction) */
  67:Generated_Source\PSoC5/temp_pwm_PM.c **** }
  68:Generated_Source\PSoC5/temp_pwm_PM.c **** 
  69:Generated_Source\PSoC5/temp_pwm_PM.c **** 
  70:Generated_Source\PSoC5/temp_pwm_PM.c **** /*******************************************************************************
  71:Generated_Source\PSoC5/temp_pwm_PM.c **** * Function Name: temp_pwm_RestoreConfig
  72:Generated_Source\PSoC5/temp_pwm_PM.c **** ********************************************************************************
  73:Generated_Source\PSoC5/temp_pwm_PM.c **** *
  74:Generated_Source\PSoC5/temp_pwm_PM.c **** * Summary:
  75:Generated_Source\PSoC5/temp_pwm_PM.c **** *  Restores the current user configuration of the component.
  76:Generated_Source\PSoC5/temp_pwm_PM.c **** *
  77:Generated_Source\PSoC5/temp_pwm_PM.c **** * Parameters:
  78:Generated_Source\PSoC5/temp_pwm_PM.c **** *  None
  79:Generated_Source\PSoC5/temp_pwm_PM.c **** *
  80:Generated_Source\PSoC5/temp_pwm_PM.c **** * Return:
  81:Generated_Source\PSoC5/temp_pwm_PM.c **** *  None
  82:Generated_Source\PSoC5/temp_pwm_PM.c **** *
  83:Generated_Source\PSoC5/temp_pwm_PM.c **** * Global variables:
  84:Generated_Source\PSoC5/temp_pwm_PM.c **** *  temp_pwm_backup:  Variables of this global structure are used to
  85:Generated_Source\PSoC5/temp_pwm_PM.c **** *  restore the values of non retention registers on wakeup from sleep mode.
  86:Generated_Source\PSoC5/temp_pwm_PM.c **** *
  87:Generated_Source\PSoC5/temp_pwm_PM.c **** *******************************************************************************/
  88:Generated_Source\PSoC5/temp_pwm_PM.c **** void temp_pwm_RestoreConfig(void) 
  89:Generated_Source\PSoC5/temp_pwm_PM.c **** {
  72              		.loc 1 89 0
  73              		.cfi_startproc
  74              		@ args = 0, pretend = 0, frame = 0
  75              		@ frame_needed = 0, uses_anonymous_args = 0
  76 0000 10B5     		push	{r4, lr}
  77              		.cfi_def_cfa_offset 8
  78              		.cfi_offset 4, -8
  79              		.cfi_offset 14, -4
  90:Generated_Source\PSoC5/temp_pwm_PM.c ****         #if(!temp_pwm_UsingFixedFunction)
  91:Generated_Source\PSoC5/temp_pwm_PM.c ****             #if(!temp_pwm_PWMModeIsCenterAligned)
ARM GAS  C:\Users\chemi\AppData\Local\Temp\ccYFHqJg.s 			page 4


  92:Generated_Source\PSoC5/temp_pwm_PM.c ****                 temp_pwm_WritePeriod(temp_pwm_backup.PWMPeriod);
  80              		.loc 1 92 0
  81 0002 074C     		ldr	r4, .L5
  82 0004 A078     		ldrb	r0, [r4, #2]	@ zero_extendqisi2
  83 0006 FFF7FEFF 		bl	temp_pwm_WritePeriod
  84              	.LVL3:
  93:Generated_Source\PSoC5/temp_pwm_PM.c ****             #endif /* (!temp_pwm_PWMModeIsCenterAligned) */
  94:Generated_Source\PSoC5/temp_pwm_PM.c **** 
  95:Generated_Source\PSoC5/temp_pwm_PM.c ****             temp_pwm_WriteCounter(temp_pwm_backup.PWMUdb);
  85              		.loc 1 95 0
  86 000a 6078     		ldrb	r0, [r4, #1]	@ zero_extendqisi2
  87 000c FFF7FEFF 		bl	temp_pwm_WriteCounter
  88              	.LVL4:
  96:Generated_Source\PSoC5/temp_pwm_PM.c **** 
  97:Generated_Source\PSoC5/temp_pwm_PM.c ****             #if (temp_pwm_UseStatus)
  98:Generated_Source\PSoC5/temp_pwm_PM.c ****                 temp_pwm_STATUS_MASK = temp_pwm_backup.InterruptMaskValue;
  89              		.loc 1 98 0
  90 0010 E278     		ldrb	r2, [r4, #3]	@ zero_extendqisi2
  91 0012 044B     		ldr	r3, .L5+4
  92 0014 1A70     		strb	r2, [r3]
  99:Generated_Source\PSoC5/temp_pwm_PM.c ****             #endif /* (temp_pwm_UseStatus) */
 100:Generated_Source\PSoC5/temp_pwm_PM.c **** 
 101:Generated_Source\PSoC5/temp_pwm_PM.c ****             #if(temp_pwm_DeadBandMode == temp_pwm__B_PWM__DBM_256_CLOCKS || \
 102:Generated_Source\PSoC5/temp_pwm_PM.c ****                 temp_pwm_DeadBandMode == temp_pwm__B_PWM__DBM_2_4_CLOCKS)
 103:Generated_Source\PSoC5/temp_pwm_PM.c ****                 temp_pwm_WriteDeadTime(temp_pwm_backup.PWMdeadBandValue);
 104:Generated_Source\PSoC5/temp_pwm_PM.c ****             #endif /* deadband count is either 2-4 clocks or 256 clocks */
 105:Generated_Source\PSoC5/temp_pwm_PM.c **** 
 106:Generated_Source\PSoC5/temp_pwm_PM.c ****             #if(temp_pwm_KillModeMinTime)
 107:Generated_Source\PSoC5/temp_pwm_PM.c ****                 temp_pwm_WriteKillTime(temp_pwm_backup.PWMKillCounterPeriod);
 108:Generated_Source\PSoC5/temp_pwm_PM.c ****             #endif /* (temp_pwm_KillModeMinTime) */
 109:Generated_Source\PSoC5/temp_pwm_PM.c **** 
 110:Generated_Source\PSoC5/temp_pwm_PM.c ****             #if(temp_pwm_UseControl)
 111:Generated_Source\PSoC5/temp_pwm_PM.c ****                 temp_pwm_WriteControlRegister(temp_pwm_backup.PWMControlRegister);
  93              		.loc 1 111 0
  94 0016 2079     		ldrb	r0, [r4, #4]	@ zero_extendqisi2
 112:Generated_Source\PSoC5/temp_pwm_PM.c ****             #endif /* (temp_pwm_UseControl) */
 113:Generated_Source\PSoC5/temp_pwm_PM.c ****         #endif  /* (!temp_pwm_UsingFixedFunction) */
 114:Generated_Source\PSoC5/temp_pwm_PM.c ****     }
  95              		.loc 1 114 0
  96 0018 BDE81040 		pop	{r4, lr}
  97              		.cfi_restore 14
  98              		.cfi_restore 4
  99              		.cfi_def_cfa_offset 0
 111:Generated_Source\PSoC5/temp_pwm_PM.c ****             #endif /* (temp_pwm_UseControl) */
 100              		.loc 1 111 0
 101 001c FFF7FEBF 		b	temp_pwm_WriteControlRegister
 102              	.LVL5:
 103              	.L6:
 104              		.align	2
 105              	.L5:
 106 0020 00000000 		.word	.LANCHOR0
 107 0024 81640040 		.word	1073767553
 108              		.cfi_endproc
 109              	.LFE1:
 110              		.size	temp_pwm_RestoreConfig, .-temp_pwm_RestoreConfig
 111              		.section	.text.temp_pwm_Sleep,"ax",%progbits
 112              		.align	1
ARM GAS  C:\Users\chemi\AppData\Local\Temp\ccYFHqJg.s 			page 5


 113              		.global	temp_pwm_Sleep
 114              		.thumb
 115              		.thumb_func
 116              		.type	temp_pwm_Sleep, %function
 117              	temp_pwm_Sleep:
 118              	.LFB2:
 115:Generated_Source\PSoC5/temp_pwm_PM.c **** 
 116:Generated_Source\PSoC5/temp_pwm_PM.c **** 
 117:Generated_Source\PSoC5/temp_pwm_PM.c **** /*******************************************************************************
 118:Generated_Source\PSoC5/temp_pwm_PM.c **** * Function Name: temp_pwm_Sleep
 119:Generated_Source\PSoC5/temp_pwm_PM.c **** ********************************************************************************
 120:Generated_Source\PSoC5/temp_pwm_PM.c **** *
 121:Generated_Source\PSoC5/temp_pwm_PM.c **** * Summary:
 122:Generated_Source\PSoC5/temp_pwm_PM.c **** *  Disables block's operation and saves the user configuration. Should be called
 123:Generated_Source\PSoC5/temp_pwm_PM.c **** *  just prior to entering sleep.
 124:Generated_Source\PSoC5/temp_pwm_PM.c **** *
 125:Generated_Source\PSoC5/temp_pwm_PM.c **** * Parameters:
 126:Generated_Source\PSoC5/temp_pwm_PM.c **** *  None
 127:Generated_Source\PSoC5/temp_pwm_PM.c **** *
 128:Generated_Source\PSoC5/temp_pwm_PM.c **** * Return:
 129:Generated_Source\PSoC5/temp_pwm_PM.c **** *  None
 130:Generated_Source\PSoC5/temp_pwm_PM.c **** *
 131:Generated_Source\PSoC5/temp_pwm_PM.c **** * Global variables:
 132:Generated_Source\PSoC5/temp_pwm_PM.c **** *  temp_pwm_backup.PWMEnableState:  Is modified depending on the enable
 133:Generated_Source\PSoC5/temp_pwm_PM.c **** *  state of the block before entering sleep mode.
 134:Generated_Source\PSoC5/temp_pwm_PM.c **** *
 135:Generated_Source\PSoC5/temp_pwm_PM.c **** *******************************************************************************/
 136:Generated_Source\PSoC5/temp_pwm_PM.c **** void temp_pwm_Sleep(void) 
 137:Generated_Source\PSoC5/temp_pwm_PM.c **** {
 119              		.loc 1 137 0
 120              		.cfi_startproc
 121              		@ args = 0, pretend = 0, frame = 0
 122              		@ frame_needed = 0, uses_anonymous_args = 0
 123 0000 08B5     		push	{r3, lr}
 124              		.cfi_def_cfa_offset 8
 125              		.cfi_offset 3, -8
 126              		.cfi_offset 14, -4
 138:Generated_Source\PSoC5/temp_pwm_PM.c ****     #if(temp_pwm_UseControl)
 139:Generated_Source\PSoC5/temp_pwm_PM.c ****         if(temp_pwm_CTRL_ENABLE == (temp_pwm_CONTROL & temp_pwm_CTRL_ENABLE))
 127              		.loc 1 139 0
 128 0002 074B     		ldr	r3, .L11
 129 0004 1B78     		ldrb	r3, [r3]	@ zero_extendqisi2
 130 0006 13F0800F 		tst	r3, #128
 131 000a 064B     		ldr	r3, .L11+4
 140:Generated_Source\PSoC5/temp_pwm_PM.c ****         {
 141:Generated_Source\PSoC5/temp_pwm_PM.c ****             /*Component is enabled */
 142:Generated_Source\PSoC5/temp_pwm_PM.c ****             temp_pwm_backup.PWMEnableState = 1u;
 132              		.loc 1 142 0
 133 000c 14BF     		ite	ne
 134 000e 0122     		movne	r2, #1
 143:Generated_Source\PSoC5/temp_pwm_PM.c ****         }
 144:Generated_Source\PSoC5/temp_pwm_PM.c ****         else
 145:Generated_Source\PSoC5/temp_pwm_PM.c ****         {
 146:Generated_Source\PSoC5/temp_pwm_PM.c ****             /* Component is disabled */
 147:Generated_Source\PSoC5/temp_pwm_PM.c ****             temp_pwm_backup.PWMEnableState = 0u;
 135              		.loc 1 147 0
 136 0010 0022     		moveq	r2, #0
ARM GAS  C:\Users\chemi\AppData\Local\Temp\ccYFHqJg.s 			page 6


 137 0012 1A70     		strb	r2, [r3]
 148:Generated_Source\PSoC5/temp_pwm_PM.c ****         }
 149:Generated_Source\PSoC5/temp_pwm_PM.c ****     #endif /* (temp_pwm_UseControl) */
 150:Generated_Source\PSoC5/temp_pwm_PM.c **** 
 151:Generated_Source\PSoC5/temp_pwm_PM.c ****     /* Stop component */
 152:Generated_Source\PSoC5/temp_pwm_PM.c ****     temp_pwm_Stop();
 138              		.loc 1 152 0
 139 0014 FFF7FEFF 		bl	temp_pwm_Stop
 140              	.LVL6:
 153:Generated_Source\PSoC5/temp_pwm_PM.c **** 
 154:Generated_Source\PSoC5/temp_pwm_PM.c ****     /* Save registers configuration */
 155:Generated_Source\PSoC5/temp_pwm_PM.c ****     temp_pwm_SaveConfig();
 156:Generated_Source\PSoC5/temp_pwm_PM.c **** }
 141              		.loc 1 156 0
 142 0018 BDE80840 		pop	{r3, lr}
 143              		.cfi_restore 14
 144              		.cfi_restore 3
 145              		.cfi_def_cfa_offset 0
 155:Generated_Source\PSoC5/temp_pwm_PM.c **** }
 146              		.loc 1 155 0
 147 001c FFF7FEBF 		b	temp_pwm_SaveConfig
 148              	.LVL7:
 149              	.L12:
 150              		.align	2
 151              	.L11:
 152 0020 71640040 		.word	1073767537
 153 0024 00000000 		.word	.LANCHOR0
 154              		.cfi_endproc
 155              	.LFE2:
 156              		.size	temp_pwm_Sleep, .-temp_pwm_Sleep
 157              		.section	.text.temp_pwm_Wakeup,"ax",%progbits
 158              		.align	1
 159              		.global	temp_pwm_Wakeup
 160              		.thumb
 161              		.thumb_func
 162              		.type	temp_pwm_Wakeup, %function
 163              	temp_pwm_Wakeup:
 164              	.LFB3:
 157:Generated_Source\PSoC5/temp_pwm_PM.c **** 
 158:Generated_Source\PSoC5/temp_pwm_PM.c **** 
 159:Generated_Source\PSoC5/temp_pwm_PM.c **** /*******************************************************************************
 160:Generated_Source\PSoC5/temp_pwm_PM.c **** * Function Name: temp_pwm_Wakeup
 161:Generated_Source\PSoC5/temp_pwm_PM.c **** ********************************************************************************
 162:Generated_Source\PSoC5/temp_pwm_PM.c **** *
 163:Generated_Source\PSoC5/temp_pwm_PM.c **** * Summary:
 164:Generated_Source\PSoC5/temp_pwm_PM.c **** *  Restores and enables the user configuration. Should be called just after
 165:Generated_Source\PSoC5/temp_pwm_PM.c **** *  awaking from sleep.
 166:Generated_Source\PSoC5/temp_pwm_PM.c **** *
 167:Generated_Source\PSoC5/temp_pwm_PM.c **** * Parameters:
 168:Generated_Source\PSoC5/temp_pwm_PM.c **** *  None
 169:Generated_Source\PSoC5/temp_pwm_PM.c **** *
 170:Generated_Source\PSoC5/temp_pwm_PM.c **** * Return:
 171:Generated_Source\PSoC5/temp_pwm_PM.c **** *  None
 172:Generated_Source\PSoC5/temp_pwm_PM.c **** *
 173:Generated_Source\PSoC5/temp_pwm_PM.c **** * Global variables:
 174:Generated_Source\PSoC5/temp_pwm_PM.c **** *  temp_pwm_backup.pwmEnable:  Is used to restore the enable state of
 175:Generated_Source\PSoC5/temp_pwm_PM.c **** *  block on wakeup from sleep mode.
ARM GAS  C:\Users\chemi\AppData\Local\Temp\ccYFHqJg.s 			page 7


 176:Generated_Source\PSoC5/temp_pwm_PM.c **** *
 177:Generated_Source\PSoC5/temp_pwm_PM.c **** *******************************************************************************/
 178:Generated_Source\PSoC5/temp_pwm_PM.c **** void temp_pwm_Wakeup(void) 
 179:Generated_Source\PSoC5/temp_pwm_PM.c **** {
 165              		.loc 1 179 0
 166              		.cfi_startproc
 167              		@ args = 0, pretend = 0, frame = 0
 168              		@ frame_needed = 0, uses_anonymous_args = 0
 169 0000 08B5     		push	{r3, lr}
 170              		.cfi_def_cfa_offset 8
 171              		.cfi_offset 3, -8
 172              		.cfi_offset 14, -4
 180:Generated_Source\PSoC5/temp_pwm_PM.c ****      /* Restore registers values */
 181:Generated_Source\PSoC5/temp_pwm_PM.c ****     temp_pwm_RestoreConfig();
 173              		.loc 1 181 0
 174 0002 FFF7FEFF 		bl	temp_pwm_RestoreConfig
 175              	.LVL8:
 182:Generated_Source\PSoC5/temp_pwm_PM.c **** 
 183:Generated_Source\PSoC5/temp_pwm_PM.c ****     if(temp_pwm_backup.PWMEnableState != 0u)
 176              		.loc 1 183 0
 177 0006 044B     		ldr	r3, .L16
 178 0008 1B78     		ldrb	r3, [r3]	@ zero_extendqisi2
 179 000a 1BB1     		cbz	r3, .L13
 184:Generated_Source\PSoC5/temp_pwm_PM.c ****     {
 185:Generated_Source\PSoC5/temp_pwm_PM.c ****         /* Enable component's operation */
 186:Generated_Source\PSoC5/temp_pwm_PM.c ****         temp_pwm_Enable();
 187:Generated_Source\PSoC5/temp_pwm_PM.c ****     } /* Do nothing if component's block was disabled before */
 188:Generated_Source\PSoC5/temp_pwm_PM.c **** 
 189:Generated_Source\PSoC5/temp_pwm_PM.c **** }
 180              		.loc 1 189 0
 181 000c BDE80840 		pop	{r3, lr}
 182              		.cfi_remember_state
 183              		.cfi_restore 14
 184              		.cfi_restore 3
 185              		.cfi_def_cfa_offset 0
 186:Generated_Source\PSoC5/temp_pwm_PM.c ****     } /* Do nothing if component's block was disabled before */
 186              		.loc 1 186 0
 187 0010 FFF7FEBF 		b	temp_pwm_Enable
 188              	.LVL9:
 189              	.L13:
 190              		.cfi_restore_state
 191 0014 08BD     		pop	{r3, pc}
 192              	.L17:
 193 0016 00BF     		.align	2
 194              	.L16:
 195 0018 00000000 		.word	.LANCHOR0
 196              		.cfi_endproc
 197              	.LFE3:
 198              		.size	temp_pwm_Wakeup, .-temp_pwm_Wakeup
 199              		.bss
 200              		.set	.LANCHOR0,. + 0
 201              		.type	temp_pwm_backup, %object
 202              		.size	temp_pwm_backup, 5
 203              	temp_pwm_backup:
 204 0000 00000000 		.space	5
 204      00
 205              		.text
ARM GAS  C:\Users\chemi\AppData\Local\Temp\ccYFHqJg.s 			page 8


 206              	.Letext0:
 207              		.file 2 "Generated_Source\\PSoC5\\cytypes.h"
 208              		.file 3 "Generated_Source\\PSoC5\\temp_pwm.h"
 209              		.section	.debug_info,"",%progbits
 210              	.Ldebug_info0:
 211 0000 0C020000 		.4byte	0x20c
 212 0004 0400     		.2byte	0x4
 213 0006 00000000 		.4byte	.Ldebug_abbrev0
 214 000a 04       		.byte	0x4
 215 000b 01       		.uleb128 0x1
 216 000c B7000000 		.4byte	.LASF33
 217 0010 0C       		.byte	0xc
 218 0011 70010000 		.4byte	.LASF34
 219 0015 7C020000 		.4byte	.LASF35
 220 0019 00000000 		.4byte	.Ldebug_ranges0+0
 221 001d 00000000 		.4byte	0
 222 0021 00000000 		.4byte	.Ldebug_line0
 223 0025 02       		.uleb128 0x2
 224 0026 01       		.byte	0x1
 225 0027 06       		.byte	0x6
 226 0028 BE020000 		.4byte	.LASF0
 227 002c 02       		.uleb128 0x2
 228 002d 01       		.byte	0x1
 229 002e 08       		.byte	0x8
 230 002f 88000000 		.4byte	.LASF1
 231 0033 02       		.uleb128 0x2
 232 0034 02       		.byte	0x2
 233 0035 05       		.byte	0x5
 234 0036 64020000 		.4byte	.LASF2
 235 003a 02       		.uleb128 0x2
 236 003b 02       		.byte	0x2
 237 003c 07       		.byte	0x7
 238 003d CA020000 		.4byte	.LASF3
 239 0041 02       		.uleb128 0x2
 240 0042 04       		.byte	0x4
 241 0043 05       		.byte	0x5
 242 0044 B5020000 		.4byte	.LASF4
 243 0048 02       		.uleb128 0x2
 244 0049 04       		.byte	0x4
 245 004a 07       		.byte	0x7
 246 004b A5000000 		.4byte	.LASF5
 247 004f 02       		.uleb128 0x2
 248 0050 08       		.byte	0x8
 249 0051 05       		.byte	0x5
 250 0052 2C020000 		.4byte	.LASF6
 251 0056 02       		.uleb128 0x2
 252 0057 08       		.byte	0x8
 253 0058 07       		.byte	0x7
 254 0059 F3010000 		.4byte	.LASF7
 255 005d 03       		.uleb128 0x3
 256 005e 04       		.byte	0x4
 257 005f 05       		.byte	0x5
 258 0060 696E7400 		.ascii	"int\000"
 259 0064 02       		.uleb128 0x2
 260 0065 04       		.byte	0x4
 261 0066 07       		.byte	0x7
 262 0067 E6010000 		.4byte	.LASF8
ARM GAS  C:\Users\chemi\AppData\Local\Temp\ccYFHqJg.s 			page 9


 263 006b 04       		.uleb128 0x4
 264 006c 50010000 		.4byte	.LASF12
 265 0070 02       		.byte	0x2
 266 0071 9201     		.2byte	0x192
 267 0073 2C000000 		.4byte	0x2c
 268 0077 02       		.uleb128 0x2
 269 0078 04       		.byte	0x4
 270 0079 04       		.byte	0x4
 271 007a 82000000 		.4byte	.LASF9
 272 007e 02       		.uleb128 0x2
 273 007f 08       		.byte	0x8
 274 0080 04       		.byte	0x4
 275 0081 69010000 		.4byte	.LASF10
 276 0085 02       		.uleb128 0x2
 277 0086 01       		.byte	0x1
 278 0087 08       		.byte	0x8
 279 0088 4A020000 		.4byte	.LASF11
 280 008c 04       		.uleb128 0x4
 281 008d 0A020000 		.4byte	.LASF13
 282 0091 02       		.byte	0x2
 283 0092 3C02     		.2byte	0x23c
 284 0094 98000000 		.4byte	0x98
 285 0098 05       		.uleb128 0x5
 286 0099 6B000000 		.4byte	0x6b
 287 009d 02       		.uleb128 0x2
 288 009e 04       		.byte	0x4
 289 009f 07       		.byte	0x7
 290 00a0 23020000 		.4byte	.LASF14
 291 00a4 06       		.uleb128 0x6
 292 00a5 05       		.byte	0x5
 293 00a6 03       		.byte	0x3
 294 00a7 6B       		.byte	0x6b
 295 00a8 E9000000 		.4byte	0xe9
 296 00ac 07       		.uleb128 0x7
 297 00ad 96000000 		.4byte	.LASF15
 298 00b1 03       		.byte	0x3
 299 00b2 6E       		.byte	0x6e
 300 00b3 6B000000 		.4byte	0x6b
 301 00b7 00       		.byte	0
 302 00b8 07       		.uleb128 0x7
 303 00b9 00000000 		.4byte	.LASF16
 304 00bd 03       		.byte	0x3
 305 00be 71       		.byte	0x71
 306 00bf 6B000000 		.4byte	0x6b
 307 00c3 01       		.byte	0x1
 308 00c4 07       		.uleb128 0x7
 309 00c5 07000000 		.4byte	.LASF17
 310 00c9 03       		.byte	0x3
 311 00ca 73       		.byte	0x73
 312 00cb 6B000000 		.4byte	0x6b
 313 00cf 02       		.byte	0x2
 314 00d0 07       		.uleb128 0x7
 315 00d1 DD020000 		.4byte	.LASF18
 316 00d5 03       		.byte	0x3
 317 00d6 76       		.byte	0x76
 318 00d7 6B000000 		.4byte	0x6b
 319 00db 03       		.byte	0x3
ARM GAS  C:\Users\chemi\AppData\Local\Temp\ccYFHqJg.s 			page 10


 320 00dc 07       		.uleb128 0x7
 321 00dd 56010000 		.4byte	.LASF19
 322 00e1 03       		.byte	0x3
 323 00e2 86       		.byte	0x86
 324 00e3 6B000000 		.4byte	0x6b
 325 00e7 04       		.byte	0x4
 326 00e8 00       		.byte	0
 327 00e9 08       		.uleb128 0x8
 328 00ea B2010000 		.4byte	.LASF20
 329 00ee 03       		.byte	0x3
 330 00ef 8B       		.byte	0x8b
 331 00f0 A4000000 		.4byte	0xa4
 332 00f4 09       		.uleb128 0x9
 333 00f5 0F020000 		.4byte	.LASF21
 334 00f9 01       		.byte	0x1
 335 00fa 2A       		.byte	0x2a
 336 00fb 00000000 		.4byte	.LFB0
 337 00ff 28000000 		.4byte	.LFE0-.LFB0
 338 0103 01       		.uleb128 0x1
 339 0104 9C       		.byte	0x9c
 340 0105 25010000 		.4byte	0x125
 341 0109 0A       		.uleb128 0xa
 342 010a 06000000 		.4byte	.LVL0
 343 010e B7010000 		.4byte	0x1b7
 344 0112 0A       		.uleb128 0xa
 345 0113 0E000000 		.4byte	.LVL1
 346 0117 C2010000 		.4byte	0x1c2
 347 011b 0A       		.uleb128 0xa
 348 011c 1A000000 		.4byte	.LVL2
 349 0120 CD010000 		.4byte	0x1cd
 350 0124 00       		.byte	0
 351 0125 09       		.uleb128 0x9
 352 0126 4C000000 		.4byte	.LASF22
 353 012a 01       		.byte	0x1
 354 012b 58       		.byte	0x58
 355 012c 00000000 		.4byte	.LFB1
 356 0130 28000000 		.4byte	.LFE1-.LFB1
 357 0134 01       		.uleb128 0x1
 358 0135 9C       		.byte	0x9c
 359 0136 56010000 		.4byte	0x156
 360 013a 0A       		.uleb128 0xa
 361 013b 0A000000 		.4byte	.LVL3
 362 013f D8010000 		.4byte	0x1d8
 363 0143 0A       		.uleb128 0xa
 364 0144 10000000 		.4byte	.LVL4
 365 0148 E3010000 		.4byte	0x1e3
 366 014c 0B       		.uleb128 0xb
 367 014d 20000000 		.4byte	.LVL5
 368 0151 EE010000 		.4byte	0x1ee
 369 0155 00       		.byte	0
 370 0156 09       		.uleb128 0x9
 371 0157 73000000 		.4byte	.LASF23
 372 015b 01       		.byte	0x1
 373 015c 88       		.byte	0x88
 374 015d 00000000 		.4byte	.LFB2
 375 0161 28000000 		.4byte	.LFE2-.LFB2
 376 0165 01       		.uleb128 0x1
ARM GAS  C:\Users\chemi\AppData\Local\Temp\ccYFHqJg.s 			page 11


 377 0166 9C       		.byte	0x9c
 378 0167 7E010000 		.4byte	0x17e
 379 016b 0A       		.uleb128 0xa
 380 016c 18000000 		.4byte	.LVL6
 381 0170 F9010000 		.4byte	0x1f9
 382 0174 0B       		.uleb128 0xb
 383 0175 20000000 		.4byte	.LVL7
 384 0179 F4000000 		.4byte	0xf4
 385 017d 00       		.byte	0
 386 017e 09       		.uleb128 0x9
 387 017f 63000000 		.4byte	.LASF24
 388 0183 01       		.byte	0x1
 389 0184 B2       		.byte	0xb2
 390 0185 00000000 		.4byte	.LFB3
 391 0189 1C000000 		.4byte	.LFE3-.LFB3
 392 018d 01       		.uleb128 0x1
 393 018e 9C       		.byte	0x9c
 394 018f A6010000 		.4byte	0x1a6
 395 0193 0A       		.uleb128 0xa
 396 0194 06000000 		.4byte	.LVL8
 397 0198 25010000 		.4byte	0x125
 398 019c 0B       		.uleb128 0xb
 399 019d 14000000 		.4byte	.LVL9
 400 01a1 04020000 		.4byte	0x204
 401 01a5 00       		.byte	0
 402 01a6 0C       		.uleb128 0xc
 403 01a7 11000000 		.4byte	.LASF36
 404 01ab 01       		.byte	0x1
 405 01ac 14       		.byte	0x14
 406 01ad E9000000 		.4byte	0xe9
 407 01b1 05       		.uleb128 0x5
 408 01b2 03       		.byte	0x3
 409 01b3 00000000 		.4byte	temp_pwm_backup
 410 01b7 0D       		.uleb128 0xd
 411 01b8 A1020000 		.4byte	.LASF25
 412 01bc A1020000 		.4byte	.LASF25
 413 01c0 03       		.byte	0x3
 414 01c1 C0       		.byte	0xc0
 415 01c2 0D       		.uleb128 0xd
 416 01c3 4F020000 		.4byte	.LASF26
 417 01c7 4F020000 		.4byte	.LASF26
 418 01cb 03       		.byte	0x3
 419 01cc B3       		.byte	0xb3
 420 01cd 0D       		.uleb128 0xd
 421 01ce 95010000 		.4byte	.LASF27
 422 01d2 95010000 		.4byte	.LASF27
 423 01d6 03       		.byte	0x3
 424 01d7 9D       		.byte	0x9d
 425 01d8 0D       		.uleb128 0xd
 426 01d9 21000000 		.4byte	.LASF28
 427 01dd 21000000 		.4byte	.LASF28
 428 01e1 03       		.byte	0x3
 429 01e2 BE       		.byte	0xbe
 430 01e3 0D       		.uleb128 0xd
 431 01e4 36000000 		.4byte	.LASF29
 432 01e8 36000000 		.4byte	.LASF29
 433 01ec 03       		.byte	0x3
ARM GAS  C:\Users\chemi\AppData\Local\Temp\ccYFHqJg.s 			page 12


 434 01ed BA       		.byte	0xba
 435 01ee 0D       		.uleb128 0xd
 436 01ef C8010000 		.4byte	.LASF30
 437 01f3 C8010000 		.4byte	.LASF30
 438 01f7 03       		.byte	0x3
 439 01f8 9E       		.byte	0x9e
 440 01f9 0D       		.uleb128 0xd
 441 01fa 6E020000 		.4byte	.LASF31
 442 01fe 6E020000 		.4byte	.LASF31
 443 0202 03       		.byte	0x3
 444 0203 93       		.byte	0x93
 445 0204 0D       		.uleb128 0xd
 446 0205 3A020000 		.4byte	.LASF32
 447 0209 3A020000 		.4byte	.LASF32
 448 020d 03       		.byte	0x3
 449 020e DB       		.byte	0xdb
 450 020f 00       		.byte	0
 451              		.section	.debug_abbrev,"",%progbits
 452              	.Ldebug_abbrev0:
 453 0000 01       		.uleb128 0x1
 454 0001 11       		.uleb128 0x11
 455 0002 01       		.byte	0x1
 456 0003 25       		.uleb128 0x25
 457 0004 0E       		.uleb128 0xe
 458 0005 13       		.uleb128 0x13
 459 0006 0B       		.uleb128 0xb
 460 0007 03       		.uleb128 0x3
 461 0008 0E       		.uleb128 0xe
 462 0009 1B       		.uleb128 0x1b
 463 000a 0E       		.uleb128 0xe
 464 000b 55       		.uleb128 0x55
 465 000c 17       		.uleb128 0x17
 466 000d 11       		.uleb128 0x11
 467 000e 01       		.uleb128 0x1
 468 000f 10       		.uleb128 0x10
 469 0010 17       		.uleb128 0x17
 470 0011 00       		.byte	0
 471 0012 00       		.byte	0
 472 0013 02       		.uleb128 0x2
 473 0014 24       		.uleb128 0x24
 474 0015 00       		.byte	0
 475 0016 0B       		.uleb128 0xb
 476 0017 0B       		.uleb128 0xb
 477 0018 3E       		.uleb128 0x3e
 478 0019 0B       		.uleb128 0xb
 479 001a 03       		.uleb128 0x3
 480 001b 0E       		.uleb128 0xe
 481 001c 00       		.byte	0
 482 001d 00       		.byte	0
 483 001e 03       		.uleb128 0x3
 484 001f 24       		.uleb128 0x24
 485 0020 00       		.byte	0
 486 0021 0B       		.uleb128 0xb
 487 0022 0B       		.uleb128 0xb
 488 0023 3E       		.uleb128 0x3e
 489 0024 0B       		.uleb128 0xb
 490 0025 03       		.uleb128 0x3
ARM GAS  C:\Users\chemi\AppData\Local\Temp\ccYFHqJg.s 			page 13


 491 0026 08       		.uleb128 0x8
 492 0027 00       		.byte	0
 493 0028 00       		.byte	0
 494 0029 04       		.uleb128 0x4
 495 002a 16       		.uleb128 0x16
 496 002b 00       		.byte	0
 497 002c 03       		.uleb128 0x3
 498 002d 0E       		.uleb128 0xe
 499 002e 3A       		.uleb128 0x3a
 500 002f 0B       		.uleb128 0xb
 501 0030 3B       		.uleb128 0x3b
 502 0031 05       		.uleb128 0x5
 503 0032 49       		.uleb128 0x49
 504 0033 13       		.uleb128 0x13
 505 0034 00       		.byte	0
 506 0035 00       		.byte	0
 507 0036 05       		.uleb128 0x5
 508 0037 35       		.uleb128 0x35
 509 0038 00       		.byte	0
 510 0039 49       		.uleb128 0x49
 511 003a 13       		.uleb128 0x13
 512 003b 00       		.byte	0
 513 003c 00       		.byte	0
 514 003d 06       		.uleb128 0x6
 515 003e 13       		.uleb128 0x13
 516 003f 01       		.byte	0x1
 517 0040 0B       		.uleb128 0xb
 518 0041 0B       		.uleb128 0xb
 519 0042 3A       		.uleb128 0x3a
 520 0043 0B       		.uleb128 0xb
 521 0044 3B       		.uleb128 0x3b
 522 0045 0B       		.uleb128 0xb
 523 0046 01       		.uleb128 0x1
 524 0047 13       		.uleb128 0x13
 525 0048 00       		.byte	0
 526 0049 00       		.byte	0
 527 004a 07       		.uleb128 0x7
 528 004b 0D       		.uleb128 0xd
 529 004c 00       		.byte	0
 530 004d 03       		.uleb128 0x3
 531 004e 0E       		.uleb128 0xe
 532 004f 3A       		.uleb128 0x3a
 533 0050 0B       		.uleb128 0xb
 534 0051 3B       		.uleb128 0x3b
 535 0052 0B       		.uleb128 0xb
 536 0053 49       		.uleb128 0x49
 537 0054 13       		.uleb128 0x13
 538 0055 38       		.uleb128 0x38
 539 0056 0B       		.uleb128 0xb
 540 0057 00       		.byte	0
 541 0058 00       		.byte	0
 542 0059 08       		.uleb128 0x8
 543 005a 16       		.uleb128 0x16
 544 005b 00       		.byte	0
 545 005c 03       		.uleb128 0x3
 546 005d 0E       		.uleb128 0xe
 547 005e 3A       		.uleb128 0x3a
ARM GAS  C:\Users\chemi\AppData\Local\Temp\ccYFHqJg.s 			page 14


 548 005f 0B       		.uleb128 0xb
 549 0060 3B       		.uleb128 0x3b
 550 0061 0B       		.uleb128 0xb
 551 0062 49       		.uleb128 0x49
 552 0063 13       		.uleb128 0x13
 553 0064 00       		.byte	0
 554 0065 00       		.byte	0
 555 0066 09       		.uleb128 0x9
 556 0067 2E       		.uleb128 0x2e
 557 0068 01       		.byte	0x1
 558 0069 3F       		.uleb128 0x3f
 559 006a 19       		.uleb128 0x19
 560 006b 03       		.uleb128 0x3
 561 006c 0E       		.uleb128 0xe
 562 006d 3A       		.uleb128 0x3a
 563 006e 0B       		.uleb128 0xb
 564 006f 3B       		.uleb128 0x3b
 565 0070 0B       		.uleb128 0xb
 566 0071 27       		.uleb128 0x27
 567 0072 19       		.uleb128 0x19
 568 0073 11       		.uleb128 0x11
 569 0074 01       		.uleb128 0x1
 570 0075 12       		.uleb128 0x12
 571 0076 06       		.uleb128 0x6
 572 0077 40       		.uleb128 0x40
 573 0078 18       		.uleb128 0x18
 574 0079 9742     		.uleb128 0x2117
 575 007b 19       		.uleb128 0x19
 576 007c 01       		.uleb128 0x1
 577 007d 13       		.uleb128 0x13
 578 007e 00       		.byte	0
 579 007f 00       		.byte	0
 580 0080 0A       		.uleb128 0xa
 581 0081 898201   		.uleb128 0x4109
 582 0084 00       		.byte	0
 583 0085 11       		.uleb128 0x11
 584 0086 01       		.uleb128 0x1
 585 0087 31       		.uleb128 0x31
 586 0088 13       		.uleb128 0x13
 587 0089 00       		.byte	0
 588 008a 00       		.byte	0
 589 008b 0B       		.uleb128 0xb
 590 008c 898201   		.uleb128 0x4109
 591 008f 00       		.byte	0
 592 0090 11       		.uleb128 0x11
 593 0091 01       		.uleb128 0x1
 594 0092 9542     		.uleb128 0x2115
 595 0094 19       		.uleb128 0x19
 596 0095 31       		.uleb128 0x31
 597 0096 13       		.uleb128 0x13
 598 0097 00       		.byte	0
 599 0098 00       		.byte	0
 600 0099 0C       		.uleb128 0xc
 601 009a 34       		.uleb128 0x34
 602 009b 00       		.byte	0
 603 009c 03       		.uleb128 0x3
 604 009d 0E       		.uleb128 0xe
ARM GAS  C:\Users\chemi\AppData\Local\Temp\ccYFHqJg.s 			page 15


 605 009e 3A       		.uleb128 0x3a
 606 009f 0B       		.uleb128 0xb
 607 00a0 3B       		.uleb128 0x3b
 608 00a1 0B       		.uleb128 0xb
 609 00a2 49       		.uleb128 0x49
 610 00a3 13       		.uleb128 0x13
 611 00a4 02       		.uleb128 0x2
 612 00a5 18       		.uleb128 0x18
 613 00a6 00       		.byte	0
 614 00a7 00       		.byte	0
 615 00a8 0D       		.uleb128 0xd
 616 00a9 2E       		.uleb128 0x2e
 617 00aa 00       		.byte	0
 618 00ab 3F       		.uleb128 0x3f
 619 00ac 19       		.uleb128 0x19
 620 00ad 3C       		.uleb128 0x3c
 621 00ae 19       		.uleb128 0x19
 622 00af 6E       		.uleb128 0x6e
 623 00b0 0E       		.uleb128 0xe
 624 00b1 03       		.uleb128 0x3
 625 00b2 0E       		.uleb128 0xe
 626 00b3 3A       		.uleb128 0x3a
 627 00b4 0B       		.uleb128 0xb
 628 00b5 3B       		.uleb128 0x3b
 629 00b6 0B       		.uleb128 0xb
 630 00b7 00       		.byte	0
 631 00b8 00       		.byte	0
 632 00b9 00       		.byte	0
 633              		.section	.debug_aranges,"",%progbits
 634 0000 34000000 		.4byte	0x34
 635 0004 0200     		.2byte	0x2
 636 0006 00000000 		.4byte	.Ldebug_info0
 637 000a 04       		.byte	0x4
 638 000b 00       		.byte	0
 639 000c 0000     		.2byte	0
 640 000e 0000     		.2byte	0
 641 0010 00000000 		.4byte	.LFB0
 642 0014 28000000 		.4byte	.LFE0-.LFB0
 643 0018 00000000 		.4byte	.LFB1
 644 001c 28000000 		.4byte	.LFE1-.LFB1
 645 0020 00000000 		.4byte	.LFB2
 646 0024 28000000 		.4byte	.LFE2-.LFB2
 647 0028 00000000 		.4byte	.LFB3
 648 002c 1C000000 		.4byte	.LFE3-.LFB3
 649 0030 00000000 		.4byte	0
 650 0034 00000000 		.4byte	0
 651              		.section	.debug_ranges,"",%progbits
 652              	.Ldebug_ranges0:
 653 0000 00000000 		.4byte	.LFB0
 654 0004 28000000 		.4byte	.LFE0
 655 0008 00000000 		.4byte	.LFB1
 656 000c 28000000 		.4byte	.LFE1
 657 0010 00000000 		.4byte	.LFB2
 658 0014 28000000 		.4byte	.LFE2
 659 0018 00000000 		.4byte	.LFB3
 660 001c 1C000000 		.4byte	.LFE3
 661 0020 00000000 		.4byte	0
ARM GAS  C:\Users\chemi\AppData\Local\Temp\ccYFHqJg.s 			page 16


 662 0024 00000000 		.4byte	0
 663              		.section	.debug_line,"",%progbits
 664              	.Ldebug_line0:
 665 0000 B5000000 		.section	.debug_str,"MS",%progbits,1
 665      02005600 
 665      00000201 
 665      FB0E0D00 
 665      01010101 
 666              	.LASF16:
 667 0000 50574D55 		.ascii	"PWMUdb\000"
 667      646200
 668              	.LASF17:
 669 0007 50574D50 		.ascii	"PWMPeriod\000"
 669      6572696F 
 669      6400
 670              	.LASF36:
 671 0011 74656D70 		.ascii	"temp_pwm_backup\000"
 671      5F70776D 
 671      5F626163 
 671      6B757000 
 672              	.LASF28:
 673 0021 74656D70 		.ascii	"temp_pwm_WritePeriod\000"
 673      5F70776D 
 673      5F577269 
 673      74655065 
 673      72696F64 
 674              	.LASF29:
 675 0036 74656D70 		.ascii	"temp_pwm_WriteCounter\000"
 675      5F70776D 
 675      5F577269 
 675      7465436F 
 675      756E7465 
 676              	.LASF22:
 677 004c 74656D70 		.ascii	"temp_pwm_RestoreConfig\000"
 677      5F70776D 
 677      5F526573 
 677      746F7265 
 677      436F6E66 
 678              	.LASF24:
 679 0063 74656D70 		.ascii	"temp_pwm_Wakeup\000"
 679      5F70776D 
 679      5F57616B 
 679      65757000 
 680              	.LASF23:
 681 0073 74656D70 		.ascii	"temp_pwm_Sleep\000"
 681      5F70776D 
 681      5F536C65 
 681      657000
 682              	.LASF9:
 683 0082 666C6F61 		.ascii	"float\000"
 683      7400
 684              	.LASF1:
 685 0088 756E7369 		.ascii	"unsigned char\000"
 685      676E6564 
 685      20636861 
 685      7200
 686              	.LASF15:
ARM GAS  C:\Users\chemi\AppData\Local\Temp\ccYFHqJg.s 			page 17


 687 0096 50574D45 		.ascii	"PWMEnableState\000"
 687      6E61626C 
 687      65537461 
 687      746500
 688              	.LASF5:
 689 00a5 6C6F6E67 		.ascii	"long unsigned int\000"
 689      20756E73 
 689      69676E65 
 689      6420696E 
 689      7400
 690              	.LASF33:
 691 00b7 474E5520 		.ascii	"GNU C99 5.4.1 20160609 (release) [ARM/embedded-5-br"
 691      43393920 
 691      352E342E 
 691      31203230 
 691      31363036 
 692 00ea 616E6368 		.ascii	"anch revision 237715] -mcpu=cortex-m3 -mthumb -g -O"
 692      20726576 
 692      6973696F 
 692      6E203233 
 692      37373135 
 693 011d 73202D73 		.ascii	"s -std=gnu99 -ffunction-sections -ffat-lto-objects\000"
 693      74643D67 
 693      6E753939 
 693      202D6666 
 693      756E6374 
 694              	.LASF12:
 695 0150 75696E74 		.ascii	"uint8\000"
 695      3800
 696              	.LASF19:
 697 0156 50574D43 		.ascii	"PWMControlRegister\000"
 697      6F6E7472 
 697      6F6C5265 
 697      67697374 
 697      657200
 698              	.LASF10:
 699 0169 646F7562 		.ascii	"double\000"
 699      6C6500
 700              	.LASF34:
 701 0170 47656E65 		.ascii	"Generated_Source\\PSoC5\\temp_pwm_PM.c\000"
 701      72617465 
 701      645F536F 
 701      75726365 
 701      5C50536F 
 702              	.LASF27:
 703 0195 74656D70 		.ascii	"temp_pwm_ReadControlRegister\000"
 703      5F70776D 
 703      5F526561 
 703      64436F6E 
 703      74726F6C 
 704              	.LASF20:
 705 01b2 74656D70 		.ascii	"temp_pwm_backupStruct\000"
 705      5F70776D 
 705      5F626163 
 705      6B757053 
 705      74727563 
 706              	.LASF30:
ARM GAS  C:\Users\chemi\AppData\Local\Temp\ccYFHqJg.s 			page 18


 707 01c8 74656D70 		.ascii	"temp_pwm_WriteControlRegister\000"
 707      5F70776D 
 707      5F577269 
 707      7465436F 
 707      6E74726F 
 708              	.LASF8:
 709 01e6 756E7369 		.ascii	"unsigned int\000"
 709      676E6564 
 709      20696E74 
 709      00
 710              	.LASF7:
 711 01f3 6C6F6E67 		.ascii	"long long unsigned int\000"
 711      206C6F6E 
 711      6720756E 
 711      7369676E 
 711      65642069 
 712              	.LASF13:
 713 020a 72656738 		.ascii	"reg8\000"
 713      00
 714              	.LASF21:
 715 020f 74656D70 		.ascii	"temp_pwm_SaveConfig\000"
 715      5F70776D 
 715      5F536176 
 715      65436F6E 
 715      66696700 
 716              	.LASF14:
 717 0223 73697A65 		.ascii	"sizetype\000"
 717      74797065 
 717      00
 718              	.LASF6:
 719 022c 6C6F6E67 		.ascii	"long long int\000"
 719      206C6F6E 
 719      6720696E 
 719      7400
 720              	.LASF32:
 721 023a 74656D70 		.ascii	"temp_pwm_Enable\000"
 721      5F70776D 
 721      5F456E61 
 721      626C6500 
 722              	.LASF11:
 723 024a 63686172 		.ascii	"char\000"
 723      00
 724              	.LASF26:
 725 024f 74656D70 		.ascii	"temp_pwm_ReadCounter\000"
 725      5F70776D 
 725      5F526561 
 725      64436F75 
 725      6E746572 
 726              	.LASF2:
 727 0264 73686F72 		.ascii	"short int\000"
 727      7420696E 
 727      7400
 728              	.LASF31:
 729 026e 74656D70 		.ascii	"temp_pwm_Stop\000"
 729      5F70776D 
 729      5F53746F 
 729      7000
ARM GAS  C:\Users\chemi\AppData\Local\Temp\ccYFHqJg.s 			page 19


 730              	.LASF35:
 731 027c 433A5C55 		.ascii	"C:\\Users\\chemi\\UD3_QCW\\UD3_QFN.cydsn\000"
 731      73657273 
 731      5C636865 
 731      6D695C55 
 731      44335F51 
 732              	.LASF25:
 733 02a1 74656D70 		.ascii	"temp_pwm_ReadPeriod\000"
 733      5F70776D 
 733      5F526561 
 733      64506572 
 733      696F6400 
 734              	.LASF4:
 735 02b5 6C6F6E67 		.ascii	"long int\000"
 735      20696E74 
 735      00
 736              	.LASF0:
 737 02be 7369676E 		.ascii	"signed char\000"
 737      65642063 
 737      68617200 
 738              	.LASF3:
 739 02ca 73686F72 		.ascii	"short unsigned int\000"
 739      7420756E 
 739      7369676E 
 739      65642069 
 739      6E7400
 740              	.LASF18:
 741 02dd 496E7465 		.ascii	"InterruptMaskValue\000"
 741      72727570 
 741      744D6173 
 741      6B56616C 
 741      756500
 742              		.ident	"GCC: (GNU Tools for ARM Embedded Processors) 5.4.1 20160609 (release) [ARM/embedded-5-bran
