ARM GAS  C:\Users\chemi\AppData\Local\Temp\ccuPxrJQ.s 			page 1


   1              		.syntax unified
   2              		.cpu cortex-m3
   3              		.fpu softvfp
   4              		.eabi_attribute 20, 1
   5              		.eabi_attribute 21, 1
   6              		.eabi_attribute 23, 3
   7              		.eabi_attribute 24, 1
   8              		.eabi_attribute 25, 1
   9              		.eabi_attribute 26, 1
  10              		.eabi_attribute 30, 4
  11              		.eabi_attribute 34, 1
  12              		.eabi_attribute 18, 4
  13              		.thumb
  14              		.syntax unified
  15              		.file	"tsk_sid.c"
  16              		.text
  17              	.Ltext0:
  18              		.cfi_sections	.debug_frame
  19              		.section	.text.tsk_sid_TaskProc,"ax",%progbits
  20              		.align	1
  21              		.global	tsk_sid_TaskProc
  22              		.thumb
  23              		.thumb_func
  24              		.type	tsk_sid_TaskProc, %function
  25              	tsk_sid_TaskProc:
  26              	.LFB68:
  27              		.file 1 "..\\common\\ud3core\\tasks\\tsk_sid.c"
   1:..\common\ud3core\tasks/tsk_sid.c **** /*
   2:..\common\ud3core\tasks/tsk_sid.c ****  * UD3
   3:..\common\ud3core\tasks/tsk_sid.c ****  *
   4:..\common\ud3core\tasks/tsk_sid.c ****  * Copyright (c) 2018 Jens Kerrinnes
   5:..\common\ud3core\tasks/tsk_sid.c ****  * Copyright (c) 2015 Steve Ward
   6:..\common\ud3core\tasks/tsk_sid.c ****  *
   7:..\common\ud3core\tasks/tsk_sid.c ****  * Permission is hereby granted, free of charge, to any person obtaining a copy of
   8:..\common\ud3core\tasks/tsk_sid.c ****  * this software and associated documentation files (the "Software"), to deal in
   9:..\common\ud3core\tasks/tsk_sid.c ****  * the Software withoutrestriction, including without limitation the rights to
  10:..\common\ud3core\tasks/tsk_sid.c ****  * use, copy, modify, merge, publish, distribute, sublicense, and/or sell copies of
  11:..\common\ud3core\tasks/tsk_sid.c ****  * the Software, and to permit persons to whom the Software is furnished to do so,
  12:..\common\ud3core\tasks/tsk_sid.c ****  * subject to the following conditions:
  13:..\common\ud3core\tasks/tsk_sid.c ****  *
  14:..\common\ud3core\tasks/tsk_sid.c ****  * The above copyright notice and this permission notice shall be included in all
  15:..\common\ud3core\tasks/tsk_sid.c ****  * copies or substantial portions of the Software.
  16:..\common\ud3core\tasks/tsk_sid.c ****  *
  17:..\common\ud3core\tasks/tsk_sid.c ****  * THE SOFTWARE IS PROVIDED "AS IS", WITHOUT WARRANTY OF ANY KIND, EXPRESS OR
  18:..\common\ud3core\tasks/tsk_sid.c ****  * IMPLIED, INCLUDING BUT NOT LIMITED TO THE WARRANTIES OF MERCHANTABILITY, FITNESS
  19:..\common\ud3core\tasks/tsk_sid.c ****  * FOR A PARTICULAR PURPOSE AND NONINFRINGEMENT. IN NO EVENT SHALL THE AUTHORS OR
  20:..\common\ud3core\tasks/tsk_sid.c ****  * COPYRIGHT HOLDERS BE LIABLE FOR ANY CLAIM, DAMAGES OR OTHER LIABILITY, WHETHER
  21:..\common\ud3core\tasks/tsk_sid.c ****  * IN AN ACTION OF CONTRACT, TORT OR OTHERWISE, ARISING FROM, OUT OF OR IN
  22:..\common\ud3core\tasks/tsk_sid.c ****  * CONNECTION WITH THE SOFTWARE OR THE USE OR OTHER DEALINGS IN THE SOFTWARE.
  23:..\common\ud3core\tasks/tsk_sid.c **** */
  24:..\common\ud3core\tasks/tsk_sid.c **** 
  25:..\common\ud3core\tasks/tsk_sid.c **** #include "cyapicallbacks.h"
  26:..\common\ud3core\tasks/tsk_sid.c **** #include <cytypes.h>
  27:..\common\ud3core\tasks/tsk_sid.c **** 
  28:..\common\ud3core\tasks/tsk_sid.c **** #include "tsk_sid.h"
  29:..\common\ud3core\tasks/tsk_sid.c **** #include "tsk_fault.h"
  30:..\common\ud3core\tasks/tsk_sid.c **** #include "clock.h"
ARM GAS  C:\Users\chemi\AppData\Local\Temp\ccuPxrJQ.s 			page 2


  31:..\common\ud3core\tasks/tsk_sid.c **** #include "SignalGenerator.h"
  32:..\common\ud3core\tasks/tsk_sid.c **** #include "MidiProcessor.h"
  33:..\common\ud3core\tasks/tsk_sid.c **** #include "NoteMapper.h"
  34:..\common\ud3core\tasks/tsk_sid.c **** #include "VMSWrapper.h"
  35:..\common\ud3core\tasks/tsk_sid.c **** 
  36:..\common\ud3core\tasks/tsk_sid.c **** xTaskHandle tsk_sid_TaskHandle;
  37:..\common\ud3core\tasks/tsk_sid.c **** uint8 tsk_sid_initVar = 0u;
  38:..\common\ud3core\tasks/tsk_sid.c **** 
  39:..\common\ud3core\tasks/tsk_sid.c **** 
  40:..\common\ud3core\tasks/tsk_sid.c **** /* ------------------------------------------------------------------------ */
  41:..\common\ud3core\tasks/tsk_sid.c **** /*
  42:..\common\ud3core\tasks/tsk_sid.c ****  * Place user included headers, defines and task global data in the
  43:..\common\ud3core\tasks/tsk_sid.c ****  * below merge region section.
  44:..\common\ud3core\tasks/tsk_sid.c ****  */
  45:..\common\ud3core\tasks/tsk_sid.c **** /* `#START USER_INCLUDE SECTION` */
  46:..\common\ud3core\tasks/tsk_sid.c **** #include "cli_common.h"
  47:..\common\ud3core\tasks/tsk_sid.c **** #include "interrupter.h"
  48:..\common\ud3core\tasks/tsk_sid.c **** #include "hardware.h"
  49:..\common\ud3core\tasks/tsk_sid.c **** #include "tsk_midi.h"
  50:..\common\ud3core\tasks/tsk_sid.c **** #include "tsk_priority.h"
  51:..\common\ud3core\tasks/tsk_sid.c **** #include "telemetry.h"
  52:..\common\ud3core\tasks/tsk_sid.c **** #include "alarmevent.h"
  53:..\common\ud3core\tasks/tsk_sid.c **** #include "qcw.h"
  54:..\common\ud3core\tasks/tsk_sid.c **** #include "helper/printf.h"
  55:..\common\ud3core\tasks/tsk_sid.c **** #include <device.h>
  56:..\common\ud3core\tasks/tsk_sid.c **** #include <stdlib.h>
  57:..\common\ud3core\tasks/tsk_sid.c **** #include "tsk_cli.h"
  58:..\common\ud3core\tasks/tsk_sid.c **** #include "SidProcessor.h"
  59:..\common\ud3core\tasks/tsk_sid.c **** 
  60:..\common\ud3core\tasks/tsk_sid.c **** xQueueHandle qSID;
  61:..\common\ud3core\tasks/tsk_sid.c **** 
  62:..\common\ud3core\tasks/tsk_sid.c **** uint32_t volatile next_frame=4294967295;
  63:..\common\ud3core\tasks/tsk_sid.c **** uint32_t last_frame=4294967295;
  64:..\common\ud3core\tasks/tsk_sid.c **** 
  65:..\common\ud3core\tasks/tsk_sid.c **** static SIDFrame_t currentFrame;
  66:..\common\ud3core\tasks/tsk_sid.c **** 
  67:..\common\ud3core\tasks/tsk_sid.c **** void tsk_sid_TaskProc(void *pvParameters) {
  28              		.loc 1 67 0
  29              		.cfi_startproc
  30              		@ Volatile: function does not return.
  31              		@ args = 0, pretend = 0, frame = 0
  32              		@ frame_needed = 0, uses_anonymous_args = 0
  33              	.LVL0:
  68:..\common\ud3core\tasks/tsk_sid.c **** 
  69:..\common\ud3core\tasks/tsk_sid.c ****     alarm_push(ALM_PRIO_INFO, "TASK: SID started", ALM_NO_VALUE);
  70:..\common\ud3core\tasks/tsk_sid.c **** 	for (;;) {
  71:..\common\ud3core\tasks/tsk_sid.c ****         //save some cpu cycles if not in use 
  72:..\common\ud3core\tasks/tsk_sid.c ****         if(param.synth != SYNTH_SID){
  73:..\common\ud3core\tasks/tsk_sid.c ****             vTaskDelay(pdMS_TO_TICKS(50));
  74:..\common\ud3core\tasks/tsk_sid.c ****             continue;
  75:..\common\ud3core\tasks/tsk_sid.c ****         }
  76:..\common\ud3core\tasks/tsk_sid.c ****         
  77:..\common\ud3core\tasks/tsk_sid.c ****         //did the time come to recive a new frame from the queue? (l_time is system millisecond tim
  78:..\common\ud3core\tasks/tsk_sid.c ****         if (l_time > next_frame){
  34              		.loc 1 78 0
  35 0000 1B4C     		ldr	r4, .L14
  67:..\common\ud3core\tasks/tsk_sid.c **** 
ARM GAS  C:\Users\chemi\AppData\Local\Temp\ccuPxrJQ.s 			page 3


  36              		.loc 1 67 0
  37 0002 80B5     		push	{r7, lr}
  38              		.cfi_def_cfa_offset 8
  39              		.cfi_offset 7, -8
  40              		.cfi_offset 14, -4
  69:..\common\ud3core\tasks/tsk_sid.c **** 	for (;;) {
  41              		.loc 1 69 0
  42 0004 4FF00042 		mov	r2, #-2147483648
  43 0008 1A49     		ldr	r1, .L14+4
  44 000a 0020     		movs	r0, #0
  45              	.LVL1:
  46 000c FFF7FEFF 		bl	alarm_push
  47              	.LVL2:
  48 0010 A046     		mov	r8, r4
  72:..\common\ud3core\tasks/tsk_sid.c ****             vTaskDelay(pdMS_TO_TICKS(50));
  49              		.loc 1 72 0
  50 0012 194F     		ldr	r7, .L14+8
  51              	.L2:
  52 0014 97F82030 		ldrb	r3, [r7, #32]	@ zero_extendqisi2
  53 0018 022B     		cmp	r3, #2
  54 001a 01D0     		beq	.L3
  73:..\common\ud3core\tasks/tsk_sid.c ****             continue;
  55              		.loc 1 73 0
  56 001c 3220     		movs	r0, #50
  57 001e 24E0     		b	.L12
  58              	.L3:
  59              		.loc 1 78 0
  60 0020 164D     		ldr	r5, .L14+12
  61 0022 2268     		ldr	r2, [r4]
  62 0024 2B68     		ldr	r3, [r5]
  63 0026 9A42     		cmp	r2, r3
  64 0028 0ED9     		bls	.L6
  79:..\common\ud3core\tasks/tsk_sid.c ****             //yes => do so
  80:..\common\ud3core\tasks/tsk_sid.c ****             if(xQueueReceive(qSID, &currentFrame, 0)){
  65              		.loc 1 80 0
  66 002a 154E     		ldr	r6, .L14+16
  67 002c 154B     		ldr	r3, .L14+20
  68 002e 0022     		movs	r2, #0
  69 0030 3146     		mov	r1, r6
  70 0032 1868     		ldr	r0, [r3]
  71 0034 FFF7FEFF 		bl	xQueueReceive
  72              	.LVL3:
  73 0038 30B1     		cbz	r0, .L6
  81:..\common\ud3core\tasks/tsk_sid.c ****                 //when do we need to do this again next time?
  82:..\common\ud3core\tasks/tsk_sid.c ****                 last_frame=l_time;
  74              		.loc 1 82 0
  75 003a 2368     		ldr	r3, [r4]
  83:..\common\ud3core\tasks/tsk_sid.c ****                 next_frame = currentFrame.next_frame;
  84:..\common\ud3core\tasks/tsk_sid.c ****                 
  85:..\common\ud3core\tasks/tsk_sid.c ****                 //send the frame to the processor
  86:..\common\ud3core\tasks/tsk_sid.c ****                 SidProcessor_handleFrame(&currentFrame);
  76              		.loc 1 86 0
  77 003c 3046     		mov	r0, r6
  82:..\common\ud3core\tasks/tsk_sid.c ****                 next_frame = currentFrame.next_frame;
  78              		.loc 1 82 0
  79 003e 6B60     		str	r3, [r5, #4]
  83:..\common\ud3core\tasks/tsk_sid.c ****                 next_frame = currentFrame.next_frame;
ARM GAS  C:\Users\chemi\AppData\Local\Temp\ccuPxrJQ.s 			page 4


  80              		.loc 1 83 0
  81 0040 B36B     		ldr	r3, [r6, #56]
  82 0042 2B60     		str	r3, [r5]
  83              		.loc 1 86 0
  84 0044 FFF7FEFF 		bl	SidProcessor_handleFrame
  85              	.LVL4:
  86              	.L6:
  87:..\common\ud3core\tasks/tsk_sid.c ****             }
  88:..\common\ud3core\tasks/tsk_sid.c ****         }
  89:..\common\ud3core\tasks/tsk_sid.c ****         
  90:..\common\ud3core\tasks/tsk_sid.c ****         //did the last frame expire a long time ago without us getting a new one? If so kill the ou
  91:..\common\ud3core\tasks/tsk_sid.c ****         if((l_time - last_frame)>100){
  87              		.loc 1 91 0
  88 0048 D8F80030 		ldr	r3, [r8]
  89 004c 6968     		ldr	r1, [r5, #4]
  90 004e 0B4A     		ldr	r2, .L14+12
  91 0050 5B1A     		subs	r3, r3, r1
  92 0052 642B     		cmp	r3, #100
  93 0054 06D9     		bls	.L8
  92:..\common\ud3core\tasks/tsk_sid.c ****             next_frame = l_time;
  94              		.loc 1 92 0
  95 0056 2368     		ldr	r3, [r4]
  93:..\common\ud3core\tasks/tsk_sid.c ****             last_frame = l_time;
  94:..\common\ud3core\tasks/tsk_sid.c ****             SidProcessor_handleFrame(NULL);  
  96              		.loc 1 94 0
  97 0058 0020     		movs	r0, #0
  92:..\common\ud3core\tasks/tsk_sid.c ****             next_frame = l_time;
  98              		.loc 1 92 0
  99 005a 1360     		str	r3, [r2]
  93:..\common\ud3core\tasks/tsk_sid.c ****             last_frame = l_time;
 100              		.loc 1 93 0
 101 005c 2368     		ldr	r3, [r4]
 102 005e 5360     		str	r3, [r2, #4]
 103              		.loc 1 94 0
 104 0060 FFF7FEFF 		bl	SidProcessor_handleFrame
 105              	.LVL5:
 106              	.L8:
  95:..\common\ud3core\tasks/tsk_sid.c ****         }
  96:..\common\ud3core\tasks/tsk_sid.c ****         
  97:..\common\ud3core\tasks/tsk_sid.c ****         //also calculate ADSR
  98:..\common\ud3core\tasks/tsk_sid.c ****         SidProcessor_runADSR();
 107              		.loc 1 98 0
 108 0064 FFF7FEFF 		bl	SidProcessor_runADSR
 109              	.LVL6:
  99:..\common\ud3core\tasks/tsk_sid.c ****         
 100:..\common\ud3core\tasks/tsk_sid.c ****         vTaskDelay(pdMS_TO_TICKS(1));
 110              		.loc 1 100 0
 111 0068 0120     		movs	r0, #1
 112              	.L12:
 113 006a FFF7FEFF 		bl	vTaskDelay
 114              	.LVL7:
 115 006e D1E7     		b	.L2
 116              	.L15:
 117              		.align	2
 118              	.L14:
 119 0070 00000000 		.word	l_time
 120 0074 00000000 		.word	.LC0
ARM GAS  C:\Users\chemi\AppData\Local\Temp\ccuPxrJQ.s 			page 5


 121 0078 00000000 		.word	param
 122 007c 00000000 		.word	.LANCHOR0
 123 0080 00000000 		.word	.LANCHOR1
 124 0084 00000000 		.word	qSID
 125              		.cfi_endproc
 126              	.LFE68:
 127              		.size	tsk_sid_TaskProc, .-tsk_sid_TaskProc
 128              		.section	.text.tsk_sid_Start,"ax",%progbits
 129              		.align	1
 130              		.global	tsk_sid_Start
 131              		.thumb
 132              		.thumb_func
 133              		.type	tsk_sid_Start, %function
 134              	tsk_sid_Start:
 135              	.LFB69:
 101:..\common\ud3core\tasks/tsk_sid.c **** 	}
 102:..\common\ud3core\tasks/tsk_sid.c **** }
 103:..\common\ud3core\tasks/tsk_sid.c **** /* ------------------------------------------------------------------------ */
 104:..\common\ud3core\tasks/tsk_sid.c **** void tsk_sid_Start(void) {
 136              		.loc 1 104 0
 137              		.cfi_startproc
 138              		@ args = 0, pretend = 0, frame = 0
 139              		@ frame_needed = 0, uses_anonymous_args = 0
 140 0000 13B5     		push	{r0, r1, r4, lr}
 141              		.cfi_def_cfa_offset 16
 142              		.cfi_offset 4, -8
 143              		.cfi_offset 14, -4
 105:..\common\ud3core\tasks/tsk_sid.c **** 	/*
 106:..\common\ud3core\tasks/tsk_sid.c **** 	 * Insert task global memeory initialization here. Since the OS does not
 107:..\common\ud3core\tasks/tsk_sid.c **** 	 * initialize ANY global memory, execute the initialization here to make
 108:..\common\ud3core\tasks/tsk_sid.c **** 	 * sure that your task data is properly 
 109:..\common\ud3core\tasks/tsk_sid.c **** 	 */
 110:..\common\ud3core\tasks/tsk_sid.c **** 	/* `#START TASK_GLOBAL_INIT` */
 111:..\common\ud3core\tasks/tsk_sid.c **** 
 112:..\common\ud3core\tasks/tsk_sid.c **** 	/* `#END` */
 113:..\common\ud3core\tasks/tsk_sid.c **** 
 114:..\common\ud3core\tasks/tsk_sid.c **** 	if (tsk_sid_initVar != 1) {
 144              		.loc 1 114 0
 145 0002 0D4C     		ldr	r4, .L21
 146 0004 94F83C30 		ldrb	r3, [r4, #60]	@ zero_extendqisi2
 147 0008 012B     		cmp	r3, #1
 148 000a 13D0     		beq	.L16
 115:..\common\ud3core\tasks/tsk_sid.c **** 
 116:..\common\ud3core\tasks/tsk_sid.c ****         //create queue that stores all sid frames after they were received by the min task
 117:..\common\ud3core\tasks/tsk_sid.c ****         qSID = xQueueCreate(N_QUEUE_SID, sizeof(SIDFrame_t));
 149              		.loc 1 117 0
 150 000c 0022     		movs	r2, #0
 151 000e 3C21     		movs	r1, #60
 152 0010 4020     		movs	r0, #64
 153 0012 FFF7FEFF 		bl	xQueueGenericCreate
 154              	.LVL8:
 155 0016 094B     		ldr	r3, .L21+4
 118:..\common\ud3core\tasks/tsk_sid.c ****         /*
 119:..\common\ud3core\tasks/tsk_sid.c **** 	 	* Create the task and then leave. When FreeRTOS starts up the scheduler
 120:..\common\ud3core\tasks/tsk_sid.c **** 	 	* will call the task procedure and start execution of the task.
 121:..\common\ud3core\tasks/tsk_sid.c **** 	 	*/
 122:..\common\ud3core\tasks/tsk_sid.c **** 		xTaskCreate(tsk_sid_TaskProc, "SID-Svc", STACK_MIDI, NULL, PRIO_MIDI, &tsk_sid_TaskHandle);
ARM GAS  C:\Users\chemi\AppData\Local\Temp\ccuPxrJQ.s 			page 6


 156              		.loc 1 122 0
 157 0018 C822     		movs	r2, #200
 117:..\common\ud3core\tasks/tsk_sid.c ****         /*
 158              		.loc 1 117 0
 159 001a 1860     		str	r0, [r3]
 160              		.loc 1 122 0
 161 001c 084B     		ldr	r3, .L21+8
 162 001e 0949     		ldr	r1, .L21+12
 163 0020 0193     		str	r3, [sp, #4]
 164 0022 0223     		movs	r3, #2
 165 0024 0093     		str	r3, [sp]
 166 0026 0848     		ldr	r0, .L21+16
 167 0028 0023     		movs	r3, #0
 168 002a FFF7FEFF 		bl	xTaskCreate
 169              	.LVL9:
 123:..\common\ud3core\tasks/tsk_sid.c **** 		tsk_sid_initVar = 1;
 170              		.loc 1 123 0
 171 002e 0123     		movs	r3, #1
 172 0030 84F83C30 		strb	r3, [r4, #60]
 173              	.L16:
 124:..\common\ud3core\tasks/tsk_sid.c **** 	}
 125:..\common\ud3core\tasks/tsk_sid.c **** }
 174              		.loc 1 125 0
 175 0034 02B0     		add	sp, sp, #8
 176              		.cfi_def_cfa_offset 8
 177              		@ sp needed
 178 0036 10BD     		pop	{r4, pc}
 179              	.L22:
 180              		.align	2
 181              	.L21:
 182 0038 00000000 		.word	.LANCHOR1
 183 003c 00000000 		.word	qSID
 184 0040 00000000 		.word	tsk_sid_TaskHandle
 185 0044 12000000 		.word	.LC1
 186 0048 00000000 		.word	tsk_sid_TaskProc
 187              		.cfi_endproc
 188              	.LFE69:
 189              		.size	tsk_sid_Start, .-tsk_sid_Start
 190              		.global	last_frame
 191              		.global	next_frame
 192              		.comm	qSID,4,4
 193              		.comm	ramp,406,2
 194              		.comm	interrupter,12,4
 195              		.global	tsk_sid_initVar
 196              		.comm	tsk_sid_TaskHandle,4,4
 197              		.section	.rodata.str1.1,"aMS",%progbits,1
 198              	.LC0:
 199 0000 5441534B 		.ascii	"TASK: SID started\000"
 199      3A205349 
 199      44207374 
 199      61727465 
 199      6400
 200              	.LC1:
 201 0012 5349442D 		.ascii	"SID-Svc\000"
 201      53766300 
 202              		.data
 203              		.align	2
ARM GAS  C:\Users\chemi\AppData\Local\Temp\ccuPxrJQ.s 			page 7


 204              		.set	.LANCHOR0,. + 0
 205              		.type	next_frame, %object
 206              		.size	next_frame, 4
 207              	next_frame:
 208 0000 FFFFFFFF 		.word	-1
 209              		.type	last_frame, %object
 210              		.size	last_frame, 4
 211              	last_frame:
 212 0004 FFFFFFFF 		.word	-1
 213              		.bss
 214              		.align	2
 215              		.set	.LANCHOR1,. + 0
 216              		.type	currentFrame, %object
 217              		.size	currentFrame, 60
 218              	currentFrame:
 219 0000 00000000 		.space	60
 219      00000000 
 219      00000000 
 219      00000000 
 219      00000000 
 220              		.type	tsk_sid_initVar, %object
 221              		.size	tsk_sid_initVar, 1
 222              	tsk_sid_initVar:
 223 003c 00       		.space	1
 224              		.text
 225              	.Letext0:
 226              		.file 2 "c:\\program files (x86)\\cypress\\psoc creator\\4.4\\psoc creator\\import\\gnu\\arm\\5.4.
 227              		.file 3 "c:\\program files (x86)\\cypress\\psoc creator\\4.4\\psoc creator\\import\\gnu\\arm\\5.4.
 228              		.file 4 "Generated_Source\\PSoC5/cytypes.h"
 229              		.file 5 "..\\common\\rtos\\portable\\GCC\\ARM_CM3/portmacro.h"
 230              		.file 6 "..\\common\\rtos\\include/task.h"
 231              		.file 7 "..\\common\\rtos\\include/queue.h"
 232              		.file 8 "..\\common\\ud3core\\tasks\\tsk_sid.h"
 233              		.file 9 "..\\common\\rtos\\include/timers.h"
 234              		.file 10 "..\\common\\ud3core/cli_common.h"
 235              		.file 11 "..\\common\\ud3core/SignalGenerator.h"
 236              		.file 12 "..\\common\\ud3core/interrupter.h"
 237              		.file 13 "..\\common\\ud3core/qcw.h"
 238              		.file 14 "Generated_Source\\PSoC5/core_cm3.h"
 239              		.file 15 "..\\common\\ud3core/clock.h"
 240              		.file 16 "..\\common\\ud3core/alarmevent.h"
 241              		.file 17 "..\\common\\vms/SidProcessor.h"
 242              		.section	.debug_info,"",%progbits
 243              	.Ldebug_info0:
 244 0000 43060000 		.4byte	0x643
 245 0004 0400     		.2byte	0x4
 246 0006 00000000 		.4byte	.Ldebug_abbrev0
 247 000a 04       		.byte	0x4
 248 000b 01       		.uleb128 0x1
 249 000c C8000000 		.4byte	.LASF101
 250 0010 0C       		.byte	0xc
 251 0011 0D050000 		.4byte	.LASF102
 252 0015 6D050000 		.4byte	.LASF103
 253 0019 00000000 		.4byte	.Ldebug_ranges0+0
 254 001d 00000000 		.4byte	0
 255 0021 00000000 		.4byte	.Ldebug_line0
 256 0025 02       		.uleb128 0x2
ARM GAS  C:\Users\chemi\AppData\Local\Temp\ccuPxrJQ.s 			page 8


 257 0026 01       		.byte	0x1
 258 0027 06       		.byte	0x6
 259 0028 20030000 		.4byte	.LASF0
 260 002c 03       		.uleb128 0x3
 261 002d 69020000 		.4byte	.LASF3
 262 0031 02       		.byte	0x2
 263 0032 1D       		.byte	0x1d
 264 0033 37000000 		.4byte	0x37
 265 0037 02       		.uleb128 0x2
 266 0038 01       		.byte	0x1
 267 0039 08       		.byte	0x8
 268 003a CD020000 		.4byte	.LASF1
 269 003e 02       		.uleb128 0x2
 270 003f 02       		.byte	0x2
 271 0040 05       		.byte	0x5
 272 0041 5D000000 		.4byte	.LASF2
 273 0045 03       		.uleb128 0x3
 274 0046 7E010000 		.4byte	.LASF4
 275 004a 02       		.byte	0x2
 276 004b 2B       		.byte	0x2b
 277 004c 50000000 		.4byte	0x50
 278 0050 02       		.uleb128 0x2
 279 0051 02       		.byte	0x2
 280 0052 07       		.byte	0x7
 281 0053 D2030000 		.4byte	.LASF5
 282 0057 03       		.uleb128 0x3
 283 0058 EC040000 		.4byte	.LASF6
 284 005c 02       		.byte	0x2
 285 005d 3F       		.byte	0x3f
 286 005e 62000000 		.4byte	0x62
 287 0062 02       		.uleb128 0x2
 288 0063 04       		.byte	0x4
 289 0064 05       		.byte	0x5
 290 0065 2E020000 		.4byte	.LASF7
 291 0069 03       		.uleb128 0x3
 292 006a A8040000 		.4byte	.LASF8
 293 006e 02       		.byte	0x2
 294 006f 41       		.byte	0x41
 295 0070 74000000 		.4byte	0x74
 296 0074 02       		.uleb128 0x2
 297 0075 04       		.byte	0x4
 298 0076 07       		.byte	0x7
 299 0077 6E040000 		.4byte	.LASF9
 300 007b 02       		.uleb128 0x2
 301 007c 08       		.byte	0x8
 302 007d 05       		.byte	0x5
 303 007e AE000000 		.4byte	.LASF10
 304 0082 02       		.uleb128 0x2
 305 0083 08       		.byte	0x8
 306 0084 07       		.byte	0x7
 307 0085 8C000000 		.4byte	.LASF11
 308 0089 04       		.uleb128 0x4
 309 008a 04       		.byte	0x4
 310 008b 05       		.byte	0x5
 311 008c 696E7400 		.ascii	"int\000"
 312 0090 02       		.uleb128 0x2
 313 0091 04       		.byte	0x4
ARM GAS  C:\Users\chemi\AppData\Local\Temp\ccuPxrJQ.s 			page 9


 314 0092 07       		.byte	0x7
 315 0093 50030000 		.4byte	.LASF12
 316 0097 03       		.uleb128 0x3
 317 0098 C0010000 		.4byte	.LASF13
 318 009c 03       		.byte	0x3
 319 009d 18       		.byte	0x18
 320 009e 2C000000 		.4byte	0x2c
 321 00a2 03       		.uleb128 0x3
 322 00a3 74030000 		.4byte	.LASF14
 323 00a7 03       		.byte	0x3
 324 00a8 24       		.byte	0x24
 325 00a9 45000000 		.4byte	0x45
 326 00ad 03       		.uleb128 0x3
 327 00ae 0B040000 		.4byte	.LASF15
 328 00b2 03       		.byte	0x3
 329 00b3 2C       		.byte	0x2c
 330 00b4 57000000 		.4byte	0x57
 331 00b8 03       		.uleb128 0x3
 332 00b9 FF010000 		.4byte	.LASF16
 333 00bd 03       		.byte	0x3
 334 00be 30       		.byte	0x30
 335 00bf 69000000 		.4byte	0x69
 336 00c3 05       		.uleb128 0x5
 337 00c4 9D020000 		.4byte	.LASF17
 338 00c8 04       		.byte	0x4
 339 00c9 9201     		.2byte	0x192
 340 00cb 37000000 		.4byte	0x37
 341 00cf 02       		.uleb128 0x2
 342 00d0 04       		.byte	0x4
 343 00d1 04       		.byte	0x4
 344 00d2 08020000 		.4byte	.LASF18
 345 00d6 02       		.uleb128 0x2
 346 00d7 08       		.byte	0x8
 347 00d8 04       		.byte	0x4
 348 00d9 8C040000 		.4byte	.LASF19
 349 00dd 02       		.uleb128 0x2
 350 00de 01       		.byte	0x1
 351 00df 08       		.byte	0x8
 352 00e0 F8030000 		.4byte	.LASF20
 353 00e4 02       		.uleb128 0x2
 354 00e5 04       		.byte	0x4
 355 00e6 07       		.byte	0x7
 356 00e7 6C000000 		.4byte	.LASF21
 357 00eb 06       		.uleb128 0x6
 358 00ec 04       		.byte	0x4
 359 00ed 07       		.uleb128 0x7
 360 00ee B8000000 		.4byte	0xb8
 361 00f2 03       		.uleb128 0x3
 362 00f3 92020000 		.4byte	.LASF22
 363 00f7 05       		.byte	0x5
 364 00f8 3F       		.byte	0x3f
 365 00f9 B8000000 		.4byte	0xb8
 366 00fd 03       		.uleb128 0x3
 367 00fe 7F000000 		.4byte	.LASF23
 368 0102 06       		.byte	0x6
 369 0103 4E       		.byte	0x4e
 370 0104 08010000 		.4byte	0x108
ARM GAS  C:\Users\chemi\AppData\Local\Temp\ccuPxrJQ.s 			page 10


 371 0108 08       		.uleb128 0x8
 372 0109 04       		.byte	0x4
 373 010a 0E010000 		.4byte	0x10e
 374 010e 09       		.uleb128 0x9
 375 010f 55020000 		.4byte	.LASF25
 376 0113 03       		.uleb128 0x3
 377 0114 73020000 		.4byte	.LASF24
 378 0118 07       		.byte	0x7
 379 0119 31       		.byte	0x31
 380 011a 1E010000 		.4byte	0x11e
 381 011e 08       		.uleb128 0x8
 382 011f 04       		.byte	0x4
 383 0120 24010000 		.4byte	0x124
 384 0124 09       		.uleb128 0x9
 385 0125 B7030000 		.4byte	.LASF26
 386 0129 0A       		.uleb128 0xa
 387 012a 54050000 		.4byte	.LASF61
 388 012e 01       		.byte	0x1
 389 012f 37000000 		.4byte	0x37
 390 0133 0B       		.byte	0xb
 391 0134 22       		.byte	0x22
 392 0135 5E010000 		.4byte	0x15e
 393 0139 0B       		.uleb128 0xb
 394 013a 75000000 		.4byte	.LASF27
 395 013e 00       		.byte	0
 396 013f 0B       		.uleb128 0xb
 397 0140 37020000 		.4byte	.LASF28
 398 0144 01       		.byte	0x1
 399 0145 0B       		.uleb128 0xb
 400 0146 92050000 		.4byte	.LASF29
 401 014a 02       		.byte	0x2
 402 014b 0B       		.uleb128 0xb
 403 014c 0E020000 		.4byte	.LASF30
 404 0150 03       		.byte	0x3
 405 0151 0B       		.uleb128 0xb
 406 0152 F6040000 		.4byte	.LASF31
 407 0156 04       		.byte	0x4
 408 0157 0B       		.uleb128 0xb
 409 0158 FD030000 		.4byte	.LASF32
 410 015c 05       		.byte	0x5
 411 015d 00       		.byte	0
 412 015e 07       		.uleb128 0x7
 413 015f AD000000 		.4byte	0xad
 414 0163 0C       		.uleb128 0xc
 415 0164 3C       		.byte	0x3c
 416 0165 08       		.byte	0x8
 417 0166 43       		.byte	0x43
 418 0167 CC010000 		.4byte	0x1cc
 419 016b 0D       		.uleb128 0xd
 420 016c 8C020000 		.4byte	.LASF33
 421 0170 08       		.byte	0x8
 422 0171 44       		.byte	0x44
 423 0172 CC010000 		.4byte	0x1cc
 424 0176 00       		.byte	0
 425 0177 0D       		.uleb128 0xd
 426 0178 00000000 		.4byte	.LASF34
 427 017c 08       		.byte	0x8
ARM GAS  C:\Users\chemi\AppData\Local\Temp\ccuPxrJQ.s 			page 11


 428 017d 46       		.byte	0x46
 429 017e CC010000 		.4byte	0x1cc
 430 0182 06       		.byte	0x6
 431 0183 0D       		.uleb128 0xd
 432 0184 A2010000 		.4byte	.LASF35
 433 0188 08       		.byte	0x8
 434 0189 47       		.byte	0x47
 435 018a CC010000 		.4byte	0x1cc
 436 018e 0C       		.byte	0xc
 437 018f 0D       		.uleb128 0xd
 438 0190 66040000 		.4byte	.LASF36
 439 0194 08       		.byte	0x8
 440 0195 48       		.byte	0x48
 441 0196 CC010000 		.4byte	0x1cc
 442 019a 12       		.byte	0x12
 443 019b 0D       		.uleb128 0xd
 444 019c 05050000 		.4byte	.LASF37
 445 01a0 08       		.byte	0x8
 446 01a1 49       		.byte	0x49
 447 01a2 CC010000 		.4byte	0x1cc
 448 01a6 18       		.byte	0x18
 449 01a7 0D       		.uleb128 0xd
 450 01a8 BF020000 		.4byte	.LASF38
 451 01ac 08       		.byte	0x8
 452 01ad 4B       		.byte	0x4b
 453 01ae DC010000 		.4byte	0x1dc
 454 01b2 20       		.byte	0x20
 455 01b3 0D       		.uleb128 0xd
 456 01b4 9C050000 		.4byte	.LASF39
 457 01b8 08       		.byte	0x8
 458 01b9 4C       		.byte	0x4c
 459 01ba DC010000 		.4byte	0x1dc
 460 01be 2C       		.byte	0x2c
 461 01bf 0D       		.uleb128 0xd
 462 01c0 A3000000 		.4byte	.LASF40
 463 01c4 08       		.byte	0x8
 464 01c5 51       		.byte	0x51
 465 01c6 B8000000 		.4byte	0xb8
 466 01ca 38       		.byte	0x38
 467 01cb 00       		.byte	0
 468 01cc 0E       		.uleb128 0xe
 469 01cd A2000000 		.4byte	0xa2
 470 01d1 DC010000 		.4byte	0x1dc
 471 01d5 0F       		.uleb128 0xf
 472 01d6 E4000000 		.4byte	0xe4
 473 01da 02       		.byte	0x2
 474 01db 00       		.byte	0
 475 01dc 0E       		.uleb128 0xe
 476 01dd B8000000 		.4byte	0xb8
 477 01e1 EC010000 		.4byte	0x1ec
 478 01e5 0F       		.uleb128 0xf
 479 01e6 E4000000 		.4byte	0xe4
 480 01ea 02       		.byte	0x2
 481 01eb 00       		.byte	0
 482 01ec 03       		.uleb128 0x3
 483 01ed 44040000 		.4byte	.LASF41
 484 01f1 08       		.byte	0x8
ARM GAS  C:\Users\chemi\AppData\Local\Temp\ccuPxrJQ.s 			page 12


 485 01f2 52       		.byte	0x52
 486 01f3 63010000 		.4byte	0x163
 487 01f7 03       		.uleb128 0x3
 488 01f8 4F000000 		.4byte	.LASF42
 489 01fc 09       		.byte	0x9
 490 01fd 4E       		.byte	0x4e
 491 01fe 02020000 		.4byte	0x202
 492 0202 08       		.uleb128 0x8
 493 0203 04       		.byte	0x4
 494 0204 08020000 		.4byte	0x208
 495 0208 09       		.uleb128 0x9
 496 0209 DC040000 		.4byte	.LASF43
 497 020d 10       		.uleb128 0x10
 498 020e CB040000 		.4byte	.LASF104
 499 0212 24       		.byte	0x24
 500 0213 0A       		.byte	0xa
 501 0214 8A       		.byte	0x8a
 502 0215 FD020000 		.4byte	0x2fd
 503 0219 11       		.uleb128 0x11
 504 021a 707700   		.ascii	"pw\000"
 505 021d 0A       		.byte	0xa
 506 021e 8B       		.byte	0x8b
 507 021f A2000000 		.4byte	0xa2
 508 0223 00       		.byte	0
 509 0224 11       		.uleb128 0x11
 510 0225 70776400 		.ascii	"pwd\000"
 511 0229 0A       		.byte	0xa
 512 022a 8C       		.byte	0x8c
 513 022b A2000000 		.4byte	0xa2
 514 022f 02       		.byte	0x2
 515 0230 11       		.uleb128 0x11
 516 0231 766F6C00 		.ascii	"vol\000"
 517 0235 0A       		.byte	0xa
 518 0236 8D       		.byte	0x8d
 519 0237 A2000000 		.4byte	0xa2
 520 023b 04       		.byte	0x4
 521 023c 0D       		.uleb128 0xd
 522 023d 2C030000 		.4byte	.LASF44
 523 0241 0A       		.byte	0xa
 524 0242 8E       		.byte	0x8e
 525 0243 A2000000 		.4byte	0xa2
 526 0247 06       		.byte	0x6
 527 0248 0D       		.uleb128 0xd
 528 0249 45050000 		.4byte	.LASF45
 529 024d 0A       		.byte	0xa
 530 024e 8F       		.byte	0x8f
 531 024f A2000000 		.4byte	0xa2
 532 0253 08       		.byte	0x8
 533 0254 0D       		.uleb128 0xd
 534 0255 93040000 		.4byte	.LASF46
 535 0259 0A       		.byte	0xa
 536 025a 90       		.byte	0x90
 537 025b A2000000 		.4byte	0xa2
 538 025f 0A       		.byte	0xa
 539 0260 0D       		.uleb128 0xd
 540 0261 C7030000 		.4byte	.LASF47
 541 0265 0A       		.byte	0xa
ARM GAS  C:\Users\chemi\AppData\Local\Temp\ccuPxrJQ.s 			page 13


 542 0266 91       		.byte	0x91
 543 0267 A2000000 		.4byte	0xa2
 544 026b 0C       		.byte	0xc
 545 026c 0D       		.uleb128 0xd
 546 026d B8010000 		.4byte	.LASF48
 547 0271 0A       		.byte	0xa
 548 0272 92       		.byte	0x92
 549 0273 A2000000 		.4byte	0xa2
 550 0277 0E       		.byte	0xe
 551 0278 0D       		.uleb128 0xd
 552 0279 40000000 		.4byte	.LASF49
 553 027d 0A       		.byte	0xa
 554 027e 93       		.byte	0x93
 555 027f A2000000 		.4byte	0xa2
 556 0283 10       		.byte	0x10
 557 0284 0D       		.uleb128 0xd
 558 0285 BC000000 		.4byte	.LASF50
 559 0289 0A       		.byte	0xa
 560 028a 94       		.byte	0x94
 561 028b 97000000 		.4byte	0x97
 562 028f 12       		.byte	0x12
 563 0290 0D       		.uleb128 0xd
 564 0291 1F040000 		.4byte	.LASF51
 565 0295 0A       		.byte	0xa
 566 0296 95       		.byte	0x95
 567 0297 97000000 		.4byte	0x97
 568 029b 13       		.byte	0x13
 569 029c 0D       		.uleb128 0xd
 570 029d DA010000 		.4byte	.LASF52
 571 02a1 0A       		.byte	0xa
 572 02a2 96       		.byte	0x96
 573 02a3 97000000 		.4byte	0x97
 574 02a7 14       		.byte	0x14
 575 02a8 0D       		.uleb128 0xd
 576 02a9 81020000 		.4byte	.LASF53
 577 02ad 0A       		.byte	0xa
 578 02ae 97       		.byte	0x97
 579 02af A2000000 		.4byte	0xa2
 580 02b3 16       		.byte	0x16
 581 02b4 0D       		.uleb128 0xd
 582 02b5 3C050000 		.4byte	.LASF54
 583 02b9 0A       		.byte	0xa
 584 02ba 98       		.byte	0x98
 585 02bb A2000000 		.4byte	0xa2
 586 02bf 18       		.byte	0x18
 587 02c0 0D       		.uleb128 0xd
 588 02c1 5A050000 		.4byte	.LASF55
 589 02c5 0A       		.byte	0xa
 590 02c6 99       		.byte	0x99
 591 02c7 97000000 		.4byte	0x97
 592 02cb 1A       		.byte	0x1a
 593 02cc 0D       		.uleb128 0xd
 594 02cd 05030000 		.4byte	.LASF56
 595 02d1 0A       		.byte	0xa
 596 02d2 9A       		.byte	0x9a
 597 02d3 A2000000 		.4byte	0xa2
 598 02d7 1C       		.byte	0x1c
ARM GAS  C:\Users\chemi\AppData\Local\Temp\ccuPxrJQ.s 			page 14


 599 02d8 0D       		.uleb128 0xd
 600 02d9 5C040000 		.4byte	.LASF57
 601 02dd 0A       		.byte	0xa
 602 02de 9B       		.byte	0x9b
 603 02df A2000000 		.4byte	0xa2
 604 02e3 1E       		.byte	0x1e
 605 02e4 0D       		.uleb128 0xd
 606 02e5 4E050000 		.4byte	.LASF58
 607 02e9 0A       		.byte	0xa
 608 02ea 9C       		.byte	0x9c
 609 02eb 97000000 		.4byte	0x97
 610 02ef 20       		.byte	0x20
 611 02f0 0D       		.uleb128 0xd
 612 02f1 E6020000 		.4byte	.LASF59
 613 02f5 0A       		.byte	0xa
 614 02f6 9D       		.byte	0x9d
 615 02f7 A2000000 		.4byte	0xa2
 616 02fb 22       		.byte	0x22
 617 02fc 00       		.byte	0
 618 02fd 03       		.uleb128 0x3
 619 02fe 36040000 		.4byte	.LASF60
 620 0302 0A       		.byte	0xa
 621 0303 9F       		.byte	0x9f
 622 0304 0D020000 		.4byte	0x20d
 623 0308 0A       		.uleb128 0xa
 624 0309 89010000 		.4byte	.LASF62
 625 030d 01       		.byte	0x1
 626 030e 37000000 		.4byte	0x37
 627 0312 0C       		.byte	0xc
 628 0313 38       		.byte	0x38
 629 0314 25030000 		.4byte	0x325
 630 0318 0B       		.uleb128 0xb
 631 0319 13040000 		.4byte	.LASF63
 632 031d 00       		.byte	0
 633 031e 0B       		.uleb128 0xb
 634 031f A7050000 		.4byte	.LASF64
 635 0323 01       		.byte	0x1
 636 0324 00       		.byte	0
 637 0325 0A       		.uleb128 0xa
 638 0326 E2010000 		.4byte	.LASF65
 639 032a 01       		.byte	0x1
 640 032b 37000000 		.4byte	0x37
 641 032f 0C       		.byte	0xc
 642 0330 3D       		.byte	0x3d
 643 0331 48030000 		.4byte	0x348
 644 0335 0B       		.uleb128 0xb
 645 0336 37030000 		.4byte	.LASF66
 646 033a 00       		.byte	0
 647 033b 0B       		.uleb128 0xb
 648 033c 33000000 		.4byte	.LASF67
 649 0340 01       		.byte	0x1
 650 0341 0B       		.uleb128 0xb
 651 0342 0E030000 		.4byte	.LASF68
 652 0346 02       		.byte	0x2
 653 0347 00       		.byte	0
 654 0348 0A       		.uleb128 0xa
 655 0349 C8010000 		.4byte	.LASF69
ARM GAS  C:\Users\chemi\AppData\Local\Temp\ccuPxrJQ.s 			page 15


 656 034d 01       		.byte	0x1
 657 034e 37000000 		.4byte	0x37
 658 0352 0C       		.byte	0xc
 659 0353 43       		.byte	0x43
 660 0354 65030000 		.4byte	0x365
 661 0358 0B       		.uleb128 0xb
 662 0359 99010000 		.4byte	.LASF70
 663 035d 00       		.byte	0
 664 035e 0B       		.uleb128 0xb
 665 035f 07000000 		.4byte	.LASF71
 666 0363 01       		.byte	0x1
 667 0364 00       		.byte	0
 668 0365 0A       		.uleb128 0xa
 669 0366 5D030000 		.4byte	.LASF72
 670 036a 01       		.byte	0x1
 671 036b 37000000 		.4byte	0x37
 672 036f 0C       		.byte	0xc
 673 0370 49       		.byte	0x49
 674 0371 82030000 		.4byte	0x382
 675 0375 0B       		.uleb128 0xb
 676 0376 80040000 		.4byte	.LASF73
 677 037a 00       		.byte	0
 678 037b 0B       		.uleb128 0xb
 679 037c 21000000 		.4byte	.LASF74
 680 0380 01       		.byte	0x1
 681 0381 00       		.byte	0
 682 0382 0C       		.uleb128 0xc
 683 0383 0C       		.byte	0xc
 684 0384 0C       		.byte	0xc
 685 0385 4E       		.byte	0x4e
 686 0386 DE030000 		.4byte	0x3de
 687 038a 11       		.uleb128 0x11
 688 038b 707700   		.ascii	"pw\000"
 689 038e 0C       		.byte	0xc
 690 038f 50       		.byte	0x50
 691 0390 A2000000 		.4byte	0xa2
 692 0394 00       		.byte	0
 693 0395 11       		.uleb128 0x11
 694 0396 70726400 		.ascii	"prd\000"
 695 039a 0C       		.byte	0xc
 696 039b 51       		.byte	0x51
 697 039c A2000000 		.4byte	0xa2
 698 03a0 02       		.byte	0x2
 699 03a1 0D       		.uleb128 0xd
 700 03a2 61010000 		.4byte	.LASF75
 701 03a6 0C       		.byte	0xc
 702 03a7 52       		.byte	0x52
 703 03a8 25030000 		.4byte	0x325
 704 03ac 04       		.byte	0x4
 705 03ad 0D       		.uleb128 0xd
 706 03ae F3010000 		.4byte	.LASF76
 707 03b2 0C       		.byte	0xc
 708 03b3 53       		.byte	0x53
 709 03b4 48030000 		.4byte	0x348
 710 03b8 05       		.byte	0x5
 711 03b9 11       		.uleb128 0x11
 712 03ba 6D6F6400 		.ascii	"mod\000"
ARM GAS  C:\Users\chemi\AppData\Local\Temp\ccuPxrJQ.s 			page 16


 713 03be 0C       		.byte	0xc
 714 03bf 54       		.byte	0x54
 715 03c0 65030000 		.4byte	0x365
 716 03c4 06       		.byte	0x6
 717 03c5 0D       		.uleb128 0xd
 718 03c6 25020000 		.4byte	.LASF77
 719 03ca 0C       		.byte	0xc
 720 03cb 55       		.byte	0x55
 721 03cc 08030000 		.4byte	0x308
 722 03d0 07       		.byte	0x7
 723 03d1 0D       		.uleb128 0xd
 724 03d2 2F050000 		.4byte	.LASF78
 725 03d6 0C       		.byte	0xc
 726 03d7 56       		.byte	0x56
 727 03d8 F7010000 		.4byte	0x1f7
 728 03dc 08       		.byte	0x8
 729 03dd 00       		.byte	0
 730 03de 03       		.uleb128 0x3
 731 03df E5030000 		.4byte	.LASF79
 732 03e3 0C       		.byte	0xc
 733 03e4 57       		.byte	0x57
 734 03e5 82030000 		.4byte	0x382
 735 03e9 12       		.uleb128 0x12
 736 03ea 9601     		.2byte	0x196
 737 03ec 0D       		.byte	0xd
 738 03ed 22       		.byte	0x22
 739 03ee 23040000 		.4byte	0x423
 740 03f2 0D       		.uleb128 0xd
 741 03f3 B7020000 		.4byte	.LASF80
 742 03f7 0D       		.byte	0xd
 743 03f8 24       		.byte	0x24
 744 03f9 97000000 		.4byte	0x97
 745 03fd 00       		.byte	0
 746 03fe 0D       		.uleb128 0xd
 747 03ff 49000000 		.4byte	.LASF81
 748 0403 0D       		.byte	0xd
 749 0404 25       		.byte	0x25
 750 0405 A2000000 		.4byte	0xa2
 751 0409 02       		.byte	0x2
 752 040a 0D       		.uleb128 0xd
 753 040b 16000000 		.4byte	.LASF82
 754 040f 0D       		.byte	0xd
 755 0410 26       		.byte	0x26
 756 0411 A2000000 		.4byte	0xa2
 757 0415 04       		.byte	0x4
 758 0416 0D       		.uleb128 0xd
 759 0417 2E000000 		.4byte	.LASF83
 760 041b 0D       		.byte	0xd
 761 041c 27       		.byte	0x27
 762 041d 23040000 		.4byte	0x423
 763 0421 06       		.byte	0x6
 764 0422 00       		.byte	0
 765 0423 0E       		.uleb128 0xe
 766 0424 97000000 		.4byte	0x97
 767 0428 34040000 		.4byte	0x434
 768 042c 13       		.uleb128 0x13
 769 042d E4000000 		.4byte	0xe4
ARM GAS  C:\Users\chemi\AppData\Local\Temp\ccuPxrJQ.s 			page 17


 770 0431 8F01     		.2byte	0x18f
 771 0433 00       		.byte	0
 772 0434 03       		.uleb128 0x3
 773 0435 66010000 		.4byte	.LASF84
 774 0439 0D       		.byte	0xd
 775 043a 28       		.byte	0x28
 776 043b E9030000 		.4byte	0x3e9
 777 043f 14       		.uleb128 0x14
 778 0440 BA040000 		.4byte	.LASF105
 779 0444 01       		.byte	0x1
 780 0445 43       		.byte	0x43
 781 0446 00000000 		.4byte	.LFB68
 782 044a 88000000 		.4byte	.LFE68-.LFB68
 783 044e 01       		.uleb128 0x1
 784 044f 9C       		.byte	0x9c
 785 0450 DA040000 		.4byte	0x4da
 786 0454 15       		.uleb128 0x15
 787 0455 8B030000 		.4byte	.LASF106
 788 0459 01       		.byte	0x1
 789 045a 43       		.byte	0x43
 790 045b EB000000 		.4byte	0xeb
 791 045f 00000000 		.4byte	.LLST0
 792 0463 16       		.uleb128 0x16
 793 0464 10000000 		.4byte	.LVL2
 794 0468 F5050000 		.4byte	0x5f5
 795 046c 87040000 		.4byte	0x487
 796 0470 17       		.uleb128 0x17
 797 0471 01       		.uleb128 0x1
 798 0472 50       		.byte	0x50
 799 0473 01       		.uleb128 0x1
 800 0474 30       		.byte	0x30
 801 0475 17       		.uleb128 0x17
 802 0476 01       		.uleb128 0x1
 803 0477 51       		.byte	0x51
 804 0478 05       		.uleb128 0x5
 805 0479 03       		.byte	0x3
 806 047a 00000000 		.4byte	.LC0
 807 047e 17       		.uleb128 0x17
 808 047f 01       		.uleb128 0x1
 809 0480 52       		.byte	0x52
 810 0481 04       		.uleb128 0x4
 811 0482 40       		.byte	0x40
 812 0483 4B       		.byte	0x4b
 813 0484 24       		.byte	0x24
 814 0485 1F       		.byte	0x1f
 815 0486 00       		.byte	0
 816 0487 16       		.uleb128 0x16
 817 0488 38000000 		.4byte	.LVL3
 818 048c 00060000 		.4byte	0x600
 819 0490 A0040000 		.4byte	0x4a0
 820 0494 17       		.uleb128 0x17
 821 0495 01       		.uleb128 0x1
 822 0496 51       		.byte	0x51
 823 0497 02       		.uleb128 0x2
 824 0498 76       		.byte	0x76
 825 0499 00       		.sleb128 0
 826 049a 17       		.uleb128 0x17
ARM GAS  C:\Users\chemi\AppData\Local\Temp\ccuPxrJQ.s 			page 18


 827 049b 01       		.uleb128 0x1
 828 049c 52       		.byte	0x52
 829 049d 01       		.uleb128 0x1
 830 049e 30       		.byte	0x30
 831 049f 00       		.byte	0
 832 04a0 16       		.uleb128 0x16
 833 04a1 48000000 		.4byte	.LVL4
 834 04a5 0C060000 		.4byte	0x60c
 835 04a9 B4040000 		.4byte	0x4b4
 836 04ad 17       		.uleb128 0x17
 837 04ae 01       		.uleb128 0x1
 838 04af 50       		.byte	0x50
 839 04b0 02       		.uleb128 0x2
 840 04b1 76       		.byte	0x76
 841 04b2 00       		.sleb128 0
 842 04b3 00       		.byte	0
 843 04b4 16       		.uleb128 0x16
 844 04b5 64000000 		.4byte	.LVL5
 845 04b9 0C060000 		.4byte	0x60c
 846 04bd C7040000 		.4byte	0x4c7
 847 04c1 17       		.uleb128 0x17
 848 04c2 01       		.uleb128 0x1
 849 04c3 50       		.byte	0x50
 850 04c4 01       		.uleb128 0x1
 851 04c5 30       		.byte	0x30
 852 04c6 00       		.byte	0
 853 04c7 18       		.uleb128 0x18
 854 04c8 68000000 		.4byte	.LVL6
 855 04cc 17060000 		.4byte	0x617
 856 04d0 18       		.uleb128 0x18
 857 04d1 6E000000 		.4byte	.LVL7
 858 04d5 22060000 		.4byte	0x622
 859 04d9 00       		.byte	0
 860 04da 19       		.uleb128 0x19
 861 04db 7D030000 		.4byte	.LASF107
 862 04df 01       		.byte	0x1
 863 04e0 68       		.byte	0x68
 864 04e1 00000000 		.4byte	.LFB69
 865 04e5 4C000000 		.4byte	.LFE69-.LFB69
 866 04e9 01       		.uleb128 0x1
 867 04ea 9C       		.byte	0x9c
 868 04eb 46050000 		.4byte	0x546
 869 04ef 16       		.uleb128 0x16
 870 04f0 16000000 		.4byte	.LVL8
 871 04f4 2E060000 		.4byte	0x62e
 872 04f8 0E050000 		.4byte	0x50e
 873 04fc 17       		.uleb128 0x17
 874 04fd 01       		.uleb128 0x1
 875 04fe 50       		.byte	0x50
 876 04ff 02       		.uleb128 0x2
 877 0500 08       		.byte	0x8
 878 0501 40       		.byte	0x40
 879 0502 17       		.uleb128 0x17
 880 0503 01       		.uleb128 0x1
 881 0504 51       		.byte	0x51
 882 0505 02       		.uleb128 0x2
 883 0506 08       		.byte	0x8
ARM GAS  C:\Users\chemi\AppData\Local\Temp\ccuPxrJQ.s 			page 19


 884 0507 3C       		.byte	0x3c
 885 0508 17       		.uleb128 0x17
 886 0509 01       		.uleb128 0x1
 887 050a 52       		.byte	0x52
 888 050b 01       		.uleb128 0x1
 889 050c 30       		.byte	0x30
 890 050d 00       		.byte	0
 891 050e 1A       		.uleb128 0x1a
 892 050f 2E000000 		.4byte	.LVL9
 893 0513 3A060000 		.4byte	0x63a
 894 0517 17       		.uleb128 0x17
 895 0518 01       		.uleb128 0x1
 896 0519 50       		.byte	0x50
 897 051a 05       		.uleb128 0x5
 898 051b 03       		.byte	0x3
 899 051c 00000000 		.4byte	tsk_sid_TaskProc
 900 0520 17       		.uleb128 0x17
 901 0521 01       		.uleb128 0x1
 902 0522 51       		.byte	0x51
 903 0523 05       		.uleb128 0x5
 904 0524 03       		.byte	0x3
 905 0525 12000000 		.4byte	.LC1
 906 0529 17       		.uleb128 0x17
 907 052a 01       		.uleb128 0x1
 908 052b 52       		.byte	0x52
 909 052c 02       		.uleb128 0x2
 910 052d 08       		.byte	0x8
 911 052e C8       		.byte	0xc8
 912 052f 17       		.uleb128 0x17
 913 0530 01       		.uleb128 0x1
 914 0531 53       		.byte	0x53
 915 0532 01       		.uleb128 0x1
 916 0533 30       		.byte	0x30
 917 0534 17       		.uleb128 0x17
 918 0535 02       		.uleb128 0x2
 919 0536 7D       		.byte	0x7d
 920 0537 00       		.sleb128 0
 921 0538 01       		.uleb128 0x1
 922 0539 32       		.byte	0x32
 923 053a 17       		.uleb128 0x17
 924 053b 02       		.uleb128 0x2
 925 053c 7D       		.byte	0x7d
 926 053d 04       		.sleb128 4
 927 053e 05       		.uleb128 0x5
 928 053f 03       		.byte	0x3
 929 0540 00000000 		.4byte	tsk_sid_TaskHandle
 930 0544 00       		.byte	0
 931 0545 00       		.byte	0
 932 0546 1B       		.uleb128 0x1b
 933 0547 4F040000 		.4byte	.LASF108
 934 054b 01       		.byte	0x1
 935 054c 41       		.byte	0x41
 936 054d EC010000 		.4byte	0x1ec
 937 0551 05       		.uleb128 0x5
 938 0552 03       		.byte	0x3
 939 0553 00000000 		.4byte	currentFrame
 940 0557 1C       		.uleb128 0x1c
ARM GAS  C:\Users\chemi\AppData\Local\Temp\ccuPxrJQ.s 			page 20


 941 0558 9B040000 		.4byte	.LASF85
 942 055c 0E       		.byte	0xe
 943 055d 1207     		.2byte	0x712
 944 055f 5E010000 		.4byte	0x15e
 945 0563 1D       		.uleb128 0x1d
 946 0564 67000000 		.4byte	.LASF86
 947 0568 01       		.byte	0x1
 948 0569 3C       		.byte	0x3c
 949 056a 13010000 		.4byte	0x113
 950 056e 05       		.uleb128 0x5
 951 056f 03       		.byte	0x3
 952 0570 00000000 		.4byte	qSID
 953 0574 1E       		.uleb128 0x1e
 954 0575 B3040000 		.4byte	.LASF87
 955 0579 0F       		.byte	0xf
 956 057a 1E       		.byte	0x1e
 957 057b ED000000 		.4byte	0xed
 958 057f 1D       		.uleb128 0x1d
 959 0580 42020000 		.4byte	.LASF88
 960 0584 01       		.byte	0x1
 961 0585 24       		.byte	0x24
 962 0586 FD000000 		.4byte	0xfd
 963 058a 05       		.uleb128 0x5
 964 058b 03       		.byte	0x3
 965 058c 00000000 		.4byte	tsk_sid_TaskHandle
 966 0590 1D       		.uleb128 0x1d
 967 0591 A8010000 		.4byte	.LASF89
 968 0595 01       		.byte	0x1
 969 0596 25       		.byte	0x25
 970 0597 C3000000 		.4byte	0xc3
 971 059b 05       		.uleb128 0x5
 972 059c 03       		.byte	0x3
 973 059d 00000000 		.4byte	tsk_sid_initVar
 974 05a1 1E       		.uleb128 0x1e
 975 05a2 B1030000 		.4byte	.LASF90
 976 05a6 0A       		.byte	0xa
 977 05a7 A2       		.byte	0xa2
 978 05a8 FD020000 		.4byte	0x2fd
 979 05ac 1D       		.uleb128 0x1d
 980 05ad 72010000 		.4byte	.LASF91
 981 05b1 0C       		.byte	0xc
 982 05b2 59       		.byte	0x59
 983 05b3 DE030000 		.4byte	0x3de
 984 05b7 05       		.uleb128 0x5
 985 05b8 03       		.byte	0x3
 986 05b9 00000000 		.4byte	interrupter
 987 05bd 1D       		.uleb128 0x1d
 988 05be 11000000 		.4byte	.LASF92
 989 05c2 0D       		.byte	0xd
 990 05c3 2A       		.byte	0x2a
 991 05c4 CE050000 		.4byte	0x5ce
 992 05c8 05       		.uleb128 0x5
 993 05c9 03       		.byte	0x3
 994 05ca 00000000 		.4byte	ramp
 995 05ce 07       		.uleb128 0x7
 996 05cf 34040000 		.4byte	0x434
 997 05d3 1D       		.uleb128 0x1d
ARM GAS  C:\Users\chemi\AppData\Local\Temp\ccuPxrJQ.s 			page 21


 998 05d4 A3000000 		.4byte	.LASF40
 999 05d8 01       		.byte	0x1
 1000 05d9 3E       		.byte	0x3e
 1001 05da ED000000 		.4byte	0xed
 1002 05de 05       		.uleb128 0x5
 1003 05df 03       		.byte	0x3
 1004 05e0 00000000 		.4byte	next_frame
 1005 05e4 1D       		.uleb128 0x1d
 1006 05e5 DB020000 		.4byte	.LASF93
 1007 05e9 01       		.byte	0x1
 1008 05ea 3F       		.byte	0x3f
 1009 05eb B8000000 		.4byte	0xb8
 1010 05ef 05       		.uleb128 0x5
 1011 05f0 03       		.byte	0x3
 1012 05f1 00000000 		.4byte	last_frame
 1013 05f5 1F       		.uleb128 0x1f
 1014 05f6 62050000 		.4byte	.LASF94
 1015 05fa 62050000 		.4byte	.LASF94
 1016 05fe 10       		.byte	0x10
 1017 05ff 2C       		.byte	0x2c
 1018 0600 20       		.uleb128 0x20
 1019 0601 17020000 		.4byte	.LASF95
 1020 0605 17020000 		.4byte	.LASF95
 1021 0609 07       		.byte	0x7
 1022 060a 7303     		.2byte	0x373
 1023 060c 1F       		.uleb128 0x1f
 1024 060d 98030000 		.4byte	.LASF96
 1025 0611 98030000 		.4byte	.LASF96
 1026 0615 11       		.byte	0x11
 1027 0616 0C       		.byte	0xc
 1028 0617 1F       		.uleb128 0x1f
 1029 0618 F0020000 		.4byte	.LASF97
 1030 061c F0020000 		.4byte	.LASF97
 1031 0620 11       		.byte	0x11
 1032 0621 09       		.byte	0x9
 1033 0622 20       		.uleb128 0x20
 1034 0623 45030000 		.4byte	.LASF98
 1035 0627 45030000 		.4byte	.LASF98
 1036 062b 06       		.byte	0x6
 1037 062c 0C03     		.2byte	0x30c
 1038 062e 20       		.uleb128 0x20
 1039 062f A3020000 		.4byte	.LASF99
 1040 0633 A3020000 		.4byte	.LASF99
 1041 0637 07       		.byte	0x7
 1042 0638 0806     		.2byte	0x608
 1043 063a 20       		.uleb128 0x20
 1044 063b 2A040000 		.4byte	.LASF100
 1045 063f 2A040000 		.4byte	.LASF100
 1046 0643 06       		.byte	0x6
 1047 0644 5501     		.2byte	0x155
 1048 0646 00       		.byte	0
 1049              		.section	.debug_abbrev,"",%progbits
 1050              	.Ldebug_abbrev0:
 1051 0000 01       		.uleb128 0x1
 1052 0001 11       		.uleb128 0x11
 1053 0002 01       		.byte	0x1
 1054 0003 25       		.uleb128 0x25
ARM GAS  C:\Users\chemi\AppData\Local\Temp\ccuPxrJQ.s 			page 22


 1055 0004 0E       		.uleb128 0xe
 1056 0005 13       		.uleb128 0x13
 1057 0006 0B       		.uleb128 0xb
 1058 0007 03       		.uleb128 0x3
 1059 0008 0E       		.uleb128 0xe
 1060 0009 1B       		.uleb128 0x1b
 1061 000a 0E       		.uleb128 0xe
 1062 000b 55       		.uleb128 0x55
 1063 000c 17       		.uleb128 0x17
 1064 000d 11       		.uleb128 0x11
 1065 000e 01       		.uleb128 0x1
 1066 000f 10       		.uleb128 0x10
 1067 0010 17       		.uleb128 0x17
 1068 0011 00       		.byte	0
 1069 0012 00       		.byte	0
 1070 0013 02       		.uleb128 0x2
 1071 0014 24       		.uleb128 0x24
 1072 0015 00       		.byte	0
 1073 0016 0B       		.uleb128 0xb
 1074 0017 0B       		.uleb128 0xb
 1075 0018 3E       		.uleb128 0x3e
 1076 0019 0B       		.uleb128 0xb
 1077 001a 03       		.uleb128 0x3
 1078 001b 0E       		.uleb128 0xe
 1079 001c 00       		.byte	0
 1080 001d 00       		.byte	0
 1081 001e 03       		.uleb128 0x3
 1082 001f 16       		.uleb128 0x16
 1083 0020 00       		.byte	0
 1084 0021 03       		.uleb128 0x3
 1085 0022 0E       		.uleb128 0xe
 1086 0023 3A       		.uleb128 0x3a
 1087 0024 0B       		.uleb128 0xb
 1088 0025 3B       		.uleb128 0x3b
 1089 0026 0B       		.uleb128 0xb
 1090 0027 49       		.uleb128 0x49
 1091 0028 13       		.uleb128 0x13
 1092 0029 00       		.byte	0
 1093 002a 00       		.byte	0
 1094 002b 04       		.uleb128 0x4
 1095 002c 24       		.uleb128 0x24
 1096 002d 00       		.byte	0
 1097 002e 0B       		.uleb128 0xb
 1098 002f 0B       		.uleb128 0xb
 1099 0030 3E       		.uleb128 0x3e
 1100 0031 0B       		.uleb128 0xb
 1101 0032 03       		.uleb128 0x3
 1102 0033 08       		.uleb128 0x8
 1103 0034 00       		.byte	0
 1104 0035 00       		.byte	0
 1105 0036 05       		.uleb128 0x5
 1106 0037 16       		.uleb128 0x16
 1107 0038 00       		.byte	0
 1108 0039 03       		.uleb128 0x3
 1109 003a 0E       		.uleb128 0xe
 1110 003b 3A       		.uleb128 0x3a
 1111 003c 0B       		.uleb128 0xb
ARM GAS  C:\Users\chemi\AppData\Local\Temp\ccuPxrJQ.s 			page 23


 1112 003d 3B       		.uleb128 0x3b
 1113 003e 05       		.uleb128 0x5
 1114 003f 49       		.uleb128 0x49
 1115 0040 13       		.uleb128 0x13
 1116 0041 00       		.byte	0
 1117 0042 00       		.byte	0
 1118 0043 06       		.uleb128 0x6
 1119 0044 0F       		.uleb128 0xf
 1120 0045 00       		.byte	0
 1121 0046 0B       		.uleb128 0xb
 1122 0047 0B       		.uleb128 0xb
 1123 0048 00       		.byte	0
 1124 0049 00       		.byte	0
 1125 004a 07       		.uleb128 0x7
 1126 004b 35       		.uleb128 0x35
 1127 004c 00       		.byte	0
 1128 004d 49       		.uleb128 0x49
 1129 004e 13       		.uleb128 0x13
 1130 004f 00       		.byte	0
 1131 0050 00       		.byte	0
 1132 0051 08       		.uleb128 0x8
 1133 0052 0F       		.uleb128 0xf
 1134 0053 00       		.byte	0
 1135 0054 0B       		.uleb128 0xb
 1136 0055 0B       		.uleb128 0xb
 1137 0056 49       		.uleb128 0x49
 1138 0057 13       		.uleb128 0x13
 1139 0058 00       		.byte	0
 1140 0059 00       		.byte	0
 1141 005a 09       		.uleb128 0x9
 1142 005b 13       		.uleb128 0x13
 1143 005c 00       		.byte	0
 1144 005d 03       		.uleb128 0x3
 1145 005e 0E       		.uleb128 0xe
 1146 005f 3C       		.uleb128 0x3c
 1147 0060 19       		.uleb128 0x19
 1148 0061 00       		.byte	0
 1149 0062 00       		.byte	0
 1150 0063 0A       		.uleb128 0xa
 1151 0064 04       		.uleb128 0x4
 1152 0065 01       		.byte	0x1
 1153 0066 03       		.uleb128 0x3
 1154 0067 0E       		.uleb128 0xe
 1155 0068 0B       		.uleb128 0xb
 1156 0069 0B       		.uleb128 0xb
 1157 006a 49       		.uleb128 0x49
 1158 006b 13       		.uleb128 0x13
 1159 006c 3A       		.uleb128 0x3a
 1160 006d 0B       		.uleb128 0xb
 1161 006e 3B       		.uleb128 0x3b
 1162 006f 0B       		.uleb128 0xb
 1163 0070 01       		.uleb128 0x1
 1164 0071 13       		.uleb128 0x13
 1165 0072 00       		.byte	0
 1166 0073 00       		.byte	0
 1167 0074 0B       		.uleb128 0xb
 1168 0075 28       		.uleb128 0x28
ARM GAS  C:\Users\chemi\AppData\Local\Temp\ccuPxrJQ.s 			page 24


 1169 0076 00       		.byte	0
 1170 0077 03       		.uleb128 0x3
 1171 0078 0E       		.uleb128 0xe
 1172 0079 1C       		.uleb128 0x1c
 1173 007a 0B       		.uleb128 0xb
 1174 007b 00       		.byte	0
 1175 007c 00       		.byte	0
 1176 007d 0C       		.uleb128 0xc
 1177 007e 13       		.uleb128 0x13
 1178 007f 01       		.byte	0x1
 1179 0080 0B       		.uleb128 0xb
 1180 0081 0B       		.uleb128 0xb
 1181 0082 3A       		.uleb128 0x3a
 1182 0083 0B       		.uleb128 0xb
 1183 0084 3B       		.uleb128 0x3b
 1184 0085 0B       		.uleb128 0xb
 1185 0086 01       		.uleb128 0x1
 1186 0087 13       		.uleb128 0x13
 1187 0088 00       		.byte	0
 1188 0089 00       		.byte	0
 1189 008a 0D       		.uleb128 0xd
 1190 008b 0D       		.uleb128 0xd
 1191 008c 00       		.byte	0
 1192 008d 03       		.uleb128 0x3
 1193 008e 0E       		.uleb128 0xe
 1194 008f 3A       		.uleb128 0x3a
 1195 0090 0B       		.uleb128 0xb
 1196 0091 3B       		.uleb128 0x3b
 1197 0092 0B       		.uleb128 0xb
 1198 0093 49       		.uleb128 0x49
 1199 0094 13       		.uleb128 0x13
 1200 0095 38       		.uleb128 0x38
 1201 0096 0B       		.uleb128 0xb
 1202 0097 00       		.byte	0
 1203 0098 00       		.byte	0
 1204 0099 0E       		.uleb128 0xe
 1205 009a 01       		.uleb128 0x1
 1206 009b 01       		.byte	0x1
 1207 009c 49       		.uleb128 0x49
 1208 009d 13       		.uleb128 0x13
 1209 009e 01       		.uleb128 0x1
 1210 009f 13       		.uleb128 0x13
 1211 00a0 00       		.byte	0
 1212 00a1 00       		.byte	0
 1213 00a2 0F       		.uleb128 0xf
 1214 00a3 21       		.uleb128 0x21
 1215 00a4 00       		.byte	0
 1216 00a5 49       		.uleb128 0x49
 1217 00a6 13       		.uleb128 0x13
 1218 00a7 2F       		.uleb128 0x2f
 1219 00a8 0B       		.uleb128 0xb
 1220 00a9 00       		.byte	0
 1221 00aa 00       		.byte	0
 1222 00ab 10       		.uleb128 0x10
 1223 00ac 13       		.uleb128 0x13
 1224 00ad 01       		.byte	0x1
 1225 00ae 03       		.uleb128 0x3
ARM GAS  C:\Users\chemi\AppData\Local\Temp\ccuPxrJQ.s 			page 25


 1226 00af 0E       		.uleb128 0xe
 1227 00b0 0B       		.uleb128 0xb
 1228 00b1 0B       		.uleb128 0xb
 1229 00b2 3A       		.uleb128 0x3a
 1230 00b3 0B       		.uleb128 0xb
 1231 00b4 3B       		.uleb128 0x3b
 1232 00b5 0B       		.uleb128 0xb
 1233 00b6 01       		.uleb128 0x1
 1234 00b7 13       		.uleb128 0x13
 1235 00b8 00       		.byte	0
 1236 00b9 00       		.byte	0
 1237 00ba 11       		.uleb128 0x11
 1238 00bb 0D       		.uleb128 0xd
 1239 00bc 00       		.byte	0
 1240 00bd 03       		.uleb128 0x3
 1241 00be 08       		.uleb128 0x8
 1242 00bf 3A       		.uleb128 0x3a
 1243 00c0 0B       		.uleb128 0xb
 1244 00c1 3B       		.uleb128 0x3b
 1245 00c2 0B       		.uleb128 0xb
 1246 00c3 49       		.uleb128 0x49
 1247 00c4 13       		.uleb128 0x13
 1248 00c5 38       		.uleb128 0x38
 1249 00c6 0B       		.uleb128 0xb
 1250 00c7 00       		.byte	0
 1251 00c8 00       		.byte	0
 1252 00c9 12       		.uleb128 0x12
 1253 00ca 13       		.uleb128 0x13
 1254 00cb 01       		.byte	0x1
 1255 00cc 0B       		.uleb128 0xb
 1256 00cd 05       		.uleb128 0x5
 1257 00ce 3A       		.uleb128 0x3a
 1258 00cf 0B       		.uleb128 0xb
 1259 00d0 3B       		.uleb128 0x3b
 1260 00d1 0B       		.uleb128 0xb
 1261 00d2 01       		.uleb128 0x1
 1262 00d3 13       		.uleb128 0x13
 1263 00d4 00       		.byte	0
 1264 00d5 00       		.byte	0
 1265 00d6 13       		.uleb128 0x13
 1266 00d7 21       		.uleb128 0x21
 1267 00d8 00       		.byte	0
 1268 00d9 49       		.uleb128 0x49
 1269 00da 13       		.uleb128 0x13
 1270 00db 2F       		.uleb128 0x2f
 1271 00dc 05       		.uleb128 0x5
 1272 00dd 00       		.byte	0
 1273 00de 00       		.byte	0
 1274 00df 14       		.uleb128 0x14
 1275 00e0 2E       		.uleb128 0x2e
 1276 00e1 01       		.byte	0x1
 1277 00e2 3F       		.uleb128 0x3f
 1278 00e3 19       		.uleb128 0x19
 1279 00e4 03       		.uleb128 0x3
 1280 00e5 0E       		.uleb128 0xe
 1281 00e6 3A       		.uleb128 0x3a
 1282 00e7 0B       		.uleb128 0xb
ARM GAS  C:\Users\chemi\AppData\Local\Temp\ccuPxrJQ.s 			page 26


 1283 00e8 3B       		.uleb128 0x3b
 1284 00e9 0B       		.uleb128 0xb
 1285 00ea 27       		.uleb128 0x27
 1286 00eb 19       		.uleb128 0x19
 1287 00ec 8701     		.uleb128 0x87
 1288 00ee 19       		.uleb128 0x19
 1289 00ef 11       		.uleb128 0x11
 1290 00f0 01       		.uleb128 0x1
 1291 00f1 12       		.uleb128 0x12
 1292 00f2 06       		.uleb128 0x6
 1293 00f3 40       		.uleb128 0x40
 1294 00f4 18       		.uleb128 0x18
 1295 00f5 9742     		.uleb128 0x2117
 1296 00f7 19       		.uleb128 0x19
 1297 00f8 01       		.uleb128 0x1
 1298 00f9 13       		.uleb128 0x13
 1299 00fa 00       		.byte	0
 1300 00fb 00       		.byte	0
 1301 00fc 15       		.uleb128 0x15
 1302 00fd 05       		.uleb128 0x5
 1303 00fe 00       		.byte	0
 1304 00ff 03       		.uleb128 0x3
 1305 0100 0E       		.uleb128 0xe
 1306 0101 3A       		.uleb128 0x3a
 1307 0102 0B       		.uleb128 0xb
 1308 0103 3B       		.uleb128 0x3b
 1309 0104 0B       		.uleb128 0xb
 1310 0105 49       		.uleb128 0x49
 1311 0106 13       		.uleb128 0x13
 1312 0107 02       		.uleb128 0x2
 1313 0108 17       		.uleb128 0x17
 1314 0109 00       		.byte	0
 1315 010a 00       		.byte	0
 1316 010b 16       		.uleb128 0x16
 1317 010c 898201   		.uleb128 0x4109
 1318 010f 01       		.byte	0x1
 1319 0110 11       		.uleb128 0x11
 1320 0111 01       		.uleb128 0x1
 1321 0112 31       		.uleb128 0x31
 1322 0113 13       		.uleb128 0x13
 1323 0114 01       		.uleb128 0x1
 1324 0115 13       		.uleb128 0x13
 1325 0116 00       		.byte	0
 1326 0117 00       		.byte	0
 1327 0118 17       		.uleb128 0x17
 1328 0119 8A8201   		.uleb128 0x410a
 1329 011c 00       		.byte	0
 1330 011d 02       		.uleb128 0x2
 1331 011e 18       		.uleb128 0x18
 1332 011f 9142     		.uleb128 0x2111
 1333 0121 18       		.uleb128 0x18
 1334 0122 00       		.byte	0
 1335 0123 00       		.byte	0
 1336 0124 18       		.uleb128 0x18
 1337 0125 898201   		.uleb128 0x4109
 1338 0128 00       		.byte	0
 1339 0129 11       		.uleb128 0x11
ARM GAS  C:\Users\chemi\AppData\Local\Temp\ccuPxrJQ.s 			page 27


 1340 012a 01       		.uleb128 0x1
 1341 012b 31       		.uleb128 0x31
 1342 012c 13       		.uleb128 0x13
 1343 012d 00       		.byte	0
 1344 012e 00       		.byte	0
 1345 012f 19       		.uleb128 0x19
 1346 0130 2E       		.uleb128 0x2e
 1347 0131 01       		.byte	0x1
 1348 0132 3F       		.uleb128 0x3f
 1349 0133 19       		.uleb128 0x19
 1350 0134 03       		.uleb128 0x3
 1351 0135 0E       		.uleb128 0xe
 1352 0136 3A       		.uleb128 0x3a
 1353 0137 0B       		.uleb128 0xb
 1354 0138 3B       		.uleb128 0x3b
 1355 0139 0B       		.uleb128 0xb
 1356 013a 27       		.uleb128 0x27
 1357 013b 19       		.uleb128 0x19
 1358 013c 11       		.uleb128 0x11
 1359 013d 01       		.uleb128 0x1
 1360 013e 12       		.uleb128 0x12
 1361 013f 06       		.uleb128 0x6
 1362 0140 40       		.uleb128 0x40
 1363 0141 18       		.uleb128 0x18
 1364 0142 9742     		.uleb128 0x2117
 1365 0144 19       		.uleb128 0x19
 1366 0145 01       		.uleb128 0x1
 1367 0146 13       		.uleb128 0x13
 1368 0147 00       		.byte	0
 1369 0148 00       		.byte	0
 1370 0149 1A       		.uleb128 0x1a
 1371 014a 898201   		.uleb128 0x4109
 1372 014d 01       		.byte	0x1
 1373 014e 11       		.uleb128 0x11
 1374 014f 01       		.uleb128 0x1
 1375 0150 31       		.uleb128 0x31
 1376 0151 13       		.uleb128 0x13
 1377 0152 00       		.byte	0
 1378 0153 00       		.byte	0
 1379 0154 1B       		.uleb128 0x1b
 1380 0155 34       		.uleb128 0x34
 1381 0156 00       		.byte	0
 1382 0157 03       		.uleb128 0x3
 1383 0158 0E       		.uleb128 0xe
 1384 0159 3A       		.uleb128 0x3a
 1385 015a 0B       		.uleb128 0xb
 1386 015b 3B       		.uleb128 0x3b
 1387 015c 0B       		.uleb128 0xb
 1388 015d 49       		.uleb128 0x49
 1389 015e 13       		.uleb128 0x13
 1390 015f 02       		.uleb128 0x2
 1391 0160 18       		.uleb128 0x18
 1392 0161 00       		.byte	0
 1393 0162 00       		.byte	0
 1394 0163 1C       		.uleb128 0x1c
 1395 0164 34       		.uleb128 0x34
 1396 0165 00       		.byte	0
ARM GAS  C:\Users\chemi\AppData\Local\Temp\ccuPxrJQ.s 			page 28


 1397 0166 03       		.uleb128 0x3
 1398 0167 0E       		.uleb128 0xe
 1399 0168 3A       		.uleb128 0x3a
 1400 0169 0B       		.uleb128 0xb
 1401 016a 3B       		.uleb128 0x3b
 1402 016b 05       		.uleb128 0x5
 1403 016c 49       		.uleb128 0x49
 1404 016d 13       		.uleb128 0x13
 1405 016e 3F       		.uleb128 0x3f
 1406 016f 19       		.uleb128 0x19
 1407 0170 3C       		.uleb128 0x3c
 1408 0171 19       		.uleb128 0x19
 1409 0172 00       		.byte	0
 1410 0173 00       		.byte	0
 1411 0174 1D       		.uleb128 0x1d
 1412 0175 34       		.uleb128 0x34
 1413 0176 00       		.byte	0
 1414 0177 03       		.uleb128 0x3
 1415 0178 0E       		.uleb128 0xe
 1416 0179 3A       		.uleb128 0x3a
 1417 017a 0B       		.uleb128 0xb
 1418 017b 3B       		.uleb128 0x3b
 1419 017c 0B       		.uleb128 0xb
 1420 017d 49       		.uleb128 0x49
 1421 017e 13       		.uleb128 0x13
 1422 017f 3F       		.uleb128 0x3f
 1423 0180 19       		.uleb128 0x19
 1424 0181 02       		.uleb128 0x2
 1425 0182 18       		.uleb128 0x18
 1426 0183 00       		.byte	0
 1427 0184 00       		.byte	0
 1428 0185 1E       		.uleb128 0x1e
 1429 0186 34       		.uleb128 0x34
 1430 0187 00       		.byte	0
 1431 0188 03       		.uleb128 0x3
 1432 0189 0E       		.uleb128 0xe
 1433 018a 3A       		.uleb128 0x3a
 1434 018b 0B       		.uleb128 0xb
 1435 018c 3B       		.uleb128 0x3b
 1436 018d 0B       		.uleb128 0xb
 1437 018e 49       		.uleb128 0x49
 1438 018f 13       		.uleb128 0x13
 1439 0190 3F       		.uleb128 0x3f
 1440 0191 19       		.uleb128 0x19
 1441 0192 3C       		.uleb128 0x3c
 1442 0193 19       		.uleb128 0x19
 1443 0194 00       		.byte	0
 1444 0195 00       		.byte	0
 1445 0196 1F       		.uleb128 0x1f
 1446 0197 2E       		.uleb128 0x2e
 1447 0198 00       		.byte	0
 1448 0199 3F       		.uleb128 0x3f
 1449 019a 19       		.uleb128 0x19
 1450 019b 3C       		.uleb128 0x3c
 1451 019c 19       		.uleb128 0x19
 1452 019d 6E       		.uleb128 0x6e
 1453 019e 0E       		.uleb128 0xe
ARM GAS  C:\Users\chemi\AppData\Local\Temp\ccuPxrJQ.s 			page 29


 1454 019f 03       		.uleb128 0x3
 1455 01a0 0E       		.uleb128 0xe
 1456 01a1 3A       		.uleb128 0x3a
 1457 01a2 0B       		.uleb128 0xb
 1458 01a3 3B       		.uleb128 0x3b
 1459 01a4 0B       		.uleb128 0xb
 1460 01a5 00       		.byte	0
 1461 01a6 00       		.byte	0
 1462 01a7 20       		.uleb128 0x20
 1463 01a8 2E       		.uleb128 0x2e
 1464 01a9 00       		.byte	0
 1465 01aa 3F       		.uleb128 0x3f
 1466 01ab 19       		.uleb128 0x19
 1467 01ac 3C       		.uleb128 0x3c
 1468 01ad 19       		.uleb128 0x19
 1469 01ae 6E       		.uleb128 0x6e
 1470 01af 0E       		.uleb128 0xe
 1471 01b0 03       		.uleb128 0x3
 1472 01b1 0E       		.uleb128 0xe
 1473 01b2 3A       		.uleb128 0x3a
 1474 01b3 0B       		.uleb128 0xb
 1475 01b4 3B       		.uleb128 0x3b
 1476 01b5 05       		.uleb128 0x5
 1477 01b6 00       		.byte	0
 1478 01b7 00       		.byte	0
 1479 01b8 00       		.byte	0
 1480              		.section	.debug_loc,"",%progbits
 1481              	.Ldebug_loc0:
 1482              	.LLST0:
 1483 0000 00000000 		.4byte	.LVL0
 1484 0004 0C000000 		.4byte	.LVL1
 1485 0008 0100     		.2byte	0x1
 1486 000a 50       		.byte	0x50
 1487 000b 0C000000 		.4byte	.LVL1
 1488 000f 88000000 		.4byte	.LFE68
 1489 0013 0400     		.2byte	0x4
 1490 0015 F3       		.byte	0xf3
 1491 0016 01       		.uleb128 0x1
 1492 0017 50       		.byte	0x50
 1493 0018 9F       		.byte	0x9f
 1494 0019 00000000 		.4byte	0
 1495 001d 00000000 		.4byte	0
 1496              		.section	.debug_aranges,"",%progbits
 1497 0000 24000000 		.4byte	0x24
 1498 0004 0200     		.2byte	0x2
 1499 0006 00000000 		.4byte	.Ldebug_info0
 1500 000a 04       		.byte	0x4
 1501 000b 00       		.byte	0
 1502 000c 0000     		.2byte	0
 1503 000e 0000     		.2byte	0
 1504 0010 00000000 		.4byte	.LFB68
 1505 0014 88000000 		.4byte	.LFE68-.LFB68
 1506 0018 00000000 		.4byte	.LFB69
 1507 001c 4C000000 		.4byte	.LFE69-.LFB69
 1508 0020 00000000 		.4byte	0
 1509 0024 00000000 		.4byte	0
 1510              		.section	.debug_ranges,"",%progbits
ARM GAS  C:\Users\chemi\AppData\Local\Temp\ccuPxrJQ.s 			page 30


 1511              	.Ldebug_ranges0:
 1512 0000 00000000 		.4byte	.LFB68
 1513 0004 88000000 		.4byte	.LFE68
 1514 0008 00000000 		.4byte	.LFB69
 1515 000c 4C000000 		.4byte	.LFE69
 1516 0010 00000000 		.4byte	0
 1517 0014 00000000 		.4byte	0
 1518              		.section	.debug_line,"",%progbits
 1519              	.Ldebug_line0:
 1520 0000 B2020000 		.section	.debug_str,"MS",%progbits,1
 1520      02006B02 
 1520      00000201 
 1520      FB0E0D00 
 1520      01010101 
 1521              	.LASF34:
 1522 0000 61747461 		.ascii	"attack\000"
 1522      636B00
 1523              	.LASF71:
 1524 0007 42555253 		.ascii	"BURST_OFF\000"
 1524      545F4F46 
 1524      4600
 1525              	.LASF92:
 1526 0011 72616D70 		.ascii	"ramp\000"
 1526      00
 1527              	.LASF82:
 1528 0016 73746F70 		.ascii	"stop_index\000"
 1528      5F696E64 
 1528      657800
 1529              	.LASF74:
 1530 0021 494E5452 		.ascii	"INTR_MOD_CUR\000"
 1530      5F4D4F44 
 1530      5F435552 
 1530      00
 1531              	.LASF83:
 1532 002e 64617461 		.ascii	"data\000"
 1532      00
 1533              	.LASF67:
 1534 0033 494E5452 		.ascii	"INTR_MODE_TR\000"
 1534      5F4D4F44 
 1534      455F5452 
 1534      00
 1535              	.LASF49:
 1536 0040 7163775F 		.ascii	"qcw_ramp\000"
 1536      72616D70 
 1536      00
 1537              	.LASF81:
 1538 0049 696E6465 		.ascii	"index\000"
 1538      7800
 1539              	.LASF42:
 1540 004f 54696D65 		.ascii	"TimerHandle_t\000"
 1540      7248616E 
 1540      646C655F 
 1540      7400
 1541              	.LASF2:
 1542 005d 73686F72 		.ascii	"short int\000"
 1542      7420696E 
 1542      7400
ARM GAS  C:\Users\chemi\AppData\Local\Temp\ccuPxrJQ.s 			page 31


 1543              	.LASF86:
 1544 0067 71534944 		.ascii	"qSID\000"
 1544      00
 1545              	.LASF21:
 1546 006c 73697A65 		.ascii	"sizetype\000"
 1546      74797065 
 1546      00
 1547              	.LASF27:
 1548 0075 53594E54 		.ascii	"SYNTH_OFF\000"
 1548      485F4F46 
 1548      4600
 1549              	.LASF23:
 1550 007f 5461736B 		.ascii	"TaskHandle_t\000"
 1550      48616E64 
 1550      6C655F74 
 1550      00
 1551              	.LASF11:
 1552 008c 6C6F6E67 		.ascii	"long long unsigned int\000"
 1552      206C6F6E 
 1552      6720756E 
 1552      7369676E 
 1552      65642069 
 1553              	.LASF40:
 1554 00a3 6E657874 		.ascii	"next_frame\000"
 1554      5F667261 
 1554      6D6500
 1555              	.LASF10:
 1556 00ae 6C6F6E67 		.ascii	"long long int\000"
 1556      206C6F6E 
 1556      6720696E 
 1556      7400
 1557              	.LASF50:
 1558 00bc 7163775F 		.ascii	"qcw_holdoff\000"
 1558      686F6C64 
 1558      6F666600 
 1559              	.LASF101:
 1560 00c8 474E5520 		.ascii	"GNU C99 5.4.1 20160609 (release) [ARM/embedded-5-br"
 1560      43393920 
 1560      352E342E 
 1560      31203230 
 1560      31363036 
 1561 00fb 616E6368 		.ascii	"anch revision 237715] -mcpu=cortex-m3 -mthumb -g -O"
 1561      20726576 
 1561      6973696F 
 1561      6E203233 
 1561      37373135 
 1562 012e 73202D73 		.ascii	"s -std=gnu99 -ffunction-sections -ffat-lto-objects\000"
 1562      74643D67 
 1562      6E753939 
 1562      202D6666 
 1562      756E6374 
 1563              	.LASF75:
 1564 0161 6D6F6465 		.ascii	"mode\000"
 1564      00
 1565              	.LASF84:
 1566 0166 72616D70 		.ascii	"ramp_params\000"
 1566      5F706172 
ARM GAS  C:\Users\chemi\AppData\Local\Temp\ccuPxrJQ.s 			page 32


 1566      616D7300 
 1567              	.LASF91:
 1568 0172 696E7465 		.ascii	"interrupter\000"
 1568      72727570 
 1568      74657200 
 1569              	.LASF4:
 1570 017e 5F5F7569 		.ascii	"__uint16_t\000"
 1570      6E743136 
 1570      5F7400
 1571              	.LASF62:
 1572 0189 696E7465 		.ascii	"interrupter_DMA\000"
 1572      72727570 
 1572      7465725F 
 1572      444D4100 
 1573              	.LASF70:
 1574 0199 42555253 		.ascii	"BURST_ON\000"
 1574      545F4F4E 
 1574      00
 1575              	.LASF35:
 1576 01a2 64656361 		.ascii	"decay\000"
 1576      7900
 1577              	.LASF89:
 1578 01a8 74736B5F 		.ascii	"tsk_sid_initVar\000"
 1578      7369645F 
 1578      696E6974 
 1578      56617200 
 1579              	.LASF48:
 1580 01b8 6F666674 		.ascii	"offtime\000"
 1580      696D6500 
 1581              	.LASF13:
 1582 01c0 75696E74 		.ascii	"uint8_t\000"
 1582      385F7400 
 1583              	.LASF69:
 1584 01c8 696E7465 		.ascii	"interrupter_burst\000"
 1584      72727570 
 1584      7465725F 
 1584      62757273 
 1584      7400
 1585              	.LASF52:
 1586 01da 7163775F 		.ascii	"qcw_max\000"
 1586      6D617800 
 1587              	.LASF65:
 1588 01e2 696E7465 		.ascii	"interrupter_mode\000"
 1588      72727570 
 1588      7465725F 
 1588      6D6F6465 
 1588      00
 1589              	.LASF76:
 1590 01f3 62757273 		.ascii	"burst_state\000"
 1590      745F7374 
 1590      61746500 
 1591              	.LASF16:
 1592 01ff 75696E74 		.ascii	"uint32_t\000"
 1592      33325F74 
 1592      00
 1593              	.LASF18:
 1594 0208 666C6F61 		.ascii	"float\000"
ARM GAS  C:\Users\chemi\AppData\Local\Temp\ccuPxrJQ.s 			page 33


 1594      7400
 1595              	.LASF30:
 1596 020e 53594E54 		.ascii	"SYNTH_TR\000"
 1596      485F5452 
 1596      00
 1597              	.LASF95:
 1598 0217 78517565 		.ascii	"xQueueReceive\000"
 1598      75655265 
 1598      63656976 
 1598      6500
 1599              	.LASF77:
 1600 0225 646D615F 		.ascii	"dma_mode\000"
 1600      6D6F6465 
 1600      00
 1601              	.LASF7:
 1602 022e 6C6F6E67 		.ascii	"long int\000"
 1602      20696E74 
 1602      00
 1603              	.LASF28:
 1604 0237 53594E54 		.ascii	"SYNTH_MIDI\000"
 1604      485F4D49 
 1604      444900
 1605              	.LASF88:
 1606 0242 74736B5F 		.ascii	"tsk_sid_TaskHandle\000"
 1606      7369645F 
 1606      5461736B 
 1606      48616E64 
 1606      6C6500
 1607              	.LASF25:
 1608 0255 74736B54 		.ascii	"tskTaskControlBlock\000"
 1608      61736B43 
 1608      6F6E7472 
 1608      6F6C426C 
 1608      6F636B00 
 1609              	.LASF3:
 1610 0269 5F5F7569 		.ascii	"__uint8_t\000"
 1610      6E74385F 
 1610      7400
 1611              	.LASF24:
 1612 0273 51756575 		.ascii	"QueueHandle_t\000"
 1612      6548616E 
 1612      646C655F 
 1612      7400
 1613              	.LASF53:
 1614 0281 7163775F 		.ascii	"qcw_repeat\000"
 1614      72657065 
 1614      617400
 1615              	.LASF33:
 1616 028c 666C6167 		.ascii	"flags\000"
 1616      7300
 1617              	.LASF22:
 1618 0292 5469636B 		.ascii	"TickType_t\000"
 1618      54797065 
 1618      5F7400
 1619              	.LASF17:
 1620 029d 75696E74 		.ascii	"uint8\000"
 1620      3800
ARM GAS  C:\Users\chemi\AppData\Local\Temp\ccuPxrJQ.s 			page 34


 1621              	.LASF99:
 1622 02a3 78517565 		.ascii	"xQueueGenericCreate\000"
 1622      75654765 
 1622      6E657269 
 1622      63437265 
 1622      61746500 
 1623              	.LASF80:
 1624 02b7 6368616E 		.ascii	"changed\000"
 1624      67656400 
 1625              	.LASF38:
 1626 02bf 66726571 		.ascii	"frequency_dHz\000"
 1626      75656E63 
 1626      795F6448 
 1626      7A00
 1627              	.LASF1:
 1628 02cd 756E7369 		.ascii	"unsigned char\000"
 1628      676E6564 
 1628      20636861 
 1628      7200
 1629              	.LASF93:
 1630 02db 6C617374 		.ascii	"last_frame\000"
 1630      5F667261 
 1630      6D6500
 1631              	.LASF59:
 1632 02e6 74656D70 		.ascii	"temp_duty\000"
 1632      5F647574 
 1632      7900
 1633              	.LASF97:
 1634 02f0 53696450 		.ascii	"SidProcessor_runADSR\000"
 1634      726F6365 
 1634      73736F72 
 1634      5F72756E 
 1634      41445352 
 1635              	.LASF56:
 1636 0305 62757273 		.ascii	"burst_on\000"
 1636      745F6F6E 
 1636      00
 1637              	.LASF68:
 1638 030e 494E5452 		.ascii	"INTR_MODE_BLOCKED\000"
 1638      5F4D4F44 
 1638      455F424C 
 1638      4F434B45 
 1638      4400
 1639              	.LASF0:
 1640 0320 7369676E 		.ascii	"signed char\000"
 1640      65642063 
 1640      68617200 
 1641              	.LASF44:
 1642 032c 74756E65 		.ascii	"tune_start\000"
 1642      5F737461 
 1642      727400
 1643              	.LASF66:
 1644 0337 494E5452 		.ascii	"INTR_MODE_OFF\000"
 1644      5F4D4F44 
 1644      455F4F46 
 1644      4600
 1645              	.LASF98:
ARM GAS  C:\Users\chemi\AppData\Local\Temp\ccuPxrJQ.s 			page 35


 1646 0345 76546173 		.ascii	"vTaskDelay\000"
 1646      6B44656C 
 1646      617900
 1647              	.LASF12:
 1648 0350 756E7369 		.ascii	"unsigned int\000"
 1648      676E6564 
 1648      20696E74 
 1648      00
 1649              	.LASF72:
 1650 035d 696E7465 		.ascii	"interrupter_modulation\000"
 1650      72727570 
 1650      7465725F 
 1650      6D6F6475 
 1650      6C617469 
 1651              	.LASF14:
 1652 0374 75696E74 		.ascii	"uint16_t\000"
 1652      31365F74 
 1652      00
 1653              	.LASF107:
 1654 037d 74736B5F 		.ascii	"tsk_sid_Start\000"
 1654      7369645F 
 1654      53746172 
 1654      7400
 1655              	.LASF106:
 1656 038b 70765061 		.ascii	"pvParameters\000"
 1656      72616D65 
 1656      74657273 
 1656      00
 1657              	.LASF96:
 1658 0398 53696450 		.ascii	"SidProcessor_handleFrame\000"
 1658      726F6365 
 1658      73736F72 
 1658      5F68616E 
 1658      646C6546 
 1659              	.LASF90:
 1660 03b1 70617261 		.ascii	"param\000"
 1660      6D00
 1661              	.LASF26:
 1662 03b7 51756575 		.ascii	"QueueDefinition\000"
 1662      65446566 
 1662      696E6974 
 1662      696F6E00 
 1663              	.LASF47:
 1664 03c7 74756E65 		.ascii	"tune_delay\000"
 1664      5F64656C 
 1664      617900
 1665              	.LASF5:
 1666 03d2 73686F72 		.ascii	"short unsigned int\000"
 1666      7420756E 
 1666      7369676E 
 1666      65642069 
 1666      6E7400
 1667              	.LASF79:
 1668 03e5 696E7465 		.ascii	"interrupter_params\000"
 1668      72727570 
 1668      7465725F 
 1668      70617261 
ARM GAS  C:\Users\chemi\AppData\Local\Temp\ccuPxrJQ.s 			page 36


 1668      6D7300
 1669              	.LASF20:
 1670 03f8 63686172 		.ascii	"char\000"
 1670      00
 1671              	.LASF32:
 1672 03fd 53594E54 		.ascii	"SYNTH_SID_QCW\000"
 1672      485F5349 
 1672      445F5143 
 1672      5700
 1673              	.LASF15:
 1674 040b 696E7433 		.ascii	"int32_t\000"
 1674      325F7400 
 1675              	.LASF63:
 1676 0413 494E5452 		.ascii	"INTR_DMA_TR\000"
 1676      5F444D41 
 1676      5F545200 
 1677              	.LASF51:
 1678 041f 7163775F 		.ascii	"qcw_offset\000"
 1678      6F666673 
 1678      657400
 1679              	.LASF100:
 1680 042a 78546173 		.ascii	"xTaskCreate\000"
 1680      6B437265 
 1680      61746500 
 1681              	.LASF60:
 1682 0436 636C695F 		.ascii	"cli_parameter\000"
 1682      70617261 
 1682      6D657465 
 1682      7200
 1683              	.LASF41:
 1684 0444 53494446 		.ascii	"SIDFrame_t\000"
 1684      72616D65 
 1684      5F7400
 1685              	.LASF108:
 1686 044f 63757272 		.ascii	"currentFrame\000"
 1686      656E7446 
 1686      72616D65 
 1686      00
 1687              	.LASF57:
 1688 045c 62757273 		.ascii	"burst_off\000"
 1688      745F6F66 
 1688      6600
 1689              	.LASF36:
 1690 0466 73757374 		.ascii	"sustain\000"
 1690      61696E00 
 1691              	.LASF9:
 1692 046e 6C6F6E67 		.ascii	"long unsigned int\000"
 1692      20756E73 
 1692      69676E65 
 1692      6420696E 
 1692      7400
 1693              	.LASF73:
 1694 0480 494E5452 		.ascii	"INTR_MOD_PW\000"
 1694      5F4D4F44 
 1694      5F505700 
 1695              	.LASF19:
 1696 048c 646F7562 		.ascii	"double\000"
ARM GAS  C:\Users\chemi\AppData\Local\Temp\ccuPxrJQ.s 			page 37


 1696      6C6500
 1697              	.LASF46:
 1698 0493 74756E65 		.ascii	"tune_pw\000"
 1698      5F707700 
 1699              	.LASF85:
 1700 049b 49544D5F 		.ascii	"ITM_RxBuffer\000"
 1700      52784275 
 1700      66666572 
 1700      00
 1701              	.LASF8:
 1702 04a8 5F5F7569 		.ascii	"__uint32_t\000"
 1702      6E743332 
 1702      5F7400
 1703              	.LASF87:
 1704 04b3 6C5F7469 		.ascii	"l_time\000"
 1704      6D6500
 1705              	.LASF105:
 1706 04ba 74736B5F 		.ascii	"tsk_sid_TaskProc\000"
 1706      7369645F 
 1706      5461736B 
 1706      50726F63 
 1706      00
 1707              	.LASF104:
 1708 04cb 70617261 		.ascii	"parameter_struct\000"
 1708      6D657465 
 1708      725F7374 
 1708      72756374 
 1708      00
 1709              	.LASF43:
 1710 04dc 746D7254 		.ascii	"tmrTimerControl\000"
 1710      696D6572 
 1710      436F6E74 
 1710      726F6C00 
 1711              	.LASF6:
 1712 04ec 5F5F696E 		.ascii	"__int32_t\000"
 1712      7433325F 
 1712      7400
 1713              	.LASF31:
 1714 04f6 53594E54 		.ascii	"SYNTH_MIDI_QCW\000"
 1714      485F4D49 
 1714      44495F51 
 1714      435700
 1715              	.LASF37:
 1716 0505 72656C65 		.ascii	"release\000"
 1716      61736500 
 1717              	.LASF102:
 1718 050d 2E2E5C63 		.ascii	"..\\common\\ud3core\\tasks\\tsk_sid.c\000"
 1718      6F6D6D6F 
 1718      6E5C7564 
 1718      33636F72 
 1718      655C7461 
 1719              	.LASF78:
 1720 052f 78427572 		.ascii	"xBurst_Timer\000"
 1720      73745F54 
 1720      696D6572 
 1720      00
 1721              	.LASF54:
ARM GAS  C:\Users\chemi\AppData\Local\Temp\ccuPxrJQ.s 			page 38


 1722 053c 7163775F 		.ascii	"qcw_freq\000"
 1722      66726571 
 1722      00
 1723              	.LASF45:
 1724 0545 74756E65 		.ascii	"tune_end\000"
 1724      5F656E64 
 1724      00
 1725              	.LASF58:
 1726 054e 73796E74 		.ascii	"synth\000"
 1726      6800
 1727              	.LASF61:
 1728 0554 53594E54 		.ascii	"SYNTH\000"
 1728      4800
 1729              	.LASF55:
 1730 055a 7163775F 		.ascii	"qcw_vol\000"
 1730      766F6C00 
 1731              	.LASF94:
 1732 0562 616C6172 		.ascii	"alarm_push\000"
 1732      6D5F7075 
 1732      736800
 1733              	.LASF103:
 1734 056d 433A5C55 		.ascii	"C:\\Users\\chemi\\UD3_QCW\\UD3_QFN.cydsn\000"
 1734      73657273 
 1734      5C636865 
 1734      6D695C55 
 1734      44335F51 
 1735              	.LASF29:
 1736 0592 53594E54 		.ascii	"SYNTH_SID\000"
 1736      485F5349 
 1736      4400
 1737              	.LASF39:
 1738 059c 70756C73 		.ascii	"pulsewidth\000"
 1738      65776964 
 1738      746800
 1739              	.LASF64:
 1740 05a7 494E5452 		.ascii	"INTR_DMA_DDS\000"
 1740      5F444D41 
 1740      5F444453 
 1740      00
 1741              		.ident	"GCC: (GNU Tools for ARM Embedded Processors) 5.4.1 20160609 (release) [ARM/embedded-5-bran
