ARM GAS  C:\Users\chemi\AppData\Local\Temp\cc8SJyZg.s 			page 1


   1              		.syntax unified
   2              		.cpu cortex-m3
   3              		.fpu softvfp
   4              		.eabi_attribute 20, 1
   5              		.eabi_attribute 21, 1
   6              		.eabi_attribute 23, 3
   7              		.eabi_attribute 24, 1
   8              		.eabi_attribute 25, 1
   9              		.eabi_attribute 26, 1
  10              		.eabi_attribute 30, 4
  11              		.eabi_attribute 34, 1
  12              		.eabi_attribute 18, 4
  13              		.thumb
  14              		.syntax unified
  15              		.file	"UART_INT.c"
  16              		.text
  17              	.Ltext0:
  18              		.cfi_sections	.debug_frame
  19              		.section	.text.UART_RXISR,"ax",%progbits
  20              		.align	1
  21              		.global	UART_RXISR
  22              		.thumb
  23              		.thumb_func
  24              		.type	UART_RXISR, %function
  25              	UART_RXISR:
  26              	.LFB0:
  27              		.file 1 "Generated_Source\\PSoC5\\UART_INT.c"
   1:Generated_Source\PSoC5/UART_INT.c **** /*******************************************************************************
   2:Generated_Source\PSoC5/UART_INT.c **** * File Name: UARTINT.c
   3:Generated_Source\PSoC5/UART_INT.c **** * Version 2.50
   4:Generated_Source\PSoC5/UART_INT.c **** *
   5:Generated_Source\PSoC5/UART_INT.c **** * Description:
   6:Generated_Source\PSoC5/UART_INT.c **** *  This file provides all Interrupt Service functionality of the UART component
   7:Generated_Source\PSoC5/UART_INT.c **** *
   8:Generated_Source\PSoC5/UART_INT.c **** ********************************************************************************
   9:Generated_Source\PSoC5/UART_INT.c **** * Copyright 2008-2015, Cypress Semiconductor Corporation.  All rights reserved.
  10:Generated_Source\PSoC5/UART_INT.c **** * You may use this file only in accordance with the license, terms, conditions,
  11:Generated_Source\PSoC5/UART_INT.c **** * disclaimers, and limitations in the end user license agreement accompanying
  12:Generated_Source\PSoC5/UART_INT.c **** * the software package with which this file was provided.
  13:Generated_Source\PSoC5/UART_INT.c **** *******************************************************************************/
  14:Generated_Source\PSoC5/UART_INT.c **** 
  15:Generated_Source\PSoC5/UART_INT.c **** #include "UART.h"
  16:Generated_Source\PSoC5/UART_INT.c **** 
  17:Generated_Source\PSoC5/UART_INT.c **** 
  18:Generated_Source\PSoC5/UART_INT.c **** 
  19:Generated_Source\PSoC5/UART_INT.c **** /***************************************
  20:Generated_Source\PSoC5/UART_INT.c **** * Custom Declarations
  21:Generated_Source\PSoC5/UART_INT.c **** ***************************************/
  22:Generated_Source\PSoC5/UART_INT.c **** /* `#START CUSTOM_DECLARATIONS` Place your declaration here */
  23:Generated_Source\PSoC5/UART_INT.c **** 
  24:Generated_Source\PSoC5/UART_INT.c **** /* `#END` */
  25:Generated_Source\PSoC5/UART_INT.c **** 
  26:Generated_Source\PSoC5/UART_INT.c **** #if (UART_RX_INTERRUPT_ENABLED && (UART_RX_ENABLED || UART_HD_ENABLED))
  27:Generated_Source\PSoC5/UART_INT.c ****     /*******************************************************************************
  28:Generated_Source\PSoC5/UART_INT.c ****     * Function Name: UART_RXISR
  29:Generated_Source\PSoC5/UART_INT.c ****     ********************************************************************************
  30:Generated_Source\PSoC5/UART_INT.c ****     *
ARM GAS  C:\Users\chemi\AppData\Local\Temp\cc8SJyZg.s 			page 2


  31:Generated_Source\PSoC5/UART_INT.c ****     * Summary:
  32:Generated_Source\PSoC5/UART_INT.c ****     *  Interrupt Service Routine for RX portion of the UART
  33:Generated_Source\PSoC5/UART_INT.c ****     *
  34:Generated_Source\PSoC5/UART_INT.c ****     * Parameters:
  35:Generated_Source\PSoC5/UART_INT.c ****     *  None.
  36:Generated_Source\PSoC5/UART_INT.c ****     *
  37:Generated_Source\PSoC5/UART_INT.c ****     * Return:
  38:Generated_Source\PSoC5/UART_INT.c ****     *  None.
  39:Generated_Source\PSoC5/UART_INT.c ****     *
  40:Generated_Source\PSoC5/UART_INT.c ****     * Global Variables:
  41:Generated_Source\PSoC5/UART_INT.c ****     *  UART_rxBuffer - RAM buffer pointer for save received data.
  42:Generated_Source\PSoC5/UART_INT.c ****     *  UART_rxBufferWrite - cyclic index for write to rxBuffer,
  43:Generated_Source\PSoC5/UART_INT.c ****     *     increments after each byte saved to buffer.
  44:Generated_Source\PSoC5/UART_INT.c ****     *  UART_rxBufferRead - cyclic index for read from rxBuffer,
  45:Generated_Source\PSoC5/UART_INT.c ****     *     checked to detect overflow condition.
  46:Generated_Source\PSoC5/UART_INT.c ****     *  UART_rxBufferOverflow - software overflow flag. Set to one
  47:Generated_Source\PSoC5/UART_INT.c ****     *     when UART_rxBufferWrite index overtakes
  48:Generated_Source\PSoC5/UART_INT.c ****     *     UART_rxBufferRead index.
  49:Generated_Source\PSoC5/UART_INT.c ****     *  UART_rxBufferLoopDetect - additional variable to detect overflow.
  50:Generated_Source\PSoC5/UART_INT.c ****     *     Set to one when UART_rxBufferWrite is equal to
  51:Generated_Source\PSoC5/UART_INT.c ****     *    UART_rxBufferRead
  52:Generated_Source\PSoC5/UART_INT.c ****     *  UART_rxAddressMode - this variable contains the Address mode,
  53:Generated_Source\PSoC5/UART_INT.c ****     *     selected in customizer or set by UART_SetRxAddressMode() API.
  54:Generated_Source\PSoC5/UART_INT.c ****     *  UART_rxAddressDetected - set to 1 when correct address received,
  55:Generated_Source\PSoC5/UART_INT.c ****     *     and analysed to store following addressed data bytes to the buffer.
  56:Generated_Source\PSoC5/UART_INT.c ****     *     When not correct address received, set to 0 to skip following data bytes.
  57:Generated_Source\PSoC5/UART_INT.c ****     *
  58:Generated_Source\PSoC5/UART_INT.c ****     *******************************************************************************/
  59:Generated_Source\PSoC5/UART_INT.c ****     CY_ISR(UART_RXISR)
  60:Generated_Source\PSoC5/UART_INT.c ****     {
  28              		.loc 1 60 0
  29              		.cfi_startproc
  30              		@ args = 0, pretend = 0, frame = 0
  31              		@ frame_needed = 0, uses_anonymous_args = 0
  32              	.LVL0:
  33 0000 2DE9F043 		push	{r4, r5, r6, r7, r8, r9, lr}
  34              		.cfi_def_cfa_offset 28
  35              		.cfi_offset 4, -28
  36              		.cfi_offset 5, -24
  37              		.cfi_offset 6, -20
  38              		.cfi_offset 7, -16
  39              		.cfi_offset 8, -12
  40              		.cfi_offset 9, -8
  41              		.cfi_offset 14, -4
  61:Generated_Source\PSoC5/UART_INT.c ****         uint8 readData;
  62:Generated_Source\PSoC5/UART_INT.c ****         uint8 readStatus;
  63:Generated_Source\PSoC5/UART_INT.c ****         uint8 increment_pointer = 0u;
  64:Generated_Source\PSoC5/UART_INT.c **** 
  65:Generated_Source\PSoC5/UART_INT.c ****     #if(CY_PSOC3)
  66:Generated_Source\PSoC5/UART_INT.c ****         uint8 int_en;
  67:Generated_Source\PSoC5/UART_INT.c ****     #endif /* (CY_PSOC3) */
  68:Generated_Source\PSoC5/UART_INT.c **** 
  69:Generated_Source\PSoC5/UART_INT.c ****     #ifdef UART_RXISR_ENTRY_CALLBACK
  70:Generated_Source\PSoC5/UART_INT.c ****         UART_RXISR_EntryCallback();
  71:Generated_Source\PSoC5/UART_INT.c ****     #endif /* UART_RXISR_ENTRY_CALLBACK */
  72:Generated_Source\PSoC5/UART_INT.c **** 
  73:Generated_Source\PSoC5/UART_INT.c ****         /* User code required at start of ISR */
ARM GAS  C:\Users\chemi\AppData\Local\Temp\cc8SJyZg.s 			page 3


  74:Generated_Source\PSoC5/UART_INT.c ****         /* `#START UART_RXISR_START` */
  75:Generated_Source\PSoC5/UART_INT.c **** 
  76:Generated_Source\PSoC5/UART_INT.c ****         /* `#END` */
  77:Generated_Source\PSoC5/UART_INT.c **** 
  78:Generated_Source\PSoC5/UART_INT.c ****     #if(CY_PSOC3)   /* Make sure nested interrupt is enabled */
  79:Generated_Source\PSoC5/UART_INT.c ****         int_en = EA;
  80:Generated_Source\PSoC5/UART_INT.c ****         CyGlobalIntEnable;
  81:Generated_Source\PSoC5/UART_INT.c ****     #endif /* (CY_PSOC3) */
  82:Generated_Source\PSoC5/UART_INT.c **** 
  83:Generated_Source\PSoC5/UART_INT.c ****         do
  84:Generated_Source\PSoC5/UART_INT.c ****         {
  85:Generated_Source\PSoC5/UART_INT.c ****             /* Read receiver status register */
  86:Generated_Source\PSoC5/UART_INT.c ****             readStatus = UART_RXSTATUS_REG;
  87:Generated_Source\PSoC5/UART_INT.c ****             /* Copy the same status to readData variable for backward compatibility support 
  88:Generated_Source\PSoC5/UART_INT.c ****             *  of the user code in UART_RXISR_ERROR` section. 
  89:Generated_Source\PSoC5/UART_INT.c ****             */
  90:Generated_Source\PSoC5/UART_INT.c ****             readData = readStatus;
  91:Generated_Source\PSoC5/UART_INT.c **** 
  92:Generated_Source\PSoC5/UART_INT.c ****             if((readStatus & (UART_RX_STS_BREAK | 
  93:Generated_Source\PSoC5/UART_INT.c ****                             UART_RX_STS_PAR_ERROR |
  94:Generated_Source\PSoC5/UART_INT.c ****                             UART_RX_STS_STOP_ERROR | 
  95:Generated_Source\PSoC5/UART_INT.c ****                             UART_RX_STS_OVERRUN)) != 0u)
  96:Generated_Source\PSoC5/UART_INT.c ****             {
  97:Generated_Source\PSoC5/UART_INT.c ****                 /* ERROR handling. */
  98:Generated_Source\PSoC5/UART_INT.c ****                 UART_errorStatus |= readStatus & ( UART_RX_STS_BREAK | 
  99:Generated_Source\PSoC5/UART_INT.c ****                                                             UART_RX_STS_PAR_ERROR | 
 100:Generated_Source\PSoC5/UART_INT.c ****                                                             UART_RX_STS_STOP_ERROR | 
 101:Generated_Source\PSoC5/UART_INT.c ****                                                             UART_RX_STS_OVERRUN);
 102:Generated_Source\PSoC5/UART_INT.c ****                 /* `#START UART_RXISR_ERROR` */
 103:Generated_Source\PSoC5/UART_INT.c **** 
 104:Generated_Source\PSoC5/UART_INT.c ****                 /* `#END` */
 105:Generated_Source\PSoC5/UART_INT.c ****                 
 106:Generated_Source\PSoC5/UART_INT.c ****             #ifdef UART_RXISR_ERROR_CALLBACK
 107:Generated_Source\PSoC5/UART_INT.c ****                 UART_RXISR_ERROR_Callback();
 108:Generated_Source\PSoC5/UART_INT.c ****             #endif /* UART_RXISR_ERROR_CALLBACK */
 109:Generated_Source\PSoC5/UART_INT.c ****             }
 110:Generated_Source\PSoC5/UART_INT.c ****             
 111:Generated_Source\PSoC5/UART_INT.c ****             if((readStatus & UART_RX_STS_FIFO_NOTEMPTY) != 0u)
 112:Generated_Source\PSoC5/UART_INT.c ****             {
 113:Generated_Source\PSoC5/UART_INT.c ****                 /* Read data from the RX data register */
 114:Generated_Source\PSoC5/UART_INT.c ****                 readData = UART_RXDATA_REG;
 115:Generated_Source\PSoC5/UART_INT.c ****             #if (UART_RXHW_ADDRESS_ENABLED)
 116:Generated_Source\PSoC5/UART_INT.c ****                 if(UART_rxAddressMode == (uint8)UART__B_UART__AM_SW_DETECT_TO_BUFFER)
 117:Generated_Source\PSoC5/UART_INT.c ****                 {
 118:Generated_Source\PSoC5/UART_INT.c ****                     if((readStatus & UART_RX_STS_MRKSPC) != 0u)
 119:Generated_Source\PSoC5/UART_INT.c ****                     {
 120:Generated_Source\PSoC5/UART_INT.c ****                         if ((readStatus & UART_RX_STS_ADDR_MATCH) != 0u)
 121:Generated_Source\PSoC5/UART_INT.c ****                         {
 122:Generated_Source\PSoC5/UART_INT.c ****                             UART_rxAddressDetected = 1u;
 123:Generated_Source\PSoC5/UART_INT.c ****                         }
 124:Generated_Source\PSoC5/UART_INT.c ****                         else
 125:Generated_Source\PSoC5/UART_INT.c ****                         {
 126:Generated_Source\PSoC5/UART_INT.c ****                             UART_rxAddressDetected = 0u;
 127:Generated_Source\PSoC5/UART_INT.c ****                         }
 128:Generated_Source\PSoC5/UART_INT.c ****                     }
 129:Generated_Source\PSoC5/UART_INT.c ****                     if(UART_rxAddressDetected != 0u)
 130:Generated_Source\PSoC5/UART_INT.c ****                     {   /* Store only addressed data */
ARM GAS  C:\Users\chemi\AppData\Local\Temp\cc8SJyZg.s 			page 4


 131:Generated_Source\PSoC5/UART_INT.c ****                         UART_rxBuffer[UART_rxBufferWrite] = readData;
 132:Generated_Source\PSoC5/UART_INT.c ****                         increment_pointer = 1u;
 133:Generated_Source\PSoC5/UART_INT.c ****                     }
 134:Generated_Source\PSoC5/UART_INT.c ****                 }
 135:Generated_Source\PSoC5/UART_INT.c ****                 else /* Without software addressing */
 136:Generated_Source\PSoC5/UART_INT.c ****                 {
 137:Generated_Source\PSoC5/UART_INT.c ****                     UART_rxBuffer[UART_rxBufferWrite] = readData;
 138:Generated_Source\PSoC5/UART_INT.c ****                     increment_pointer = 1u;
 139:Generated_Source\PSoC5/UART_INT.c ****                 }
 140:Generated_Source\PSoC5/UART_INT.c ****             #else  /* Without addressing */
 141:Generated_Source\PSoC5/UART_INT.c ****                 UART_rxBuffer[UART_rxBufferWrite] = readData;
  42              		.loc 1 141 0
  43 0004 1E49     		ldr	r1, .L15
 142:Generated_Source\PSoC5/UART_INT.c ****                 increment_pointer = 1u;
 143:Generated_Source\PSoC5/UART_INT.c ****             #endif /* (UART_RXHW_ADDRESS_ENABLED) */
 144:Generated_Source\PSoC5/UART_INT.c **** 
 145:Generated_Source\PSoC5/UART_INT.c ****                 /* Do not increment buffer pointer when skip not addressed data */
 146:Generated_Source\PSoC5/UART_INT.c ****                 if(increment_pointer != 0u)
 147:Generated_Source\PSoC5/UART_INT.c ****                 {
 148:Generated_Source\PSoC5/UART_INT.c ****                     if(UART_rxBufferLoopDetect != 0u)
  44              		.loc 1 148 0
  45 0006 1F4C     		ldr	r4, .L15+4
  46 0008 0A46     		mov	r2, r1
  47 000a 2546     		mov	r5, r4
  86:Generated_Source\PSoC5/UART_INT.c ****             /* Copy the same status to readData variable for backward compatibility support 
  48              		.loc 1 86 0
  49 000c 1E4E     		ldr	r6, .L15+8
  98:Generated_Source\PSoC5/UART_INT.c ****                                                             UART_RX_STS_PAR_ERROR | 
  50              		.loc 1 98 0
  51 000e 1F48     		ldr	r0, .L15+12
 114:Generated_Source\PSoC5/UART_INT.c ****             #if (UART_RXHW_ADDRESS_ENABLED)
  52              		.loc 1 114 0
  53 0010 1F4F     		ldr	r7, .L15+16
 141:Generated_Source\PSoC5/UART_INT.c ****                 increment_pointer = 1u;
  54              		.loc 1 141 0
  55 0012 DFF884E0 		ldr	lr, .L15+24
 149:Generated_Source\PSoC5/UART_INT.c ****                     {   /* Set Software Buffer status Overflow */
 150:Generated_Source\PSoC5/UART_INT.c ****                         UART_rxBufferOverflow = 1u;
  56              		.loc 1 150 0
  57 0016 DFF884C0 		ldr	ip, .L15+28
  58              	.LVL1:
  59              	.L7:
  86:Generated_Source\PSoC5/UART_INT.c ****             /* Copy the same status to readData variable for backward compatibility support 
  60              		.loc 1 86 0
  61 001a 3378     		ldrb	r3, [r6]	@ zero_extendqisi2
  62 001c DBB2     		uxtb	r3, r3
  63              	.LVL2:
  92:Generated_Source\PSoC5/UART_INT.c ****                             UART_RX_STS_PAR_ERROR |
  64              		.loc 1 92 0
  65 001e 13F01E09 		ands	r9, r3, #30
  98:Generated_Source\PSoC5/UART_INT.c ****                                                             UART_RX_STS_PAR_ERROR | 
  66              		.loc 1 98 0
  67 0022 1EBF     		ittt	ne
  68 0024 90F80080 		ldrbne	r8, [r0]	@ zero_extendqisi2
  69 0028 49EA0808 		orrne	r8, r9, r8
  70 002c 80F80080 		strbne	r8, [r0]
 111:Generated_Source\PSoC5/UART_INT.c ****             {
ARM GAS  C:\Users\chemi\AppData\Local\Temp\cc8SJyZg.s 			page 5


  71              		.loc 1 111 0
  72 0030 9B06     		lsls	r3, r3, #26
  73              	.LVL3:
  74 0032 23D5     		bpl	.L1
 114:Generated_Source\PSoC5/UART_INT.c ****             #if (UART_RXHW_ADDRESS_ENABLED)
  75              		.loc 1 114 0
  76 0034 97F80080 		ldrb	r8, [r7]	@ zero_extendqisi2
 141:Generated_Source\PSoC5/UART_INT.c ****                 increment_pointer = 1u;
  77              		.loc 1 141 0
  78 0038 0B88     		ldrh	r3, [r1]
 114:Generated_Source\PSoC5/UART_INT.c ****             #if (UART_RXHW_ADDRESS_ENABLED)
  79              		.loc 1 114 0
  80 003a 5FFA88F8 		uxtb	r8, r8
  81              	.LVL4:
 141:Generated_Source\PSoC5/UART_INT.c ****                 increment_pointer = 1u;
  82              		.loc 1 141 0
  83 003e 9BB2     		uxth	r3, r3
  84 0040 0EF80380 		strb	r8, [lr, r3]
  85              	.LVL5:
 148:Generated_Source\PSoC5/UART_INT.c ****                     {   /* Set Software Buffer status Overflow */
  86              		.loc 1 148 0
  87 0044 2378     		ldrb	r3, [r4]	@ zero_extendqisi2
  88 0046 13B1     		cbz	r3, .L4
  89              		.loc 1 150 0
  90 0048 0123     		movs	r3, #1
  91 004a 8CF80030 		strb	r3, [ip]
  92              	.L4:
 151:Generated_Source\PSoC5/UART_INT.c ****                     }
 152:Generated_Source\PSoC5/UART_INT.c ****                     /* Set next pointer. */
 153:Generated_Source\PSoC5/UART_INT.c ****                     UART_rxBufferWrite++;
  93              		.loc 1 153 0
  94 004e 1388     		ldrh	r3, [r2]
  95 0050 0133     		adds	r3, r3, #1
  96 0052 9BB2     		uxth	r3, r3
  97 0054 1380     		strh	r3, [r2]	@ movhi
 154:Generated_Source\PSoC5/UART_INT.c **** 
 155:Generated_Source\PSoC5/UART_INT.c ****                     /* Check pointer for a loop condition */
 156:Generated_Source\PSoC5/UART_INT.c ****                     if(UART_rxBufferWrite >= UART_RX_BUFFER_SIZE)
  98              		.loc 1 156 0
  99 0056 1388     		ldrh	r3, [r2]
 100 0058 9BB2     		uxth	r3, r3
 101 005a B3F5806F 		cmp	r3, #1024
 157:Generated_Source\PSoC5/UART_INT.c ****                     {
 158:Generated_Source\PSoC5/UART_INT.c ****                         UART_rxBufferWrite = 0u;
 102              		.loc 1 158 0
 103 005e 24BF     		itt	cs
 104 0060 0023     		movcs	r3, #0
 105 0062 0B80     		strhcs	r3, [r1]	@ movhi
 159:Generated_Source\PSoC5/UART_INT.c ****                     }
 160:Generated_Source\PSoC5/UART_INT.c **** 
 161:Generated_Source\PSoC5/UART_INT.c ****                     /* Detect pre-overload condition and set flag */
 162:Generated_Source\PSoC5/UART_INT.c ****                     if(UART_rxBufferWrite == UART_rxBufferRead)
 106              		.loc 1 162 0
 107 0064 0B4B     		ldr	r3, .L15+20
 108 0066 B2F80080 		ldrh	r8, [r2]
 109              	.LVL6:
 110 006a 1B88     		ldrh	r3, [r3]
ARM GAS  C:\Users\chemi\AppData\Local\Temp\cc8SJyZg.s 			page 6


 111 006c 1FFA88F8 		uxth	r8, r8
 112 0070 9BB2     		uxth	r3, r3
 113 0072 9845     		cmp	r8, r3
 114 0074 D1D1     		bne	.L7
 163:Generated_Source\PSoC5/UART_INT.c ****                     {
 164:Generated_Source\PSoC5/UART_INT.c ****                         UART_rxBufferLoopDetect = 1u;
 115              		.loc 1 164 0
 116 0076 0123     		movs	r3, #1
 117 0078 2B70     		strb	r3, [r5]
 118 007a CEE7     		b	.L7
 119              	.LVL7:
 120              	.L1:
 121 007c BDE8F083 		pop	{r4, r5, r6, r7, r8, r9, pc}
 122              	.L16:
 123              		.align	2
 124              	.L15:
 125 0080 00000000 		.word	UART_rxBufferWrite
 126 0084 00000000 		.word	UART_rxBufferLoopDetect
 127 0088 64640040 		.word	1073767524
 128 008c 00000000 		.word	UART_errorStatus
 129 0090 44650040 		.word	1073767748
 130 0094 00000000 		.word	UART_rxBufferRead
 131 0098 00000000 		.word	UART_rxBuffer
 132 009c 00000000 		.word	UART_rxBufferOverflow
 133              		.cfi_endproc
 134              	.LFE0:
 135              		.size	UART_RXISR, .-UART_RXISR
 136              		.section	.text.UART_TXISR,"ax",%progbits
 137              		.align	1
 138              		.global	UART_TXISR
 139              		.thumb
 140              		.thumb_func
 141              		.type	UART_TXISR, %function
 142              	UART_TXISR:
 143              	.LFB1:
 165:Generated_Source\PSoC5/UART_INT.c ****                         /* When Hardware Flow Control selected */
 166:Generated_Source\PSoC5/UART_INT.c ****                         #if (UART_FLOW_CONTROL != 0u)
 167:Generated_Source\PSoC5/UART_INT.c ****                             /* Disable RX interrupt mask, it is enabled when user read data from th
 168:Generated_Source\PSoC5/UART_INT.c ****                             UART_RXSTATUS_MASK_REG  &= (uint8)~UART_RX_STS_FIFO_NOTEMPTY;
 169:Generated_Source\PSoC5/UART_INT.c ****                             CyIntClearPending(UART_RX_VECT_NUM);
 170:Generated_Source\PSoC5/UART_INT.c ****                             break; /* Break the reading of the FIFO loop, leave the data there for 
 171:Generated_Source\PSoC5/UART_INT.c ****                         #endif /* (UART_FLOW_CONTROL != 0u) */
 172:Generated_Source\PSoC5/UART_INT.c ****                     }
 173:Generated_Source\PSoC5/UART_INT.c ****                 }
 174:Generated_Source\PSoC5/UART_INT.c ****             }
 175:Generated_Source\PSoC5/UART_INT.c ****         }while((readStatus & UART_RX_STS_FIFO_NOTEMPTY) != 0u);
 176:Generated_Source\PSoC5/UART_INT.c **** 
 177:Generated_Source\PSoC5/UART_INT.c ****         /* User code required at end of ISR (Optional) */
 178:Generated_Source\PSoC5/UART_INT.c ****         /* `#START UART_RXISR_END` */
 179:Generated_Source\PSoC5/UART_INT.c **** 
 180:Generated_Source\PSoC5/UART_INT.c ****         /* `#END` */
 181:Generated_Source\PSoC5/UART_INT.c **** 
 182:Generated_Source\PSoC5/UART_INT.c ****     #ifdef UART_RXISR_EXIT_CALLBACK
 183:Generated_Source\PSoC5/UART_INT.c ****         UART_RXISR_ExitCallback();
 184:Generated_Source\PSoC5/UART_INT.c ****     #endif /* UART_RXISR_EXIT_CALLBACK */
 185:Generated_Source\PSoC5/UART_INT.c **** 
 186:Generated_Source\PSoC5/UART_INT.c ****     #if(CY_PSOC3)
ARM GAS  C:\Users\chemi\AppData\Local\Temp\cc8SJyZg.s 			page 7


 187:Generated_Source\PSoC5/UART_INT.c ****         EA = int_en;
 188:Generated_Source\PSoC5/UART_INT.c ****     #endif /* (CY_PSOC3) */
 189:Generated_Source\PSoC5/UART_INT.c ****     }
 190:Generated_Source\PSoC5/UART_INT.c ****     
 191:Generated_Source\PSoC5/UART_INT.c **** #endif /* (UART_RX_INTERRUPT_ENABLED && (UART_RX_ENABLED || UART_HD_ENABLED)) */
 192:Generated_Source\PSoC5/UART_INT.c **** 
 193:Generated_Source\PSoC5/UART_INT.c **** 
 194:Generated_Source\PSoC5/UART_INT.c **** #if (UART_TX_INTERRUPT_ENABLED && UART_TX_ENABLED)
 195:Generated_Source\PSoC5/UART_INT.c ****     /*******************************************************************************
 196:Generated_Source\PSoC5/UART_INT.c ****     * Function Name: UART_TXISR
 197:Generated_Source\PSoC5/UART_INT.c ****     ********************************************************************************
 198:Generated_Source\PSoC5/UART_INT.c ****     *
 199:Generated_Source\PSoC5/UART_INT.c ****     * Summary:
 200:Generated_Source\PSoC5/UART_INT.c ****     * Interrupt Service Routine for the TX portion of the UART
 201:Generated_Source\PSoC5/UART_INT.c ****     *
 202:Generated_Source\PSoC5/UART_INT.c ****     * Parameters:
 203:Generated_Source\PSoC5/UART_INT.c ****     *  None.
 204:Generated_Source\PSoC5/UART_INT.c ****     *
 205:Generated_Source\PSoC5/UART_INT.c ****     * Return:
 206:Generated_Source\PSoC5/UART_INT.c ****     *  None.
 207:Generated_Source\PSoC5/UART_INT.c ****     *
 208:Generated_Source\PSoC5/UART_INT.c ****     * Global Variables:
 209:Generated_Source\PSoC5/UART_INT.c ****     *  UART_txBuffer - RAM buffer pointer for transmit data from.
 210:Generated_Source\PSoC5/UART_INT.c ****     *  UART_txBufferRead - cyclic index for read and transmit data
 211:Generated_Source\PSoC5/UART_INT.c ****     *     from txBuffer, increments after each transmitted byte.
 212:Generated_Source\PSoC5/UART_INT.c ****     *  UART_rxBufferWrite - cyclic index for write to txBuffer,
 213:Generated_Source\PSoC5/UART_INT.c ****     *     checked to detect available for transmission bytes.
 214:Generated_Source\PSoC5/UART_INT.c ****     *
 215:Generated_Source\PSoC5/UART_INT.c ****     *******************************************************************************/
 216:Generated_Source\PSoC5/UART_INT.c ****     CY_ISR(UART_TXISR)
 217:Generated_Source\PSoC5/UART_INT.c ****     {
 144              		.loc 1 217 0
 145              		.cfi_startproc
 146              		@ args = 0, pretend = 0, frame = 0
 147              		@ frame_needed = 0, uses_anonymous_args = 0
 218:Generated_Source\PSoC5/UART_INT.c ****     #if(CY_PSOC3)
 219:Generated_Source\PSoC5/UART_INT.c ****         uint8 int_en;
 220:Generated_Source\PSoC5/UART_INT.c ****     #endif /* (CY_PSOC3) */
 221:Generated_Source\PSoC5/UART_INT.c **** 
 222:Generated_Source\PSoC5/UART_INT.c ****     #ifdef UART_TXISR_ENTRY_CALLBACK
 223:Generated_Source\PSoC5/UART_INT.c ****         UART_TXISR_EntryCallback();
 224:Generated_Source\PSoC5/UART_INT.c ****     #endif /* UART_TXISR_ENTRY_CALLBACK */
 225:Generated_Source\PSoC5/UART_INT.c **** 
 226:Generated_Source\PSoC5/UART_INT.c ****         /* User code required at start of ISR */
 227:Generated_Source\PSoC5/UART_INT.c ****         /* `#START UART_TXISR_START` */
 228:Generated_Source\PSoC5/UART_INT.c **** 
 229:Generated_Source\PSoC5/UART_INT.c ****         /* `#END` */
 230:Generated_Source\PSoC5/UART_INT.c **** 
 231:Generated_Source\PSoC5/UART_INT.c ****     #if(CY_PSOC3)   /* Make sure nested interrupt is enabled */
 232:Generated_Source\PSoC5/UART_INT.c ****         int_en = EA;
 233:Generated_Source\PSoC5/UART_INT.c ****         CyGlobalIntEnable;
 234:Generated_Source\PSoC5/UART_INT.c ****     #endif /* (CY_PSOC3) */
 235:Generated_Source\PSoC5/UART_INT.c **** 
 236:Generated_Source\PSoC5/UART_INT.c ****         while((UART_txBufferRead != UART_txBufferWrite) &&
 148              		.loc 1 236 0
 149 0000 114A     		ldr	r2, .L22
 217:Generated_Source\PSoC5/UART_INT.c ****     #if(CY_PSOC3)
ARM GAS  C:\Users\chemi\AppData\Local\Temp\cc8SJyZg.s 			page 8


 150              		.loc 1 217 0
 151 0002 F0B5     		push	{r4, r5, r6, r7, lr}
 152              		.cfi_def_cfa_offset 20
 153              		.cfi_offset 4, -20
 154              		.cfi_offset 5, -16
 155              		.cfi_offset 6, -12
 156              		.cfi_offset 7, -8
 157              		.cfi_offset 14, -4
 158 0004 1146     		mov	r1, r2
 159              		.loc 1 236 0
 160 0006 114C     		ldr	r4, .L22+4
 237:Generated_Source\PSoC5/UART_INT.c ****              ((UART_TXSTATUS_REG & UART_TX_STS_FIFO_FULL) == 0u))
 161              		.loc 1 237 0
 162 0008 1148     		ldr	r0, .L22+8
 238:Generated_Source\PSoC5/UART_INT.c ****         {
 239:Generated_Source\PSoC5/UART_INT.c ****             /* Check pointer wrap around */
 240:Generated_Source\PSoC5/UART_INT.c ****             if(UART_txBufferRead >= UART_TX_BUFFER_SIZE)
 241:Generated_Source\PSoC5/UART_INT.c ****             {
 242:Generated_Source\PSoC5/UART_INT.c ****                 UART_txBufferRead = 0u;
 243:Generated_Source\PSoC5/UART_INT.c ****             }
 244:Generated_Source\PSoC5/UART_INT.c **** 
 245:Generated_Source\PSoC5/UART_INT.c ****             UART_TXDATA_REG = UART_txBuffer[UART_txBufferRead];
 163              		.loc 1 245 0
 164 000a 124D     		ldr	r5, .L22+12
 165 000c 124E     		ldr	r6, .L22+16
 166              	.L18:
 236:Generated_Source\PSoC5/UART_INT.c ****              ((UART_TXSTATUS_REG & UART_TX_STS_FIFO_FULL) == 0u))
 167              		.loc 1 236 0
 168 000e 1388     		ldrh	r3, [r2]
 169 0010 2788     		ldrh	r7, [r4]
 170 0012 9BB2     		uxth	r3, r3
 171 0014 9F42     		cmp	r7, r3
 172 0016 15D0     		beq	.L17
 237:Generated_Source\PSoC5/UART_INT.c ****              ((UART_TXSTATUS_REG & UART_TX_STS_FIFO_FULL) == 0u))
 173              		.loc 1 237 0 discriminator 1
 174 0018 0378     		ldrb	r3, [r0]	@ zero_extendqisi2
 236:Generated_Source\PSoC5/UART_INT.c ****              ((UART_TXSTATUS_REG & UART_TX_STS_FIFO_FULL) == 0u))
 175              		.loc 1 236 0 discriminator 1
 176 001a 03F00403 		and	r3, r3, #4
 177 001e 03F0FF07 		and	r7, r3, #255
 178 0022 7BB9     		cbnz	r3, .L17
 240:Generated_Source\PSoC5/UART_INT.c ****             {
 179              		.loc 1 240 0
 180 0024 1388     		ldrh	r3, [r2]
 181 0026 9BB2     		uxth	r3, r3
 182 0028 B3F5806F 		cmp	r3, #1024
 242:Generated_Source\PSoC5/UART_INT.c ****             }
 183              		.loc 1 242 0
 184 002c 28BF     		it	cs
 185 002e 1780     		strhcs	r7, [r2]	@ movhi
 186              		.loc 1 245 0
 187 0030 0B88     		ldrh	r3, [r1]
 188 0032 9BB2     		uxth	r3, r3
 189 0034 EB5C     		ldrb	r3, [r5, r3]	@ zero_extendqisi2
 190 0036 DBB2     		uxtb	r3, r3
 191 0038 3370     		strb	r3, [r6]
 246:Generated_Source\PSoC5/UART_INT.c **** 
ARM GAS  C:\Users\chemi\AppData\Local\Temp\cc8SJyZg.s 			page 9


 247:Generated_Source\PSoC5/UART_INT.c ****             /* Set next pointer */
 248:Generated_Source\PSoC5/UART_INT.c ****             UART_txBufferRead++;
 192              		.loc 1 248 0
 193 003a 0B88     		ldrh	r3, [r1]
 194 003c 0133     		adds	r3, r3, #1
 195 003e 9BB2     		uxth	r3, r3
 196 0040 0B80     		strh	r3, [r1]	@ movhi
 197 0042 E4E7     		b	.L18
 198              	.L17:
 199 0044 F0BD     		pop	{r4, r5, r6, r7, pc}
 200              	.L23:
 201 0046 00BF     		.align	2
 202              	.L22:
 203 0048 00000000 		.word	UART_txBufferRead
 204 004c 00000000 		.word	UART_txBufferWrite
 205 0050 67640040 		.word	1073767527
 206 0054 00000000 		.word	UART_txBuffer
 207 0058 47640040 		.word	1073767495
 208              		.cfi_endproc
 209              	.LFE1:
 210              		.size	UART_TXISR, .-UART_TXISR
 211              		.text
 212              	.Letext0:
 213              		.file 2 "Generated_Source\\PSoC5\\cytypes.h"
 214              		.file 3 "Generated_Source\\PSoC5\\UART.h"
 215              		.section	.debug_info,"",%progbits
 216              	.Ldebug_info0:
 217 0000 8D010000 		.4byte	0x18d
 218 0004 0400     		.2byte	0x4
 219 0006 00000000 		.4byte	.Ldebug_abbrev0
 220 000a 04       		.byte	0x4
 221 000b 01       		.uleb128 0x1
 222 000c 74000000 		.4byte	.LASF28
 223 0010 0C       		.byte	0xc
 224 0011 47020000 		.4byte	.LASF29
 225 0015 22020000 		.4byte	.LASF30
 226 0019 00000000 		.4byte	.Ldebug_ranges0+0
 227 001d 00000000 		.4byte	0
 228 0021 00000000 		.4byte	.Ldebug_line0
 229 0025 02       		.uleb128 0x2
 230 0026 01       		.byte	0x1
 231 0027 06       		.byte	0x6
 232 0028 16020000 		.4byte	.LASF0
 233 002c 02       		.uleb128 0x2
 234 002d 01       		.byte	0x1
 235 002e 08       		.byte	0x8
 236 002f 4F000000 		.4byte	.LASF1
 237 0033 02       		.uleb128 0x2
 238 0034 02       		.byte	0x2
 239 0035 05       		.byte	0x5
 240 0036 D9010000 		.4byte	.LASF2
 241 003a 02       		.uleb128 0x2
 242 003b 02       		.byte	0x2
 243 003c 07       		.byte	0x7
 244 003d 26000000 		.4byte	.LASF3
 245 0041 02       		.uleb128 0x2
 246 0042 04       		.byte	0x4
ARM GAS  C:\Users\chemi\AppData\Local\Temp\cc8SJyZg.s 			page 10


 247 0043 05       		.byte	0x5
 248 0044 F6010000 		.4byte	.LASF4
 249 0048 02       		.uleb128 0x2
 250 0049 04       		.byte	0x4
 251 004a 07       		.byte	0x7
 252 004b 62000000 		.4byte	.LASF5
 253 004f 02       		.uleb128 0x2
 254 0050 08       		.byte	0x8
 255 0051 05       		.byte	0x5
 256 0052 96010000 		.4byte	.LASF6
 257 0056 02       		.uleb128 0x2
 258 0057 08       		.byte	0x8
 259 0058 07       		.byte	0x7
 260 0059 60010000 		.4byte	.LASF7
 261 005d 03       		.uleb128 0x3
 262 005e 04       		.byte	0x4
 263 005f 05       		.byte	0x5
 264 0060 696E7400 		.ascii	"int\000"
 265 0064 02       		.uleb128 0x2
 266 0065 04       		.byte	0x4
 267 0066 07       		.byte	0x7
 268 0067 53010000 		.4byte	.LASF8
 269 006b 04       		.uleb128 0x4
 270 006c 0D010000 		.4byte	.LASF9
 271 0070 02       		.byte	0x2
 272 0071 9201     		.2byte	0x192
 273 0073 2C000000 		.4byte	0x2c
 274 0077 04       		.uleb128 0x4
 275 0078 39010000 		.4byte	.LASF10
 276 007c 02       		.byte	0x2
 277 007d 9301     		.2byte	0x193
 278 007f 3A000000 		.4byte	0x3a
 279 0083 02       		.uleb128 0x2
 280 0084 04       		.byte	0x4
 281 0085 04       		.byte	0x4
 282 0086 12000000 		.4byte	.LASF11
 283 008a 02       		.uleb128 0x2
 284 008b 08       		.byte	0x8
 285 008c 04       		.byte	0x4
 286 008d 21010000 		.4byte	.LASF12
 287 0091 02       		.uleb128 0x2
 288 0092 01       		.byte	0x1
 289 0093 08       		.byte	0x8
 290 0094 FF010000 		.4byte	.LASF13
 291 0098 04       		.uleb128 0x4
 292 0099 5D000000 		.4byte	.LASF14
 293 009d 02       		.byte	0x2
 294 009e 3C02     		.2byte	0x23c
 295 00a0 A4000000 		.4byte	0xa4
 296 00a4 05       		.uleb128 0x5
 297 00a5 6B000000 		.4byte	0x6b
 298 00a9 05       		.uleb128 0x5
 299 00aa 77000000 		.4byte	0x77
 300 00ae 02       		.uleb128 0x2
 301 00af 04       		.byte	0x4
 302 00b0 07       		.byte	0x7
 303 00b1 8D010000 		.4byte	.LASF15
ARM GAS  C:\Users\chemi\AppData\Local\Temp\cc8SJyZg.s 			page 11


 304 00b5 06       		.uleb128 0x6
 305 00b6 39000000 		.4byte	.LASF31
 306 00ba 01       		.byte	0x1
 307 00bb 3B       		.byte	0x3b
 308 00bc 00000000 		.4byte	.LFB0
 309 00c0 A0000000 		.4byte	.LFE0-.LFB0
 310 00c4 01       		.uleb128 0x1
 311 00c5 9C       		.byte	0x9c
 312 00c6 F8000000 		.4byte	0xf8
 313 00ca 07       		.uleb128 0x7
 314 00cb 69020000 		.4byte	.LASF16
 315 00cf 01       		.byte	0x1
 316 00d0 3D       		.byte	0x3d
 317 00d1 6B000000 		.4byte	0x6b
 318 00d5 00000000 		.4byte	.LLST0
 319 00d9 07       		.uleb128 0x7
 320 00da 44000000 		.4byte	.LASF17
 321 00de 01       		.byte	0x1
 322 00df 3E       		.byte	0x3e
 323 00e0 6B000000 		.4byte	0x6b
 324 00e4 1E000000 		.4byte	.LLST1
 325 00e8 07       		.uleb128 0x7
 326 00e9 AF010000 		.4byte	.LASF18
 327 00ed 01       		.byte	0x1
 328 00ee 3F       		.byte	0x3f
 329 00ef 6B000000 		.4byte	0x6b
 330 00f3 31000000 		.4byte	.LLST2
 331 00f7 00       		.byte	0
 332 00f8 08       		.uleb128 0x8
 333 00f9 A4010000 		.4byte	.LASF32
 334 00fd 01       		.byte	0x1
 335 00fe D8       		.byte	0xd8
 336 00ff 00000000 		.4byte	.LFB1
 337 0103 5C000000 		.4byte	.LFE1-.LFB1
 338 0107 01       		.uleb128 0x1
 339 0108 9C       		.byte	0x9c
 340 0109 09       		.uleb128 0x9
 341 010a A4000000 		.4byte	0xa4
 342 010e 1A010000 		.4byte	0x11a
 343 0112 0A       		.uleb128 0xa
 344 0113 AE000000 		.4byte	0xae
 345 0117 FF03     		.2byte	0x3ff
 346 0119 00       		.byte	0
 347 011a 0B       		.uleb128 0xb
 348 011b 18000000 		.4byte	.LASF19
 349 011f 03       		.byte	0x3
 350 0120 3801     		.2byte	0x138
 351 0122 26010000 		.4byte	0x126
 352 0126 05       		.uleb128 0x5
 353 0127 09010000 		.4byte	0x109
 354 012b 0B       		.uleb128 0xb
 355 012c 04020000 		.4byte	.LASF20
 356 0130 03       		.byte	0x3
 357 0131 3901     		.2byte	0x139
 358 0133 A9000000 		.4byte	0xa9
 359 0137 0B       		.uleb128 0xb
 360 0138 E3010000 		.4byte	.LASF21
ARM GAS  C:\Users\chemi\AppData\Local\Temp\cc8SJyZg.s 			page 12


 361 013c 03       		.byte	0x3
 362 013d 3A01     		.2byte	0x13a
 363 013f 77000000 		.4byte	0x77
 364 0143 0B       		.uleb128 0xb
 365 0144 28010000 		.4byte	.LASF22
 366 0148 03       		.byte	0x3
 367 0149 3D01     		.2byte	0x13d
 368 014b 6B000000 		.4byte	0x6b
 369 014f 0B       		.uleb128 0xb
 370 0150 13010000 		.4byte	.LASF23
 371 0154 03       		.byte	0x3
 372 0155 3E01     		.2byte	0x13e
 373 0157 5B010000 		.4byte	0x15b
 374 015b 05       		.uleb128 0x5
 375 015c 09010000 		.4byte	0x109
 376 0160 0B       		.uleb128 0xb
 377 0161 00000000 		.4byte	.LASF24
 378 0165 03       		.byte	0x3
 379 0166 3F01     		.2byte	0x13f
 380 0168 A9000000 		.4byte	0xa9
 381 016c 0B       		.uleb128 0xb
 382 016d 40010000 		.4byte	.LASF25
 383 0171 03       		.byte	0x3
 384 0172 4001     		.2byte	0x140
 385 0174 A9000000 		.4byte	0xa9
 386 0178 0B       		.uleb128 0xb
 387 0179 C1010000 		.4byte	.LASF26
 388 017d 03       		.byte	0x3
 389 017e 4101     		.2byte	0x141
 390 0180 A4000000 		.4byte	0xa4
 391 0184 0B       		.uleb128 0xb
 392 0185 77010000 		.4byte	.LASF27
 393 0189 03       		.byte	0x3
 394 018a 4201     		.2byte	0x142
 395 018c A4000000 		.4byte	0xa4
 396 0190 00       		.byte	0
 397              		.section	.debug_abbrev,"",%progbits
 398              	.Ldebug_abbrev0:
 399 0000 01       		.uleb128 0x1
 400 0001 11       		.uleb128 0x11
 401 0002 01       		.byte	0x1
 402 0003 25       		.uleb128 0x25
 403 0004 0E       		.uleb128 0xe
 404 0005 13       		.uleb128 0x13
 405 0006 0B       		.uleb128 0xb
 406 0007 03       		.uleb128 0x3
 407 0008 0E       		.uleb128 0xe
 408 0009 1B       		.uleb128 0x1b
 409 000a 0E       		.uleb128 0xe
 410 000b 55       		.uleb128 0x55
 411 000c 17       		.uleb128 0x17
 412 000d 11       		.uleb128 0x11
 413 000e 01       		.uleb128 0x1
 414 000f 10       		.uleb128 0x10
 415 0010 17       		.uleb128 0x17
 416 0011 00       		.byte	0
 417 0012 00       		.byte	0
ARM GAS  C:\Users\chemi\AppData\Local\Temp\cc8SJyZg.s 			page 13


 418 0013 02       		.uleb128 0x2
 419 0014 24       		.uleb128 0x24
 420 0015 00       		.byte	0
 421 0016 0B       		.uleb128 0xb
 422 0017 0B       		.uleb128 0xb
 423 0018 3E       		.uleb128 0x3e
 424 0019 0B       		.uleb128 0xb
 425 001a 03       		.uleb128 0x3
 426 001b 0E       		.uleb128 0xe
 427 001c 00       		.byte	0
 428 001d 00       		.byte	0
 429 001e 03       		.uleb128 0x3
 430 001f 24       		.uleb128 0x24
 431 0020 00       		.byte	0
 432 0021 0B       		.uleb128 0xb
 433 0022 0B       		.uleb128 0xb
 434 0023 3E       		.uleb128 0x3e
 435 0024 0B       		.uleb128 0xb
 436 0025 03       		.uleb128 0x3
 437 0026 08       		.uleb128 0x8
 438 0027 00       		.byte	0
 439 0028 00       		.byte	0
 440 0029 04       		.uleb128 0x4
 441 002a 16       		.uleb128 0x16
 442 002b 00       		.byte	0
 443 002c 03       		.uleb128 0x3
 444 002d 0E       		.uleb128 0xe
 445 002e 3A       		.uleb128 0x3a
 446 002f 0B       		.uleb128 0xb
 447 0030 3B       		.uleb128 0x3b
 448 0031 05       		.uleb128 0x5
 449 0032 49       		.uleb128 0x49
 450 0033 13       		.uleb128 0x13
 451 0034 00       		.byte	0
 452 0035 00       		.byte	0
 453 0036 05       		.uleb128 0x5
 454 0037 35       		.uleb128 0x35
 455 0038 00       		.byte	0
 456 0039 49       		.uleb128 0x49
 457 003a 13       		.uleb128 0x13
 458 003b 00       		.byte	0
 459 003c 00       		.byte	0
 460 003d 06       		.uleb128 0x6
 461 003e 2E       		.uleb128 0x2e
 462 003f 01       		.byte	0x1
 463 0040 3F       		.uleb128 0x3f
 464 0041 19       		.uleb128 0x19
 465 0042 03       		.uleb128 0x3
 466 0043 0E       		.uleb128 0xe
 467 0044 3A       		.uleb128 0x3a
 468 0045 0B       		.uleb128 0xb
 469 0046 3B       		.uleb128 0x3b
 470 0047 0B       		.uleb128 0xb
 471 0048 27       		.uleb128 0x27
 472 0049 19       		.uleb128 0x19
 473 004a 11       		.uleb128 0x11
 474 004b 01       		.uleb128 0x1
ARM GAS  C:\Users\chemi\AppData\Local\Temp\cc8SJyZg.s 			page 14


 475 004c 12       		.uleb128 0x12
 476 004d 06       		.uleb128 0x6
 477 004e 40       		.uleb128 0x40
 478 004f 18       		.uleb128 0x18
 479 0050 9742     		.uleb128 0x2117
 480 0052 19       		.uleb128 0x19
 481 0053 01       		.uleb128 0x1
 482 0054 13       		.uleb128 0x13
 483 0055 00       		.byte	0
 484 0056 00       		.byte	0
 485 0057 07       		.uleb128 0x7
 486 0058 34       		.uleb128 0x34
 487 0059 00       		.byte	0
 488 005a 03       		.uleb128 0x3
 489 005b 0E       		.uleb128 0xe
 490 005c 3A       		.uleb128 0x3a
 491 005d 0B       		.uleb128 0xb
 492 005e 3B       		.uleb128 0x3b
 493 005f 0B       		.uleb128 0xb
 494 0060 49       		.uleb128 0x49
 495 0061 13       		.uleb128 0x13
 496 0062 02       		.uleb128 0x2
 497 0063 17       		.uleb128 0x17
 498 0064 00       		.byte	0
 499 0065 00       		.byte	0
 500 0066 08       		.uleb128 0x8
 501 0067 2E       		.uleb128 0x2e
 502 0068 00       		.byte	0
 503 0069 3F       		.uleb128 0x3f
 504 006a 19       		.uleb128 0x19
 505 006b 03       		.uleb128 0x3
 506 006c 0E       		.uleb128 0xe
 507 006d 3A       		.uleb128 0x3a
 508 006e 0B       		.uleb128 0xb
 509 006f 3B       		.uleb128 0x3b
 510 0070 0B       		.uleb128 0xb
 511 0071 27       		.uleb128 0x27
 512 0072 19       		.uleb128 0x19
 513 0073 11       		.uleb128 0x11
 514 0074 01       		.uleb128 0x1
 515 0075 12       		.uleb128 0x12
 516 0076 06       		.uleb128 0x6
 517 0077 40       		.uleb128 0x40
 518 0078 18       		.uleb128 0x18
 519 0079 9742     		.uleb128 0x2117
 520 007b 19       		.uleb128 0x19
 521 007c 00       		.byte	0
 522 007d 00       		.byte	0
 523 007e 09       		.uleb128 0x9
 524 007f 01       		.uleb128 0x1
 525 0080 01       		.byte	0x1
 526 0081 49       		.uleb128 0x49
 527 0082 13       		.uleb128 0x13
 528 0083 01       		.uleb128 0x1
 529 0084 13       		.uleb128 0x13
 530 0085 00       		.byte	0
 531 0086 00       		.byte	0
ARM GAS  C:\Users\chemi\AppData\Local\Temp\cc8SJyZg.s 			page 15


 532 0087 0A       		.uleb128 0xa
 533 0088 21       		.uleb128 0x21
 534 0089 00       		.byte	0
 535 008a 49       		.uleb128 0x49
 536 008b 13       		.uleb128 0x13
 537 008c 2F       		.uleb128 0x2f
 538 008d 05       		.uleb128 0x5
 539 008e 00       		.byte	0
 540 008f 00       		.byte	0
 541 0090 0B       		.uleb128 0xb
 542 0091 34       		.uleb128 0x34
 543 0092 00       		.byte	0
 544 0093 03       		.uleb128 0x3
 545 0094 0E       		.uleb128 0xe
 546 0095 3A       		.uleb128 0x3a
 547 0096 0B       		.uleb128 0xb
 548 0097 3B       		.uleb128 0x3b
 549 0098 05       		.uleb128 0x5
 550 0099 49       		.uleb128 0x49
 551 009a 13       		.uleb128 0x13
 552 009b 3F       		.uleb128 0x3f
 553 009c 19       		.uleb128 0x19
 554 009d 3C       		.uleb128 0x3c
 555 009e 19       		.uleb128 0x19
 556 009f 00       		.byte	0
 557 00a0 00       		.byte	0
 558 00a1 00       		.byte	0
 559              		.section	.debug_loc,"",%progbits
 560              	.Ldebug_loc0:
 561              	.LLST0:
 562 0000 1E000000 		.4byte	.LVL2
 563 0004 32000000 		.4byte	.LVL3
 564 0008 0100     		.2byte	0x1
 565 000a 53       		.byte	0x53
 566 000b 3E000000 		.4byte	.LVL4
 567 000f 6A000000 		.4byte	.LVL6
 568 0013 0100     		.2byte	0x1
 569 0015 58       		.byte	0x58
 570 0016 00000000 		.4byte	0
 571 001a 00000000 		.4byte	0
 572              	.LLST1:
 573 001e 1E000000 		.4byte	.LVL2
 574 0022 32000000 		.4byte	.LVL3
 575 0026 0100     		.2byte	0x1
 576 0028 53       		.byte	0x53
 577 0029 00000000 		.4byte	0
 578 002d 00000000 		.4byte	0
 579              	.LLST2:
 580 0031 00000000 		.4byte	.LVL0
 581 0035 1A000000 		.4byte	.LVL1
 582 0039 0200     		.2byte	0x2
 583 003b 30       		.byte	0x30
 584 003c 9F       		.byte	0x9f
 585 003d 44000000 		.4byte	.LVL5
 586 0041 7C000000 		.4byte	.LVL7
 587 0045 0200     		.2byte	0x2
 588 0047 31       		.byte	0x31
ARM GAS  C:\Users\chemi\AppData\Local\Temp\cc8SJyZg.s 			page 16


 589 0048 9F       		.byte	0x9f
 590 0049 00000000 		.4byte	0
 591 004d 00000000 		.4byte	0
 592              		.section	.debug_aranges,"",%progbits
 593 0000 24000000 		.4byte	0x24
 594 0004 0200     		.2byte	0x2
 595 0006 00000000 		.4byte	.Ldebug_info0
 596 000a 04       		.byte	0x4
 597 000b 00       		.byte	0
 598 000c 0000     		.2byte	0
 599 000e 0000     		.2byte	0
 600 0010 00000000 		.4byte	.LFB0
 601 0014 A0000000 		.4byte	.LFE0-.LFB0
 602 0018 00000000 		.4byte	.LFB1
 603 001c 5C000000 		.4byte	.LFE1-.LFB1
 604 0020 00000000 		.4byte	0
 605 0024 00000000 		.4byte	0
 606              		.section	.debug_ranges,"",%progbits
 607              	.Ldebug_ranges0:
 608 0000 00000000 		.4byte	.LFB0
 609 0004 A0000000 		.4byte	.LFE0
 610 0008 00000000 		.4byte	.LFB1
 611 000c 5C000000 		.4byte	.LFE1
 612 0010 00000000 		.4byte	0
 613 0014 00000000 		.4byte	0
 614              		.section	.debug_line,"",%progbits
 615              	.Ldebug_line0:
 616 0000 BC000000 		.section	.debug_str,"MS",%progbits,1
 616      02004F00 
 616      00000201 
 616      FB0E0D00 
 616      01010101 
 617              	.LASF24:
 618 0000 55415254 		.ascii	"UART_rxBufferRead\000"
 618      5F727842 
 618      75666665 
 618      72526561 
 618      6400
 619              	.LASF11:
 620 0012 666C6F61 		.ascii	"float\000"
 620      7400
 621              	.LASF19:
 622 0018 55415254 		.ascii	"UART_txBuffer\000"
 622      5F747842 
 622      75666665 
 622      7200
 623              	.LASF3:
 624 0026 73686F72 		.ascii	"short unsigned int\000"
 624      7420756E 
 624      7369676E 
 624      65642069 
 624      6E7400
 625              	.LASF31:
 626 0039 55415254 		.ascii	"UART_RXISR\000"
 626      5F525849 
 626      535200
 627              	.LASF17:
ARM GAS  C:\Users\chemi\AppData\Local\Temp\cc8SJyZg.s 			page 17


 628 0044 72656164 		.ascii	"readStatus\000"
 628      53746174 
 628      757300
 629              	.LASF1:
 630 004f 756E7369 		.ascii	"unsigned char\000"
 630      676E6564 
 630      20636861 
 630      7200
 631              	.LASF14:
 632 005d 72656738 		.ascii	"reg8\000"
 632      00
 633              	.LASF5:
 634 0062 6C6F6E67 		.ascii	"long unsigned int\000"
 634      20756E73 
 634      69676E65 
 634      6420696E 
 634      7400
 635              	.LASF28:
 636 0074 474E5520 		.ascii	"GNU C99 5.4.1 20160609 (release) [ARM/embedded-5-br"
 636      43393920 
 636      352E342E 
 636      31203230 
 636      31363036 
 637 00a7 616E6368 		.ascii	"anch revision 237715] -mcpu=cortex-m3 -mthumb -g -O"
 637      20726576 
 637      6973696F 
 637      6E203233 
 637      37373135 
 638 00da 73202D73 		.ascii	"s -std=gnu99 -ffunction-sections -ffat-lto-objects\000"
 638      74643D67 
 638      6E753939 
 638      202D6666 
 638      756E6374 
 639              	.LASF9:
 640 010d 75696E74 		.ascii	"uint8\000"
 640      3800
 641              	.LASF23:
 642 0113 55415254 		.ascii	"UART_rxBuffer\000"
 642      5F727842 
 642      75666665 
 642      7200
 643              	.LASF12:
 644 0121 646F7562 		.ascii	"double\000"
 644      6C6500
 645              	.LASF22:
 646 0128 55415254 		.ascii	"UART_errorStatus\000"
 646      5F657272 
 646      6F725374 
 646      61747573 
 646      00
 647              	.LASF10:
 648 0139 75696E74 		.ascii	"uint16\000"
 648      313600
 649              	.LASF25:
 650 0140 55415254 		.ascii	"UART_rxBufferWrite\000"
 650      5F727842 
 650      75666665 
ARM GAS  C:\Users\chemi\AppData\Local\Temp\cc8SJyZg.s 			page 18


 650      72577269 
 650      746500
 651              	.LASF8:
 652 0153 756E7369 		.ascii	"unsigned int\000"
 652      676E6564 
 652      20696E74 
 652      00
 653              	.LASF7:
 654 0160 6C6F6E67 		.ascii	"long long unsigned int\000"
 654      206C6F6E 
 654      6720756E 
 654      7369676E 
 654      65642069 
 655              	.LASF27:
 656 0177 55415254 		.ascii	"UART_rxBufferOverflow\000"
 656      5F727842 
 656      75666665 
 656      724F7665 
 656      72666C6F 
 657              	.LASF15:
 658 018d 73697A65 		.ascii	"sizetype\000"
 658      74797065 
 658      00
 659              	.LASF6:
 660 0196 6C6F6E67 		.ascii	"long long int\000"
 660      206C6F6E 
 660      6720696E 
 660      7400
 661              	.LASF32:
 662 01a4 55415254 		.ascii	"UART_TXISR\000"
 662      5F545849 
 662      535200
 663              	.LASF18:
 664 01af 696E6372 		.ascii	"increment_pointer\000"
 664      656D656E 
 664      745F706F 
 664      696E7465 
 664      7200
 665              	.LASF26:
 666 01c1 55415254 		.ascii	"UART_rxBufferLoopDetect\000"
 666      5F727842 
 666      75666665 
 666      724C6F6F 
 666      70446574 
 667              	.LASF2:
 668 01d9 73686F72 		.ascii	"short int\000"
 668      7420696E 
 668      7400
 669              	.LASF21:
 670 01e3 55415254 		.ascii	"UART_txBufferWrite\000"
 670      5F747842 
 670      75666665 
 670      72577269 
 670      746500
 671              	.LASF4:
 672 01f6 6C6F6E67 		.ascii	"long int\000"
 672      20696E74 
ARM GAS  C:\Users\chemi\AppData\Local\Temp\cc8SJyZg.s 			page 19


 672      00
 673              	.LASF13:
 674 01ff 63686172 		.ascii	"char\000"
 674      00
 675              	.LASF20:
 676 0204 55415254 		.ascii	"UART_txBufferRead\000"
 676      5F747842 
 676      75666665 
 676      72526561 
 676      6400
 677              	.LASF0:
 678 0216 7369676E 		.ascii	"signed char\000"
 678      65642063 
 678      68617200 
 679              	.LASF30:
 680 0222 433A5C55 		.ascii	"C:\\Users\\chemi\\UD3_QCW\\UD3_QFN.cydsn\000"
 680      73657273 
 680      5C636865 
 680      6D695C55 
 680      44335F51 
 681              	.LASF29:
 682 0247 47656E65 		.ascii	"Generated_Source\\PSoC5\\UART_INT.c\000"
 682      72617465 
 682      645F536F 
 682      75726365 
 682      5C50536F 
 683              	.LASF16:
 684 0269 72656164 		.ascii	"readData\000"
 684      44617461 
 684      00
 685              		.ident	"GCC: (GNU Tools for ARM Embedded Processors) 5.4.1 20160609 (release) [ARM/embedded-5-bran
