ARM GAS  C:\Users\chemi\AppData\Local\Temp\ccIirTms.s 			page 1


   1              		.syntax unified
   2              		.cpu cortex-m3
   3              		.fpu softvfp
   4              		.eabi_attribute 20, 1
   5              		.eabi_attribute 21, 1
   6              		.eabi_attribute 23, 3
   7              		.eabi_attribute 24, 1
   8              		.eabi_attribute 25, 1
   9              		.eabi_attribute 26, 1
  10              		.eabi_attribute 30, 4
  11              		.eabi_attribute 34, 1
  12              		.eabi_attribute 18, 4
  13              		.thumb
  14              		.syntax unified
  15              		.file	"uart_rx.c"
  16              		.text
  17              	.Ltext0:
  18              		.cfi_sections	.debug_frame
  19              		.section	.text.uart_rx_Interrupt,"ax",%progbits
  20              		.align	1
  21              		.global	uart_rx_Interrupt
  22              		.thumb
  23              		.thumb_func
  24              		.type	uart_rx_Interrupt, %function
  25              	uart_rx_Interrupt:
  26              	.LFB3:
  27              		.file 1 "Generated_Source\\PSoC5\\uart_rx.c"
   1:Generated_Source\PSoC5/uart_rx.c **** /*******************************************************************************
   2:Generated_Source\PSoC5/uart_rx.c **** * File Name: uart_rx.c  
   3:Generated_Source\PSoC5/uart_rx.c **** * Version 1.70
   4:Generated_Source\PSoC5/uart_rx.c **** *
   5:Generated_Source\PSoC5/uart_rx.c **** *  Description:
   6:Generated_Source\PSoC5/uart_rx.c **** *   API for controlling the state of an interrupt.
   7:Generated_Source\PSoC5/uart_rx.c **** *
   8:Generated_Source\PSoC5/uart_rx.c **** *
   9:Generated_Source\PSoC5/uart_rx.c **** *  Note:
  10:Generated_Source\PSoC5/uart_rx.c **** *
  11:Generated_Source\PSoC5/uart_rx.c **** ********************************************************************************
  12:Generated_Source\PSoC5/uart_rx.c **** * Copyright 2008-2015, Cypress Semiconductor Corporation.  All rights reserved.
  13:Generated_Source\PSoC5/uart_rx.c **** * You may use this file only in accordance with the license, terms, conditions, 
  14:Generated_Source\PSoC5/uart_rx.c **** * disclaimers, and limitations in the end user license agreement accompanying 
  15:Generated_Source\PSoC5/uart_rx.c **** * the software package with which this file was provided.
  16:Generated_Source\PSoC5/uart_rx.c **** *******************************************************************************/
  17:Generated_Source\PSoC5/uart_rx.c **** 
  18:Generated_Source\PSoC5/uart_rx.c **** 
  19:Generated_Source\PSoC5/uart_rx.c **** #include <cydevice_trm.h>
  20:Generated_Source\PSoC5/uart_rx.c **** #include <CyLib.h>
  21:Generated_Source\PSoC5/uart_rx.c **** #include <uart_rx.h>
  22:Generated_Source\PSoC5/uart_rx.c **** 
  23:Generated_Source\PSoC5/uart_rx.c **** 
  24:Generated_Source\PSoC5/uart_rx.c **** #if !defined(uart_rx__REMOVED) /* Check for removal by optimization */
  25:Generated_Source\PSoC5/uart_rx.c **** 
  26:Generated_Source\PSoC5/uart_rx.c **** /*******************************************************************************
  27:Generated_Source\PSoC5/uart_rx.c **** *  Place your includes, defines and code here 
  28:Generated_Source\PSoC5/uart_rx.c **** ********************************************************************************/
  29:Generated_Source\PSoC5/uart_rx.c **** /* `#START uart_rx_intc` */
  30:Generated_Source\PSoC5/uart_rx.c **** 
ARM GAS  C:\Users\chemi\AppData\Local\Temp\ccIirTms.s 			page 2


  31:Generated_Source\PSoC5/uart_rx.c **** /* `#END` */
  32:Generated_Source\PSoC5/uart_rx.c **** 
  33:Generated_Source\PSoC5/uart_rx.c **** #ifndef CYINT_IRQ_BASE
  34:Generated_Source\PSoC5/uart_rx.c **** #define CYINT_IRQ_BASE      16
  35:Generated_Source\PSoC5/uart_rx.c **** #endif /* CYINT_IRQ_BASE */
  36:Generated_Source\PSoC5/uart_rx.c **** #ifndef CYINT_VECT_TABLE
  37:Generated_Source\PSoC5/uart_rx.c **** #define CYINT_VECT_TABLE    ((cyisraddress **) CYREG_NVIC_VECT_OFFSET)
  38:Generated_Source\PSoC5/uart_rx.c **** #endif /* CYINT_VECT_TABLE */
  39:Generated_Source\PSoC5/uart_rx.c **** 
  40:Generated_Source\PSoC5/uart_rx.c **** /* Declared in startup, used to set unused interrupts to. */
  41:Generated_Source\PSoC5/uart_rx.c **** CY_ISR_PROTO(IntDefaultHandler);
  42:Generated_Source\PSoC5/uart_rx.c **** 
  43:Generated_Source\PSoC5/uart_rx.c **** 
  44:Generated_Source\PSoC5/uart_rx.c **** /*******************************************************************************
  45:Generated_Source\PSoC5/uart_rx.c **** * Function Name: uart_rx_Start
  46:Generated_Source\PSoC5/uart_rx.c **** ********************************************************************************
  47:Generated_Source\PSoC5/uart_rx.c **** *
  48:Generated_Source\PSoC5/uart_rx.c **** * Summary:
  49:Generated_Source\PSoC5/uart_rx.c **** *  Set up the interrupt and enable it. This function disables the interrupt, 
  50:Generated_Source\PSoC5/uart_rx.c **** *  sets the default interrupt vector, sets the priority from the value in the
  51:Generated_Source\PSoC5/uart_rx.c **** *  Design Wide Resources Interrupt Editor, then enables the interrupt to the 
  52:Generated_Source\PSoC5/uart_rx.c **** *  interrupt controller.
  53:Generated_Source\PSoC5/uart_rx.c **** *
  54:Generated_Source\PSoC5/uart_rx.c **** * Parameters:  
  55:Generated_Source\PSoC5/uart_rx.c **** *   None
  56:Generated_Source\PSoC5/uart_rx.c **** *
  57:Generated_Source\PSoC5/uart_rx.c **** * Return:
  58:Generated_Source\PSoC5/uart_rx.c **** *   None
  59:Generated_Source\PSoC5/uart_rx.c **** *
  60:Generated_Source\PSoC5/uart_rx.c **** *******************************************************************************/
  61:Generated_Source\PSoC5/uart_rx.c **** void uart_rx_Start(void)
  62:Generated_Source\PSoC5/uart_rx.c **** {
  63:Generated_Source\PSoC5/uart_rx.c ****     /* For all we know the interrupt is active. */
  64:Generated_Source\PSoC5/uart_rx.c ****     uart_rx_Disable();
  65:Generated_Source\PSoC5/uart_rx.c **** 
  66:Generated_Source\PSoC5/uart_rx.c ****     /* Set the ISR to point to the uart_rx Interrupt. */
  67:Generated_Source\PSoC5/uart_rx.c ****     uart_rx_SetVector(&uart_rx_Interrupt);
  68:Generated_Source\PSoC5/uart_rx.c **** 
  69:Generated_Source\PSoC5/uart_rx.c ****     /* Set the priority. */
  70:Generated_Source\PSoC5/uart_rx.c ****     uart_rx_SetPriority((uint8)uart_rx_INTC_PRIOR_NUMBER);
  71:Generated_Source\PSoC5/uart_rx.c **** 
  72:Generated_Source\PSoC5/uart_rx.c ****     /* Enable it. */
  73:Generated_Source\PSoC5/uart_rx.c ****     uart_rx_Enable();
  74:Generated_Source\PSoC5/uart_rx.c **** }
  75:Generated_Source\PSoC5/uart_rx.c **** 
  76:Generated_Source\PSoC5/uart_rx.c **** 
  77:Generated_Source\PSoC5/uart_rx.c **** /*******************************************************************************
  78:Generated_Source\PSoC5/uart_rx.c **** * Function Name: uart_rx_StartEx
  79:Generated_Source\PSoC5/uart_rx.c **** ********************************************************************************
  80:Generated_Source\PSoC5/uart_rx.c **** *
  81:Generated_Source\PSoC5/uart_rx.c **** * Summary:
  82:Generated_Source\PSoC5/uart_rx.c **** *  Sets up the interrupt and enables it. This function disables the interrupt,
  83:Generated_Source\PSoC5/uart_rx.c **** *  sets the interrupt vector based on the address passed in, sets the priority 
  84:Generated_Source\PSoC5/uart_rx.c **** *  from the value in the Design Wide Resources Interrupt Editor, then enables 
  85:Generated_Source\PSoC5/uart_rx.c **** *  the interrupt to the interrupt controller.
  86:Generated_Source\PSoC5/uart_rx.c **** *  
  87:Generated_Source\PSoC5/uart_rx.c **** *  When defining ISR functions, the CY_ISR and CY_ISR_PROTO macros should be 
ARM GAS  C:\Users\chemi\AppData\Local\Temp\ccIirTms.s 			page 3


  88:Generated_Source\PSoC5/uart_rx.c **** *  used to provide consistent definition across compilers:
  89:Generated_Source\PSoC5/uart_rx.c **** *  
  90:Generated_Source\PSoC5/uart_rx.c **** *  Function definition example:
  91:Generated_Source\PSoC5/uart_rx.c **** *   CY_ISR(MyISR)
  92:Generated_Source\PSoC5/uart_rx.c **** *   {
  93:Generated_Source\PSoC5/uart_rx.c **** *   }
  94:Generated_Source\PSoC5/uart_rx.c **** *   Function prototype example:
  95:Generated_Source\PSoC5/uart_rx.c **** *   CY_ISR_PROTO(MyISR);
  96:Generated_Source\PSoC5/uart_rx.c **** *
  97:Generated_Source\PSoC5/uart_rx.c **** * Parameters:  
  98:Generated_Source\PSoC5/uart_rx.c **** *   address: Address of the ISR to set in the interrupt vector table.
  99:Generated_Source\PSoC5/uart_rx.c **** *
 100:Generated_Source\PSoC5/uart_rx.c **** * Return:
 101:Generated_Source\PSoC5/uart_rx.c **** *   None
 102:Generated_Source\PSoC5/uart_rx.c **** *
 103:Generated_Source\PSoC5/uart_rx.c **** *******************************************************************************/
 104:Generated_Source\PSoC5/uart_rx.c **** void uart_rx_StartEx(cyisraddress address)
 105:Generated_Source\PSoC5/uart_rx.c **** {
 106:Generated_Source\PSoC5/uart_rx.c ****     /* For all we know the interrupt is active. */
 107:Generated_Source\PSoC5/uart_rx.c ****     uart_rx_Disable();
 108:Generated_Source\PSoC5/uart_rx.c **** 
 109:Generated_Source\PSoC5/uart_rx.c ****     /* Set the ISR to point to the uart_rx Interrupt. */
 110:Generated_Source\PSoC5/uart_rx.c ****     uart_rx_SetVector(address);
 111:Generated_Source\PSoC5/uart_rx.c **** 
 112:Generated_Source\PSoC5/uart_rx.c ****     /* Set the priority. */
 113:Generated_Source\PSoC5/uart_rx.c ****     uart_rx_SetPriority((uint8)uart_rx_INTC_PRIOR_NUMBER);
 114:Generated_Source\PSoC5/uart_rx.c **** 
 115:Generated_Source\PSoC5/uart_rx.c ****     /* Enable it. */
 116:Generated_Source\PSoC5/uart_rx.c ****     uart_rx_Enable();
 117:Generated_Source\PSoC5/uart_rx.c **** }
 118:Generated_Source\PSoC5/uart_rx.c **** 
 119:Generated_Source\PSoC5/uart_rx.c **** 
 120:Generated_Source\PSoC5/uart_rx.c **** /*******************************************************************************
 121:Generated_Source\PSoC5/uart_rx.c **** * Function Name: uart_rx_Stop
 122:Generated_Source\PSoC5/uart_rx.c **** ********************************************************************************
 123:Generated_Source\PSoC5/uart_rx.c **** *
 124:Generated_Source\PSoC5/uart_rx.c **** * Summary:
 125:Generated_Source\PSoC5/uart_rx.c **** *   Disables and removes the interrupt.
 126:Generated_Source\PSoC5/uart_rx.c **** *
 127:Generated_Source\PSoC5/uart_rx.c **** * Parameters:  
 128:Generated_Source\PSoC5/uart_rx.c **** *   None
 129:Generated_Source\PSoC5/uart_rx.c **** *
 130:Generated_Source\PSoC5/uart_rx.c **** * Return:
 131:Generated_Source\PSoC5/uart_rx.c **** *   None
 132:Generated_Source\PSoC5/uart_rx.c **** *
 133:Generated_Source\PSoC5/uart_rx.c **** *******************************************************************************/
 134:Generated_Source\PSoC5/uart_rx.c **** void uart_rx_Stop(void)
 135:Generated_Source\PSoC5/uart_rx.c **** {
 136:Generated_Source\PSoC5/uart_rx.c ****     /* Disable this interrupt. */
 137:Generated_Source\PSoC5/uart_rx.c ****     uart_rx_Disable();
 138:Generated_Source\PSoC5/uart_rx.c **** 
 139:Generated_Source\PSoC5/uart_rx.c ****     /* Set the ISR to point to the passive one. */
 140:Generated_Source\PSoC5/uart_rx.c ****     uart_rx_SetVector(&IntDefaultHandler);
 141:Generated_Source\PSoC5/uart_rx.c **** }
 142:Generated_Source\PSoC5/uart_rx.c **** 
 143:Generated_Source\PSoC5/uart_rx.c **** 
 144:Generated_Source\PSoC5/uart_rx.c **** /*******************************************************************************
ARM GAS  C:\Users\chemi\AppData\Local\Temp\ccIirTms.s 			page 4


 145:Generated_Source\PSoC5/uart_rx.c **** * Function Name: uart_rx_Interrupt
 146:Generated_Source\PSoC5/uart_rx.c **** ********************************************************************************
 147:Generated_Source\PSoC5/uart_rx.c **** *
 148:Generated_Source\PSoC5/uart_rx.c **** * Summary:
 149:Generated_Source\PSoC5/uart_rx.c **** *   The default Interrupt Service Routine for uart_rx.
 150:Generated_Source\PSoC5/uart_rx.c **** *
 151:Generated_Source\PSoC5/uart_rx.c **** *   Add custom code between the coments to keep the next version of this file
 152:Generated_Source\PSoC5/uart_rx.c **** *   from over writting your code.
 153:Generated_Source\PSoC5/uart_rx.c **** *
 154:Generated_Source\PSoC5/uart_rx.c **** * Parameters:  
 155:Generated_Source\PSoC5/uart_rx.c **** *
 156:Generated_Source\PSoC5/uart_rx.c **** * Return:
 157:Generated_Source\PSoC5/uart_rx.c **** *   None
 158:Generated_Source\PSoC5/uart_rx.c **** *
 159:Generated_Source\PSoC5/uart_rx.c **** *******************************************************************************/
 160:Generated_Source\PSoC5/uart_rx.c **** CY_ISR(uart_rx_Interrupt)
 161:Generated_Source\PSoC5/uart_rx.c **** {
  28              		.loc 1 161 0
  29              		.cfi_startproc
  30              		@ args = 0, pretend = 0, frame = 0
  31              		@ frame_needed = 0, uses_anonymous_args = 0
  32              		@ link register save eliminated.
  33 0000 7047     		bx	lr
  34              		.cfi_endproc
  35              	.LFE3:
  36              		.size	uart_rx_Interrupt, .-uart_rx_Interrupt
  37              		.section	.text.uart_rx_Start,"ax",%progbits
  38              		.align	1
  39              		.global	uart_rx_Start
  40              		.thumb
  41              		.thumb_func
  42              		.type	uart_rx_Start, %function
  43              	uart_rx_Start:
  44              	.LFB0:
  62:Generated_Source\PSoC5/uart_rx.c ****     /* For all we know the interrupt is active. */
  45              		.loc 1 62 0
  46              		.cfi_startproc
  47              		@ args = 0, pretend = 0, frame = 0
  48              		@ frame_needed = 0, uses_anonymous_args = 0
  49              		@ link register save eliminated.
  50              	.LBB22:
  51              	.LBB23:
 162:Generated_Source\PSoC5/uart_rx.c ****     #ifdef uart_rx_INTERRUPT_INTERRUPT_CALLBACK
 163:Generated_Source\PSoC5/uart_rx.c ****         uart_rx_Interrupt_InterruptCallback();
 164:Generated_Source\PSoC5/uart_rx.c ****     #endif /* uart_rx_INTERRUPT_INTERRUPT_CALLBACK */ 
 165:Generated_Source\PSoC5/uart_rx.c **** 
 166:Generated_Source\PSoC5/uart_rx.c ****     /*  Place your Interrupt code here. */
 167:Generated_Source\PSoC5/uart_rx.c ****     /* `#START uart_rx_Interrupt` */
 168:Generated_Source\PSoC5/uart_rx.c **** 
 169:Generated_Source\PSoC5/uart_rx.c ****     /* `#END` */
 170:Generated_Source\PSoC5/uart_rx.c **** }
 171:Generated_Source\PSoC5/uart_rx.c **** 
 172:Generated_Source\PSoC5/uart_rx.c **** 
 173:Generated_Source\PSoC5/uart_rx.c **** /*******************************************************************************
 174:Generated_Source\PSoC5/uart_rx.c **** * Function Name: uart_rx_SetVector
 175:Generated_Source\PSoC5/uart_rx.c **** ********************************************************************************
 176:Generated_Source\PSoC5/uart_rx.c **** *
ARM GAS  C:\Users\chemi\AppData\Local\Temp\ccIirTms.s 			page 5


 177:Generated_Source\PSoC5/uart_rx.c **** * Summary:
 178:Generated_Source\PSoC5/uart_rx.c **** *   Change the ISR vector for the Interrupt. Note calling uart_rx_Start
 179:Generated_Source\PSoC5/uart_rx.c **** *   will override any effect this method would have had. To set the vector 
 180:Generated_Source\PSoC5/uart_rx.c **** *   before the component has been started use uart_rx_StartEx instead.
 181:Generated_Source\PSoC5/uart_rx.c **** * 
 182:Generated_Source\PSoC5/uart_rx.c **** *   When defining ISR functions, the CY_ISR and CY_ISR_PROTO macros should be 
 183:Generated_Source\PSoC5/uart_rx.c **** *   used to provide consistent definition across compilers:
 184:Generated_Source\PSoC5/uart_rx.c **** *
 185:Generated_Source\PSoC5/uart_rx.c **** *   Function definition example:
 186:Generated_Source\PSoC5/uart_rx.c **** *   CY_ISR(MyISR)
 187:Generated_Source\PSoC5/uart_rx.c **** *   {
 188:Generated_Source\PSoC5/uart_rx.c **** *   }
 189:Generated_Source\PSoC5/uart_rx.c **** *
 190:Generated_Source\PSoC5/uart_rx.c **** *   Function prototype example:
 191:Generated_Source\PSoC5/uart_rx.c **** *     CY_ISR_PROTO(MyISR);
 192:Generated_Source\PSoC5/uart_rx.c **** *
 193:Generated_Source\PSoC5/uart_rx.c **** * Parameters:
 194:Generated_Source\PSoC5/uart_rx.c **** *   address: Address of the ISR to set in the interrupt vector table.
 195:Generated_Source\PSoC5/uart_rx.c **** *
 196:Generated_Source\PSoC5/uart_rx.c **** * Return:
 197:Generated_Source\PSoC5/uart_rx.c **** *   None
 198:Generated_Source\PSoC5/uart_rx.c **** *
 199:Generated_Source\PSoC5/uart_rx.c **** *******************************************************************************/
 200:Generated_Source\PSoC5/uart_rx.c **** void uart_rx_SetVector(cyisraddress address)
 201:Generated_Source\PSoC5/uart_rx.c **** {
 202:Generated_Source\PSoC5/uart_rx.c ****     cyisraddress * ramVectorTable;
 203:Generated_Source\PSoC5/uart_rx.c **** 
 204:Generated_Source\PSoC5/uart_rx.c ****     ramVectorTable = (cyisraddress *) *CYINT_VECT_TABLE;
 205:Generated_Source\PSoC5/uart_rx.c **** 
 206:Generated_Source\PSoC5/uart_rx.c ****     ramVectorTable[CYINT_IRQ_BASE + (uint32)uart_rx__INTC_NUMBER] = address;
 207:Generated_Source\PSoC5/uart_rx.c **** }
 208:Generated_Source\PSoC5/uart_rx.c **** 
 209:Generated_Source\PSoC5/uart_rx.c **** 
 210:Generated_Source\PSoC5/uart_rx.c **** /*******************************************************************************
 211:Generated_Source\PSoC5/uart_rx.c **** * Function Name: uart_rx_GetVector
 212:Generated_Source\PSoC5/uart_rx.c **** ********************************************************************************
 213:Generated_Source\PSoC5/uart_rx.c **** *
 214:Generated_Source\PSoC5/uart_rx.c **** * Summary:
 215:Generated_Source\PSoC5/uart_rx.c **** *   Gets the "address" of the current ISR vector for the Interrupt.
 216:Generated_Source\PSoC5/uart_rx.c **** *
 217:Generated_Source\PSoC5/uart_rx.c **** * Parameters:
 218:Generated_Source\PSoC5/uart_rx.c **** *   None
 219:Generated_Source\PSoC5/uart_rx.c **** *
 220:Generated_Source\PSoC5/uart_rx.c **** * Return:
 221:Generated_Source\PSoC5/uart_rx.c **** *   Address of the ISR in the interrupt vector table.
 222:Generated_Source\PSoC5/uart_rx.c **** *
 223:Generated_Source\PSoC5/uart_rx.c **** *******************************************************************************/
 224:Generated_Source\PSoC5/uart_rx.c **** cyisraddress uart_rx_GetVector(void)
 225:Generated_Source\PSoC5/uart_rx.c **** {
 226:Generated_Source\PSoC5/uart_rx.c ****     cyisraddress * ramVectorTable;
 227:Generated_Source\PSoC5/uart_rx.c **** 
 228:Generated_Source\PSoC5/uart_rx.c ****     ramVectorTable = (cyisraddress *) *CYINT_VECT_TABLE;
 229:Generated_Source\PSoC5/uart_rx.c **** 
 230:Generated_Source\PSoC5/uart_rx.c ****     return ramVectorTable[CYINT_IRQ_BASE + (uint32)uart_rx__INTC_NUMBER];
 231:Generated_Source\PSoC5/uart_rx.c **** }
 232:Generated_Source\PSoC5/uart_rx.c **** 
 233:Generated_Source\PSoC5/uart_rx.c **** 
ARM GAS  C:\Users\chemi\AppData\Local\Temp\ccIirTms.s 			page 6


 234:Generated_Source\PSoC5/uart_rx.c **** /*******************************************************************************
 235:Generated_Source\PSoC5/uart_rx.c **** * Function Name: uart_rx_SetPriority
 236:Generated_Source\PSoC5/uart_rx.c **** ********************************************************************************
 237:Generated_Source\PSoC5/uart_rx.c **** *
 238:Generated_Source\PSoC5/uart_rx.c **** * Summary:
 239:Generated_Source\PSoC5/uart_rx.c **** *   Sets the Priority of the Interrupt. 
 240:Generated_Source\PSoC5/uart_rx.c **** *
 241:Generated_Source\PSoC5/uart_rx.c **** *   Note calling uart_rx_Start or uart_rx_StartEx will 
 242:Generated_Source\PSoC5/uart_rx.c **** *   override any effect this API would have had. This API should only be called
 243:Generated_Source\PSoC5/uart_rx.c **** *   after uart_rx_Start or uart_rx_StartEx has been called. 
 244:Generated_Source\PSoC5/uart_rx.c **** *   To set the initial priority for the component, use the Design-Wide Resources
 245:Generated_Source\PSoC5/uart_rx.c **** *   Interrupt Editor.
 246:Generated_Source\PSoC5/uart_rx.c **** *
 247:Generated_Source\PSoC5/uart_rx.c **** *   Note This API has no effect on Non-maskable interrupt NMI).
 248:Generated_Source\PSoC5/uart_rx.c **** *
 249:Generated_Source\PSoC5/uart_rx.c **** * Parameters:
 250:Generated_Source\PSoC5/uart_rx.c **** *   priority: Priority of the interrupt, 0 being the highest priority
 251:Generated_Source\PSoC5/uart_rx.c **** *             PSoC 3 and PSoC 5LP: Priority is from 0 to 7.
 252:Generated_Source\PSoC5/uart_rx.c **** *             PSoC 4: Priority is from 0 to 3.
 253:Generated_Source\PSoC5/uart_rx.c **** *
 254:Generated_Source\PSoC5/uart_rx.c **** * Return:
 255:Generated_Source\PSoC5/uart_rx.c **** *   None
 256:Generated_Source\PSoC5/uart_rx.c **** *
 257:Generated_Source\PSoC5/uart_rx.c **** *******************************************************************************/
 258:Generated_Source\PSoC5/uart_rx.c **** void uart_rx_SetPriority(uint8 priority)
 259:Generated_Source\PSoC5/uart_rx.c **** {
 260:Generated_Source\PSoC5/uart_rx.c ****     *uart_rx_INTC_PRIOR = priority << 5;
 261:Generated_Source\PSoC5/uart_rx.c **** }
 262:Generated_Source\PSoC5/uart_rx.c **** 
 263:Generated_Source\PSoC5/uart_rx.c **** 
 264:Generated_Source\PSoC5/uart_rx.c **** /*******************************************************************************
 265:Generated_Source\PSoC5/uart_rx.c **** * Function Name: uart_rx_GetPriority
 266:Generated_Source\PSoC5/uart_rx.c **** ********************************************************************************
 267:Generated_Source\PSoC5/uart_rx.c **** *
 268:Generated_Source\PSoC5/uart_rx.c **** * Summary:
 269:Generated_Source\PSoC5/uart_rx.c **** *   Gets the Priority of the Interrupt.
 270:Generated_Source\PSoC5/uart_rx.c **** *
 271:Generated_Source\PSoC5/uart_rx.c **** * Parameters:
 272:Generated_Source\PSoC5/uart_rx.c **** *   None
 273:Generated_Source\PSoC5/uart_rx.c **** *
 274:Generated_Source\PSoC5/uart_rx.c **** * Return:
 275:Generated_Source\PSoC5/uart_rx.c **** *   Priority of the interrupt, 0 being the highest priority
 276:Generated_Source\PSoC5/uart_rx.c **** *    PSoC 3 and PSoC 5LP: Priority is from 0 to 7.
 277:Generated_Source\PSoC5/uart_rx.c **** *    PSoC 4: Priority is from 0 to 3.
 278:Generated_Source\PSoC5/uart_rx.c **** *
 279:Generated_Source\PSoC5/uart_rx.c **** *******************************************************************************/
 280:Generated_Source\PSoC5/uart_rx.c **** uint8 uart_rx_GetPriority(void)
 281:Generated_Source\PSoC5/uart_rx.c **** {
 282:Generated_Source\PSoC5/uart_rx.c ****     uint8 priority;
 283:Generated_Source\PSoC5/uart_rx.c **** 
 284:Generated_Source\PSoC5/uart_rx.c **** 
 285:Generated_Source\PSoC5/uart_rx.c ****     priority = *uart_rx_INTC_PRIOR >> 5;
 286:Generated_Source\PSoC5/uart_rx.c **** 
 287:Generated_Source\PSoC5/uart_rx.c ****     return priority;
 288:Generated_Source\PSoC5/uart_rx.c **** }
 289:Generated_Source\PSoC5/uart_rx.c **** 
 290:Generated_Source\PSoC5/uart_rx.c **** 
ARM GAS  C:\Users\chemi\AppData\Local\Temp\ccIirTms.s 			page 7


 291:Generated_Source\PSoC5/uart_rx.c **** /*******************************************************************************
 292:Generated_Source\PSoC5/uart_rx.c **** * Function Name: uart_rx_Enable
 293:Generated_Source\PSoC5/uart_rx.c **** ********************************************************************************
 294:Generated_Source\PSoC5/uart_rx.c **** *
 295:Generated_Source\PSoC5/uart_rx.c **** * Summary:
 296:Generated_Source\PSoC5/uart_rx.c **** *   Enables the interrupt to the interrupt controller. Do not call this function
 297:Generated_Source\PSoC5/uart_rx.c **** *   unless ISR_Start() has been called or the functionality of the ISR_Start() 
 298:Generated_Source\PSoC5/uart_rx.c **** *   function, which sets the vector and the priority, has been called.
 299:Generated_Source\PSoC5/uart_rx.c **** *
 300:Generated_Source\PSoC5/uart_rx.c **** * Parameters:
 301:Generated_Source\PSoC5/uart_rx.c **** *   None
 302:Generated_Source\PSoC5/uart_rx.c **** *
 303:Generated_Source\PSoC5/uart_rx.c **** * Return:
 304:Generated_Source\PSoC5/uart_rx.c **** *   None
 305:Generated_Source\PSoC5/uart_rx.c **** *
 306:Generated_Source\PSoC5/uart_rx.c **** *******************************************************************************/
 307:Generated_Source\PSoC5/uart_rx.c **** void uart_rx_Enable(void)
 308:Generated_Source\PSoC5/uart_rx.c **** {
 309:Generated_Source\PSoC5/uart_rx.c ****     /* Enable the general interrupt. */
 310:Generated_Source\PSoC5/uart_rx.c ****     *uart_rx_INTC_SET_EN = uart_rx__INTC_MASK;
 311:Generated_Source\PSoC5/uart_rx.c **** }
 312:Generated_Source\PSoC5/uart_rx.c **** 
 313:Generated_Source\PSoC5/uart_rx.c **** 
 314:Generated_Source\PSoC5/uart_rx.c **** /*******************************************************************************
 315:Generated_Source\PSoC5/uart_rx.c **** * Function Name: uart_rx_GetState
 316:Generated_Source\PSoC5/uart_rx.c **** ********************************************************************************
 317:Generated_Source\PSoC5/uart_rx.c **** *
 318:Generated_Source\PSoC5/uart_rx.c **** * Summary:
 319:Generated_Source\PSoC5/uart_rx.c **** *   Gets the state (enabled, disabled) of the Interrupt.
 320:Generated_Source\PSoC5/uart_rx.c **** *
 321:Generated_Source\PSoC5/uart_rx.c **** * Parameters:
 322:Generated_Source\PSoC5/uart_rx.c **** *   None
 323:Generated_Source\PSoC5/uart_rx.c **** *
 324:Generated_Source\PSoC5/uart_rx.c **** * Return:
 325:Generated_Source\PSoC5/uart_rx.c **** *   1 if enabled, 0 if disabled.
 326:Generated_Source\PSoC5/uart_rx.c **** *
 327:Generated_Source\PSoC5/uart_rx.c **** *******************************************************************************/
 328:Generated_Source\PSoC5/uart_rx.c **** uint8 uart_rx_GetState(void)
 329:Generated_Source\PSoC5/uart_rx.c **** {
 330:Generated_Source\PSoC5/uart_rx.c ****     /* Get the state of the general interrupt. */
 331:Generated_Source\PSoC5/uart_rx.c ****     return ((*uart_rx_INTC_SET_EN & (uint32)uart_rx__INTC_MASK) != 0u) ? 1u:0u;
 332:Generated_Source\PSoC5/uart_rx.c **** }
 333:Generated_Source\PSoC5/uart_rx.c **** 
 334:Generated_Source\PSoC5/uart_rx.c **** 
 335:Generated_Source\PSoC5/uart_rx.c **** /*******************************************************************************
 336:Generated_Source\PSoC5/uart_rx.c **** * Function Name: uart_rx_Disable
 337:Generated_Source\PSoC5/uart_rx.c **** ********************************************************************************
 338:Generated_Source\PSoC5/uart_rx.c **** *
 339:Generated_Source\PSoC5/uart_rx.c **** * Summary:
 340:Generated_Source\PSoC5/uart_rx.c **** *   Disables the Interrupt in the interrupt controller.
 341:Generated_Source\PSoC5/uart_rx.c **** *
 342:Generated_Source\PSoC5/uart_rx.c **** * Parameters:
 343:Generated_Source\PSoC5/uart_rx.c **** *   None
 344:Generated_Source\PSoC5/uart_rx.c **** *
 345:Generated_Source\PSoC5/uart_rx.c **** * Return:
 346:Generated_Source\PSoC5/uart_rx.c **** *   None
 347:Generated_Source\PSoC5/uart_rx.c **** *
ARM GAS  C:\Users\chemi\AppData\Local\Temp\ccIirTms.s 			page 8


 348:Generated_Source\PSoC5/uart_rx.c **** *******************************************************************************/
 349:Generated_Source\PSoC5/uart_rx.c **** void uart_rx_Disable(void)
 350:Generated_Source\PSoC5/uart_rx.c **** {
 351:Generated_Source\PSoC5/uart_rx.c ****     /* Disable the general interrupt. */
 352:Generated_Source\PSoC5/uart_rx.c ****     *uart_rx_INTC_CLR_EN = uart_rx__INTC_MASK;
  52              		.loc 1 352 0
  53 0000 074A     		ldr	r2, .L3
  54 0002 4FF40063 		mov	r3, #2048
  55 0006 1360     		str	r3, [r2]
  56              	.LVL0:
  57              	.LBE23:
  58              	.LBE22:
  59              	.LBB24:
  60              	.LBB25:
 204:Generated_Source\PSoC5/uart_rx.c **** 
  61              		.loc 1 204 0
  62 0008 02F68832 		addw	r2, r2, #2952
  63 000c 1268     		ldr	r2, [r2]
  64              	.LVL1:
 206:Generated_Source\PSoC5/uart_rx.c **** }
  65              		.loc 1 206 0
  66 000e 0549     		ldr	r1, .L3+4
  67 0010 D166     		str	r1, [r2, #108]
  68              	.LVL2:
  69              	.LBE25:
  70              	.LBE24:
  71              	.LBB26:
  72              	.LBB27:
 260:Generated_Source\PSoC5/uart_rx.c **** }
  73              		.loc 1 260 0
  74 0012 054A     		ldr	r2, .L3+8
  75 0014 E021     		movs	r1, #224
  76 0016 1170     		strb	r1, [r2]
  77              	.LVL3:
  78              	.LBE27:
  79              	.LBE26:
  80              	.LBB28:
  81              	.LBB29:
 310:Generated_Source\PSoC5/uart_rx.c **** }
  82              		.loc 1 310 0
  83 0018 A2F20B32 		subw	r2, r2, #779
  84 001c 1360     		str	r3, [r2]
  85 001e 7047     		bx	lr
  86              	.L4:
  87              		.align	2
  88              	.L3:
  89 0020 80E100E0 		.word	-536813184
  90 0024 00000000 		.word	uart_rx_Interrupt
  91 0028 0BE400E0 		.word	-536812533
  92              	.LBE29:
  93              	.LBE28:
  94              		.cfi_endproc
  95              	.LFE0:
  96              		.size	uart_rx_Start, .-uart_rx_Start
  97              		.section	.text.uart_rx_StartEx,"ax",%progbits
  98              		.align	1
  99              		.global	uart_rx_StartEx
ARM GAS  C:\Users\chemi\AppData\Local\Temp\ccIirTms.s 			page 9


 100              		.thumb
 101              		.thumb_func
 102              		.type	uart_rx_StartEx, %function
 103              	uart_rx_StartEx:
 104              	.LFB1:
 105:Generated_Source\PSoC5/uart_rx.c ****     /* For all we know the interrupt is active. */
 105              		.loc 1 105 0
 106              		.cfi_startproc
 107              		@ args = 0, pretend = 0, frame = 0
 108              		@ frame_needed = 0, uses_anonymous_args = 0
 109              		@ link register save eliminated.
 110              	.LVL4:
 111              	.LBB30:
 112              	.LBB31:
 113              		.loc 1 352 0
 114 0000 074A     		ldr	r2, .L6
 115 0002 4FF40063 		mov	r3, #2048
 116 0006 1360     		str	r3, [r2]
 117              	.LVL5:
 118              	.LBE31:
 119              	.LBE30:
 120              	.LBB32:
 121              	.LBB33:
 204:Generated_Source\PSoC5/uart_rx.c **** 
 122              		.loc 1 204 0
 123 0008 02F68832 		addw	r2, r2, #2952
 124 000c 1268     		ldr	r2, [r2]
 125              	.LVL6:
 126              	.LBE33:
 127              	.LBE32:
 128              	.LBB35:
 129              	.LBB36:
 260:Generated_Source\PSoC5/uart_rx.c **** }
 130              		.loc 1 260 0
 131 000e E021     		movs	r1, #224
 132              	.LBE36:
 133              	.LBE35:
 134              	.LBB38:
 135              	.LBB34:
 206:Generated_Source\PSoC5/uart_rx.c **** }
 136              		.loc 1 206 0
 137 0010 D066     		str	r0, [r2, #108]
 138              	.LVL7:
 139              	.LBE34:
 140              	.LBE38:
 141              	.LBB39:
 142              	.LBB37:
 260:Generated_Source\PSoC5/uart_rx.c **** }
 143              		.loc 1 260 0
 144 0012 044A     		ldr	r2, .L6+4
 145 0014 1170     		strb	r1, [r2]
 146              	.LVL8:
 147              	.LBE37:
 148              	.LBE39:
 149              	.LBB40:
 150              	.LBB41:
 310:Generated_Source\PSoC5/uart_rx.c **** }
ARM GAS  C:\Users\chemi\AppData\Local\Temp\ccIirTms.s 			page 10


 151              		.loc 1 310 0
 152 0016 A2F20B32 		subw	r2, r2, #779
 153 001a 1360     		str	r3, [r2]
 154 001c 7047     		bx	lr
 155              	.L7:
 156 001e 00BF     		.align	2
 157              	.L6:
 158 0020 80E100E0 		.word	-536813184
 159 0024 0BE400E0 		.word	-536812533
 160              	.LBE41:
 161              	.LBE40:
 162              		.cfi_endproc
 163              	.LFE1:
 164              		.size	uart_rx_StartEx, .-uart_rx_StartEx
 165              		.section	.text.uart_rx_Stop,"ax",%progbits
 166              		.align	1
 167              		.global	uart_rx_Stop
 168              		.thumb
 169              		.thumb_func
 170              		.type	uart_rx_Stop, %function
 171              	uart_rx_Stop:
 172              	.LFB2:
 135:Generated_Source\PSoC5/uart_rx.c ****     /* Disable this interrupt. */
 173              		.loc 1 135 0
 174              		.cfi_startproc
 175              		@ args = 0, pretend = 0, frame = 0
 176              		@ frame_needed = 0, uses_anonymous_args = 0
 177              		@ link register save eliminated.
 178              	.LBB42:
 179              	.LBB43:
 180              		.loc 1 352 0
 181 0000 044B     		ldr	r3, .L9
 182 0002 4FF40062 		mov	r2, #2048
 183 0006 1A60     		str	r2, [r3]
 184              	.LVL9:
 185              	.LBE43:
 186              	.LBE42:
 187              	.LBB44:
 188              	.LBB45:
 204:Generated_Source\PSoC5/uart_rx.c **** 
 189              		.loc 1 204 0
 190 0008 03F68833 		addw	r3, r3, #2952
 191 000c 1B68     		ldr	r3, [r3]
 192              	.LVL10:
 206:Generated_Source\PSoC5/uart_rx.c **** }
 193              		.loc 1 206 0
 194 000e 024A     		ldr	r2, .L9+4
 195 0010 DA66     		str	r2, [r3, #108]
 196              	.LVL11:
 197 0012 7047     		bx	lr
 198              	.L10:
 199              		.align	2
 200              	.L9:
 201 0014 80E100E0 		.word	-536813184
 202 0018 00000000 		.word	IntDefaultHandler
 203              	.LBE45:
 204              	.LBE44:
ARM GAS  C:\Users\chemi\AppData\Local\Temp\ccIirTms.s 			page 11


 205              		.cfi_endproc
 206              	.LFE2:
 207              		.size	uart_rx_Stop, .-uart_rx_Stop
 208              		.section	.text.uart_rx_SetVector,"ax",%progbits
 209              		.align	1
 210              		.global	uart_rx_SetVector
 211              		.thumb
 212              		.thumb_func
 213              		.type	uart_rx_SetVector, %function
 214              	uart_rx_SetVector:
 215              	.LFB4:
 201:Generated_Source\PSoC5/uart_rx.c ****     cyisraddress * ramVectorTable;
 216              		.loc 1 201 0
 217              		.cfi_startproc
 218              		@ args = 0, pretend = 0, frame = 0
 219              		@ frame_needed = 0, uses_anonymous_args = 0
 220              		@ link register save eliminated.
 221              	.LVL12:
 204:Generated_Source\PSoC5/uart_rx.c **** 
 222              		.loc 1 204 0
 223 0000 014B     		ldr	r3, .L12
 224 0002 1B68     		ldr	r3, [r3]
 225              	.LVL13:
 206:Generated_Source\PSoC5/uart_rx.c **** }
 226              		.loc 1 206 0
 227 0004 D866     		str	r0, [r3, #108]
 228 0006 7047     		bx	lr
 229              	.L13:
 230              		.align	2
 231              	.L12:
 232 0008 08ED00E0 		.word	-536810232
 233              		.cfi_endproc
 234              	.LFE4:
 235              		.size	uart_rx_SetVector, .-uart_rx_SetVector
 236              		.section	.text.uart_rx_GetVector,"ax",%progbits
 237              		.align	1
 238              		.global	uart_rx_GetVector
 239              		.thumb
 240              		.thumb_func
 241              		.type	uart_rx_GetVector, %function
 242              	uart_rx_GetVector:
 243              	.LFB5:
 225:Generated_Source\PSoC5/uart_rx.c ****     cyisraddress * ramVectorTable;
 244              		.loc 1 225 0
 245              		.cfi_startproc
 246              		@ args = 0, pretend = 0, frame = 0
 247              		@ frame_needed = 0, uses_anonymous_args = 0
 248              		@ link register save eliminated.
 249              	.LVL14:
 228:Generated_Source\PSoC5/uart_rx.c **** 
 250              		.loc 1 228 0
 251 0000 014B     		ldr	r3, .L15
 252              	.LVL15:
 230:Generated_Source\PSoC5/uart_rx.c **** }
 253              		.loc 1 230 0
 254 0002 1B68     		ldr	r3, [r3]
 255              	.LVL16:
ARM GAS  C:\Users\chemi\AppData\Local\Temp\ccIirTms.s 			page 12


 231:Generated_Source\PSoC5/uart_rx.c **** 
 256              		.loc 1 231 0
 257 0004 D86E     		ldr	r0, [r3, #108]
 258 0006 7047     		bx	lr
 259              	.L16:
 260              		.align	2
 261              	.L15:
 262 0008 08ED00E0 		.word	-536810232
 263              		.cfi_endproc
 264              	.LFE5:
 265              		.size	uart_rx_GetVector, .-uart_rx_GetVector
 266              		.section	.text.uart_rx_SetPriority,"ax",%progbits
 267              		.align	1
 268              		.global	uart_rx_SetPriority
 269              		.thumb
 270              		.thumb_func
 271              		.type	uart_rx_SetPriority, %function
 272              	uart_rx_SetPriority:
 273              	.LFB6:
 259:Generated_Source\PSoC5/uart_rx.c ****     *uart_rx_INTC_PRIOR = priority << 5;
 274              		.loc 1 259 0
 275              		.cfi_startproc
 276              		@ args = 0, pretend = 0, frame = 0
 277              		@ frame_needed = 0, uses_anonymous_args = 0
 278              		@ link register save eliminated.
 279              	.LVL17:
 260:Generated_Source\PSoC5/uart_rx.c **** }
 280              		.loc 1 260 0
 281 0000 4001     		lsls	r0, r0, #5
 282              	.LVL18:
 283 0002 024B     		ldr	r3, .L18
 284 0004 C0B2     		uxtb	r0, r0
 285 0006 1870     		strb	r0, [r3]
 286 0008 7047     		bx	lr
 287              	.L19:
 288 000a 00BF     		.align	2
 289              	.L18:
 290 000c 0BE400E0 		.word	-536812533
 291              		.cfi_endproc
 292              	.LFE6:
 293              		.size	uart_rx_SetPriority, .-uart_rx_SetPriority
 294              		.section	.text.uart_rx_GetPriority,"ax",%progbits
 295              		.align	1
 296              		.global	uart_rx_GetPriority
 297              		.thumb
 298              		.thumb_func
 299              		.type	uart_rx_GetPriority, %function
 300              	uart_rx_GetPriority:
 301              	.LFB7:
 281:Generated_Source\PSoC5/uart_rx.c ****     uint8 priority;
 302              		.loc 1 281 0
 303              		.cfi_startproc
 304              		@ args = 0, pretend = 0, frame = 0
 305              		@ frame_needed = 0, uses_anonymous_args = 0
 306              		@ link register save eliminated.
 285:Generated_Source\PSoC5/uart_rx.c **** 
 307              		.loc 1 285 0
ARM GAS  C:\Users\chemi\AppData\Local\Temp\ccIirTms.s 			page 13


 308 0000 014B     		ldr	r3, .L21
 309 0002 1878     		ldrb	r0, [r3]	@ zero_extendqisi2
 310              	.LVL19:
 288:Generated_Source\PSoC5/uart_rx.c **** 
 311              		.loc 1 288 0
 312 0004 4009     		lsrs	r0, r0, #5
 313              	.LVL20:
 314 0006 7047     		bx	lr
 315              	.L22:
 316              		.align	2
 317              	.L21:
 318 0008 0BE400E0 		.word	-536812533
 319              		.cfi_endproc
 320              	.LFE7:
 321              		.size	uart_rx_GetPriority, .-uart_rx_GetPriority
 322              		.section	.text.uart_rx_Enable,"ax",%progbits
 323              		.align	1
 324              		.global	uart_rx_Enable
 325              		.thumb
 326              		.thumb_func
 327              		.type	uart_rx_Enable, %function
 328              	uart_rx_Enable:
 329              	.LFB8:
 308:Generated_Source\PSoC5/uart_rx.c ****     /* Enable the general interrupt. */
 330              		.loc 1 308 0
 331              		.cfi_startproc
 332              		@ args = 0, pretend = 0, frame = 0
 333              		@ frame_needed = 0, uses_anonymous_args = 0
 334              		@ link register save eliminated.
 310:Generated_Source\PSoC5/uart_rx.c **** }
 335              		.loc 1 310 0
 336 0000 024B     		ldr	r3, .L24
 337 0002 4FF40062 		mov	r2, #2048
 338 0006 1A60     		str	r2, [r3]
 339 0008 7047     		bx	lr
 340              	.L25:
 341 000a 00BF     		.align	2
 342              	.L24:
 343 000c 00E100E0 		.word	-536813312
 344              		.cfi_endproc
 345              	.LFE8:
 346              		.size	uart_rx_Enable, .-uart_rx_Enable
 347              		.section	.text.uart_rx_GetState,"ax",%progbits
 348              		.align	1
 349              		.global	uart_rx_GetState
 350              		.thumb
 351              		.thumb_func
 352              		.type	uart_rx_GetState, %function
 353              	uart_rx_GetState:
 354              	.LFB9:
 329:Generated_Source\PSoC5/uart_rx.c ****     /* Get the state of the general interrupt. */
 355              		.loc 1 329 0
 356              		.cfi_startproc
 357              		@ args = 0, pretend = 0, frame = 0
 358              		@ frame_needed = 0, uses_anonymous_args = 0
 359              		@ link register save eliminated.
 331:Generated_Source\PSoC5/uart_rx.c **** }
ARM GAS  C:\Users\chemi\AppData\Local\Temp\ccIirTms.s 			page 14


 360              		.loc 1 331 0
 361 0000 024B     		ldr	r3, .L27
 362 0002 1868     		ldr	r0, [r3]
 332:Generated_Source\PSoC5/uart_rx.c **** 
 363              		.loc 1 332 0
 364 0004 C0F3C020 		ubfx	r0, r0, #11, #1
 365 0008 7047     		bx	lr
 366              	.L28:
 367 000a 00BF     		.align	2
 368              	.L27:
 369 000c 00E100E0 		.word	-536813312
 370              		.cfi_endproc
 371              	.LFE9:
 372              		.size	uart_rx_GetState, .-uart_rx_GetState
 373              		.section	.text.uart_rx_Disable,"ax",%progbits
 374              		.align	1
 375              		.global	uart_rx_Disable
 376              		.thumb
 377              		.thumb_func
 378              		.type	uart_rx_Disable, %function
 379              	uart_rx_Disable:
 380              	.LFB10:
 350:Generated_Source\PSoC5/uart_rx.c ****     /* Disable the general interrupt. */
 381              		.loc 1 350 0
 382              		.cfi_startproc
 383              		@ args = 0, pretend = 0, frame = 0
 384              		@ frame_needed = 0, uses_anonymous_args = 0
 385              		@ link register save eliminated.
 386              		.loc 1 352 0
 387 0000 024B     		ldr	r3, .L30
 388 0002 4FF40062 		mov	r2, #2048
 389 0006 1A60     		str	r2, [r3]
 390 0008 7047     		bx	lr
 391              	.L31:
 392 000a 00BF     		.align	2
 393              	.L30:
 394 000c 80E100E0 		.word	-536813184
 395              		.cfi_endproc
 396              	.LFE10:
 397              		.size	uart_rx_Disable, .-uart_rx_Disable
 398              		.section	.text.uart_rx_SetPending,"ax",%progbits
 399              		.align	1
 400              		.global	uart_rx_SetPending
 401              		.thumb
 402              		.thumb_func
 403              		.type	uart_rx_SetPending, %function
 404              	uart_rx_SetPending:
 405              	.LFB11:
 353:Generated_Source\PSoC5/uart_rx.c **** }
 354:Generated_Source\PSoC5/uart_rx.c **** 
 355:Generated_Source\PSoC5/uart_rx.c **** 
 356:Generated_Source\PSoC5/uart_rx.c **** /*******************************************************************************
 357:Generated_Source\PSoC5/uart_rx.c **** * Function Name: uart_rx_SetPending
 358:Generated_Source\PSoC5/uart_rx.c **** ********************************************************************************
 359:Generated_Source\PSoC5/uart_rx.c **** *
 360:Generated_Source\PSoC5/uart_rx.c **** * Summary:
 361:Generated_Source\PSoC5/uart_rx.c **** *   Causes the Interrupt to enter the pending state, a software method of
ARM GAS  C:\Users\chemi\AppData\Local\Temp\ccIirTms.s 			page 15


 362:Generated_Source\PSoC5/uart_rx.c **** *   generating the interrupt.
 363:Generated_Source\PSoC5/uart_rx.c **** *
 364:Generated_Source\PSoC5/uart_rx.c **** * Parameters:
 365:Generated_Source\PSoC5/uart_rx.c **** *   None
 366:Generated_Source\PSoC5/uart_rx.c **** *
 367:Generated_Source\PSoC5/uart_rx.c **** * Return:
 368:Generated_Source\PSoC5/uart_rx.c **** *   None
 369:Generated_Source\PSoC5/uart_rx.c **** *
 370:Generated_Source\PSoC5/uart_rx.c **** * Side Effects:
 371:Generated_Source\PSoC5/uart_rx.c **** *   If interrupts are enabled and the interrupt is set up properly, the ISR is
 372:Generated_Source\PSoC5/uart_rx.c **** *   entered (depending on the priority of this interrupt and other pending 
 373:Generated_Source\PSoC5/uart_rx.c **** *   interrupts).
 374:Generated_Source\PSoC5/uart_rx.c **** *
 375:Generated_Source\PSoC5/uart_rx.c **** *******************************************************************************/
 376:Generated_Source\PSoC5/uart_rx.c **** void uart_rx_SetPending(void)
 377:Generated_Source\PSoC5/uart_rx.c **** {
 406              		.loc 1 377 0
 407              		.cfi_startproc
 408              		@ args = 0, pretend = 0, frame = 0
 409              		@ frame_needed = 0, uses_anonymous_args = 0
 410              		@ link register save eliminated.
 378:Generated_Source\PSoC5/uart_rx.c ****     *uart_rx_INTC_SET_PD = uart_rx__INTC_MASK;
 411              		.loc 1 378 0
 412 0000 024B     		ldr	r3, .L33
 413 0002 4FF40062 		mov	r2, #2048
 414 0006 1A60     		str	r2, [r3]
 415 0008 7047     		bx	lr
 416              	.L34:
 417 000a 00BF     		.align	2
 418              	.L33:
 419 000c 00E200E0 		.word	-536813056
 420              		.cfi_endproc
 421              	.LFE11:
 422              		.size	uart_rx_SetPending, .-uart_rx_SetPending
 423              		.section	.text.uart_rx_ClearPending,"ax",%progbits
 424              		.align	1
 425              		.global	uart_rx_ClearPending
 426              		.thumb
 427              		.thumb_func
 428              		.type	uart_rx_ClearPending, %function
 429              	uart_rx_ClearPending:
 430              	.LFB12:
 379:Generated_Source\PSoC5/uart_rx.c **** }
 380:Generated_Source\PSoC5/uart_rx.c **** 
 381:Generated_Source\PSoC5/uart_rx.c **** 
 382:Generated_Source\PSoC5/uart_rx.c **** /*******************************************************************************
 383:Generated_Source\PSoC5/uart_rx.c **** * Function Name: uart_rx_ClearPending
 384:Generated_Source\PSoC5/uart_rx.c **** ********************************************************************************
 385:Generated_Source\PSoC5/uart_rx.c **** *
 386:Generated_Source\PSoC5/uart_rx.c **** * Summary:
 387:Generated_Source\PSoC5/uart_rx.c **** *   Clears a pending interrupt in the interrupt controller.
 388:Generated_Source\PSoC5/uart_rx.c **** *
 389:Generated_Source\PSoC5/uart_rx.c **** *   Note Some interrupt sources are clear-on-read and require the block 
 390:Generated_Source\PSoC5/uart_rx.c **** *   interrupt/status register to be read/cleared with the appropriate block API 
 391:Generated_Source\PSoC5/uart_rx.c **** *   (GPIO, UART, and so on). Otherwise the ISR will continue to remain in 
 392:Generated_Source\PSoC5/uart_rx.c **** *   pending state even though the interrupt itself is cleared using this API.
 393:Generated_Source\PSoC5/uart_rx.c **** *
ARM GAS  C:\Users\chemi\AppData\Local\Temp\ccIirTms.s 			page 16


 394:Generated_Source\PSoC5/uart_rx.c **** * Parameters:
 395:Generated_Source\PSoC5/uart_rx.c **** *   None
 396:Generated_Source\PSoC5/uart_rx.c **** *
 397:Generated_Source\PSoC5/uart_rx.c **** * Return:
 398:Generated_Source\PSoC5/uart_rx.c **** *   None
 399:Generated_Source\PSoC5/uart_rx.c **** *
 400:Generated_Source\PSoC5/uart_rx.c **** *******************************************************************************/
 401:Generated_Source\PSoC5/uart_rx.c **** void uart_rx_ClearPending(void)
 402:Generated_Source\PSoC5/uart_rx.c **** {
 431              		.loc 1 402 0
 432              		.cfi_startproc
 433              		@ args = 0, pretend = 0, frame = 0
 434              		@ frame_needed = 0, uses_anonymous_args = 0
 435              		@ link register save eliminated.
 403:Generated_Source\PSoC5/uart_rx.c ****     *uart_rx_INTC_CLR_PD = uart_rx__INTC_MASK;
 436              		.loc 1 403 0
 437 0000 024B     		ldr	r3, .L36
 438 0002 4FF40062 		mov	r2, #2048
 439 0006 1A60     		str	r2, [r3]
 440 0008 7047     		bx	lr
 441              	.L37:
 442 000a 00BF     		.align	2
 443              	.L36:
 444 000c 80E200E0 		.word	-536812928
 445              		.cfi_endproc
 446              	.LFE12:
 447              		.size	uart_rx_ClearPending, .-uart_rx_ClearPending
 448              		.text
 449              	.Letext0:
 450              		.file 2 "Generated_Source\\PSoC5/cytypes.h"
 451              		.section	.debug_info,"",%progbits
 452              	.Ldebug_info0:
 453 0000 7A030000 		.4byte	0x37a
 454 0004 0400     		.2byte	0x4
 455 0006 00000000 		.4byte	.Ldebug_abbrev0
 456 000a 04       		.byte	0x4
 457 000b 01       		.uleb128 0x1
 458 000c BE000000 		.4byte	.LASF33
 459 0010 0C       		.byte	0xc
 460 0011 5F000000 		.4byte	.LASF34
 461 0015 5B020000 		.4byte	.LASF35
 462 0019 30000000 		.4byte	.Ldebug_ranges0+0x30
 463 001d 00000000 		.4byte	0
 464 0021 00000000 		.4byte	.Ldebug_line0
 465 0025 02       		.uleb128 0x2
 466 0026 04       		.byte	0x4
 467 0027 05       		.byte	0x5
 468 0028 696E7400 		.ascii	"int\000"
 469 002c 03       		.uleb128 0x3
 470 002d 04       		.byte	0x4
 471 002e 07       		.byte	0x7
 472 002f A9010000 		.4byte	.LASF0
 473 0033 03       		.uleb128 0x3
 474 0034 01       		.byte	0x1
 475 0035 06       		.byte	0x6
 476 0036 89020000 		.4byte	.LASF1
 477 003a 03       		.uleb128 0x3
ARM GAS  C:\Users\chemi\AppData\Local\Temp\ccIirTms.s 			page 17


 478 003b 01       		.byte	0x1
 479 003c 08       		.byte	0x8
 480 003d 99000000 		.4byte	.LASF2
 481 0041 03       		.uleb128 0x3
 482 0042 02       		.byte	0x2
 483 0043 05       		.byte	0x5
 484 0044 51020000 		.4byte	.LASF3
 485 0048 03       		.uleb128 0x3
 486 0049 02       		.byte	0x2
 487 004a 07       		.byte	0x7
 488 004b 4C000000 		.4byte	.LASF4
 489 004f 03       		.uleb128 0x3
 490 0050 04       		.byte	0x4
 491 0051 05       		.byte	0x5
 492 0052 80020000 		.4byte	.LASF5
 493 0056 03       		.uleb128 0x3
 494 0057 04       		.byte	0x4
 495 0058 07       		.byte	0x7
 496 0059 AC000000 		.4byte	.LASF6
 497 005d 03       		.uleb128 0x3
 498 005e 08       		.byte	0x8
 499 005f 05       		.byte	0x5
 500 0060 1A020000 		.4byte	.LASF7
 501 0064 03       		.uleb128 0x3
 502 0065 08       		.byte	0x8
 503 0066 07       		.byte	0x7
 504 0067 BE010000 		.4byte	.LASF8
 505 006b 03       		.uleb128 0x3
 506 006c 04       		.byte	0x4
 507 006d 07       		.byte	0x7
 508 006e 01020000 		.4byte	.LASF9
 509 0072 03       		.uleb128 0x3
 510 0073 01       		.byte	0x1
 511 0074 08       		.byte	0x8
 512 0075 28020000 		.4byte	.LASF10
 513 0079 04       		.uleb128 0x4
 514 007a 04       		.byte	0x4
 515 007b 7F000000 		.4byte	0x7f
 516 007f 05       		.uleb128 0x5
 517 0080 06       		.uleb128 0x6
 518 0081 57010000 		.4byte	.LASF11
 519 0085 02       		.byte	0x2
 520 0086 9201     		.2byte	0x192
 521 0088 3A000000 		.4byte	0x3a
 522 008c 06       		.uleb128 0x6
 523 008d 92010000 		.4byte	.LASF12
 524 0091 02       		.byte	0x2
 525 0092 9401     		.2byte	0x194
 526 0094 56000000 		.4byte	0x56
 527 0098 03       		.uleb128 0x3
 528 0099 04       		.byte	0x4
 529 009a 04       		.byte	0x4
 530 009b 93000000 		.4byte	.LASF13
 531 009f 03       		.uleb128 0x3
 532 00a0 08       		.byte	0x8
 533 00a1 04       		.byte	0x4
 534 00a2 8B010000 		.4byte	.LASF14
ARM GAS  C:\Users\chemi\AppData\Local\Temp\ccIirTms.s 			page 18


 535 00a6 06       		.uleb128 0x6
 536 00a7 A7000000 		.4byte	.LASF15
 537 00ab 02       		.byte	0x2
 538 00ac 3C02     		.2byte	0x23c
 539 00ae B2000000 		.4byte	0xb2
 540 00b2 07       		.uleb128 0x7
 541 00b3 80000000 		.4byte	0x80
 542 00b7 06       		.uleb128 0x6
 543 00b8 14000000 		.4byte	.LASF16
 544 00bc 02       		.byte	0x2
 545 00bd 3E02     		.2byte	0x23e
 546 00bf C3000000 		.4byte	0xc3
 547 00c3 07       		.uleb128 0x7
 548 00c4 8C000000 		.4byte	0x8c
 549 00c8 06       		.uleb128 0x6
 550 00c9 E2010000 		.4byte	.LASF17
 551 00cd 02       		.byte	0x2
 552 00ce 4E02     		.2byte	0x24e
 553 00d0 79000000 		.4byte	0x79
 554 00d4 08       		.uleb128 0x8
 555 00d5 95020000 		.4byte	.LASF22
 556 00d9 01       		.byte	0x1
 557 00da 3301     		.2byte	0x133
 558 00dc 01       		.byte	0x1
 559 00dd 09       		.uleb128 0x9
 560 00de 00000000 		.4byte	.LASF18
 561 00e2 01       		.byte	0x1
 562 00e3 0201     		.2byte	0x102
 563 00e5 01       		.byte	0x1
 564 00e6 F7000000 		.4byte	0xf7
 565 00ea 0A       		.uleb128 0xa
 566 00eb 71010000 		.4byte	.LASF20
 567 00ef 01       		.byte	0x1
 568 00f0 0201     		.2byte	0x102
 569 00f2 80000000 		.4byte	0x80
 570 00f6 00       		.byte	0
 571 00f7 0B       		.uleb128 0xb
 572 00f8 EF010000 		.4byte	.LASF19
 573 00fc 01       		.byte	0x1
 574 00fd C8       		.byte	0xc8
 575 00fe 01       		.byte	0x1
 576 00ff 1A010000 		.4byte	0x11a
 577 0103 0C       		.uleb128 0xc
 578 0104 B6010000 		.4byte	.LASF21
 579 0108 01       		.byte	0x1
 580 0109 C8       		.byte	0xc8
 581 010a C8000000 		.4byte	0xc8
 582 010e 0D       		.uleb128 0xd
 583 010f 2D020000 		.4byte	.LASF29
 584 0113 01       		.byte	0x1
 585 0114 CA       		.byte	0xca
 586 0115 1A010000 		.4byte	0x11a
 587 0119 00       		.byte	0
 588 011a 04       		.uleb128 0x4
 589 011b 04       		.byte	0x4
 590 011c C8000000 		.4byte	0xc8
 591 0120 08       		.uleb128 0x8
ARM GAS  C:\Users\chemi\AppData\Local\Temp\ccIirTms.s 			page 19


 592 0121 0A020000 		.4byte	.LASF23
 593 0125 01       		.byte	0x1
 594 0126 5D01     		.2byte	0x15d
 595 0128 01       		.byte	0x1
 596 0129 0E       		.uleb128 0xe
 597 012a 2C000000 		.4byte	.LASF30
 598 012e 01       		.byte	0x1
 599 012f A0       		.byte	0xa0
 600 0130 00000000 		.4byte	.LFB3
 601 0134 02000000 		.4byte	.LFE3-.LFB3
 602 0138 01       		.uleb128 0x1
 603 0139 9C       		.byte	0x9c
 604 013a 0F       		.uleb128 0xf
 605 013b 3E000000 		.4byte	.LASF24
 606 013f 01       		.byte	0x1
 607 0140 3D       		.byte	0x3d
 608 0141 00000000 		.4byte	.LFB0
 609 0145 2C000000 		.4byte	.LFE0-.LFB0
 610 0149 01       		.uleb128 0x1
 611 014a 9C       		.byte	0x9c
 612 014b BB010000 		.4byte	0x1bb
 613 014f 10       		.uleb128 0x10
 614 0150 20010000 		.4byte	0x120
 615 0154 00000000 		.4byte	.LBB22
 616 0158 08000000 		.4byte	.LBE22-.LBB22
 617 015c 01       		.byte	0x1
 618 015d 40       		.byte	0x40
 619 015e 11       		.uleb128 0x11
 620 015f F7000000 		.4byte	0xf7
 621 0163 08000000 		.4byte	.LBB24
 622 0167 0A000000 		.4byte	.LBE24-.LBB24
 623 016b 01       		.byte	0x1
 624 016c 43       		.byte	0x43
 625 016d 8E010000 		.4byte	0x18e
 626 0171 12       		.uleb128 0x12
 627 0172 03010000 		.4byte	0x103
 628 0176 00000000 		.4byte	.LLST0
 629 017a 13       		.uleb128 0x13
 630 017b 08000000 		.4byte	.LBB25
 631 017f 0A000000 		.4byte	.LBE25-.LBB25
 632 0183 14       		.uleb128 0x14
 633 0184 0E010000 		.4byte	0x10e
 634 0188 18000000 		.4byte	.LLST1
 635 018c 00       		.byte	0
 636 018d 00       		.byte	0
 637 018e 11       		.uleb128 0x11
 638 018f DD000000 		.4byte	0xdd
 639 0193 12000000 		.4byte	.LBB26
 640 0197 06000000 		.4byte	.LBE26-.LBB26
 641 019b 01       		.byte	0x1
 642 019c 46       		.byte	0x46
 643 019d AB010000 		.4byte	0x1ab
 644 01a1 12       		.uleb128 0x12
 645 01a2 EA000000 		.4byte	0xea
 646 01a6 2B000000 		.4byte	.LLST2
 647 01aa 00       		.byte	0
 648 01ab 10       		.uleb128 0x10
ARM GAS  C:\Users\chemi\AppData\Local\Temp\ccIirTms.s 			page 20


 649 01ac D4000000 		.4byte	0xd4
 650 01b0 18000000 		.4byte	.LBB28
 651 01b4 14000000 		.4byte	.LBE28-.LBB28
 652 01b8 01       		.byte	0x1
 653 01b9 49       		.byte	0x49
 654 01ba 00       		.byte	0
 655 01bb 0F       		.uleb128 0xf
 656 01bc 99010000 		.4byte	.LASF25
 657 01c0 01       		.byte	0x1
 658 01c1 68       		.byte	0x68
 659 01c2 00000000 		.4byte	.LFB1
 660 01c6 28000000 		.4byte	.LFE1-.LFB1
 661 01ca 01       		.uleb128 0x1
 662 01cb 9C       		.byte	0x9c
 663 01cc 45020000 		.4byte	0x245
 664 01d0 15       		.uleb128 0x15
 665 01d1 B6010000 		.4byte	.LASF21
 666 01d5 01       		.byte	0x1
 667 01d6 68       		.byte	0x68
 668 01d7 C8000000 		.4byte	0xc8
 669 01db 01       		.uleb128 0x1
 670 01dc 50       		.byte	0x50
 671 01dd 10       		.uleb128 0x10
 672 01de 20010000 		.4byte	0x120
 673 01e2 00000000 		.4byte	.LBB30
 674 01e6 08000000 		.4byte	.LBE30-.LBB30
 675 01ea 01       		.byte	0x1
 676 01eb 6B       		.byte	0x6b
 677 01ec 16       		.uleb128 0x16
 678 01ed F7000000 		.4byte	0xf7
 679 01f1 08000000 		.4byte	.LBB32
 680 01f5 00000000 		.4byte	.Ldebug_ranges0+0
 681 01f9 01       		.byte	0x1
 682 01fa 6E       		.byte	0x6e
 683 01fb 18020000 		.4byte	0x218
 684 01ff 12       		.uleb128 0x12
 685 0200 03010000 		.4byte	0x103
 686 0204 3F000000 		.4byte	.LLST3
 687 0208 17       		.uleb128 0x17
 688 0209 00000000 		.4byte	.Ldebug_ranges0+0
 689 020d 14       		.uleb128 0x14
 690 020e 0E010000 		.4byte	0x10e
 691 0212 52000000 		.4byte	.LLST4
 692 0216 00       		.byte	0
 693 0217 00       		.byte	0
 694 0218 16       		.uleb128 0x16
 695 0219 DD000000 		.4byte	0xdd
 696 021d 0E000000 		.4byte	.LBB35
 697 0221 18000000 		.4byte	.Ldebug_ranges0+0x18
 698 0225 01       		.byte	0x1
 699 0226 71       		.byte	0x71
 700 0227 35020000 		.4byte	0x235
 701 022b 12       		.uleb128 0x12
 702 022c EA000000 		.4byte	0xea
 703 0230 65000000 		.4byte	.LLST5
 704 0234 00       		.byte	0
 705 0235 10       		.uleb128 0x10
ARM GAS  C:\Users\chemi\AppData\Local\Temp\ccIirTms.s 			page 21


 706 0236 D4000000 		.4byte	0xd4
 707 023a 16000000 		.4byte	.LBB40
 708 023e 12000000 		.4byte	.LBE40-.LBB40
 709 0242 01       		.byte	0x1
 710 0243 74       		.byte	0x74
 711 0244 00       		.byte	0
 712 0245 0F       		.uleb128 0xf
 713 0246 D5010000 		.4byte	.LASF26
 714 024a 01       		.byte	0x1
 715 024b 86       		.byte	0x86
 716 024c 00000000 		.4byte	.LFB2
 717 0250 1C000000 		.4byte	.LFE2-.LFB2
 718 0254 01       		.uleb128 0x1
 719 0255 9C       		.byte	0x9c
 720 0256 92020000 		.4byte	0x292
 721 025a 10       		.uleb128 0x10
 722 025b 20010000 		.4byte	0x120
 723 025f 00000000 		.4byte	.LBB42
 724 0263 08000000 		.4byte	.LBE42-.LBB42
 725 0267 01       		.byte	0x1
 726 0268 89       		.byte	0x89
 727 0269 18       		.uleb128 0x18
 728 026a F7000000 		.4byte	0xf7
 729 026e 08000000 		.4byte	.LBB44
 730 0272 14000000 		.4byte	.LBE44-.LBB44
 731 0276 01       		.byte	0x1
 732 0277 8C       		.byte	0x8c
 733 0278 19       		.uleb128 0x19
 734 0279 03010000 		.4byte	0x103
 735 027d 13       		.uleb128 0x13
 736 027e 08000000 		.4byte	.LBB45
 737 0282 14000000 		.4byte	.LBE45-.LBB45
 738 0286 14       		.uleb128 0x14
 739 0287 0E010000 		.4byte	0x10e
 740 028b 79000000 		.4byte	.LLST6
 741 028f 00       		.byte	0
 742 0290 00       		.byte	0
 743 0291 00       		.byte	0
 744 0292 1A       		.uleb128 0x1a
 745 0293 F7000000 		.4byte	0xf7
 746 0297 00000000 		.4byte	.LFB4
 747 029b 0C000000 		.4byte	.LFE4-.LFB4
 748 029f 01       		.uleb128 0x1
 749 02a0 9C       		.byte	0x9c
 750 02a1 B4020000 		.4byte	0x2b4
 751 02a5 1B       		.uleb128 0x1b
 752 02a6 03010000 		.4byte	0x103
 753 02aa 01       		.uleb128 0x1
 754 02ab 50       		.byte	0x50
 755 02ac 1C       		.uleb128 0x1c
 756 02ad 0E010000 		.4byte	0x10e
 757 02b1 01       		.uleb128 0x1
 758 02b2 53       		.byte	0x53
 759 02b3 00       		.byte	0
 760 02b4 1D       		.uleb128 0x1d
 761 02b5 1A000000 		.4byte	.LASF27
 762 02b9 01       		.byte	0x1
ARM GAS  C:\Users\chemi\AppData\Local\Temp\ccIirTms.s 			page 22


 763 02ba E0       		.byte	0xe0
 764 02bb C8000000 		.4byte	0xc8
 765 02bf 00000000 		.4byte	.LFB5
 766 02c3 0C000000 		.4byte	.LFE5-.LFB5
 767 02c7 01       		.uleb128 0x1
 768 02c8 9C       		.byte	0x9c
 769 02c9 DD020000 		.4byte	0x2dd
 770 02cd 1E       		.uleb128 0x1e
 771 02ce 2D020000 		.4byte	.LASF29
 772 02d2 01       		.byte	0x1
 773 02d3 E2       		.byte	0xe2
 774 02d4 1A010000 		.4byte	0x11a
 775 02d8 8C000000 		.4byte	.LLST7
 776 02dc 00       		.byte	0
 777 02dd 1A       		.uleb128 0x1a
 778 02de DD000000 		.4byte	0xdd
 779 02e2 00000000 		.4byte	.LFB6
 780 02e6 10000000 		.4byte	.LFE6-.LFB6
 781 02ea 01       		.uleb128 0x1
 782 02eb 9C       		.byte	0x9c
 783 02ec FA020000 		.4byte	0x2fa
 784 02f0 12       		.uleb128 0x12
 785 02f1 EA000000 		.4byte	0xea
 786 02f5 BB000000 		.4byte	.LLST8
 787 02f9 00       		.byte	0
 788 02fa 1F       		.uleb128 0x1f
 789 02fb 5D010000 		.4byte	.LASF28
 790 02ff 01       		.byte	0x1
 791 0300 1801     		.2byte	0x118
 792 0302 80000000 		.4byte	0x80
 793 0306 00000000 		.4byte	.LFB7
 794 030a 0C000000 		.4byte	.LFE7-.LFB7
 795 030e 01       		.uleb128 0x1
 796 030f 9C       		.byte	0x9c
 797 0310 25030000 		.4byte	0x325
 798 0314 20       		.uleb128 0x20
 799 0315 71010000 		.4byte	.LASF20
 800 0319 01       		.byte	0x1
 801 031a 1A01     		.2byte	0x11a
 802 031c 80000000 		.4byte	0x80
 803 0320 DC000000 		.4byte	.LLST9
 804 0324 00       		.byte	0
 805 0325 21       		.uleb128 0x21
 806 0326 D4000000 		.4byte	0xd4
 807 032a 00000000 		.4byte	.LFB8
 808 032e 10000000 		.4byte	.LFE8-.LFB8
 809 0332 01       		.uleb128 0x1
 810 0333 9C       		.byte	0x9c
 811 0334 22       		.uleb128 0x22
 812 0335 7A010000 		.4byte	.LASF36
 813 0339 01       		.byte	0x1
 814 033a 4801     		.2byte	0x148
 815 033c 80000000 		.4byte	0x80
 816 0340 00000000 		.4byte	.LFB9
 817 0344 10000000 		.4byte	.LFE9-.LFB9
 818 0348 01       		.uleb128 0x1
 819 0349 9C       		.byte	0x9c
ARM GAS  C:\Users\chemi\AppData\Local\Temp\ccIirTms.s 			page 23


 820 034a 21       		.uleb128 0x21
 821 034b 20010000 		.4byte	0x120
 822 034f 00000000 		.4byte	.LFB10
 823 0353 10000000 		.4byte	.LFE10-.LFB10
 824 0357 01       		.uleb128 0x1
 825 0358 9C       		.byte	0x9c
 826 0359 23       		.uleb128 0x23
 827 035a 80000000 		.4byte	.LASF31
 828 035e 01       		.byte	0x1
 829 035f 7801     		.2byte	0x178
 830 0361 00000000 		.4byte	.LFB11
 831 0365 10000000 		.4byte	.LFE11-.LFB11
 832 0369 01       		.uleb128 0x1
 833 036a 9C       		.byte	0x9c
 834 036b 23       		.uleb128 0x23
 835 036c 3C020000 		.4byte	.LASF32
 836 0370 01       		.byte	0x1
 837 0371 9101     		.2byte	0x191
 838 0373 00000000 		.4byte	.LFB12
 839 0377 10000000 		.4byte	.LFE12-.LFB12
 840 037b 01       		.uleb128 0x1
 841 037c 9C       		.byte	0x9c
 842 037d 00       		.byte	0
 843              		.section	.debug_abbrev,"",%progbits
 844              	.Ldebug_abbrev0:
 845 0000 01       		.uleb128 0x1
 846 0001 11       		.uleb128 0x11
 847 0002 01       		.byte	0x1
 848 0003 25       		.uleb128 0x25
 849 0004 0E       		.uleb128 0xe
 850 0005 13       		.uleb128 0x13
 851 0006 0B       		.uleb128 0xb
 852 0007 03       		.uleb128 0x3
 853 0008 0E       		.uleb128 0xe
 854 0009 1B       		.uleb128 0x1b
 855 000a 0E       		.uleb128 0xe
 856 000b 55       		.uleb128 0x55
 857 000c 17       		.uleb128 0x17
 858 000d 11       		.uleb128 0x11
 859 000e 01       		.uleb128 0x1
 860 000f 10       		.uleb128 0x10
 861 0010 17       		.uleb128 0x17
 862 0011 00       		.byte	0
 863 0012 00       		.byte	0
 864 0013 02       		.uleb128 0x2
 865 0014 24       		.uleb128 0x24
 866 0015 00       		.byte	0
 867 0016 0B       		.uleb128 0xb
 868 0017 0B       		.uleb128 0xb
 869 0018 3E       		.uleb128 0x3e
 870 0019 0B       		.uleb128 0xb
 871 001a 03       		.uleb128 0x3
 872 001b 08       		.uleb128 0x8
 873 001c 00       		.byte	0
 874 001d 00       		.byte	0
 875 001e 03       		.uleb128 0x3
 876 001f 24       		.uleb128 0x24
ARM GAS  C:\Users\chemi\AppData\Local\Temp\ccIirTms.s 			page 24


 877 0020 00       		.byte	0
 878 0021 0B       		.uleb128 0xb
 879 0022 0B       		.uleb128 0xb
 880 0023 3E       		.uleb128 0x3e
 881 0024 0B       		.uleb128 0xb
 882 0025 03       		.uleb128 0x3
 883 0026 0E       		.uleb128 0xe
 884 0027 00       		.byte	0
 885 0028 00       		.byte	0
 886 0029 04       		.uleb128 0x4
 887 002a 0F       		.uleb128 0xf
 888 002b 00       		.byte	0
 889 002c 0B       		.uleb128 0xb
 890 002d 0B       		.uleb128 0xb
 891 002e 49       		.uleb128 0x49
 892 002f 13       		.uleb128 0x13
 893 0030 00       		.byte	0
 894 0031 00       		.byte	0
 895 0032 05       		.uleb128 0x5
 896 0033 15       		.uleb128 0x15
 897 0034 00       		.byte	0
 898 0035 27       		.uleb128 0x27
 899 0036 19       		.uleb128 0x19
 900 0037 00       		.byte	0
 901 0038 00       		.byte	0
 902 0039 06       		.uleb128 0x6
 903 003a 16       		.uleb128 0x16
 904 003b 00       		.byte	0
 905 003c 03       		.uleb128 0x3
 906 003d 0E       		.uleb128 0xe
 907 003e 3A       		.uleb128 0x3a
 908 003f 0B       		.uleb128 0xb
 909 0040 3B       		.uleb128 0x3b
 910 0041 05       		.uleb128 0x5
 911 0042 49       		.uleb128 0x49
 912 0043 13       		.uleb128 0x13
 913 0044 00       		.byte	0
 914 0045 00       		.byte	0
 915 0046 07       		.uleb128 0x7
 916 0047 35       		.uleb128 0x35
 917 0048 00       		.byte	0
 918 0049 49       		.uleb128 0x49
 919 004a 13       		.uleb128 0x13
 920 004b 00       		.byte	0
 921 004c 00       		.byte	0
 922 004d 08       		.uleb128 0x8
 923 004e 2E       		.uleb128 0x2e
 924 004f 00       		.byte	0
 925 0050 3F       		.uleb128 0x3f
 926 0051 19       		.uleb128 0x19
 927 0052 03       		.uleb128 0x3
 928 0053 0E       		.uleb128 0xe
 929 0054 3A       		.uleb128 0x3a
 930 0055 0B       		.uleb128 0xb
 931 0056 3B       		.uleb128 0x3b
 932 0057 05       		.uleb128 0x5
 933 0058 27       		.uleb128 0x27
ARM GAS  C:\Users\chemi\AppData\Local\Temp\ccIirTms.s 			page 25


 934 0059 19       		.uleb128 0x19
 935 005a 20       		.uleb128 0x20
 936 005b 0B       		.uleb128 0xb
 937 005c 00       		.byte	0
 938 005d 00       		.byte	0
 939 005e 09       		.uleb128 0x9
 940 005f 2E       		.uleb128 0x2e
 941 0060 01       		.byte	0x1
 942 0061 3F       		.uleb128 0x3f
 943 0062 19       		.uleb128 0x19
 944 0063 03       		.uleb128 0x3
 945 0064 0E       		.uleb128 0xe
 946 0065 3A       		.uleb128 0x3a
 947 0066 0B       		.uleb128 0xb
 948 0067 3B       		.uleb128 0x3b
 949 0068 05       		.uleb128 0x5
 950 0069 27       		.uleb128 0x27
 951 006a 19       		.uleb128 0x19
 952 006b 20       		.uleb128 0x20
 953 006c 0B       		.uleb128 0xb
 954 006d 01       		.uleb128 0x1
 955 006e 13       		.uleb128 0x13
 956 006f 00       		.byte	0
 957 0070 00       		.byte	0
 958 0071 0A       		.uleb128 0xa
 959 0072 05       		.uleb128 0x5
 960 0073 00       		.byte	0
 961 0074 03       		.uleb128 0x3
 962 0075 0E       		.uleb128 0xe
 963 0076 3A       		.uleb128 0x3a
 964 0077 0B       		.uleb128 0xb
 965 0078 3B       		.uleb128 0x3b
 966 0079 05       		.uleb128 0x5
 967 007a 49       		.uleb128 0x49
 968 007b 13       		.uleb128 0x13
 969 007c 00       		.byte	0
 970 007d 00       		.byte	0
 971 007e 0B       		.uleb128 0xb
 972 007f 2E       		.uleb128 0x2e
 973 0080 01       		.byte	0x1
 974 0081 3F       		.uleb128 0x3f
 975 0082 19       		.uleb128 0x19
 976 0083 03       		.uleb128 0x3
 977 0084 0E       		.uleb128 0xe
 978 0085 3A       		.uleb128 0x3a
 979 0086 0B       		.uleb128 0xb
 980 0087 3B       		.uleb128 0x3b
 981 0088 0B       		.uleb128 0xb
 982 0089 27       		.uleb128 0x27
 983 008a 19       		.uleb128 0x19
 984 008b 20       		.uleb128 0x20
 985 008c 0B       		.uleb128 0xb
 986 008d 01       		.uleb128 0x1
 987 008e 13       		.uleb128 0x13
 988 008f 00       		.byte	0
 989 0090 00       		.byte	0
 990 0091 0C       		.uleb128 0xc
ARM GAS  C:\Users\chemi\AppData\Local\Temp\ccIirTms.s 			page 26


 991 0092 05       		.uleb128 0x5
 992 0093 00       		.byte	0
 993 0094 03       		.uleb128 0x3
 994 0095 0E       		.uleb128 0xe
 995 0096 3A       		.uleb128 0x3a
 996 0097 0B       		.uleb128 0xb
 997 0098 3B       		.uleb128 0x3b
 998 0099 0B       		.uleb128 0xb
 999 009a 49       		.uleb128 0x49
 1000 009b 13       		.uleb128 0x13
 1001 009c 00       		.byte	0
 1002 009d 00       		.byte	0
 1003 009e 0D       		.uleb128 0xd
 1004 009f 34       		.uleb128 0x34
 1005 00a0 00       		.byte	0
 1006 00a1 03       		.uleb128 0x3
 1007 00a2 0E       		.uleb128 0xe
 1008 00a3 3A       		.uleb128 0x3a
 1009 00a4 0B       		.uleb128 0xb
 1010 00a5 3B       		.uleb128 0x3b
 1011 00a6 0B       		.uleb128 0xb
 1012 00a7 49       		.uleb128 0x49
 1013 00a8 13       		.uleb128 0x13
 1014 00a9 00       		.byte	0
 1015 00aa 00       		.byte	0
 1016 00ab 0E       		.uleb128 0xe
 1017 00ac 2E       		.uleb128 0x2e
 1018 00ad 00       		.byte	0
 1019 00ae 3F       		.uleb128 0x3f
 1020 00af 19       		.uleb128 0x19
 1021 00b0 03       		.uleb128 0x3
 1022 00b1 0E       		.uleb128 0xe
 1023 00b2 3A       		.uleb128 0x3a
 1024 00b3 0B       		.uleb128 0xb
 1025 00b4 3B       		.uleb128 0x3b
 1026 00b5 0B       		.uleb128 0xb
 1027 00b6 27       		.uleb128 0x27
 1028 00b7 19       		.uleb128 0x19
 1029 00b8 11       		.uleb128 0x11
 1030 00b9 01       		.uleb128 0x1
 1031 00ba 12       		.uleb128 0x12
 1032 00bb 06       		.uleb128 0x6
 1033 00bc 40       		.uleb128 0x40
 1034 00bd 18       		.uleb128 0x18
 1035 00be 9742     		.uleb128 0x2117
 1036 00c0 19       		.uleb128 0x19
 1037 00c1 00       		.byte	0
 1038 00c2 00       		.byte	0
 1039 00c3 0F       		.uleb128 0xf
 1040 00c4 2E       		.uleb128 0x2e
 1041 00c5 01       		.byte	0x1
 1042 00c6 3F       		.uleb128 0x3f
 1043 00c7 19       		.uleb128 0x19
 1044 00c8 03       		.uleb128 0x3
 1045 00c9 0E       		.uleb128 0xe
 1046 00ca 3A       		.uleb128 0x3a
 1047 00cb 0B       		.uleb128 0xb
ARM GAS  C:\Users\chemi\AppData\Local\Temp\ccIirTms.s 			page 27


 1048 00cc 3B       		.uleb128 0x3b
 1049 00cd 0B       		.uleb128 0xb
 1050 00ce 27       		.uleb128 0x27
 1051 00cf 19       		.uleb128 0x19
 1052 00d0 11       		.uleb128 0x11
 1053 00d1 01       		.uleb128 0x1
 1054 00d2 12       		.uleb128 0x12
 1055 00d3 06       		.uleb128 0x6
 1056 00d4 40       		.uleb128 0x40
 1057 00d5 18       		.uleb128 0x18
 1058 00d6 9742     		.uleb128 0x2117
 1059 00d8 19       		.uleb128 0x19
 1060 00d9 01       		.uleb128 0x1
 1061 00da 13       		.uleb128 0x13
 1062 00db 00       		.byte	0
 1063 00dc 00       		.byte	0
 1064 00dd 10       		.uleb128 0x10
 1065 00de 1D       		.uleb128 0x1d
 1066 00df 00       		.byte	0
 1067 00e0 31       		.uleb128 0x31
 1068 00e1 13       		.uleb128 0x13
 1069 00e2 11       		.uleb128 0x11
 1070 00e3 01       		.uleb128 0x1
 1071 00e4 12       		.uleb128 0x12
 1072 00e5 06       		.uleb128 0x6
 1073 00e6 58       		.uleb128 0x58
 1074 00e7 0B       		.uleb128 0xb
 1075 00e8 59       		.uleb128 0x59
 1076 00e9 0B       		.uleb128 0xb
 1077 00ea 00       		.byte	0
 1078 00eb 00       		.byte	0
 1079 00ec 11       		.uleb128 0x11
 1080 00ed 1D       		.uleb128 0x1d
 1081 00ee 01       		.byte	0x1
 1082 00ef 31       		.uleb128 0x31
 1083 00f0 13       		.uleb128 0x13
 1084 00f1 11       		.uleb128 0x11
 1085 00f2 01       		.uleb128 0x1
 1086 00f3 12       		.uleb128 0x12
 1087 00f4 06       		.uleb128 0x6
 1088 00f5 58       		.uleb128 0x58
 1089 00f6 0B       		.uleb128 0xb
 1090 00f7 59       		.uleb128 0x59
 1091 00f8 0B       		.uleb128 0xb
 1092 00f9 01       		.uleb128 0x1
 1093 00fa 13       		.uleb128 0x13
 1094 00fb 00       		.byte	0
 1095 00fc 00       		.byte	0
 1096 00fd 12       		.uleb128 0x12
 1097 00fe 05       		.uleb128 0x5
 1098 00ff 00       		.byte	0
 1099 0100 31       		.uleb128 0x31
 1100 0101 13       		.uleb128 0x13
 1101 0102 02       		.uleb128 0x2
 1102 0103 17       		.uleb128 0x17
 1103 0104 00       		.byte	0
 1104 0105 00       		.byte	0
ARM GAS  C:\Users\chemi\AppData\Local\Temp\ccIirTms.s 			page 28


 1105 0106 13       		.uleb128 0x13
 1106 0107 0B       		.uleb128 0xb
 1107 0108 01       		.byte	0x1
 1108 0109 11       		.uleb128 0x11
 1109 010a 01       		.uleb128 0x1
 1110 010b 12       		.uleb128 0x12
 1111 010c 06       		.uleb128 0x6
 1112 010d 00       		.byte	0
 1113 010e 00       		.byte	0
 1114 010f 14       		.uleb128 0x14
 1115 0110 34       		.uleb128 0x34
 1116 0111 00       		.byte	0
 1117 0112 31       		.uleb128 0x31
 1118 0113 13       		.uleb128 0x13
 1119 0114 02       		.uleb128 0x2
 1120 0115 17       		.uleb128 0x17
 1121 0116 00       		.byte	0
 1122 0117 00       		.byte	0
 1123 0118 15       		.uleb128 0x15
 1124 0119 05       		.uleb128 0x5
 1125 011a 00       		.byte	0
 1126 011b 03       		.uleb128 0x3
 1127 011c 0E       		.uleb128 0xe
 1128 011d 3A       		.uleb128 0x3a
 1129 011e 0B       		.uleb128 0xb
 1130 011f 3B       		.uleb128 0x3b
 1131 0120 0B       		.uleb128 0xb
 1132 0121 49       		.uleb128 0x49
 1133 0122 13       		.uleb128 0x13
 1134 0123 02       		.uleb128 0x2
 1135 0124 18       		.uleb128 0x18
 1136 0125 00       		.byte	0
 1137 0126 00       		.byte	0
 1138 0127 16       		.uleb128 0x16
 1139 0128 1D       		.uleb128 0x1d
 1140 0129 01       		.byte	0x1
 1141 012a 31       		.uleb128 0x31
 1142 012b 13       		.uleb128 0x13
 1143 012c 52       		.uleb128 0x52
 1144 012d 01       		.uleb128 0x1
 1145 012e 55       		.uleb128 0x55
 1146 012f 17       		.uleb128 0x17
 1147 0130 58       		.uleb128 0x58
 1148 0131 0B       		.uleb128 0xb
 1149 0132 59       		.uleb128 0x59
 1150 0133 0B       		.uleb128 0xb
 1151 0134 01       		.uleb128 0x1
 1152 0135 13       		.uleb128 0x13
 1153 0136 00       		.byte	0
 1154 0137 00       		.byte	0
 1155 0138 17       		.uleb128 0x17
 1156 0139 0B       		.uleb128 0xb
 1157 013a 01       		.byte	0x1
 1158 013b 55       		.uleb128 0x55
 1159 013c 17       		.uleb128 0x17
 1160 013d 00       		.byte	0
 1161 013e 00       		.byte	0
ARM GAS  C:\Users\chemi\AppData\Local\Temp\ccIirTms.s 			page 29


 1162 013f 18       		.uleb128 0x18
 1163 0140 1D       		.uleb128 0x1d
 1164 0141 01       		.byte	0x1
 1165 0142 31       		.uleb128 0x31
 1166 0143 13       		.uleb128 0x13
 1167 0144 11       		.uleb128 0x11
 1168 0145 01       		.uleb128 0x1
 1169 0146 12       		.uleb128 0x12
 1170 0147 06       		.uleb128 0x6
 1171 0148 58       		.uleb128 0x58
 1172 0149 0B       		.uleb128 0xb
 1173 014a 59       		.uleb128 0x59
 1174 014b 0B       		.uleb128 0xb
 1175 014c 00       		.byte	0
 1176 014d 00       		.byte	0
 1177 014e 19       		.uleb128 0x19
 1178 014f 05       		.uleb128 0x5
 1179 0150 00       		.byte	0
 1180 0151 31       		.uleb128 0x31
 1181 0152 13       		.uleb128 0x13
 1182 0153 00       		.byte	0
 1183 0154 00       		.byte	0
 1184 0155 1A       		.uleb128 0x1a
 1185 0156 2E       		.uleb128 0x2e
 1186 0157 01       		.byte	0x1
 1187 0158 31       		.uleb128 0x31
 1188 0159 13       		.uleb128 0x13
 1189 015a 11       		.uleb128 0x11
 1190 015b 01       		.uleb128 0x1
 1191 015c 12       		.uleb128 0x12
 1192 015d 06       		.uleb128 0x6
 1193 015e 40       		.uleb128 0x40
 1194 015f 18       		.uleb128 0x18
 1195 0160 9742     		.uleb128 0x2117
 1196 0162 19       		.uleb128 0x19
 1197 0163 01       		.uleb128 0x1
 1198 0164 13       		.uleb128 0x13
 1199 0165 00       		.byte	0
 1200 0166 00       		.byte	0
 1201 0167 1B       		.uleb128 0x1b
 1202 0168 05       		.uleb128 0x5
 1203 0169 00       		.byte	0
 1204 016a 31       		.uleb128 0x31
 1205 016b 13       		.uleb128 0x13
 1206 016c 02       		.uleb128 0x2
 1207 016d 18       		.uleb128 0x18
 1208 016e 00       		.byte	0
 1209 016f 00       		.byte	0
 1210 0170 1C       		.uleb128 0x1c
 1211 0171 34       		.uleb128 0x34
 1212 0172 00       		.byte	0
 1213 0173 31       		.uleb128 0x31
 1214 0174 13       		.uleb128 0x13
 1215 0175 02       		.uleb128 0x2
 1216 0176 18       		.uleb128 0x18
 1217 0177 00       		.byte	0
 1218 0178 00       		.byte	0
ARM GAS  C:\Users\chemi\AppData\Local\Temp\ccIirTms.s 			page 30


 1219 0179 1D       		.uleb128 0x1d
 1220 017a 2E       		.uleb128 0x2e
 1221 017b 01       		.byte	0x1
 1222 017c 3F       		.uleb128 0x3f
 1223 017d 19       		.uleb128 0x19
 1224 017e 03       		.uleb128 0x3
 1225 017f 0E       		.uleb128 0xe
 1226 0180 3A       		.uleb128 0x3a
 1227 0181 0B       		.uleb128 0xb
 1228 0182 3B       		.uleb128 0x3b
 1229 0183 0B       		.uleb128 0xb
 1230 0184 27       		.uleb128 0x27
 1231 0185 19       		.uleb128 0x19
 1232 0186 49       		.uleb128 0x49
 1233 0187 13       		.uleb128 0x13
 1234 0188 11       		.uleb128 0x11
 1235 0189 01       		.uleb128 0x1
 1236 018a 12       		.uleb128 0x12
 1237 018b 06       		.uleb128 0x6
 1238 018c 40       		.uleb128 0x40
 1239 018d 18       		.uleb128 0x18
 1240 018e 9742     		.uleb128 0x2117
 1241 0190 19       		.uleb128 0x19
 1242 0191 01       		.uleb128 0x1
 1243 0192 13       		.uleb128 0x13
 1244 0193 00       		.byte	0
 1245 0194 00       		.byte	0
 1246 0195 1E       		.uleb128 0x1e
 1247 0196 34       		.uleb128 0x34
 1248 0197 00       		.byte	0
 1249 0198 03       		.uleb128 0x3
 1250 0199 0E       		.uleb128 0xe
 1251 019a 3A       		.uleb128 0x3a
 1252 019b 0B       		.uleb128 0xb
 1253 019c 3B       		.uleb128 0x3b
 1254 019d 0B       		.uleb128 0xb
 1255 019e 49       		.uleb128 0x49
 1256 019f 13       		.uleb128 0x13
 1257 01a0 02       		.uleb128 0x2
 1258 01a1 17       		.uleb128 0x17
 1259 01a2 00       		.byte	0
 1260 01a3 00       		.byte	0
 1261 01a4 1F       		.uleb128 0x1f
 1262 01a5 2E       		.uleb128 0x2e
 1263 01a6 01       		.byte	0x1
 1264 01a7 3F       		.uleb128 0x3f
 1265 01a8 19       		.uleb128 0x19
 1266 01a9 03       		.uleb128 0x3
 1267 01aa 0E       		.uleb128 0xe
 1268 01ab 3A       		.uleb128 0x3a
 1269 01ac 0B       		.uleb128 0xb
 1270 01ad 3B       		.uleb128 0x3b
 1271 01ae 05       		.uleb128 0x5
 1272 01af 27       		.uleb128 0x27
 1273 01b0 19       		.uleb128 0x19
 1274 01b1 49       		.uleb128 0x49
 1275 01b2 13       		.uleb128 0x13
ARM GAS  C:\Users\chemi\AppData\Local\Temp\ccIirTms.s 			page 31


 1276 01b3 11       		.uleb128 0x11
 1277 01b4 01       		.uleb128 0x1
 1278 01b5 12       		.uleb128 0x12
 1279 01b6 06       		.uleb128 0x6
 1280 01b7 40       		.uleb128 0x40
 1281 01b8 18       		.uleb128 0x18
 1282 01b9 9742     		.uleb128 0x2117
 1283 01bb 19       		.uleb128 0x19
 1284 01bc 01       		.uleb128 0x1
 1285 01bd 13       		.uleb128 0x13
 1286 01be 00       		.byte	0
 1287 01bf 00       		.byte	0
 1288 01c0 20       		.uleb128 0x20
 1289 01c1 34       		.uleb128 0x34
 1290 01c2 00       		.byte	0
 1291 01c3 03       		.uleb128 0x3
 1292 01c4 0E       		.uleb128 0xe
 1293 01c5 3A       		.uleb128 0x3a
 1294 01c6 0B       		.uleb128 0xb
 1295 01c7 3B       		.uleb128 0x3b
 1296 01c8 05       		.uleb128 0x5
 1297 01c9 49       		.uleb128 0x49
 1298 01ca 13       		.uleb128 0x13
 1299 01cb 02       		.uleb128 0x2
 1300 01cc 17       		.uleb128 0x17
 1301 01cd 00       		.byte	0
 1302 01ce 00       		.byte	0
 1303 01cf 21       		.uleb128 0x21
 1304 01d0 2E       		.uleb128 0x2e
 1305 01d1 00       		.byte	0
 1306 01d2 31       		.uleb128 0x31
 1307 01d3 13       		.uleb128 0x13
 1308 01d4 11       		.uleb128 0x11
 1309 01d5 01       		.uleb128 0x1
 1310 01d6 12       		.uleb128 0x12
 1311 01d7 06       		.uleb128 0x6
 1312 01d8 40       		.uleb128 0x40
 1313 01d9 18       		.uleb128 0x18
 1314 01da 9742     		.uleb128 0x2117
 1315 01dc 19       		.uleb128 0x19
 1316 01dd 00       		.byte	0
 1317 01de 00       		.byte	0
 1318 01df 22       		.uleb128 0x22
 1319 01e0 2E       		.uleb128 0x2e
 1320 01e1 00       		.byte	0
 1321 01e2 3F       		.uleb128 0x3f
 1322 01e3 19       		.uleb128 0x19
 1323 01e4 03       		.uleb128 0x3
 1324 01e5 0E       		.uleb128 0xe
 1325 01e6 3A       		.uleb128 0x3a
 1326 01e7 0B       		.uleb128 0xb
 1327 01e8 3B       		.uleb128 0x3b
 1328 01e9 05       		.uleb128 0x5
 1329 01ea 27       		.uleb128 0x27
 1330 01eb 19       		.uleb128 0x19
 1331 01ec 49       		.uleb128 0x49
 1332 01ed 13       		.uleb128 0x13
ARM GAS  C:\Users\chemi\AppData\Local\Temp\ccIirTms.s 			page 32


 1333 01ee 11       		.uleb128 0x11
 1334 01ef 01       		.uleb128 0x1
 1335 01f0 12       		.uleb128 0x12
 1336 01f1 06       		.uleb128 0x6
 1337 01f2 40       		.uleb128 0x40
 1338 01f3 18       		.uleb128 0x18
 1339 01f4 9742     		.uleb128 0x2117
 1340 01f6 19       		.uleb128 0x19
 1341 01f7 00       		.byte	0
 1342 01f8 00       		.byte	0
 1343 01f9 23       		.uleb128 0x23
 1344 01fa 2E       		.uleb128 0x2e
 1345 01fb 00       		.byte	0
 1346 01fc 3F       		.uleb128 0x3f
 1347 01fd 19       		.uleb128 0x19
 1348 01fe 03       		.uleb128 0x3
 1349 01ff 0E       		.uleb128 0xe
 1350 0200 3A       		.uleb128 0x3a
 1351 0201 0B       		.uleb128 0xb
 1352 0202 3B       		.uleb128 0x3b
 1353 0203 05       		.uleb128 0x5
 1354 0204 27       		.uleb128 0x27
 1355 0205 19       		.uleb128 0x19
 1356 0206 11       		.uleb128 0x11
 1357 0207 01       		.uleb128 0x1
 1358 0208 12       		.uleb128 0x12
 1359 0209 06       		.uleb128 0x6
 1360 020a 40       		.uleb128 0x40
 1361 020b 18       		.uleb128 0x18
 1362 020c 9742     		.uleb128 0x2117
 1363 020e 19       		.uleb128 0x19
 1364 020f 00       		.byte	0
 1365 0210 00       		.byte	0
 1366 0211 00       		.byte	0
 1367              		.section	.debug_loc,"",%progbits
 1368              	.Ldebug_loc0:
 1369              	.LLST0:
 1370 0000 08000000 		.4byte	.LVL0
 1371 0004 12000000 		.4byte	.LVL2
 1372 0008 0600     		.2byte	0x6
 1373 000a 03       		.byte	0x3
 1374 000b 00000000 		.4byte	uart_rx_Interrupt
 1375 000f 9F       		.byte	0x9f
 1376 0010 00000000 		.4byte	0
 1377 0014 00000000 		.4byte	0
 1378              	.LLST1:
 1379 0018 0E000000 		.4byte	.LVL1
 1380 001c 12000000 		.4byte	.LVL2
 1381 0020 0100     		.2byte	0x1
 1382 0022 52       		.byte	0x52
 1383 0023 00000000 		.4byte	0
 1384 0027 00000000 		.4byte	0
 1385              	.LLST2:
 1386 002b 12000000 		.4byte	.LVL2
 1387 002f 18000000 		.4byte	.LVL3
 1388 0033 0200     		.2byte	0x2
 1389 0035 37       		.byte	0x37
ARM GAS  C:\Users\chemi\AppData\Local\Temp\ccIirTms.s 			page 33


 1390 0036 9F       		.byte	0x9f
 1391 0037 00000000 		.4byte	0
 1392 003b 00000000 		.4byte	0
 1393              	.LLST3:
 1394 003f 08000000 		.4byte	.LVL5
 1395 0043 12000000 		.4byte	.LVL7
 1396 0047 0100     		.2byte	0x1
 1397 0049 50       		.byte	0x50
 1398 004a 00000000 		.4byte	0
 1399 004e 00000000 		.4byte	0
 1400              	.LLST4:
 1401 0052 0E000000 		.4byte	.LVL6
 1402 0056 12000000 		.4byte	.LVL7
 1403 005a 0100     		.2byte	0x1
 1404 005c 52       		.byte	0x52
 1405 005d 00000000 		.4byte	0
 1406 0061 00000000 		.4byte	0
 1407              	.LLST5:
 1408 0065 12000000 		.4byte	.LVL7
 1409 0069 16000000 		.4byte	.LVL8
 1410 006d 0200     		.2byte	0x2
 1411 006f 37       		.byte	0x37
 1412 0070 9F       		.byte	0x9f
 1413 0071 00000000 		.4byte	0
 1414 0075 00000000 		.4byte	0
 1415              	.LLST6:
 1416 0079 0E000000 		.4byte	.LVL10
 1417 007d 12000000 		.4byte	.LVL11
 1418 0081 0100     		.2byte	0x1
 1419 0083 53       		.byte	0x53
 1420 0084 00000000 		.4byte	0
 1421 0088 00000000 		.4byte	0
 1422              	.LLST7:
 1423 008c 00000000 		.4byte	.LVL14
 1424 0090 02000000 		.4byte	.LVL15
 1425 0094 0600     		.2byte	0x6
 1426 0096 11       		.byte	0x11
 1427 0097 88DA8380 		.sleb128 -536810232
 1427      7E
 1428 009c 02000000 		.4byte	.LVL15
 1429 00a0 04000000 		.4byte	.LVL16
 1430 00a4 0200     		.2byte	0x2
 1431 00a6 73       		.byte	0x73
 1432 00a7 00       		.sleb128 0
 1433 00a8 04000000 		.4byte	.LVL16
 1434 00ac 0C000000 		.4byte	.LFE5
 1435 00b0 0100     		.2byte	0x1
 1436 00b2 53       		.byte	0x53
 1437 00b3 00000000 		.4byte	0
 1438 00b7 00000000 		.4byte	0
 1439              	.LLST8:
 1440 00bb 00000000 		.4byte	.LVL17
 1441 00bf 02000000 		.4byte	.LVL18
 1442 00c3 0100     		.2byte	0x1
 1443 00c5 50       		.byte	0x50
 1444 00c6 02000000 		.4byte	.LVL18
 1445 00ca 10000000 		.4byte	.LFE6
ARM GAS  C:\Users\chemi\AppData\Local\Temp\ccIirTms.s 			page 34


 1446 00ce 0400     		.2byte	0x4
 1447 00d0 F3       		.byte	0xf3
 1448 00d1 01       		.uleb128 0x1
 1449 00d2 50       		.byte	0x50
 1450 00d3 9F       		.byte	0x9f
 1451 00d4 00000000 		.4byte	0
 1452 00d8 00000000 		.4byte	0
 1453              	.LLST9:
 1454 00dc 04000000 		.4byte	.LVL19
 1455 00e0 06000000 		.4byte	.LVL20
 1456 00e4 0500     		.2byte	0x5
 1457 00e6 70       		.byte	0x70
 1458 00e7 00       		.sleb128 0
 1459 00e8 35       		.byte	0x35
 1460 00e9 25       		.byte	0x25
 1461 00ea 9F       		.byte	0x9f
 1462 00eb 00000000 		.4byte	0
 1463 00ef 00000000 		.4byte	0
 1464              		.section	.debug_aranges,"",%progbits
 1465 0000 7C000000 		.4byte	0x7c
 1466 0004 0200     		.2byte	0x2
 1467 0006 00000000 		.4byte	.Ldebug_info0
 1468 000a 04       		.byte	0x4
 1469 000b 00       		.byte	0
 1470 000c 0000     		.2byte	0
 1471 000e 0000     		.2byte	0
 1472 0010 00000000 		.4byte	.LFB3
 1473 0014 02000000 		.4byte	.LFE3-.LFB3
 1474 0018 00000000 		.4byte	.LFB0
 1475 001c 2C000000 		.4byte	.LFE0-.LFB0
 1476 0020 00000000 		.4byte	.LFB1
 1477 0024 28000000 		.4byte	.LFE1-.LFB1
 1478 0028 00000000 		.4byte	.LFB2
 1479 002c 1C000000 		.4byte	.LFE2-.LFB2
 1480 0030 00000000 		.4byte	.LFB4
 1481 0034 0C000000 		.4byte	.LFE4-.LFB4
 1482 0038 00000000 		.4byte	.LFB5
 1483 003c 0C000000 		.4byte	.LFE5-.LFB5
 1484 0040 00000000 		.4byte	.LFB6
 1485 0044 10000000 		.4byte	.LFE6-.LFB6
 1486 0048 00000000 		.4byte	.LFB7
 1487 004c 0C000000 		.4byte	.LFE7-.LFB7
 1488 0050 00000000 		.4byte	.LFB8
 1489 0054 10000000 		.4byte	.LFE8-.LFB8
 1490 0058 00000000 		.4byte	.LFB9
 1491 005c 10000000 		.4byte	.LFE9-.LFB9
 1492 0060 00000000 		.4byte	.LFB10
 1493 0064 10000000 		.4byte	.LFE10-.LFB10
 1494 0068 00000000 		.4byte	.LFB11
 1495 006c 10000000 		.4byte	.LFE11-.LFB11
 1496 0070 00000000 		.4byte	.LFB12
 1497 0074 10000000 		.4byte	.LFE12-.LFB12
 1498 0078 00000000 		.4byte	0
 1499 007c 00000000 		.4byte	0
 1500              		.section	.debug_ranges,"",%progbits
 1501              	.Ldebug_ranges0:
 1502 0000 08000000 		.4byte	.LBB32
ARM GAS  C:\Users\chemi\AppData\Local\Temp\ccIirTms.s 			page 35


 1503 0004 0E000000 		.4byte	.LBE32
 1504 0008 10000000 		.4byte	.LBB38
 1505 000c 12000000 		.4byte	.LBE38
 1506 0010 00000000 		.4byte	0
 1507 0014 00000000 		.4byte	0
 1508 0018 0E000000 		.4byte	.LBB35
 1509 001c 10000000 		.4byte	.LBE35
 1510 0020 12000000 		.4byte	.LBB39
 1511 0024 16000000 		.4byte	.LBE39
 1512 0028 00000000 		.4byte	0
 1513 002c 00000000 		.4byte	0
 1514 0030 00000000 		.4byte	.LFB3
 1515 0034 02000000 		.4byte	.LFE3
 1516 0038 00000000 		.4byte	.LFB0
 1517 003c 2C000000 		.4byte	.LFE0
 1518 0040 00000000 		.4byte	.LFB1
 1519 0044 28000000 		.4byte	.LFE1
 1520 0048 00000000 		.4byte	.LFB2
 1521 004c 1C000000 		.4byte	.LFE2
 1522 0050 00000000 		.4byte	.LFB4
 1523 0054 0C000000 		.4byte	.LFE4
 1524 0058 00000000 		.4byte	.LFB5
 1525 005c 0C000000 		.4byte	.LFE5
 1526 0060 00000000 		.4byte	.LFB6
 1527 0064 10000000 		.4byte	.LFE6
 1528 0068 00000000 		.4byte	.LFB7
 1529 006c 0C000000 		.4byte	.LFE7
 1530 0070 00000000 		.4byte	.LFB8
 1531 0074 10000000 		.4byte	.LFE8
 1532 0078 00000000 		.4byte	.LFB9
 1533 007c 10000000 		.4byte	.LFE9
 1534 0080 00000000 		.4byte	.LFB10
 1535 0084 10000000 		.4byte	.LFE10
 1536 0088 00000000 		.4byte	.LFB11
 1537 008c 10000000 		.4byte	.LFE11
 1538 0090 00000000 		.4byte	.LFB12
 1539 0094 10000000 		.4byte	.LFE12
 1540 0098 00000000 		.4byte	0
 1541 009c 00000000 		.4byte	0
 1542              		.section	.debug_line,"",%progbits
 1543              	.Ldebug_line0:
 1544 0000 53010000 		.section	.debug_str,"MS",%progbits,1
 1544      02004400 
 1544      00000201 
 1544      FB0E0D00 
 1544      01010101 
 1545              	.LASF18:
 1546 0000 75617274 		.ascii	"uart_rx_SetPriority\000"
 1546      5F72785F 
 1546      53657450 
 1546      72696F72 
 1546      69747900 
 1547              	.LASF16:
 1548 0014 72656733 		.ascii	"reg32\000"
 1548      3200
 1549              	.LASF27:
 1550 001a 75617274 		.ascii	"uart_rx_GetVector\000"
ARM GAS  C:\Users\chemi\AppData\Local\Temp\ccIirTms.s 			page 36


 1550      5F72785F 
 1550      47657456 
 1550      6563746F 
 1550      7200
 1551              	.LASF30:
 1552 002c 75617274 		.ascii	"uart_rx_Interrupt\000"
 1552      5F72785F 
 1552      496E7465 
 1552      72727570 
 1552      7400
 1553              	.LASF24:
 1554 003e 75617274 		.ascii	"uart_rx_Start\000"
 1554      5F72785F 
 1554      53746172 
 1554      7400
 1555              	.LASF4:
 1556 004c 73686F72 		.ascii	"short unsigned int\000"
 1556      7420756E 
 1556      7369676E 
 1556      65642069 
 1556      6E7400
 1557              	.LASF34:
 1558 005f 47656E65 		.ascii	"Generated_Source\\PSoC5\\uart_rx.c\000"
 1558      72617465 
 1558      645F536F 
 1558      75726365 
 1558      5C50536F 
 1559              	.LASF31:
 1560 0080 75617274 		.ascii	"uart_rx_SetPending\000"
 1560      5F72785F 
 1560      53657450 
 1560      656E6469 
 1560      6E6700
 1561              	.LASF13:
 1562 0093 666C6F61 		.ascii	"float\000"
 1562      7400
 1563              	.LASF2:
 1564 0099 756E7369 		.ascii	"unsigned char\000"
 1564      676E6564 
 1564      20636861 
 1564      7200
 1565              	.LASF15:
 1566 00a7 72656738 		.ascii	"reg8\000"
 1566      00
 1567              	.LASF6:
 1568 00ac 6C6F6E67 		.ascii	"long unsigned int\000"
 1568      20756E73 
 1568      69676E65 
 1568      6420696E 
 1568      7400
 1569              	.LASF33:
 1570 00be 474E5520 		.ascii	"GNU C99 5.4.1 20160609 (release) [ARM/embedded-5-br"
 1570      43393920 
 1570      352E342E 
 1570      31203230 
 1570      31363036 
 1571 00f1 616E6368 		.ascii	"anch revision 237715] -mcpu=cortex-m3 -mthumb -g -O"
ARM GAS  C:\Users\chemi\AppData\Local\Temp\ccIirTms.s 			page 37


 1571      20726576 
 1571      6973696F 
 1571      6E203233 
 1571      37373135 
 1572 0124 73202D73 		.ascii	"s -std=gnu99 -ffunction-sections -ffat-lto-objects\000"
 1572      74643D67 
 1572      6E753939 
 1572      202D6666 
 1572      756E6374 
 1573              	.LASF11:
 1574 0157 75696E74 		.ascii	"uint8\000"
 1574      3800
 1575              	.LASF28:
 1576 015d 75617274 		.ascii	"uart_rx_GetPriority\000"
 1576      5F72785F 
 1576      47657450 
 1576      72696F72 
 1576      69747900 
 1577              	.LASF20:
 1578 0171 7072696F 		.ascii	"priority\000"
 1578      72697479 
 1578      00
 1579              	.LASF36:
 1580 017a 75617274 		.ascii	"uart_rx_GetState\000"
 1580      5F72785F 
 1580      47657453 
 1580      74617465 
 1580      00
 1581              	.LASF14:
 1582 018b 646F7562 		.ascii	"double\000"
 1582      6C6500
 1583              	.LASF12:
 1584 0192 75696E74 		.ascii	"uint32\000"
 1584      333200
 1585              	.LASF25:
 1586 0199 75617274 		.ascii	"uart_rx_StartEx\000"
 1586      5F72785F 
 1586      53746172 
 1586      74457800 
 1587              	.LASF0:
 1588 01a9 756E7369 		.ascii	"unsigned int\000"
 1588      676E6564 
 1588      20696E74 
 1588      00
 1589              	.LASF21:
 1590 01b6 61646472 		.ascii	"address\000"
 1590      65737300 
 1591              	.LASF8:
 1592 01be 6C6F6E67 		.ascii	"long long unsigned int\000"
 1592      206C6F6E 
 1592      6720756E 
 1592      7369676E 
 1592      65642069 
 1593              	.LASF26:
 1594 01d5 75617274 		.ascii	"uart_rx_Stop\000"
 1594      5F72785F 
 1594      53746F70 
ARM GAS  C:\Users\chemi\AppData\Local\Temp\ccIirTms.s 			page 38


 1594      00
 1595              	.LASF17:
 1596 01e2 63796973 		.ascii	"cyisraddress\000"
 1596      72616464 
 1596      72657373 
 1596      00
 1597              	.LASF19:
 1598 01ef 75617274 		.ascii	"uart_rx_SetVector\000"
 1598      5F72785F 
 1598      53657456 
 1598      6563746F 
 1598      7200
 1599              	.LASF9:
 1600 0201 73697A65 		.ascii	"sizetype\000"
 1600      74797065 
 1600      00
 1601              	.LASF23:
 1602 020a 75617274 		.ascii	"uart_rx_Disable\000"
 1602      5F72785F 
 1602      44697361 
 1602      626C6500 
 1603              	.LASF7:
 1604 021a 6C6F6E67 		.ascii	"long long int\000"
 1604      206C6F6E 
 1604      6720696E 
 1604      7400
 1605              	.LASF10:
 1606 0228 63686172 		.ascii	"char\000"
 1606      00
 1607              	.LASF29:
 1608 022d 72616D56 		.ascii	"ramVectorTable\000"
 1608      6563746F 
 1608      72546162 
 1608      6C6500
 1609              	.LASF32:
 1610 023c 75617274 		.ascii	"uart_rx_ClearPending\000"
 1610      5F72785F 
 1610      436C6561 
 1610      7250656E 
 1610      64696E67 
 1611              	.LASF3:
 1612 0251 73686F72 		.ascii	"short int\000"
 1612      7420696E 
 1612      7400
 1613              	.LASF35:
 1614 025b 433A5C55 		.ascii	"C:\\Users\\chemi\\UD3_QCW\\UD3_QFN.cydsn\000"
 1614      73657273 
 1614      5C636865 
 1614      6D695C55 
 1614      44335F51 
 1615              	.LASF5:
 1616 0280 6C6F6E67 		.ascii	"long int\000"
 1616      20696E74 
 1616      00
 1617              	.LASF1:
 1618 0289 7369676E 		.ascii	"signed char\000"
 1618      65642063 
ARM GAS  C:\Users\chemi\AppData\Local\Temp\ccIirTms.s 			page 39


 1618      68617200 
 1619              	.LASF22:
 1620 0295 75617274 		.ascii	"uart_rx_Enable\000"
 1620      5F72785F 
 1620      456E6162 
 1620      6C6500
 1621              		.ident	"GCC: (GNU Tools for ARM Embedded Processors) 5.4.1 20160609 (release) [ARM/embedded-5-bran
