ARM GAS  C:\Users\chemi\AppData\Local\Temp\ccr9psGj.s 			page 1


   1              		.syntax unified
   2              		.cpu cortex-m3
   3              		.fpu softvfp
   4              		.eabi_attribute 20, 1
   5              		.eabi_attribute 21, 1
   6              		.eabi_attribute 23, 3
   7              		.eabi_attribute 24, 1
   8              		.eabi_attribute 25, 1
   9              		.eabi_attribute 26, 1
  10              		.eabi_attribute 30, 4
  11              		.eabi_attribute 34, 1
  12              		.eabi_attribute 18, 4
  13              		.thumb
  14              		.syntax unified
  15              		.file	"UART_PM.c"
  16              		.text
  17              	.Ltext0:
  18              		.cfi_sections	.debug_frame
  19              		.section	.text.UART_SaveConfig,"ax",%progbits
  20              		.align	1
  21              		.global	UART_SaveConfig
  22              		.thumb
  23              		.thumb_func
  24              		.type	UART_SaveConfig, %function
  25              	UART_SaveConfig:
  26              	.LFB5:
  27              		.cfi_startproc
  28              		@ args = 0, pretend = 0, frame = 0
  29              		@ frame_needed = 0, uses_anonymous_args = 0
  30              		@ link register save eliminated.
  31 0000 7047     		bx	lr
  32              		.cfi_endproc
  33              	.LFE5:
  34              		.size	UART_SaveConfig, .-UART_SaveConfig
  35              		.section	.text.UART_RestoreConfig,"ax",%progbits
  36              		.align	1
  37              		.global	UART_RestoreConfig
  38              		.thumb
  39              		.thumb_func
  40              		.type	UART_RestoreConfig, %function
  41              	UART_RestoreConfig:
  42              	.LFB1:
  43              		.file 1 "Generated_Source\\PSoC5\\UART_PM.c"
   1:Generated_Source\PSoC5/UART_PM.c **** /*******************************************************************************
   2:Generated_Source\PSoC5/UART_PM.c **** * File Name: UART_PM.c
   3:Generated_Source\PSoC5/UART_PM.c **** * Version 2.50
   4:Generated_Source\PSoC5/UART_PM.c **** *
   5:Generated_Source\PSoC5/UART_PM.c **** * Description:
   6:Generated_Source\PSoC5/UART_PM.c **** *  This file provides Sleep/WakeUp APIs functionality.
   7:Generated_Source\PSoC5/UART_PM.c **** *
   8:Generated_Source\PSoC5/UART_PM.c **** * Note:
   9:Generated_Source\PSoC5/UART_PM.c **** *
  10:Generated_Source\PSoC5/UART_PM.c **** ********************************************************************************
  11:Generated_Source\PSoC5/UART_PM.c **** * Copyright 2008-2015, Cypress Semiconductor Corporation.  All rights reserved.
  12:Generated_Source\PSoC5/UART_PM.c **** * You may use this file only in accordance with the license, terms, conditions,
  13:Generated_Source\PSoC5/UART_PM.c **** * disclaimers, and limitations in the end user license agreement accompanying
  14:Generated_Source\PSoC5/UART_PM.c **** * the software package with which this file was provided.
ARM GAS  C:\Users\chemi\AppData\Local\Temp\ccr9psGj.s 			page 2


  15:Generated_Source\PSoC5/UART_PM.c **** *******************************************************************************/
  16:Generated_Source\PSoC5/UART_PM.c **** 
  17:Generated_Source\PSoC5/UART_PM.c **** #include "UART.h"
  18:Generated_Source\PSoC5/UART_PM.c **** 
  19:Generated_Source\PSoC5/UART_PM.c **** 
  20:Generated_Source\PSoC5/UART_PM.c **** /***************************************
  21:Generated_Source\PSoC5/UART_PM.c **** * Local data allocation
  22:Generated_Source\PSoC5/UART_PM.c **** ***************************************/
  23:Generated_Source\PSoC5/UART_PM.c **** 
  24:Generated_Source\PSoC5/UART_PM.c **** static UART_BACKUP_STRUCT  UART_backup =
  25:Generated_Source\PSoC5/UART_PM.c **** {
  26:Generated_Source\PSoC5/UART_PM.c ****     /* enableState - disabled */
  27:Generated_Source\PSoC5/UART_PM.c ****     0u,
  28:Generated_Source\PSoC5/UART_PM.c **** };
  29:Generated_Source\PSoC5/UART_PM.c **** 
  30:Generated_Source\PSoC5/UART_PM.c **** 
  31:Generated_Source\PSoC5/UART_PM.c **** 
  32:Generated_Source\PSoC5/UART_PM.c **** /*******************************************************************************
  33:Generated_Source\PSoC5/UART_PM.c **** * Function Name: UART_SaveConfig
  34:Generated_Source\PSoC5/UART_PM.c **** ********************************************************************************
  35:Generated_Source\PSoC5/UART_PM.c **** *
  36:Generated_Source\PSoC5/UART_PM.c **** * Summary:
  37:Generated_Source\PSoC5/UART_PM.c **** *  This function saves the component nonretention control register.
  38:Generated_Source\PSoC5/UART_PM.c **** *  Does not save the FIFO which is a set of nonretention registers.
  39:Generated_Source\PSoC5/UART_PM.c **** *  This function is called by the UART_Sleep() function.
  40:Generated_Source\PSoC5/UART_PM.c **** *
  41:Generated_Source\PSoC5/UART_PM.c **** * Parameters:
  42:Generated_Source\PSoC5/UART_PM.c **** *  None.
  43:Generated_Source\PSoC5/UART_PM.c **** *
  44:Generated_Source\PSoC5/UART_PM.c **** * Return:
  45:Generated_Source\PSoC5/UART_PM.c **** *  None.
  46:Generated_Source\PSoC5/UART_PM.c **** *
  47:Generated_Source\PSoC5/UART_PM.c **** * Global Variables:
  48:Generated_Source\PSoC5/UART_PM.c **** *  UART_backup - modified when non-retention registers are saved.
  49:Generated_Source\PSoC5/UART_PM.c **** *
  50:Generated_Source\PSoC5/UART_PM.c **** * Reentrant:
  51:Generated_Source\PSoC5/UART_PM.c **** *  No.
  52:Generated_Source\PSoC5/UART_PM.c **** *
  53:Generated_Source\PSoC5/UART_PM.c **** *******************************************************************************/
  54:Generated_Source\PSoC5/UART_PM.c **** void UART_SaveConfig(void)
  55:Generated_Source\PSoC5/UART_PM.c **** {
  56:Generated_Source\PSoC5/UART_PM.c ****     #if(UART_CONTROL_REG_REMOVED == 0u)
  57:Generated_Source\PSoC5/UART_PM.c ****         UART_backup.cr = UART_CONTROL_REG;
  58:Generated_Source\PSoC5/UART_PM.c ****     #endif /* End UART_CONTROL_REG_REMOVED */
  59:Generated_Source\PSoC5/UART_PM.c **** }
  60:Generated_Source\PSoC5/UART_PM.c **** 
  61:Generated_Source\PSoC5/UART_PM.c **** 
  62:Generated_Source\PSoC5/UART_PM.c **** /*******************************************************************************
  63:Generated_Source\PSoC5/UART_PM.c **** * Function Name: UART_RestoreConfig
  64:Generated_Source\PSoC5/UART_PM.c **** ********************************************************************************
  65:Generated_Source\PSoC5/UART_PM.c **** *
  66:Generated_Source\PSoC5/UART_PM.c **** * Summary:
  67:Generated_Source\PSoC5/UART_PM.c **** *  Restores the nonretention control register except FIFO.
  68:Generated_Source\PSoC5/UART_PM.c **** *  Does not restore the FIFO which is a set of nonretention registers.
  69:Generated_Source\PSoC5/UART_PM.c **** *
  70:Generated_Source\PSoC5/UART_PM.c **** * Parameters:
  71:Generated_Source\PSoC5/UART_PM.c **** *  None.
ARM GAS  C:\Users\chemi\AppData\Local\Temp\ccr9psGj.s 			page 3


  72:Generated_Source\PSoC5/UART_PM.c **** *
  73:Generated_Source\PSoC5/UART_PM.c **** * Return:
  74:Generated_Source\PSoC5/UART_PM.c **** *  None.
  75:Generated_Source\PSoC5/UART_PM.c **** *
  76:Generated_Source\PSoC5/UART_PM.c **** * Global Variables:
  77:Generated_Source\PSoC5/UART_PM.c **** *  UART_backup - used when non-retention registers are restored.
  78:Generated_Source\PSoC5/UART_PM.c **** *
  79:Generated_Source\PSoC5/UART_PM.c **** * Reentrant:
  80:Generated_Source\PSoC5/UART_PM.c **** *  No.
  81:Generated_Source\PSoC5/UART_PM.c **** *
  82:Generated_Source\PSoC5/UART_PM.c **** * Notes:
  83:Generated_Source\PSoC5/UART_PM.c **** *  If this function is called without calling UART_SaveConfig() 
  84:Generated_Source\PSoC5/UART_PM.c **** *  first, the data loaded may be incorrect.
  85:Generated_Source\PSoC5/UART_PM.c **** *
  86:Generated_Source\PSoC5/UART_PM.c **** *******************************************************************************/
  87:Generated_Source\PSoC5/UART_PM.c **** void UART_RestoreConfig(void)
  88:Generated_Source\PSoC5/UART_PM.c **** {
  44              		.loc 1 88 0
  45              		.cfi_startproc
  46              		@ args = 0, pretend = 0, frame = 0
  47              		@ frame_needed = 0, uses_anonymous_args = 0
  48              		@ link register save eliminated.
  49 0000 7047     		bx	lr
  50              		.cfi_endproc
  51              	.LFE1:
  52              		.size	UART_RestoreConfig, .-UART_RestoreConfig
  53              		.section	.text.UART_Sleep,"ax",%progbits
  54              		.align	1
  55              		.global	UART_Sleep
  56              		.thumb
  57              		.thumb_func
  58              		.type	UART_Sleep, %function
  59              	UART_Sleep:
  60              	.LFB2:
  89:Generated_Source\PSoC5/UART_PM.c ****     #if(UART_CONTROL_REG_REMOVED == 0u)
  90:Generated_Source\PSoC5/UART_PM.c ****         UART_CONTROL_REG = UART_backup.cr;
  91:Generated_Source\PSoC5/UART_PM.c ****     #endif /* End UART_CONTROL_REG_REMOVED */
  92:Generated_Source\PSoC5/UART_PM.c **** }
  93:Generated_Source\PSoC5/UART_PM.c **** 
  94:Generated_Source\PSoC5/UART_PM.c **** 
  95:Generated_Source\PSoC5/UART_PM.c **** /*******************************************************************************
  96:Generated_Source\PSoC5/UART_PM.c **** * Function Name: UART_Sleep
  97:Generated_Source\PSoC5/UART_PM.c **** ********************************************************************************
  98:Generated_Source\PSoC5/UART_PM.c **** *
  99:Generated_Source\PSoC5/UART_PM.c **** * Summary:
 100:Generated_Source\PSoC5/UART_PM.c **** *  This is the preferred API to prepare the component for sleep. 
 101:Generated_Source\PSoC5/UART_PM.c **** *  The UART_Sleep() API saves the current component state. Then it
 102:Generated_Source\PSoC5/UART_PM.c **** *  calls the UART_Stop() function and calls 
 103:Generated_Source\PSoC5/UART_PM.c **** *  UART_SaveConfig() to save the hardware configuration.
 104:Generated_Source\PSoC5/UART_PM.c **** *  Call the UART_Sleep() function before calling the CyPmSleep() 
 105:Generated_Source\PSoC5/UART_PM.c **** *  or the CyPmHibernate() function. 
 106:Generated_Source\PSoC5/UART_PM.c **** *
 107:Generated_Source\PSoC5/UART_PM.c **** * Parameters:
 108:Generated_Source\PSoC5/UART_PM.c **** *  None.
 109:Generated_Source\PSoC5/UART_PM.c **** *
 110:Generated_Source\PSoC5/UART_PM.c **** * Return:
 111:Generated_Source\PSoC5/UART_PM.c **** *  None.
ARM GAS  C:\Users\chemi\AppData\Local\Temp\ccr9psGj.s 			page 4


 112:Generated_Source\PSoC5/UART_PM.c **** *
 113:Generated_Source\PSoC5/UART_PM.c **** * Global Variables:
 114:Generated_Source\PSoC5/UART_PM.c **** *  UART_backup - modified when non-retention registers are saved.
 115:Generated_Source\PSoC5/UART_PM.c **** *
 116:Generated_Source\PSoC5/UART_PM.c **** * Reentrant:
 117:Generated_Source\PSoC5/UART_PM.c **** *  No.
 118:Generated_Source\PSoC5/UART_PM.c **** *
 119:Generated_Source\PSoC5/UART_PM.c **** *******************************************************************************/
 120:Generated_Source\PSoC5/UART_PM.c **** void UART_Sleep(void)
 121:Generated_Source\PSoC5/UART_PM.c **** {
  61              		.loc 1 121 0
  62              		.cfi_startproc
  63              		@ args = 0, pretend = 0, frame = 0
  64              		@ frame_needed = 0, uses_anonymous_args = 0
  65              		@ link register save eliminated.
 122:Generated_Source\PSoC5/UART_PM.c ****     #if(UART_RX_ENABLED || UART_HD_ENABLED)
 123:Generated_Source\PSoC5/UART_PM.c ****         if((UART_RXSTATUS_ACTL_REG  & UART_INT_ENABLE) != 0u)
  66              		.loc 1 123 0
  67 0000 064B     		ldr	r3, .L7
  68 0002 074A     		ldr	r2, .L7+4
  69 0004 1B78     		ldrb	r3, [r3]	@ zero_extendqisi2
  70 0006 03F01003 		and	r3, r3, #16
  71 000a 03F0FF01 		and	r1, r3, #255
  72 000e 13B1     		cbz	r3, .L4
 124:Generated_Source\PSoC5/UART_PM.c ****         {
 125:Generated_Source\PSoC5/UART_PM.c ****             UART_backup.enableState = 1u;
  73              		.loc 1 125 0
  74 0010 0123     		movs	r3, #1
  75 0012 1370     		strb	r3, [r2]
  76 0014 00E0     		b	.L5
  77              	.L4:
 126:Generated_Source\PSoC5/UART_PM.c ****         }
 127:Generated_Source\PSoC5/UART_PM.c ****         else
 128:Generated_Source\PSoC5/UART_PM.c ****         {
 129:Generated_Source\PSoC5/UART_PM.c ****             UART_backup.enableState = 0u;
  78              		.loc 1 129 0
  79 0016 1170     		strb	r1, [r2]
  80              	.L5:
 130:Generated_Source\PSoC5/UART_PM.c ****         }
 131:Generated_Source\PSoC5/UART_PM.c ****     #else
 132:Generated_Source\PSoC5/UART_PM.c ****         if((UART_TXSTATUS_ACTL_REG  & UART_INT_ENABLE) !=0u)
 133:Generated_Source\PSoC5/UART_PM.c ****         {
 134:Generated_Source\PSoC5/UART_PM.c ****             UART_backup.enableState = 1u;
 135:Generated_Source\PSoC5/UART_PM.c ****         }
 136:Generated_Source\PSoC5/UART_PM.c ****         else
 137:Generated_Source\PSoC5/UART_PM.c ****         {
 138:Generated_Source\PSoC5/UART_PM.c ****             UART_backup.enableState = 0u;
 139:Generated_Source\PSoC5/UART_PM.c ****         }
 140:Generated_Source\PSoC5/UART_PM.c ****     #endif /* End UART_RX_ENABLED || UART_HD_ENABLED*/
 141:Generated_Source\PSoC5/UART_PM.c **** 
 142:Generated_Source\PSoC5/UART_PM.c ****     UART_Stop();
  81              		.loc 1 142 0
  82 0018 FFF7FEBF 		b	UART_Stop
  83              	.LVL0:
  84              	.L8:
  85              		.align	2
  86              	.L7:
ARM GAS  C:\Users\chemi\AppData\Local\Temp\ccr9psGj.s 			page 5


  87 001c 94640040 		.word	1073767572
  88 0020 00000000 		.word	.LANCHOR0
  89              		.cfi_endproc
  90              	.LFE2:
  91              		.size	UART_Sleep, .-UART_Sleep
  92              		.section	.text.UART_Wakeup,"ax",%progbits
  93              		.align	1
  94              		.global	UART_Wakeup
  95              		.thumb
  96              		.thumb_func
  97              		.type	UART_Wakeup, %function
  98              	UART_Wakeup:
  99              	.LFB3:
 143:Generated_Source\PSoC5/UART_PM.c ****     UART_SaveConfig();
 144:Generated_Source\PSoC5/UART_PM.c **** }
 145:Generated_Source\PSoC5/UART_PM.c **** 
 146:Generated_Source\PSoC5/UART_PM.c **** 
 147:Generated_Source\PSoC5/UART_PM.c **** /*******************************************************************************
 148:Generated_Source\PSoC5/UART_PM.c **** * Function Name: UART_Wakeup
 149:Generated_Source\PSoC5/UART_PM.c **** ********************************************************************************
 150:Generated_Source\PSoC5/UART_PM.c **** *
 151:Generated_Source\PSoC5/UART_PM.c **** * Summary:
 152:Generated_Source\PSoC5/UART_PM.c **** *  This is the preferred API to restore the component to the state when 
 153:Generated_Source\PSoC5/UART_PM.c **** *  UART_Sleep() was called. The UART_Wakeup() function
 154:Generated_Source\PSoC5/UART_PM.c **** *  calls the UART_RestoreConfig() function to restore the 
 155:Generated_Source\PSoC5/UART_PM.c **** *  configuration. If the component was enabled before the 
 156:Generated_Source\PSoC5/UART_PM.c **** *  UART_Sleep() function was called, the UART_Wakeup()
 157:Generated_Source\PSoC5/UART_PM.c **** *  function will also re-enable the component.
 158:Generated_Source\PSoC5/UART_PM.c **** *
 159:Generated_Source\PSoC5/UART_PM.c **** * Parameters:
 160:Generated_Source\PSoC5/UART_PM.c **** *  None.
 161:Generated_Source\PSoC5/UART_PM.c **** *
 162:Generated_Source\PSoC5/UART_PM.c **** * Return:
 163:Generated_Source\PSoC5/UART_PM.c **** *  None.
 164:Generated_Source\PSoC5/UART_PM.c **** *
 165:Generated_Source\PSoC5/UART_PM.c **** * Global Variables:
 166:Generated_Source\PSoC5/UART_PM.c **** *  UART_backup - used when non-retention registers are restored.
 167:Generated_Source\PSoC5/UART_PM.c **** *
 168:Generated_Source\PSoC5/UART_PM.c **** * Reentrant:
 169:Generated_Source\PSoC5/UART_PM.c **** *  No.
 170:Generated_Source\PSoC5/UART_PM.c **** *
 171:Generated_Source\PSoC5/UART_PM.c **** *******************************************************************************/
 172:Generated_Source\PSoC5/UART_PM.c **** void UART_Wakeup(void)
 173:Generated_Source\PSoC5/UART_PM.c **** {
 100              		.loc 1 173 0
 101              		.cfi_startproc
 102              		@ args = 0, pretend = 0, frame = 0
 103              		@ frame_needed = 0, uses_anonymous_args = 0
 104 0000 08B5     		push	{r3, lr}
 105              		.cfi_def_cfa_offset 8
 106              		.cfi_offset 3, -8
 107              		.cfi_offset 14, -4
 174:Generated_Source\PSoC5/UART_PM.c ****     UART_RestoreConfig();
 175:Generated_Source\PSoC5/UART_PM.c ****     #if( (UART_RX_ENABLED) || (UART_HD_ENABLED) )
 176:Generated_Source\PSoC5/UART_PM.c ****         UART_ClearRxBuffer();
 108              		.loc 1 176 0
 109 0002 FFF7FEFF 		bl	UART_ClearRxBuffer
ARM GAS  C:\Users\chemi\AppData\Local\Temp\ccr9psGj.s 			page 6


 110              	.LVL1:
 177:Generated_Source\PSoC5/UART_PM.c ****     #endif /* End (UART_RX_ENABLED) || (UART_HD_ENABLED) */
 178:Generated_Source\PSoC5/UART_PM.c ****     #if(UART_TX_ENABLED || UART_HD_ENABLED)
 179:Generated_Source\PSoC5/UART_PM.c ****         UART_ClearTxBuffer();
 111              		.loc 1 179 0
 112 0006 FFF7FEFF 		bl	UART_ClearTxBuffer
 113              	.LVL2:
 180:Generated_Source\PSoC5/UART_PM.c ****     #endif /* End UART_TX_ENABLED || UART_HD_ENABLED */
 181:Generated_Source\PSoC5/UART_PM.c **** 
 182:Generated_Source\PSoC5/UART_PM.c ****     if(UART_backup.enableState != 0u)
 114              		.loc 1 182 0
 115 000a 044B     		ldr	r3, .L11
 116 000c 1B78     		ldrb	r3, [r3]	@ zero_extendqisi2
 117 000e 1BB1     		cbz	r3, .L9
 183:Generated_Source\PSoC5/UART_PM.c ****     {
 184:Generated_Source\PSoC5/UART_PM.c ****         UART_Enable();
 185:Generated_Source\PSoC5/UART_PM.c ****     }
 186:Generated_Source\PSoC5/UART_PM.c **** }
 118              		.loc 1 186 0
 119 0010 BDE80840 		pop	{r3, lr}
 120              		.cfi_remember_state
 121              		.cfi_restore 14
 122              		.cfi_restore 3
 123              		.cfi_def_cfa_offset 0
 184:Generated_Source\PSoC5/UART_PM.c ****     }
 124              		.loc 1 184 0
 125 0014 FFF7FEBF 		b	UART_Enable
 126              	.LVL3:
 127              	.L9:
 128              		.cfi_restore_state
 129 0018 08BD     		pop	{r3, pc}
 130              	.L12:
 131 001a 00BF     		.align	2
 132              	.L11:
 133 001c 00000000 		.word	.LANCHOR0
 134              		.cfi_endproc
 135              	.LFE3:
 136              		.size	UART_Wakeup, .-UART_Wakeup
 137              		.bss
 138              		.set	.LANCHOR0,. + 0
 139              		.type	UART_backup, %object
 140              		.size	UART_backup, 1
 141              	UART_backup:
 142 0000 00       		.space	1
 143              		.text
 144              	.Letext0:
 145              		.file 2 "Generated_Source\\PSoC5\\cytypes.h"
 146              		.file 3 "Generated_Source\\PSoC5\\UART.h"
 147              		.section	.debug_info,"",%progbits
 148              	.Ldebug_info0:
 149 0000 71010000 		.4byte	0x171
 150 0004 0400     		.2byte	0x4
 151 0006 00000000 		.4byte	.Ldebug_abbrev0
 152 000a 04       		.byte	0x4
 153 000b 01       		.uleb128 0x1
 154 000c 8B000000 		.4byte	.LASF24
 155 0010 0C       		.byte	0xc
ARM GAS  C:\Users\chemi\AppData\Local\Temp\ccr9psGj.s 			page 7


 156 0011 09020000 		.4byte	.LASF25
 157 0015 B7010000 		.4byte	.LASF26
 158 0019 00000000 		.4byte	.Ldebug_ranges0+0
 159 001d 00000000 		.4byte	0
 160 0021 00000000 		.4byte	.Ldebug_line0
 161 0025 02       		.uleb128 0x2
 162 0026 01       		.byte	0x1
 163 0027 06       		.byte	0x6
 164 0028 FD010000 		.4byte	.LASF0
 165 002c 02       		.uleb128 0x2
 166 002d 01       		.byte	0x1
 167 002e 08       		.byte	0x8
 168 002f 66000000 		.4byte	.LASF1
 169 0033 02       		.uleb128 0x2
 170 0034 02       		.byte	0x2
 171 0035 05       		.byte	0x5
 172 0036 9A010000 		.4byte	.LASF2
 173 003a 02       		.uleb128 0x2
 174 003b 02       		.byte	0x2
 175 003c 07       		.byte	0x7
 176 003d 23000000 		.4byte	.LASF3
 177 0041 02       		.uleb128 0x2
 178 0042 04       		.byte	0x4
 179 0043 05       		.byte	0x5
 180 0044 E8010000 		.4byte	.LASF4
 181 0048 02       		.uleb128 0x2
 182 0049 04       		.byte	0x4
 183 004a 07       		.byte	0x7
 184 004b 79000000 		.4byte	.LASF5
 185 004f 02       		.uleb128 0x2
 186 0050 08       		.byte	0x8
 187 0051 05       		.byte	0x5
 188 0052 74010000 		.4byte	.LASF6
 189 0056 02       		.uleb128 0x2
 190 0057 08       		.byte	0x8
 191 0058 07       		.byte	0x7
 192 0059 3E010000 		.4byte	.LASF7
 193 005d 03       		.uleb128 0x3
 194 005e 04       		.byte	0x4
 195 005f 05       		.byte	0x5
 196 0060 696E7400 		.ascii	"int\000"
 197 0064 02       		.uleb128 0x2
 198 0065 04       		.byte	0x4
 199 0066 07       		.byte	0x7
 200 0067 31010000 		.4byte	.LASF8
 201 006b 04       		.uleb128 0x4
 202 006c 24010000 		.4byte	.LASF12
 203 0070 02       		.byte	0x2
 204 0071 9201     		.2byte	0x192
 205 0073 2C000000 		.4byte	0x2c
 206 0077 02       		.uleb128 0x2
 207 0078 04       		.byte	0x4
 208 0079 04       		.byte	0x4
 209 007a 54000000 		.4byte	.LASF9
 210 007e 02       		.uleb128 0x2
 211 007f 08       		.byte	0x8
 212 0080 04       		.byte	0x4
ARM GAS  C:\Users\chemi\AppData\Local\Temp\ccr9psGj.s 			page 8


 213 0081 2A010000 		.4byte	.LASF10
 214 0085 02       		.uleb128 0x2
 215 0086 01       		.byte	0x1
 216 0087 08       		.byte	0x8
 217 0088 82010000 		.4byte	.LASF11
 218 008c 04       		.uleb128 0x4
 219 008d 74000000 		.4byte	.LASF13
 220 0091 02       		.byte	0x2
 221 0092 3C02     		.2byte	0x23c
 222 0094 98000000 		.4byte	0x98
 223 0098 05       		.uleb128 0x5
 224 0099 6B000000 		.4byte	0x6b
 225 009d 02       		.uleb128 0x2
 226 009e 04       		.byte	0x4
 227 009f 07       		.byte	0x7
 228 00a0 6B010000 		.4byte	.LASF14
 229 00a4 06       		.uleb128 0x6
 230 00a5 87010000 		.4byte	.LASF27
 231 00a9 01       		.byte	0x1
 232 00aa 03       		.byte	0x3
 233 00ab 45       		.byte	0x45
 234 00ac BD000000 		.4byte	0xbd
 235 00b0 07       		.uleb128 0x7
 236 00b1 F1010000 		.4byte	.LASF28
 237 00b5 03       		.byte	0x3
 238 00b6 47       		.byte	0x47
 239 00b7 6B000000 		.4byte	0x6b
 240 00bb 00       		.byte	0
 241 00bc 00       		.byte	0
 242 00bd 08       		.uleb128 0x8
 243 00be 2A020000 		.4byte	.LASF15
 244 00c2 03       		.byte	0x3
 245 00c3 4D       		.byte	0x4d
 246 00c4 A4000000 		.4byte	0xa4
 247 00c8 09       		.uleb128 0x9
 248 00c9 00000000 		.4byte	.LASF16
 249 00cd 01       		.byte	0x1
 250 00ce 36       		.byte	0x36
 251 00cf 01       		.byte	0x1
 252 00d0 09       		.uleb128 0x9
 253 00d1 10000000 		.4byte	.LASF17
 254 00d5 01       		.byte	0x1
 255 00d6 57       		.byte	0x57
 256 00d7 01       		.byte	0x1
 257 00d8 0A       		.uleb128 0xa
 258 00d9 D0000000 		.4byte	0xd0
 259 00dd 00000000 		.4byte	.LFB1
 260 00e1 02000000 		.4byte	.LFE1-.LFB1
 261 00e5 01       		.uleb128 0x1
 262 00e6 9C       		.byte	0x9c
 263 00e7 0B       		.uleb128 0xb
 264 00e8 49000000 		.4byte	.LASF18
 265 00ec 01       		.byte	0x1
 266 00ed 78       		.byte	0x78
 267 00ee 00000000 		.4byte	.LFB2
 268 00f2 24000000 		.4byte	.LFE2-.LFB2
 269 00f6 01       		.uleb128 0x1
ARM GAS  C:\Users\chemi\AppData\Local\Temp\ccr9psGj.s 			page 9


 270 00f7 9C       		.byte	0x9c
 271 00f8 06010000 		.4byte	0x106
 272 00fc 0C       		.uleb128 0xc
 273 00fd 1C000000 		.4byte	.LVL0
 274 0101 48010000 		.4byte	0x148
 275 0105 00       		.byte	0
 276 0106 0B       		.uleb128 0xb
 277 0107 DC010000 		.4byte	.LASF19
 278 010b 01       		.byte	0x1
 279 010c AC       		.byte	0xac
 280 010d 00000000 		.4byte	.LFB3
 281 0111 20000000 		.4byte	.LFE3-.LFB3
 282 0115 01       		.uleb128 0x1
 283 0116 9C       		.byte	0x9c
 284 0117 37010000 		.4byte	0x137
 285 011b 0D       		.uleb128 0xd
 286 011c 06000000 		.4byte	.LVL1
 287 0120 53010000 		.4byte	0x153
 288 0124 0D       		.uleb128 0xd
 289 0125 0A000000 		.4byte	.LVL2
 290 0129 5E010000 		.4byte	0x15e
 291 012d 0C       		.uleb128 0xc
 292 012e 18000000 		.4byte	.LVL3
 293 0132 69010000 		.4byte	0x169
 294 0136 00       		.byte	0
 295 0137 0E       		.uleb128 0xe
 296 0138 55010000 		.4byte	.LASF29
 297 013c 01       		.byte	0x1
 298 013d 18       		.byte	0x18
 299 013e BD000000 		.4byte	0xbd
 300 0142 05       		.uleb128 0x5
 301 0143 03       		.byte	0x3
 302 0144 00000000 		.4byte	UART_backup
 303 0148 0F       		.uleb128 0xf
 304 0149 61010000 		.4byte	.LASF20
 305 014d 61010000 		.4byte	.LASF20
 306 0151 03       		.byte	0x3
 307 0152 55       		.byte	0x55
 308 0153 0F       		.uleb128 0xf
 309 0154 36000000 		.4byte	.LASF21
 310 0158 36000000 		.4byte	.LASF21
 311 015c 03       		.byte	0x3
 312 015d 75       		.byte	0x75
 313 015e 0F       		.uleb128 0xf
 314 015f A4010000 		.4byte	.LASF22
 315 0163 A4010000 		.4byte	.LASF22
 316 0167 03       		.byte	0x3
 317 0168 8F       		.byte	0x8f
 318 0169 0F       		.uleb128 0xf
 319 016a 5A000000 		.4byte	.LASF23
 320 016e 5A000000 		.4byte	.LASF23
 321 0172 03       		.byte	0x3
 322 0173 5A       		.byte	0x5a
 323 0174 00       		.byte	0
 324              		.section	.debug_abbrev,"",%progbits
 325              	.Ldebug_abbrev0:
 326 0000 01       		.uleb128 0x1
ARM GAS  C:\Users\chemi\AppData\Local\Temp\ccr9psGj.s 			page 10


 327 0001 11       		.uleb128 0x11
 328 0002 01       		.byte	0x1
 329 0003 25       		.uleb128 0x25
 330 0004 0E       		.uleb128 0xe
 331 0005 13       		.uleb128 0x13
 332 0006 0B       		.uleb128 0xb
 333 0007 03       		.uleb128 0x3
 334 0008 0E       		.uleb128 0xe
 335 0009 1B       		.uleb128 0x1b
 336 000a 0E       		.uleb128 0xe
 337 000b 55       		.uleb128 0x55
 338 000c 17       		.uleb128 0x17
 339 000d 11       		.uleb128 0x11
 340 000e 01       		.uleb128 0x1
 341 000f 10       		.uleb128 0x10
 342 0010 17       		.uleb128 0x17
 343 0011 00       		.byte	0
 344 0012 00       		.byte	0
 345 0013 02       		.uleb128 0x2
 346 0014 24       		.uleb128 0x24
 347 0015 00       		.byte	0
 348 0016 0B       		.uleb128 0xb
 349 0017 0B       		.uleb128 0xb
 350 0018 3E       		.uleb128 0x3e
 351 0019 0B       		.uleb128 0xb
 352 001a 03       		.uleb128 0x3
 353 001b 0E       		.uleb128 0xe
 354 001c 00       		.byte	0
 355 001d 00       		.byte	0
 356 001e 03       		.uleb128 0x3
 357 001f 24       		.uleb128 0x24
 358 0020 00       		.byte	0
 359 0021 0B       		.uleb128 0xb
 360 0022 0B       		.uleb128 0xb
 361 0023 3E       		.uleb128 0x3e
 362 0024 0B       		.uleb128 0xb
 363 0025 03       		.uleb128 0x3
 364 0026 08       		.uleb128 0x8
 365 0027 00       		.byte	0
 366 0028 00       		.byte	0
 367 0029 04       		.uleb128 0x4
 368 002a 16       		.uleb128 0x16
 369 002b 00       		.byte	0
 370 002c 03       		.uleb128 0x3
 371 002d 0E       		.uleb128 0xe
 372 002e 3A       		.uleb128 0x3a
 373 002f 0B       		.uleb128 0xb
 374 0030 3B       		.uleb128 0x3b
 375 0031 05       		.uleb128 0x5
 376 0032 49       		.uleb128 0x49
 377 0033 13       		.uleb128 0x13
 378 0034 00       		.byte	0
 379 0035 00       		.byte	0
 380 0036 05       		.uleb128 0x5
 381 0037 35       		.uleb128 0x35
 382 0038 00       		.byte	0
 383 0039 49       		.uleb128 0x49
ARM GAS  C:\Users\chemi\AppData\Local\Temp\ccr9psGj.s 			page 11


 384 003a 13       		.uleb128 0x13
 385 003b 00       		.byte	0
 386 003c 00       		.byte	0
 387 003d 06       		.uleb128 0x6
 388 003e 13       		.uleb128 0x13
 389 003f 01       		.byte	0x1
 390 0040 03       		.uleb128 0x3
 391 0041 0E       		.uleb128 0xe
 392 0042 0B       		.uleb128 0xb
 393 0043 0B       		.uleb128 0xb
 394 0044 3A       		.uleb128 0x3a
 395 0045 0B       		.uleb128 0xb
 396 0046 3B       		.uleb128 0x3b
 397 0047 0B       		.uleb128 0xb
 398 0048 01       		.uleb128 0x1
 399 0049 13       		.uleb128 0x13
 400 004a 00       		.byte	0
 401 004b 00       		.byte	0
 402 004c 07       		.uleb128 0x7
 403 004d 0D       		.uleb128 0xd
 404 004e 00       		.byte	0
 405 004f 03       		.uleb128 0x3
 406 0050 0E       		.uleb128 0xe
 407 0051 3A       		.uleb128 0x3a
 408 0052 0B       		.uleb128 0xb
 409 0053 3B       		.uleb128 0x3b
 410 0054 0B       		.uleb128 0xb
 411 0055 49       		.uleb128 0x49
 412 0056 13       		.uleb128 0x13
 413 0057 38       		.uleb128 0x38
 414 0058 0B       		.uleb128 0xb
 415 0059 00       		.byte	0
 416 005a 00       		.byte	0
 417 005b 08       		.uleb128 0x8
 418 005c 16       		.uleb128 0x16
 419 005d 00       		.byte	0
 420 005e 03       		.uleb128 0x3
 421 005f 0E       		.uleb128 0xe
 422 0060 3A       		.uleb128 0x3a
 423 0061 0B       		.uleb128 0xb
 424 0062 3B       		.uleb128 0x3b
 425 0063 0B       		.uleb128 0xb
 426 0064 49       		.uleb128 0x49
 427 0065 13       		.uleb128 0x13
 428 0066 00       		.byte	0
 429 0067 00       		.byte	0
 430 0068 09       		.uleb128 0x9
 431 0069 2E       		.uleb128 0x2e
 432 006a 00       		.byte	0
 433 006b 3F       		.uleb128 0x3f
 434 006c 19       		.uleb128 0x19
 435 006d 03       		.uleb128 0x3
 436 006e 0E       		.uleb128 0xe
 437 006f 3A       		.uleb128 0x3a
 438 0070 0B       		.uleb128 0xb
 439 0071 3B       		.uleb128 0x3b
 440 0072 0B       		.uleb128 0xb
ARM GAS  C:\Users\chemi\AppData\Local\Temp\ccr9psGj.s 			page 12


 441 0073 27       		.uleb128 0x27
 442 0074 19       		.uleb128 0x19
 443 0075 20       		.uleb128 0x20
 444 0076 0B       		.uleb128 0xb
 445 0077 00       		.byte	0
 446 0078 00       		.byte	0
 447 0079 0A       		.uleb128 0xa
 448 007a 2E       		.uleb128 0x2e
 449 007b 00       		.byte	0
 450 007c 31       		.uleb128 0x31
 451 007d 13       		.uleb128 0x13
 452 007e 11       		.uleb128 0x11
 453 007f 01       		.uleb128 0x1
 454 0080 12       		.uleb128 0x12
 455 0081 06       		.uleb128 0x6
 456 0082 40       		.uleb128 0x40
 457 0083 18       		.uleb128 0x18
 458 0084 9742     		.uleb128 0x2117
 459 0086 19       		.uleb128 0x19
 460 0087 00       		.byte	0
 461 0088 00       		.byte	0
 462 0089 0B       		.uleb128 0xb
 463 008a 2E       		.uleb128 0x2e
 464 008b 01       		.byte	0x1
 465 008c 3F       		.uleb128 0x3f
 466 008d 19       		.uleb128 0x19
 467 008e 03       		.uleb128 0x3
 468 008f 0E       		.uleb128 0xe
 469 0090 3A       		.uleb128 0x3a
 470 0091 0B       		.uleb128 0xb
 471 0092 3B       		.uleb128 0x3b
 472 0093 0B       		.uleb128 0xb
 473 0094 27       		.uleb128 0x27
 474 0095 19       		.uleb128 0x19
 475 0096 11       		.uleb128 0x11
 476 0097 01       		.uleb128 0x1
 477 0098 12       		.uleb128 0x12
 478 0099 06       		.uleb128 0x6
 479 009a 40       		.uleb128 0x40
 480 009b 18       		.uleb128 0x18
 481 009c 9742     		.uleb128 0x2117
 482 009e 19       		.uleb128 0x19
 483 009f 01       		.uleb128 0x1
 484 00a0 13       		.uleb128 0x13
 485 00a1 00       		.byte	0
 486 00a2 00       		.byte	0
 487 00a3 0C       		.uleb128 0xc
 488 00a4 898201   		.uleb128 0x4109
 489 00a7 00       		.byte	0
 490 00a8 11       		.uleb128 0x11
 491 00a9 01       		.uleb128 0x1
 492 00aa 9542     		.uleb128 0x2115
 493 00ac 19       		.uleb128 0x19
 494 00ad 31       		.uleb128 0x31
 495 00ae 13       		.uleb128 0x13
 496 00af 00       		.byte	0
 497 00b0 00       		.byte	0
ARM GAS  C:\Users\chemi\AppData\Local\Temp\ccr9psGj.s 			page 13


 498 00b1 0D       		.uleb128 0xd
 499 00b2 898201   		.uleb128 0x4109
 500 00b5 00       		.byte	0
 501 00b6 11       		.uleb128 0x11
 502 00b7 01       		.uleb128 0x1
 503 00b8 31       		.uleb128 0x31
 504 00b9 13       		.uleb128 0x13
 505 00ba 00       		.byte	0
 506 00bb 00       		.byte	0
 507 00bc 0E       		.uleb128 0xe
 508 00bd 34       		.uleb128 0x34
 509 00be 00       		.byte	0
 510 00bf 03       		.uleb128 0x3
 511 00c0 0E       		.uleb128 0xe
 512 00c1 3A       		.uleb128 0x3a
 513 00c2 0B       		.uleb128 0xb
 514 00c3 3B       		.uleb128 0x3b
 515 00c4 0B       		.uleb128 0xb
 516 00c5 49       		.uleb128 0x49
 517 00c6 13       		.uleb128 0x13
 518 00c7 02       		.uleb128 0x2
 519 00c8 18       		.uleb128 0x18
 520 00c9 00       		.byte	0
 521 00ca 00       		.byte	0
 522 00cb 0F       		.uleb128 0xf
 523 00cc 2E       		.uleb128 0x2e
 524 00cd 00       		.byte	0
 525 00ce 3F       		.uleb128 0x3f
 526 00cf 19       		.uleb128 0x19
 527 00d0 3C       		.uleb128 0x3c
 528 00d1 19       		.uleb128 0x19
 529 00d2 6E       		.uleb128 0x6e
 530 00d3 0E       		.uleb128 0xe
 531 00d4 03       		.uleb128 0x3
 532 00d5 0E       		.uleb128 0xe
 533 00d6 3A       		.uleb128 0x3a
 534 00d7 0B       		.uleb128 0xb
 535 00d8 3B       		.uleb128 0x3b
 536 00d9 0B       		.uleb128 0xb
 537 00da 00       		.byte	0
 538 00db 00       		.byte	0
 539 00dc 00       		.byte	0
 540              		.section	.debug_aranges,"",%progbits
 541 0000 2C000000 		.4byte	0x2c
 542 0004 0200     		.2byte	0x2
 543 0006 00000000 		.4byte	.Ldebug_info0
 544 000a 04       		.byte	0x4
 545 000b 00       		.byte	0
 546 000c 0000     		.2byte	0
 547 000e 0000     		.2byte	0
 548 0010 00000000 		.4byte	.LFB1
 549 0014 02000000 		.4byte	.LFE1-.LFB1
 550 0018 00000000 		.4byte	.LFB2
 551 001c 24000000 		.4byte	.LFE2-.LFB2
 552 0020 00000000 		.4byte	.LFB3
 553 0024 20000000 		.4byte	.LFE3-.LFB3
 554 0028 00000000 		.4byte	0
ARM GAS  C:\Users\chemi\AppData\Local\Temp\ccr9psGj.s 			page 14


 555 002c 00000000 		.4byte	0
 556              		.section	.debug_ranges,"",%progbits
 557              	.Ldebug_ranges0:
 558 0000 00000000 		.4byte	.LFB1
 559 0004 02000000 		.4byte	.LFE1
 560 0008 00000000 		.4byte	.LFB2
 561 000c 24000000 		.4byte	.LFE2
 562 0010 00000000 		.4byte	.LFB3
 563 0014 20000000 		.4byte	.LFE3
 564 0018 00000000 		.4byte	0
 565 001c 00000000 		.4byte	0
 566              		.section	.debug_line,"",%progbits
 567              	.Ldebug_line0:
 568 0000 8F000000 		.section	.debug_str,"MS",%progbits,1
 568      02004E00 
 568      00000201 
 568      FB0E0D00 
 568      01010101 
 569              	.LASF16:
 570 0000 55415254 		.ascii	"UART_SaveConfig\000"
 570      5F536176 
 570      65436F6E 
 570      66696700 
 571              	.LASF17:
 572 0010 55415254 		.ascii	"UART_RestoreConfig\000"
 572      5F526573 
 572      746F7265 
 572      436F6E66 
 572      696700
 573              	.LASF3:
 574 0023 73686F72 		.ascii	"short unsigned int\000"
 574      7420756E 
 574      7369676E 
 574      65642069 
 574      6E7400
 575              	.LASF21:
 576 0036 55415254 		.ascii	"UART_ClearRxBuffer\000"
 576      5F436C65 
 576      61725278 
 576      42756666 
 576      657200
 577              	.LASF18:
 578 0049 55415254 		.ascii	"UART_Sleep\000"
 578      5F536C65 
 578      657000
 579              	.LASF9:
 580 0054 666C6F61 		.ascii	"float\000"
 580      7400
 581              	.LASF23:
 582 005a 55415254 		.ascii	"UART_Enable\000"
 582      5F456E61 
 582      626C6500 
 583              	.LASF1:
 584 0066 756E7369 		.ascii	"unsigned char\000"
 584      676E6564 
 584      20636861 
 584      7200
ARM GAS  C:\Users\chemi\AppData\Local\Temp\ccr9psGj.s 			page 15


 585              	.LASF13:
 586 0074 72656738 		.ascii	"reg8\000"
 586      00
 587              	.LASF5:
 588 0079 6C6F6E67 		.ascii	"long unsigned int\000"
 588      20756E73 
 588      69676E65 
 588      6420696E 
 588      7400
 589              	.LASF24:
 590 008b 474E5520 		.ascii	"GNU C99 5.4.1 20160609 (release) [ARM/embedded-5-br"
 590      43393920 
 590      352E342E 
 590      31203230 
 590      31363036 
 591 00be 616E6368 		.ascii	"anch revision 237715] -mcpu=cortex-m3 -mthumb -g -O"
 591      20726576 
 591      6973696F 
 591      6E203233 
 591      37373135 
 592 00f1 73202D73 		.ascii	"s -std=gnu99 -ffunction-sections -ffat-lto-objects\000"
 592      74643D67 
 592      6E753939 
 592      202D6666 
 592      756E6374 
 593              	.LASF12:
 594 0124 75696E74 		.ascii	"uint8\000"
 594      3800
 595              	.LASF10:
 596 012a 646F7562 		.ascii	"double\000"
 596      6C6500
 597              	.LASF8:
 598 0131 756E7369 		.ascii	"unsigned int\000"
 598      676E6564 
 598      20696E74 
 598      00
 599              	.LASF7:
 600 013e 6C6F6E67 		.ascii	"long long unsigned int\000"
 600      206C6F6E 
 600      6720756E 
 600      7369676E 
 600      65642069 
 601              	.LASF29:
 602 0155 55415254 		.ascii	"UART_backup\000"
 602      5F626163 
 602      6B757000 
 603              	.LASF20:
 604 0161 55415254 		.ascii	"UART_Stop\000"
 604      5F53746F 
 604      7000
 605              	.LASF14:
 606 016b 73697A65 		.ascii	"sizetype\000"
 606      74797065 
 606      00
 607              	.LASF6:
 608 0174 6C6F6E67 		.ascii	"long long int\000"
 608      206C6F6E 
ARM GAS  C:\Users\chemi\AppData\Local\Temp\ccr9psGj.s 			page 16


 608      6720696E 
 608      7400
 609              	.LASF11:
 610 0182 63686172 		.ascii	"char\000"
 610      00
 611              	.LASF27:
 612 0187 55415254 		.ascii	"UART_backupStruct_\000"
 612      5F626163 
 612      6B757053 
 612      74727563 
 612      745F00
 613              	.LASF2:
 614 019a 73686F72 		.ascii	"short int\000"
 614      7420696E 
 614      7400
 615              	.LASF22:
 616 01a4 55415254 		.ascii	"UART_ClearTxBuffer\000"
 616      5F436C65 
 616      61725478 
 616      42756666 
 616      657200
 617              	.LASF26:
 618 01b7 433A5C55 		.ascii	"C:\\Users\\chemi\\UD3_QCW\\UD3_QFN.cydsn\000"
 618      73657273 
 618      5C636865 
 618      6D695C55 
 618      44335F51 
 619              	.LASF19:
 620 01dc 55415254 		.ascii	"UART_Wakeup\000"
 620      5F57616B 
 620      65757000 
 621              	.LASF4:
 622 01e8 6C6F6E67 		.ascii	"long int\000"
 622      20696E74 
 622      00
 623              	.LASF28:
 624 01f1 656E6162 		.ascii	"enableState\000"
 624      6C655374 
 624      61746500 
 625              	.LASF0:
 626 01fd 7369676E 		.ascii	"signed char\000"
 626      65642063 
 626      68617200 
 627              	.LASF25:
 628 0209 47656E65 		.ascii	"Generated_Source\\PSoC5\\UART_PM.c\000"
 628      72617465 
 628      645F536F 
 628      75726365 
 628      5C50536F 
 629              	.LASF15:
 630 022a 55415254 		.ascii	"UART_BACKUP_STRUCT\000"
 630      5F424143 
 630      4B55505F 
 630      53545255 
 630      435400
 631              		.ident	"GCC: (GNU Tools for ARM Embedded Processors) 5.4.1 20160609 (release) [ARM/embedded-5-bran
