ARM GAS  C:\Users\chemi\AppData\Local\Temp\ccPC5SyY.s 			page 1


   1              		.syntax unified
   2              		.cpu cortex-m3
   3              		.fpu softvfp
   4              		.eabi_attribute 20, 1
   5              		.eabi_attribute 21, 1
   6              		.eabi_attribute 23, 3
   7              		.eabi_attribute 24, 1
   8              		.eabi_attribute 25, 1
   9              		.eabi_attribute 26, 1
  10              		.eabi_attribute 30, 4
  11              		.eabi_attribute 34, 1
  12              		.eabi_attribute 18, 4
  13              		.thumb
  14              		.syntax unified
  15              		.file	"USBUART_1_msc.c"
  16              		.text
  17              	.Ltext0:
  18              		.cfi_sections	.debug_frame
  19              		.section	.text.USBUART_1_DispatchMSCClassRqst,"ax",%progbits
  20              		.align	1
  21              		.global	USBUART_1_DispatchMSCClassRqst
  22              		.thumb
  23              		.thumb_func
  24              		.type	USBUART_1_DispatchMSCClassRqst, %function
  25              	USBUART_1_DispatchMSCClassRqst:
  26              	.LFB0:
  27              		.file 1 "Generated_Source\\PSoC5\\USBUART_1_msc.c"
   1:Generated_Source\PSoC5/USBUART_1_msc.c **** /***************************************************************************//**
   2:Generated_Source\PSoC5/USBUART_1_msc.c **** * \file USBUART_1_cdc.c
   3:Generated_Source\PSoC5/USBUART_1_msc.c **** * \version 3.20
   4:Generated_Source\PSoC5/USBUART_1_msc.c **** *
   5:Generated_Source\PSoC5/USBUART_1_msc.c **** * \brief
   6:Generated_Source\PSoC5/USBUART_1_msc.c **** *  This file contains the USB MSC Class request handler and global API for MSC 
   7:Generated_Source\PSoC5/USBUART_1_msc.c **** *  class.
   8:Generated_Source\PSoC5/USBUART_1_msc.c **** *
   9:Generated_Source\PSoC5/USBUART_1_msc.c **** * Related Document:
  10:Generated_Source\PSoC5/USBUART_1_msc.c **** *  Universal Serial Bus Class Definitions for Communication Devices Version 1.1
  11:Generated_Source\PSoC5/USBUART_1_msc.c **** *
  12:Generated_Source\PSoC5/USBUART_1_msc.c **** ********************************************************************************
  13:Generated_Source\PSoC5/USBUART_1_msc.c **** * \copyright
  14:Generated_Source\PSoC5/USBUART_1_msc.c **** * Copyright 2012-2016, Cypress Semiconductor Corporation.  All rights reserved.
  15:Generated_Source\PSoC5/USBUART_1_msc.c **** * You may use this file only in accordance with the license, terms, conditions,
  16:Generated_Source\PSoC5/USBUART_1_msc.c **** * disclaimers, and limitations in the end user license agreement accompanying
  17:Generated_Source\PSoC5/USBUART_1_msc.c **** * the software package with which this file was provided.
  18:Generated_Source\PSoC5/USBUART_1_msc.c **** *******************************************************************************/
  19:Generated_Source\PSoC5/USBUART_1_msc.c **** 
  20:Generated_Source\PSoC5/USBUART_1_msc.c **** #include "USBUART_1_msc.h"
  21:Generated_Source\PSoC5/USBUART_1_msc.c **** #include "USBUART_1_pvt.h"
  22:Generated_Source\PSoC5/USBUART_1_msc.c **** 
  23:Generated_Source\PSoC5/USBUART_1_msc.c **** 
  24:Generated_Source\PSoC5/USBUART_1_msc.c **** #if (USBUART_1_HANDLE_MSC_REQUESTS)
  25:Generated_Source\PSoC5/USBUART_1_msc.c **** 
  26:Generated_Source\PSoC5/USBUART_1_msc.c **** /***************************************
  27:Generated_Source\PSoC5/USBUART_1_msc.c **** *          Internal variables
  28:Generated_Source\PSoC5/USBUART_1_msc.c **** ***************************************/
  29:Generated_Source\PSoC5/USBUART_1_msc.c **** 
  30:Generated_Source\PSoC5/USBUART_1_msc.c **** static uint8 USBUART_1_lunCount = USBUART_1_MSC_LUN_NUMBER;
ARM GAS  C:\Users\chemi\AppData\Local\Temp\ccPC5SyY.s 			page 2


  31:Generated_Source\PSoC5/USBUART_1_msc.c **** 
  32:Generated_Source\PSoC5/USBUART_1_msc.c **** 
  33:Generated_Source\PSoC5/USBUART_1_msc.c **** /*******************************************************************************
  34:Generated_Source\PSoC5/USBUART_1_msc.c **** * Function Name: USBUART_1_DispatchMSCClassRqst
  35:Generated_Source\PSoC5/USBUART_1_msc.c **** ****************************************************************************//**
  36:Generated_Source\PSoC5/USBUART_1_msc.c **** *   
  37:Generated_Source\PSoC5/USBUART_1_msc.c **** *  \internal 
  38:Generated_Source\PSoC5/USBUART_1_msc.c **** *  This routine dispatches MSC class requests.
  39:Generated_Source\PSoC5/USBUART_1_msc.c **** *
  40:Generated_Source\PSoC5/USBUART_1_msc.c **** * \return
  41:Generated_Source\PSoC5/USBUART_1_msc.c **** *  Status of request processing: handled or not handled.
  42:Generated_Source\PSoC5/USBUART_1_msc.c **** *
  43:Generated_Source\PSoC5/USBUART_1_msc.c **** * \globalvars
  44:Generated_Source\PSoC5/USBUART_1_msc.c **** *  USBUART_1_lunCount - stores number of LUN (logical units).
  45:Generated_Source\PSoC5/USBUART_1_msc.c **** *
  46:Generated_Source\PSoC5/USBUART_1_msc.c **** * \reentrant
  47:Generated_Source\PSoC5/USBUART_1_msc.c **** *  No.
  48:Generated_Source\PSoC5/USBUART_1_msc.c **** *
  49:Generated_Source\PSoC5/USBUART_1_msc.c **** *******************************************************************************/
  50:Generated_Source\PSoC5/USBUART_1_msc.c **** uint8 USBUART_1_DispatchMSCClassRqst(void) 
  51:Generated_Source\PSoC5/USBUART_1_msc.c **** {
  28              		.loc 1 51 0
  29              		.cfi_startproc
  30              		@ args = 0, pretend = 0, frame = 0
  31              		@ frame_needed = 0, uses_anonymous_args = 0
  32              		@ link register save eliminated.
  33              	.LVL0:
  52:Generated_Source\PSoC5/USBUART_1_msc.c ****     uint8 requestHandled = USBUART_1_FALSE;
  53:Generated_Source\PSoC5/USBUART_1_msc.c ****     
  54:Generated_Source\PSoC5/USBUART_1_msc.c ****     /* Get request data. */
  55:Generated_Source\PSoC5/USBUART_1_msc.c ****     uint16 value  = USBUART_1_GET_UINT16(USBUART_1_wValueHiReg,  USBUART_1_wValueLoReg);
  34              		.loc 1 55 0
  35 0000 104B     		ldr	r3, .L11
  36 0002 D978     		ldrb	r1, [r3, #3]	@ zero_extendqisi2
  37 0004 9A78     		ldrb	r2, [r3, #2]	@ zero_extendqisi2
  56:Generated_Source\PSoC5/USBUART_1_msc.c ****     uint16 dataLength = USBUART_1_GET_UINT16(USBUART_1_wLengthHiReg, USBUART_1_wLengthLoReg);
  38              		.loc 1 56 0
  39 0006 D879     		ldrb	r0, [r3, #7]	@ zero_extendqisi2
  55:Generated_Source\PSoC5/USBUART_1_msc.c ****     uint16 dataLength = USBUART_1_GET_UINT16(USBUART_1_wLengthHiReg, USBUART_1_wLengthLoReg);
  40              		.loc 1 55 0
  41 0008 42EA0121 		orr	r1, r2, r1, lsl #8
  42              	.LVL1:
  43              		.loc 1 56 0
  44 000c 9A79     		ldrb	r2, [r3, #6]	@ zero_extendqisi2
  45 000e 42EA0022 		orr	r2, r2, r0, lsl #8
  46              	.LVL2:
  57:Generated_Source\PSoC5/USBUART_1_msc.c ****        
  58:Generated_Source\PSoC5/USBUART_1_msc.c ****     /* Check request direction: D2H or H2D. */
  59:Generated_Source\PSoC5/USBUART_1_msc.c ****     if (0u != (USBUART_1_bmRequestTypeReg & USBUART_1_RQST_DIR_D2H))
  47              		.loc 1 59 0
  48 0012 1878     		ldrb	r0, [r3]	@ zero_extendqisi2
  60:Generated_Source\PSoC5/USBUART_1_msc.c ****     {
  61:Generated_Source\PSoC5/USBUART_1_msc.c ****         /* Handle direction from device to host. */
  62:Generated_Source\PSoC5/USBUART_1_msc.c ****         
  63:Generated_Source\PSoC5/USBUART_1_msc.c ****         if (USBUART_1_MSC_GET_MAX_LUN == USBUART_1_bRequestReg)
  49              		.loc 1 63 0
  50 0014 5B78     		ldrb	r3, [r3, #1]	@ zero_extendqisi2
ARM GAS  C:\Users\chemi\AppData\Local\Temp\ccPC5SyY.s 			page 3


  59:Generated_Source\PSoC5/USBUART_1_msc.c ****     {
  51              		.loc 1 59 0
  52 0016 0006     		lsls	r0, r0, #24
  53 0018 0AD5     		bpl	.L2
  54              		.loc 1 63 0
  55 001a FE2B     		cmp	r3, #254
  56 001c 10D1     		bne	.L3
  64:Generated_Source\PSoC5/USBUART_1_msc.c ****         {
  65:Generated_Source\PSoC5/USBUART_1_msc.c ****             /* Check request fields. */
  66:Generated_Source\PSoC5/USBUART_1_msc.c ****             if ((value  == USBUART_1_MSC_GET_MAX_LUN_WVALUE) &&
  57              		.loc 1 66 0
  58 001e 79B9     		cbnz	r1, .L3
  59              		.loc 1 66 0 is_stmt 0 discriminator 1
  60 0020 012A     		cmp	r2, #1
  61 0022 0DD1     		bne	.L3
  67:Generated_Source\PSoC5/USBUART_1_msc.c ****                 (dataLength == USBUART_1_MSC_GET_MAX_LUN_WLENGTH))
  68:Generated_Source\PSoC5/USBUART_1_msc.c ****             {
  69:Generated_Source\PSoC5/USBUART_1_msc.c ****                 /* Reply to Get Max LUN request: setup control read. */
  70:Generated_Source\PSoC5/USBUART_1_msc.c ****                 USBUART_1_currentTD.pData = &USBUART_1_lunCount;
  62              		.loc 1 70 0 is_stmt 1
  63 0024 084B     		ldr	r3, .L11+4
  64 0026 0949     		ldr	r1, .L11+8
  65              	.LVL3:
  66 0028 5960     		str	r1, [r3, #4]
  71:Generated_Source\PSoC5/USBUART_1_msc.c ****                 USBUART_1_currentTD.count =  USBUART_1_MSC_GET_MAX_LUN_WLENGTH;
  67              		.loc 1 71 0
  68 002a 1A80     		strh	r2, [r3]	@ movhi
  72:Generated_Source\PSoC5/USBUART_1_msc.c ****                 
  73:Generated_Source\PSoC5/USBUART_1_msc.c ****                 requestHandled  = USBUART_1_InitControlRead();
  69              		.loc 1 73 0
  70 002c FFF7FEBF 		b	USBUART_1_InitControlRead
  71              	.LVL4:
  72              	.L2:
  74:Generated_Source\PSoC5/USBUART_1_msc.c ****             }
  75:Generated_Source\PSoC5/USBUART_1_msc.c ****         }
  76:Generated_Source\PSoC5/USBUART_1_msc.c ****     }
  77:Generated_Source\PSoC5/USBUART_1_msc.c ****     else
  78:Generated_Source\PSoC5/USBUART_1_msc.c ****     {
  79:Generated_Source\PSoC5/USBUART_1_msc.c ****         /* Handle direction from host to device. */
  80:Generated_Source\PSoC5/USBUART_1_msc.c ****         
  81:Generated_Source\PSoC5/USBUART_1_msc.c ****         if (USBUART_1_MSC_RESET == USBUART_1_bRequestReg)
  73              		.loc 1 81 0
  74 0030 FF2B     		cmp	r3, #255
  75 0032 05D1     		bne	.L3
  82:Generated_Source\PSoC5/USBUART_1_msc.c ****         {
  83:Generated_Source\PSoC5/USBUART_1_msc.c ****             /* Check request fields. */
  84:Generated_Source\PSoC5/USBUART_1_msc.c ****             if ((value  == USBUART_1_MSC_RESET_WVALUE) &&
  76              		.loc 1 84 0
  77 0034 21B9     		cbnz	r1, .L3
  78              		.loc 1 84 0 is_stmt 0 discriminator 1
  79 0036 1AB9     		cbnz	r2, .L3
  85:Generated_Source\PSoC5/USBUART_1_msc.c ****                 (dataLength == USBUART_1_MSC_RESET_WLENGTH))
  86:Generated_Source\PSoC5/USBUART_1_msc.c ****             {
  87:Generated_Source\PSoC5/USBUART_1_msc.c ****                 /* Handle to Bulk-Only Reset request: no data control transfer. */
  88:Generated_Source\PSoC5/USBUART_1_msc.c ****                 USBUART_1_currentTD.count = USBUART_1_MSC_RESET_WLENGTH;
  80              		.loc 1 88 0 is_stmt 1
  81 0038 034B     		ldr	r3, .L11+4
ARM GAS  C:\Users\chemi\AppData\Local\Temp\ccPC5SyY.s 			page 4


  82 003a 1A80     		strh	r2, [r3]	@ movhi
  89:Generated_Source\PSoC5/USBUART_1_msc.c ****                 
  90:Generated_Source\PSoC5/USBUART_1_msc.c ****             #ifdef USBUART_1_DISPATCH_MSC_CLASS_MSC_RESET_RQST_CALLBACK
  91:Generated_Source\PSoC5/USBUART_1_msc.c ****                 USBUART_1_DispatchMSCClass_MSC_RESET_RQST_Callback();
  92:Generated_Source\PSoC5/USBUART_1_msc.c ****             #endif /* (USBUART_1_DISPATCH_MSC_CLASS_MSC_RESET_RQST_CALLBACK) */
  93:Generated_Source\PSoC5/USBUART_1_msc.c ****                 
  94:Generated_Source\PSoC5/USBUART_1_msc.c ****                 requestHandled = USBUART_1_InitNoDataControlTransfer();
  83              		.loc 1 94 0
  84 003c FFF7FEBF 		b	USBUART_1_InitNoDataControlTransfer
  85              	.LVL5:
  86              	.L3:
  95:Generated_Source\PSoC5/USBUART_1_msc.c ****             }
  96:Generated_Source\PSoC5/USBUART_1_msc.c ****         }
  97:Generated_Source\PSoC5/USBUART_1_msc.c ****     }
  98:Generated_Source\PSoC5/USBUART_1_msc.c ****     
  99:Generated_Source\PSoC5/USBUART_1_msc.c ****     return (requestHandled);
 100:Generated_Source\PSoC5/USBUART_1_msc.c **** }
  87              		.loc 1 100 0
  88 0040 0020     		movs	r0, #0
  89 0042 7047     		bx	lr
  90              	.L12:
  91              		.align	2
  92              	.L11:
  93 0044 00600040 		.word	1073766400
  94 0048 00000000 		.word	USBUART_1_currentTD
  95 004c 00000000 		.word	.LANCHOR0
  96              		.cfi_endproc
  97              	.LFE0:
  98              		.size	USBUART_1_DispatchMSCClassRqst, .-USBUART_1_DispatchMSCClassRqst
  99              		.section	.text.USBUART_1_MSC_SetLunCount,"ax",%progbits
 100              		.align	1
 101              		.global	USBUART_1_MSC_SetLunCount
 102              		.thumb
 103              		.thumb_func
 104              		.type	USBUART_1_MSC_SetLunCount, %function
 105              	USBUART_1_MSC_SetLunCount:
 106              	.LFB1:
 101:Generated_Source\PSoC5/USBUART_1_msc.c **** 
 102:Generated_Source\PSoC5/USBUART_1_msc.c **** 
 103:Generated_Source\PSoC5/USBUART_1_msc.c **** /*******************************************************************************
 104:Generated_Source\PSoC5/USBUART_1_msc.c **** * Function Name: USBUART_1_MSC_SetLunCount
 105:Generated_Source\PSoC5/USBUART_1_msc.c **** ****************************************************************************//**
 106:Generated_Source\PSoC5/USBUART_1_msc.c **** *
 107:Generated_Source\PSoC5/USBUART_1_msc.c **** *  This function sets the number of logical units supported in the application. 
 108:Generated_Source\PSoC5/USBUART_1_msc.c **** *  The default number of logical units is set in the component customizer.
 109:Generated_Source\PSoC5/USBUART_1_msc.c **** *
 110:Generated_Source\PSoC5/USBUART_1_msc.c **** *  \param lunCount: Count of the logical units. Valid range is between 1 and 16.
 111:Generated_Source\PSoC5/USBUART_1_msc.c **** *
 112:Generated_Source\PSoC5/USBUART_1_msc.c **** *
 113:Generated_Source\PSoC5/USBUART_1_msc.c **** * \globalvars
 114:Generated_Source\PSoC5/USBUART_1_msc.c **** *  USBUART_1_lunCount - stores number of LUN (logical units).
 115:Generated_Source\PSoC5/USBUART_1_msc.c **** *
 116:Generated_Source\PSoC5/USBUART_1_msc.c **** * \reentrant
 117:Generated_Source\PSoC5/USBUART_1_msc.c **** *  No.
 118:Generated_Source\PSoC5/USBUART_1_msc.c **** *
 119:Generated_Source\PSoC5/USBUART_1_msc.c **** *******************************************************************************/
 120:Generated_Source\PSoC5/USBUART_1_msc.c **** void USBUART_1_MSC_SetLunCount(uint8 lunCount) 
ARM GAS  C:\Users\chemi\AppData\Local\Temp\ccPC5SyY.s 			page 5


 121:Generated_Source\PSoC5/USBUART_1_msc.c **** {
 107              		.loc 1 121 0
 108              		.cfi_startproc
 109              		@ args = 0, pretend = 0, frame = 0
 110              		@ frame_needed = 0, uses_anonymous_args = 0
 111              		@ link register save eliminated.
 112              	.LVL6:
 122:Generated_Source\PSoC5/USBUART_1_msc.c ****     USBUART_1_lunCount = (lunCount - 1u);
 113              		.loc 1 122 0
 114 0000 014B     		ldr	r3, .L14
 115 0002 0138     		subs	r0, r0, #1
 116              	.LVL7:
 117 0004 1870     		strb	r0, [r3]
 118 0006 7047     		bx	lr
 119              	.L15:
 120              		.align	2
 121              	.L14:
 122 0008 00000000 		.word	.LANCHOR0
 123              		.cfi_endproc
 124              	.LFE1:
 125              		.size	USBUART_1_MSC_SetLunCount, .-USBUART_1_MSC_SetLunCount
 126              		.section	.text.USBUART_1_MSC_GetLunCount,"ax",%progbits
 127              		.align	1
 128              		.global	USBUART_1_MSC_GetLunCount
 129              		.thumb
 130              		.thumb_func
 131              		.type	USBUART_1_MSC_GetLunCount, %function
 132              	USBUART_1_MSC_GetLunCount:
 133              	.LFB2:
 123:Generated_Source\PSoC5/USBUART_1_msc.c **** }
 124:Generated_Source\PSoC5/USBUART_1_msc.c **** 
 125:Generated_Source\PSoC5/USBUART_1_msc.c **** 
 126:Generated_Source\PSoC5/USBUART_1_msc.c **** /*******************************************************************************
 127:Generated_Source\PSoC5/USBUART_1_msc.c **** * Function Name: USBUART_1_MSC_GetLunCount
 128:Generated_Source\PSoC5/USBUART_1_msc.c **** ****************************************************************************//**
 129:Generated_Source\PSoC5/USBUART_1_msc.c **** *
 130:Generated_Source\PSoC5/USBUART_1_msc.c **** *  This function returns the number of logical units.
 131:Generated_Source\PSoC5/USBUART_1_msc.c **** *
 132:Generated_Source\PSoC5/USBUART_1_msc.c **** * \return
 133:Generated_Source\PSoC5/USBUART_1_msc.c **** *   Number of the logical units.
 134:Generated_Source\PSoC5/USBUART_1_msc.c **** *
 135:Generated_Source\PSoC5/USBUART_1_msc.c **** * \globalvars
 136:Generated_Source\PSoC5/USBUART_1_msc.c **** *  USBUART_1_lunCount - stores number of LUN (logical units).
 137:Generated_Source\PSoC5/USBUART_1_msc.c **** *
 138:Generated_Source\PSoC5/USBUART_1_msc.c **** * \reentrant
 139:Generated_Source\PSoC5/USBUART_1_msc.c **** *  No.
 140:Generated_Source\PSoC5/USBUART_1_msc.c **** *
 141:Generated_Source\PSoC5/USBUART_1_msc.c **** *******************************************************************************/
 142:Generated_Source\PSoC5/USBUART_1_msc.c **** uint8 USBUART_1_MSC_GetLunCount(void) 
 143:Generated_Source\PSoC5/USBUART_1_msc.c **** {
 134              		.loc 1 143 0
 135              		.cfi_startproc
 136              		@ args = 0, pretend = 0, frame = 0
 137              		@ frame_needed = 0, uses_anonymous_args = 0
 138              		@ link register save eliminated.
 144:Generated_Source\PSoC5/USBUART_1_msc.c ****     return (USBUART_1_lunCount + 1u);
 139              		.loc 1 144 0
ARM GAS  C:\Users\chemi\AppData\Local\Temp\ccPC5SyY.s 			page 6


 140 0000 024B     		ldr	r3, .L17
 141 0002 1878     		ldrb	r0, [r3]	@ zero_extendqisi2
 142 0004 0130     		adds	r0, r0, #1
 145:Generated_Source\PSoC5/USBUART_1_msc.c **** }   
 143              		.loc 1 145 0
 144 0006 C0B2     		uxtb	r0, r0
 145 0008 7047     		bx	lr
 146              	.L18:
 147 000a 00BF     		.align	2
 148              	.L17:
 149 000c 00000000 		.word	.LANCHOR0
 150              		.cfi_endproc
 151              	.LFE2:
 152              		.size	USBUART_1_MSC_GetLunCount, .-USBUART_1_MSC_GetLunCount
 153              		.bss
 154              		.set	.LANCHOR0,. + 0
 155              		.type	USBUART_1_lunCount, %object
 156              		.size	USBUART_1_lunCount, 1
 157              	USBUART_1_lunCount:
 158 0000 00       		.space	1
 159              		.text
 160              	.Letext0:
 161              		.file 2 "Generated_Source\\PSoC5\\cytypes.h"
 162              		.file 3 "Generated_Source\\PSoC5\\USBUART_1.h"
 163              		.file 4 "Generated_Source\\PSoC5\\USBUART_1_pvt.h"
 164              		.section	.debug_info,"",%progbits
 165              	.Ldebug_info0:
 166 0000 0B020000 		.4byte	0x20b
 167 0004 0400     		.2byte	0x4
 168 0006 00000000 		.4byte	.Ldebug_abbrev0
 169 000a 04       		.byte	0x4
 170 000b 01       		.uleb128 0x1
 171 000c BD000000 		.4byte	.LASF30
 172 0010 0C       		.byte	0xc
 173 0011 6F010000 		.4byte	.LASF31
 174 0015 89020000 		.4byte	.LASF32
 175 0019 00000000 		.4byte	.Ldebug_ranges0+0
 176 001d 00000000 		.4byte	0
 177 0021 00000000 		.4byte	.Ldebug_line0
 178 0025 02       		.uleb128 0x2
 179 0026 01       		.byte	0x1
 180 0027 06       		.byte	0x6
 181 0028 CB020000 		.4byte	.LASF0
 182 002c 02       		.uleb128 0x2
 183 002d 01       		.byte	0x1
 184 002e 08       		.byte	0x8
 185 002f 9D000000 		.4byte	.LASF1
 186 0033 02       		.uleb128 0x2
 187 0034 02       		.byte	0x2
 188 0035 05       		.byte	0x5
 189 0036 7F020000 		.4byte	.LASF2
 190 003a 02       		.uleb128 0x2
 191 003b 02       		.byte	0x2
 192 003c 07       		.byte	0x7
 193 003d 61000000 		.4byte	.LASF3
 194 0041 02       		.uleb128 0x2
 195 0042 04       		.byte	0x4
ARM GAS  C:\Users\chemi\AppData\Local\Temp\ccPC5SyY.s 			page 7


 196 0043 05       		.byte	0x5
 197 0044 AE020000 		.4byte	.LASF4
 198 0048 02       		.uleb128 0x2
 199 0049 04       		.byte	0x4
 200 004a 07       		.byte	0x7
 201 004b AB000000 		.4byte	.LASF5
 202 004f 02       		.uleb128 0x2
 203 0050 08       		.byte	0x8
 204 0051 05       		.byte	0x5
 205 0052 2A020000 		.4byte	.LASF6
 206 0056 02       		.uleb128 0x2
 207 0057 08       		.byte	0x8
 208 0058 07       		.byte	0x7
 209 0059 E5010000 		.4byte	.LASF7
 210 005d 03       		.uleb128 0x3
 211 005e 04       		.byte	0x4
 212 005f 05       		.byte	0x5
 213 0060 696E7400 		.ascii	"int\000"
 214 0064 02       		.uleb128 0x2
 215 0065 04       		.byte	0x4
 216 0066 07       		.byte	0x7
 217 0067 BE010000 		.4byte	.LASF8
 218 006b 04       		.uleb128 0x4
 219 006c 56010000 		.4byte	.LASF9
 220 0070 02       		.byte	0x2
 221 0071 9201     		.2byte	0x192
 222 0073 2C000000 		.4byte	0x2c
 223 0077 04       		.uleb128 0x4
 224 0078 9D010000 		.4byte	.LASF10
 225 007c 02       		.byte	0x2
 226 007d 9301     		.2byte	0x193
 227 007f 3A000000 		.4byte	0x3a
 228 0083 02       		.uleb128 0x2
 229 0084 04       		.byte	0x4
 230 0085 04       		.byte	0x4
 231 0086 97000000 		.4byte	.LASF11
 232 008a 02       		.uleb128 0x2
 233 008b 08       		.byte	0x8
 234 008c 04       		.byte	0x4
 235 008d 96010000 		.4byte	.LASF12
 236 0091 02       		.uleb128 0x2
 237 0092 01       		.byte	0x1
 238 0093 08       		.byte	0x8
 239 0094 5C020000 		.4byte	.LASF13
 240 0098 05       		.uleb128 0x5
 241 0099 6B000000 		.4byte	0x6b
 242 009d 02       		.uleb128 0x2
 243 009e 04       		.byte	0x4
 244 009f 07       		.byte	0x7
 245 00a0 21020000 		.4byte	.LASF14
 246 00a4 06       		.uleb128 0x6
 247 00a5 04       		.byte	0x4
 248 00a6 03       		.byte	0x3
 249 00a7 A4       		.byte	0xa4
 250 00a8 C5000000 		.4byte	0xc5
 251 00ac 07       		.uleb128 0x7
 252 00ad 74000000 		.4byte	.LASF15
ARM GAS  C:\Users\chemi\AppData\Local\Temp\ccPC5SyY.s 			page 8


 253 00b1 03       		.byte	0x3
 254 00b2 A6       		.byte	0xa6
 255 00b3 6B000000 		.4byte	0x6b
 256 00b7 00       		.byte	0
 257 00b8 07       		.uleb128 0x7
 258 00b9 E0020000 		.4byte	.LASF16
 259 00bd 03       		.byte	0x3
 260 00be A7       		.byte	0xa7
 261 00bf 77000000 		.4byte	0x77
 262 00c3 02       		.byte	0x2
 263 00c4 00       		.byte	0
 264 00c5 08       		.uleb128 0x8
 265 00c6 61020000 		.4byte	.LASF17
 266 00ca 03       		.byte	0x3
 267 00cb A8       		.byte	0xa8
 268 00cc A4000000 		.4byte	0xa4
 269 00d0 06       		.uleb128 0x6
 270 00d1 0C       		.byte	0xc
 271 00d2 03       		.byte	0x3
 272 00d3 AA       		.byte	0xaa
 273 00d4 FD000000 		.4byte	0xfd
 274 00d8 07       		.uleb128 0x7
 275 00d9 5B000000 		.4byte	.LASF18
 276 00dd 03       		.byte	0x3
 277 00de AC       		.byte	0xac
 278 00df 77000000 		.4byte	0x77
 279 00e3 00       		.byte	0
 280 00e4 07       		.uleb128 0x7
 281 00e5 7B000000 		.4byte	.LASF19
 282 00e9 03       		.byte	0x3
 283 00ea AD       		.byte	0xad
 284 00eb FD000000 		.4byte	0xfd
 285 00ef 04       		.byte	0x4
 286 00f0 07       		.uleb128 0x7
 287 00f1 1A000000 		.4byte	.LASF20
 288 00f5 03       		.byte	0x3
 289 00f6 AE       		.byte	0xae
 290 00f7 03010000 		.4byte	0x103
 291 00fb 08       		.byte	0x8
 292 00fc 00       		.byte	0
 293 00fd 09       		.uleb128 0x9
 294 00fe 04       		.byte	0x4
 295 00ff 98000000 		.4byte	0x98
 296 0103 09       		.uleb128 0x9
 297 0104 04       		.byte	0x4
 298 0105 C5000000 		.4byte	0xc5
 299 0109 08       		.uleb128 0x8
 300 010a 46000000 		.4byte	.LASF21
 301 010e 03       		.byte	0x3
 302 010f AF       		.byte	0xaf
 303 0110 D0000000 		.4byte	0xd0
 304 0114 06       		.uleb128 0x6
 305 0115 08       		.byte	0x8
 306 0116 03       		.byte	0x3
 307 0117 C5       		.byte	0xc5
 308 0118 29010000 		.4byte	0x129
 309 011c 07       		.uleb128 0x7
ARM GAS  C:\Users\chemi\AppData\Local\Temp\ccPC5SyY.s 			page 9


 310 011d 81000000 		.4byte	.LASF22
 311 0121 03       		.byte	0x3
 312 0122 C7       		.byte	0xc7
 313 0123 29010000 		.4byte	0x129
 314 0127 00       		.byte	0
 315 0128 00       		.byte	0
 316 0129 0A       		.uleb128 0xa
 317 012a 6B000000 		.4byte	0x6b
 318 012e 39010000 		.4byte	0x139
 319 0132 0B       		.uleb128 0xb
 320 0133 9D000000 		.4byte	0x9d
 321 0137 07       		.byte	0x7
 322 0138 00       		.byte	0
 323 0139 08       		.uleb128 0x8
 324 013a A4010000 		.4byte	.LASF23
 325 013e 03       		.byte	0x3
 326 013f C8       		.byte	0xc8
 327 0140 14010000 		.4byte	0x114
 328 0144 0C       		.uleb128 0xc
 329 0145 27000000 		.4byte	.LASF33
 330 0149 01       		.byte	0x1
 331 014a 32       		.byte	0x32
 332 014b 6B000000 		.4byte	0x6b
 333 014f 00000000 		.4byte	.LFB0
 334 0153 50000000 		.4byte	.LFE0-.LFB0
 335 0157 01       		.uleb128 0x1
 336 0158 9C       		.byte	0x9c
 337 0159 9D010000 		.4byte	0x19d
 338 015d 0D       		.uleb128 0xd
 339 015e 88000000 		.4byte	.LASF24
 340 0162 01       		.byte	0x1
 341 0163 34       		.byte	0x34
 342 0164 6B000000 		.4byte	0x6b
 343 0168 00000000 		.4byte	.LLST0
 344 016c 0D       		.uleb128 0xd
 345 016d 55000000 		.4byte	.LASF25
 346 0171 01       		.byte	0x1
 347 0172 37       		.byte	0x37
 348 0173 77000000 		.4byte	0x77
 349 0177 14000000 		.4byte	.LLST1
 350 017b 0D       		.uleb128 0xd
 351 017c 16020000 		.4byte	.LASF26
 352 0180 01       		.byte	0x1
 353 0181 38       		.byte	0x38
 354 0182 77000000 		.4byte	0x77
 355 0186 3D000000 		.4byte	.LLST2
 356 018a 0E       		.uleb128 0xe
 357 018b 30000000 		.4byte	.LVL4
 358 018f F8010000 		.4byte	0x1f8
 359 0193 0E       		.uleb128 0xe
 360 0194 40000000 		.4byte	.LVL5
 361 0198 03020000 		.4byte	0x203
 362 019c 00       		.byte	0
 363 019d 0F       		.uleb128 0xf
 364 019e 00000000 		.4byte	.LASF34
 365 01a2 01       		.byte	0x1
 366 01a3 78       		.byte	0x78
ARM GAS  C:\Users\chemi\AppData\Local\Temp\ccPC5SyY.s 			page 10


 367 01a4 00000000 		.4byte	.LFB1
 368 01a8 0C000000 		.4byte	.LFE1-.LFB1
 369 01ac 01       		.uleb128 0x1
 370 01ad 9C       		.byte	0x9c
 371 01ae C2010000 		.4byte	0x1c2
 372 01b2 10       		.uleb128 0x10
 373 01b3 D7020000 		.4byte	.LASF35
 374 01b7 01       		.byte	0x1
 375 01b8 78       		.byte	0x78
 376 01b9 6B000000 		.4byte	0x6b
 377 01bd 66000000 		.4byte	.LLST3
 378 01c1 00       		.byte	0
 379 01c2 11       		.uleb128 0x11
 380 01c3 FC010000 		.4byte	.LASF36
 381 01c7 01       		.byte	0x1
 382 01c8 8E       		.byte	0x8e
 383 01c9 6B000000 		.4byte	0x6b
 384 01cd 00000000 		.4byte	.LFB2
 385 01d1 10000000 		.4byte	.LFE2-.LFB2
 386 01d5 01       		.uleb128 0x1
 387 01d6 9C       		.byte	0x9c
 388 01d7 12       		.uleb128 0x12
 389 01d8 5C010000 		.4byte	.LASF27
 390 01dc 01       		.byte	0x1
 391 01dd 1E       		.byte	0x1e
 392 01de 6B000000 		.4byte	0x6b
 393 01e2 05       		.uleb128 0x5
 394 01e3 03       		.byte	0x3
 395 01e4 00000000 		.4byte	USBUART_1_lunCount
 396 01e8 13       		.uleb128 0x13
 397 01e9 B7020000 		.4byte	.LASF37
 398 01ed 04       		.byte	0x4
 399 01ee 7A       		.byte	0x7a
 400 01ef F3010000 		.4byte	0x1f3
 401 01f3 05       		.uleb128 0x5
 402 01f4 09010000 		.4byte	0x109
 403 01f8 14       		.uleb128 0x14
 404 01f9 CB010000 		.4byte	.LASF28
 405 01fd CB010000 		.4byte	.LASF28
 406 0201 04       		.byte	0x4
 407 0202 A9       		.byte	0xa9
 408 0203 14       		.uleb128 0x14
 409 0204 38020000 		.4byte	.LASF29
 410 0208 38020000 		.4byte	.LASF29
 411 020c 04       		.byte	0x4
 412 020d B3       		.byte	0xb3
 413 020e 00       		.byte	0
 414              		.section	.debug_abbrev,"",%progbits
 415              	.Ldebug_abbrev0:
 416 0000 01       		.uleb128 0x1
 417 0001 11       		.uleb128 0x11
 418 0002 01       		.byte	0x1
 419 0003 25       		.uleb128 0x25
 420 0004 0E       		.uleb128 0xe
 421 0005 13       		.uleb128 0x13
 422 0006 0B       		.uleb128 0xb
 423 0007 03       		.uleb128 0x3
ARM GAS  C:\Users\chemi\AppData\Local\Temp\ccPC5SyY.s 			page 11


 424 0008 0E       		.uleb128 0xe
 425 0009 1B       		.uleb128 0x1b
 426 000a 0E       		.uleb128 0xe
 427 000b 55       		.uleb128 0x55
 428 000c 17       		.uleb128 0x17
 429 000d 11       		.uleb128 0x11
 430 000e 01       		.uleb128 0x1
 431 000f 10       		.uleb128 0x10
 432 0010 17       		.uleb128 0x17
 433 0011 00       		.byte	0
 434 0012 00       		.byte	0
 435 0013 02       		.uleb128 0x2
 436 0014 24       		.uleb128 0x24
 437 0015 00       		.byte	0
 438 0016 0B       		.uleb128 0xb
 439 0017 0B       		.uleb128 0xb
 440 0018 3E       		.uleb128 0x3e
 441 0019 0B       		.uleb128 0xb
 442 001a 03       		.uleb128 0x3
 443 001b 0E       		.uleb128 0xe
 444 001c 00       		.byte	0
 445 001d 00       		.byte	0
 446 001e 03       		.uleb128 0x3
 447 001f 24       		.uleb128 0x24
 448 0020 00       		.byte	0
 449 0021 0B       		.uleb128 0xb
 450 0022 0B       		.uleb128 0xb
 451 0023 3E       		.uleb128 0x3e
 452 0024 0B       		.uleb128 0xb
 453 0025 03       		.uleb128 0x3
 454 0026 08       		.uleb128 0x8
 455 0027 00       		.byte	0
 456 0028 00       		.byte	0
 457 0029 04       		.uleb128 0x4
 458 002a 16       		.uleb128 0x16
 459 002b 00       		.byte	0
 460 002c 03       		.uleb128 0x3
 461 002d 0E       		.uleb128 0xe
 462 002e 3A       		.uleb128 0x3a
 463 002f 0B       		.uleb128 0xb
 464 0030 3B       		.uleb128 0x3b
 465 0031 05       		.uleb128 0x5
 466 0032 49       		.uleb128 0x49
 467 0033 13       		.uleb128 0x13
 468 0034 00       		.byte	0
 469 0035 00       		.byte	0
 470 0036 05       		.uleb128 0x5
 471 0037 35       		.uleb128 0x35
 472 0038 00       		.byte	0
 473 0039 49       		.uleb128 0x49
 474 003a 13       		.uleb128 0x13
 475 003b 00       		.byte	0
 476 003c 00       		.byte	0
 477 003d 06       		.uleb128 0x6
 478 003e 13       		.uleb128 0x13
 479 003f 01       		.byte	0x1
 480 0040 0B       		.uleb128 0xb
ARM GAS  C:\Users\chemi\AppData\Local\Temp\ccPC5SyY.s 			page 12


 481 0041 0B       		.uleb128 0xb
 482 0042 3A       		.uleb128 0x3a
 483 0043 0B       		.uleb128 0xb
 484 0044 3B       		.uleb128 0x3b
 485 0045 0B       		.uleb128 0xb
 486 0046 01       		.uleb128 0x1
 487 0047 13       		.uleb128 0x13
 488 0048 00       		.byte	0
 489 0049 00       		.byte	0
 490 004a 07       		.uleb128 0x7
 491 004b 0D       		.uleb128 0xd
 492 004c 00       		.byte	0
 493 004d 03       		.uleb128 0x3
 494 004e 0E       		.uleb128 0xe
 495 004f 3A       		.uleb128 0x3a
 496 0050 0B       		.uleb128 0xb
 497 0051 3B       		.uleb128 0x3b
 498 0052 0B       		.uleb128 0xb
 499 0053 49       		.uleb128 0x49
 500 0054 13       		.uleb128 0x13
 501 0055 38       		.uleb128 0x38
 502 0056 0B       		.uleb128 0xb
 503 0057 00       		.byte	0
 504 0058 00       		.byte	0
 505 0059 08       		.uleb128 0x8
 506 005a 16       		.uleb128 0x16
 507 005b 00       		.byte	0
 508 005c 03       		.uleb128 0x3
 509 005d 0E       		.uleb128 0xe
 510 005e 3A       		.uleb128 0x3a
 511 005f 0B       		.uleb128 0xb
 512 0060 3B       		.uleb128 0x3b
 513 0061 0B       		.uleb128 0xb
 514 0062 49       		.uleb128 0x49
 515 0063 13       		.uleb128 0x13
 516 0064 00       		.byte	0
 517 0065 00       		.byte	0
 518 0066 09       		.uleb128 0x9
 519 0067 0F       		.uleb128 0xf
 520 0068 00       		.byte	0
 521 0069 0B       		.uleb128 0xb
 522 006a 0B       		.uleb128 0xb
 523 006b 49       		.uleb128 0x49
 524 006c 13       		.uleb128 0x13
 525 006d 00       		.byte	0
 526 006e 00       		.byte	0
 527 006f 0A       		.uleb128 0xa
 528 0070 01       		.uleb128 0x1
 529 0071 01       		.byte	0x1
 530 0072 49       		.uleb128 0x49
 531 0073 13       		.uleb128 0x13
 532 0074 01       		.uleb128 0x1
 533 0075 13       		.uleb128 0x13
 534 0076 00       		.byte	0
 535 0077 00       		.byte	0
 536 0078 0B       		.uleb128 0xb
 537 0079 21       		.uleb128 0x21
ARM GAS  C:\Users\chemi\AppData\Local\Temp\ccPC5SyY.s 			page 13


 538 007a 00       		.byte	0
 539 007b 49       		.uleb128 0x49
 540 007c 13       		.uleb128 0x13
 541 007d 2F       		.uleb128 0x2f
 542 007e 0B       		.uleb128 0xb
 543 007f 00       		.byte	0
 544 0080 00       		.byte	0
 545 0081 0C       		.uleb128 0xc
 546 0082 2E       		.uleb128 0x2e
 547 0083 01       		.byte	0x1
 548 0084 3F       		.uleb128 0x3f
 549 0085 19       		.uleb128 0x19
 550 0086 03       		.uleb128 0x3
 551 0087 0E       		.uleb128 0xe
 552 0088 3A       		.uleb128 0x3a
 553 0089 0B       		.uleb128 0xb
 554 008a 3B       		.uleb128 0x3b
 555 008b 0B       		.uleb128 0xb
 556 008c 27       		.uleb128 0x27
 557 008d 19       		.uleb128 0x19
 558 008e 49       		.uleb128 0x49
 559 008f 13       		.uleb128 0x13
 560 0090 11       		.uleb128 0x11
 561 0091 01       		.uleb128 0x1
 562 0092 12       		.uleb128 0x12
 563 0093 06       		.uleb128 0x6
 564 0094 40       		.uleb128 0x40
 565 0095 18       		.uleb128 0x18
 566 0096 9742     		.uleb128 0x2117
 567 0098 19       		.uleb128 0x19
 568 0099 01       		.uleb128 0x1
 569 009a 13       		.uleb128 0x13
 570 009b 00       		.byte	0
 571 009c 00       		.byte	0
 572 009d 0D       		.uleb128 0xd
 573 009e 34       		.uleb128 0x34
 574 009f 00       		.byte	0
 575 00a0 03       		.uleb128 0x3
 576 00a1 0E       		.uleb128 0xe
 577 00a2 3A       		.uleb128 0x3a
 578 00a3 0B       		.uleb128 0xb
 579 00a4 3B       		.uleb128 0x3b
 580 00a5 0B       		.uleb128 0xb
 581 00a6 49       		.uleb128 0x49
 582 00a7 13       		.uleb128 0x13
 583 00a8 02       		.uleb128 0x2
 584 00a9 17       		.uleb128 0x17
 585 00aa 00       		.byte	0
 586 00ab 00       		.byte	0
 587 00ac 0E       		.uleb128 0xe
 588 00ad 898201   		.uleb128 0x4109
 589 00b0 00       		.byte	0
 590 00b1 11       		.uleb128 0x11
 591 00b2 01       		.uleb128 0x1
 592 00b3 9542     		.uleb128 0x2115
 593 00b5 19       		.uleb128 0x19
 594 00b6 31       		.uleb128 0x31
ARM GAS  C:\Users\chemi\AppData\Local\Temp\ccPC5SyY.s 			page 14


 595 00b7 13       		.uleb128 0x13
 596 00b8 00       		.byte	0
 597 00b9 00       		.byte	0
 598 00ba 0F       		.uleb128 0xf
 599 00bb 2E       		.uleb128 0x2e
 600 00bc 01       		.byte	0x1
 601 00bd 3F       		.uleb128 0x3f
 602 00be 19       		.uleb128 0x19
 603 00bf 03       		.uleb128 0x3
 604 00c0 0E       		.uleb128 0xe
 605 00c1 3A       		.uleb128 0x3a
 606 00c2 0B       		.uleb128 0xb
 607 00c3 3B       		.uleb128 0x3b
 608 00c4 0B       		.uleb128 0xb
 609 00c5 27       		.uleb128 0x27
 610 00c6 19       		.uleb128 0x19
 611 00c7 11       		.uleb128 0x11
 612 00c8 01       		.uleb128 0x1
 613 00c9 12       		.uleb128 0x12
 614 00ca 06       		.uleb128 0x6
 615 00cb 40       		.uleb128 0x40
 616 00cc 18       		.uleb128 0x18
 617 00cd 9742     		.uleb128 0x2117
 618 00cf 19       		.uleb128 0x19
 619 00d0 01       		.uleb128 0x1
 620 00d1 13       		.uleb128 0x13
 621 00d2 00       		.byte	0
 622 00d3 00       		.byte	0
 623 00d4 10       		.uleb128 0x10
 624 00d5 05       		.uleb128 0x5
 625 00d6 00       		.byte	0
 626 00d7 03       		.uleb128 0x3
 627 00d8 0E       		.uleb128 0xe
 628 00d9 3A       		.uleb128 0x3a
 629 00da 0B       		.uleb128 0xb
 630 00db 3B       		.uleb128 0x3b
 631 00dc 0B       		.uleb128 0xb
 632 00dd 49       		.uleb128 0x49
 633 00de 13       		.uleb128 0x13
 634 00df 02       		.uleb128 0x2
 635 00e0 17       		.uleb128 0x17
 636 00e1 00       		.byte	0
 637 00e2 00       		.byte	0
 638 00e3 11       		.uleb128 0x11
 639 00e4 2E       		.uleb128 0x2e
 640 00e5 00       		.byte	0
 641 00e6 3F       		.uleb128 0x3f
 642 00e7 19       		.uleb128 0x19
 643 00e8 03       		.uleb128 0x3
 644 00e9 0E       		.uleb128 0xe
 645 00ea 3A       		.uleb128 0x3a
 646 00eb 0B       		.uleb128 0xb
 647 00ec 3B       		.uleb128 0x3b
 648 00ed 0B       		.uleb128 0xb
 649 00ee 27       		.uleb128 0x27
 650 00ef 19       		.uleb128 0x19
 651 00f0 49       		.uleb128 0x49
ARM GAS  C:\Users\chemi\AppData\Local\Temp\ccPC5SyY.s 			page 15


 652 00f1 13       		.uleb128 0x13
 653 00f2 11       		.uleb128 0x11
 654 00f3 01       		.uleb128 0x1
 655 00f4 12       		.uleb128 0x12
 656 00f5 06       		.uleb128 0x6
 657 00f6 40       		.uleb128 0x40
 658 00f7 18       		.uleb128 0x18
 659 00f8 9742     		.uleb128 0x2117
 660 00fa 19       		.uleb128 0x19
 661 00fb 00       		.byte	0
 662 00fc 00       		.byte	0
 663 00fd 12       		.uleb128 0x12
 664 00fe 34       		.uleb128 0x34
 665 00ff 00       		.byte	0
 666 0100 03       		.uleb128 0x3
 667 0101 0E       		.uleb128 0xe
 668 0102 3A       		.uleb128 0x3a
 669 0103 0B       		.uleb128 0xb
 670 0104 3B       		.uleb128 0x3b
 671 0105 0B       		.uleb128 0xb
 672 0106 49       		.uleb128 0x49
 673 0107 13       		.uleb128 0x13
 674 0108 02       		.uleb128 0x2
 675 0109 18       		.uleb128 0x18
 676 010a 00       		.byte	0
 677 010b 00       		.byte	0
 678 010c 13       		.uleb128 0x13
 679 010d 34       		.uleb128 0x34
 680 010e 00       		.byte	0
 681 010f 03       		.uleb128 0x3
 682 0110 0E       		.uleb128 0xe
 683 0111 3A       		.uleb128 0x3a
 684 0112 0B       		.uleb128 0xb
 685 0113 3B       		.uleb128 0x3b
 686 0114 0B       		.uleb128 0xb
 687 0115 49       		.uleb128 0x49
 688 0116 13       		.uleb128 0x13
 689 0117 3F       		.uleb128 0x3f
 690 0118 19       		.uleb128 0x19
 691 0119 3C       		.uleb128 0x3c
 692 011a 19       		.uleb128 0x19
 693 011b 00       		.byte	0
 694 011c 00       		.byte	0
 695 011d 14       		.uleb128 0x14
 696 011e 2E       		.uleb128 0x2e
 697 011f 00       		.byte	0
 698 0120 3F       		.uleb128 0x3f
 699 0121 19       		.uleb128 0x19
 700 0122 3C       		.uleb128 0x3c
 701 0123 19       		.uleb128 0x19
 702 0124 6E       		.uleb128 0x6e
 703 0125 0E       		.uleb128 0xe
 704 0126 03       		.uleb128 0x3
 705 0127 0E       		.uleb128 0xe
 706 0128 3A       		.uleb128 0x3a
 707 0129 0B       		.uleb128 0xb
 708 012a 3B       		.uleb128 0x3b
ARM GAS  C:\Users\chemi\AppData\Local\Temp\ccPC5SyY.s 			page 16


 709 012b 0B       		.uleb128 0xb
 710 012c 00       		.byte	0
 711 012d 00       		.byte	0
 712 012e 00       		.byte	0
 713              		.section	.debug_loc,"",%progbits
 714              	.Ldebug_loc0:
 715              	.LLST0:
 716 0000 00000000 		.4byte	.LVL0
 717 0004 40000000 		.4byte	.LVL5
 718 0008 0200     		.2byte	0x2
 719 000a 30       		.byte	0x30
 720 000b 9F       		.byte	0x9f
 721 000c 00000000 		.4byte	0
 722 0010 00000000 		.4byte	0
 723              	.LLST1:
 724 0014 0C000000 		.4byte	.LVL1
 725 0018 28000000 		.4byte	.LVL3
 726 001c 0100     		.2byte	0x1
 727 001e 51       		.byte	0x51
 728 001f 30000000 		.4byte	.LVL4
 729 0023 3F000000 		.4byte	.LVL5-1
 730 0027 0100     		.2byte	0x1
 731 0029 51       		.byte	0x51
 732 002a 40000000 		.4byte	.LVL5
 733 002e 50000000 		.4byte	.LFE0
 734 0032 0100     		.2byte	0x1
 735 0034 51       		.byte	0x51
 736 0035 00000000 		.4byte	0
 737 0039 00000000 		.4byte	0
 738              	.LLST2:
 739 003d 12000000 		.4byte	.LVL2
 740 0041 2F000000 		.4byte	.LVL4-1
 741 0045 0100     		.2byte	0x1
 742 0047 52       		.byte	0x52
 743 0048 30000000 		.4byte	.LVL4
 744 004c 3F000000 		.4byte	.LVL5-1
 745 0050 0100     		.2byte	0x1
 746 0052 52       		.byte	0x52
 747 0053 40000000 		.4byte	.LVL5
 748 0057 50000000 		.4byte	.LFE0
 749 005b 0100     		.2byte	0x1
 750 005d 52       		.byte	0x52
 751 005e 00000000 		.4byte	0
 752 0062 00000000 		.4byte	0
 753              	.LLST3:
 754 0066 00000000 		.4byte	.LVL6
 755 006a 04000000 		.4byte	.LVL7
 756 006e 0100     		.2byte	0x1
 757 0070 50       		.byte	0x50
 758 0071 04000000 		.4byte	.LVL7
 759 0075 0C000000 		.4byte	.LFE1
 760 0079 0400     		.2byte	0x4
 761 007b F3       		.byte	0xf3
 762 007c 01       		.uleb128 0x1
 763 007d 50       		.byte	0x50
 764 007e 9F       		.byte	0x9f
 765 007f 00000000 		.4byte	0
ARM GAS  C:\Users\chemi\AppData\Local\Temp\ccPC5SyY.s 			page 17


 766 0083 00000000 		.4byte	0
 767              		.section	.debug_aranges,"",%progbits
 768 0000 2C000000 		.4byte	0x2c
 769 0004 0200     		.2byte	0x2
 770 0006 00000000 		.4byte	.Ldebug_info0
 771 000a 04       		.byte	0x4
 772 000b 00       		.byte	0
 773 000c 0000     		.2byte	0
 774 000e 0000     		.2byte	0
 775 0010 00000000 		.4byte	.LFB0
 776 0014 50000000 		.4byte	.LFE0-.LFB0
 777 0018 00000000 		.4byte	.LFB1
 778 001c 0C000000 		.4byte	.LFE1-.LFB1
 779 0020 00000000 		.4byte	.LFB2
 780 0024 10000000 		.4byte	.LFE2-.LFB2
 781 0028 00000000 		.4byte	0
 782 002c 00000000 		.4byte	0
 783              		.section	.debug_ranges,"",%progbits
 784              	.Ldebug_ranges0:
 785 0000 00000000 		.4byte	.LFB0
 786 0004 50000000 		.4byte	.LFE0
 787 0008 00000000 		.4byte	.LFB1
 788 000c 0C000000 		.4byte	.LFE1
 789 0010 00000000 		.4byte	.LFB2
 790 0014 10000000 		.4byte	.LFE2
 791 0018 00000000 		.4byte	0
 792 001c 00000000 		.4byte	0
 793              		.section	.debug_line,"",%progbits
 794              	.Ldebug_line0:
 795 0000 C3000000 		.section	.debug_str,"MS",%progbits,1
 795      02006C00 
 795      00000201 
 795      FB0E0D00 
 795      01010101 
 796              	.LASF34:
 797 0000 55534255 		.ascii	"USBUART_1_MSC_SetLunCount\000"
 797      4152545F 
 797      315F4D53 
 797      435F5365 
 797      744C756E 
 798              	.LASF20:
 799 001a 70537461 		.ascii	"pStatusBlock\000"
 799      74757342 
 799      6C6F636B 
 799      00
 800              	.LASF33:
 801 0027 55534255 		.ascii	"USBUART_1_DispatchMSCClassRqst\000"
 801      4152545F 
 801      315F4469 
 801      73706174 
 801      63684D53 
 802              	.LASF21:
 803 0046 545F5553 		.ascii	"T_USBUART_1_TD\000"
 803      42554152 
 803      545F315F 
 803      544400
 804              	.LASF25:
ARM GAS  C:\Users\chemi\AppData\Local\Temp\ccPC5SyY.s 			page 18


 805 0055 76616C75 		.ascii	"value\000"
 805      6500
 806              	.LASF18:
 807 005b 636F756E 		.ascii	"count\000"
 807      7400
 808              	.LASF3:
 809 0061 73686F72 		.ascii	"short unsigned int\000"
 809      7420756E 
 809      7369676E 
 809      65642069 
 809      6E7400
 810              	.LASF15:
 811 0074 73746174 		.ascii	"status\000"
 811      757300
 812              	.LASF19:
 813 007b 70446174 		.ascii	"pData\000"
 813      6100
 814              	.LASF22:
 815 0081 65704461 		.ascii	"epData\000"
 815      746100
 816              	.LASF24:
 817 0088 72657175 		.ascii	"requestHandled\000"
 817      65737448 
 817      616E646C 
 817      656400
 818              	.LASF11:
 819 0097 666C6F61 		.ascii	"float\000"
 819      7400
 820              	.LASF1:
 821 009d 756E7369 		.ascii	"unsigned char\000"
 821      676E6564 
 821      20636861 
 821      7200
 822              	.LASF5:
 823 00ab 6C6F6E67 		.ascii	"long unsigned int\000"
 823      20756E73 
 823      69676E65 
 823      6420696E 
 823      7400
 824              	.LASF30:
 825 00bd 474E5520 		.ascii	"GNU C99 5.4.1 20160609 (release) [ARM/embedded-5-br"
 825      43393920 
 825      352E342E 
 825      31203230 
 825      31363036 
 826 00f0 616E6368 		.ascii	"anch revision 237715] -mcpu=cortex-m3 -mthumb -g -O"
 826      20726576 
 826      6973696F 
 826      6E203233 
 826      37373135 
 827 0123 73202D73 		.ascii	"s -std=gnu99 -ffunction-sections -ffat-lto-objects\000"
 827      74643D67 
 827      6E753939 
 827      202D6666 
 827      756E6374 
 828              	.LASF9:
 829 0156 75696E74 		.ascii	"uint8\000"
ARM GAS  C:\Users\chemi\AppData\Local\Temp\ccPC5SyY.s 			page 19


 829      3800
 830              	.LASF27:
 831 015c 55534255 		.ascii	"USBUART_1_lunCount\000"
 831      4152545F 
 831      315F6C75 
 831      6E436F75 
 831      6E7400
 832              	.LASF31:
 833 016f 47656E65 		.ascii	"Generated_Source\\PSoC5\\USBUART_1_msc.c\000"
 833      72617465 
 833      645F536F 
 833      75726365 
 833      5C50536F 
 834              	.LASF12:
 835 0196 646F7562 		.ascii	"double\000"
 835      6C6500
 836              	.LASF10:
 837 019d 75696E74 		.ascii	"uint16\000"
 837      313600
 838              	.LASF23:
 839 01a4 55534255 		.ascii	"USBUART_1_ep0_data_struct\000"
 839      4152545F 
 839      315F6570 
 839      305F6461 
 839      74615F73 
 840              	.LASF8:
 841 01be 756E7369 		.ascii	"unsigned int\000"
 841      676E6564 
 841      20696E74 
 841      00
 842              	.LASF28:
 843 01cb 55534255 		.ascii	"USBUART_1_InitControlRead\000"
 843      4152545F 
 843      315F496E 
 843      6974436F 
 843      6E74726F 
 844              	.LASF7:
 845 01e5 6C6F6E67 		.ascii	"long long unsigned int\000"
 845      206C6F6E 
 845      6720756E 
 845      7369676E 
 845      65642069 
 846              	.LASF36:
 847 01fc 55534255 		.ascii	"USBUART_1_MSC_GetLunCount\000"
 847      4152545F 
 847      315F4D53 
 847      435F4765 
 847      744C756E 
 848              	.LASF26:
 849 0216 64617461 		.ascii	"dataLength\000"
 849      4C656E67 
 849      746800
 850              	.LASF14:
 851 0221 73697A65 		.ascii	"sizetype\000"
 851      74797065 
 851      00
 852              	.LASF6:
ARM GAS  C:\Users\chemi\AppData\Local\Temp\ccPC5SyY.s 			page 20


 853 022a 6C6F6E67 		.ascii	"long long int\000"
 853      206C6F6E 
 853      6720696E 
 853      7400
 854              	.LASF29:
 855 0238 55534255 		.ascii	"USBUART_1_InitNoDataControlTransfer\000"
 855      4152545F 
 855      315F496E 
 855      69744E6F 
 855      44617461 
 856              	.LASF13:
 857 025c 63686172 		.ascii	"char\000"
 857      00
 858              	.LASF17:
 859 0261 545F5553 		.ascii	"T_USBUART_1_XFER_STATUS_BLOCK\000"
 859      42554152 
 859      545F315F 
 859      58464552 
 859      5F535441 
 860              	.LASF2:
 861 027f 73686F72 		.ascii	"short int\000"
 861      7420696E 
 861      7400
 862              	.LASF32:
 863 0289 433A5C55 		.ascii	"C:\\Users\\chemi\\UD3_QCW\\UD3_QFN.cydsn\000"
 863      73657273 
 863      5C636865 
 863      6D695C55 
 863      44335F51 
 864              	.LASF4:
 865 02ae 6C6F6E67 		.ascii	"long int\000"
 865      20696E74 
 865      00
 866              	.LASF37:
 867 02b7 55534255 		.ascii	"USBUART_1_currentTD\000"
 867      4152545F 
 867      315F6375 
 867      7272656E 
 867      74544400 
 868              	.LASF0:
 869 02cb 7369676E 		.ascii	"signed char\000"
 869      65642063 
 869      68617200 
 870              	.LASF35:
 871 02d7 6C756E43 		.ascii	"lunCount\000"
 871      6F756E74 
 871      00
 872              	.LASF16:
 873 02e0 6C656E67 		.ascii	"length\000"
 873      746800
 874              		.ident	"GCC: (GNU Tools for ARM Embedded Processors) 5.4.1 20160609 (release) [ARM/embedded-5-bran
