ARM GAS  C:\Users\chemi\AppData\Local\Temp\ccU5FJh4.s 			page 1


   1              		.syntax unified
   2              		.cpu cortex-m3
   3              		.fpu softvfp
   4              		.eabi_attribute 20, 1
   5              		.eabi_attribute 21, 1
   6              		.eabi_attribute 23, 3
   7              		.eabi_attribute 24, 1
   8              		.eabi_attribute 25, 1
   9              		.eabi_attribute 26, 1
  10              		.eabi_attribute 30, 4
  11              		.eabi_attribute 34, 1
  12              		.eabi_attribute 18, 4
  13              		.thumb
  14              		.syntax unified
  15              		.file	"USBUART_1_descr.c"
  16              		.text
  17              	.Ltext0:
  18              		.cfi_sections	.debug_frame
  19              		.comm	USBUART_1_idSerialNumberStringDescriptor,34,1
  20              		.global	USBUART_1_TABLE
  21              		.global	USBUART_1_DEVICE0_TABLE
  22              		.global	USBUART_1_DEVICE0_CONFIGURATION0_TABLE
  23              		.global	USBUART_1_DEVICE0_CONFIGURATION0_INTERFACE_CLASS
  24              		.global	USBUART_1_DEVICE0_CONFIGURATION0_EP_SETTINGS_TABLE
  25              		.global	USBUART_1_SN_STRING_DESCRIPTOR
  26              		.global	USBUART_1_STRING_DESCRIPTORS
  27              		.global	USBUART_1_DEVICE0_CONFIGURATION0_DESCR
  28              		.global	USBUART_1_DEVICE0_DESCR
  29              		.section	.rodata
  30              		.align	2
  31              		.type	USBUART_1_TABLE, %object
  32              		.size	USBUART_1_TABLE, 8
  33              	USBUART_1_TABLE:
  34 0000 01       		.byte	1
  35 0001 000000   		.space	3
  36 0004 00000000 		.word	USBUART_1_DEVICE0_TABLE
  37              		.type	USBUART_1_DEVICE0_TABLE, %object
  38              		.size	USBUART_1_DEVICE0_TABLE, 24
  39              	USBUART_1_DEVICE0_TABLE:
  40 0008 01       		.byte	1
  41 0009 000000   		.space	3
  42 000c 00000000 		.word	USBUART_1_DEVICE0_DESCR
  43 0010 00       		.byte	0
  44 0011 000000   		.space	3
  45 0014 00000000 		.word	0
  46 0018 01       		.byte	1
  47 0019 000000   		.space	3
  48 001c 00000000 		.word	USBUART_1_DEVICE0_CONFIGURATION0_TABLE
  49              		.type	USBUART_1_DEVICE0_CONFIGURATION0_TABLE, %object
  50              		.size	USBUART_1_DEVICE0_CONFIGURATION0_TABLE, 40
  51              	USBUART_1_DEVICE0_CONFIGURATION0_TABLE:
  52 0020 01       		.byte	1
  53 0021 000000   		.space	3
  54 0024 00000000 		.word	USBUART_1_DEVICE0_CONFIGURATION0_DESCR
  55 0028 03       		.byte	3
  56 0029 000000   		.space	3
  57 002c 00000000 		.word	USBUART_1_DEVICE0_CONFIGURATION0_EP_SETTINGS_TABLE
ARM GAS  C:\Users\chemi\AppData\Local\Temp\ccU5FJh4.s 			page 2


  58 0030 00       		.byte	0
  59 0031 000000   		.space	3
  60 0034 00000000 		.word	0
  61 0038 00       		.byte	0
  62 0039 000000   		.space	3
  63 003c 00000000 		.word	0
  64 0040 00       		.byte	0
  65 0041 000000   		.space	3
  66 0044 00000000 		.word	USBUART_1_DEVICE0_CONFIGURATION0_INTERFACE_CLASS
  67              		.type	USBUART_1_DEVICE0_CONFIGURATION0_INTERFACE_CLASS, %object
  68              		.size	USBUART_1_DEVICE0_CONFIGURATION0_INTERFACE_CLASS, 2
  69              	USBUART_1_DEVICE0_CONFIGURATION0_INTERFACE_CLASS:
  70 0048 02       		.byte	2
  71 0049 0A       		.byte	10
  72              		.type	USBUART_1_DEVICE0_CONFIGURATION0_EP_SETTINGS_TABLE, %object
  73              		.size	USBUART_1_DEVICE0_CONFIGURATION0_EP_SETTINGS_TABLE, 24
  74              	USBUART_1_DEVICE0_CONFIGURATION0_EP_SETTINGS_TABLE:
  75 004a 00       		.byte	0
  76 004b 00       		.byte	0
  77 004c 81       		.byte	-127
  78 004d 03       		.byte	3
  79 004e 0800     		.short	8
  80 0050 02       		.byte	2
  81 0051 00       		.space	1
  82 0052 01       		.byte	1
  83 0053 00       		.byte	0
  84 0054 82       		.byte	-126
  85 0055 02       		.byte	2
  86 0056 4000     		.short	64
  87 0058 0A       		.byte	10
  88 0059 00       		.space	1
  89 005a 01       		.byte	1
  90 005b 00       		.byte	0
  91 005c 03       		.byte	3
  92 005d 02       		.byte	2
  93 005e 4000     		.short	64
  94 0060 0A       		.byte	10
  95 0061 00       		.space	1
  96              		.type	USBUART_1_SN_STRING_DESCRIPTOR, %object
  97              		.size	USBUART_1_SN_STRING_DESCRIPTOR, 2
  98              	USBUART_1_SN_STRING_DESCRIPTOR:
  99 0062 02       		.byte	2
 100 0063 03       		.byte	3
 101              		.type	USBUART_1_STRING_DESCRIPTORS, %object
 102              		.size	USBUART_1_STRING_DESCRIPTORS, 161
 103              	USBUART_1_STRING_DESCRIPTORS:
 104 0064 04       		.byte	4
 105 0065 03       		.byte	3
 106 0066 09       		.byte	9
 107 0067 04       		.byte	4
 108 0068 2C       		.byte	44
 109 0069 03       		.byte	3
 110 006a 43       		.byte	67
 111 006b 00       		.byte	0
 112 006c 79       		.byte	121
 113 006d 00       		.byte	0
 114 006e 70       		.byte	112
ARM GAS  C:\Users\chemi\AppData\Local\Temp\ccU5FJh4.s 			page 3


 115 006f 00       		.byte	0
 116 0070 72       		.byte	114
 117 0071 00       		.byte	0
 118 0072 65       		.byte	101
 119 0073 00       		.byte	0
 120 0074 73       		.byte	115
 121 0075 00       		.byte	0
 122 0076 73       		.byte	115
 123 0077 00       		.byte	0
 124 0078 20       		.byte	32
 125 0079 00       		.byte	0
 126 007a 53       		.byte	83
 127 007b 00       		.byte	0
 128 007c 65       		.byte	101
 129 007d 00       		.byte	0
 130 007e 6D       		.byte	109
 131 007f 00       		.byte	0
 132 0080 69       		.byte	105
 133 0081 00       		.byte	0
 134 0082 63       		.byte	99
 135 0083 00       		.byte	0
 136 0084 6F       		.byte	111
 137 0085 00       		.byte	0
 138 0086 6E       		.byte	110
 139 0087 00       		.byte	0
 140 0088 64       		.byte	100
 141 0089 00       		.byte	0
 142 008a 75       		.byte	117
 143 008b 00       		.byte	0
 144 008c 63       		.byte	99
 145 008d 00       		.byte	0
 146 008e 74       		.byte	116
 147 008f 00       		.byte	0
 148 0090 6F       		.byte	111
 149 0091 00       		.byte	0
 150 0092 72       		.byte	114
 151 0093 00       		.byte	0
 152 0094 12       		.byte	18
 153 0095 03       		.byte	3
 154 0096 55       		.byte	85
 155 0097 00       		.byte	0
 156 0098 44       		.byte	68
 157 0099 00       		.byte	0
 158 009a 33       		.byte	51
 159 009b 00       		.byte	0
 160 009c 20       		.byte	32
 161 009d 00       		.byte	0
 162 009e 55       		.byte	85
 163 009f 00       		.byte	0
 164 00a0 41       		.byte	65
 165 00a1 00       		.byte	0
 166 00a2 52       		.byte	82
 167 00a3 00       		.byte	0
 168 00a4 54       		.byte	84
 169 00a5 00       		.byte	0
 170 00a6 38       		.byte	56
 171 00a7 03       		.byte	3
ARM GAS  C:\Users\chemi\AppData\Local\Temp\ccU5FJh4.s 			page 4


 172 00a8 43       		.byte	67
 173 00a9 00       		.byte	0
 174 00aa 44       		.byte	68
 175 00ab 00       		.byte	0
 176 00ac 43       		.byte	67
 177 00ad 00       		.byte	0
 178 00ae 20       		.byte	32
 179 00af 00       		.byte	0
 180 00b0 43       		.byte	67
 181 00b1 00       		.byte	0
 182 00b2 6F       		.byte	111
 183 00b3 00       		.byte	0
 184 00b4 6D       		.byte	109
 185 00b5 00       		.byte	0
 186 00b6 6D       		.byte	109
 187 00b7 00       		.byte	0
 188 00b8 75       		.byte	117
 189 00b9 00       		.byte	0
 190 00ba 6E       		.byte	110
 191 00bb 00       		.byte	0
 192 00bc 69       		.byte	105
 193 00bd 00       		.byte	0
 194 00be 63       		.byte	99
 195 00bf 00       		.byte	0
 196 00c0 61       		.byte	97
 197 00c1 00       		.byte	0
 198 00c2 74       		.byte	116
 199 00c3 00       		.byte	0
 200 00c4 69       		.byte	105
 201 00c5 00       		.byte	0
 202 00c6 6F       		.byte	111
 203 00c7 00       		.byte	0
 204 00c8 6E       		.byte	110
 205 00c9 00       		.byte	0
 206 00ca 20       		.byte	32
 207 00cb 00       		.byte	0
 208 00cc 49       		.byte	73
 209 00cd 00       		.byte	0
 210 00ce 6E       		.byte	110
 211 00cf 00       		.byte	0
 212 00d0 74       		.byte	116
 213 00d1 00       		.byte	0
 214 00d2 65       		.byte	101
 215 00d3 00       		.byte	0
 216 00d4 72       		.byte	114
 217 00d5 00       		.byte	0
 218 00d6 66       		.byte	102
 219 00d7 00       		.byte	0
 220 00d8 61       		.byte	97
 221 00d9 00       		.byte	0
 222 00da 63       		.byte	99
 223 00db 00       		.byte	0
 224 00dc 65       		.byte	101
 225 00dd 00       		.byte	0
 226 00de 26       		.byte	38
 227 00df 03       		.byte	3
 228 00e0 43       		.byte	67
ARM GAS  C:\Users\chemi\AppData\Local\Temp\ccU5FJh4.s 			page 5


 229 00e1 00       		.byte	0
 230 00e2 44       		.byte	68
 231 00e3 00       		.byte	0
 232 00e4 43       		.byte	67
 233 00e5 00       		.byte	0
 234 00e6 20       		.byte	32
 235 00e7 00       		.byte	0
 236 00e8 44       		.byte	68
 237 00e9 00       		.byte	0
 238 00ea 61       		.byte	97
 239 00eb 00       		.byte	0
 240 00ec 74       		.byte	116
 241 00ed 00       		.byte	0
 242 00ee 61       		.byte	97
 243 00ef 00       		.byte	0
 244 00f0 20       		.byte	32
 245 00f1 00       		.byte	0
 246 00f2 49       		.byte	73
 247 00f3 00       		.byte	0
 248 00f4 6E       		.byte	110
 249 00f5 00       		.byte	0
 250 00f6 74       		.byte	116
 251 00f7 00       		.byte	0
 252 00f8 65       		.byte	101
 253 00f9 00       		.byte	0
 254 00fa 72       		.byte	114
 255 00fb 00       		.byte	0
 256 00fc 66       		.byte	102
 257 00fd 00       		.byte	0
 258 00fe 61       		.byte	97
 259 00ff 00       		.byte	0
 260 0100 63       		.byte	99
 261 0101 00       		.byte	0
 262 0102 65       		.byte	101
 263 0103 00       		.byte	0
 264 0104 00       		.byte	0
 265              		.type	USBUART_1_DEVICE0_CONFIGURATION0_DESCR, %object
 266              		.size	USBUART_1_DEVICE0_CONFIGURATION0_DESCR, 67
 267              	USBUART_1_DEVICE0_CONFIGURATION0_DESCR:
 268 0105 09       		.byte	9
 269 0106 02       		.byte	2
 270 0107 43       		.byte	67
 271 0108 00       		.byte	0
 272 0109 02       		.byte	2
 273 010a 01       		.byte	1
 274 010b 01       		.byte	1
 275 010c 80       		.byte	-128
 276 010d 32       		.byte	50
 277 010e 09       		.byte	9
 278 010f 04       		.byte	4
 279 0110 00       		.byte	0
 280 0111 00       		.byte	0
 281 0112 01       		.byte	1
 282 0113 02       		.byte	2
 283 0114 02       		.byte	2
 284 0115 01       		.byte	1
 285 0116 03       		.byte	3
ARM GAS  C:\Users\chemi\AppData\Local\Temp\ccU5FJh4.s 			page 6


 286 0117 05       		.byte	5
 287 0118 24       		.byte	36
 288 0119 00       		.byte	0
 289 011a 10       		.byte	16
 290 011b 01       		.byte	1
 291 011c 04       		.byte	4
 292 011d 24       		.byte	36
 293 011e 02       		.byte	2
 294 011f 02       		.byte	2
 295 0120 05       		.byte	5
 296 0121 24       		.byte	36
 297 0122 06       		.byte	6
 298 0123 00       		.byte	0
 299 0124 01       		.byte	1
 300 0125 05       		.byte	5
 301 0126 24       		.byte	36
 302 0127 01       		.byte	1
 303 0128 00       		.byte	0
 304 0129 01       		.byte	1
 305 012a 07       		.byte	7
 306 012b 05       		.byte	5
 307 012c 81       		.byte	-127
 308 012d 03       		.byte	3
 309 012e 08       		.byte	8
 310 012f 00       		.byte	0
 311 0130 0A       		.byte	10
 312 0131 09       		.byte	9
 313 0132 04       		.byte	4
 314 0133 01       		.byte	1
 315 0134 00       		.byte	0
 316 0135 02       		.byte	2
 317 0136 0A       		.byte	10
 318 0137 00       		.byte	0
 319 0138 00       		.byte	0
 320 0139 04       		.byte	4
 321 013a 07       		.byte	7
 322 013b 05       		.byte	5
 323 013c 82       		.byte	-126
 324 013d 02       		.byte	2
 325 013e 40       		.byte	64
 326 013f 00       		.byte	0
 327 0140 00       		.byte	0
 328 0141 07       		.byte	7
 329 0142 05       		.byte	5
 330 0143 03       		.byte	3
 331 0144 02       		.byte	2
 332 0145 40       		.byte	64
 333 0146 00       		.byte	0
 334 0147 00       		.byte	0
 335              		.type	USBUART_1_DEVICE0_DESCR, %object
 336              		.size	USBUART_1_DEVICE0_DESCR, 18
 337              	USBUART_1_DEVICE0_DESCR:
 338 0148 12       		.byte	18
 339 0149 01       		.byte	1
 340 014a 00       		.byte	0
 341 014b 02       		.byte	2
 342 014c 02       		.byte	2
ARM GAS  C:\Users\chemi\AppData\Local\Temp\ccU5FJh4.s 			page 7


 343 014d 00       		.byte	0
 344 014e 00       		.byte	0
 345 014f 08       		.byte	8
 346 0150 B4       		.byte	-76
 347 0151 04       		.byte	4
 348 0152 32       		.byte	50
 349 0153 F2       		.byte	-14
 350 0154 01       		.byte	1
 351 0155 00       		.byte	0
 352 0156 01       		.byte	1
 353 0157 02       		.byte	2
 354 0158 80       		.byte	-128
 355 0159 01       		.byte	1
 356              		.text
 357              	.Letext0:
 358              		.file 1 "Generated_Source\\PSoC5\\cytypes.h"
 359              		.file 2 "Generated_Source\\PSoC5\\USBUART_1.h"
 360              		.file 3 "Generated_Source\\PSoC5\\USBUART_1_descr.c"
 361              		.section	.debug_info,"",%progbits
 362              	.Ldebug_info0:
 363 0000 98020000 		.4byte	0x298
 364 0004 0400     		.2byte	0x4
 365 0006 00000000 		.4byte	.Ldebug_abbrev0
 366 000a 04       		.byte	0x4
 367 000b 01       		.uleb128 0x1
 368 000c 02010000 		.4byte	.LASF34
 369 0010 0C       		.byte	0xc
 370 0011 2C030000 		.4byte	.LASF35
 371 0015 BF020000 		.4byte	.LASF36
 372 0019 00000000 		.4byte	.Ldebug_line0
 373 001d 02       		.uleb128 0x2
 374 001e 01       		.byte	0x1
 375 001f 06       		.byte	0x6
 376 0020 20030000 		.4byte	.LASF0
 377 0024 02       		.uleb128 0x2
 378 0025 01       		.byte	0x1
 379 0026 08       		.byte	0x8
 380 0027 D7000000 		.4byte	.LASF1
 381 002b 02       		.uleb128 0x2
 382 002c 02       		.byte	0x2
 383 002d 05       		.byte	0x5
 384 002e D8010000 		.4byte	.LASF2
 385 0032 02       		.uleb128 0x2
 386 0033 02       		.byte	0x2
 387 0034 07       		.byte	0x7
 388 0035 5E000000 		.4byte	.LASF3
 389 0039 02       		.uleb128 0x2
 390 003a 04       		.byte	0x4
 391 003b 05       		.byte	0x5
 392 003c 17030000 		.4byte	.LASF4
 393 0040 02       		.uleb128 0x2
 394 0041 04       		.byte	0x4
 395 0042 07       		.byte	0x7
 396 0043 F0000000 		.4byte	.LASF5
 397 0047 02       		.uleb128 0x2
 398 0048 08       		.byte	0x8
 399 0049 05       		.byte	0x5
ARM GAS  C:\Users\chemi\AppData\Local\Temp\ccU5FJh4.s 			page 8


 400 004a 54020000 		.4byte	.LASF6
 401 004e 02       		.uleb128 0x2
 402 004f 08       		.byte	0x8
 403 0050 07       		.byte	0x7
 404 0051 F6010000 		.4byte	.LASF7
 405 0055 03       		.uleb128 0x3
 406 0056 04       		.byte	0x4
 407 0057 05       		.byte	0x5
 408 0058 696E7400 		.ascii	"int\000"
 409 005c 02       		.uleb128 0x2
 410 005d 04       		.byte	0x4
 411 005e 07       		.byte	0x7
 412 005f E9010000 		.4byte	.LASF8
 413 0063 04       		.uleb128 0x4
 414 0064 B9020000 		.4byte	.LASF9
 415 0068 01       		.byte	0x1
 416 0069 9201     		.2byte	0x192
 417 006b 24000000 		.4byte	0x24
 418 006f 04       		.uleb128 0x4
 419 0070 E2010000 		.4byte	.LASF10
 420 0074 01       		.byte	0x1
 421 0075 9301     		.2byte	0x193
 422 0077 32000000 		.4byte	0x32
 423 007b 02       		.uleb128 0x2
 424 007c 04       		.byte	0x4
 425 007d 04       		.byte	0x4
 426 007e 9F000000 		.4byte	.LASF11
 427 0082 02       		.uleb128 0x2
 428 0083 08       		.byte	0x8
 429 0084 04       		.byte	0x4
 430 0085 D1010000 		.4byte	.LASF12
 431 0089 02       		.uleb128 0x2
 432 008a 01       		.byte	0x1
 433 008b 08       		.byte	0x8
 434 008c 62020000 		.4byte	.LASF13
 435 0090 02       		.uleb128 0x2
 436 0091 04       		.byte	0x4
 437 0092 07       		.byte	0x7
 438 0093 2C020000 		.4byte	.LASF14
 439 0097 05       		.uleb128 0x5
 440 0098 08       		.byte	0x8
 441 0099 02       		.byte	0x2
 442 009a 9A       		.byte	0x9a
 443 009b E8000000 		.4byte	0xe8
 444 009f 06       		.uleb128 0x6
 445 00a0 00000000 		.4byte	.LASF15
 446 00a4 02       		.byte	0x2
 447 00a5 9C       		.byte	0x9c
 448 00a6 63000000 		.4byte	0x63
 449 00aa 00       		.byte	0
 450 00ab 06       		.uleb128 0x6
 451 00ac CC000000 		.4byte	.LASF16
 452 00b0 02       		.byte	0x2
 453 00b1 9D       		.byte	0x9d
 454 00b2 63000000 		.4byte	0x63
 455 00b6 01       		.byte	0x1
 456 00b7 06       		.uleb128 0x6
ARM GAS  C:\Users\chemi\AppData\Local\Temp\ccU5FJh4.s 			page 9


 457 00b8 9B010000 		.4byte	.LASF17
 458 00bc 02       		.byte	0x2
 459 00bd 9E       		.byte	0x9e
 460 00be 63000000 		.4byte	0x63
 461 00c2 02       		.byte	0x2
 462 00c3 06       		.uleb128 0x6
 463 00c4 E5000000 		.4byte	.LASF18
 464 00c8 02       		.byte	0x2
 465 00c9 9F       		.byte	0x9f
 466 00ca 63000000 		.4byte	0x63
 467 00ce 03       		.byte	0x3
 468 00cf 06       		.uleb128 0x6
 469 00d0 6D020000 		.4byte	.LASF19
 470 00d4 02       		.byte	0x2
 471 00d5 A0       		.byte	0xa0
 472 00d6 6F000000 		.4byte	0x6f
 473 00da 04       		.byte	0x4
 474 00db 06       		.uleb128 0x6
 475 00dc 67020000 		.4byte	.LASF20
 476 00e0 02       		.byte	0x2
 477 00e1 A1       		.byte	0xa1
 478 00e2 63000000 		.4byte	0x63
 479 00e6 06       		.byte	0x6
 480 00e7 00       		.byte	0
 481 00e8 07       		.uleb128 0x7
 482 00e9 81000000 		.4byte	.LASF21
 483 00ed 02       		.byte	0x2
 484 00ee A2       		.byte	0xa2
 485 00ef 97000000 		.4byte	0x97
 486 00f3 05       		.uleb128 0x5
 487 00f4 08       		.byte	0x8
 488 00f5 02       		.byte	0x2
 489 00f6 B1       		.byte	0xb1
 490 00f7 12010000 		.4byte	0x112
 491 00fb 08       		.uleb128 0x8
 492 00fc 6300     		.ascii	"c\000"
 493 00fe 02       		.byte	0x2
 494 00ff B3       		.byte	0xb3
 495 0100 63000000 		.4byte	0x63
 496 0104 00       		.byte	0
 497 0105 06       		.uleb128 0x6
 498 0106 25020000 		.4byte	.LASF22
 499 010a 02       		.byte	0x2
 500 010b B4       		.byte	0xb4
 501 010c 12010000 		.4byte	0x112
 502 0110 04       		.byte	0x4
 503 0111 00       		.byte	0
 504 0112 09       		.uleb128 0x9
 505 0113 04       		.byte	0x4
 506 0114 18010000 		.4byte	0x118
 507 0118 0A       		.uleb128 0xa
 508 0119 07       		.uleb128 0x7
 509 011a 71000000 		.4byte	.LASF23
 510 011e 02       		.byte	0x2
 511 011f B5       		.byte	0xb5
 512 0120 F3000000 		.4byte	0xf3
 513 0124 0B       		.uleb128 0xb
ARM GAS  C:\Users\chemi\AppData\Local\Temp\ccU5FJh4.s 			page 10


 514 0125 34010000 		.4byte	0x134
 515 0129 34010000 		.4byte	0x134
 516 012d 0C       		.uleb128 0xc
 517 012e 90000000 		.4byte	0x90
 518 0132 11       		.byte	0x11
 519 0133 00       		.byte	0
 520 0134 0D       		.uleb128 0xd
 521 0135 63000000 		.4byte	0x63
 522 0139 0E       		.uleb128 0xe
 523 013a A1020000 		.4byte	.LASF24
 524 013e 03       		.byte	0x3
 525 013f 24       		.byte	0x24
 526 0140 4A010000 		.4byte	0x14a
 527 0144 05       		.uleb128 0x5
 528 0145 03       		.byte	0x3
 529 0146 00000000 		.4byte	USBUART_1_DEVICE0_DESCR
 530 014a 0D       		.uleb128 0xd
 531 014b 24010000 		.4byte	0x124
 532 014f 0B       		.uleb128 0xb
 533 0150 34010000 		.4byte	0x134
 534 0154 5F010000 		.4byte	0x15f
 535 0158 0C       		.uleb128 0xc
 536 0159 90000000 		.4byte	0x90
 537 015d 42       		.byte	0x42
 538 015e 00       		.byte	0
 539 015f 0E       		.uleb128 0xe
 540 0160 A5000000 		.4byte	.LASF25
 541 0164 03       		.byte	0x3
 542 0165 37       		.byte	0x37
 543 0166 70010000 		.4byte	0x170
 544 016a 05       		.uleb128 0x5
 545 016b 03       		.byte	0x3
 546 016c 00000000 		.4byte	USBUART_1_DEVICE0_CONFIGURATION0_DESCR
 547 0170 0D       		.uleb128 0xd
 548 0171 4F010000 		.4byte	0x14f
 549 0175 0B       		.uleb128 0xb
 550 0176 85010000 		.4byte	0x185
 551 017a 85010000 		.4byte	0x185
 552 017e 0C       		.uleb128 0xc
 553 017f 90000000 		.4byte	0x90
 554 0183 02       		.byte	0x2
 555 0184 00       		.byte	0
 556 0185 0D       		.uleb128 0xd
 557 0186 E8000000 		.4byte	0xe8
 558 018a 0E       		.uleb128 0xe
 559 018b E4020000 		.4byte	.LASF26
 560 018f 03       		.byte	0x3
 561 0190 D8       		.byte	0xd8
 562 0191 9B010000 		.4byte	0x19b
 563 0195 05       		.uleb128 0x5
 564 0196 03       		.byte	0x3
 565 0197 00000000 		.4byte	USBUART_1_DEVICE0_CONFIGURATION0_EP_SETTINGS_TABLE
 566 019b 0D       		.uleb128 0xd
 567 019c 75010000 		.4byte	0x175
 568 01a0 0B       		.uleb128 0xb
 569 01a1 34010000 		.4byte	0x134
 570 01a5 B0010000 		.4byte	0x1b0
ARM GAS  C:\Users\chemi\AppData\Local\Temp\ccU5FJh4.s 			page 11


 571 01a9 0C       		.uleb128 0xc
 572 01aa 90000000 		.4byte	0x90
 573 01ae 01       		.byte	0x1
 574 01af 00       		.byte	0
 575 01b0 0E       		.uleb128 0xe
 576 01b1 A0010000 		.4byte	.LASF27
 577 01b5 03       		.byte	0x3
 578 01b6 DE       		.byte	0xde
 579 01b7 C1010000 		.4byte	0x1c1
 580 01bb 05       		.uleb128 0x5
 581 01bc 03       		.byte	0x3
 582 01bd 00000000 		.4byte	USBUART_1_DEVICE0_CONFIGURATION0_INTERFACE_CLASS
 583 01c1 0D       		.uleb128 0xd
 584 01c2 A0010000 		.4byte	0x1a0
 585 01c6 0B       		.uleb128 0xb
 586 01c7 D6010000 		.4byte	0x1d6
 587 01cb D6010000 		.4byte	0x1d6
 588 01cf 0C       		.uleb128 0xc
 589 01d0 90000000 		.4byte	0x90
 590 01d4 04       		.byte	0x4
 591 01d5 00       		.byte	0
 592 01d6 0D       		.uleb128 0xd
 593 01d7 19010000 		.4byte	0x119
 594 01db 0E       		.uleb128 0xe
 595 01dc 37000000 		.4byte	.LASF28
 596 01e0 03       		.byte	0x3
 597 01e1 E6       		.byte	0xe6
 598 01e2 EC010000 		.4byte	0x1ec
 599 01e6 05       		.uleb128 0x5
 600 01e7 03       		.byte	0x3
 601 01e8 00000000 		.4byte	USBUART_1_DEVICE0_CONFIGURATION0_TABLE
 602 01ec 0D       		.uleb128 0xd
 603 01ed C6010000 		.4byte	0x1c6
 604 01f1 0B       		.uleb128 0xb
 605 01f2 D6010000 		.4byte	0x1d6
 606 01f6 01020000 		.4byte	0x201
 607 01fa 0C       		.uleb128 0xc
 608 01fb 90000000 		.4byte	0x90
 609 01ff 02       		.byte	0x2
 610 0200 00       		.byte	0
 611 0201 0E       		.uleb128 0xe
 612 0202 0D020000 		.4byte	.LASF29
 613 0206 03       		.byte	0x3
 614 0207 F1       		.byte	0xf1
 615 0208 12020000 		.4byte	0x212
 616 020c 05       		.uleb128 0x5
 617 020d 03       		.byte	0x3
 618 020e 00000000 		.4byte	USBUART_1_DEVICE0_TABLE
 619 0212 0D       		.uleb128 0xd
 620 0213 F1010000 		.4byte	0x1f1
 621 0217 0B       		.uleb128 0xb
 622 0218 D6010000 		.4byte	0x1d6
 623 021c 27020000 		.4byte	0x227
 624 0220 0C       		.uleb128 0xc
 625 0221 90000000 		.4byte	0x90
 626 0225 00       		.byte	0
 627 0226 00       		.byte	0
ARM GAS  C:\Users\chemi\AppData\Local\Temp\ccU5FJh4.s 			page 12


 628 0227 0E       		.uleb128 0xe
 629 0228 27000000 		.4byte	.LASF30
 630 022c 03       		.byte	0x3
 631 022d F9       		.byte	0xf9
 632 022e 38020000 		.4byte	0x238
 633 0232 05       		.uleb128 0x5
 634 0233 03       		.byte	0x3
 635 0234 00000000 		.4byte	USBUART_1_TABLE
 636 0238 0D       		.uleb128 0xd
 637 0239 17020000 		.4byte	0x217
 638 023d 0E       		.uleb128 0xe
 639 023e 35020000 		.4byte	.LASF31
 640 0242 03       		.byte	0x3
 641 0243 C9       		.byte	0xc9
 642 0244 4E020000 		.4byte	0x24e
 643 0248 05       		.uleb128 0x5
 644 0249 03       		.byte	0x3
 645 024a 00000000 		.4byte	USBUART_1_SN_STRING_DESCRIPTOR
 646 024e 0D       		.uleb128 0xd
 647 024f A0010000 		.4byte	0x1a0
 648 0253 0B       		.uleb128 0xb
 649 0254 34010000 		.4byte	0x134
 650 0258 63020000 		.4byte	0x263
 651 025c 0C       		.uleb128 0xc
 652 025d 90000000 		.4byte	0x90
 653 0261 A0       		.byte	0xa0
 654 0262 00       		.byte	0
 655 0263 0E       		.uleb128 0xe
 656 0264 0A000000 		.4byte	.LASF32
 657 0268 03       		.byte	0x3
 658 0269 96       		.byte	0x96
 659 026a 74020000 		.4byte	0x274
 660 026e 05       		.uleb128 0x5
 661 026f 03       		.byte	0x3
 662 0270 00000000 		.4byte	USBUART_1_STRING_DESCRIPTORS
 663 0274 0D       		.uleb128 0xd
 664 0275 53020000 		.4byte	0x253
 665 0279 0B       		.uleb128 0xb
 666 027a 63000000 		.4byte	0x63
 667 027e 89020000 		.4byte	0x289
 668 0282 0C       		.uleb128 0xc
 669 0283 90000000 		.4byte	0x90
 670 0287 21       		.byte	0x21
 671 0288 00       		.byte	0
 672 0289 0F       		.uleb128 0xf
 673 028a 78020000 		.4byte	.LASF33
 674 028e 03       		.byte	0x3
 675 028f 2701     		.2byte	0x127
 676 0291 79020000 		.4byte	0x279
 677 0295 05       		.uleb128 0x5
 678 0296 03       		.byte	0x3
 679 0297 00000000 		.4byte	USBUART_1_idSerialNumberStringDescriptor
 680 029b 00       		.byte	0
 681              		.section	.debug_abbrev,"",%progbits
 682              	.Ldebug_abbrev0:
 683 0000 01       		.uleb128 0x1
 684 0001 11       		.uleb128 0x11
ARM GAS  C:\Users\chemi\AppData\Local\Temp\ccU5FJh4.s 			page 13


 685 0002 01       		.byte	0x1
 686 0003 25       		.uleb128 0x25
 687 0004 0E       		.uleb128 0xe
 688 0005 13       		.uleb128 0x13
 689 0006 0B       		.uleb128 0xb
 690 0007 03       		.uleb128 0x3
 691 0008 0E       		.uleb128 0xe
 692 0009 1B       		.uleb128 0x1b
 693 000a 0E       		.uleb128 0xe
 694 000b 10       		.uleb128 0x10
 695 000c 17       		.uleb128 0x17
 696 000d 00       		.byte	0
 697 000e 00       		.byte	0
 698 000f 02       		.uleb128 0x2
 699 0010 24       		.uleb128 0x24
 700 0011 00       		.byte	0
 701 0012 0B       		.uleb128 0xb
 702 0013 0B       		.uleb128 0xb
 703 0014 3E       		.uleb128 0x3e
 704 0015 0B       		.uleb128 0xb
 705 0016 03       		.uleb128 0x3
 706 0017 0E       		.uleb128 0xe
 707 0018 00       		.byte	0
 708 0019 00       		.byte	0
 709 001a 03       		.uleb128 0x3
 710 001b 24       		.uleb128 0x24
 711 001c 00       		.byte	0
 712 001d 0B       		.uleb128 0xb
 713 001e 0B       		.uleb128 0xb
 714 001f 3E       		.uleb128 0x3e
 715 0020 0B       		.uleb128 0xb
 716 0021 03       		.uleb128 0x3
 717 0022 08       		.uleb128 0x8
 718 0023 00       		.byte	0
 719 0024 00       		.byte	0
 720 0025 04       		.uleb128 0x4
 721 0026 16       		.uleb128 0x16
 722 0027 00       		.byte	0
 723 0028 03       		.uleb128 0x3
 724 0029 0E       		.uleb128 0xe
 725 002a 3A       		.uleb128 0x3a
 726 002b 0B       		.uleb128 0xb
 727 002c 3B       		.uleb128 0x3b
 728 002d 05       		.uleb128 0x5
 729 002e 49       		.uleb128 0x49
 730 002f 13       		.uleb128 0x13
 731 0030 00       		.byte	0
 732 0031 00       		.byte	0
 733 0032 05       		.uleb128 0x5
 734 0033 13       		.uleb128 0x13
 735 0034 01       		.byte	0x1
 736 0035 0B       		.uleb128 0xb
 737 0036 0B       		.uleb128 0xb
 738 0037 3A       		.uleb128 0x3a
 739 0038 0B       		.uleb128 0xb
 740 0039 3B       		.uleb128 0x3b
 741 003a 0B       		.uleb128 0xb
ARM GAS  C:\Users\chemi\AppData\Local\Temp\ccU5FJh4.s 			page 14


 742 003b 01       		.uleb128 0x1
 743 003c 13       		.uleb128 0x13
 744 003d 00       		.byte	0
 745 003e 00       		.byte	0
 746 003f 06       		.uleb128 0x6
 747 0040 0D       		.uleb128 0xd
 748 0041 00       		.byte	0
 749 0042 03       		.uleb128 0x3
 750 0043 0E       		.uleb128 0xe
 751 0044 3A       		.uleb128 0x3a
 752 0045 0B       		.uleb128 0xb
 753 0046 3B       		.uleb128 0x3b
 754 0047 0B       		.uleb128 0xb
 755 0048 49       		.uleb128 0x49
 756 0049 13       		.uleb128 0x13
 757 004a 38       		.uleb128 0x38
 758 004b 0B       		.uleb128 0xb
 759 004c 00       		.byte	0
 760 004d 00       		.byte	0
 761 004e 07       		.uleb128 0x7
 762 004f 16       		.uleb128 0x16
 763 0050 00       		.byte	0
 764 0051 03       		.uleb128 0x3
 765 0052 0E       		.uleb128 0xe
 766 0053 3A       		.uleb128 0x3a
 767 0054 0B       		.uleb128 0xb
 768 0055 3B       		.uleb128 0x3b
 769 0056 0B       		.uleb128 0xb
 770 0057 49       		.uleb128 0x49
 771 0058 13       		.uleb128 0x13
 772 0059 00       		.byte	0
 773 005a 00       		.byte	0
 774 005b 08       		.uleb128 0x8
 775 005c 0D       		.uleb128 0xd
 776 005d 00       		.byte	0
 777 005e 03       		.uleb128 0x3
 778 005f 08       		.uleb128 0x8
 779 0060 3A       		.uleb128 0x3a
 780 0061 0B       		.uleb128 0xb
 781 0062 3B       		.uleb128 0x3b
 782 0063 0B       		.uleb128 0xb
 783 0064 49       		.uleb128 0x49
 784 0065 13       		.uleb128 0x13
 785 0066 38       		.uleb128 0x38
 786 0067 0B       		.uleb128 0xb
 787 0068 00       		.byte	0
 788 0069 00       		.byte	0
 789 006a 09       		.uleb128 0x9
 790 006b 0F       		.uleb128 0xf
 791 006c 00       		.byte	0
 792 006d 0B       		.uleb128 0xb
 793 006e 0B       		.uleb128 0xb
 794 006f 49       		.uleb128 0x49
 795 0070 13       		.uleb128 0x13
 796 0071 00       		.byte	0
 797 0072 00       		.byte	0
 798 0073 0A       		.uleb128 0xa
ARM GAS  C:\Users\chemi\AppData\Local\Temp\ccU5FJh4.s 			page 15


 799 0074 26       		.uleb128 0x26
 800 0075 00       		.byte	0
 801 0076 00       		.byte	0
 802 0077 00       		.byte	0
 803 0078 0B       		.uleb128 0xb
 804 0079 01       		.uleb128 0x1
 805 007a 01       		.byte	0x1
 806 007b 49       		.uleb128 0x49
 807 007c 13       		.uleb128 0x13
 808 007d 01       		.uleb128 0x1
 809 007e 13       		.uleb128 0x13
 810 007f 00       		.byte	0
 811 0080 00       		.byte	0
 812 0081 0C       		.uleb128 0xc
 813 0082 21       		.uleb128 0x21
 814 0083 00       		.byte	0
 815 0084 49       		.uleb128 0x49
 816 0085 13       		.uleb128 0x13
 817 0086 2F       		.uleb128 0x2f
 818 0087 0B       		.uleb128 0xb
 819 0088 00       		.byte	0
 820 0089 00       		.byte	0
 821 008a 0D       		.uleb128 0xd
 822 008b 26       		.uleb128 0x26
 823 008c 00       		.byte	0
 824 008d 49       		.uleb128 0x49
 825 008e 13       		.uleb128 0x13
 826 008f 00       		.byte	0
 827 0090 00       		.byte	0
 828 0091 0E       		.uleb128 0xe
 829 0092 34       		.uleb128 0x34
 830 0093 00       		.byte	0
 831 0094 03       		.uleb128 0x3
 832 0095 0E       		.uleb128 0xe
 833 0096 3A       		.uleb128 0x3a
 834 0097 0B       		.uleb128 0xb
 835 0098 3B       		.uleb128 0x3b
 836 0099 0B       		.uleb128 0xb
 837 009a 49       		.uleb128 0x49
 838 009b 13       		.uleb128 0x13
 839 009c 3F       		.uleb128 0x3f
 840 009d 19       		.uleb128 0x19
 841 009e 02       		.uleb128 0x2
 842 009f 18       		.uleb128 0x18
 843 00a0 00       		.byte	0
 844 00a1 00       		.byte	0
 845 00a2 0F       		.uleb128 0xf
 846 00a3 34       		.uleb128 0x34
 847 00a4 00       		.byte	0
 848 00a5 03       		.uleb128 0x3
 849 00a6 0E       		.uleb128 0xe
 850 00a7 3A       		.uleb128 0x3a
 851 00a8 0B       		.uleb128 0xb
 852 00a9 3B       		.uleb128 0x3b
 853 00aa 05       		.uleb128 0x5
 854 00ab 49       		.uleb128 0x49
 855 00ac 13       		.uleb128 0x13
ARM GAS  C:\Users\chemi\AppData\Local\Temp\ccU5FJh4.s 			page 16


 856 00ad 3F       		.uleb128 0x3f
 857 00ae 19       		.uleb128 0x19
 858 00af 02       		.uleb128 0x2
 859 00b0 18       		.uleb128 0x18
 860 00b1 00       		.byte	0
 861 00b2 00       		.byte	0
 862 00b3 00       		.byte	0
 863              		.section	.debug_aranges,"",%progbits
 864 0000 14000000 		.4byte	0x14
 865 0004 0200     		.2byte	0x2
 866 0006 00000000 		.4byte	.Ldebug_info0
 867 000a 04       		.byte	0x4
 868 000b 00       		.byte	0
 869 000c 0000     		.2byte	0
 870 000e 0000     		.2byte	0
 871 0010 00000000 		.4byte	0
 872 0014 00000000 		.4byte	0
 873              		.section	.debug_line,"",%progbits
 874              	.Ldebug_line0:
 875 0000 61000000 		.section	.debug_str,"MS",%progbits,1
 875      02005B00 
 875      00000201 
 875      FB0E0D00 
 875      01010101 
 876              	.LASF15:
 877 0000 696E7465 		.ascii	"interface\000"
 877      72666163 
 877      6500
 878              	.LASF32:
 879 000a 55534255 		.ascii	"USBUART_1_STRING_DESCRIPTORS\000"
 879      4152545F 
 879      315F5354 
 879      52494E47 
 879      5F444553 
 880              	.LASF30:
 881 0027 55534255 		.ascii	"USBUART_1_TABLE\000"
 881      4152545F 
 881      315F5441 
 881      424C4500 
 882              	.LASF28:
 883 0037 55534255 		.ascii	"USBUART_1_DEVICE0_CONFIGURATION0_TABLE\000"
 883      4152545F 
 883      315F4445 
 883      56494345 
 883      305F434F 
 884              	.LASF3:
 885 005e 73686F72 		.ascii	"short unsigned int\000"
 885      7420756E 
 885      7369676E 
 885      65642069 
 885      6E7400
 886              	.LASF23:
 887 0071 545F5553 		.ascii	"T_USBUART_1_LUT\000"
 887      42554152 
 887      545F315F 
 887      4C555400 
 888              	.LASF21:
ARM GAS  C:\Users\chemi\AppData\Local\Temp\ccU5FJh4.s 			page 17


 889 0081 545F5553 		.ascii	"T_USBUART_1_EP_SETTINGS_BLOCK\000"
 889      42554152 
 889      545F315F 
 889      45505F53 
 889      45545449 
 890              	.LASF11:
 891 009f 666C6F61 		.ascii	"float\000"
 891      7400
 892              	.LASF25:
 893 00a5 55534255 		.ascii	"USBUART_1_DEVICE0_CONFIGURATION0_DESCR\000"
 893      4152545F 
 893      315F4445 
 893      56494345 
 893      305F434F 
 894              	.LASF16:
 895 00cc 616C7453 		.ascii	"altSetting\000"
 895      65747469 
 895      6E6700
 896              	.LASF1:
 897 00d7 756E7369 		.ascii	"unsigned char\000"
 897      676E6564 
 897      20636861 
 897      7200
 898              	.LASF18:
 899 00e5 61747472 		.ascii	"attributes\000"
 899      69627574 
 899      657300
 900              	.LASF5:
 901 00f0 6C6F6E67 		.ascii	"long unsigned int\000"
 901      20756E73 
 901      69676E65 
 901      6420696E 
 901      7400
 902              	.LASF34:
 903 0102 474E5520 		.ascii	"GNU C99 5.4.1 20160609 (release) [ARM/embedded-5-br"
 903      43393920 
 903      352E342E 
 903      31203230 
 903      31363036 
 904 0135 616E6368 		.ascii	"anch revision 237715] -mcpu=cortex-m3 -mthumb -g -O"
 904      20726576 
 904      6973696F 
 904      6E203233 
 904      37373135 
 905 0168 73202D73 		.ascii	"s -std=gnu99 -ffunction-sections -ffat-lto-objects\000"
 905      74643D67 
 905      6E753939 
 905      202D6666 
 905      756E6374 
 906              	.LASF17:
 907 019b 61646472 		.ascii	"addr\000"
 907      00
 908              	.LASF27:
 909 01a0 55534255 		.ascii	"USBUART_1_DEVICE0_CONFIGURATION0_INTERFACE_CLASS\000"
 909      4152545F 
 909      315F4445 
 909      56494345 
ARM GAS  C:\Users\chemi\AppData\Local\Temp\ccU5FJh4.s 			page 18


 909      305F434F 
 910              	.LASF12:
 911 01d1 646F7562 		.ascii	"double\000"
 911      6C6500
 912              	.LASF2:
 913 01d8 73686F72 		.ascii	"short int\000"
 913      7420696E 
 913      7400
 914              	.LASF10:
 915 01e2 75696E74 		.ascii	"uint16\000"
 915      313600
 916              	.LASF8:
 917 01e9 756E7369 		.ascii	"unsigned int\000"
 917      676E6564 
 917      20696E74 
 917      00
 918              	.LASF7:
 919 01f6 6C6F6E67 		.ascii	"long long unsigned int\000"
 919      206C6F6E 
 919      6720756E 
 919      7369676E 
 919      65642069 
 920              	.LASF29:
 921 020d 55534255 		.ascii	"USBUART_1_DEVICE0_TABLE\000"
 921      4152545F 
 921      315F4445 
 921      56494345 
 921      305F5441 
 922              	.LASF22:
 923 0225 705F6C69 		.ascii	"p_list\000"
 923      737400
 924              	.LASF14:
 925 022c 73697A65 		.ascii	"sizetype\000"
 925      74797065 
 925      00
 926              	.LASF31:
 927 0235 55534255 		.ascii	"USBUART_1_SN_STRING_DESCRIPTOR\000"
 927      4152545F 
 927      315F534E 
 927      5F535452 
 927      494E475F 
 928              	.LASF6:
 929 0254 6C6F6E67 		.ascii	"long long int\000"
 929      206C6F6E 
 929      6720696E 
 929      7400
 930              	.LASF13:
 931 0262 63686172 		.ascii	"char\000"
 931      00
 932              	.LASF20:
 933 0267 624D6973 		.ascii	"bMisc\000"
 933      6300
 934              	.LASF19:
 935 026d 62756666 		.ascii	"bufferSize\000"
 935      65725369 
 935      7A6500
 936              	.LASF33:
ARM GAS  C:\Users\chemi\AppData\Local\Temp\ccU5FJh4.s 			page 19


 937 0278 55534255 		.ascii	"USBUART_1_idSerialNumberStringDescriptor\000"
 937      4152545F 
 937      315F6964 
 937      53657269 
 937      616C4E75 
 938              	.LASF24:
 939 02a1 55534255 		.ascii	"USBUART_1_DEVICE0_DESCR\000"
 939      4152545F 
 939      315F4445 
 939      56494345 
 939      305F4445 
 940              	.LASF9:
 941 02b9 75696E74 		.ascii	"uint8\000"
 941      3800
 942              	.LASF36:
 943 02bf 433A5C55 		.ascii	"C:\\Users\\chemi\\UD3_QCW\\UD3_QFN.cydsn\000"
 943      73657273 
 943      5C636865 
 943      6D695C55 
 943      44335F51 
 944              	.LASF26:
 945 02e4 55534255 		.ascii	"USBUART_1_DEVICE0_CONFIGURATION0_EP_SETTINGS_TABLE\000"
 945      4152545F 
 945      315F4445 
 945      56494345 
 945      305F434F 
 946              	.LASF4:
 947 0317 6C6F6E67 		.ascii	"long int\000"
 947      20696E74 
 947      00
 948              	.LASF0:
 949 0320 7369676E 		.ascii	"signed char\000"
 949      65642063 
 949      68617200 
 950              	.LASF35:
 951 032c 47656E65 		.ascii	"Generated_Source\\PSoC5\\USBUART_1_descr.c\000"
 951      72617465 
 951      645F536F 
 951      75726365 
 951      5C50536F 
 952              		.ident	"GCC: (GNU Tools for ARM Embedded Processors) 5.4.1 20160609 (release) [ARM/embedded-5-bran
