ARM GAS  C:\Users\chemi\AppData\Local\Temp\cc7PnF7k.s 			page 1


   1              		.syntax unified
   2              		.cpu cortex-m3
   3              		.fpu softvfp
   4              		.eabi_attribute 20, 1
   5              		.eabi_attribute 21, 1
   6              		.eabi_attribute 23, 3
   7              		.eabi_attribute 24, 1
   8              		.eabi_attribute 25, 1
   9              		.eabi_attribute 26, 1
  10              		.eabi_attribute 30, 4
  11              		.eabi_attribute 34, 1
  12              		.eabi_attribute 18, 4
  13              		.thumb
  14              		.syntax unified
  15              		.file	"USBUART_1_pm.c"
  16              		.text
  17              	.Ltext0:
  18              		.cfi_sections	.debug_frame
  19              		.section	.text.USBUART_1_DP_ISR,"ax",%progbits
  20              		.align	1
  21              		.global	USBUART_1_DP_ISR
  22              		.thumb
  23              		.thumb_func
  24              		.type	USBUART_1_DP_ISR, %function
  25              	USBUART_1_DP_ISR:
  26              	.LFB0:
  27              		.file 1 "Generated_Source\\PSoC5\\USBUART_1_pm.c"
   1:Generated_Source\PSoC5/USBUART_1_pm.c **** /***************************************************************************//**
   2:Generated_Source\PSoC5/USBUART_1_pm.c **** * \file USBUART_1_pm.c
   3:Generated_Source\PSoC5/USBUART_1_pm.c **** * \version 3.20
   4:Generated_Source\PSoC5/USBUART_1_pm.c **** *
   5:Generated_Source\PSoC5/USBUART_1_pm.c **** * \brief
   6:Generated_Source\PSoC5/USBUART_1_pm.c **** *  This file provides Suspend/Resume APIs implementation.
   7:Generated_Source\PSoC5/USBUART_1_pm.c **** *
   8:Generated_Source\PSoC5/USBUART_1_pm.c **** ********************************************************************************
   9:Generated_Source\PSoC5/USBUART_1_pm.c **** * \copyright
  10:Generated_Source\PSoC5/USBUART_1_pm.c **** * Copyright 2008-2016, Cypress Semiconductor Corporation.  All rights reserved.
  11:Generated_Source\PSoC5/USBUART_1_pm.c **** * You may use this file only in accordance with the license, terms, conditions,
  12:Generated_Source\PSoC5/USBUART_1_pm.c **** * disclaimers, and limitations in the end user license agreement accompanying
  13:Generated_Source\PSoC5/USBUART_1_pm.c **** * the software package with which this file was provided.
  14:Generated_Source\PSoC5/USBUART_1_pm.c **** *******************************************************************************/
  15:Generated_Source\PSoC5/USBUART_1_pm.c **** 
  16:Generated_Source\PSoC5/USBUART_1_pm.c **** #include "USBUART_1_pvt.h"
  17:Generated_Source\PSoC5/USBUART_1_pm.c **** #include "USBUART_1_Dp.h"
  18:Generated_Source\PSoC5/USBUART_1_pm.c **** 
  19:Generated_Source\PSoC5/USBUART_1_pm.c **** 
  20:Generated_Source\PSoC5/USBUART_1_pm.c **** /***************************************
  21:Generated_Source\PSoC5/USBUART_1_pm.c **** * Custom Declarations
  22:Generated_Source\PSoC5/USBUART_1_pm.c **** ***************************************/
  23:Generated_Source\PSoC5/USBUART_1_pm.c **** /* `#START PM_CUSTOM_DECLARATIONS` Place your declaration here */
  24:Generated_Source\PSoC5/USBUART_1_pm.c **** 
  25:Generated_Source\PSoC5/USBUART_1_pm.c **** /* `#END` */
  26:Generated_Source\PSoC5/USBUART_1_pm.c **** 
  27:Generated_Source\PSoC5/USBUART_1_pm.c **** 
  28:Generated_Source\PSoC5/USBUART_1_pm.c **** /***************************************
  29:Generated_Source\PSoC5/USBUART_1_pm.c **** * Local data allocation
  30:Generated_Source\PSoC5/USBUART_1_pm.c **** ***************************************/
ARM GAS  C:\Users\chemi\AppData\Local\Temp\cc7PnF7k.s 			page 2


  31:Generated_Source\PSoC5/USBUART_1_pm.c **** 
  32:Generated_Source\PSoC5/USBUART_1_pm.c **** static USBUART_1_BACKUP_STRUCT  USBUART_1_backup;
  33:Generated_Source\PSoC5/USBUART_1_pm.c **** 
  34:Generated_Source\PSoC5/USBUART_1_pm.c **** #if (USBUART_1_DP_ISR_ACTIVE)
  35:Generated_Source\PSoC5/USBUART_1_pm.c ****     /*******************************************************************************
  36:Generated_Source\PSoC5/USBUART_1_pm.c ****     * Function Name: USBUART_1_DP_ISR
  37:Generated_Source\PSoC5/USBUART_1_pm.c ****     ****************************************************************************//**
  38:Generated_Source\PSoC5/USBUART_1_pm.c ****     *
  39:Generated_Source\PSoC5/USBUART_1_pm.c ****     *  This Interrupt Service Routine handles DP pin changes for wake-up from
  40:Generated_Source\PSoC5/USBUART_1_pm.c ****     *  the sleep mode.
  41:Generated_Source\PSoC5/USBUART_1_pm.c ****     *
  42:Generated_Source\PSoC5/USBUART_1_pm.c ****     *******************************************************************************/
  43:Generated_Source\PSoC5/USBUART_1_pm.c ****     CY_ISR(USBUART_1_DP_ISR)
  44:Generated_Source\PSoC5/USBUART_1_pm.c ****     {
  28              		.loc 1 44 0
  29              		.cfi_startproc
  30              		@ args = 0, pretend = 0, frame = 0
  31              		@ frame_needed = 0, uses_anonymous_args = 0
  32              		@ link register save eliminated.
  45:Generated_Source\PSoC5/USBUART_1_pm.c ****     #ifdef USBUART_1_DP_ISR_ENTRY_CALLBACK
  46:Generated_Source\PSoC5/USBUART_1_pm.c ****         USBUART_1_DP_ISR_EntryCallback();
  47:Generated_Source\PSoC5/USBUART_1_pm.c ****     #endif /* (USBUART_1_DP_ISR_ENTRY_CALLBACK) */
  48:Generated_Source\PSoC5/USBUART_1_pm.c **** 
  49:Generated_Source\PSoC5/USBUART_1_pm.c ****         /* `#START DP_USER_CODE` Place your code here */
  50:Generated_Source\PSoC5/USBUART_1_pm.c **** 
  51:Generated_Source\PSoC5/USBUART_1_pm.c ****         /* `#END` */
  52:Generated_Source\PSoC5/USBUART_1_pm.c **** 
  53:Generated_Source\PSoC5/USBUART_1_pm.c ****         (void) USBUART_1_Dp_ClearInterrupt();
  33              		.loc 1 53 0
  34 0000 FFF7FEBF 		b	USBUART_1_Dp_ClearInterrupt
  35              	.LVL0:
  36              		.cfi_endproc
  37              	.LFE0:
  38              		.size	USBUART_1_DP_ISR, .-USBUART_1_DP_ISR
  39              		.section	.text.USBUART_1_SaveConfig,"ax",%progbits
  40              		.align	1
  41              		.global	USBUART_1_SaveConfig
  42              		.thumb
  43              		.thumb_func
  44              		.type	USBUART_1_SaveConfig, %function
  45              	USBUART_1_SaveConfig:
  46              	.LFB1:
  54:Generated_Source\PSoC5/USBUART_1_pm.c **** 		
  55:Generated_Source\PSoC5/USBUART_1_pm.c **** 	#ifdef USBUART_1_DP_ISR_EXIT_CALLBACK
  56:Generated_Source\PSoC5/USBUART_1_pm.c ****         USBUART_1_DP_ISR_ExitCallback();
  57:Generated_Source\PSoC5/USBUART_1_pm.c ****     #endif /* (USBUART_1_DP_ISR_EXIT_CALLBACK) */
  58:Generated_Source\PSoC5/USBUART_1_pm.c ****     }
  59:Generated_Source\PSoC5/USBUART_1_pm.c **** #endif /* (USBUART_1_DP_ISR_ACTIVE) */
  60:Generated_Source\PSoC5/USBUART_1_pm.c **** 
  61:Generated_Source\PSoC5/USBUART_1_pm.c **** 
  62:Generated_Source\PSoC5/USBUART_1_pm.c **** /*******************************************************************************
  63:Generated_Source\PSoC5/USBUART_1_pm.c **** * Function Name: USBUART_1_SaveConfig
  64:Generated_Source\PSoC5/USBUART_1_pm.c **** ****************************************************************************//**
  65:Generated_Source\PSoC5/USBUART_1_pm.c **** *
  66:Generated_Source\PSoC5/USBUART_1_pm.c **** *  Saves the current user configuration.
  67:Generated_Source\PSoC5/USBUART_1_pm.c **** *
  68:Generated_Source\PSoC5/USBUART_1_pm.c **** * \reentrant
ARM GAS  C:\Users\chemi\AppData\Local\Temp\cc7PnF7k.s 			page 3


  69:Generated_Source\PSoC5/USBUART_1_pm.c **** *  No.
  70:Generated_Source\PSoC5/USBUART_1_pm.c **** *
  71:Generated_Source\PSoC5/USBUART_1_pm.c **** *******************************************************************************/
  72:Generated_Source\PSoC5/USBUART_1_pm.c **** void USBUART_1_SaveConfig(void) 
  73:Generated_Source\PSoC5/USBUART_1_pm.c **** {
  47              		.loc 1 73 0
  48              		.cfi_startproc
  49              		@ args = 0, pretend = 0, frame = 0
  50              		@ frame_needed = 0, uses_anonymous_args = 0
  51              		@ link register save eliminated.
  52 0000 7047     		bx	lr
  53              		.cfi_endproc
  54              	.LFE1:
  55              		.size	USBUART_1_SaveConfig, .-USBUART_1_SaveConfig
  56              		.section	.text.USBUART_1_RestoreConfig,"ax",%progbits
  57              		.align	1
  58              		.global	USBUART_1_RestoreConfig
  59              		.thumb
  60              		.thumb_func
  61              		.type	USBUART_1_RestoreConfig, %function
  62              	USBUART_1_RestoreConfig:
  63              	.LFB2:
  74:Generated_Source\PSoC5/USBUART_1_pm.c ****     /* Empty function added for the compatibility purpose. */
  75:Generated_Source\PSoC5/USBUART_1_pm.c **** }
  76:Generated_Source\PSoC5/USBUART_1_pm.c **** 
  77:Generated_Source\PSoC5/USBUART_1_pm.c **** 
  78:Generated_Source\PSoC5/USBUART_1_pm.c **** /*******************************************************************************
  79:Generated_Source\PSoC5/USBUART_1_pm.c **** * Function Name: USBUART_1_RestoreConfig
  80:Generated_Source\PSoC5/USBUART_1_pm.c **** ****************************************************************************//**
  81:Generated_Source\PSoC5/USBUART_1_pm.c **** *
  82:Generated_Source\PSoC5/USBUART_1_pm.c **** *  Restores the current user configuration.
  83:Generated_Source\PSoC5/USBUART_1_pm.c **** *
  84:Generated_Source\PSoC5/USBUART_1_pm.c **** * \reentrant
  85:Generated_Source\PSoC5/USBUART_1_pm.c **** *  No.
  86:Generated_Source\PSoC5/USBUART_1_pm.c **** *
  87:Generated_Source\PSoC5/USBUART_1_pm.c **** *******************************************************************************/
  88:Generated_Source\PSoC5/USBUART_1_pm.c **** void USBUART_1_RestoreConfig(void) 
  89:Generated_Source\PSoC5/USBUART_1_pm.c **** {
  64              		.loc 1 89 0
  65              		.cfi_startproc
  66              		@ args = 0, pretend = 0, frame = 0
  67              		@ frame_needed = 0, uses_anonymous_args = 0
  68              		.loc 1 89 0
  69 0000 08B5     		push	{r3, lr}
  70              		.cfi_def_cfa_offset 8
  71              		.cfi_offset 3, -8
  72              		.cfi_offset 14, -4
  90:Generated_Source\PSoC5/USBUART_1_pm.c ****     if (USBUART_1_configuration != 0u)
  73              		.loc 1 90 0
  74 0002 054B     		ldr	r3, .L6
  75 0004 1B78     		ldrb	r3, [r3]	@ zero_extendqisi2
  76 0006 2BB1     		cbz	r3, .L3
  91:Generated_Source\PSoC5/USBUART_1_pm.c ****     {
  92:Generated_Source\PSoC5/USBUART_1_pm.c ****         USBUART_1_ConfigReg();
  77              		.loc 1 92 0
  78 0008 FFF7FEFF 		bl	USBUART_1_ConfigReg
  79              	.LVL1:
ARM GAS  C:\Users\chemi\AppData\Local\Temp\cc7PnF7k.s 			page 4


  93:Generated_Source\PSoC5/USBUART_1_pm.c ****         USBUART_1_EpStateInit();
  94:Generated_Source\PSoC5/USBUART_1_pm.c ****     }
  95:Generated_Source\PSoC5/USBUART_1_pm.c **** }
  80              		.loc 1 95 0
  81 000c BDE80840 		pop	{r3, lr}
  82              		.cfi_remember_state
  83              		.cfi_restore 14
  84              		.cfi_restore 3
  85              		.cfi_def_cfa_offset 0
  93:Generated_Source\PSoC5/USBUART_1_pm.c ****         USBUART_1_EpStateInit();
  86              		.loc 1 93 0
  87 0010 FFF7FEBF 		b	USBUART_1_EpStateInit
  88              	.LVL2:
  89              	.L3:
  90              		.cfi_restore_state
  91 0014 08BD     		pop	{r3, pc}
  92              	.L7:
  93 0016 00BF     		.align	2
  94              	.L6:
  95 0018 00000000 		.word	USBUART_1_configuration
  96              		.cfi_endproc
  97              	.LFE2:
  98              		.size	USBUART_1_RestoreConfig, .-USBUART_1_RestoreConfig
  99              		.section	.text.USBUART_1_Suspend,"ax",%progbits
 100              		.align	1
 101              		.global	USBUART_1_Suspend
 102              		.thumb
 103              		.thumb_func
 104              		.type	USBUART_1_Suspend, %function
 105              	USBUART_1_Suspend:
 106              	.LFB3:
  96:Generated_Source\PSoC5/USBUART_1_pm.c **** 
  97:Generated_Source\PSoC5/USBUART_1_pm.c **** 
  98:Generated_Source\PSoC5/USBUART_1_pm.c **** /*******************************************************************************
  99:Generated_Source\PSoC5/USBUART_1_pm.c **** * Function Name: USBUART_1_Suspend
 100:Generated_Source\PSoC5/USBUART_1_pm.c **** ****************************************************************************//**
 101:Generated_Source\PSoC5/USBUART_1_pm.c **** *
 102:Generated_Source\PSoC5/USBUART_1_pm.c **** *  This function prepares the USBFS component to enter low power mode. The 
 103:Generated_Source\PSoC5/USBUART_1_pm.c **** *  interrupt on falling edge on Dp pin is configured to wakeup device when the 
 104:Generated_Source\PSoC5/USBUART_1_pm.c **** *  host drives resume condition. The pull-up is enabled on the Dp line while 
 105:Generated_Source\PSoC5/USBUART_1_pm.c **** *  device is in low power mode. The supported low power modes are Deep Sleep 
 106:Generated_Source\PSoC5/USBUART_1_pm.c **** *  (PSoC 4200L) and Sleep (PSoC 3/ PSoC 5LP).
 107:Generated_Source\PSoC5/USBUART_1_pm.c **** *  
 108:Generated_Source\PSoC5/USBUART_1_pm.c **** *  *Note* For PSoC 4200L devices, this function should not be called before 
 109:Generated_Source\PSoC5/USBUART_1_pm.c **** *  entering Sleep.
 110:Generated_Source\PSoC5/USBUART_1_pm.c **** *  
 111:Generated_Source\PSoC5/USBUART_1_pm.c **** *  *Note* After enter low power mode, the data which is left in the IN or OUT 
 112:Generated_Source\PSoC5/USBUART_1_pm.c **** *  endpoint buffers is not restored after wakeup and lost. Therefore it should 
 113:Generated_Source\PSoC5/USBUART_1_pm.c **** *  be stored in the SRAM for OUT endpoint or read by the host for IN endpoint 
 114:Generated_Source\PSoC5/USBUART_1_pm.c **** *  before enter low power mode.
 115:Generated_Source\PSoC5/USBUART_1_pm.c **** *
 116:Generated_Source\PSoC5/USBUART_1_pm.c **** * \globalvars
 117:Generated_Source\PSoC5/USBUART_1_pm.c **** *  USBUART_1_backup.enable:  modified.
 118:Generated_Source\PSoC5/USBUART_1_pm.c **** *
 119:Generated_Source\PSoC5/USBUART_1_pm.c **** * \reentrant
 120:Generated_Source\PSoC5/USBUART_1_pm.c **** *  No.
 121:Generated_Source\PSoC5/USBUART_1_pm.c **** *
ARM GAS  C:\Users\chemi\AppData\Local\Temp\cc7PnF7k.s 			page 5


 122:Generated_Source\PSoC5/USBUART_1_pm.c **** *******************************************************************************/
 123:Generated_Source\PSoC5/USBUART_1_pm.c **** void USBUART_1_Suspend(void) 
 124:Generated_Source\PSoC5/USBUART_1_pm.c **** {
 107              		.loc 1 124 0
 108              		.cfi_startproc
 109              		@ args = 0, pretend = 0, frame = 0
 110              		@ frame_needed = 0, uses_anonymous_args = 0
 111 0000 2DE9F041 		push	{r4, r5, r6, r7, r8, lr}
 112              		.cfi_def_cfa_offset 24
 113              		.cfi_offset 4, -24
 114              		.cfi_offset 5, -20
 115              		.cfi_offset 6, -16
 116              		.cfi_offset 7, -12
 117              		.cfi_offset 8, -8
 118              		.cfi_offset 14, -4
 125:Generated_Source\PSoC5/USBUART_1_pm.c ****     uint8 enableInterrupts;
 126:Generated_Source\PSoC5/USBUART_1_pm.c **** 
 127:Generated_Source\PSoC5/USBUART_1_pm.c ****     enableInterrupts = CyEnterCriticalSection();
 119              		.loc 1 127 0
 120 0004 FFF7FEFF 		bl	CyEnterCriticalSection
 121              	.LVL3:
 128:Generated_Source\PSoC5/USBUART_1_pm.c **** 
 129:Generated_Source\PSoC5/USBUART_1_pm.c ****     if (0u != (USBUART_1_CR0_REG & USBUART_1_CR0_ENABLE))
 122              		.loc 1 129 0
 123 0008 DFF8BC80 		ldr	r8, .L11+24
 127:Generated_Source\PSoC5/USBUART_1_pm.c **** 
 124              		.loc 1 127 0
 125 000c 0746     		mov	r7, r0
 126              	.LVL4:
 127              		.loc 1 129 0
 128 000e 98F80030 		ldrb	r3, [r8]	@ zero_extendqisi2
 129 0012 274D     		ldr	r5, .L11
 130 0014 13F0800F 		tst	r3, #128
 131 0018 3AD0     		beq	.L9
 130:Generated_Source\PSoC5/USBUART_1_pm.c ****     {
 131:Generated_Source\PSoC5/USBUART_1_pm.c ****         /* USB block is enabled. */
 132:Generated_Source\PSoC5/USBUART_1_pm.c ****         USBUART_1_backup.enableState = 1u;
 132              		.loc 1 132 0
 133 001a 0126     		movs	r6, #1
 133:Generated_Source\PSoC5/USBUART_1_pm.c **** 
 134:Generated_Source\PSoC5/USBUART_1_pm.c ****     #if (USBUART_1_EP_MANAGEMENT_DMA)
 135:Generated_Source\PSoC5/USBUART_1_pm.c ****         USBUART_1_Stop_DMA(USBUART_1_MAX_EP);
 136:Generated_Source\PSoC5/USBUART_1_pm.c ****     #endif /* (USBUART_1_EP_MANAGEMENT_DMA) */
 137:Generated_Source\PSoC5/USBUART_1_pm.c **** 
 138:Generated_Source\PSoC5/USBUART_1_pm.c ****     #if (CY_PSOC4)
 139:Generated_Source\PSoC5/USBUART_1_pm.c ****         /* Suspend enter sequence. */
 140:Generated_Source\PSoC5/USBUART_1_pm.c ****         USBUART_1_POWER_CTRL_REG |= (USBUART_1_POWER_CTRL_SUSPEND |
 141:Generated_Source\PSoC5/USBUART_1_pm.c ****                                             USBUART_1_POWER_CTRL_SUSPEND_DEL);
 142:Generated_Source\PSoC5/USBUART_1_pm.c **** 
 143:Generated_Source\PSoC5/USBUART_1_pm.c ****         /* Store state of USB regulator and disable it. */
 144:Generated_Source\PSoC5/USBUART_1_pm.c ****         USBUART_1_backup.mode = (uint8)  (USBUART_1_CR1_REG & USBUART_1_CR1_REG_ENABLE);
 145:Generated_Source\PSoC5/USBUART_1_pm.c ****         USBUART_1_CR1_REG    &= (uint32) ~USBUART_1_CR1_REG_ENABLE;
 146:Generated_Source\PSoC5/USBUART_1_pm.c ****         
 147:Generated_Source\PSoC5/USBUART_1_pm.c ****         /* Store SIE interrupt sources. Valid bits are 0 - 4. */
 148:Generated_Source\PSoC5/USBUART_1_pm.c ****         USBUART_1_backup.intrSeiMask = (uint8) USBUART_1_INTR_SIE_MASK_REG;
 149:Generated_Source\PSoC5/USBUART_1_pm.c **** 
 150:Generated_Source\PSoC5/USBUART_1_pm.c ****     #else
ARM GAS  C:\Users\chemi\AppData\Local\Temp\cc7PnF7k.s 			page 6


 151:Generated_Source\PSoC5/USBUART_1_pm.c ****         /* Ensure USB transmit enable is low (USB_USBIO_CR0.ten). - Manual Transmission - Disabled.
 152:Generated_Source\PSoC5/USBUART_1_pm.c ****         USBUART_1_USBIO_CR0_REG &= (uint8) ~USBUART_1_USBIO_CR0_TEN;
 134              		.loc 1 152 0
 135 001c 254A     		ldr	r2, .L11+4
 132:Generated_Source\PSoC5/USBUART_1_pm.c **** 
 136              		.loc 1 132 0
 137 001e 2E70     		strb	r6, [r5]
 138              		.loc 1 152 0
 139 0020 1378     		ldrb	r3, [r2]	@ zero_extendqisi2
 153:Generated_Source\PSoC5/USBUART_1_pm.c ****         CyDelayUs(USBUART_1_WAIT_REG_STABILITY_50NS);  /*~50ns delay. */
 154:Generated_Source\PSoC5/USBUART_1_pm.c **** 
 155:Generated_Source\PSoC5/USBUART_1_pm.c ****         /* Disable the USBIO by asserting PM.USB_CR0.fsusbio_pd_n(Inverted) and pd_pullup_hv(Invert
 156:Generated_Source\PSoC5/USBUART_1_pm.c ****         USBUART_1_PM_USB_CR0_REG &= (uint8) ~(USBUART_1_PM_USB_CR0_PD_N |
 140              		.loc 1 156 0
 141 0022 254C     		ldr	r4, .L11+8
 152:Generated_Source\PSoC5/USBUART_1_pm.c ****         CyDelayUs(USBUART_1_WAIT_REG_STABILITY_50NS);  /*~50ns delay. */
 142              		.loc 1 152 0
 143 0024 03F07F03 		and	r3, r3, #127
 144 0028 1370     		strb	r3, [r2]
 153:Generated_Source\PSoC5/USBUART_1_pm.c ****         CyDelayUs(USBUART_1_WAIT_REG_STABILITY_50NS);  /*~50ns delay. */
 145              		.loc 1 153 0
 146 002a 0020     		movs	r0, #0
 147 002c FFF7FEFF 		bl	CyDelayUs
 148              	.LVL5:
 149              		.loc 1 156 0
 150 0030 2378     		ldrb	r3, [r4]	@ zero_extendqisi2
 157:Generated_Source\PSoC5/USBUART_1_pm.c ****                                                      USBUART_1_PM_USB_CR0_PD_PULLUP_N);
 158:Generated_Source\PSoC5/USBUART_1_pm.c **** 
 159:Generated_Source\PSoC5/USBUART_1_pm.c ****         /* Disable the SIE. */
 160:Generated_Source\PSoC5/USBUART_1_pm.c ****         USBUART_1_CR0_REG &= (uint8) ~USBUART_1_CR0_ENABLE;
 161:Generated_Source\PSoC5/USBUART_1_pm.c **** 
 162:Generated_Source\PSoC5/USBUART_1_pm.c ****         CyDelayUs(USBUART_1_WAIT_REG_STABILITY_50NS);  /* ~50ns delay. */
 151              		.loc 1 162 0
 152 0032 0020     		movs	r0, #0
 156:Generated_Source\PSoC5/USBUART_1_pm.c ****                                                      USBUART_1_PM_USB_CR0_PD_PULLUP_N);
 153              		.loc 1 156 0
 154 0034 03F0F903 		and	r3, r3, #249
 155 0038 2370     		strb	r3, [r4]
 160:Generated_Source\PSoC5/USBUART_1_pm.c **** 
 156              		.loc 1 160 0
 157 003a 98F80030 		ldrb	r3, [r8]	@ zero_extendqisi2
 158 003e 03F07F03 		and	r3, r3, #127
 159 0042 88F80030 		strb	r3, [r8]
 160              		.loc 1 162 0
 161 0046 FFF7FEFF 		bl	CyDelayUs
 162              	.LVL6:
 163:Generated_Source\PSoC5/USBUART_1_pm.c ****         /* Store mode and disable VRegulator. */
 164:Generated_Source\PSoC5/USBUART_1_pm.c ****         USBUART_1_backup.mode = (uint8) (USBUART_1_CR1_REG & USBUART_1_CR1_REG_ENABLE);
 163              		.loc 1 164 0
 164 004a 1C4B     		ldr	r3, .L11+12
 165:Generated_Source\PSoC5/USBUART_1_pm.c ****         USBUART_1_CR1_REG    &= (uint8) ~USBUART_1_CR1_REG_ENABLE;
 166:Generated_Source\PSoC5/USBUART_1_pm.c **** 
 167:Generated_Source\PSoC5/USBUART_1_pm.c ****         CyDelayUs(USBUART_1_WAIT_REG_STABILITY_1US); /* min 0.5us delay required. */
 165              		.loc 1 167 0
 166 004c 3046     		mov	r0, r6
 164:Generated_Source\PSoC5/USBUART_1_pm.c ****         USBUART_1_CR1_REG    &= (uint8) ~USBUART_1_CR1_REG_ENABLE;
 167              		.loc 1 164 0
ARM GAS  C:\Users\chemi\AppData\Local\Temp\cc7PnF7k.s 			page 7


 168 004e 1A78     		ldrb	r2, [r3]	@ zero_extendqisi2
 169 0050 3240     		ands	r2, r2, r6
 170 0052 6A70     		strb	r2, [r5, #1]
 165:Generated_Source\PSoC5/USBUART_1_pm.c ****         USBUART_1_CR1_REG    &= (uint8) ~USBUART_1_CR1_REG_ENABLE;
 171              		.loc 1 165 0
 172 0054 1A78     		ldrb	r2, [r3]	@ zero_extendqisi2
 173 0056 02F0FE02 		and	r2, r2, #254
 174 005a 1A70     		strb	r2, [r3]
 175              		.loc 1 167 0
 176 005c FFF7FEFF 		bl	CyDelayUs
 177              	.LVL7:
 168:Generated_Source\PSoC5/USBUART_1_pm.c **** 
 169:Generated_Source\PSoC5/USBUART_1_pm.c ****         /* Disable the USBIO reference by setting PM.USB_CR0.fsusbio_ref_en.*/
 170:Generated_Source\PSoC5/USBUART_1_pm.c ****         USBUART_1_PM_USB_CR0_REG &= (uint8) ~USBUART_1_PM_USB_CR0_REF_EN;
 178              		.loc 1 170 0
 179 0060 2378     		ldrb	r3, [r4]	@ zero_extendqisi2
 171:Generated_Source\PSoC5/USBUART_1_pm.c **** 
 172:Generated_Source\PSoC5/USBUART_1_pm.c ****         /* Switch DP and DM terminals to GPIO mode and disconnect 1.5k pull-up. */
 173:Generated_Source\PSoC5/USBUART_1_pm.c ****         USBUART_1_USBIO_CR1_REG |= USBUART_1_USBIO_CR1_IOMODE;
 180              		.loc 1 173 0
 181 0062 174A     		ldr	r2, .L11+16
 170:Generated_Source\PSoC5/USBUART_1_pm.c **** 
 182              		.loc 1 170 0
 183 0064 03F0FE03 		and	r3, r3, #254
 184 0068 2370     		strb	r3, [r4]
 185              		.loc 1 173 0
 186 006a 1378     		ldrb	r3, [r2]	@ zero_extendqisi2
 174:Generated_Source\PSoC5/USBUART_1_pm.c **** 
 175:Generated_Source\PSoC5/USBUART_1_pm.c ****         /* Disable USBFS block. */
 176:Generated_Source\PSoC5/USBUART_1_pm.c ****         /* Clear power active and standby mode templates: disable USB block. */
 177:Generated_Source\PSoC5/USBUART_1_pm.c ****         USBUART_1_PM_ACT_CFG_REG  &= (uint8) ~USBUART_1_PM_ACT_EN_FSUSB;
 178:Generated_Source\PSoC5/USBUART_1_pm.c ****         USBUART_1_PM_STBY_CFG_REG &= (uint8) ~USBUART_1_PM_STBY_EN_FSUSB;
 179:Generated_Source\PSoC5/USBUART_1_pm.c **** 
 180:Generated_Source\PSoC5/USBUART_1_pm.c ****         CyDelayUs(USBUART_1_WAIT_REG_STABILITY_1US); /* min 0.5us delay required. */
 187              		.loc 1 180 0
 188 006c 3046     		mov	r0, r6
 173:Generated_Source\PSoC5/USBUART_1_pm.c **** 
 189              		.loc 1 173 0
 190 006e 43F02003 		orr	r3, r3, #32
 191 0072 1370     		strb	r3, [r2]
 177:Generated_Source\PSoC5/USBUART_1_pm.c ****         USBUART_1_PM_STBY_CFG_REG &= (uint8) ~USBUART_1_PM_STBY_EN_FSUSB;
 192              		.loc 1 177 0
 193 0074 A2F5E352 		sub	r2, r2, #7264
 194 0078 0D3A     		subs	r2, r2, #13
 195 007a 1378     		ldrb	r3, [r2]	@ zero_extendqisi2
 196 007c 03F0FE03 		and	r3, r3, #254
 197 0080 1370     		strb	r3, [r2]
 178:Generated_Source\PSoC5/USBUART_1_pm.c **** 
 198              		.loc 1 178 0
 199 0082 137C     		ldrb	r3, [r2, #16]	@ zero_extendqisi2
 200 0084 03F0FE03 		and	r3, r3, #254
 201 0088 1374     		strb	r3, [r2, #16]
 202              		.loc 1 180 0
 203 008a FFF7FEFF 		bl	CyDelayUs
 204              	.LVL8:
 205 008e 01E0     		b	.L10
 206              	.L9:
ARM GAS  C:\Users\chemi\AppData\Local\Temp\cc7PnF7k.s 			page 8


 181:Generated_Source\PSoC5/USBUART_1_pm.c ****     #endif /* (CY_PSOC4) */
 182:Generated_Source\PSoC5/USBUART_1_pm.c ****     }
 183:Generated_Source\PSoC5/USBUART_1_pm.c ****     else
 184:Generated_Source\PSoC5/USBUART_1_pm.c ****     {
 185:Generated_Source\PSoC5/USBUART_1_pm.c ****         USBUART_1_backup.enableState = 0u;
 207              		.loc 1 185 0
 208 0090 0023     		movs	r3, #0
 209 0092 2B70     		strb	r3, [r5]
 210              	.L10:
 186:Generated_Source\PSoC5/USBUART_1_pm.c ****     }
 187:Generated_Source\PSoC5/USBUART_1_pm.c **** 
 188:Generated_Source\PSoC5/USBUART_1_pm.c ****     CyExitCriticalSection(enableInterrupts);
 211              		.loc 1 188 0
 212 0094 3846     		mov	r0, r7
 213 0096 FFF7FEFF 		bl	CyExitCriticalSection
 214              	.LVL9:
 189:Generated_Source\PSoC5/USBUART_1_pm.c **** 
 190:Generated_Source\PSoC5/USBUART_1_pm.c **** #if (USBUART_1_DP_ISR_ACTIVE)
 191:Generated_Source\PSoC5/USBUART_1_pm.c ****     /* Clear active mode Dp interrupt source history. */
 192:Generated_Source\PSoC5/USBUART_1_pm.c ****     (void) USBUART_1_Dp_ClearInterrupt();
 215              		.loc 1 192 0
 216 009a FFF7FEFF 		bl	USBUART_1_Dp_ClearInterrupt
 217              	.LVL10:
 193:Generated_Source\PSoC5/USBUART_1_pm.c ****     CyIntClearPending(USBUART_1_DP_INTC_VECT_NUM);
 218              		.loc 1 193 0
 219 009e 094A     		ldr	r2, .L11+20
 220 00a0 4FF48053 		mov	r3, #4096
 221 00a4 1360     		str	r3, [r2]
 194:Generated_Source\PSoC5/USBUART_1_pm.c **** 
 195:Generated_Source\PSoC5/USBUART_1_pm.c ****     CyIntEnable      (USBUART_1_DP_INTC_VECT_NUM);
 222              		.loc 1 195 0
 223 00a6 A2F5C072 		sub	r2, r2, #384
 224 00aa 1360     		str	r3, [r2]
 225 00ac BDE8F081 		pop	{r4, r5, r6, r7, r8, pc}
 226              	.LVL11:
 227              	.L12:
 228              		.align	2
 229              	.L11:
 230 00b0 00000000 		.word	.LANCHOR0
 231 00b4 10600040 		.word	1073766416
 232 00b8 94430040 		.word	1073759124
 233 00bc 09600040 		.word	1073766409
 234 00c0 12600040 		.word	1073766418
 235 00c4 80E200E0 		.word	-536812928
 236 00c8 08600040 		.word	1073766408
 237              		.cfi_endproc
 238              	.LFE3:
 239              		.size	USBUART_1_Suspend, .-USBUART_1_Suspend
 240              		.section	.text.USBUART_1_Resume,"ax",%progbits
 241              		.align	1
 242              		.global	USBUART_1_Resume
 243              		.thumb
 244              		.thumb_func
 245              		.type	USBUART_1_Resume, %function
 246              	USBUART_1_Resume:
 247              	.LFB4:
 196:Generated_Source\PSoC5/USBUART_1_pm.c **** #endif /* (USBUART_1_DP_ISR_ACTIVE). */
ARM GAS  C:\Users\chemi\AppData\Local\Temp\cc7PnF7k.s 			page 9


 197:Generated_Source\PSoC5/USBUART_1_pm.c **** }
 198:Generated_Source\PSoC5/USBUART_1_pm.c **** 
 199:Generated_Source\PSoC5/USBUART_1_pm.c **** 
 200:Generated_Source\PSoC5/USBUART_1_pm.c **** /*******************************************************************************
 201:Generated_Source\PSoC5/USBUART_1_pm.c **** * Function Name: USBUART_1_Resume
 202:Generated_Source\PSoC5/USBUART_1_pm.c **** ****************************************************************************//**
 203:Generated_Source\PSoC5/USBUART_1_pm.c **** *
 204:Generated_Source\PSoC5/USBUART_1_pm.c **** *  This function prepares the USBFS component for active mode operation after 
 205:Generated_Source\PSoC5/USBUART_1_pm.c **** *  exit low power mode. It restores the component active mode configuration such 
 206:Generated_Source\PSoC5/USBUART_1_pm.c **** *  as device address assigned previously by the host, endpoints buffer and disables 
 207:Generated_Source\PSoC5/USBUART_1_pm.c **** *  interrupt on Dp pin.
 208:Generated_Source\PSoC5/USBUART_1_pm.c **** *  The supported low power modes are Deep Sleep (PSoC 4200L) and Sleep 
 209:Generated_Source\PSoC5/USBUART_1_pm.c **** *  (PSoC 3/ PSoC 5LP).
 210:Generated_Source\PSoC5/USBUART_1_pm.c **** *  
 211:Generated_Source\PSoC5/USBUART_1_pm.c **** *  *Note* For PSoC 4200L devices, this function should not be called after 
 212:Generated_Source\PSoC5/USBUART_1_pm.c **** *  exiting Sleep.
 213:Generated_Source\PSoC5/USBUART_1_pm.c **** *  
 214:Generated_Source\PSoC5/USBUART_1_pm.c **** *  *Note* To resume communication with the host, the data endpoints must be 
 215:Generated_Source\PSoC5/USBUART_1_pm.c **** *  managed: the OUT endpoints must be enabled and IN endpoints must be loaded 
 216:Generated_Source\PSoC5/USBUART_1_pm.c **** *  with data. For DMA with Automatic Buffer Management, all endpoints buffers 
 217:Generated_Source\PSoC5/USBUART_1_pm.c **** *  must be initialized again before making them available to the host.
 218:Generated_Source\PSoC5/USBUART_1_pm.c **** *
 219:Generated_Source\PSoC5/USBUART_1_pm.c **** *
 220:Generated_Source\PSoC5/USBUART_1_pm.c **** * \globalvars
 221:Generated_Source\PSoC5/USBUART_1_pm.c **** *  USBUART_1_backup - checked.
 222:Generated_Source\PSoC5/USBUART_1_pm.c **** *
 223:Generated_Source\PSoC5/USBUART_1_pm.c **** * \reentrant
 224:Generated_Source\PSoC5/USBUART_1_pm.c **** *  No.
 225:Generated_Source\PSoC5/USBUART_1_pm.c **** *
 226:Generated_Source\PSoC5/USBUART_1_pm.c **** *******************************************************************************/
 227:Generated_Source\PSoC5/USBUART_1_pm.c **** void USBUART_1_Resume(void) 
 228:Generated_Source\PSoC5/USBUART_1_pm.c **** {
 248              		.loc 1 228 0
 249              		.cfi_startproc
 250              		@ args = 0, pretend = 0, frame = 0
 251              		@ frame_needed = 0, uses_anonymous_args = 0
 252 0000 70B5     		push	{r4, r5, r6, lr}
 253              		.cfi_def_cfa_offset 16
 254              		.cfi_offset 4, -16
 255              		.cfi_offset 5, -12
 256              		.cfi_offset 6, -8
 257              		.cfi_offset 14, -4
 229:Generated_Source\PSoC5/USBUART_1_pm.c ****     uint8 enableInterrupts;
 230:Generated_Source\PSoC5/USBUART_1_pm.c **** 
 231:Generated_Source\PSoC5/USBUART_1_pm.c ****     enableInterrupts = CyEnterCriticalSection();
 258              		.loc 1 231 0
 259 0002 FFF7FEFF 		bl	CyEnterCriticalSection
 260              	.LVL12:
 232:Generated_Source\PSoC5/USBUART_1_pm.c **** 
 233:Generated_Source\PSoC5/USBUART_1_pm.c ****     if (0u != USBUART_1_backup.enableState)
 261              		.loc 1 233 0
 262 0006 244E     		ldr	r6, .L18
 231:Generated_Source\PSoC5/USBUART_1_pm.c **** 
 263              		.loc 1 231 0
 264 0008 0546     		mov	r5, r0
 265              	.LVL13:
 266              		.loc 1 233 0
ARM GAS  C:\Users\chemi\AppData\Local\Temp\cc7PnF7k.s 			page 10


 267 000a 3378     		ldrb	r3, [r6]	@ zero_extendqisi2
 268 000c 002B     		cmp	r3, #0
 269 000e 3ED0     		beq	.L14
 234:Generated_Source\PSoC5/USBUART_1_pm.c ****     {
 235:Generated_Source\PSoC5/USBUART_1_pm.c ****     #if (USBUART_1_DP_ISR_ACTIVE)
 236:Generated_Source\PSoC5/USBUART_1_pm.c ****         CyIntDisable(USBUART_1_DP_INTC_VECT_NUM);
 270              		.loc 1 236 0
 271 0010 224B     		ldr	r3, .L18+4
 272 0012 4FF48052 		mov	r2, #4096
 273 0016 1A60     		str	r2, [r3]
 237:Generated_Source\PSoC5/USBUART_1_pm.c ****     #endif /* (USBUART_1_DP_ISR_ACTIVE) */
 238:Generated_Source\PSoC5/USBUART_1_pm.c **** 
 239:Generated_Source\PSoC5/USBUART_1_pm.c ****     #if (CY_PSOC4)
 240:Generated_Source\PSoC5/USBUART_1_pm.c ****         /* Enable clock to USB IP. */
 241:Generated_Source\PSoC5/USBUART_1_pm.c ****         USBUART_1_USB_CLK_EN_REG |= USBUART_1_USB_CLK_CSR_CLK_EN;
 242:Generated_Source\PSoC5/USBUART_1_pm.c **** 
 243:Generated_Source\PSoC5/USBUART_1_pm.c ****         /* Restore arbiter configuration for DMA transfers. */
 244:Generated_Source\PSoC5/USBUART_1_pm.c ****         #if (USBUART_1_EP_MANAGEMENT_DMA)
 245:Generated_Source\PSoC5/USBUART_1_pm.c ****             #if (USBUART_1_ARB_ISR_ACTIVE)
 246:Generated_Source\PSoC5/USBUART_1_pm.c ****                 /* Enable ARB EP interrupt sources. */
 247:Generated_Source\PSoC5/USBUART_1_pm.c ****                 USBUART_1_ARB_INT_EN_REG = USBUART_1_DEFAULT_ARB_INT_EN;
 248:Generated_Source\PSoC5/USBUART_1_pm.c ****             #endif /* (USBUART_1_EP_MANAGEMENT_DMA) */
 249:Generated_Source\PSoC5/USBUART_1_pm.c **** 
 250:Generated_Source\PSoC5/USBUART_1_pm.c ****             /* Configure arbiter for Manual or Auto DMA operation and clear 
 251:Generated_Source\PSoC5/USBUART_1_pm.c ****             * configuration completion. 
 252:Generated_Source\PSoC5/USBUART_1_pm.c ****             */
 253:Generated_Source\PSoC5/USBUART_1_pm.c ****             USBUART_1_ARB_CFG_REG = USBUART_1_DEFAULT_ARB_CFG;
 254:Generated_Source\PSoC5/USBUART_1_pm.c ****         #endif /* (USBUART_1_EP_MANAGEMENT_DMA) */
 255:Generated_Source\PSoC5/USBUART_1_pm.c **** 
 256:Generated_Source\PSoC5/USBUART_1_pm.c ****         /* Restore level (hi, lo, med) for each interrupt source. */
 257:Generated_Source\PSoC5/USBUART_1_pm.c ****         USBUART_1_INTR_LVL_SEL_REG = USBUART_1_DEFAULT_INTR_LVL_SEL;
 258:Generated_Source\PSoC5/USBUART_1_pm.c ****         
 259:Generated_Source\PSoC5/USBUART_1_pm.c ****         /* Store SIE interrupt sources. */
 260:Generated_Source\PSoC5/USBUART_1_pm.c ****         USBUART_1_INTR_SIE_MASK_REG = (uint32) USBUART_1_backup.intrSeiMask;
 261:Generated_Source\PSoC5/USBUART_1_pm.c **** 
 262:Generated_Source\PSoC5/USBUART_1_pm.c ****         /* Set EP0.CR: ACK Setup, NAK IN/OUT. */
 263:Generated_Source\PSoC5/USBUART_1_pm.c ****         USBUART_1_EP0_CR_REG = USBUART_1_MODE_NAK_IN_OUT;
 264:Generated_Source\PSoC5/USBUART_1_pm.c **** 
 265:Generated_Source\PSoC5/USBUART_1_pm.c ****         /* Restore data EP1-8 configuration. */
 266:Generated_Source\PSoC5/USBUART_1_pm.c ****         USBUART_1_RestoreConfig();
 267:Generated_Source\PSoC5/USBUART_1_pm.c **** 
 268:Generated_Source\PSoC5/USBUART_1_pm.c ****         /* Restore state of USB regulator and wait until it supples stable power. */
 269:Generated_Source\PSoC5/USBUART_1_pm.c ****         USBUART_1_CR1_REG |= USBUART_1_backup.mode;
 270:Generated_Source\PSoC5/USBUART_1_pm.c ****         CyDelayUs(USBUART_1_WAIT_VREF_STABILITY);
 271:Generated_Source\PSoC5/USBUART_1_pm.c **** 
 272:Generated_Source\PSoC5/USBUART_1_pm.c ****         /* Suspend exit sequence. */
 273:Generated_Source\PSoC5/USBUART_1_pm.c ****         USBUART_1_POWER_CTRL_REG &= (uint32) ~USBUART_1_POWER_CTRL_SUSPEND;
 274:Generated_Source\PSoC5/USBUART_1_pm.c ****         CyDelayUs(USBUART_1_WAIT_SUSPEND_DEL_DISABLE);
 275:Generated_Source\PSoC5/USBUART_1_pm.c ****         USBUART_1_POWER_CTRL_REG &= (uint32) ~USBUART_1_POWER_CTRL_SUSPEND_DEL;
 276:Generated_Source\PSoC5/USBUART_1_pm.c **** 
 277:Generated_Source\PSoC5/USBUART_1_pm.c ****     #else
 278:Generated_Source\PSoC5/USBUART_1_pm.c ****         /* Set power active and standby mode templates: enable USB block. */
 279:Generated_Source\PSoC5/USBUART_1_pm.c ****         USBUART_1_PM_ACT_CFG_REG  |= USBUART_1_PM_ACT_EN_FSUSB;
 274              		.loc 1 279 0
 275 0018 214A     		ldr	r2, .L18+8
 280:Generated_Source\PSoC5/USBUART_1_pm.c ****         USBUART_1_PM_STBY_CFG_REG |= USBUART_1_PM_STBY_EN_FSUSB;
 281:Generated_Source\PSoC5/USBUART_1_pm.c **** 
ARM GAS  C:\Users\chemi\AppData\Local\Temp\cc7PnF7k.s 			page 11


 282:Generated_Source\PSoC5/USBUART_1_pm.c ****         /* Enable core clock. */
 283:Generated_Source\PSoC5/USBUART_1_pm.c ****         USBUART_1_USB_CLK_EN_REG |= USBUART_1_USB_CLK_ENABLE;
 284:Generated_Source\PSoC5/USBUART_1_pm.c **** 
 285:Generated_Source\PSoC5/USBUART_1_pm.c ****         /* Enable the USBIO reference by setting PM.USB_CR0.fsusbio_ref_en.*/
 286:Generated_Source\PSoC5/USBUART_1_pm.c ****         USBUART_1_PM_USB_CR0_REG |= USBUART_1_PM_USB_CR0_REF_EN;
 276              		.loc 1 286 0
 277 001a 224C     		ldr	r4, .L18+12
 279:Generated_Source\PSoC5/USBUART_1_pm.c ****         USBUART_1_PM_STBY_CFG_REG |= USBUART_1_PM_STBY_EN_FSUSB;
 278              		.loc 1 279 0
 279 001c 1378     		ldrb	r3, [r2]	@ zero_extendqisi2
 287:Generated_Source\PSoC5/USBUART_1_pm.c **** 
 288:Generated_Source\PSoC5/USBUART_1_pm.c ****         /* The reference is available ~40us after power restored. */
 289:Generated_Source\PSoC5/USBUART_1_pm.c ****         CyDelayUs(USBUART_1_WAIT_VREF_RESTORE);
 280              		.loc 1 289 0
 281 001e 2820     		movs	r0, #40
 279:Generated_Source\PSoC5/USBUART_1_pm.c ****         USBUART_1_PM_STBY_CFG_REG |= USBUART_1_PM_STBY_EN_FSUSB;
 282              		.loc 1 279 0
 283 0020 43F00103 		orr	r3, r3, #1
 284 0024 1370     		strb	r3, [r2]
 280:Generated_Source\PSoC5/USBUART_1_pm.c **** 
 285              		.loc 1 280 0
 286 0026 137C     		ldrb	r3, [r2, #16]	@ zero_extendqisi2
 287 0028 43F00103 		orr	r3, r3, #1
 288 002c 1374     		strb	r3, [r2, #16]
 283:Generated_Source\PSoC5/USBUART_1_pm.c **** 
 289              		.loc 1 283 0
 290 002e 02F5E752 		add	r2, r2, #7392
 291 0032 1832     		adds	r2, r2, #24
 292 0034 1378     		ldrb	r3, [r2]	@ zero_extendqisi2
 293 0036 43F00103 		orr	r3, r3, #1
 294 003a 1370     		strb	r3, [r2]
 286:Generated_Source\PSoC5/USBUART_1_pm.c **** 
 295              		.loc 1 286 0
 296 003c 2378     		ldrb	r3, [r4]	@ zero_extendqisi2
 297 003e 43F00103 		orr	r3, r3, #1
 298 0042 2370     		strb	r3, [r4]
 299              		.loc 1 289 0
 300 0044 FFF7FEFF 		bl	CyDelayUs
 301              	.LVL14:
 290:Generated_Source\PSoC5/USBUART_1_pm.c ****         /* Restore state of USB regulator and wait until it supples stable power. */
 291:Generated_Source\PSoC5/USBUART_1_pm.c ****         USBUART_1_CR1_REG |= USBUART_1_backup.mode;
 302              		.loc 1 291 0
 303 0048 174A     		ldr	r2, .L18+16
 304 004a 7378     		ldrb	r3, [r6, #1]	@ zero_extendqisi2
 305 004c 1178     		ldrb	r1, [r2]	@ zero_extendqisi2
 292:Generated_Source\PSoC5/USBUART_1_pm.c ****         CyDelayUs(USBUART_1_WAIT_VREF_STABILITY);   /*~50ns delay. */
 306              		.loc 1 292 0
 307 004e 0020     		movs	r0, #0
 291:Generated_Source\PSoC5/USBUART_1_pm.c ****         CyDelayUs(USBUART_1_WAIT_VREF_STABILITY);   /*~50ns delay. */
 308              		.loc 1 291 0
 309 0050 0B43     		orrs	r3, r3, r1
 310 0052 1370     		strb	r3, [r2]
 311              		.loc 1 292 0
 312 0054 FFF7FEFF 		bl	CyDelayUs
 313              	.LVL15:
 293:Generated_Source\PSoC5/USBUART_1_pm.c **** 
 294:Generated_Source\PSoC5/USBUART_1_pm.c ****         /* Enable USBIO. */
ARM GAS  C:\Users\chemi\AppData\Local\Temp\cc7PnF7k.s 			page 12


 295:Generated_Source\PSoC5/USBUART_1_pm.c ****         USBUART_1_PM_USB_CR0_REG |= USBUART_1_PM_USB_CR0_PD_N;
 314              		.loc 1 295 0
 315 0058 2378     		ldrb	r3, [r4]	@ zero_extendqisi2
 296:Generated_Source\PSoC5/USBUART_1_pm.c ****         CyDelayUs(USBUART_1_WAIT_PD_PULLUP_N_ENABLE);
 316              		.loc 1 296 0
 317 005a 0220     		movs	r0, #2
 295:Generated_Source\PSoC5/USBUART_1_pm.c ****         CyDelayUs(USBUART_1_WAIT_PD_PULLUP_N_ENABLE);
 318              		.loc 1 295 0
 319 005c 43F00203 		orr	r3, r3, #2
 320 0060 2370     		strb	r3, [r4]
 321              		.loc 1 296 0
 322 0062 FFF7FEFF 		bl	CyDelayUs
 323              	.LVL16:
 297:Generated_Source\PSoC5/USBUART_1_pm.c ****         /* Set the USBIO pull-up enable. */
 298:Generated_Source\PSoC5/USBUART_1_pm.c ****         USBUART_1_PM_USB_CR0_REG |= USBUART_1_PM_USB_CR0_PD_PULLUP_N;
 324              		.loc 1 298 0
 325 0066 2378     		ldrb	r3, [r4]	@ zero_extendqisi2
 299:Generated_Source\PSoC5/USBUART_1_pm.c **** 
 300:Generated_Source\PSoC5/USBUART_1_pm.c ****         /* Restore arbiter configuration for DMA transfers. */
 301:Generated_Source\PSoC5/USBUART_1_pm.c ****         #if (USBUART_1_EP_MANAGEMENT_DMA)
 302:Generated_Source\PSoC5/USBUART_1_pm.c ****             #if (USBUART_1_ARB_ISR_ACTIVE)
 303:Generated_Source\PSoC5/USBUART_1_pm.c ****                 /* Enable ARB EP interrupt sources. */
 304:Generated_Source\PSoC5/USBUART_1_pm.c ****                 USBUART_1_ARB_INT_EN_REG = USBUART_1_DEFAULT_ARB_INT_EN;
 305:Generated_Source\PSoC5/USBUART_1_pm.c ****             #endif /* (USBUART_1_EP_MANAGEMENT_DMA) */
 306:Generated_Source\PSoC5/USBUART_1_pm.c **** 
 307:Generated_Source\PSoC5/USBUART_1_pm.c ****             /* Configure arbiter for Manual or Auto DMA operation and clear 
 308:Generated_Source\PSoC5/USBUART_1_pm.c ****             * configuration completion. 
 309:Generated_Source\PSoC5/USBUART_1_pm.c ****             */
 310:Generated_Source\PSoC5/USBUART_1_pm.c ****             USBUART_1_ARB_CFG_REG = USBUART_1_DEFAULT_ARB_CFG;
 311:Generated_Source\PSoC5/USBUART_1_pm.c ****         #endif /* (USBUART_1_EP_MANAGEMENT_DMA) */
 312:Generated_Source\PSoC5/USBUART_1_pm.c **** 
 313:Generated_Source\PSoC5/USBUART_1_pm.c ****         /* Set EP0.CR: ACK Setup, STALL IN/OUT. */
 314:Generated_Source\PSoC5/USBUART_1_pm.c ****         USBUART_1_EP0_CR_REG = USBUART_1_MODE_STALL_IN_OUT;
 326              		.loc 1 314 0
 327 0068 0322     		movs	r2, #3
 298:Generated_Source\PSoC5/USBUART_1_pm.c **** 
 328              		.loc 1 298 0
 329 006a 43F00403 		orr	r3, r3, #4
 330 006e 2370     		strb	r3, [r4]
 331              		.loc 1 314 0
 332 0070 0E4B     		ldr	r3, .L18+20
 315:Generated_Source\PSoC5/USBUART_1_pm.c **** 
 316:Generated_Source\PSoC5/USBUART_1_pm.c ****         /* Enable the USB IP to respond to USB traffic with the last address. */
 317:Generated_Source\PSoC5/USBUART_1_pm.c ****         USBUART_1_CR0_REG |= USBUART_1_CR0_ENABLE;
 318:Generated_Source\PSoC5/USBUART_1_pm.c ****         CyDelayCycles(USBUART_1_WAIT_CR0_REG_STABILITY);
 333              		.loc 1 318 0
 334 0072 0120     		movs	r0, #1
 314:Generated_Source\PSoC5/USBUART_1_pm.c **** 
 335              		.loc 1 314 0
 336 0074 1A70     		strb	r2, [r3]
 317:Generated_Source\PSoC5/USBUART_1_pm.c ****         CyDelayCycles(USBUART_1_WAIT_CR0_REG_STABILITY);
 337              		.loc 1 317 0
 338 0076 0E4A     		ldr	r2, .L18+24
 339 0078 1378     		ldrb	r3, [r2]	@ zero_extendqisi2
 340 007a 43F08003 		orr	r3, r3, #128
 341 007e 1370     		strb	r3, [r2]
 342              		.loc 1 318 0
ARM GAS  C:\Users\chemi\AppData\Local\Temp\cc7PnF7k.s 			page 13


 343 0080 FFF7FEFF 		bl	CyDelayCycles
 344              	.LVL17:
 319:Generated_Source\PSoC5/USBUART_1_pm.c **** 
 320:Generated_Source\PSoC5/USBUART_1_pm.c ****         /* Enable D+ pull-up and keep USB control on IO. */
 321:Generated_Source\PSoC5/USBUART_1_pm.c ****         USBUART_1_USBIO_CR1_REG = USBUART_1_USBIO_CR1_USBPUEN;
 345              		.loc 1 321 0
 346 0084 0B4B     		ldr	r3, .L18+28
 347 0086 0422     		movs	r2, #4
 348 0088 1A70     		strb	r2, [r3]
 322:Generated_Source\PSoC5/USBUART_1_pm.c **** 
 323:Generated_Source\PSoC5/USBUART_1_pm.c ****         /* Restore data EP1-8 configuration. */
 324:Generated_Source\PSoC5/USBUART_1_pm.c ****         USBUART_1_RestoreConfig();
 349              		.loc 1 324 0
 350 008a FFF7FEFF 		bl	USBUART_1_RestoreConfig
 351              	.LVL18:
 352              	.L14:
 325:Generated_Source\PSoC5/USBUART_1_pm.c ****     #endif /* (CY_PSOC4) */
 326:Generated_Source\PSoC5/USBUART_1_pm.c ****     }
 327:Generated_Source\PSoC5/USBUART_1_pm.c **** 
 328:Generated_Source\PSoC5/USBUART_1_pm.c ****     CyExitCriticalSection(enableInterrupts);
 353              		.loc 1 328 0
 354 008e 2846     		mov	r0, r5
 329:Generated_Source\PSoC5/USBUART_1_pm.c **** }
 355              		.loc 1 329 0
 356 0090 BDE87040 		pop	{r4, r5, r6, lr}
 357              		.cfi_restore 14
 358              		.cfi_restore 6
 359              		.cfi_restore 5
 360              		.cfi_restore 4
 361              		.cfi_def_cfa_offset 0
 362              	.LVL19:
 328:Generated_Source\PSoC5/USBUART_1_pm.c **** }
 363              		.loc 1 328 0
 364 0094 FFF7FEBF 		b	CyExitCriticalSection
 365              	.LVL20:
 366              	.L19:
 367              		.align	2
 368              	.L18:
 369 0098 00000000 		.word	.LANCHOR0
 370 009c 80E100E0 		.word	-536813184
 371 00a0 A5430040 		.word	1073759141
 372 00a4 94430040 		.word	1073759124
 373 00a8 09600040 		.word	1073766409
 374 00ac 28600040 		.word	1073766440
 375 00b0 08600040 		.word	1073766408
 376 00b4 12600040 		.word	1073766418
 377              		.cfi_endproc
 378              	.LFE4:
 379              		.size	USBUART_1_Resume, .-USBUART_1_Resume
 380              		.bss
 381              		.set	.LANCHOR0,. + 0
 382              		.type	USBUART_1_backup, %object
 383              		.size	USBUART_1_backup, 2
 384              	USBUART_1_backup:
 385 0000 0000     		.space	2
 386              		.text
 387              	.Letext0:
ARM GAS  C:\Users\chemi\AppData\Local\Temp\cc7PnF7k.s 			page 14


 388              		.file 2 "Generated_Source\\PSoC5\\cytypes.h"
 389              		.file 3 "Generated_Source\\PSoC5\\USBUART_1.h"
 390              		.file 4 "Generated_Source\\PSoC5\\USBUART_1_Dp.h"
 391              		.file 5 "Generated_Source\\PSoC5\\USBUART_1_pvt.h"
 392              		.file 6 "Generated_Source\\PSoC5\\CyLib.h"
 393              		.section	.debug_info,"",%progbits
 394              	.Ldebug_info0:
 395 0000 D2020000 		.4byte	0x2d2
 396 0004 0400     		.2byte	0x4
 397 0006 00000000 		.4byte	.Ldebug_abbrev0
 398 000a 04       		.byte	0x4
 399 000b 01       		.uleb128 0x1
 400 000c EA000000 		.4byte	.LASF33
 401 0010 0C       		.byte	0xc
 402 0011 82000000 		.4byte	.LASF34
 403 0015 8E020000 		.4byte	.LASF35
 404 0019 00000000 		.4byte	.Ldebug_ranges0+0
 405 001d 00000000 		.4byte	0
 406 0021 00000000 		.4byte	.Ldebug_line0
 407 0025 02       		.uleb128 0x2
 408 0026 01       		.byte	0x1
 409 0027 06       		.byte	0x6
 410 0028 CD020000 		.4byte	.LASF0
 411 002c 02       		.uleb128 0x2
 412 002d 01       		.byte	0x1
 413 002e 08       		.byte	0x8
 414 002f C5000000 		.4byte	.LASF1
 415 0033 02       		.uleb128 0x2
 416 0034 02       		.byte	0x2
 417 0035 05       		.byte	0x5
 418 0036 6C020000 		.4byte	.LASF2
 419 003a 02       		.uleb128 0x2
 420 003b 02       		.byte	0x2
 421 003c 07       		.byte	0x7
 422 003d 53000000 		.4byte	.LASF3
 423 0041 02       		.uleb128 0x2
 424 0042 04       		.byte	0x4
 425 0043 05       		.byte	0x5
 426 0044 B3020000 		.4byte	.LASF4
 427 0048 02       		.uleb128 0x2
 428 0049 04       		.byte	0x4
 429 004a 07       		.byte	0x7
 430 004b D8000000 		.4byte	.LASF5
 431 004f 02       		.uleb128 0x2
 432 0050 08       		.byte	0x8
 433 0051 05       		.byte	0x5
 434 0052 59020000 		.4byte	.LASF6
 435 0056 02       		.uleb128 0x2
 436 0057 08       		.byte	0x8
 437 0058 07       		.byte	0x7
 438 0059 AE000000 		.4byte	.LASF7
 439 005d 03       		.uleb128 0x3
 440 005e 04       		.byte	0x4
 441 005f 05       		.byte	0x5
 442 0060 696E7400 		.ascii	"int\000"
 443 0064 02       		.uleb128 0x2
 444 0065 04       		.byte	0x4
ARM GAS  C:\Users\chemi\AppData\Local\Temp\cc7PnF7k.s 			page 15


 445 0066 07       		.byte	0x7
 446 0067 28020000 		.4byte	.LASF8
 447 006b 04       		.uleb128 0x4
 448 006c 83010000 		.4byte	.LASF9
 449 0070 02       		.byte	0x2
 450 0071 9201     		.2byte	0x192
 451 0073 2C000000 		.4byte	0x2c
 452 0077 04       		.uleb128 0x4
 453 0078 FE010000 		.4byte	.LASF10
 454 007c 02       		.byte	0x2
 455 007d 9401     		.2byte	0x194
 456 007f 48000000 		.4byte	0x48
 457 0083 02       		.uleb128 0x2
 458 0084 04       		.byte	0x4
 459 0085 04       		.byte	0x4
 460 0086 A8000000 		.4byte	.LASF11
 461 008a 02       		.uleb128 0x2
 462 008b 08       		.byte	0x8
 463 008c 04       		.byte	0x4
 464 008d BF010000 		.4byte	.LASF12
 465 0091 02       		.uleb128 0x2
 466 0092 01       		.byte	0x1
 467 0093 08       		.byte	0x8
 468 0094 67020000 		.4byte	.LASF13
 469 0098 04       		.uleb128 0x4
 470 0099 D3000000 		.4byte	.LASF14
 471 009d 02       		.byte	0x2
 472 009e 3C02     		.2byte	0x23c
 473 00a0 A4000000 		.4byte	0xa4
 474 00a4 05       		.uleb128 0x5
 475 00a5 6B000000 		.4byte	0x6b
 476 00a9 04       		.uleb128 0x4
 477 00aa 26000000 		.4byte	.LASF15
 478 00ae 02       		.byte	0x2
 479 00af 3E02     		.2byte	0x23e
 480 00b1 B5000000 		.4byte	0xb5
 481 00b5 05       		.uleb128 0x5
 482 00b6 77000000 		.4byte	0x77
 483 00ba 02       		.uleb128 0x2
 484 00bb 04       		.byte	0x4
 485 00bc 07       		.byte	0x7
 486 00bd 50020000 		.4byte	.LASF16
 487 00c1 06       		.uleb128 0x6
 488 00c2 02       		.byte	0x2
 489 00c3 03       		.byte	0x3
 490 00c4 B8       		.byte	0xb8
 491 00c5 E2000000 		.4byte	0xe2
 492 00c9 07       		.uleb128 0x7
 493 00ca 05020000 		.4byte	.LASF17
 494 00ce 03       		.byte	0x3
 495 00cf BA       		.byte	0xba
 496 00d0 6B000000 		.4byte	0x6b
 497 00d4 00       		.byte	0
 498 00d5 07       		.uleb128 0x7
 499 00d6 4B020000 		.4byte	.LASF18
 500 00da 03       		.byte	0x3
 501 00db BB       		.byte	0xbb
ARM GAS  C:\Users\chemi\AppData\Local\Temp\cc7PnF7k.s 			page 16


 502 00dc 6B000000 		.4byte	0x6b
 503 00e0 01       		.byte	0x1
 504 00e1 00       		.byte	0
 505 00e2 08       		.uleb128 0x8
 506 00e3 76020000 		.4byte	.LASF19
 507 00e7 03       		.byte	0x3
 508 00e8 BF       		.byte	0xbf
 509 00e9 C1000000 		.4byte	0xc1
 510 00ed 09       		.uleb128 0x9
 511 00ee D9020000 		.4byte	.LASF20
 512 00f2 01       		.byte	0x1
 513 00f3 2B       		.byte	0x2b
 514 00f4 00000000 		.4byte	.LFB0
 515 00f8 04000000 		.4byte	.LFE0-.LFB0
 516 00fc 01       		.uleb128 0x1
 517 00fd 9C       		.byte	0x9c
 518 00fe 0C010000 		.4byte	0x10c
 519 0102 0A       		.uleb128 0xa
 520 0103 04000000 		.4byte	.LVL0
 521 0107 88020000 		.4byte	0x288
 522 010b 00       		.byte	0
 523 010c 0B       		.uleb128 0xb
 524 010d 2C000000 		.4byte	.LASF36
 525 0111 01       		.byte	0x1
 526 0112 48       		.byte	0x48
 527 0113 00000000 		.4byte	.LFB1
 528 0117 02000000 		.4byte	.LFE1-.LFB1
 529 011b 01       		.uleb128 0x1
 530 011c 9C       		.byte	0x9c
 531 011d 09       		.uleb128 0x9
 532 011e 00000000 		.4byte	.LASF21
 533 0122 01       		.byte	0x1
 534 0123 58       		.byte	0x58
 535 0124 00000000 		.4byte	.LFB2
 536 0128 1C000000 		.4byte	.LFE2-.LFB2
 537 012c 01       		.uleb128 0x1
 538 012d 9C       		.byte	0x9c
 539 012e 45010000 		.4byte	0x145
 540 0132 0C       		.uleb128 0xc
 541 0133 0C000000 		.4byte	.LVL1
 542 0137 93020000 		.4byte	0x293
 543 013b 0A       		.uleb128 0xa
 544 013c 14000000 		.4byte	.LVL2
 545 0140 9E020000 		.4byte	0x29e
 546 0144 00       		.byte	0
 547 0145 09       		.uleb128 0x9
 548 0146 41000000 		.4byte	.LASF22
 549 014a 01       		.byte	0x1
 550 014b 7B       		.byte	0x7b
 551 014c 00000000 		.4byte	.LFB3
 552 0150 CC000000 		.4byte	.LFE3-.LFB3
 553 0154 01       		.uleb128 0x1
 554 0155 9C       		.byte	0x9c
 555 0156 DE010000 		.4byte	0x1de
 556 015a 0D       		.uleb128 0xd
 557 015b 9A010000 		.4byte	.LASF24
 558 015f 01       		.byte	0x1
ARM GAS  C:\Users\chemi\AppData\Local\Temp\cc7PnF7k.s 			page 17


 559 0160 7D       		.byte	0x7d
 560 0161 6B000000 		.4byte	0x6b
 561 0165 00000000 		.4byte	.LLST0
 562 0169 0C       		.uleb128 0xc
 563 016a 08000000 		.4byte	.LVL3
 564 016e A9020000 		.4byte	0x2a9
 565 0172 0E       		.uleb128 0xe
 566 0173 30000000 		.4byte	.LVL5
 567 0177 B4020000 		.4byte	0x2b4
 568 017b 85010000 		.4byte	0x185
 569 017f 0F       		.uleb128 0xf
 570 0180 01       		.uleb128 0x1
 571 0181 50       		.byte	0x50
 572 0182 01       		.uleb128 0x1
 573 0183 30       		.byte	0x30
 574 0184 00       		.byte	0
 575 0185 0E       		.uleb128 0xe
 576 0186 4A000000 		.4byte	.LVL6
 577 018a B4020000 		.4byte	0x2b4
 578 018e 98010000 		.4byte	0x198
 579 0192 0F       		.uleb128 0xf
 580 0193 01       		.uleb128 0x1
 581 0194 50       		.byte	0x50
 582 0195 01       		.uleb128 0x1
 583 0196 30       		.byte	0x30
 584 0197 00       		.byte	0
 585 0198 0E       		.uleb128 0xe
 586 0199 60000000 		.4byte	.LVL7
 587 019d B4020000 		.4byte	0x2b4
 588 01a1 AC010000 		.4byte	0x1ac
 589 01a5 0F       		.uleb128 0xf
 590 01a6 01       		.uleb128 0x1
 591 01a7 50       		.byte	0x50
 592 01a8 02       		.uleb128 0x2
 593 01a9 76       		.byte	0x76
 594 01aa 00       		.sleb128 0
 595 01ab 00       		.byte	0
 596 01ac 0E       		.uleb128 0xe
 597 01ad 8E000000 		.4byte	.LVL8
 598 01b1 B4020000 		.4byte	0x2b4
 599 01b5 C0010000 		.4byte	0x1c0
 600 01b9 0F       		.uleb128 0xf
 601 01ba 01       		.uleb128 0x1
 602 01bb 50       		.byte	0x50
 603 01bc 02       		.uleb128 0x2
 604 01bd 76       		.byte	0x76
 605 01be 00       		.sleb128 0
 606 01bf 00       		.byte	0
 607 01c0 0E       		.uleb128 0xe
 608 01c1 9A000000 		.4byte	.LVL9
 609 01c5 BF020000 		.4byte	0x2bf
 610 01c9 D4010000 		.4byte	0x1d4
 611 01cd 0F       		.uleb128 0xf
 612 01ce 01       		.uleb128 0x1
 613 01cf 50       		.byte	0x50
 614 01d0 02       		.uleb128 0x2
 615 01d1 77       		.byte	0x77
ARM GAS  C:\Users\chemi\AppData\Local\Temp\cc7PnF7k.s 			page 18


 616 01d2 00       		.sleb128 0
 617 01d3 00       		.byte	0
 618 01d4 0C       		.uleb128 0xc
 619 01d5 9E000000 		.4byte	.LVL10
 620 01d9 88020000 		.4byte	0x288
 621 01dd 00       		.byte	0
 622 01de 09       		.uleb128 0x9
 623 01df BC020000 		.4byte	.LASF23
 624 01e3 01       		.byte	0x1
 625 01e4 E3       		.byte	0xe3
 626 01e5 00000000 		.4byte	.LFB4
 627 01e9 B8000000 		.4byte	.LFE4-.LFB4
 628 01ed 01       		.uleb128 0x1
 629 01ee 9C       		.byte	0x9c
 630 01ef 6B020000 		.4byte	0x26b
 631 01f3 0D       		.uleb128 0xd
 632 01f4 9A010000 		.4byte	.LASF24
 633 01f8 01       		.byte	0x1
 634 01f9 E5       		.byte	0xe5
 635 01fa 6B000000 		.4byte	0x6b
 636 01fe 13000000 		.4byte	.LLST1
 637 0202 0C       		.uleb128 0xc
 638 0203 06000000 		.4byte	.LVL12
 639 0207 A9020000 		.4byte	0x2a9
 640 020b 0E       		.uleb128 0xe
 641 020c 48000000 		.4byte	.LVL14
 642 0210 B4020000 		.4byte	0x2b4
 643 0214 1F020000 		.4byte	0x21f
 644 0218 0F       		.uleb128 0xf
 645 0219 01       		.uleb128 0x1
 646 021a 50       		.byte	0x50
 647 021b 02       		.uleb128 0x2
 648 021c 08       		.byte	0x8
 649 021d 28       		.byte	0x28
 650 021e 00       		.byte	0
 651 021f 0E       		.uleb128 0xe
 652 0220 58000000 		.4byte	.LVL15
 653 0224 B4020000 		.4byte	0x2b4
 654 0228 32020000 		.4byte	0x232
 655 022c 0F       		.uleb128 0xf
 656 022d 01       		.uleb128 0x1
 657 022e 50       		.byte	0x50
 658 022f 01       		.uleb128 0x1
 659 0230 30       		.byte	0x30
 660 0231 00       		.byte	0
 661 0232 0E       		.uleb128 0xe
 662 0233 66000000 		.4byte	.LVL16
 663 0237 B4020000 		.4byte	0x2b4
 664 023b 45020000 		.4byte	0x245
 665 023f 0F       		.uleb128 0xf
 666 0240 01       		.uleb128 0x1
 667 0241 50       		.byte	0x50
 668 0242 01       		.uleb128 0x1
 669 0243 32       		.byte	0x32
 670 0244 00       		.byte	0
 671 0245 0E       		.uleb128 0xe
 672 0246 84000000 		.4byte	.LVL17
ARM GAS  C:\Users\chemi\AppData\Local\Temp\cc7PnF7k.s 			page 19


 673 024a CA020000 		.4byte	0x2ca
 674 024e 58020000 		.4byte	0x258
 675 0252 0F       		.uleb128 0xf
 676 0253 01       		.uleb128 0x1
 677 0254 50       		.byte	0x50
 678 0255 01       		.uleb128 0x1
 679 0256 31       		.byte	0x31
 680 0257 00       		.byte	0
 681 0258 0C       		.uleb128 0xc
 682 0259 8E000000 		.4byte	.LVL18
 683 025d 1D010000 		.4byte	0x11d
 684 0261 0A       		.uleb128 0xa
 685 0262 98000000 		.4byte	.LVL20
 686 0266 BF020000 		.4byte	0x2bf
 687 026a 00       		.byte	0
 688 026b 10       		.uleb128 0x10
 689 026c 89010000 		.4byte	.LASF25
 690 0270 01       		.byte	0x1
 691 0271 20       		.byte	0x20
 692 0272 E2000000 		.4byte	0xe2
 693 0276 05       		.uleb128 0x5
 694 0277 03       		.byte	0x3
 695 0278 00000000 		.4byte	USBUART_1_backup
 696 027c 11       		.uleb128 0x11
 697 027d E6010000 		.4byte	.LASF37
 698 0281 03       		.byte	0x3
 699 0282 D402     		.2byte	0x2d4
 700 0284 A4000000 		.4byte	0xa4
 701 0288 12       		.uleb128 0x12
 702 0289 66000000 		.4byte	.LASF26
 703 028d 66000000 		.4byte	.LASF26
 704 0291 04       		.byte	0x4
 705 0292 2B       		.byte	0x2b
 706 0293 12       		.uleb128 0x12
 707 0294 AB010000 		.4byte	.LASF27
 708 0298 AB010000 		.4byte	.LASF27
 709 029c 05       		.byte	0x5
 710 029d BB       		.byte	0xbb
 711 029e 12       		.uleb128 0x12
 712 029f C6010000 		.4byte	.LASF28
 713 02a3 C6010000 		.4byte	.LASF28
 714 02a7 05       		.byte	0x5
 715 02a8 BC       		.byte	0xbc
 716 02a9 12       		.uleb128 0x12
 717 02aa 11020000 		.4byte	.LASF29
 718 02ae 11020000 		.4byte	.LASF29
 719 02b2 06       		.byte	0x6
 720 02b3 7D       		.byte	0x7d
 721 02b4 12       		.uleb128 0x12
 722 02b5 DC010000 		.4byte	.LASF30
 723 02b9 DC010000 		.4byte	.LASF30
 724 02bd 06       		.byte	0x6
 725 02be 77       		.byte	0x77
 726 02bf 12       		.uleb128 0x12
 727 02c0 35020000 		.4byte	.LASF31
 728 02c4 35020000 		.4byte	.LASF31
 729 02c8 06       		.byte	0x6
ARM GAS  C:\Users\chemi\AppData\Local\Temp\cc7PnF7k.s 			page 20


 730 02c9 7E       		.byte	0x7e
 731 02ca 12       		.uleb128 0x12
 732 02cb 18000000 		.4byte	.LASF32
 733 02cf 18000000 		.4byte	.LASF32
 734 02d3 06       		.byte	0x6
 735 02d4 79       		.byte	0x79
 736 02d5 00       		.byte	0
 737              		.section	.debug_abbrev,"",%progbits
 738              	.Ldebug_abbrev0:
 739 0000 01       		.uleb128 0x1
 740 0001 11       		.uleb128 0x11
 741 0002 01       		.byte	0x1
 742 0003 25       		.uleb128 0x25
 743 0004 0E       		.uleb128 0xe
 744 0005 13       		.uleb128 0x13
 745 0006 0B       		.uleb128 0xb
 746 0007 03       		.uleb128 0x3
 747 0008 0E       		.uleb128 0xe
 748 0009 1B       		.uleb128 0x1b
 749 000a 0E       		.uleb128 0xe
 750 000b 55       		.uleb128 0x55
 751 000c 17       		.uleb128 0x17
 752 000d 11       		.uleb128 0x11
 753 000e 01       		.uleb128 0x1
 754 000f 10       		.uleb128 0x10
 755 0010 17       		.uleb128 0x17
 756 0011 00       		.byte	0
 757 0012 00       		.byte	0
 758 0013 02       		.uleb128 0x2
 759 0014 24       		.uleb128 0x24
 760 0015 00       		.byte	0
 761 0016 0B       		.uleb128 0xb
 762 0017 0B       		.uleb128 0xb
 763 0018 3E       		.uleb128 0x3e
 764 0019 0B       		.uleb128 0xb
 765 001a 03       		.uleb128 0x3
 766 001b 0E       		.uleb128 0xe
 767 001c 00       		.byte	0
 768 001d 00       		.byte	0
 769 001e 03       		.uleb128 0x3
 770 001f 24       		.uleb128 0x24
 771 0020 00       		.byte	0
 772 0021 0B       		.uleb128 0xb
 773 0022 0B       		.uleb128 0xb
 774 0023 3E       		.uleb128 0x3e
 775 0024 0B       		.uleb128 0xb
 776 0025 03       		.uleb128 0x3
 777 0026 08       		.uleb128 0x8
 778 0027 00       		.byte	0
 779 0028 00       		.byte	0
 780 0029 04       		.uleb128 0x4
 781 002a 16       		.uleb128 0x16
 782 002b 00       		.byte	0
 783 002c 03       		.uleb128 0x3
 784 002d 0E       		.uleb128 0xe
 785 002e 3A       		.uleb128 0x3a
 786 002f 0B       		.uleb128 0xb
ARM GAS  C:\Users\chemi\AppData\Local\Temp\cc7PnF7k.s 			page 21


 787 0030 3B       		.uleb128 0x3b
 788 0031 05       		.uleb128 0x5
 789 0032 49       		.uleb128 0x49
 790 0033 13       		.uleb128 0x13
 791 0034 00       		.byte	0
 792 0035 00       		.byte	0
 793 0036 05       		.uleb128 0x5
 794 0037 35       		.uleb128 0x35
 795 0038 00       		.byte	0
 796 0039 49       		.uleb128 0x49
 797 003a 13       		.uleb128 0x13
 798 003b 00       		.byte	0
 799 003c 00       		.byte	0
 800 003d 06       		.uleb128 0x6
 801 003e 13       		.uleb128 0x13
 802 003f 01       		.byte	0x1
 803 0040 0B       		.uleb128 0xb
 804 0041 0B       		.uleb128 0xb
 805 0042 3A       		.uleb128 0x3a
 806 0043 0B       		.uleb128 0xb
 807 0044 3B       		.uleb128 0x3b
 808 0045 0B       		.uleb128 0xb
 809 0046 01       		.uleb128 0x1
 810 0047 13       		.uleb128 0x13
 811 0048 00       		.byte	0
 812 0049 00       		.byte	0
 813 004a 07       		.uleb128 0x7
 814 004b 0D       		.uleb128 0xd
 815 004c 00       		.byte	0
 816 004d 03       		.uleb128 0x3
 817 004e 0E       		.uleb128 0xe
 818 004f 3A       		.uleb128 0x3a
 819 0050 0B       		.uleb128 0xb
 820 0051 3B       		.uleb128 0x3b
 821 0052 0B       		.uleb128 0xb
 822 0053 49       		.uleb128 0x49
 823 0054 13       		.uleb128 0x13
 824 0055 38       		.uleb128 0x38
 825 0056 0B       		.uleb128 0xb
 826 0057 00       		.byte	0
 827 0058 00       		.byte	0
 828 0059 08       		.uleb128 0x8
 829 005a 16       		.uleb128 0x16
 830 005b 00       		.byte	0
 831 005c 03       		.uleb128 0x3
 832 005d 0E       		.uleb128 0xe
 833 005e 3A       		.uleb128 0x3a
 834 005f 0B       		.uleb128 0xb
 835 0060 3B       		.uleb128 0x3b
 836 0061 0B       		.uleb128 0xb
 837 0062 49       		.uleb128 0x49
 838 0063 13       		.uleb128 0x13
 839 0064 00       		.byte	0
 840 0065 00       		.byte	0
 841 0066 09       		.uleb128 0x9
 842 0067 2E       		.uleb128 0x2e
 843 0068 01       		.byte	0x1
ARM GAS  C:\Users\chemi\AppData\Local\Temp\cc7PnF7k.s 			page 22


 844 0069 3F       		.uleb128 0x3f
 845 006a 19       		.uleb128 0x19
 846 006b 03       		.uleb128 0x3
 847 006c 0E       		.uleb128 0xe
 848 006d 3A       		.uleb128 0x3a
 849 006e 0B       		.uleb128 0xb
 850 006f 3B       		.uleb128 0x3b
 851 0070 0B       		.uleb128 0xb
 852 0071 27       		.uleb128 0x27
 853 0072 19       		.uleb128 0x19
 854 0073 11       		.uleb128 0x11
 855 0074 01       		.uleb128 0x1
 856 0075 12       		.uleb128 0x12
 857 0076 06       		.uleb128 0x6
 858 0077 40       		.uleb128 0x40
 859 0078 18       		.uleb128 0x18
 860 0079 9742     		.uleb128 0x2117
 861 007b 19       		.uleb128 0x19
 862 007c 01       		.uleb128 0x1
 863 007d 13       		.uleb128 0x13
 864 007e 00       		.byte	0
 865 007f 00       		.byte	0
 866 0080 0A       		.uleb128 0xa
 867 0081 898201   		.uleb128 0x4109
 868 0084 00       		.byte	0
 869 0085 11       		.uleb128 0x11
 870 0086 01       		.uleb128 0x1
 871 0087 9542     		.uleb128 0x2115
 872 0089 19       		.uleb128 0x19
 873 008a 31       		.uleb128 0x31
 874 008b 13       		.uleb128 0x13
 875 008c 00       		.byte	0
 876 008d 00       		.byte	0
 877 008e 0B       		.uleb128 0xb
 878 008f 2E       		.uleb128 0x2e
 879 0090 00       		.byte	0
 880 0091 3F       		.uleb128 0x3f
 881 0092 19       		.uleb128 0x19
 882 0093 03       		.uleb128 0x3
 883 0094 0E       		.uleb128 0xe
 884 0095 3A       		.uleb128 0x3a
 885 0096 0B       		.uleb128 0xb
 886 0097 3B       		.uleb128 0x3b
 887 0098 0B       		.uleb128 0xb
 888 0099 27       		.uleb128 0x27
 889 009a 19       		.uleb128 0x19
 890 009b 11       		.uleb128 0x11
 891 009c 01       		.uleb128 0x1
 892 009d 12       		.uleb128 0x12
 893 009e 06       		.uleb128 0x6
 894 009f 40       		.uleb128 0x40
 895 00a0 18       		.uleb128 0x18
 896 00a1 9742     		.uleb128 0x2117
 897 00a3 19       		.uleb128 0x19
 898 00a4 00       		.byte	0
 899 00a5 00       		.byte	0
 900 00a6 0C       		.uleb128 0xc
ARM GAS  C:\Users\chemi\AppData\Local\Temp\cc7PnF7k.s 			page 23


 901 00a7 898201   		.uleb128 0x4109
 902 00aa 00       		.byte	0
 903 00ab 11       		.uleb128 0x11
 904 00ac 01       		.uleb128 0x1
 905 00ad 31       		.uleb128 0x31
 906 00ae 13       		.uleb128 0x13
 907 00af 00       		.byte	0
 908 00b0 00       		.byte	0
 909 00b1 0D       		.uleb128 0xd
 910 00b2 34       		.uleb128 0x34
 911 00b3 00       		.byte	0
 912 00b4 03       		.uleb128 0x3
 913 00b5 0E       		.uleb128 0xe
 914 00b6 3A       		.uleb128 0x3a
 915 00b7 0B       		.uleb128 0xb
 916 00b8 3B       		.uleb128 0x3b
 917 00b9 0B       		.uleb128 0xb
 918 00ba 49       		.uleb128 0x49
 919 00bb 13       		.uleb128 0x13
 920 00bc 02       		.uleb128 0x2
 921 00bd 17       		.uleb128 0x17
 922 00be 00       		.byte	0
 923 00bf 00       		.byte	0
 924 00c0 0E       		.uleb128 0xe
 925 00c1 898201   		.uleb128 0x4109
 926 00c4 01       		.byte	0x1
 927 00c5 11       		.uleb128 0x11
 928 00c6 01       		.uleb128 0x1
 929 00c7 31       		.uleb128 0x31
 930 00c8 13       		.uleb128 0x13
 931 00c9 01       		.uleb128 0x1
 932 00ca 13       		.uleb128 0x13
 933 00cb 00       		.byte	0
 934 00cc 00       		.byte	0
 935 00cd 0F       		.uleb128 0xf
 936 00ce 8A8201   		.uleb128 0x410a
 937 00d1 00       		.byte	0
 938 00d2 02       		.uleb128 0x2
 939 00d3 18       		.uleb128 0x18
 940 00d4 9142     		.uleb128 0x2111
 941 00d6 18       		.uleb128 0x18
 942 00d7 00       		.byte	0
 943 00d8 00       		.byte	0
 944 00d9 10       		.uleb128 0x10
 945 00da 34       		.uleb128 0x34
 946 00db 00       		.byte	0
 947 00dc 03       		.uleb128 0x3
 948 00dd 0E       		.uleb128 0xe
 949 00de 3A       		.uleb128 0x3a
 950 00df 0B       		.uleb128 0xb
 951 00e0 3B       		.uleb128 0x3b
 952 00e1 0B       		.uleb128 0xb
 953 00e2 49       		.uleb128 0x49
 954 00e3 13       		.uleb128 0x13
 955 00e4 02       		.uleb128 0x2
 956 00e5 18       		.uleb128 0x18
 957 00e6 00       		.byte	0
ARM GAS  C:\Users\chemi\AppData\Local\Temp\cc7PnF7k.s 			page 24


 958 00e7 00       		.byte	0
 959 00e8 11       		.uleb128 0x11
 960 00e9 34       		.uleb128 0x34
 961 00ea 00       		.byte	0
 962 00eb 03       		.uleb128 0x3
 963 00ec 0E       		.uleb128 0xe
 964 00ed 3A       		.uleb128 0x3a
 965 00ee 0B       		.uleb128 0xb
 966 00ef 3B       		.uleb128 0x3b
 967 00f0 05       		.uleb128 0x5
 968 00f1 49       		.uleb128 0x49
 969 00f2 13       		.uleb128 0x13
 970 00f3 3F       		.uleb128 0x3f
 971 00f4 19       		.uleb128 0x19
 972 00f5 3C       		.uleb128 0x3c
 973 00f6 19       		.uleb128 0x19
 974 00f7 00       		.byte	0
 975 00f8 00       		.byte	0
 976 00f9 12       		.uleb128 0x12
 977 00fa 2E       		.uleb128 0x2e
 978 00fb 00       		.byte	0
 979 00fc 3F       		.uleb128 0x3f
 980 00fd 19       		.uleb128 0x19
 981 00fe 3C       		.uleb128 0x3c
 982 00ff 19       		.uleb128 0x19
 983 0100 6E       		.uleb128 0x6e
 984 0101 0E       		.uleb128 0xe
 985 0102 03       		.uleb128 0x3
 986 0103 0E       		.uleb128 0xe
 987 0104 3A       		.uleb128 0x3a
 988 0105 0B       		.uleb128 0xb
 989 0106 3B       		.uleb128 0x3b
 990 0107 0B       		.uleb128 0xb
 991 0108 00       		.byte	0
 992 0109 00       		.byte	0
 993 010a 00       		.byte	0
 994              		.section	.debug_loc,"",%progbits
 995              	.Ldebug_loc0:
 996              	.LLST0:
 997 0000 0E000000 		.4byte	.LVL4
 998 0004 B0000000 		.4byte	.LVL11
 999 0008 0100     		.2byte	0x1
 1000 000a 57       		.byte	0x57
 1001 000b 00000000 		.4byte	0
 1002 000f 00000000 		.4byte	0
 1003              	.LLST1:
 1004 0013 0A000000 		.4byte	.LVL13
 1005 0017 94000000 		.4byte	.LVL19
 1006 001b 0100     		.2byte	0x1
 1007 001d 55       		.byte	0x55
 1008 001e 00000000 		.4byte	0
 1009 0022 00000000 		.4byte	0
 1010              		.section	.debug_aranges,"",%progbits
 1011 0000 3C000000 		.4byte	0x3c
 1012 0004 0200     		.2byte	0x2
 1013 0006 00000000 		.4byte	.Ldebug_info0
 1014 000a 04       		.byte	0x4
ARM GAS  C:\Users\chemi\AppData\Local\Temp\cc7PnF7k.s 			page 25


 1015 000b 00       		.byte	0
 1016 000c 0000     		.2byte	0
 1017 000e 0000     		.2byte	0
 1018 0010 00000000 		.4byte	.LFB0
 1019 0014 04000000 		.4byte	.LFE0-.LFB0
 1020 0018 00000000 		.4byte	.LFB1
 1021 001c 02000000 		.4byte	.LFE1-.LFB1
 1022 0020 00000000 		.4byte	.LFB2
 1023 0024 1C000000 		.4byte	.LFE2-.LFB2
 1024 0028 00000000 		.4byte	.LFB3
 1025 002c CC000000 		.4byte	.LFE3-.LFB3
 1026 0030 00000000 		.4byte	.LFB4
 1027 0034 B8000000 		.4byte	.LFE4-.LFB4
 1028 0038 00000000 		.4byte	0
 1029 003c 00000000 		.4byte	0
 1030              		.section	.debug_ranges,"",%progbits
 1031              	.Ldebug_ranges0:
 1032 0000 00000000 		.4byte	.LFB0
 1033 0004 04000000 		.4byte	.LFE0
 1034 0008 00000000 		.4byte	.LFB1
 1035 000c 02000000 		.4byte	.LFE1
 1036 0010 00000000 		.4byte	.LFB2
 1037 0014 1C000000 		.4byte	.LFE2
 1038 0018 00000000 		.4byte	.LFB3
 1039 001c CC000000 		.4byte	.LFE3
 1040 0020 00000000 		.4byte	.LFB4
 1041 0024 B8000000 		.4byte	.LFE4
 1042 0028 00000000 		.4byte	0
 1043 002c 00000000 		.4byte	0
 1044              		.section	.debug_line,"",%progbits
 1045              	.Ldebug_line0:
 1046 0000 43010000 		.section	.debug_str,"MS",%progbits,1
 1046      02008800 
 1046      00000201 
 1046      FB0E0D00 
 1046      01010101 
 1047              	.LASF21:
 1048 0000 55534255 		.ascii	"USBUART_1_RestoreConfig\000"
 1048      4152545F 
 1048      315F5265 
 1048      73746F72 
 1048      65436F6E 
 1049              	.LASF32:
 1050 0018 43794465 		.ascii	"CyDelayCycles\000"
 1050      6C617943 
 1050      79636C65 
 1050      7300
 1051              	.LASF15:
 1052 0026 72656733 		.ascii	"reg32\000"
 1052      3200
 1053              	.LASF36:
 1054 002c 55534255 		.ascii	"USBUART_1_SaveConfig\000"
 1054      4152545F 
 1054      315F5361 
 1054      7665436F 
 1054      6E666967 
 1055              	.LASF22:
ARM GAS  C:\Users\chemi\AppData\Local\Temp\cc7PnF7k.s 			page 26


 1056 0041 55534255 		.ascii	"USBUART_1_Suspend\000"
 1056      4152545F 
 1056      315F5375 
 1056      7370656E 
 1056      6400
 1057              	.LASF3:
 1058 0053 73686F72 		.ascii	"short unsigned int\000"
 1058      7420756E 
 1058      7369676E 
 1058      65642069 
 1058      6E7400
 1059              	.LASF26:
 1060 0066 55534255 		.ascii	"USBUART_1_Dp_ClearInterrupt\000"
 1060      4152545F 
 1060      315F4470 
 1060      5F436C65 
 1060      6172496E 
 1061              	.LASF34:
 1062 0082 47656E65 		.ascii	"Generated_Source\\PSoC5\\USBUART_1_pm.c\000"
 1062      72617465 
 1062      645F536F 
 1062      75726365 
 1062      5C50536F 
 1063              	.LASF11:
 1064 00a8 666C6F61 		.ascii	"float\000"
 1064      7400
 1065              	.LASF7:
 1066 00ae 6C6F6E67 		.ascii	"long long unsigned int\000"
 1066      206C6F6E 
 1066      6720756E 
 1066      7369676E 
 1066      65642069 
 1067              	.LASF1:
 1068 00c5 756E7369 		.ascii	"unsigned char\000"
 1068      676E6564 
 1068      20636861 
 1068      7200
 1069              	.LASF14:
 1070 00d3 72656738 		.ascii	"reg8\000"
 1070      00
 1071              	.LASF5:
 1072 00d8 6C6F6E67 		.ascii	"long unsigned int\000"
 1072      20756E73 
 1072      69676E65 
 1072      6420696E 
 1072      7400
 1073              	.LASF33:
 1074 00ea 474E5520 		.ascii	"GNU C99 5.4.1 20160609 (release) [ARM/embedded-5-br"
 1074      43393920 
 1074      352E342E 
 1074      31203230 
 1074      31363036 
 1075 011d 616E6368 		.ascii	"anch revision 237715] -mcpu=cortex-m3 -mthumb -g -O"
 1075      20726576 
 1075      6973696F 
 1075      6E203233 
 1075      37373135 
ARM GAS  C:\Users\chemi\AppData\Local\Temp\cc7PnF7k.s 			page 27


 1076 0150 73202D73 		.ascii	"s -std=gnu99 -ffunction-sections -ffat-lto-objects\000"
 1076      74643D67 
 1076      6E753939 
 1076      202D6666 
 1076      756E6374 
 1077              	.LASF9:
 1078 0183 75696E74 		.ascii	"uint8\000"
 1078      3800
 1079              	.LASF25:
 1080 0189 55534255 		.ascii	"USBUART_1_backup\000"
 1080      4152545F 
 1080      315F6261 
 1080      636B7570 
 1080      00
 1081              	.LASF24:
 1082 019a 656E6162 		.ascii	"enableInterrupts\000"
 1082      6C65496E 
 1082      74657272 
 1082      75707473 
 1082      00
 1083              	.LASF27:
 1084 01ab 55534255 		.ascii	"USBUART_1_ConfigReg\000"
 1084      4152545F 
 1084      315F436F 
 1084      6E666967 
 1084      52656700 
 1085              	.LASF12:
 1086 01bf 646F7562 		.ascii	"double\000"
 1086      6C6500
 1087              	.LASF28:
 1088 01c6 55534255 		.ascii	"USBUART_1_EpStateInit\000"
 1088      4152545F 
 1088      315F4570 
 1088      53746174 
 1088      65496E69 
 1089              	.LASF30:
 1090 01dc 43794465 		.ascii	"CyDelayUs\000"
 1090      6C617955 
 1090      7300
 1091              	.LASF37:
 1092 01e6 55534255 		.ascii	"USBUART_1_configuration\000"
 1092      4152545F 
 1092      315F636F 
 1092      6E666967 
 1092      75726174 
 1093              	.LASF10:
 1094 01fe 75696E74 		.ascii	"uint32\000"
 1094      333200
 1095              	.LASF17:
 1096 0205 656E6162 		.ascii	"enableState\000"
 1096      6C655374 
 1096      61746500 
 1097              	.LASF29:
 1098 0211 4379456E 		.ascii	"CyEnterCriticalSection\000"
 1098      74657243 
 1098      72697469 
 1098      63616C53 
ARM GAS  C:\Users\chemi\AppData\Local\Temp\cc7PnF7k.s 			page 28


 1098      65637469 
 1099              	.LASF8:
 1100 0228 756E7369 		.ascii	"unsigned int\000"
 1100      676E6564 
 1100      20696E74 
 1100      00
 1101              	.LASF31:
 1102 0235 43794578 		.ascii	"CyExitCriticalSection\000"
 1102      69744372 
 1102      69746963 
 1102      616C5365 
 1102      6374696F 
 1103              	.LASF18:
 1104 024b 6D6F6465 		.ascii	"mode\000"
 1104      00
 1105              	.LASF16:
 1106 0250 73697A65 		.ascii	"sizetype\000"
 1106      74797065 
 1106      00
 1107              	.LASF6:
 1108 0259 6C6F6E67 		.ascii	"long long int\000"
 1108      206C6F6E 
 1108      6720696E 
 1108      7400
 1109              	.LASF13:
 1110 0267 63686172 		.ascii	"char\000"
 1110      00
 1111              	.LASF2:
 1112 026c 73686F72 		.ascii	"short int\000"
 1112      7420696E 
 1112      7400
 1113              	.LASF19:
 1114 0276 55534255 		.ascii	"USBUART_1_BACKUP_STRUCT\000"
 1114      4152545F 
 1114      315F4241 
 1114      434B5550 
 1114      5F535452 
 1115              	.LASF35:
 1116 028e 433A5C55 		.ascii	"C:\\Users\\chemi\\UD3_QCW\\UD3_QFN.cydsn\000"
 1116      73657273 
 1116      5C636865 
 1116      6D695C55 
 1116      44335F51 
 1117              	.LASF4:
 1118 02b3 6C6F6E67 		.ascii	"long int\000"
 1118      20696E74 
 1118      00
 1119              	.LASF23:
 1120 02bc 55534255 		.ascii	"USBUART_1_Resume\000"
 1120      4152545F 
 1120      315F5265 
 1120      73756D65 
 1120      00
 1121              	.LASF0:
 1122 02cd 7369676E 		.ascii	"signed char\000"
 1122      65642063 
 1122      68617200 
ARM GAS  C:\Users\chemi\AppData\Local\Temp\cc7PnF7k.s 			page 29


 1123              	.LASF20:
 1124 02d9 55534255 		.ascii	"USBUART_1_DP_ISR\000"
 1124      4152545F 
 1124      315F4450 
 1124      5F495352 
 1124      00
 1125              		.ident	"GCC: (GNU Tools for ARM Embedded Processors) 5.4.1 20160609 (release) [ARM/embedded-5-bran
