ARM GAS  C:\Users\chemi\AppData\Local\Temp\cc2L3V7V.s 			page 1


   1              		.syntax unified
   2              		.cpu cortex-m3
   3              		.fpu softvfp
   4              		.eabi_attribute 20, 1
   5              		.eabi_attribute 21, 1
   6              		.eabi_attribute 23, 3
   7              		.eabi_attribute 24, 1
   8              		.eabi_attribute 25, 1
   9              		.eabi_attribute 26, 1
  10              		.eabi_attribute 30, 4
  11              		.eabi_attribute 34, 1
  12              		.eabi_attribute 18, 4
  13              		.thumb
  14              		.syntax unified
  15              		.file	"USBUART_1_cls.c"
  16              		.text
  17              	.Ltext0:
  18              		.cfi_sections	.debug_frame
  19              		.section	.text.USBUART_1_DispatchClassRqst,"ax",%progbits
  20              		.align	1
  21              		.global	USBUART_1_DispatchClassRqst
  22              		.thumb
  23              		.thumb_func
  24              		.type	USBUART_1_DispatchClassRqst, %function
  25              	USBUART_1_DispatchClassRqst:
  26              	.LFB0:
  27              		.file 1 "Generated_Source\\PSoC5\\USBUART_1_cls.c"
   1:Generated_Source\PSoC5/USBUART_1_cls.c **** /***************************************************************************//**
   2:Generated_Source\PSoC5/USBUART_1_cls.c **** * \file USBUART_1_cls.c
   3:Generated_Source\PSoC5/USBUART_1_cls.c **** * \version 3.20
   4:Generated_Source\PSoC5/USBUART_1_cls.c **** *
   5:Generated_Source\PSoC5/USBUART_1_cls.c **** * \brief
   6:Generated_Source\PSoC5/USBUART_1_cls.c **** *  This file contains the USB Class request handler.
   7:Generated_Source\PSoC5/USBUART_1_cls.c **** *
   8:Generated_Source\PSoC5/USBUART_1_cls.c **** ********************************************************************************
   9:Generated_Source\PSoC5/USBUART_1_cls.c **** * \copyright
  10:Generated_Source\PSoC5/USBUART_1_cls.c **** * Copyright 2008-2016, Cypress Semiconductor Corporation.  All rights reserved.
  11:Generated_Source\PSoC5/USBUART_1_cls.c **** * You may use this file only in accordance with the license, terms, conditions,
  12:Generated_Source\PSoC5/USBUART_1_cls.c **** * disclaimers, and limitations in the end user license agreement accompanying
  13:Generated_Source\PSoC5/USBUART_1_cls.c **** * the software package with which this file was provided.
  14:Generated_Source\PSoC5/USBUART_1_cls.c **** *******************************************************************************/
  15:Generated_Source\PSoC5/USBUART_1_cls.c **** 
  16:Generated_Source\PSoC5/USBUART_1_cls.c **** #include "USBUART_1_pvt.h"
  17:Generated_Source\PSoC5/USBUART_1_cls.c **** 
  18:Generated_Source\PSoC5/USBUART_1_cls.c **** 
  19:Generated_Source\PSoC5/USBUART_1_cls.c **** #if(USBUART_1_EXTERN_CLS == USBUART_1_FALSE)
  20:Generated_Source\PSoC5/USBUART_1_cls.c **** 
  21:Generated_Source\PSoC5/USBUART_1_cls.c **** /***************************************
  22:Generated_Source\PSoC5/USBUART_1_cls.c **** * User Implemented Class Driver Declarations.
  23:Generated_Source\PSoC5/USBUART_1_cls.c **** ***************************************/
  24:Generated_Source\PSoC5/USBUART_1_cls.c **** /* `#START USER_DEFINED_CLASS_DECLARATIONS` Place your declaration here */
  25:Generated_Source\PSoC5/USBUART_1_cls.c **** 
  26:Generated_Source\PSoC5/USBUART_1_cls.c **** /* `#END` */
  27:Generated_Source\PSoC5/USBUART_1_cls.c **** 
  28:Generated_Source\PSoC5/USBUART_1_cls.c **** 
  29:Generated_Source\PSoC5/USBUART_1_cls.c **** /*******************************************************************************
  30:Generated_Source\PSoC5/USBUART_1_cls.c **** * Function Name: USBUART_1_DispatchClassRqst
ARM GAS  C:\Users\chemi\AppData\Local\Temp\cc2L3V7V.s 			page 2


  31:Generated_Source\PSoC5/USBUART_1_cls.c **** ****************************************************************************//**
  32:Generated_Source\PSoC5/USBUART_1_cls.c **** *  This routine dispatches class specific requests depend on interface class.
  33:Generated_Source\PSoC5/USBUART_1_cls.c **** *
  34:Generated_Source\PSoC5/USBUART_1_cls.c **** * \return
  35:Generated_Source\PSoC5/USBUART_1_cls.c **** *  requestHandled.
  36:Generated_Source\PSoC5/USBUART_1_cls.c **** *
  37:Generated_Source\PSoC5/USBUART_1_cls.c **** * \reentrant
  38:Generated_Source\PSoC5/USBUART_1_cls.c **** *  No.
  39:Generated_Source\PSoC5/USBUART_1_cls.c **** *
  40:Generated_Source\PSoC5/USBUART_1_cls.c **** *******************************************************************************/
  41:Generated_Source\PSoC5/USBUART_1_cls.c **** uint8 USBUART_1_DispatchClassRqst(void) 
  42:Generated_Source\PSoC5/USBUART_1_cls.c **** {
  28              		.loc 1 42 0
  29              		.cfi_startproc
  30              		@ args = 0, pretend = 0, frame = 0
  31              		@ frame_needed = 0, uses_anonymous_args = 0
  32              		@ link register save eliminated.
  33              	.LVL0:
  43:Generated_Source\PSoC5/USBUART_1_cls.c ****     uint8 interfaceNumber;
  44:Generated_Source\PSoC5/USBUART_1_cls.c ****     uint8 requestHandled = USBUART_1_FALSE;
  45:Generated_Source\PSoC5/USBUART_1_cls.c **** 
  46:Generated_Source\PSoC5/USBUART_1_cls.c ****     /* Get interface to which request is intended. */
  47:Generated_Source\PSoC5/USBUART_1_cls.c ****     switch (USBUART_1_bmRequestTypeReg & USBUART_1_RQST_RCPT_MASK)
  34              		.loc 1 47 0
  35 0000 0F4A     		ldr	r2, .L15
  36 0002 1378     		ldrb	r3, [r2]	@ zero_extendqisi2
  37 0004 03F00303 		and	r3, r3, #3
  38 0008 012B     		cmp	r3, #1
  39 000a 0AD0     		beq	.L3
  40 000c 022B     		cmp	r3, #2
  41 000e 0DD1     		bne	.L14
  48:Generated_Source\PSoC5/USBUART_1_cls.c ****     {
  49:Generated_Source\PSoC5/USBUART_1_cls.c ****         case USBUART_1_RQST_RCPT_IFC:
  50:Generated_Source\PSoC5/USBUART_1_cls.c ****             /* Class-specific request directed to interface: wIndexLoReg 
  51:Generated_Source\PSoC5/USBUART_1_cls.c ****             * contains interface number.
  52:Generated_Source\PSoC5/USBUART_1_cls.c ****             */
  53:Generated_Source\PSoC5/USBUART_1_cls.c ****             interfaceNumber = (uint8) USBUART_1_wIndexLoReg;
  54:Generated_Source\PSoC5/USBUART_1_cls.c ****             break;
  55:Generated_Source\PSoC5/USBUART_1_cls.c ****         
  56:Generated_Source\PSoC5/USBUART_1_cls.c ****         case USBUART_1_RQST_RCPT_EP:
  57:Generated_Source\PSoC5/USBUART_1_cls.c ****             /* Class-specific request directed to endpoint: wIndexLoReg contains 
  58:Generated_Source\PSoC5/USBUART_1_cls.c ****             * endpoint number. Find interface related to endpoint. 
  59:Generated_Source\PSoC5/USBUART_1_cls.c ****             */
  60:Generated_Source\PSoC5/USBUART_1_cls.c ****             interfaceNumber = USBUART_1_EP[USBUART_1_wIndexLoReg & USBUART_1_DIR_UNUSED].interface;
  42              		.loc 1 60 0
  43 0010 1379     		ldrb	r3, [r2, #4]	@ zero_extendqisi2
  44 0012 0C21     		movs	r1, #12
  45 0014 03F07F02 		and	r2, r3, #127
  46 0018 0A4B     		ldr	r3, .L15+4
  47 001a 01FB0233 		mla	r3, r1, r2, r3
  48 001e 9B7A     		ldrb	r3, [r3, #10]	@ zero_extendqisi2
  49 0020 00E0     		b	.L12
  50              	.L3:
  53:Generated_Source\PSoC5/USBUART_1_cls.c ****             break;
  51              		.loc 1 53 0
  52 0022 1379     		ldrb	r3, [r2, #4]	@ zero_extendqisi2
  53              	.L12:
ARM GAS  C:\Users\chemi\AppData\Local\Temp\cc2L3V7V.s 			page 3


  54              		.loc 1 60 0
  55 0024 DBB2     		uxtb	r3, r3
  56              	.LVL1:
  61:Generated_Source\PSoC5/USBUART_1_cls.c ****             break;
  62:Generated_Source\PSoC5/USBUART_1_cls.c ****             
  63:Generated_Source\PSoC5/USBUART_1_cls.c ****         default:
  64:Generated_Source\PSoC5/USBUART_1_cls.c ****             /* Default interface is zero. */
  65:Generated_Source\PSoC5/USBUART_1_cls.c ****             interfaceNumber = 0u;
  66:Generated_Source\PSoC5/USBUART_1_cls.c ****             break;
  67:Generated_Source\PSoC5/USBUART_1_cls.c ****     }
  68:Generated_Source\PSoC5/USBUART_1_cls.c ****     
  69:Generated_Source\PSoC5/USBUART_1_cls.c ****     /* Check that interface is within acceptable range */
  70:Generated_Source\PSoC5/USBUART_1_cls.c ****     if (interfaceNumber <= USBUART_1_MAX_INTERFACES_NUMBER)
  57              		.loc 1 70 0
  58 0026 022B     		cmp	r3, #2
  59 0028 08D8     		bhi	.L6
  60 002a 00E0     		b	.L2
  61              	.LVL2:
  62              	.L14:
  65:Generated_Source\PSoC5/USBUART_1_cls.c ****             break;
  63              		.loc 1 65 0
  64 002c 0023     		movs	r3, #0
  65              	.L2:
  66              	.LVL3:
  71:Generated_Source\PSoC5/USBUART_1_cls.c ****     {
  72:Generated_Source\PSoC5/USBUART_1_cls.c ****     #if (defined(USBUART_1_ENABLE_HID_CLASS)   || \
  73:Generated_Source\PSoC5/USBUART_1_cls.c ****          defined(USBUART_1_ENABLE_AUDIO_CLASS) || \
  74:Generated_Source\PSoC5/USBUART_1_cls.c ****          defined(USBUART_1_ENABLE_CDC_CLASS)   || \
  75:Generated_Source\PSoC5/USBUART_1_cls.c ****          USBUART_1_ENABLE_MSC_CLASS)
  76:Generated_Source\PSoC5/USBUART_1_cls.c **** 
  77:Generated_Source\PSoC5/USBUART_1_cls.c ****         /* Handle class request depends on interface type. */
  78:Generated_Source\PSoC5/USBUART_1_cls.c ****         switch (USBUART_1_interfaceClass[interfaceNumber])
  67              		.loc 1 78 0
  68 002e 064A     		ldr	r2, .L15+8
  69 0030 1268     		ldr	r2, [r2]
  70 0032 D35C     		ldrb	r3, [r2, r3]	@ zero_extendqisi2
  71              	.LVL4:
  72 0034 022B     		cmp	r3, #2
  73 0036 01D1     		bne	.L6
  79:Generated_Source\PSoC5/USBUART_1_cls.c ****         {
  80:Generated_Source\PSoC5/USBUART_1_cls.c ****         #if defined(USBUART_1_ENABLE_HID_CLASS)
  81:Generated_Source\PSoC5/USBUART_1_cls.c ****             case USBUART_1_CLASS_HID:
  82:Generated_Source\PSoC5/USBUART_1_cls.c ****                 requestHandled = USBUART_1_DispatchHIDClassRqst();
  83:Generated_Source\PSoC5/USBUART_1_cls.c ****                 break;
  84:Generated_Source\PSoC5/USBUART_1_cls.c ****         #endif /* (USBUART_1_ENABLE_HID_CLASS) */
  85:Generated_Source\PSoC5/USBUART_1_cls.c ****                 
  86:Generated_Source\PSoC5/USBUART_1_cls.c ****         #if defined(USBUART_1_ENABLE_AUDIO_CLASS)
  87:Generated_Source\PSoC5/USBUART_1_cls.c ****             case USBUART_1_CLASS_AUDIO:
  88:Generated_Source\PSoC5/USBUART_1_cls.c ****                 requestHandled = USBUART_1_DispatchAUDIOClassRqst();
  89:Generated_Source\PSoC5/USBUART_1_cls.c ****                 break;
  90:Generated_Source\PSoC5/USBUART_1_cls.c ****         #endif /* (USBUART_1_CLASS_AUDIO) */
  91:Generated_Source\PSoC5/USBUART_1_cls.c ****                 
  92:Generated_Source\PSoC5/USBUART_1_cls.c ****         #if defined(USBUART_1_ENABLE_CDC_CLASS)
  93:Generated_Source\PSoC5/USBUART_1_cls.c ****             case USBUART_1_CLASS_CDC:
  94:Generated_Source\PSoC5/USBUART_1_cls.c ****                 requestHandled = USBUART_1_DispatchCDCClassRqst();
  74              		.loc 1 94 0
  75 0038 FFF7FEBF 		b	USBUART_1_DispatchCDCClassRqst
ARM GAS  C:\Users\chemi\AppData\Local\Temp\cc2L3V7V.s 			page 4


  76              	.LVL5:
  77              	.L6:
  95:Generated_Source\PSoC5/USBUART_1_cls.c ****                 break;
  96:Generated_Source\PSoC5/USBUART_1_cls.c ****         #endif /* (USBUART_1_ENABLE_CDC_CLASS) */
  97:Generated_Source\PSoC5/USBUART_1_cls.c ****             
  98:Generated_Source\PSoC5/USBUART_1_cls.c ****         #if (USBUART_1_ENABLE_MSC_CLASS)
  99:Generated_Source\PSoC5/USBUART_1_cls.c ****             case USBUART_1_CLASS_MSD:
 100:Generated_Source\PSoC5/USBUART_1_cls.c ****             #if (USBUART_1_HANDLE_MSC_REQUESTS)
 101:Generated_Source\PSoC5/USBUART_1_cls.c ****                 /* MSC requests are handled by the component. */
 102:Generated_Source\PSoC5/USBUART_1_cls.c ****                 requestHandled = USBUART_1_DispatchMSCClassRqst();
 103:Generated_Source\PSoC5/USBUART_1_cls.c ****             #elif defined(USBUART_1_DISPATCH_MSC_CLASS_RQST_CALLBACK)
 104:Generated_Source\PSoC5/USBUART_1_cls.c ****                 /* MSC requests are handled by user defined callbcak. */
 105:Generated_Source\PSoC5/USBUART_1_cls.c ****                 requestHandled = USBUART_1_DispatchMSCClassRqst_Callback();
 106:Generated_Source\PSoC5/USBUART_1_cls.c ****             #else
 107:Generated_Source\PSoC5/USBUART_1_cls.c ****                 /* MSC requests are not handled. */
 108:Generated_Source\PSoC5/USBUART_1_cls.c ****                 requestHandled = USBUART_1_FALSE;
 109:Generated_Source\PSoC5/USBUART_1_cls.c ****             #endif /* (USBUART_1_HANDLE_MSC_REQUESTS) */
 110:Generated_Source\PSoC5/USBUART_1_cls.c ****                 break;
 111:Generated_Source\PSoC5/USBUART_1_cls.c ****         #endif /* (USBUART_1_ENABLE_MSC_CLASS) */
 112:Generated_Source\PSoC5/USBUART_1_cls.c ****             
 113:Generated_Source\PSoC5/USBUART_1_cls.c ****             default:
 114:Generated_Source\PSoC5/USBUART_1_cls.c ****                 /* Request is not handled: unknown class request type. */
 115:Generated_Source\PSoC5/USBUART_1_cls.c ****                 requestHandled = USBUART_1_FALSE;
 116:Generated_Source\PSoC5/USBUART_1_cls.c ****                 break;
 117:Generated_Source\PSoC5/USBUART_1_cls.c ****         }
 118:Generated_Source\PSoC5/USBUART_1_cls.c ****     #endif /* Class support is enabled */
 119:Generated_Source\PSoC5/USBUART_1_cls.c ****     }
 120:Generated_Source\PSoC5/USBUART_1_cls.c ****     
 121:Generated_Source\PSoC5/USBUART_1_cls.c ****     /* `#START USER_DEFINED_CLASS_CODE` Place your Class request here */
 122:Generated_Source\PSoC5/USBUART_1_cls.c **** 
 123:Generated_Source\PSoC5/USBUART_1_cls.c ****     /* `#END` */
 124:Generated_Source\PSoC5/USBUART_1_cls.c **** 
 125:Generated_Source\PSoC5/USBUART_1_cls.c **** #ifdef USBUART_1_DISPATCH_CLASS_RQST_CALLBACK
 126:Generated_Source\PSoC5/USBUART_1_cls.c ****     if (USBUART_1_FALSE == requestHandled)
 127:Generated_Source\PSoC5/USBUART_1_cls.c ****     {
 128:Generated_Source\PSoC5/USBUART_1_cls.c ****         requestHandled = USBUART_1_DispatchClassRqst_Callback(interfaceNumber);
 129:Generated_Source\PSoC5/USBUART_1_cls.c ****     }
 130:Generated_Source\PSoC5/USBUART_1_cls.c **** #endif /* (USBUART_1_DISPATCH_CLASS_RQST_CALLBACK) */
 131:Generated_Source\PSoC5/USBUART_1_cls.c **** 
 132:Generated_Source\PSoC5/USBUART_1_cls.c ****     return (requestHandled);
 133:Generated_Source\PSoC5/USBUART_1_cls.c **** }
  78              		.loc 1 133 0
  79 003c 0020     		movs	r0, #0
  80 003e 7047     		bx	lr
  81              	.L16:
  82              		.align	2
  83              	.L15:
  84 0040 00600040 		.word	1073766400
  85 0044 00000000 		.word	USBUART_1_EP
  86 0048 00000000 		.word	USBUART_1_interfaceClass
  87              		.cfi_endproc
  88              	.LFE0:
  89              		.size	USBUART_1_DispatchClassRqst, .-USBUART_1_DispatchClassRqst
  90              		.text
  91              	.Letext0:
  92              		.file 2 "Generated_Source\\PSoC5\\cytypes.h"
  93              		.file 3 "Generated_Source\\PSoC5\\USBUART_1.h"
ARM GAS  C:\Users\chemi\AppData\Local\Temp\cc2L3V7V.s 			page 5


  94              		.file 4 "Generated_Source\\PSoC5\\USBUART_1_pvt.h"
  95              		.section	.debug_info,"",%progbits
  96              	.Ldebug_info0:
  97 0000 D3010000 		.4byte	0x1d3
  98 0004 0400     		.2byte	0x4
  99 0006 00000000 		.4byte	.Ldebug_abbrev0
 100 000a 04       		.byte	0x4
 101 000b 01       		.uleb128 0x1
 102 000c C2000000 		.4byte	.LASF31
 103 0010 0C       		.byte	0xc
 104 0011 2A000000 		.4byte	.LASF32
 105 0015 62020000 		.4byte	.LASF33
 106 0019 00000000 		.4byte	.Ldebug_ranges0+0
 107 001d 00000000 		.4byte	0
 108 0021 00000000 		.4byte	.Ldebug_line0
 109 0025 02       		.uleb128 0x2
 110 0026 01       		.byte	0x1
 111 0027 06       		.byte	0x6
 112 0028 90020000 		.4byte	.LASF0
 113 002c 02       		.uleb128 0x2
 114 002d 01       		.byte	0x1
 115 002e 08       		.byte	0x8
 116 002f A2000000 		.4byte	.LASF1
 117 0033 02       		.uleb128 0x2
 118 0034 02       		.byte	0x2
 119 0035 05       		.byte	0x5
 120 0036 52020000 		.4byte	.LASF2
 121 003a 02       		.uleb128 0x2
 122 003b 02       		.byte	0x2
 123 003c 07       		.byte	0x7
 124 003d 17000000 		.4byte	.LASF3
 125 0041 02       		.uleb128 0x2
 126 0042 04       		.byte	0x4
 127 0043 05       		.byte	0x5
 128 0044 87020000 		.4byte	.LASF4
 129 0048 02       		.uleb128 0x2
 130 0049 04       		.byte	0x4
 131 004a 07       		.byte	0x7
 132 004b B0000000 		.4byte	.LASF5
 133 004f 02       		.uleb128 0x2
 134 0050 08       		.byte	0x8
 135 0051 05       		.byte	0x5
 136 0052 1B020000 		.4byte	.LASF6
 137 0056 02       		.uleb128 0x2
 138 0057 08       		.byte	0x8
 139 0058 07       		.byte	0x7
 140 0059 DB010000 		.4byte	.LASF7
 141 005d 03       		.uleb128 0x3
 142 005e 04       		.byte	0x4
 143 005f 05       		.byte	0x5
 144 0060 696E7400 		.ascii	"int\000"
 145 0064 02       		.uleb128 0x2
 146 0065 04       		.byte	0x4
 147 0066 07       		.byte	0x7
 148 0067 CE010000 		.4byte	.LASF8
 149 006b 04       		.uleb128 0x4
 150 006c 5C020000 		.4byte	.LASF9
ARM GAS  C:\Users\chemi\AppData\Local\Temp\cc2L3V7V.s 			page 6


 151 0070 02       		.byte	0x2
 152 0071 9201     		.2byte	0x192
 153 0073 2C000000 		.4byte	0x2c
 154 0077 04       		.uleb128 0x4
 155 0078 A2010000 		.4byte	.LASF10
 156 007c 02       		.byte	0x2
 157 007d 9301     		.2byte	0x193
 158 007f 3A000000 		.4byte	0x3a
 159 0083 02       		.uleb128 0x2
 160 0084 04       		.byte	0x4
 161 0085 04       		.byte	0x4
 162 0086 93000000 		.4byte	.LASF11
 163 008a 02       		.uleb128 0x2
 164 008b 08       		.byte	0x8
 165 008c 04       		.byte	0x4
 166 008d 89010000 		.4byte	.LASF12
 167 0091 02       		.uleb128 0x2
 168 0092 01       		.byte	0x1
 169 0093 08       		.byte	0x8
 170 0094 42020000 		.4byte	.LASF13
 171 0098 02       		.uleb128 0x2
 172 0099 04       		.byte	0x4
 173 009a 07       		.byte	0x7
 174 009b 0B020000 		.4byte	.LASF14
 175 009f 05       		.uleb128 0x5
 176 00a0 0C       		.byte	0xc
 177 00a1 03       		.byte	0x3
 178 00a2 8D       		.byte	0x8d
 179 00a3 14010000 		.4byte	0x114
 180 00a7 06       		.uleb128 0x6
 181 00a8 90010000 		.4byte	.LASF15
 182 00ac 03       		.byte	0x3
 183 00ad 8F       		.byte	0x8f
 184 00ae 6B000000 		.4byte	0x6b
 185 00b2 00       		.byte	0
 186 00b3 06       		.uleb128 0x6
 187 00b4 A9010000 		.4byte	.LASF16
 188 00b8 03       		.byte	0x3
 189 00b9 90       		.byte	0x90
 190 00ba 6B000000 		.4byte	0x6b
 191 00be 01       		.byte	0x1
 192 00bf 06       		.uleb128 0x6
 193 00c0 F2010000 		.4byte	.LASF17
 194 00c4 03       		.byte	0x3
 195 00c5 91       		.byte	0x91
 196 00c6 6B000000 		.4byte	0x6b
 197 00ca 02       		.byte	0x2
 198 00cb 06       		.uleb128 0x6
 199 00cc 99000000 		.4byte	.LASF18
 200 00d0 03       		.byte	0x3
 201 00d1 92       		.byte	0x92
 202 00d2 6B000000 		.4byte	0x6b
 203 00d6 03       		.byte	0x3
 204 00d7 06       		.uleb128 0x6
 205 00d8 5B010000 		.4byte	.LASF19
 206 00dc 03       		.byte	0x3
 207 00dd 93       		.byte	0x93
ARM GAS  C:\Users\chemi\AppData\Local\Temp\cc2L3V7V.s 			page 7


 208 00de 6B000000 		.4byte	0x6b
 209 00e2 04       		.byte	0x4
 210 00e3 06       		.uleb128 0x6
 211 00e4 14020000 		.4byte	.LASF20
 212 00e8 03       		.byte	0x3
 213 00e9 94       		.byte	0x94
 214 00ea 6B000000 		.4byte	0x6b
 215 00ee 05       		.byte	0x5
 216 00ef 06       		.uleb128 0x6
 217 00f0 97010000 		.4byte	.LASF21
 218 00f4 03       		.byte	0x3
 219 00f5 95       		.byte	0x95
 220 00f6 77000000 		.4byte	0x77
 221 00fa 06       		.byte	0x6
 222 00fb 06       		.uleb128 0x6
 223 00fc 47020000 		.4byte	.LASF22
 224 0100 03       		.byte	0x3
 225 0101 96       		.byte	0x96
 226 0102 77000000 		.4byte	0x77
 227 0106 08       		.byte	0x8
 228 0107 06       		.uleb128 0x6
 229 0108 00000000 		.4byte	.LASF23
 230 010c 03       		.byte	0x3
 231 010d 97       		.byte	0x97
 232 010e 6B000000 		.4byte	0x6b
 233 0112 0A       		.byte	0xa
 234 0113 00       		.byte	0
 235 0114 07       		.uleb128 0x7
 236 0115 29020000 		.4byte	.LASF24
 237 0119 03       		.byte	0x3
 238 011a 98       		.byte	0x98
 239 011b 9F000000 		.4byte	0x9f
 240 011f 05       		.uleb128 0x5
 241 0120 08       		.byte	0x8
 242 0121 03       		.byte	0x3
 243 0122 C5       		.byte	0xc5
 244 0123 34010000 		.4byte	0x134
 245 0127 06       		.uleb128 0x6
 246 0128 51000000 		.4byte	.LASF25
 247 012c 03       		.byte	0x3
 248 012d C7       		.byte	0xc7
 249 012e 34010000 		.4byte	0x134
 250 0132 00       		.byte	0
 251 0133 00       		.byte	0
 252 0134 08       		.uleb128 0x8
 253 0135 6B000000 		.4byte	0x6b
 254 0139 44010000 		.4byte	0x144
 255 013d 09       		.uleb128 0x9
 256 013e 98000000 		.4byte	0x98
 257 0142 07       		.byte	0x7
 258 0143 00       		.byte	0
 259 0144 07       		.uleb128 0x7
 260 0145 B4010000 		.4byte	.LASF26
 261 0149 03       		.byte	0x3
 262 014a C8       		.byte	0xc8
 263 014b 1F010000 		.4byte	0x11f
 264 014f 0A       		.uleb128 0xa
ARM GAS  C:\Users\chemi\AppData\Local\Temp\cc2L3V7V.s 			page 8


 265 0150 58000000 		.4byte	.LASF34
 266 0154 01       		.byte	0x1
 267 0155 29       		.byte	0x29
 268 0156 6B000000 		.4byte	0x6b
 269 015a 00000000 		.4byte	.LFB0
 270 015e 4C000000 		.4byte	.LFE0-.LFB0
 271 0162 01       		.uleb128 0x1
 272 0163 9C       		.byte	0x9c
 273 0164 90010000 		.4byte	0x190
 274 0168 0B       		.uleb128 0xb
 275 0169 79010000 		.4byte	.LASF27
 276 016d 01       		.byte	0x1
 277 016e 2B       		.byte	0x2b
 278 016f 6B000000 		.4byte	0x6b
 279 0173 00000000 		.4byte	.LLST0
 280 0177 0B       		.uleb128 0xb
 281 0178 FC010000 		.4byte	.LASF28
 282 017c 01       		.byte	0x1
 283 017d 2C       		.byte	0x2c
 284 017e 6B000000 		.4byte	0x6b
 285 0182 1E000000 		.4byte	.LLST1
 286 0186 0C       		.uleb128 0xc
 287 0187 3C000000 		.4byte	.LVL5
 288 018b CB010000 		.4byte	0x1cb
 289 018f 00       		.byte	0
 290 0190 0D       		.uleb128 0xd
 291 0191 60010000 		.4byte	.LASF29
 292 0195 04       		.byte	0x4
 293 0196 77       		.byte	0x77
 294 0197 9B010000 		.4byte	0x19b
 295 019b 0E       		.uleb128 0xe
 296 019c 04       		.byte	0x4
 297 019d A1010000 		.4byte	0x1a1
 298 01a1 0F       		.uleb128 0xf
 299 01a2 6B000000 		.4byte	0x6b
 300 01a6 08       		.uleb128 0x8
 301 01a7 B6010000 		.4byte	0x1b6
 302 01ab B6010000 		.4byte	0x1b6
 303 01af 09       		.uleb128 0x9
 304 01b0 98000000 		.4byte	0x98
 305 01b4 08       		.byte	0x8
 306 01b5 00       		.byte	0
 307 01b6 10       		.uleb128 0x10
 308 01b7 14010000 		.4byte	0x114
 309 01bb 0D       		.uleb128 0xd
 310 01bc 0A000000 		.4byte	.LASF30
 311 01c0 04       		.byte	0x4
 312 01c1 79       		.byte	0x79
 313 01c2 C6010000 		.4byte	0x1c6
 314 01c6 10       		.uleb128 0x10
 315 01c7 A6010000 		.4byte	0x1a6
 316 01cb 11       		.uleb128 0x11
 317 01cc 74000000 		.4byte	.LASF35
 318 01d0 74000000 		.4byte	.LASF35
 319 01d4 04       		.byte	0x4
 320 01d5 DF       		.byte	0xdf
 321 01d6 00       		.byte	0
ARM GAS  C:\Users\chemi\AppData\Local\Temp\cc2L3V7V.s 			page 9


 322              		.section	.debug_abbrev,"",%progbits
 323              	.Ldebug_abbrev0:
 324 0000 01       		.uleb128 0x1
 325 0001 11       		.uleb128 0x11
 326 0002 01       		.byte	0x1
 327 0003 25       		.uleb128 0x25
 328 0004 0E       		.uleb128 0xe
 329 0005 13       		.uleb128 0x13
 330 0006 0B       		.uleb128 0xb
 331 0007 03       		.uleb128 0x3
 332 0008 0E       		.uleb128 0xe
 333 0009 1B       		.uleb128 0x1b
 334 000a 0E       		.uleb128 0xe
 335 000b 55       		.uleb128 0x55
 336 000c 17       		.uleb128 0x17
 337 000d 11       		.uleb128 0x11
 338 000e 01       		.uleb128 0x1
 339 000f 10       		.uleb128 0x10
 340 0010 17       		.uleb128 0x17
 341 0011 00       		.byte	0
 342 0012 00       		.byte	0
 343 0013 02       		.uleb128 0x2
 344 0014 24       		.uleb128 0x24
 345 0015 00       		.byte	0
 346 0016 0B       		.uleb128 0xb
 347 0017 0B       		.uleb128 0xb
 348 0018 3E       		.uleb128 0x3e
 349 0019 0B       		.uleb128 0xb
 350 001a 03       		.uleb128 0x3
 351 001b 0E       		.uleb128 0xe
 352 001c 00       		.byte	0
 353 001d 00       		.byte	0
 354 001e 03       		.uleb128 0x3
 355 001f 24       		.uleb128 0x24
 356 0020 00       		.byte	0
 357 0021 0B       		.uleb128 0xb
 358 0022 0B       		.uleb128 0xb
 359 0023 3E       		.uleb128 0x3e
 360 0024 0B       		.uleb128 0xb
 361 0025 03       		.uleb128 0x3
 362 0026 08       		.uleb128 0x8
 363 0027 00       		.byte	0
 364 0028 00       		.byte	0
 365 0029 04       		.uleb128 0x4
 366 002a 16       		.uleb128 0x16
 367 002b 00       		.byte	0
 368 002c 03       		.uleb128 0x3
 369 002d 0E       		.uleb128 0xe
 370 002e 3A       		.uleb128 0x3a
 371 002f 0B       		.uleb128 0xb
 372 0030 3B       		.uleb128 0x3b
 373 0031 05       		.uleb128 0x5
 374 0032 49       		.uleb128 0x49
 375 0033 13       		.uleb128 0x13
 376 0034 00       		.byte	0
 377 0035 00       		.byte	0
 378 0036 05       		.uleb128 0x5
ARM GAS  C:\Users\chemi\AppData\Local\Temp\cc2L3V7V.s 			page 10


 379 0037 13       		.uleb128 0x13
 380 0038 01       		.byte	0x1
 381 0039 0B       		.uleb128 0xb
 382 003a 0B       		.uleb128 0xb
 383 003b 3A       		.uleb128 0x3a
 384 003c 0B       		.uleb128 0xb
 385 003d 3B       		.uleb128 0x3b
 386 003e 0B       		.uleb128 0xb
 387 003f 01       		.uleb128 0x1
 388 0040 13       		.uleb128 0x13
 389 0041 00       		.byte	0
 390 0042 00       		.byte	0
 391 0043 06       		.uleb128 0x6
 392 0044 0D       		.uleb128 0xd
 393 0045 00       		.byte	0
 394 0046 03       		.uleb128 0x3
 395 0047 0E       		.uleb128 0xe
 396 0048 3A       		.uleb128 0x3a
 397 0049 0B       		.uleb128 0xb
 398 004a 3B       		.uleb128 0x3b
 399 004b 0B       		.uleb128 0xb
 400 004c 49       		.uleb128 0x49
 401 004d 13       		.uleb128 0x13
 402 004e 38       		.uleb128 0x38
 403 004f 0B       		.uleb128 0xb
 404 0050 00       		.byte	0
 405 0051 00       		.byte	0
 406 0052 07       		.uleb128 0x7
 407 0053 16       		.uleb128 0x16
 408 0054 00       		.byte	0
 409 0055 03       		.uleb128 0x3
 410 0056 0E       		.uleb128 0xe
 411 0057 3A       		.uleb128 0x3a
 412 0058 0B       		.uleb128 0xb
 413 0059 3B       		.uleb128 0x3b
 414 005a 0B       		.uleb128 0xb
 415 005b 49       		.uleb128 0x49
 416 005c 13       		.uleb128 0x13
 417 005d 00       		.byte	0
 418 005e 00       		.byte	0
 419 005f 08       		.uleb128 0x8
 420 0060 01       		.uleb128 0x1
 421 0061 01       		.byte	0x1
 422 0062 49       		.uleb128 0x49
 423 0063 13       		.uleb128 0x13
 424 0064 01       		.uleb128 0x1
 425 0065 13       		.uleb128 0x13
 426 0066 00       		.byte	0
 427 0067 00       		.byte	0
 428 0068 09       		.uleb128 0x9
 429 0069 21       		.uleb128 0x21
 430 006a 00       		.byte	0
 431 006b 49       		.uleb128 0x49
 432 006c 13       		.uleb128 0x13
 433 006d 2F       		.uleb128 0x2f
 434 006e 0B       		.uleb128 0xb
 435 006f 00       		.byte	0
ARM GAS  C:\Users\chemi\AppData\Local\Temp\cc2L3V7V.s 			page 11


 436 0070 00       		.byte	0
 437 0071 0A       		.uleb128 0xa
 438 0072 2E       		.uleb128 0x2e
 439 0073 01       		.byte	0x1
 440 0074 3F       		.uleb128 0x3f
 441 0075 19       		.uleb128 0x19
 442 0076 03       		.uleb128 0x3
 443 0077 0E       		.uleb128 0xe
 444 0078 3A       		.uleb128 0x3a
 445 0079 0B       		.uleb128 0xb
 446 007a 3B       		.uleb128 0x3b
 447 007b 0B       		.uleb128 0xb
 448 007c 27       		.uleb128 0x27
 449 007d 19       		.uleb128 0x19
 450 007e 49       		.uleb128 0x49
 451 007f 13       		.uleb128 0x13
 452 0080 11       		.uleb128 0x11
 453 0081 01       		.uleb128 0x1
 454 0082 12       		.uleb128 0x12
 455 0083 06       		.uleb128 0x6
 456 0084 40       		.uleb128 0x40
 457 0085 18       		.uleb128 0x18
 458 0086 9742     		.uleb128 0x2117
 459 0088 19       		.uleb128 0x19
 460 0089 01       		.uleb128 0x1
 461 008a 13       		.uleb128 0x13
 462 008b 00       		.byte	0
 463 008c 00       		.byte	0
 464 008d 0B       		.uleb128 0xb
 465 008e 34       		.uleb128 0x34
 466 008f 00       		.byte	0
 467 0090 03       		.uleb128 0x3
 468 0091 0E       		.uleb128 0xe
 469 0092 3A       		.uleb128 0x3a
 470 0093 0B       		.uleb128 0xb
 471 0094 3B       		.uleb128 0x3b
 472 0095 0B       		.uleb128 0xb
 473 0096 49       		.uleb128 0x49
 474 0097 13       		.uleb128 0x13
 475 0098 02       		.uleb128 0x2
 476 0099 17       		.uleb128 0x17
 477 009a 00       		.byte	0
 478 009b 00       		.byte	0
 479 009c 0C       		.uleb128 0xc
 480 009d 898201   		.uleb128 0x4109
 481 00a0 00       		.byte	0
 482 00a1 11       		.uleb128 0x11
 483 00a2 01       		.uleb128 0x1
 484 00a3 9542     		.uleb128 0x2115
 485 00a5 19       		.uleb128 0x19
 486 00a6 31       		.uleb128 0x31
 487 00a7 13       		.uleb128 0x13
 488 00a8 00       		.byte	0
 489 00a9 00       		.byte	0
 490 00aa 0D       		.uleb128 0xd
 491 00ab 34       		.uleb128 0x34
 492 00ac 00       		.byte	0
ARM GAS  C:\Users\chemi\AppData\Local\Temp\cc2L3V7V.s 			page 12


 493 00ad 03       		.uleb128 0x3
 494 00ae 0E       		.uleb128 0xe
 495 00af 3A       		.uleb128 0x3a
 496 00b0 0B       		.uleb128 0xb
 497 00b1 3B       		.uleb128 0x3b
 498 00b2 0B       		.uleb128 0xb
 499 00b3 49       		.uleb128 0x49
 500 00b4 13       		.uleb128 0x13
 501 00b5 3F       		.uleb128 0x3f
 502 00b6 19       		.uleb128 0x19
 503 00b7 3C       		.uleb128 0x3c
 504 00b8 19       		.uleb128 0x19
 505 00b9 00       		.byte	0
 506 00ba 00       		.byte	0
 507 00bb 0E       		.uleb128 0xe
 508 00bc 0F       		.uleb128 0xf
 509 00bd 00       		.byte	0
 510 00be 0B       		.uleb128 0xb
 511 00bf 0B       		.uleb128 0xb
 512 00c0 49       		.uleb128 0x49
 513 00c1 13       		.uleb128 0x13
 514 00c2 00       		.byte	0
 515 00c3 00       		.byte	0
 516 00c4 0F       		.uleb128 0xf
 517 00c5 26       		.uleb128 0x26
 518 00c6 00       		.byte	0
 519 00c7 49       		.uleb128 0x49
 520 00c8 13       		.uleb128 0x13
 521 00c9 00       		.byte	0
 522 00ca 00       		.byte	0
 523 00cb 10       		.uleb128 0x10
 524 00cc 35       		.uleb128 0x35
 525 00cd 00       		.byte	0
 526 00ce 49       		.uleb128 0x49
 527 00cf 13       		.uleb128 0x13
 528 00d0 00       		.byte	0
 529 00d1 00       		.byte	0
 530 00d2 11       		.uleb128 0x11
 531 00d3 2E       		.uleb128 0x2e
 532 00d4 00       		.byte	0
 533 00d5 3F       		.uleb128 0x3f
 534 00d6 19       		.uleb128 0x19
 535 00d7 3C       		.uleb128 0x3c
 536 00d8 19       		.uleb128 0x19
 537 00d9 6E       		.uleb128 0x6e
 538 00da 0E       		.uleb128 0xe
 539 00db 03       		.uleb128 0x3
 540 00dc 0E       		.uleb128 0xe
 541 00dd 3A       		.uleb128 0x3a
 542 00de 0B       		.uleb128 0xb
 543 00df 3B       		.uleb128 0x3b
 544 00e0 0B       		.uleb128 0xb
 545 00e1 00       		.byte	0
 546 00e2 00       		.byte	0
 547 00e3 00       		.byte	0
 548              		.section	.debug_loc,"",%progbits
 549              	.Ldebug_loc0:
ARM GAS  C:\Users\chemi\AppData\Local\Temp\cc2L3V7V.s 			page 13


 550              	.LLST0:
 551 0000 26000000 		.4byte	.LVL1
 552 0004 2C000000 		.4byte	.LVL2
 553 0008 0100     		.2byte	0x1
 554 000a 53       		.byte	0x53
 555 000b 2E000000 		.4byte	.LVL3
 556 000f 34000000 		.4byte	.LVL4
 557 0013 0100     		.2byte	0x1
 558 0015 53       		.byte	0x53
 559 0016 00000000 		.4byte	0
 560 001a 00000000 		.4byte	0
 561              	.LLST1:
 562 001e 00000000 		.4byte	.LVL0
 563 0022 3C000000 		.4byte	.LVL5
 564 0026 0200     		.2byte	0x2
 565 0028 30       		.byte	0x30
 566 0029 9F       		.byte	0x9f
 567 002a 00000000 		.4byte	0
 568 002e 00000000 		.4byte	0
 569              		.section	.debug_aranges,"",%progbits
 570 0000 1C000000 		.4byte	0x1c
 571 0004 0200     		.2byte	0x2
 572 0006 00000000 		.4byte	.Ldebug_info0
 573 000a 04       		.byte	0x4
 574 000b 00       		.byte	0
 575 000c 0000     		.2byte	0
 576 000e 0000     		.2byte	0
 577 0010 00000000 		.4byte	.LFB0
 578 0014 4C000000 		.4byte	.LFE0-.LFB0
 579 0018 00000000 		.4byte	0
 580 001c 00000000 		.4byte	0
 581              		.section	.debug_ranges,"",%progbits
 582              	.Ldebug_ranges0:
 583 0000 00000000 		.4byte	.LFB0
 584 0004 4C000000 		.4byte	.LFE0
 585 0008 00000000 		.4byte	0
 586 000c 00000000 		.4byte	0
 587              		.section	.debug_line,"",%progbits
 588              	.Ldebug_line0:
 589 0000 96000000 		.section	.debug_str,"MS",%progbits,1
 589      02006C00 
 589      00000201 
 589      FB0E0D00 
 589      01010101 
 590              	.LASF23:
 591 0000 696E7465 		.ascii	"interface\000"
 591      72666163 
 591      6500
 592              	.LASF30:
 593 000a 55534255 		.ascii	"USBUART_1_EP\000"
 593      4152545F 
 593      315F4550 
 593      00
 594              	.LASF3:
 595 0017 73686F72 		.ascii	"short unsigned int\000"
 595      7420756E 
 595      7369676E 
ARM GAS  C:\Users\chemi\AppData\Local\Temp\cc2L3V7V.s 			page 14


 595      65642069 
 595      6E7400
 596              	.LASF32:
 597 002a 47656E65 		.ascii	"Generated_Source\\PSoC5\\USBUART_1_cls.c\000"
 597      72617465 
 597      645F536F 
 597      75726365 
 597      5C50536F 
 598              	.LASF25:
 599 0051 65704461 		.ascii	"epData\000"
 599      746100
 600              	.LASF34:
 601 0058 55534255 		.ascii	"USBUART_1_DispatchClassRqst\000"
 601      4152545F 
 601      315F4469 
 601      73706174 
 601      6368436C 
 602              	.LASF35:
 603 0074 55534255 		.ascii	"USBUART_1_DispatchCDCClassRqst\000"
 603      4152545F 
 603      315F4469 
 603      73706174 
 603      63684344 
 604              	.LASF11:
 605 0093 666C6F61 		.ascii	"float\000"
 605      7400
 606              	.LASF18:
 607 0099 6570546F 		.ascii	"epToggle\000"
 607      67676C65 
 607      00
 608              	.LASF1:
 609 00a2 756E7369 		.ascii	"unsigned char\000"
 609      676E6564 
 609      20636861 
 609      7200
 610              	.LASF5:
 611 00b0 6C6F6E67 		.ascii	"long unsigned int\000"
 611      20756E73 
 611      69676E65 
 611      6420696E 
 611      7400
 612              	.LASF31:
 613 00c2 474E5520 		.ascii	"GNU C99 5.4.1 20160609 (release) [ARM/embedded-5-br"
 613      43393920 
 613      352E342E 
 613      31203230 
 613      31363036 
 614 00f5 616E6368 		.ascii	"anch revision 237715] -mcpu=cortex-m3 -mthumb -g -O"
 614      20726576 
 614      6973696F 
 614      6E203233 
 614      37373135 
 615 0128 73202D73 		.ascii	"s -std=gnu99 -ffunction-sections -ffat-lto-objects\000"
 615      74643D67 
 615      6E753939 
 615      202D6666 
 615      756E6374 
ARM GAS  C:\Users\chemi\AppData\Local\Temp\cc2L3V7V.s 			page 15


 616              	.LASF19:
 617 015b 61646472 		.ascii	"addr\000"
 617      00
 618              	.LASF29:
 619 0160 55534255 		.ascii	"USBUART_1_interfaceClass\000"
 619      4152545F 
 619      315F696E 
 619      74657266 
 619      61636543 
 620              	.LASF27:
 621 0179 696E7465 		.ascii	"interfaceNumber\000"
 621      72666163 
 621      654E756D 
 621      62657200 
 622              	.LASF12:
 623 0189 646F7562 		.ascii	"double\000"
 623      6C6500
 624              	.LASF15:
 625 0190 61747472 		.ascii	"attrib\000"
 625      696200
 626              	.LASF21:
 627 0197 62756666 		.ascii	"buffOffset\000"
 627      4F666673 
 627      657400
 628              	.LASF10:
 629 01a2 75696E74 		.ascii	"uint16\000"
 629      313600
 630              	.LASF16:
 631 01a9 61706945 		.ascii	"apiEpState\000"
 631      70537461 
 631      746500
 632              	.LASF26:
 633 01b4 55534255 		.ascii	"USBUART_1_ep0_data_struct\000"
 633      4152545F 
 633      315F6570 
 633      305F6461 
 633      74615F73 
 634              	.LASF8:
 635 01ce 756E7369 		.ascii	"unsigned int\000"
 635      676E6564 
 635      20696E74 
 635      00
 636              	.LASF7:
 637 01db 6C6F6E67 		.ascii	"long long unsigned int\000"
 637      206C6F6E 
 637      6720756E 
 637      7369676E 
 637      65642069 
 638              	.LASF17:
 639 01f2 68774570 		.ascii	"hwEpState\000"
 639      53746174 
 639      6500
 640              	.LASF28:
 641 01fc 72657175 		.ascii	"requestHandled\000"
 641      65737448 
 641      616E646C 
 641      656400
ARM GAS  C:\Users\chemi\AppData\Local\Temp\cc2L3V7V.s 			page 16


 642              	.LASF14:
 643 020b 73697A65 		.ascii	"sizetype\000"
 643      74797065 
 643      00
 644              	.LASF20:
 645 0214 65704D6F 		.ascii	"epMode\000"
 645      646500
 646              	.LASF6:
 647 021b 6C6F6E67 		.ascii	"long long int\000"
 647      206C6F6E 
 647      6720696E 
 647      7400
 648              	.LASF24:
 649 0229 545F5553 		.ascii	"T_USBUART_1_EP_CTL_BLOCK\000"
 649      42554152 
 649      545F315F 
 649      45505F43 
 649      544C5F42 
 650              	.LASF13:
 651 0242 63686172 		.ascii	"char\000"
 651      00
 652              	.LASF22:
 653 0247 62756666 		.ascii	"bufferSize\000"
 653      65725369 
 653      7A6500
 654              	.LASF2:
 655 0252 73686F72 		.ascii	"short int\000"
 655      7420696E 
 655      7400
 656              	.LASF9:
 657 025c 75696E74 		.ascii	"uint8\000"
 657      3800
 658              	.LASF33:
 659 0262 433A5C55 		.ascii	"C:\\Users\\chemi\\UD3_QCW\\UD3_QFN.cydsn\000"
 659      73657273 
 659      5C636865 
 659      6D695C55 
 659      44335F51 
 660              	.LASF4:
 661 0287 6C6F6E67 		.ascii	"long int\000"
 661      20696E74 
 661      00
 662              	.LASF0:
 663 0290 7369676E 		.ascii	"signed char\000"
 663      65642063 
 663      68617200 
 664              		.ident	"GCC: (GNU Tools for ARM Embedded Processors) 5.4.1 20160609 (release) [ARM/embedded-5-bran
