ARM GAS  C:\Users\chemi\AppData\Local\Temp\ccq4i6Or.s 			page 1


   1              		.syntax unified
   2              		.cpu cortex-m3
   3              		.fpu softvfp
   4              		.eabi_attribute 20, 1
   5              		.eabi_attribute 21, 1
   6              		.eabi_attribute 23, 3
   7              		.eabi_attribute 24, 1
   8              		.eabi_attribute 25, 1
   9              		.eabi_attribute 26, 1
  10              		.eabi_attribute 30, 4
  11              		.eabi_attribute 34, 1
  12              		.eabi_attribute 18, 4
  13              		.thumb
  14              		.syntax unified
  15              		.file	"VMSDefaults.c"
  16              		.text
  17              	.Ltext0:
  18              		.cfi_sections	.debug_frame
  19              		.global	VMS_DEFAULT_RELEASE
  20              		.global	VMS_DEFAULT_SUSTAIN
  21              		.global	VMS_DEFAULT_ATTAC
  22              		.section	.rodata
  23              		.type	VMS_DEFAULT_RELEASE, %object
  24              		.size	VMS_DEFAULT_RELEASE, 38
  25              	VMS_DEFAULT_RELEASE:
  26 0000 FFFF     		.2byte	-1
  27 0002 00000000 		.space	6
  27      0000
  28 0008 0000     		.space	2
  29 000a 00       		.byte	0
  30 000b 05       		.byte	5
  31 000c 25       		.byte	37
  32 000d 00       		.byte	0
  33 000e 00000000 		.4byte	0
  34 0012 00000000 		.space	12
  34      00000000 
  34      00000000 
  35 001e 01000000 		.4byte	1
  36 0022 00000000 		.space	4
  37              		.type	VMS_DEFAULT_SUSTAIN, %object
  38              		.size	VMS_DEFAULT_SUSTAIN, 38
  39              	VMS_DEFAULT_SUSTAIN:
  40 0026 FFFF     		.2byte	-1
  41 0028 00000000 		.space	6
  41      0000
  42 002e F2FF     		.2byte	-14
  43 0030 01       		.byte	1
  44 0031 05       		.byte	5
  45 0032 25       		.byte	37
  46 0033 00       		.byte	0
  47 0034 40420F00 		.4byte	1000000
  48 0038 00000000 		.space	12
  48      00000000 
  48      00000000 
  49 0044 01000000 		.4byte	1
  50 0048 00000080 		.4byte	-2147483648
  51              		.type	VMS_DEFAULT_ATTAC, %object
ARM GAS  C:\Users\chemi\AppData\Local\Temp\ccq4i6Or.s 			page 2


  52              		.size	VMS_DEFAULT_ATTAC, 38
  53              	VMS_DEFAULT_ATTAC:
  54 004c F1FF     		.2byte	-15
  55 004e FFFF     		.2byte	-1
  56 0050 00000000 		.space	4
  57 0054 F2FF     		.2byte	-14
  58 0056 01       		.byte	1
  59 0057 05       		.byte	5
  60 0058 25       		.byte	37
  61 0059 00       		.byte	0
  62 005a 40420F00 		.4byte	1000000
  63 005e 00000000 		.space	12
  63      00000000 
  63      00000000 
  64 006a 01000000 		.4byte	1
  65 006e 00000000 		.space	4
  66              		.text
  67              	.Letext0:
  68              		.file 1 "c:\\program files (x86)\\cypress\\psoc creator\\4.4\\psoc creator\\import\\gnu\\arm\\5.4.
  69              		.file 2 "c:\\program files (x86)\\cypress\\psoc creator\\4.4\\psoc creator\\import\\gnu\\arm\\5.4.
  70              		.file 3 "..\\common\\vms\\VMS.h"
  71              		.file 4 "..\\common\\vms\\VMSDefaults.c"
  72              		.section	.debug_info,"",%progbits
  73              	.Ldebug_info0:
  74 0000 11030000 		.4byte	0x311
  75 0004 0400     		.2byte	0x4
  76 0006 00000000 		.4byte	.Ldebug_abbrev0
  77 000a 04       		.byte	0x4
  78 000b 01       		.uleb128 0x1
  79 000c 9F000000 		.4byte	.LASF85
  80 0010 0C       		.byte	0xc
  81 0011 8B010000 		.4byte	.LASF86
  82 0015 BB010000 		.4byte	.LASF87
  83 0019 00000000 		.4byte	.Ldebug_line0
  84 001d 02       		.uleb128 0x2
  85 001e 01       		.byte	0x1
  86 001f 06       		.byte	0x6
  87 0020 63020000 		.4byte	.LASF0
  88 0024 02       		.uleb128 0x2
  89 0025 01       		.byte	0x1
  90 0026 08       		.byte	0x8
  91 0027 49020000 		.4byte	.LASF1
  92 002b 02       		.uleb128 0x2
  93 002c 02       		.byte	0x2
  94 002d 05       		.byte	0x5
  95 002e 56000000 		.4byte	.LASF2
  96 0032 03       		.uleb128 0x3
  97 0033 57010000 		.4byte	.LASF4
  98 0037 01       		.byte	0x1
  99 0038 2B       		.byte	0x2b
 100 0039 3D000000 		.4byte	0x3d
 101 003d 02       		.uleb128 0x2
 102 003e 02       		.byte	0x2
 103 003f 07       		.byte	0x7
 104 0040 E1020000 		.4byte	.LASF3
 105 0044 03       		.uleb128 0x3
 106 0045 AB030000 		.4byte	.LASF5
ARM GAS  C:\Users\chemi\AppData\Local\Temp\ccq4i6Or.s 			page 3


 107 0049 01       		.byte	0x1
 108 004a 3F       		.byte	0x3f
 109 004b 4F000000 		.4byte	0x4f
 110 004f 02       		.uleb128 0x2
 111 0050 04       		.byte	0x4
 112 0051 05       		.byte	0x5
 113 0052 F3010000 		.4byte	.LASF6
 114 0056 03       		.uleb128 0x3
 115 0057 94000000 		.4byte	.LASF7
 116 005b 01       		.byte	0x1
 117 005c 41       		.byte	0x41
 118 005d 61000000 		.4byte	0x61
 119 0061 02       		.uleb128 0x2
 120 0062 04       		.byte	0x4
 121 0063 07       		.byte	0x7
 122 0064 4A030000 		.4byte	.LASF8
 123 0068 02       		.uleb128 0x2
 124 0069 08       		.byte	0x8
 125 006a 05       		.byte	0x5
 126 006b DC010000 		.4byte	.LASF9
 127 006f 02       		.uleb128 0x2
 128 0070 08       		.byte	0x8
 129 0071 07       		.byte	0x7
 130 0072 75020000 		.4byte	.LASF10
 131 0076 04       		.uleb128 0x4
 132 0077 04       		.byte	0x4
 133 0078 05       		.byte	0x5
 134 0079 696E7400 		.ascii	"int\000"
 135 007d 02       		.uleb128 0x2
 136 007e 04       		.byte	0x4
 137 007f 07       		.byte	0x7
 138 0080 95020000 		.4byte	.LASF11
 139 0084 03       		.uleb128 0x3
 140 0085 A2020000 		.4byte	.LASF12
 141 0089 02       		.byte	0x2
 142 008a 24       		.byte	0x24
 143 008b 32000000 		.4byte	0x32
 144 008f 03       		.uleb128 0x3
 145 0090 02030000 		.4byte	.LASF13
 146 0094 02       		.byte	0x2
 147 0095 2C       		.byte	0x2c
 148 0096 44000000 		.4byte	0x44
 149 009a 03       		.uleb128 0x3
 150 009b 8C020000 		.4byte	.LASF14
 151 009f 02       		.byte	0x2
 152 00a0 30       		.byte	0x30
 153 00a1 56000000 		.4byte	0x56
 154 00a5 03       		.uleb128 0x3
 155 00a6 57020000 		.4byte	.LASF15
 156 00aa 03       		.byte	0x3
 157 00ab 08       		.byte	0x8
 158 00ac B0000000 		.4byte	0xb0
 159 00b0 05       		.uleb128 0x5
 160 00b1 38010000 		.4byte	.LASF88
 161 00b5 26       		.byte	0x26
 162 00b6 03       		.byte	0x3
 163 00b7 69       		.byte	0x69
ARM GAS  C:\Users\chemi\AppData\Local\Temp\ccq4i6Or.s 			page 4


 164 00b8 4A010000 		.4byte	0x14a
 165 00bc 06       		.uleb128 0x6
 166 00bd 1A040000 		.4byte	.LASF16
 167 00c1 03       		.byte	0x3
 168 00c2 6B       		.byte	0x6b
 169 00c3 D1020000 		.4byte	0x2d1
 170 00c7 00       		.byte	0
 171 00c8 06       		.uleb128 0x6
 172 00c9 75000000 		.4byte	.LASF17
 173 00cd 03       		.byte	0x3
 174 00ce 6C       		.byte	0x6c
 175 00cf 84000000 		.4byte	0x84
 176 00d3 08       		.byte	0x8
 177 00d4 07       		.uleb128 0x7
 178 00d5 15030000 		.4byte	.LASF18
 179 00d9 03       		.byte	0x3
 180 00da 6F       		.byte	0x6f
 181 00db BA020000 		.4byte	0x2ba
 182 00df 01       		.byte	0x1
 183 00e0 08       		.byte	0x8
 184 00e1 00       		.byte	0
 185 00e2 0A       		.byte	0xa
 186 00e3 07       		.uleb128 0x7
 187 00e4 FD020000 		.4byte	.LASF19
 188 00e8 03       		.byte	0x3
 189 00e9 70       		.byte	0x70
 190 00ea 7B010000 		.4byte	0x17b
 191 00ee 01       		.byte	0x1
 192 00ef 08       		.byte	0x8
 193 00f0 00       		.byte	0
 194 00f1 0B       		.byte	0xb
 195 00f2 07       		.uleb128 0x7
 196 00f3 41000000 		.4byte	.LASF20
 197 00f7 03       		.byte	0x3
 198 00f8 71       		.byte	0x71
 199 00f9 96020000 		.4byte	0x296
 200 00fd 02       		.byte	0x2
 201 00fe 10       		.byte	0x10
 202 00ff 00       		.byte	0
 203 0100 0C       		.byte	0xc
 204 0101 06       		.uleb128 0x6
 205 0102 69010000 		.4byte	.LASF21
 206 0106 03       		.byte	0x3
 207 0107 73       		.byte	0x73
 208 0108 8F000000 		.4byte	0x8f
 209 010c 0E       		.byte	0xe
 210 010d 06       		.uleb128 0x6
 211 010e 50010000 		.4byte	.LASF22
 212 0112 03       		.byte	0x3
 213 0113 74       		.byte	0x74
 214 0114 8F000000 		.4byte	0x8f
 215 0118 12       		.byte	0x12
 216 0119 06       		.uleb128 0x6
 217 011a B7020000 		.4byte	.LASF23
 218 011e 03       		.byte	0x3
 219 011f 75       		.byte	0x75
 220 0120 8F000000 		.4byte	0x8f
ARM GAS  C:\Users\chemi\AppData\Local\Temp\ccq4i6Or.s 			page 5


 221 0124 16       		.byte	0x16
 222 0125 06       		.uleb128 0x6
 223 0126 62010000 		.4byte	.LASF24
 224 012a 03       		.byte	0x3
 225 012b 76       		.byte	0x76
 226 012c 8F000000 		.4byte	0x8f
 227 0130 1A       		.byte	0x1a
 228 0131 06       		.uleb128 0x6
 229 0132 26030000 		.4byte	.LASF25
 230 0136 03       		.byte	0x3
 231 0137 78       		.byte	0x78
 232 0138 9A000000 		.4byte	0x9a
 233 013c 1E       		.byte	0x1e
 234 013d 06       		.uleb128 0x6
 235 013e 6F020000 		.4byte	.LASF26
 236 0142 03       		.byte	0x3
 237 0143 79       		.byte	0x79
 238 0144 9A000000 		.4byte	0x9a
 239 0148 22       		.byte	0x22
 240 0149 00       		.byte	0
 241 014a 08       		.uleb128 0x8
 242 014b 01       		.byte	0x1
 243 014c 24000000 		.4byte	0x24
 244 0150 03       		.byte	0x3
 245 0151 0C       		.byte	0xc
 246 0152 7B010000 		.4byte	0x17b
 247 0156 09       		.uleb128 0x9
 248 0157 24020000 		.4byte	.LASF27
 249 015b 00       		.byte	0
 250 015c 09       		.uleb128 0x9
 251 015d 1E030000 		.4byte	.LASF28
 252 0161 01       		.byte	0x1
 253 0162 09       		.uleb128 0x9
 254 0163 7E000000 		.4byte	.LASF29
 255 0167 02       		.byte	0x2
 256 0168 09       		.uleb128 0x9
 257 0169 D1030000 		.4byte	.LASF30
 258 016d 03       		.byte	0x3
 259 016e 09       		.uleb128 0x9
 260 016f 13000000 		.4byte	.LASF31
 261 0173 04       		.byte	0x4
 262 0174 09       		.uleb128 0x9
 263 0175 25040000 		.4byte	.LASF32
 264 0179 05       		.byte	0x5
 265 017a 00       		.byte	0
 266 017b 03       		.uleb128 0x3
 267 017c AB020000 		.4byte	.LASF33
 268 0180 03       		.byte	0x3
 269 0181 0C       		.byte	0xc
 270 0182 4A010000 		.4byte	0x14a
 271 0186 08       		.uleb128 0x8
 272 0187 02       		.byte	0x2
 273 0188 3D000000 		.4byte	0x3d
 274 018c 03       		.byte	0x3
 275 018d 0D       		.byte	0xd
 276 018e 96020000 		.4byte	0x296
 277 0192 09       		.uleb128 0x9
ARM GAS  C:\Users\chemi\AppData\Local\Temp\ccq4i6Or.s 			page 6


 278 0193 8A000000 		.4byte	.LASF34
 279 0197 00       		.byte	0
 280 0198 09       		.uleb128 0x9
 281 0199 10040000 		.4byte	.LASF35
 282 019d 01       		.byte	0x1
 283 019e 09       		.uleb128 0x9
 284 019f 5C030000 		.4byte	.LASF36
 285 01a3 02       		.byte	0x2
 286 01a4 09       		.uleb128 0x9
 287 01a5 2F030000 		.4byte	.LASF37
 288 01a9 03       		.byte	0x3
 289 01aa 09       		.uleb128 0x9
 290 01ab 76010000 		.4byte	.LASF38
 291 01af 04       		.byte	0x4
 292 01b0 09       		.uleb128 0x9
 293 01b1 F4020000 		.4byte	.LASF39
 294 01b5 05       		.byte	0x5
 295 01b6 09       		.uleb128 0x9
 296 01b7 D9030000 		.4byte	.LASF40
 297 01bb 06       		.byte	0x6
 298 01bc 09       		.uleb128 0x9
 299 01bd 7F010000 		.4byte	.LASF41
 300 01c1 07       		.byte	0x7
 301 01c2 09       		.uleb128 0x9
 302 01c3 7D030000 		.4byte	.LASF42
 303 01c7 08       		.byte	0x8
 304 01c8 09       		.uleb128 0x9
 305 01c9 0A030000 		.4byte	.LASF43
 306 01cd 09       		.byte	0x9
 307 01ce 09       		.uleb128 0x9
 308 01cf E3030000 		.4byte	.LASF44
 309 01d3 0A       		.byte	0xa
 310 01d4 09       		.uleb128 0x9
 311 01d5 E9030000 		.4byte	.LASF45
 312 01d9 0B       		.byte	0xb
 313 01da 09       		.uleb128 0x9
 314 01db 0C020000 		.4byte	.LASF46
 315 01df 0C       		.byte	0xc
 316 01e0 09       		.uleb128 0x9
 317 01e1 12020000 		.4byte	.LASF47
 318 01e5 0D       		.byte	0xd
 319 01e6 09       		.uleb128 0x9
 320 01e7 18020000 		.4byte	.LASF48
 321 01eb 0E       		.byte	0xe
 322 01ec 09       		.uleb128 0x9
 323 01ed 1E020000 		.4byte	.LASF49
 324 01f1 0F       		.byte	0xf
 325 01f2 09       		.uleb128 0x9
 326 01f3 96030000 		.4byte	.LASF50
 327 01f7 10       		.byte	0x10
 328 01f8 09       		.uleb128 0x9
 329 01f9 9D030000 		.4byte	.LASF51
 330 01fd 11       		.byte	0x11
 331 01fe 09       		.uleb128 0x9
 332 01ff A4030000 		.4byte	.LASF52
 333 0203 12       		.byte	0x12
 334 0204 09       		.uleb128 0x9
ARM GAS  C:\Users\chemi\AppData\Local\Temp\ccq4i6Or.s 			page 7


 335 0205 42020000 		.4byte	.LASF53
 336 0209 13       		.byte	0x13
 337 020a 09       		.uleb128 0x9
 338 020b B5030000 		.4byte	.LASF54
 339 020f 14       		.byte	0x14
 340 0210 09       		.uleb128 0x9
 341 0211 BC030000 		.4byte	.LASF55
 342 0215 15       		.byte	0x15
 343 0216 09       		.uleb128 0x9
 344 0217 C3030000 		.4byte	.LASF56
 345 021b 16       		.byte	0x16
 346 021c 09       		.uleb128 0x9
 347 021d CA030000 		.4byte	.LASF57
 348 0221 17       		.byte	0x17
 349 0222 09       		.uleb128 0x9
 350 0223 2C000000 		.4byte	.LASF58
 351 0227 18       		.byte	0x18
 352 0228 09       		.uleb128 0x9
 353 0229 33000000 		.4byte	.LASF59
 354 022d 19       		.byte	0x19
 355 022e 09       		.uleb128 0x9
 356 022f 3A000000 		.4byte	.LASF60
 357 0233 1A       		.byte	0x1a
 358 0234 09       		.uleb128 0x9
 359 0235 35040000 		.4byte	.LASF61
 360 0239 1B       		.byte	0x1b
 361 023a 09       		.uleb128 0x9
 362 023b 48000000 		.4byte	.LASF62
 363 023f 1C       		.byte	0x1c
 364 0240 09       		.uleb128 0x9
 365 0241 4F000000 		.4byte	.LASF63
 366 0245 1D       		.byte	0x1d
 367 0246 09       		.uleb128 0x9
 368 0247 00000000 		.4byte	.LASF64
 369 024b 1E       		.byte	0x1e
 370 024c 09       		.uleb128 0x9
 371 024d 60000000 		.4byte	.LASF65
 372 0251 1F       		.byte	0x1f
 373 0252 09       		.uleb128 0x9
 374 0253 67000000 		.4byte	.LASF66
 375 0257 20       		.byte	0x20
 376 0258 09       		.uleb128 0x9
 377 0259 6E000000 		.4byte	.LASF67
 378 025d 21       		.byte	0x21
 379 025e 09       		.uleb128 0x9
 380 025f 39030000 		.4byte	.LASF68
 381 0263 22       		.byte	0x22
 382 0264 09       		.uleb128 0x9
 383 0265 1B000000 		.4byte	.LASF69
 384 0269 23       		.byte	0x23
 385 026a 09       		.uleb128 0x9
 386 026b 30020000 		.4byte	.LASF70
 387 026f 24       		.byte	0x24
 388 0270 09       		.uleb128 0x9
 389 0271 05020000 		.4byte	.LASF71
 390 0275 25       		.byte	0x25
 391 0276 09       		.uleb128 0x9
ARM GAS  C:\Users\chemi\AppData\Local\Temp\ccq4i6Or.s 			page 8


 392 0277 88030000 		.4byte	.LASF72
 393 027b 26       		.byte	0x26
 394 027c 09       		.uleb128 0x9
 395 027d EF030000 		.4byte	.LASF73
 396 0281 27       		.byte	0x27
 397 0282 09       		.uleb128 0x9
 398 0283 70030000 		.4byte	.LASF74
 399 0287 28       		.byte	0x28
 400 0288 09       		.uleb128 0x9
 401 0289 63030000 		.4byte	.LASF75
 402 028d 29       		.byte	0x29
 403 028e 0A       		.uleb128 0xa
 404 028f 07000000 		.4byte	.LASF76
 405 0293 FFFF     		.2byte	0xffff
 406 0295 00       		.byte	0
 407 0296 03       		.uleb128 0x3
 408 0297 44010000 		.4byte	.LASF77
 409 029b 03       		.byte	0x3
 410 029c 0D       		.byte	0xd
 411 029d 86010000 		.4byte	0x186
 412 02a1 08       		.uleb128 0x8
 413 02a2 01       		.byte	0x1
 414 02a3 24000000 		.4byte	0x24
 415 02a7 03       		.byte	0x3
 416 02a8 0F       		.byte	0xf
 417 02a9 BA020000 		.4byte	0x2ba
 418 02ad 09       		.uleb128 0x9
 419 02ae EA010000 		.4byte	.LASF78
 420 02b2 00       		.byte	0
 421 02b3 09       		.uleb128 0x9
 422 02b4 2E040000 		.4byte	.LASF79
 423 02b8 01       		.byte	0x1
 424 02b9 00       		.byte	0
 425 02ba 03       		.uleb128 0x3
 426 02bb D0020000 		.4byte	.LASF80
 427 02bf 03       		.byte	0x3
 428 02c0 0F       		.byte	0xf
 429 02c1 A1020000 		.4byte	0x2a1
 430 02c5 02       		.uleb128 0x2
 431 02c6 04       		.byte	0x4
 432 02c7 07       		.byte	0x7
 433 02c8 FC010000 		.4byte	.LASF81
 434 02cc 0B       		.uleb128 0xb
 435 02cd A5000000 		.4byte	0xa5
 436 02d1 0C       		.uleb128 0xc
 437 02d2 84000000 		.4byte	0x84
 438 02d6 E1020000 		.4byte	0x2e1
 439 02da 0D       		.uleb128 0xd
 440 02db C5020000 		.4byte	0x2c5
 441 02df 03       		.byte	0x3
 442 02e0 00       		.byte	0
 443 02e1 0E       		.uleb128 0xe
 444 02e2 BE020000 		.4byte	.LASF82
 445 02e6 04       		.byte	0x4
 446 02e7 03       		.byte	0x3
 447 02e8 CC020000 		.4byte	0x2cc
 448 02ec 05       		.uleb128 0x5
ARM GAS  C:\Users\chemi\AppData\Local\Temp\ccq4i6Or.s 			page 9


 449 02ed 03       		.byte	0x3
 450 02ee 00000000 		.4byte	VMS_DEFAULT_ATTAC
 451 02f2 0E       		.uleb128 0xe
 452 02f3 FC030000 		.4byte	.LASF83
 453 02f7 04       		.byte	0x4
 454 02f8 0F       		.byte	0xf
 455 02f9 CC020000 		.4byte	0x2cc
 456 02fd 05       		.uleb128 0x5
 457 02fe 03       		.byte	0x3
 458 02ff 00000000 		.4byte	VMS_DEFAULT_SUSTAIN
 459 0303 0E       		.uleb128 0xe
 460 0304 A7010000 		.4byte	.LASF84
 461 0308 04       		.byte	0x4
 462 0309 1B       		.byte	0x1b
 463 030a CC020000 		.4byte	0x2cc
 464 030e 05       		.uleb128 0x5
 465 030f 03       		.byte	0x3
 466 0310 00000000 		.4byte	VMS_DEFAULT_RELEASE
 467 0314 00       		.byte	0
 468              		.section	.debug_abbrev,"",%progbits
 469              	.Ldebug_abbrev0:
 470 0000 01       		.uleb128 0x1
 471 0001 11       		.uleb128 0x11
 472 0002 01       		.byte	0x1
 473 0003 25       		.uleb128 0x25
 474 0004 0E       		.uleb128 0xe
 475 0005 13       		.uleb128 0x13
 476 0006 0B       		.uleb128 0xb
 477 0007 03       		.uleb128 0x3
 478 0008 0E       		.uleb128 0xe
 479 0009 1B       		.uleb128 0x1b
 480 000a 0E       		.uleb128 0xe
 481 000b 10       		.uleb128 0x10
 482 000c 17       		.uleb128 0x17
 483 000d 00       		.byte	0
 484 000e 00       		.byte	0
 485 000f 02       		.uleb128 0x2
 486 0010 24       		.uleb128 0x24
 487 0011 00       		.byte	0
 488 0012 0B       		.uleb128 0xb
 489 0013 0B       		.uleb128 0xb
 490 0014 3E       		.uleb128 0x3e
 491 0015 0B       		.uleb128 0xb
 492 0016 03       		.uleb128 0x3
 493 0017 0E       		.uleb128 0xe
 494 0018 00       		.byte	0
 495 0019 00       		.byte	0
 496 001a 03       		.uleb128 0x3
 497 001b 16       		.uleb128 0x16
 498 001c 00       		.byte	0
 499 001d 03       		.uleb128 0x3
 500 001e 0E       		.uleb128 0xe
 501 001f 3A       		.uleb128 0x3a
 502 0020 0B       		.uleb128 0xb
 503 0021 3B       		.uleb128 0x3b
 504 0022 0B       		.uleb128 0xb
 505 0023 49       		.uleb128 0x49
ARM GAS  C:\Users\chemi\AppData\Local\Temp\ccq4i6Or.s 			page 10


 506 0024 13       		.uleb128 0x13
 507 0025 00       		.byte	0
 508 0026 00       		.byte	0
 509 0027 04       		.uleb128 0x4
 510 0028 24       		.uleb128 0x24
 511 0029 00       		.byte	0
 512 002a 0B       		.uleb128 0xb
 513 002b 0B       		.uleb128 0xb
 514 002c 3E       		.uleb128 0x3e
 515 002d 0B       		.uleb128 0xb
 516 002e 03       		.uleb128 0x3
 517 002f 08       		.uleb128 0x8
 518 0030 00       		.byte	0
 519 0031 00       		.byte	0
 520 0032 05       		.uleb128 0x5
 521 0033 13       		.uleb128 0x13
 522 0034 01       		.byte	0x1
 523 0035 03       		.uleb128 0x3
 524 0036 0E       		.uleb128 0xe
 525 0037 0B       		.uleb128 0xb
 526 0038 0B       		.uleb128 0xb
 527 0039 3A       		.uleb128 0x3a
 528 003a 0B       		.uleb128 0xb
 529 003b 3B       		.uleb128 0x3b
 530 003c 0B       		.uleb128 0xb
 531 003d 01       		.uleb128 0x1
 532 003e 13       		.uleb128 0x13
 533 003f 00       		.byte	0
 534 0040 00       		.byte	0
 535 0041 06       		.uleb128 0x6
 536 0042 0D       		.uleb128 0xd
 537 0043 00       		.byte	0
 538 0044 03       		.uleb128 0x3
 539 0045 0E       		.uleb128 0xe
 540 0046 3A       		.uleb128 0x3a
 541 0047 0B       		.uleb128 0xb
 542 0048 3B       		.uleb128 0x3b
 543 0049 0B       		.uleb128 0xb
 544 004a 49       		.uleb128 0x49
 545 004b 13       		.uleb128 0x13
 546 004c 38       		.uleb128 0x38
 547 004d 0B       		.uleb128 0xb
 548 004e 00       		.byte	0
 549 004f 00       		.byte	0
 550 0050 07       		.uleb128 0x7
 551 0051 0D       		.uleb128 0xd
 552 0052 00       		.byte	0
 553 0053 03       		.uleb128 0x3
 554 0054 0E       		.uleb128 0xe
 555 0055 3A       		.uleb128 0x3a
 556 0056 0B       		.uleb128 0xb
 557 0057 3B       		.uleb128 0x3b
 558 0058 0B       		.uleb128 0xb
 559 0059 49       		.uleb128 0x49
 560 005a 13       		.uleb128 0x13
 561 005b 0B       		.uleb128 0xb
 562 005c 0B       		.uleb128 0xb
ARM GAS  C:\Users\chemi\AppData\Local\Temp\ccq4i6Or.s 			page 11


 563 005d 0D       		.uleb128 0xd
 564 005e 0B       		.uleb128 0xb
 565 005f 0C       		.uleb128 0xc
 566 0060 0B       		.uleb128 0xb
 567 0061 38       		.uleb128 0x38
 568 0062 0B       		.uleb128 0xb
 569 0063 00       		.byte	0
 570 0064 00       		.byte	0
 571 0065 08       		.uleb128 0x8
 572 0066 04       		.uleb128 0x4
 573 0067 01       		.byte	0x1
 574 0068 0B       		.uleb128 0xb
 575 0069 0B       		.uleb128 0xb
 576 006a 49       		.uleb128 0x49
 577 006b 13       		.uleb128 0x13
 578 006c 3A       		.uleb128 0x3a
 579 006d 0B       		.uleb128 0xb
 580 006e 3B       		.uleb128 0x3b
 581 006f 0B       		.uleb128 0xb
 582 0070 01       		.uleb128 0x1
 583 0071 13       		.uleb128 0x13
 584 0072 00       		.byte	0
 585 0073 00       		.byte	0
 586 0074 09       		.uleb128 0x9
 587 0075 28       		.uleb128 0x28
 588 0076 00       		.byte	0
 589 0077 03       		.uleb128 0x3
 590 0078 0E       		.uleb128 0xe
 591 0079 1C       		.uleb128 0x1c
 592 007a 0B       		.uleb128 0xb
 593 007b 00       		.byte	0
 594 007c 00       		.byte	0
 595 007d 0A       		.uleb128 0xa
 596 007e 28       		.uleb128 0x28
 597 007f 00       		.byte	0
 598 0080 03       		.uleb128 0x3
 599 0081 0E       		.uleb128 0xe
 600 0082 1C       		.uleb128 0x1c
 601 0083 05       		.uleb128 0x5
 602 0084 00       		.byte	0
 603 0085 00       		.byte	0
 604 0086 0B       		.uleb128 0xb
 605 0087 26       		.uleb128 0x26
 606 0088 00       		.byte	0
 607 0089 49       		.uleb128 0x49
 608 008a 13       		.uleb128 0x13
 609 008b 00       		.byte	0
 610 008c 00       		.byte	0
 611 008d 0C       		.uleb128 0xc
 612 008e 01       		.uleb128 0x1
 613 008f 01       		.byte	0x1
 614 0090 49       		.uleb128 0x49
 615 0091 13       		.uleb128 0x13
 616 0092 01       		.uleb128 0x1
 617 0093 13       		.uleb128 0x13
 618 0094 00       		.byte	0
 619 0095 00       		.byte	0
ARM GAS  C:\Users\chemi\AppData\Local\Temp\ccq4i6Or.s 			page 12


 620 0096 0D       		.uleb128 0xd
 621 0097 21       		.uleb128 0x21
 622 0098 00       		.byte	0
 623 0099 49       		.uleb128 0x49
 624 009a 13       		.uleb128 0x13
 625 009b 2F       		.uleb128 0x2f
 626 009c 0B       		.uleb128 0xb
 627 009d 00       		.byte	0
 628 009e 00       		.byte	0
 629 009f 0E       		.uleb128 0xe
 630 00a0 34       		.uleb128 0x34
 631 00a1 00       		.byte	0
 632 00a2 03       		.uleb128 0x3
 633 00a3 0E       		.uleb128 0xe
 634 00a4 3A       		.uleb128 0x3a
 635 00a5 0B       		.uleb128 0xb
 636 00a6 3B       		.uleb128 0x3b
 637 00a7 0B       		.uleb128 0xb
 638 00a8 49       		.uleb128 0x49
 639 00a9 13       		.uleb128 0x13
 640 00aa 3F       		.uleb128 0x3f
 641 00ab 19       		.uleb128 0x19
 642 00ac 02       		.uleb128 0x2
 643 00ad 18       		.uleb128 0x18
 644 00ae 00       		.byte	0
 645 00af 00       		.byte	0
 646 00b0 00       		.byte	0
 647              		.section	.debug_aranges,"",%progbits
 648 0000 14000000 		.4byte	0x14
 649 0004 0200     		.2byte	0x2
 650 0006 00000000 		.4byte	.Ldebug_info0
 651 000a 04       		.byte	0x4
 652 000b 00       		.byte	0
 653 000c 0000     		.2byte	0
 654 000e 0000     		.2byte	0
 655 0010 00000000 		.4byte	0
 656 0014 00000000 		.4byte	0
 657              		.section	.debug_line,"",%progbits
 658              	.Ldebug_line0:
 659 0000 3E010000 		.section	.debug_str,"MS",%progbits,1
 659      02003801 
 659      00000201 
 659      FB0E0D00 
 659      01010101 
 660              	.LASF64:
 661 0000 43435F31 		.ascii	"CC_116\000"
 661      313600
 662              	.LASF76:
 663 0007 414E4E4F 		.ascii	"ANNOYINGPAD\000"
 663      59494E47 
 663      50414400 
 664              	.LASF31:
 665 0013 564D535F 		.ascii	"VMS_SIN\000"
 665      53494E00 
 666              	.LASF69:
 667 001b 48797065 		.ascii	"HyperVoice_Phase\000"
 667      72566F69 
ARM GAS  C:\Users\chemi\AppData\Local\Temp\ccq4i6Or.s 			page 13


 667      63655F50 
 667      68617365 
 667      00
 668              	.LASF58:
 669 002c 43435F31 		.ascii	"CC_110\000"
 669      313000
 670              	.LASF59:
 671 0033 43435F31 		.ascii	"CC_111\000"
 671      313100
 672              	.LASF60:
 673 003a 43435F31 		.ascii	"CC_112\000"
 673      313200
 674              	.LASF20:
 675 0041 74617267 		.ascii	"target\000"
 675      657400
 676              	.LASF62:
 677 0048 43435F31 		.ascii	"CC_114\000"
 677      313400
 678              	.LASF63:
 679 004f 43435F31 		.ascii	"CC_115\000"
 679      313500
 680              	.LASF2:
 681 0056 73686F72 		.ascii	"short int\000"
 681      7420696E 
 681      7400
 682              	.LASF65:
 683 0060 43435F31 		.ascii	"CC_117\000"
 683      313700
 684              	.LASF66:
 685 0067 43435F31 		.ascii	"CC_118\000"
 685      313800
 686              	.LASF67:
 687 006e 43435F31 		.ascii	"CC_119\000"
 687      313900
 688              	.LASF17:
 689 0075 6F666642 		.ascii	"offBlock\000"
 689      6C6F636B 
 689      00
 690              	.LASF29:
 691 007e 564D535F 		.ascii	"VMS_EXP_INV\000"
 691      4558505F 
 691      494E5600 
 692              	.LASF34:
 693 008a 6D61784F 		.ascii	"maxOnTime\000"
 693      6E54696D 
 693      6500
 694              	.LASF7:
 695 0094 5F5F7569 		.ascii	"__uint32_t\000"
 695      6E743332 
 695      5F7400
 696              	.LASF85:
 697 009f 474E5520 		.ascii	"GNU C99 5.4.1 20160609 (release) [ARM/embedded-5-br"
 697      43393920 
 697      352E342E 
 697      31203230 
 697      31363036 
 698 00d2 616E6368 		.ascii	"anch revision 237715] -mcpu=cortex-m3 -mthumb -g -O"
ARM GAS  C:\Users\chemi\AppData\Local\Temp\ccq4i6Or.s 			page 14


 698      20726576 
 698      6973696F 
 698      6E203233 
 698      37373135 
 699 0105 73202D73 		.ascii	"s -std=gnu99 -ffunction-sections -ffat-lto-objects\000"
 699      74643D67 
 699      6E753939 
 699      202D6666 
 699      756E6374 
 700              	.LASF88:
 701 0138 5F564D53 		.ascii	"_VMS_BLOCK_\000"
 701      5F424C4F 
 701      434B5F00 
 702              	.LASF77:
 703 0144 4B4E4F57 		.ascii	"KNOWN_VALUE\000"
 703      4E5F5641 
 703      4C554500 
 704              	.LASF22:
 705 0150 70617261 		.ascii	"param1\000"
 705      6D3100
 706              	.LASF4:
 707 0157 5F5F7569 		.ascii	"__uint16_t\000"
 707      6E743136 
 707      5F7400
 708              	.LASF24:
 709 0162 70617261 		.ascii	"param3\000"
 709      6D3300
 710              	.LASF21:
 711 0169 74617267 		.ascii	"targetFactor\000"
 711      65744661 
 711      63746F72 
 711      00
 712              	.LASF38:
 713 0176 6F745461 		.ascii	"otTarget\000"
 713      72676574 
 713      00
 714              	.LASF41:
 715 017f 66726571 		.ascii	"freqCurrent\000"
 715      43757272 
 715      656E7400 
 716              	.LASF86:
 717 018b 2E2E5C63 		.ascii	"..\\common\\vms\\VMSDefaults.c\000"
 717      6F6D6D6F 
 717      6E5C766D 
 717      735C564D 
 717      53446566 
 718              	.LASF84:
 719 01a7 564D535F 		.ascii	"VMS_DEFAULT_RELEASE\000"
 719      44454641 
 719      554C545F 
 719      52454C45 
 719      41534500 
 720              	.LASF87:
 721 01bb 433A5C55 		.ascii	"C:\\Users\\chemi\\UD3\\UD3_QFN.cydsn\000"
 721      73657273 
 721      5C636865 
 721      6D695C55 
ARM GAS  C:\Users\chemi\AppData\Local\Temp\ccq4i6Or.s 			page 15


 721      44335C55 
 722              	.LASF9:
 723 01dc 6C6F6E67 		.ascii	"long long int\000"
 723      206C6F6E 
 723      6720696E 
 723      7400
 724              	.LASF78:
 725 01ea 494E5645 		.ascii	"INVERTED\000"
 725      52544544 
 725      00
 726              	.LASF6:
 727 01f3 6C6F6E67 		.ascii	"long int\000"
 727      20696E74 
 727      00
 728              	.LASF81:
 729 01fc 73697A65 		.ascii	"sizetype\000"
 729      74797065 
 729      00
 730              	.LASF71:
 731 0205 766F6C75 		.ascii	"volume\000"
 731      6D6500
 732              	.LASF46:
 733 020c 63697263 		.ascii	"circ1\000"
 733      3100
 734              	.LASF47:
 735 0212 63697263 		.ascii	"circ2\000"
 735      3200
 736              	.LASF48:
 737 0218 63697263 		.ascii	"circ3\000"
 737      3300
 738              	.LASF49:
 739 021e 63697263 		.ascii	"circ4\000"
 739      3400
 740              	.LASF27:
 741 0224 564D535F 		.ascii	"VMS_INVALID\000"
 741      494E5641 
 741      4C494400 
 742              	.LASF70:
 743 0230 48797065 		.ascii	"HyperVoice_Volume\000"
 743      72566F69 
 743      63655F56 
 743      6F6C756D 
 743      6500
 744              	.LASF53:
 745 0242 43435F31 		.ascii	"CC_105\000"
 745      303500
 746              	.LASF1:
 747 0249 756E7369 		.ascii	"unsigned char\000"
 747      676E6564 
 747      20636861 
 747      7200
 748              	.LASF15:
 749 0257 564D535F 		.ascii	"VMS_Block_t\000"
 749      426C6F63 
 749      6B5F7400 
 750              	.LASF0:
 751 0263 7369676E 		.ascii	"signed char\000"
ARM GAS  C:\Users\chemi\AppData\Local\Temp\ccq4i6Or.s 			page 16


 751      65642063 
 751      68617200 
 752              	.LASF26:
 753 026f 666C6167 		.ascii	"flags\000"
 753      7300
 754              	.LASF10:
 755 0275 6C6F6E67 		.ascii	"long long unsigned int\000"
 755      206C6F6E 
 755      6720756E 
 755      7369676E 
 755      65642069 
 756              	.LASF14:
 757 028c 75696E74 		.ascii	"uint32_t\000"
 757      33325F74 
 757      00
 758              	.LASF11:
 759 0295 756E7369 		.ascii	"unsigned int\000"
 759      676E6564 
 759      20696E74 
 759      00
 760              	.LASF12:
 761 02a2 75696E74 		.ascii	"uint16_t\000"
 761      31365F74 
 761      00
 762              	.LASF33:
 763 02ab 564D535F 		.ascii	"VMS_MODTYPE\000"
 763      4D4F4454 
 763      59504500 
 764              	.LASF23:
 765 02b7 70617261 		.ascii	"param2\000"
 765      6D3200
 766              	.LASF82:
 767 02be 564D535F 		.ascii	"VMS_DEFAULT_ATTAC\000"
 767      44454641 
 767      554C545F 
 767      41545441 
 767      4300
 768              	.LASF80:
 769 02d0 4E4F5445 		.ascii	"NOTEOFF_BEHAVIOR\000"
 769      4F46465F 
 769      42454841 
 769      56494F52 
 769      00
 770              	.LASF3:
 771 02e1 73686F72 		.ascii	"short unsigned int\000"
 771      7420756E 
 771      7369676E 
 771      65642069 
 771      6E7400
 772              	.LASF39:
 773 02f4 6F744661 		.ascii	"otFactor\000"
 773      63746F72 
 773      00
 774              	.LASF19:
 775 02fd 74797065 		.ascii	"type\000"
 775      00
 776              	.LASF13:
ARM GAS  C:\Users\chemi\AppData\Local\Temp\ccq4i6Or.s 			page 17


 777 0302 696E7433 		.ascii	"int32_t\000"
 777      325F7400 
 778              	.LASF43:
 779 030a 66726571 		.ascii	"freqFactor\000"
 779      46616374 
 779      6F7200
 780              	.LASF18:
 781 0315 62656861 		.ascii	"behavior\000"
 781      76696F72 
 781      00
 782              	.LASF28:
 783 031e 564D535F 		.ascii	"VMS_EXP\000"
 783      45585000 
 784              	.LASF25:
 785 0326 70657269 		.ascii	"periodMs\000"
 785      6F644D73 
 785      00
 786              	.LASF37:
 787 032f 6F744375 		.ascii	"otCurrent\000"
 787      7272656E 
 787      7400
 788              	.LASF68:
 789 0339 48797065 		.ascii	"HyperVoice_Count\000"
 789      72566F69 
 789      63655F43 
 789      6F756E74 
 789      00
 790              	.LASF8:
 791 034a 6C6F6E67 		.ascii	"long unsigned int\000"
 791      20756E73 
 791      69676E65 
 791      6420696E 
 791      7400
 792              	.LASF36:
 793 035c 6F6E5469 		.ascii	"onTime\000"
 793      6D6500
 794              	.LASF75:
 795 0363 4B4E4F57 		.ascii	"KNOWNVAL_MAX\000"
 795      4E56414C 
 795      5F4D4158 
 795      00
 796              	.LASF74:
 797 0370 766F6C75 		.ascii	"volumeFactor\000"
 797      6D654661 
 797      63746F72 
 797      00
 798              	.LASF42:
 799 037d 66726571 		.ascii	"freqTarget\000"
 799      54617267 
 799      657400
 800              	.LASF72:
 801 0388 766F6C75 		.ascii	"volumeCurrent\000"
 801      6D654375 
 801      7272656E 
 801      7400
 802              	.LASF50:
 803 0396 43435F31 		.ascii	"CC_102\000"
ARM GAS  C:\Users\chemi\AppData\Local\Temp\ccq4i6Or.s 			page 18


 803      303200
 804              	.LASF51:
 805 039d 43435F31 		.ascii	"CC_103\000"
 805      303300
 806              	.LASF52:
 807 03a4 43435F31 		.ascii	"CC_104\000"
 807      303400
 808              	.LASF5:
 809 03ab 5F5F696E 		.ascii	"__int32_t\000"
 809      7433325F 
 809      7400
 810              	.LASF54:
 811 03b5 43435F31 		.ascii	"CC_106\000"
 811      303600
 812              	.LASF55:
 813 03bc 43435F31 		.ascii	"CC_107\000"
 813      303700
 814              	.LASF56:
 815 03c3 43435F31 		.ascii	"CC_108\000"
 815      303800
 816              	.LASF57:
 817 03ca 43435F31 		.ascii	"CC_109\000"
 817      303900
 818              	.LASF30:
 819 03d1 564D535F 		.ascii	"VMS_LIN\000"
 819      4C494E00 
 820              	.LASF40:
 821 03d9 66726571 		.ascii	"frequency\000"
 821      75656E63 
 821      7900
 822              	.LASF44:
 823 03e3 6E6F6973 		.ascii	"noise\000"
 823      6500
 824              	.LASF45:
 825 03e9 7054696D 		.ascii	"pTime\000"
 825      6500
 826              	.LASF73:
 827 03ef 766F6C75 		.ascii	"volumeTarget\000"
 827      6D655461 
 827      72676574 
 827      00
 828              	.LASF83:
 829 03fc 564D535F 		.ascii	"VMS_DEFAULT_SUSTAIN\000"
 829      44454641 
 829      554C545F 
 829      53555354 
 829      41494E00 
 830              	.LASF35:
 831 0410 6D696E4F 		.ascii	"minOnTime\000"
 831      6E54696D 
 831      6500
 832              	.LASF16:
 833 041a 6E657874 		.ascii	"nextBlocks\000"
 833      426C6F63 
 833      6B7300
 834              	.LASF32:
 835 0425 564D535F 		.ascii	"VMS_JUMP\000"
ARM GAS  C:\Users\chemi\AppData\Local\Temp\ccq4i6Or.s 			page 19


 835      4A554D50 
 835      00
 836              	.LASF79:
 837 042e 4E4F524D 		.ascii	"NORMAL\000"
 837      414C00
 838              	.LASF61:
 839 0435 43435F31 		.ascii	"CC_113\000"
 839      313300
 840              		.ident	"GCC: (GNU Tools for ARM Embedded Processors) 5.4.1 20160609 (release) [ARM/embedded-5-bran
