ARM GAS  C:\Users\chemi\AppData\Local\Temp\ccXrU3MQ.s 			page 1


   1              		.syntax unified
   2              		.cpu cortex-m3
   3              		.fpu softvfp
   4              		.eabi_attribute 20, 1
   5              		.eabi_attribute 21, 1
   6              		.eabi_attribute 23, 3
   7              		.eabi_attribute 24, 1
   8              		.eabi_attribute 25, 1
   9              		.eabi_attribute 26, 1
  10              		.eabi_attribute 30, 4
  11              		.eabi_attribute 34, 1
  12              		.eabi_attribute 18, 4
  13              		.thumb
  14              		.syntax unified
  15              		.file	"ZCD_compA_PM.c"
  16              		.text
  17              	.Ltext0:
  18              		.cfi_sections	.debug_frame
  19              		.section	.text.ZCD_compA_SaveConfig,"ax",%progbits
  20              		.align	1
  21              		.global	ZCD_compA_SaveConfig
  22              		.thumb
  23              		.thumb_func
  24              		.type	ZCD_compA_SaveConfig, %function
  25              	ZCD_compA_SaveConfig:
  26              	.LFB5:
  27              		.cfi_startproc
  28              		@ args = 0, pretend = 0, frame = 0
  29              		@ frame_needed = 0, uses_anonymous_args = 0
  30              		@ link register save eliminated.
  31 0000 7047     		bx	lr
  32              		.cfi_endproc
  33              	.LFE5:
  34              		.size	ZCD_compA_SaveConfig, .-ZCD_compA_SaveConfig
  35              		.section	.text.ZCD_compA_RestoreConfig,"ax",%progbits
  36              		.align	1
  37              		.global	ZCD_compA_RestoreConfig
  38              		.thumb
  39              		.thumb_func
  40              		.type	ZCD_compA_RestoreConfig, %function
  41              	ZCD_compA_RestoreConfig:
  42              	.LFB1:
  43              		.file 1 "Generated_Source\\PSoC5\\ZCD_compA_PM.c"
   1:Generated_Source\PSoC5/ZCD_compA_PM.c **** /*******************************************************************************
   2:Generated_Source\PSoC5/ZCD_compA_PM.c **** * File Name: ZCD_compA.c
   3:Generated_Source\PSoC5/ZCD_compA_PM.c **** * Version 2.0
   4:Generated_Source\PSoC5/ZCD_compA_PM.c **** *
   5:Generated_Source\PSoC5/ZCD_compA_PM.c **** * Description:
   6:Generated_Source\PSoC5/ZCD_compA_PM.c **** *  This file provides the power management source code APIs for the
   7:Generated_Source\PSoC5/ZCD_compA_PM.c **** *  Comparator.
   8:Generated_Source\PSoC5/ZCD_compA_PM.c **** *
   9:Generated_Source\PSoC5/ZCD_compA_PM.c **** * Note:
  10:Generated_Source\PSoC5/ZCD_compA_PM.c **** *  None
  11:Generated_Source\PSoC5/ZCD_compA_PM.c **** *
  12:Generated_Source\PSoC5/ZCD_compA_PM.c **** ********************************************************************************
  13:Generated_Source\PSoC5/ZCD_compA_PM.c **** * Copyright 2008-2012, Cypress Semiconductor Corporation.  All rights reserved.
  14:Generated_Source\PSoC5/ZCD_compA_PM.c **** * You may use this file only in accordance with the license, terms, conditions, 
ARM GAS  C:\Users\chemi\AppData\Local\Temp\ccXrU3MQ.s 			page 2


  15:Generated_Source\PSoC5/ZCD_compA_PM.c **** * disclaimers, and limitations in the end user license agreement accompanying 
  16:Generated_Source\PSoC5/ZCD_compA_PM.c **** * the software package with which this file was provided.
  17:Generated_Source\PSoC5/ZCD_compA_PM.c **** *******************************************************************************/
  18:Generated_Source\PSoC5/ZCD_compA_PM.c **** 
  19:Generated_Source\PSoC5/ZCD_compA_PM.c **** #include "ZCD_compA.h"
  20:Generated_Source\PSoC5/ZCD_compA_PM.c **** 
  21:Generated_Source\PSoC5/ZCD_compA_PM.c **** static ZCD_compA_backupStruct ZCD_compA_backup;
  22:Generated_Source\PSoC5/ZCD_compA_PM.c **** 
  23:Generated_Source\PSoC5/ZCD_compA_PM.c **** 
  24:Generated_Source\PSoC5/ZCD_compA_PM.c **** /*******************************************************************************
  25:Generated_Source\PSoC5/ZCD_compA_PM.c **** * Function Name: ZCD_compA_SaveConfig
  26:Generated_Source\PSoC5/ZCD_compA_PM.c **** ********************************************************************************
  27:Generated_Source\PSoC5/ZCD_compA_PM.c **** *
  28:Generated_Source\PSoC5/ZCD_compA_PM.c **** * Summary:
  29:Generated_Source\PSoC5/ZCD_compA_PM.c **** *  Save the current user configuration
  30:Generated_Source\PSoC5/ZCD_compA_PM.c **** *
  31:Generated_Source\PSoC5/ZCD_compA_PM.c **** * Parameters:
  32:Generated_Source\PSoC5/ZCD_compA_PM.c **** *  void:
  33:Generated_Source\PSoC5/ZCD_compA_PM.c **** *
  34:Generated_Source\PSoC5/ZCD_compA_PM.c **** * Return:
  35:Generated_Source\PSoC5/ZCD_compA_PM.c **** *  void
  36:Generated_Source\PSoC5/ZCD_compA_PM.c **** *
  37:Generated_Source\PSoC5/ZCD_compA_PM.c **** *******************************************************************************/
  38:Generated_Source\PSoC5/ZCD_compA_PM.c **** void ZCD_compA_SaveConfig(void) 
  39:Generated_Source\PSoC5/ZCD_compA_PM.c **** {
  40:Generated_Source\PSoC5/ZCD_compA_PM.c ****     /* Empty since all are system reset for retention flops */
  41:Generated_Source\PSoC5/ZCD_compA_PM.c **** }
  42:Generated_Source\PSoC5/ZCD_compA_PM.c **** 
  43:Generated_Source\PSoC5/ZCD_compA_PM.c **** 
  44:Generated_Source\PSoC5/ZCD_compA_PM.c **** /*******************************************************************************
  45:Generated_Source\PSoC5/ZCD_compA_PM.c **** * Function Name: ZCD_compA_RestoreConfig
  46:Generated_Source\PSoC5/ZCD_compA_PM.c **** ********************************************************************************
  47:Generated_Source\PSoC5/ZCD_compA_PM.c **** *
  48:Generated_Source\PSoC5/ZCD_compA_PM.c **** * Summary:
  49:Generated_Source\PSoC5/ZCD_compA_PM.c **** *  Restores the current user configuration.
  50:Generated_Source\PSoC5/ZCD_compA_PM.c **** *
  51:Generated_Source\PSoC5/ZCD_compA_PM.c **** * Parameters:
  52:Generated_Source\PSoC5/ZCD_compA_PM.c **** *  void
  53:Generated_Source\PSoC5/ZCD_compA_PM.c **** *
  54:Generated_Source\PSoC5/ZCD_compA_PM.c **** * Return:
  55:Generated_Source\PSoC5/ZCD_compA_PM.c **** *  void
  56:Generated_Source\PSoC5/ZCD_compA_PM.c **** *
  57:Generated_Source\PSoC5/ZCD_compA_PM.c **** ********************************************************************************/
  58:Generated_Source\PSoC5/ZCD_compA_PM.c **** void ZCD_compA_RestoreConfig(void) 
  59:Generated_Source\PSoC5/ZCD_compA_PM.c **** {
  44              		.loc 1 59 0
  45              		.cfi_startproc
  46              		@ args = 0, pretend = 0, frame = 0
  47              		@ frame_needed = 0, uses_anonymous_args = 0
  48              		@ link register save eliminated.
  49 0000 7047     		bx	lr
  50              		.cfi_endproc
  51              	.LFE1:
  52              		.size	ZCD_compA_RestoreConfig, .-ZCD_compA_RestoreConfig
  53              		.section	.text.ZCD_compA_Sleep,"ax",%progbits
  54              		.align	1
  55              		.global	ZCD_compA_Sleep
ARM GAS  C:\Users\chemi\AppData\Local\Temp\ccXrU3MQ.s 			page 3


  56              		.thumb
  57              		.thumb_func
  58              		.type	ZCD_compA_Sleep, %function
  59              	ZCD_compA_Sleep:
  60              	.LFB2:
  60:Generated_Source\PSoC5/ZCD_compA_PM.c ****     /* Empty since all are system reset for retention flops */    
  61:Generated_Source\PSoC5/ZCD_compA_PM.c **** }
  62:Generated_Source\PSoC5/ZCD_compA_PM.c **** 
  63:Generated_Source\PSoC5/ZCD_compA_PM.c **** 
  64:Generated_Source\PSoC5/ZCD_compA_PM.c **** /*******************************************************************************
  65:Generated_Source\PSoC5/ZCD_compA_PM.c **** * Function Name: ZCD_compA_Sleep
  66:Generated_Source\PSoC5/ZCD_compA_PM.c **** ********************************************************************************
  67:Generated_Source\PSoC5/ZCD_compA_PM.c **** *
  68:Generated_Source\PSoC5/ZCD_compA_PM.c **** * Summary:
  69:Generated_Source\PSoC5/ZCD_compA_PM.c **** *  Stop and Save the user configuration
  70:Generated_Source\PSoC5/ZCD_compA_PM.c **** *
  71:Generated_Source\PSoC5/ZCD_compA_PM.c **** * Parameters:
  72:Generated_Source\PSoC5/ZCD_compA_PM.c **** *  void:
  73:Generated_Source\PSoC5/ZCD_compA_PM.c **** *
  74:Generated_Source\PSoC5/ZCD_compA_PM.c **** * Return:
  75:Generated_Source\PSoC5/ZCD_compA_PM.c **** *  void
  76:Generated_Source\PSoC5/ZCD_compA_PM.c **** *
  77:Generated_Source\PSoC5/ZCD_compA_PM.c **** * Global variables:
  78:Generated_Source\PSoC5/ZCD_compA_PM.c **** *  ZCD_compA_backup.enableState:  Is modified depending on the enable 
  79:Generated_Source\PSoC5/ZCD_compA_PM.c **** *   state of the block before entering sleep mode.
  80:Generated_Source\PSoC5/ZCD_compA_PM.c **** *
  81:Generated_Source\PSoC5/ZCD_compA_PM.c **** *******************************************************************************/
  82:Generated_Source\PSoC5/ZCD_compA_PM.c **** void ZCD_compA_Sleep(void) 
  83:Generated_Source\PSoC5/ZCD_compA_PM.c **** {
  61              		.loc 1 83 0
  62              		.cfi_startproc
  63              		@ args = 0, pretend = 0, frame = 0
  64              		@ frame_needed = 0, uses_anonymous_args = 0
  65              		@ link register save eliminated.
  84:Generated_Source\PSoC5/ZCD_compA_PM.c ****     /* Save Comp's enable state */    
  85:Generated_Source\PSoC5/ZCD_compA_PM.c ****     if(ZCD_compA_ACT_PWR_EN == (ZCD_compA_PWRMGR & ZCD_compA_ACT_PWR_EN))
  66              		.loc 1 85 0
  67 0000 044B     		ldr	r3, .L6
  68 0002 054A     		ldr	r2, .L6+4
  69 0004 1B78     		ldrb	r3, [r3]	@ zero_extendqisi2
  70 0006 13F00103 		ands	r3, r3, #1
  86:Generated_Source\PSoC5/ZCD_compA_PM.c ****     {
  87:Generated_Source\PSoC5/ZCD_compA_PM.c ****         /* Comp is enabled */
  88:Generated_Source\PSoC5/ZCD_compA_PM.c ****         ZCD_compA_backup.enableState = 1u;
  71              		.loc 1 88 0
  72 000a 18BF     		it	ne
  73 000c 0123     		movne	r3, #1
  89:Generated_Source\PSoC5/ZCD_compA_PM.c ****     }
  90:Generated_Source\PSoC5/ZCD_compA_PM.c ****     else
  91:Generated_Source\PSoC5/ZCD_compA_PM.c ****     {
  92:Generated_Source\PSoC5/ZCD_compA_PM.c ****         /* Comp is disabled */
  93:Generated_Source\PSoC5/ZCD_compA_PM.c ****         ZCD_compA_backup.enableState = 0u;
  74              		.loc 1 93 0
  75 000e 1370     		strb	r3, [r2]
  94:Generated_Source\PSoC5/ZCD_compA_PM.c ****     }    
  95:Generated_Source\PSoC5/ZCD_compA_PM.c ****     
  96:Generated_Source\PSoC5/ZCD_compA_PM.c ****     ZCD_compA_Stop();
ARM GAS  C:\Users\chemi\AppData\Local\Temp\ccXrU3MQ.s 			page 4


  76              		.loc 1 96 0
  77 0010 FFF7FEBF 		b	ZCD_compA_Stop
  78              	.LVL0:
  79              	.L7:
  80              		.align	2
  81              	.L6:
  82 0014 A7430040 		.word	1073759143
  83 0018 00000000 		.word	.LANCHOR0
  84              		.cfi_endproc
  85              	.LFE2:
  86              		.size	ZCD_compA_Sleep, .-ZCD_compA_Sleep
  87              		.section	.text.ZCD_compA_Wakeup,"ax",%progbits
  88              		.align	1
  89              		.global	ZCD_compA_Wakeup
  90              		.thumb
  91              		.thumb_func
  92              		.type	ZCD_compA_Wakeup, %function
  93              	ZCD_compA_Wakeup:
  94              	.LFB3:
  97:Generated_Source\PSoC5/ZCD_compA_PM.c ****     ZCD_compA_SaveConfig();
  98:Generated_Source\PSoC5/ZCD_compA_PM.c **** }
  99:Generated_Source\PSoC5/ZCD_compA_PM.c **** 
 100:Generated_Source\PSoC5/ZCD_compA_PM.c **** 
 101:Generated_Source\PSoC5/ZCD_compA_PM.c **** /*******************************************************************************
 102:Generated_Source\PSoC5/ZCD_compA_PM.c **** * Function Name: ZCD_compA_Wakeup
 103:Generated_Source\PSoC5/ZCD_compA_PM.c **** ********************************************************************************
 104:Generated_Source\PSoC5/ZCD_compA_PM.c **** *
 105:Generated_Source\PSoC5/ZCD_compA_PM.c **** * Summary:
 106:Generated_Source\PSoC5/ZCD_compA_PM.c **** *  Restores and enables the user configuration
 107:Generated_Source\PSoC5/ZCD_compA_PM.c **** *  
 108:Generated_Source\PSoC5/ZCD_compA_PM.c **** * Parameters:
 109:Generated_Source\PSoC5/ZCD_compA_PM.c **** *  void
 110:Generated_Source\PSoC5/ZCD_compA_PM.c **** *
 111:Generated_Source\PSoC5/ZCD_compA_PM.c **** * Return:
 112:Generated_Source\PSoC5/ZCD_compA_PM.c **** *  void
 113:Generated_Source\PSoC5/ZCD_compA_PM.c **** *
 114:Generated_Source\PSoC5/ZCD_compA_PM.c **** * Global variables:
 115:Generated_Source\PSoC5/ZCD_compA_PM.c **** *  ZCD_compA_backup.enableState:  Is used to restore the enable state of 
 116:Generated_Source\PSoC5/ZCD_compA_PM.c **** *  block on wakeup from sleep mode.
 117:Generated_Source\PSoC5/ZCD_compA_PM.c **** *
 118:Generated_Source\PSoC5/ZCD_compA_PM.c **** *******************************************************************************/
 119:Generated_Source\PSoC5/ZCD_compA_PM.c **** void ZCD_compA_Wakeup(void) 
 120:Generated_Source\PSoC5/ZCD_compA_PM.c **** {
  95              		.loc 1 120 0
  96              		.cfi_startproc
  97              		@ args = 0, pretend = 0, frame = 0
  98              		@ frame_needed = 0, uses_anonymous_args = 0
  99              		@ link register save eliminated.
 121:Generated_Source\PSoC5/ZCD_compA_PM.c ****     ZCD_compA_RestoreConfig();
 122:Generated_Source\PSoC5/ZCD_compA_PM.c ****     
 123:Generated_Source\PSoC5/ZCD_compA_PM.c ****     if(ZCD_compA_backup.enableState == 1u)
 100              		.loc 1 123 0
 101 0000 034B     		ldr	r3, .L11
 102 0002 1B78     		ldrb	r3, [r3]	@ zero_extendqisi2
 103 0004 012B     		cmp	r3, #1
 104 0006 01D1     		bne	.L8
 124:Generated_Source\PSoC5/ZCD_compA_PM.c ****     {
ARM GAS  C:\Users\chemi\AppData\Local\Temp\ccXrU3MQ.s 			page 5


 125:Generated_Source\PSoC5/ZCD_compA_PM.c ****         /* Enable Comp's operation */
 126:Generated_Source\PSoC5/ZCD_compA_PM.c ****         ZCD_compA_Enable();
 105              		.loc 1 126 0
 106 0008 FFF7FEBF 		b	ZCD_compA_Enable
 107              	.LVL1:
 108              	.L8:
 109 000c 7047     		bx	lr
 110              	.L12:
 111 000e 00BF     		.align	2
 112              	.L11:
 113 0010 00000000 		.word	.LANCHOR0
 114              		.cfi_endproc
 115              	.LFE3:
 116              		.size	ZCD_compA_Wakeup, .-ZCD_compA_Wakeup
 117              		.bss
 118              		.set	.LANCHOR0,. + 0
 119              		.type	ZCD_compA_backup, %object
 120              		.size	ZCD_compA_backup, 1
 121              	ZCD_compA_backup:
 122 0000 00       		.space	1
 123              		.text
 124              	.Letext0:
 125              		.file 2 "Generated_Source\\PSoC5\\cytypes.h"
 126              		.file 3 "Generated_Source\\PSoC5\\ZCD_compA.h"
 127              		.section	.debug_info,"",%progbits
 128              	.Ldebug_info0:
 129 0000 45010000 		.4byte	0x145
 130 0004 0400     		.2byte	0x4
 131 0006 00000000 		.4byte	.Ldebug_abbrev0
 132 000a 04       		.byte	0x4
 133 000b 01       		.uleb128 0x1
 134 000c 35000000 		.4byte	.LASF22
 135 0010 0C       		.byte	0xc
 136 0011 AB010000 		.4byte	.LASF23
 137 0015 4E010000 		.4byte	.LASF24
 138 0019 00000000 		.4byte	.Ldebug_ranges0+0
 139 001d 00000000 		.4byte	0
 140 0021 00000000 		.4byte	.Ldebug_line0
 141 0025 02       		.uleb128 0x2
 142 0026 01       		.byte	0x1
 143 0027 06       		.byte	0x6
 144 0028 F5010000 		.4byte	.LASF0
 145 002c 02       		.uleb128 0x2
 146 002d 01       		.byte	0x1
 147 002e 08       		.byte	0x8
 148 002f 27000000 		.4byte	.LASF1
 149 0033 02       		.uleb128 0x2
 150 0034 02       		.byte	0x2
 151 0035 05       		.byte	0x5
 152 0036 07020000 		.4byte	.LASF2
 153 003a 02       		.uleb128 0x2
 154 003b 02       		.byte	0x2
 155 003c 07       		.byte	0x7
 156 003d E2010000 		.4byte	.LASF3
 157 0041 02       		.uleb128 0x2
 158 0042 04       		.byte	0x4
 159 0043 05       		.byte	0x5
ARM GAS  C:\Users\chemi\AppData\Local\Temp\ccXrU3MQ.s 			page 6


 160 0044 73010000 		.4byte	.LASF4
 161 0048 02       		.uleb128 0x2
 162 0049 04       		.byte	0x4
 163 004a 07       		.byte	0x7
 164 004b D4000000 		.4byte	.LASF5
 165 004f 02       		.uleb128 0x2
 166 0050 08       		.byte	0x8
 167 0051 05       		.byte	0x5
 168 0052 00000000 		.4byte	.LASF6
 169 0056 02       		.uleb128 0x2
 170 0057 08       		.byte	0x8
 171 0058 07       		.byte	0x7
 172 0059 E6000000 		.4byte	.LASF7
 173 005d 03       		.uleb128 0x3
 174 005e 04       		.byte	0x4
 175 005f 05       		.byte	0x5
 176 0060 696E7400 		.ascii	"int\000"
 177 0064 02       		.uleb128 0x2
 178 0065 04       		.byte	0x4
 179 0066 07       		.byte	0x7
 180 0067 1A000000 		.4byte	.LASF8
 181 006b 04       		.uleb128 0x4
 182 006c CE000000 		.4byte	.LASF12
 183 0070 02       		.byte	0x2
 184 0071 9201     		.2byte	0x192
 185 0073 2C000000 		.4byte	0x2c
 186 0077 02       		.uleb128 0x2
 187 0078 04       		.byte	0x4
 188 0079 04       		.byte	0x4
 189 007a 01020000 		.4byte	.LASF9
 190 007e 02       		.uleb128 0x2
 191 007f 08       		.byte	0x8
 192 0080 04       		.byte	0x4
 193 0081 A4010000 		.4byte	.LASF10
 194 0085 02       		.uleb128 0x2
 195 0086 01       		.byte	0x1
 196 0087 08       		.byte	0x8
 197 0088 49010000 		.4byte	.LASF11
 198 008c 04       		.uleb128 0x4
 199 008d 11020000 		.4byte	.LASF13
 200 0091 02       		.byte	0x2
 201 0092 3C02     		.2byte	0x23c
 202 0094 98000000 		.4byte	0x98
 203 0098 05       		.uleb128 0x5
 204 0099 6B000000 		.4byte	0x6b
 205 009d 02       		.uleb128 0x2
 206 009e 04       		.byte	0x4
 207 009f 07       		.byte	0x7
 208 00a0 16020000 		.4byte	.LASF14
 209 00a4 06       		.uleb128 0x6
 210 00a5 01       		.byte	0x1
 211 00a6 03       		.byte	0x3
 212 00a7 29       		.byte	0x29
 213 00a8 B9000000 		.4byte	0xb9
 214 00ac 07       		.uleb128 0x7
 215 00ad 0E000000 		.4byte	.LASF25
 216 00b1 03       		.byte	0x3
ARM GAS  C:\Users\chemi\AppData\Local\Temp\ccXrU3MQ.s 			page 7


 217 00b2 2B       		.byte	0x2b
 218 00b3 6B000000 		.4byte	0x6b
 219 00b7 00       		.byte	0
 220 00b8 00       		.byte	0
 221 00b9 08       		.uleb128 0x8
 222 00ba 32010000 		.4byte	.LASF15
 223 00be 03       		.byte	0x3
 224 00bf 2D       		.byte	0x2d
 225 00c0 A4000000 		.4byte	0xa4
 226 00c4 09       		.uleb128 0x9
 227 00c5 0E010000 		.4byte	.LASF16
 228 00c9 01       		.byte	0x1
 229 00ca 26       		.byte	0x26
 230 00cb 01       		.byte	0x1
 231 00cc 09       		.uleb128 0x9
 232 00cd 7C010000 		.4byte	.LASF17
 233 00d1 01       		.byte	0x1
 234 00d2 3A       		.byte	0x3a
 235 00d3 01       		.byte	0x1
 236 00d4 0A       		.uleb128 0xa
 237 00d5 CC000000 		.4byte	0xcc
 238 00d9 00000000 		.4byte	.LFB1
 239 00dd 02000000 		.4byte	.LFE1-.LFB1
 240 00e1 01       		.uleb128 0x1
 241 00e2 9C       		.byte	0x9c
 242 00e3 0B       		.uleb128 0xb
 243 00e4 94010000 		.4byte	.LASF18
 244 00e8 01       		.byte	0x1
 245 00e9 52       		.byte	0x52
 246 00ea 00000000 		.4byte	.LFB2
 247 00ee 1C000000 		.4byte	.LFE2-.LFB2
 248 00f2 01       		.uleb128 0x1
 249 00f3 9C       		.byte	0x9c
 250 00f4 02010000 		.4byte	0x102
 251 00f8 0C       		.uleb128 0xc
 252 00f9 14000000 		.4byte	.LVL0
 253 00fd 32010000 		.4byte	0x132
 254 0101 00       		.byte	0
 255 0102 0B       		.uleb128 0xb
 256 0103 1F020000 		.4byte	.LASF19
 257 0107 01       		.byte	0x1
 258 0108 77       		.byte	0x77
 259 0109 00000000 		.4byte	.LFB3
 260 010d 14000000 		.4byte	.LFE3-.LFB3
 261 0111 01       		.uleb128 0x1
 262 0112 9C       		.byte	0x9c
 263 0113 21010000 		.4byte	0x121
 264 0117 0C       		.uleb128 0xc
 265 0118 0C000000 		.4byte	.LVL1
 266 011c 3D010000 		.4byte	0x13d
 267 0120 00       		.byte	0
 268 0121 0D       		.uleb128 0xd
 269 0122 D1010000 		.4byte	.LASF26
 270 0126 01       		.byte	0x1
 271 0127 15       		.byte	0x15
 272 0128 B9000000 		.4byte	0xb9
 273 012c 05       		.uleb128 0x5
ARM GAS  C:\Users\chemi\AppData\Local\Temp\ccXrU3MQ.s 			page 8


 274 012d 03       		.byte	0x3
 275 012e 00000000 		.4byte	ZCD_compA_backup
 276 0132 0E       		.uleb128 0xe
 277 0133 23010000 		.4byte	.LASF20
 278 0137 23010000 		.4byte	.LASF20
 279 013b 03       		.byte	0x3
 280 013c 40       		.byte	0x40
 281 013d 0E       		.uleb128 0xe
 282 013e FD000000 		.4byte	.LASF21
 283 0142 FD000000 		.4byte	.LASF21
 284 0146 03       		.byte	0x3
 285 0147 46       		.byte	0x46
 286 0148 00       		.byte	0
 287              		.section	.debug_abbrev,"",%progbits
 288              	.Ldebug_abbrev0:
 289 0000 01       		.uleb128 0x1
 290 0001 11       		.uleb128 0x11
 291 0002 01       		.byte	0x1
 292 0003 25       		.uleb128 0x25
 293 0004 0E       		.uleb128 0xe
 294 0005 13       		.uleb128 0x13
 295 0006 0B       		.uleb128 0xb
 296 0007 03       		.uleb128 0x3
 297 0008 0E       		.uleb128 0xe
 298 0009 1B       		.uleb128 0x1b
 299 000a 0E       		.uleb128 0xe
 300 000b 55       		.uleb128 0x55
 301 000c 17       		.uleb128 0x17
 302 000d 11       		.uleb128 0x11
 303 000e 01       		.uleb128 0x1
 304 000f 10       		.uleb128 0x10
 305 0010 17       		.uleb128 0x17
 306 0011 00       		.byte	0
 307 0012 00       		.byte	0
 308 0013 02       		.uleb128 0x2
 309 0014 24       		.uleb128 0x24
 310 0015 00       		.byte	0
 311 0016 0B       		.uleb128 0xb
 312 0017 0B       		.uleb128 0xb
 313 0018 3E       		.uleb128 0x3e
 314 0019 0B       		.uleb128 0xb
 315 001a 03       		.uleb128 0x3
 316 001b 0E       		.uleb128 0xe
 317 001c 00       		.byte	0
 318 001d 00       		.byte	0
 319 001e 03       		.uleb128 0x3
 320 001f 24       		.uleb128 0x24
 321 0020 00       		.byte	0
 322 0021 0B       		.uleb128 0xb
 323 0022 0B       		.uleb128 0xb
 324 0023 3E       		.uleb128 0x3e
 325 0024 0B       		.uleb128 0xb
 326 0025 03       		.uleb128 0x3
 327 0026 08       		.uleb128 0x8
 328 0027 00       		.byte	0
 329 0028 00       		.byte	0
 330 0029 04       		.uleb128 0x4
ARM GAS  C:\Users\chemi\AppData\Local\Temp\ccXrU3MQ.s 			page 9


 331 002a 16       		.uleb128 0x16
 332 002b 00       		.byte	0
 333 002c 03       		.uleb128 0x3
 334 002d 0E       		.uleb128 0xe
 335 002e 3A       		.uleb128 0x3a
 336 002f 0B       		.uleb128 0xb
 337 0030 3B       		.uleb128 0x3b
 338 0031 05       		.uleb128 0x5
 339 0032 49       		.uleb128 0x49
 340 0033 13       		.uleb128 0x13
 341 0034 00       		.byte	0
 342 0035 00       		.byte	0
 343 0036 05       		.uleb128 0x5
 344 0037 35       		.uleb128 0x35
 345 0038 00       		.byte	0
 346 0039 49       		.uleb128 0x49
 347 003a 13       		.uleb128 0x13
 348 003b 00       		.byte	0
 349 003c 00       		.byte	0
 350 003d 06       		.uleb128 0x6
 351 003e 13       		.uleb128 0x13
 352 003f 01       		.byte	0x1
 353 0040 0B       		.uleb128 0xb
 354 0041 0B       		.uleb128 0xb
 355 0042 3A       		.uleb128 0x3a
 356 0043 0B       		.uleb128 0xb
 357 0044 3B       		.uleb128 0x3b
 358 0045 0B       		.uleb128 0xb
 359 0046 01       		.uleb128 0x1
 360 0047 13       		.uleb128 0x13
 361 0048 00       		.byte	0
 362 0049 00       		.byte	0
 363 004a 07       		.uleb128 0x7
 364 004b 0D       		.uleb128 0xd
 365 004c 00       		.byte	0
 366 004d 03       		.uleb128 0x3
 367 004e 0E       		.uleb128 0xe
 368 004f 3A       		.uleb128 0x3a
 369 0050 0B       		.uleb128 0xb
 370 0051 3B       		.uleb128 0x3b
 371 0052 0B       		.uleb128 0xb
 372 0053 49       		.uleb128 0x49
 373 0054 13       		.uleb128 0x13
 374 0055 38       		.uleb128 0x38
 375 0056 0B       		.uleb128 0xb
 376 0057 00       		.byte	0
 377 0058 00       		.byte	0
 378 0059 08       		.uleb128 0x8
 379 005a 16       		.uleb128 0x16
 380 005b 00       		.byte	0
 381 005c 03       		.uleb128 0x3
 382 005d 0E       		.uleb128 0xe
 383 005e 3A       		.uleb128 0x3a
 384 005f 0B       		.uleb128 0xb
 385 0060 3B       		.uleb128 0x3b
 386 0061 0B       		.uleb128 0xb
 387 0062 49       		.uleb128 0x49
ARM GAS  C:\Users\chemi\AppData\Local\Temp\ccXrU3MQ.s 			page 10


 388 0063 13       		.uleb128 0x13
 389 0064 00       		.byte	0
 390 0065 00       		.byte	0
 391 0066 09       		.uleb128 0x9
 392 0067 2E       		.uleb128 0x2e
 393 0068 00       		.byte	0
 394 0069 3F       		.uleb128 0x3f
 395 006a 19       		.uleb128 0x19
 396 006b 03       		.uleb128 0x3
 397 006c 0E       		.uleb128 0xe
 398 006d 3A       		.uleb128 0x3a
 399 006e 0B       		.uleb128 0xb
 400 006f 3B       		.uleb128 0x3b
 401 0070 0B       		.uleb128 0xb
 402 0071 27       		.uleb128 0x27
 403 0072 19       		.uleb128 0x19
 404 0073 20       		.uleb128 0x20
 405 0074 0B       		.uleb128 0xb
 406 0075 00       		.byte	0
 407 0076 00       		.byte	0
 408 0077 0A       		.uleb128 0xa
 409 0078 2E       		.uleb128 0x2e
 410 0079 00       		.byte	0
 411 007a 31       		.uleb128 0x31
 412 007b 13       		.uleb128 0x13
 413 007c 11       		.uleb128 0x11
 414 007d 01       		.uleb128 0x1
 415 007e 12       		.uleb128 0x12
 416 007f 06       		.uleb128 0x6
 417 0080 40       		.uleb128 0x40
 418 0081 18       		.uleb128 0x18
 419 0082 9742     		.uleb128 0x2117
 420 0084 19       		.uleb128 0x19
 421 0085 00       		.byte	0
 422 0086 00       		.byte	0
 423 0087 0B       		.uleb128 0xb
 424 0088 2E       		.uleb128 0x2e
 425 0089 01       		.byte	0x1
 426 008a 3F       		.uleb128 0x3f
 427 008b 19       		.uleb128 0x19
 428 008c 03       		.uleb128 0x3
 429 008d 0E       		.uleb128 0xe
 430 008e 3A       		.uleb128 0x3a
 431 008f 0B       		.uleb128 0xb
 432 0090 3B       		.uleb128 0x3b
 433 0091 0B       		.uleb128 0xb
 434 0092 27       		.uleb128 0x27
 435 0093 19       		.uleb128 0x19
 436 0094 11       		.uleb128 0x11
 437 0095 01       		.uleb128 0x1
 438 0096 12       		.uleb128 0x12
 439 0097 06       		.uleb128 0x6
 440 0098 40       		.uleb128 0x40
 441 0099 18       		.uleb128 0x18
 442 009a 9742     		.uleb128 0x2117
 443 009c 19       		.uleb128 0x19
 444 009d 01       		.uleb128 0x1
ARM GAS  C:\Users\chemi\AppData\Local\Temp\ccXrU3MQ.s 			page 11


 445 009e 13       		.uleb128 0x13
 446 009f 00       		.byte	0
 447 00a0 00       		.byte	0
 448 00a1 0C       		.uleb128 0xc
 449 00a2 898201   		.uleb128 0x4109
 450 00a5 00       		.byte	0
 451 00a6 11       		.uleb128 0x11
 452 00a7 01       		.uleb128 0x1
 453 00a8 9542     		.uleb128 0x2115
 454 00aa 19       		.uleb128 0x19
 455 00ab 31       		.uleb128 0x31
 456 00ac 13       		.uleb128 0x13
 457 00ad 00       		.byte	0
 458 00ae 00       		.byte	0
 459 00af 0D       		.uleb128 0xd
 460 00b0 34       		.uleb128 0x34
 461 00b1 00       		.byte	0
 462 00b2 03       		.uleb128 0x3
 463 00b3 0E       		.uleb128 0xe
 464 00b4 3A       		.uleb128 0x3a
 465 00b5 0B       		.uleb128 0xb
 466 00b6 3B       		.uleb128 0x3b
 467 00b7 0B       		.uleb128 0xb
 468 00b8 49       		.uleb128 0x49
 469 00b9 13       		.uleb128 0x13
 470 00ba 02       		.uleb128 0x2
 471 00bb 18       		.uleb128 0x18
 472 00bc 00       		.byte	0
 473 00bd 00       		.byte	0
 474 00be 0E       		.uleb128 0xe
 475 00bf 2E       		.uleb128 0x2e
 476 00c0 00       		.byte	0
 477 00c1 3F       		.uleb128 0x3f
 478 00c2 19       		.uleb128 0x19
 479 00c3 3C       		.uleb128 0x3c
 480 00c4 19       		.uleb128 0x19
 481 00c5 6E       		.uleb128 0x6e
 482 00c6 0E       		.uleb128 0xe
 483 00c7 03       		.uleb128 0x3
 484 00c8 0E       		.uleb128 0xe
 485 00c9 3A       		.uleb128 0x3a
 486 00ca 0B       		.uleb128 0xb
 487 00cb 3B       		.uleb128 0x3b
 488 00cc 0B       		.uleb128 0xb
 489 00cd 00       		.byte	0
 490 00ce 00       		.byte	0
 491 00cf 00       		.byte	0
 492              		.section	.debug_aranges,"",%progbits
 493 0000 2C000000 		.4byte	0x2c
 494 0004 0200     		.2byte	0x2
 495 0006 00000000 		.4byte	.Ldebug_info0
 496 000a 04       		.byte	0x4
 497 000b 00       		.byte	0
 498 000c 0000     		.2byte	0
 499 000e 0000     		.2byte	0
 500 0010 00000000 		.4byte	.LFB1
 501 0014 02000000 		.4byte	.LFE1-.LFB1
ARM GAS  C:\Users\chemi\AppData\Local\Temp\ccXrU3MQ.s 			page 12


 502 0018 00000000 		.4byte	.LFB2
 503 001c 1C000000 		.4byte	.LFE2-.LFB2
 504 0020 00000000 		.4byte	.LFB3
 505 0024 14000000 		.4byte	.LFE3-.LFB3
 506 0028 00000000 		.4byte	0
 507 002c 00000000 		.4byte	0
 508              		.section	.debug_ranges,"",%progbits
 509              	.Ldebug_ranges0:
 510 0000 00000000 		.4byte	.LFB1
 511 0004 02000000 		.4byte	.LFE1
 512 0008 00000000 		.4byte	.LFB2
 513 000c 1C000000 		.4byte	.LFE2
 514 0010 00000000 		.4byte	.LFB3
 515 0014 14000000 		.4byte	.LFE3
 516 0018 00000000 		.4byte	0
 517 001c 00000000 		.4byte	0
 518              		.section	.debug_line,"",%progbits
 519              	.Ldebug_line0:
 520 0000 93000000 		.section	.debug_str,"MS",%progbits,1
 520      02005800 
 520      00000201 
 520      FB0E0D00 
 520      01010101 
 521              	.LASF6:
 522 0000 6C6F6E67 		.ascii	"long long int\000"
 522      206C6F6E 
 522      6720696E 
 522      7400
 523              	.LASF25:
 524 000e 656E6162 		.ascii	"enableState\000"
 524      6C655374 
 524      61746500 
 525              	.LASF8:
 526 001a 756E7369 		.ascii	"unsigned int\000"
 526      676E6564 
 526      20696E74 
 526      00
 527              	.LASF1:
 528 0027 756E7369 		.ascii	"unsigned char\000"
 528      676E6564 
 528      20636861 
 528      7200
 529              	.LASF22:
 530 0035 474E5520 		.ascii	"GNU C99 5.4.1 20160609 (release) [ARM/embedded-5-br"
 530      43393920 
 530      352E342E 
 530      31203230 
 530      31363036 
 531 0068 616E6368 		.ascii	"anch revision 237715] -mcpu=cortex-m3 -mthumb -g -O"
 531      20726576 
 531      6973696F 
 531      6E203233 
 531      37373135 
 532 009b 73202D73 		.ascii	"s -std=gnu99 -ffunction-sections -ffat-lto-objects\000"
 532      74643D67 
 532      6E753939 
 532      202D6666 
ARM GAS  C:\Users\chemi\AppData\Local\Temp\ccXrU3MQ.s 			page 13


 532      756E6374 
 533              	.LASF12:
 534 00ce 75696E74 		.ascii	"uint8\000"
 534      3800
 535              	.LASF5:
 536 00d4 6C6F6E67 		.ascii	"long unsigned int\000"
 536      20756E73 
 536      69676E65 
 536      6420696E 
 536      7400
 537              	.LASF7:
 538 00e6 6C6F6E67 		.ascii	"long long unsigned int\000"
 538      206C6F6E 
 538      6720756E 
 538      7369676E 
 538      65642069 
 539              	.LASF21:
 540 00fd 5A43445F 		.ascii	"ZCD_compA_Enable\000"
 540      636F6D70 
 540      415F456E 
 540      61626C65 
 540      00
 541              	.LASF16:
 542 010e 5A43445F 		.ascii	"ZCD_compA_SaveConfig\000"
 542      636F6D70 
 542      415F5361 
 542      7665436F 
 542      6E666967 
 543              	.LASF20:
 544 0123 5A43445F 		.ascii	"ZCD_compA_Stop\000"
 544      636F6D70 
 544      415F5374 
 544      6F7000
 545              	.LASF15:
 546 0132 5A43445F 		.ascii	"ZCD_compA_backupStruct\000"
 546      636F6D70 
 546      415F6261 
 546      636B7570 
 546      53747275 
 547              	.LASF11:
 548 0149 63686172 		.ascii	"char\000"
 548      00
 549              	.LASF24:
 550 014e 433A5C55 		.ascii	"C:\\Users\\chemi\\UD3_QCW\\UD3_QFN.cydsn\000"
 550      73657273 
 550      5C636865 
 550      6D695C55 
 550      44335F51 
 551              	.LASF4:
 552 0173 6C6F6E67 		.ascii	"long int\000"
 552      20696E74 
 552      00
 553              	.LASF17:
 554 017c 5A43445F 		.ascii	"ZCD_compA_RestoreConfig\000"
 554      636F6D70 
 554      415F5265 
 554      73746F72 
ARM GAS  C:\Users\chemi\AppData\Local\Temp\ccXrU3MQ.s 			page 14


 554      65436F6E 
 555              	.LASF18:
 556 0194 5A43445F 		.ascii	"ZCD_compA_Sleep\000"
 556      636F6D70 
 556      415F536C 
 556      65657000 
 557              	.LASF10:
 558 01a4 646F7562 		.ascii	"double\000"
 558      6C6500
 559              	.LASF23:
 560 01ab 47656E65 		.ascii	"Generated_Source\\PSoC5\\ZCD_compA_PM.c\000"
 560      72617465 
 560      645F536F 
 560      75726365 
 560      5C50536F 
 561              	.LASF26:
 562 01d1 5A43445F 		.ascii	"ZCD_compA_backup\000"
 562      636F6D70 
 562      415F6261 
 562      636B7570 
 562      00
 563              	.LASF3:
 564 01e2 73686F72 		.ascii	"short unsigned int\000"
 564      7420756E 
 564      7369676E 
 564      65642069 
 564      6E7400
 565              	.LASF0:
 566 01f5 7369676E 		.ascii	"signed char\000"
 566      65642063 
 566      68617200 
 567              	.LASF9:
 568 0201 666C6F61 		.ascii	"float\000"
 568      7400
 569              	.LASF2:
 570 0207 73686F72 		.ascii	"short int\000"
 570      7420696E 
 570      7400
 571              	.LASF13:
 572 0211 72656738 		.ascii	"reg8\000"
 572      00
 573              	.LASF14:
 574 0216 73697A65 		.ascii	"sizetype\000"
 574      74797065 
 574      00
 575              	.LASF19:
 576 021f 5A43445F 		.ascii	"ZCD_compA_Wakeup\000"
 576      636F6D70 
 576      415F5761 
 576      6B657570 
 576      00
 577              		.ident	"GCC: (GNU Tools for ARM Embedded Processors) 5.4.1 20160609 (release) [ARM/embedded-5-bran
