ARM GAS  C:\Users\chemi\AppData\Local\Temp\ccDJH09B.s 			page 1


   1              		.syntax unified
   2              		.cpu cortex-m3
   3              		.fpu softvfp
   4              		.eabi_attribute 20, 1
   5              		.eabi_attribute 21, 1
   6              		.eabi_attribute 23, 3
   7              		.eabi_attribute 24, 1
   8              		.eabi_attribute 25, 1
   9              		.eabi_attribute 26, 1
  10              		.eabi_attribute 30, 4
  11              		.eabi_attribute 34, 1
  12              		.eabi_attribute 18, 4
  13              		.thumb
  14              		.syntax unified
  15              		.file	"ZCD_counter_PM.c"
  16              		.text
  17              	.Ltext0:
  18              		.cfi_sections	.debug_frame
  19              		.section	.text.ZCD_counter_SaveConfig,"ax",%progbits
  20              		.align	1
  21              		.global	ZCD_counter_SaveConfig
  22              		.thumb
  23              		.thumb_func
  24              		.type	ZCD_counter_SaveConfig, %function
  25              	ZCD_counter_SaveConfig:
  26              	.LFB0:
  27              		.file 1 "Generated_Source\\PSoC5\\ZCD_counter_PM.c"
   1:Generated_Source\PSoC5/ZCD_counter_PM.c **** /*******************************************************************************
   2:Generated_Source\PSoC5/ZCD_counter_PM.c **** * File Name: ZCD_counter_PM.c  
   3:Generated_Source\PSoC5/ZCD_counter_PM.c **** * Version 3.0
   4:Generated_Source\PSoC5/ZCD_counter_PM.c **** *
   5:Generated_Source\PSoC5/ZCD_counter_PM.c **** *  Description:
   6:Generated_Source\PSoC5/ZCD_counter_PM.c **** *    This file provides the power management source code to API for the
   7:Generated_Source\PSoC5/ZCD_counter_PM.c **** *    Counter.  
   8:Generated_Source\PSoC5/ZCD_counter_PM.c **** *
   9:Generated_Source\PSoC5/ZCD_counter_PM.c **** *   Note:
  10:Generated_Source\PSoC5/ZCD_counter_PM.c **** *     None
  11:Generated_Source\PSoC5/ZCD_counter_PM.c **** *
  12:Generated_Source\PSoC5/ZCD_counter_PM.c **** ********************************************************************************
  13:Generated_Source\PSoC5/ZCD_counter_PM.c **** * Copyright 2008-2012, Cypress Semiconductor Corporation.  All rights reserved.
  14:Generated_Source\PSoC5/ZCD_counter_PM.c **** * You may use this file only in accordance with the license, terms, conditions, 
  15:Generated_Source\PSoC5/ZCD_counter_PM.c **** * disclaimers, and limitations in the end user license agreement accompanying 
  16:Generated_Source\PSoC5/ZCD_counter_PM.c **** * the software package with which this file was provided.
  17:Generated_Source\PSoC5/ZCD_counter_PM.c **** *******************************************************************************/
  18:Generated_Source\PSoC5/ZCD_counter_PM.c **** 
  19:Generated_Source\PSoC5/ZCD_counter_PM.c **** #include "ZCD_counter.h"
  20:Generated_Source\PSoC5/ZCD_counter_PM.c **** 
  21:Generated_Source\PSoC5/ZCD_counter_PM.c **** static ZCD_counter_backupStruct ZCD_counter_backup;
  22:Generated_Source\PSoC5/ZCD_counter_PM.c **** 
  23:Generated_Source\PSoC5/ZCD_counter_PM.c **** 
  24:Generated_Source\PSoC5/ZCD_counter_PM.c **** /*******************************************************************************
  25:Generated_Source\PSoC5/ZCD_counter_PM.c **** * Function Name: ZCD_counter_SaveConfig
  26:Generated_Source\PSoC5/ZCD_counter_PM.c **** ********************************************************************************
  27:Generated_Source\PSoC5/ZCD_counter_PM.c **** * Summary:
  28:Generated_Source\PSoC5/ZCD_counter_PM.c **** *     Save the current user configuration
  29:Generated_Source\PSoC5/ZCD_counter_PM.c **** *
  30:Generated_Source\PSoC5/ZCD_counter_PM.c **** * Parameters:  
ARM GAS  C:\Users\chemi\AppData\Local\Temp\ccDJH09B.s 			page 2


  31:Generated_Source\PSoC5/ZCD_counter_PM.c **** *  void
  32:Generated_Source\PSoC5/ZCD_counter_PM.c **** *
  33:Generated_Source\PSoC5/ZCD_counter_PM.c **** * Return: 
  34:Generated_Source\PSoC5/ZCD_counter_PM.c **** *  void
  35:Generated_Source\PSoC5/ZCD_counter_PM.c **** *
  36:Generated_Source\PSoC5/ZCD_counter_PM.c **** * Global variables:
  37:Generated_Source\PSoC5/ZCD_counter_PM.c **** *  ZCD_counter_backup:  Variables of this global structure are modified to 
  38:Generated_Source\PSoC5/ZCD_counter_PM.c **** *  store the values of non retention configuration registers when Sleep() API is 
  39:Generated_Source\PSoC5/ZCD_counter_PM.c **** *  called.
  40:Generated_Source\PSoC5/ZCD_counter_PM.c **** *
  41:Generated_Source\PSoC5/ZCD_counter_PM.c **** *******************************************************************************/
  42:Generated_Source\PSoC5/ZCD_counter_PM.c **** void ZCD_counter_SaveConfig(void) 
  43:Generated_Source\PSoC5/ZCD_counter_PM.c **** {
  28              		.loc 1 43 0
  29              		.cfi_startproc
  30              		@ args = 0, pretend = 0, frame = 0
  31              		@ frame_needed = 0, uses_anonymous_args = 0
  32 0000 10B5     		push	{r4, lr}
  33              		.cfi_def_cfa_offset 8
  34              		.cfi_offset 4, -8
  35              		.cfi_offset 14, -4
  44:Generated_Source\PSoC5/ZCD_counter_PM.c ****     #if (!ZCD_counter_UsingFixedFunction)
  45:Generated_Source\PSoC5/ZCD_counter_PM.c **** 
  46:Generated_Source\PSoC5/ZCD_counter_PM.c ****         ZCD_counter_backup.CounterUdb = ZCD_counter_ReadCounter();
  36              		.loc 1 46 0
  37 0002 FFF7FEFF 		bl	ZCD_counter_ReadCounter
  38              	.LVL0:
  39 0006 034C     		ldr	r4, .L2
  40 0008 6070     		strb	r0, [r4, #1]
  47:Generated_Source\PSoC5/ZCD_counter_PM.c **** 
  48:Generated_Source\PSoC5/ZCD_counter_PM.c ****         #if(!ZCD_counter_ControlRegRemoved)
  49:Generated_Source\PSoC5/ZCD_counter_PM.c ****             ZCD_counter_backup.CounterControlRegister = ZCD_counter_ReadControlRegister();
  41              		.loc 1 49 0
  42 000a FFF7FEFF 		bl	ZCD_counter_ReadControlRegister
  43              	.LVL1:
  44 000e A070     		strb	r0, [r4, #2]
  45 0010 10BD     		pop	{r4, pc}
  46              	.L3:
  47 0012 00BF     		.align	2
  48              	.L2:
  49 0014 00000000 		.word	.LANCHOR0
  50              		.cfi_endproc
  51              	.LFE0:
  52              		.size	ZCD_counter_SaveConfig, .-ZCD_counter_SaveConfig
  53              		.section	.text.ZCD_counter_RestoreConfig,"ax",%progbits
  54              		.align	1
  55              		.global	ZCD_counter_RestoreConfig
  56              		.thumb
  57              		.thumb_func
  58              		.type	ZCD_counter_RestoreConfig, %function
  59              	ZCD_counter_RestoreConfig:
  60              	.LFB1:
  50:Generated_Source\PSoC5/ZCD_counter_PM.c ****         #endif /* (!ZCD_counter_ControlRegRemoved) */
  51:Generated_Source\PSoC5/ZCD_counter_PM.c **** 
  52:Generated_Source\PSoC5/ZCD_counter_PM.c ****     #endif /* (!ZCD_counter_UsingFixedFunction) */
  53:Generated_Source\PSoC5/ZCD_counter_PM.c **** }
  54:Generated_Source\PSoC5/ZCD_counter_PM.c **** 
ARM GAS  C:\Users\chemi\AppData\Local\Temp\ccDJH09B.s 			page 3


  55:Generated_Source\PSoC5/ZCD_counter_PM.c **** 
  56:Generated_Source\PSoC5/ZCD_counter_PM.c **** /*******************************************************************************
  57:Generated_Source\PSoC5/ZCD_counter_PM.c **** * Function Name: ZCD_counter_RestoreConfig
  58:Generated_Source\PSoC5/ZCD_counter_PM.c **** ********************************************************************************
  59:Generated_Source\PSoC5/ZCD_counter_PM.c **** *
  60:Generated_Source\PSoC5/ZCD_counter_PM.c **** * Summary:
  61:Generated_Source\PSoC5/ZCD_counter_PM.c **** *  Restores the current user configuration.
  62:Generated_Source\PSoC5/ZCD_counter_PM.c **** *
  63:Generated_Source\PSoC5/ZCD_counter_PM.c **** * Parameters:  
  64:Generated_Source\PSoC5/ZCD_counter_PM.c **** *  void
  65:Generated_Source\PSoC5/ZCD_counter_PM.c **** *
  66:Generated_Source\PSoC5/ZCD_counter_PM.c **** * Return: 
  67:Generated_Source\PSoC5/ZCD_counter_PM.c **** *  void
  68:Generated_Source\PSoC5/ZCD_counter_PM.c **** *
  69:Generated_Source\PSoC5/ZCD_counter_PM.c **** * Global variables:
  70:Generated_Source\PSoC5/ZCD_counter_PM.c **** *  ZCD_counter_backup:  Variables of this global structure are used to 
  71:Generated_Source\PSoC5/ZCD_counter_PM.c **** *  restore the values of non retention registers on wakeup from sleep mode.
  72:Generated_Source\PSoC5/ZCD_counter_PM.c **** *
  73:Generated_Source\PSoC5/ZCD_counter_PM.c **** *******************************************************************************/
  74:Generated_Source\PSoC5/ZCD_counter_PM.c **** void ZCD_counter_RestoreConfig(void) 
  75:Generated_Source\PSoC5/ZCD_counter_PM.c **** {      
  61              		.loc 1 75 0
  62              		.cfi_startproc
  63              		@ args = 0, pretend = 0, frame = 0
  64              		@ frame_needed = 0, uses_anonymous_args = 0
  65 0000 10B5     		push	{r4, lr}
  66              		.cfi_def_cfa_offset 8
  67              		.cfi_offset 4, -8
  68              		.cfi_offset 14, -4
  76:Generated_Source\PSoC5/ZCD_counter_PM.c ****     #if (!ZCD_counter_UsingFixedFunction)
  77:Generated_Source\PSoC5/ZCD_counter_PM.c **** 
  78:Generated_Source\PSoC5/ZCD_counter_PM.c ****        ZCD_counter_WriteCounter(ZCD_counter_backup.CounterUdb);
  69              		.loc 1 78 0
  70 0002 044C     		ldr	r4, .L5
  71 0004 6078     		ldrb	r0, [r4, #1]	@ zero_extendqisi2
  72 0006 FFF7FEFF 		bl	ZCD_counter_WriteCounter
  73              	.LVL2:
  79:Generated_Source\PSoC5/ZCD_counter_PM.c **** 
  80:Generated_Source\PSoC5/ZCD_counter_PM.c ****         #if(!ZCD_counter_ControlRegRemoved)
  81:Generated_Source\PSoC5/ZCD_counter_PM.c ****             ZCD_counter_WriteControlRegister(ZCD_counter_backup.CounterControlRegister);
  74              		.loc 1 81 0
  75 000a A078     		ldrb	r0, [r4, #2]	@ zero_extendqisi2
  82:Generated_Source\PSoC5/ZCD_counter_PM.c ****         #endif /* (!ZCD_counter_ControlRegRemoved) */
  83:Generated_Source\PSoC5/ZCD_counter_PM.c **** 
  84:Generated_Source\PSoC5/ZCD_counter_PM.c ****     #endif /* (!ZCD_counter_UsingFixedFunction) */
  85:Generated_Source\PSoC5/ZCD_counter_PM.c **** }
  76              		.loc 1 85 0
  77 000c BDE81040 		pop	{r4, lr}
  78              		.cfi_restore 14
  79              		.cfi_restore 4
  80              		.cfi_def_cfa_offset 0
  81:Generated_Source\PSoC5/ZCD_counter_PM.c ****         #endif /* (!ZCD_counter_ControlRegRemoved) */
  81              		.loc 1 81 0
  82 0010 FFF7FEBF 		b	ZCD_counter_WriteControlRegister
  83              	.LVL3:
  84              	.L6:
  85              		.align	2
ARM GAS  C:\Users\chemi\AppData\Local\Temp\ccDJH09B.s 			page 4


  86              	.L5:
  87 0014 00000000 		.word	.LANCHOR0
  88              		.cfi_endproc
  89              	.LFE1:
  90              		.size	ZCD_counter_RestoreConfig, .-ZCD_counter_RestoreConfig
  91              		.section	.text.ZCD_counter_Sleep,"ax",%progbits
  92              		.align	1
  93              		.global	ZCD_counter_Sleep
  94              		.thumb
  95              		.thumb_func
  96              		.type	ZCD_counter_Sleep, %function
  97              	ZCD_counter_Sleep:
  98              	.LFB2:
  86:Generated_Source\PSoC5/ZCD_counter_PM.c **** 
  87:Generated_Source\PSoC5/ZCD_counter_PM.c **** 
  88:Generated_Source\PSoC5/ZCD_counter_PM.c **** /*******************************************************************************
  89:Generated_Source\PSoC5/ZCD_counter_PM.c **** * Function Name: ZCD_counter_Sleep
  90:Generated_Source\PSoC5/ZCD_counter_PM.c **** ********************************************************************************
  91:Generated_Source\PSoC5/ZCD_counter_PM.c **** * Summary:
  92:Generated_Source\PSoC5/ZCD_counter_PM.c **** *     Stop and Save the user configuration
  93:Generated_Source\PSoC5/ZCD_counter_PM.c **** *
  94:Generated_Source\PSoC5/ZCD_counter_PM.c **** * Parameters:  
  95:Generated_Source\PSoC5/ZCD_counter_PM.c **** *  void
  96:Generated_Source\PSoC5/ZCD_counter_PM.c **** *
  97:Generated_Source\PSoC5/ZCD_counter_PM.c **** * Return: 
  98:Generated_Source\PSoC5/ZCD_counter_PM.c **** *  void
  99:Generated_Source\PSoC5/ZCD_counter_PM.c **** *
 100:Generated_Source\PSoC5/ZCD_counter_PM.c **** * Global variables:
 101:Generated_Source\PSoC5/ZCD_counter_PM.c **** *  ZCD_counter_backup.enableState:  Is modified depending on the enable 
 102:Generated_Source\PSoC5/ZCD_counter_PM.c **** *  state of the block before entering sleep mode.
 103:Generated_Source\PSoC5/ZCD_counter_PM.c **** *
 104:Generated_Source\PSoC5/ZCD_counter_PM.c **** *******************************************************************************/
 105:Generated_Source\PSoC5/ZCD_counter_PM.c **** void ZCD_counter_Sleep(void) 
 106:Generated_Source\PSoC5/ZCD_counter_PM.c **** {
  99              		.loc 1 106 0
 100              		.cfi_startproc
 101              		@ args = 0, pretend = 0, frame = 0
 102              		@ frame_needed = 0, uses_anonymous_args = 0
 103 0000 08B5     		push	{r3, lr}
 104              		.cfi_def_cfa_offset 8
 105              		.cfi_offset 3, -8
 106              		.cfi_offset 14, -4
 107:Generated_Source\PSoC5/ZCD_counter_PM.c ****     #if(!ZCD_counter_ControlRegRemoved)
 108:Generated_Source\PSoC5/ZCD_counter_PM.c ****         /* Save Counter's enable state */
 109:Generated_Source\PSoC5/ZCD_counter_PM.c ****         if(ZCD_counter_CTRL_ENABLE == (ZCD_counter_CONTROL & ZCD_counter_CTRL_ENABLE))
 107              		.loc 1 109 0
 108 0002 074B     		ldr	r3, .L11
 109 0004 1B78     		ldrb	r3, [r3]	@ zero_extendqisi2
 110 0006 13F0800F 		tst	r3, #128
 111 000a 064B     		ldr	r3, .L11+4
 110:Generated_Source\PSoC5/ZCD_counter_PM.c ****         {
 111:Generated_Source\PSoC5/ZCD_counter_PM.c ****             /* Counter is enabled */
 112:Generated_Source\PSoC5/ZCD_counter_PM.c ****             ZCD_counter_backup.CounterEnableState = 1u;
 112              		.loc 1 112 0
 113 000c 14BF     		ite	ne
 114 000e 0122     		movne	r2, #1
 113:Generated_Source\PSoC5/ZCD_counter_PM.c ****         }
ARM GAS  C:\Users\chemi\AppData\Local\Temp\ccDJH09B.s 			page 5


 114:Generated_Source\PSoC5/ZCD_counter_PM.c ****         else
 115:Generated_Source\PSoC5/ZCD_counter_PM.c ****         {
 116:Generated_Source\PSoC5/ZCD_counter_PM.c ****             /* Counter is disabled */
 117:Generated_Source\PSoC5/ZCD_counter_PM.c ****             ZCD_counter_backup.CounterEnableState = 0u;
 115              		.loc 1 117 0
 116 0010 0022     		moveq	r2, #0
 117 0012 1A70     		strb	r2, [r3]
 118:Generated_Source\PSoC5/ZCD_counter_PM.c ****         }
 119:Generated_Source\PSoC5/ZCD_counter_PM.c ****     #else
 120:Generated_Source\PSoC5/ZCD_counter_PM.c ****         ZCD_counter_backup.CounterEnableState = 1u;
 121:Generated_Source\PSoC5/ZCD_counter_PM.c ****         if(ZCD_counter_backup.CounterEnableState != 0u)
 122:Generated_Source\PSoC5/ZCD_counter_PM.c ****         {
 123:Generated_Source\PSoC5/ZCD_counter_PM.c ****             ZCD_counter_backup.CounterEnableState = 0u;
 124:Generated_Source\PSoC5/ZCD_counter_PM.c ****         }
 125:Generated_Source\PSoC5/ZCD_counter_PM.c ****     #endif /* (!ZCD_counter_ControlRegRemoved) */
 126:Generated_Source\PSoC5/ZCD_counter_PM.c ****     
 127:Generated_Source\PSoC5/ZCD_counter_PM.c ****     ZCD_counter_Stop();
 118              		.loc 1 127 0
 119 0014 FFF7FEFF 		bl	ZCD_counter_Stop
 120              	.LVL4:
 128:Generated_Source\PSoC5/ZCD_counter_PM.c ****     ZCD_counter_SaveConfig();
 129:Generated_Source\PSoC5/ZCD_counter_PM.c **** }
 121              		.loc 1 129 0
 122 0018 BDE80840 		pop	{r3, lr}
 123              		.cfi_restore 14
 124              		.cfi_restore 3
 125              		.cfi_def_cfa_offset 0
 128:Generated_Source\PSoC5/ZCD_counter_PM.c ****     ZCD_counter_SaveConfig();
 126              		.loc 1 128 0
 127 001c FFF7FEBF 		b	ZCD_counter_SaveConfig
 128              	.LVL5:
 129              	.L12:
 130              		.align	2
 131              	.L11:
 132 0020 75640040 		.word	1073767541
 133 0024 00000000 		.word	.LANCHOR0
 134              		.cfi_endproc
 135              	.LFE2:
 136              		.size	ZCD_counter_Sleep, .-ZCD_counter_Sleep
 137              		.section	.text.ZCD_counter_Wakeup,"ax",%progbits
 138              		.align	1
 139              		.global	ZCD_counter_Wakeup
 140              		.thumb
 141              		.thumb_func
 142              		.type	ZCD_counter_Wakeup, %function
 143              	ZCD_counter_Wakeup:
 144              	.LFB3:
 130:Generated_Source\PSoC5/ZCD_counter_PM.c **** 
 131:Generated_Source\PSoC5/ZCD_counter_PM.c **** 
 132:Generated_Source\PSoC5/ZCD_counter_PM.c **** /*******************************************************************************
 133:Generated_Source\PSoC5/ZCD_counter_PM.c **** * Function Name: ZCD_counter_Wakeup
 134:Generated_Source\PSoC5/ZCD_counter_PM.c **** ********************************************************************************
 135:Generated_Source\PSoC5/ZCD_counter_PM.c **** *
 136:Generated_Source\PSoC5/ZCD_counter_PM.c **** * Summary:
 137:Generated_Source\PSoC5/ZCD_counter_PM.c **** *  Restores and enables the user configuration
 138:Generated_Source\PSoC5/ZCD_counter_PM.c **** *  
 139:Generated_Source\PSoC5/ZCD_counter_PM.c **** * Parameters:  
ARM GAS  C:\Users\chemi\AppData\Local\Temp\ccDJH09B.s 			page 6


 140:Generated_Source\PSoC5/ZCD_counter_PM.c **** *  void
 141:Generated_Source\PSoC5/ZCD_counter_PM.c **** *
 142:Generated_Source\PSoC5/ZCD_counter_PM.c **** * Return: 
 143:Generated_Source\PSoC5/ZCD_counter_PM.c **** *  void
 144:Generated_Source\PSoC5/ZCD_counter_PM.c **** *
 145:Generated_Source\PSoC5/ZCD_counter_PM.c **** * Global variables:
 146:Generated_Source\PSoC5/ZCD_counter_PM.c **** *  ZCD_counter_backup.enableState:  Is used to restore the enable state of 
 147:Generated_Source\PSoC5/ZCD_counter_PM.c **** *  block on wakeup from sleep mode.
 148:Generated_Source\PSoC5/ZCD_counter_PM.c **** *
 149:Generated_Source\PSoC5/ZCD_counter_PM.c **** *******************************************************************************/
 150:Generated_Source\PSoC5/ZCD_counter_PM.c **** void ZCD_counter_Wakeup(void) 
 151:Generated_Source\PSoC5/ZCD_counter_PM.c **** {
 145              		.loc 1 151 0
 146              		.cfi_startproc
 147              		@ args = 0, pretend = 0, frame = 0
 148              		@ frame_needed = 0, uses_anonymous_args = 0
 149 0000 08B5     		push	{r3, lr}
 150              		.cfi_def_cfa_offset 8
 151              		.cfi_offset 3, -8
 152              		.cfi_offset 14, -4
 152:Generated_Source\PSoC5/ZCD_counter_PM.c ****     ZCD_counter_RestoreConfig();
 153              		.loc 1 152 0
 154 0002 FFF7FEFF 		bl	ZCD_counter_RestoreConfig
 155              	.LVL6:
 153:Generated_Source\PSoC5/ZCD_counter_PM.c ****     #if(!ZCD_counter_ControlRegRemoved)
 154:Generated_Source\PSoC5/ZCD_counter_PM.c ****         if(ZCD_counter_backup.CounterEnableState == 1u)
 156              		.loc 1 154 0
 157 0006 044B     		ldr	r3, .L16
 158 0008 1B78     		ldrb	r3, [r3]	@ zero_extendqisi2
 159 000a 012B     		cmp	r3, #1
 160 000c 03D1     		bne	.L13
 155:Generated_Source\PSoC5/ZCD_counter_PM.c ****         {
 156:Generated_Source\PSoC5/ZCD_counter_PM.c ****             /* Enable Counter's operation */
 157:Generated_Source\PSoC5/ZCD_counter_PM.c ****             ZCD_counter_Enable();
 158:Generated_Source\PSoC5/ZCD_counter_PM.c ****         } /* Do nothing if Counter was disabled before */    
 159:Generated_Source\PSoC5/ZCD_counter_PM.c ****     #endif /* (!ZCD_counter_ControlRegRemoved) */
 160:Generated_Source\PSoC5/ZCD_counter_PM.c ****     
 161:Generated_Source\PSoC5/ZCD_counter_PM.c **** }
 161              		.loc 1 161 0
 162 000e BDE80840 		pop	{r3, lr}
 163              		.cfi_remember_state
 164              		.cfi_restore 14
 165              		.cfi_restore 3
 166              		.cfi_def_cfa_offset 0
 157:Generated_Source\PSoC5/ZCD_counter_PM.c ****         } /* Do nothing if Counter was disabled before */    
 167              		.loc 1 157 0
 168 0012 FFF7FEBF 		b	ZCD_counter_Enable
 169              	.LVL7:
 170              	.L13:
 171              		.cfi_restore_state
 172 0016 08BD     		pop	{r3, pc}
 173              	.L17:
 174              		.align	2
 175              	.L16:
 176 0018 00000000 		.word	.LANCHOR0
 177              		.cfi_endproc
 178              	.LFE3:
ARM GAS  C:\Users\chemi\AppData\Local\Temp\ccDJH09B.s 			page 7


 179              		.size	ZCD_counter_Wakeup, .-ZCD_counter_Wakeup
 180              		.bss
 181              		.set	.LANCHOR0,. + 0
 182              		.type	ZCD_counter_backup, %object
 183              		.size	ZCD_counter_backup, 3
 184              	ZCD_counter_backup:
 185 0000 000000   		.space	3
 186              		.text
 187              	.Letext0:
 188              		.file 2 "Generated_Source\\PSoC5\\cytypes.h"
 189              		.file 3 "Generated_Source\\PSoC5\\ZCD_counter.h"
 190              		.section	.debug_info,"",%progbits
 191              	.Ldebug_info0:
 192 0000 CC010000 		.4byte	0x1cc
 193 0004 0400     		.2byte	0x4
 194 0006 00000000 		.4byte	.Ldebug_abbrev0
 195 000a 04       		.byte	0x4
 196 000b 01       		.uleb128 0x1
 197 000c 98000000 		.4byte	.LASF29
 198 0010 0C       		.byte	0xc
 199 0011 9D020000 		.4byte	.LASF30
 200 0015 37020000 		.4byte	.LASF31
 201 0019 00000000 		.4byte	.Ldebug_ranges0+0
 202 001d 00000000 		.4byte	0
 203 0021 00000000 		.4byte	.Ldebug_line0
 204 0025 02       		.uleb128 0x2
 205 0026 01       		.byte	0x1
 206 0027 06       		.byte	0x6
 207 0028 91020000 		.4byte	.LASF0
 208 002c 02       		.uleb128 0x2
 209 002d 01       		.byte	0x1
 210 002e 08       		.byte	0x8
 211 002f 73000000 		.4byte	.LASF1
 212 0033 02       		.uleb128 0x2
 213 0034 02       		.byte	0x2
 214 0035 05       		.byte	0x5
 215 0036 13020000 		.4byte	.LASF2
 216 003a 02       		.uleb128 0x2
 217 003b 02       		.byte	0x2
 218 003c 07       		.byte	0x7
 219 003d 12000000 		.4byte	.LASF3
 220 0041 02       		.uleb128 0x2
 221 0042 04       		.byte	0x4
 222 0043 05       		.byte	0x5
 223 0044 5C020000 		.4byte	.LASF4
 224 0048 02       		.uleb128 0x2
 225 0049 04       		.byte	0x4
 226 004a 07       		.byte	0x7
 227 004b 86000000 		.4byte	.LASF5
 228 004f 02       		.uleb128 0x2
 229 0050 08       		.byte	0x8
 230 0051 05       		.byte	0x5
 231 0052 C8010000 		.4byte	.LASF6
 232 0056 02       		.uleb128 0x2
 233 0057 08       		.byte	0x8
 234 0058 07       		.byte	0x7
 235 0059 84010000 		.4byte	.LASF7
ARM GAS  C:\Users\chemi\AppData\Local\Temp\ccDJH09B.s 			page 8


 236 005d 03       		.uleb128 0x3
 237 005e 04       		.byte	0x4
 238 005f 05       		.byte	0x5
 239 0060 696E7400 		.ascii	"int\000"
 240 0064 02       		.uleb128 0x2
 241 0065 04       		.byte	0x4
 242 0066 07       		.byte	0x7
 243 0067 77010000 		.4byte	.LASF8
 244 006b 04       		.uleb128 0x4
 245 006c 31010000 		.4byte	.LASF12
 246 0070 02       		.byte	0x2
 247 0071 9201     		.2byte	0x192
 248 0073 2C000000 		.4byte	0x2c
 249 0077 02       		.uleb128 0x2
 250 0078 04       		.byte	0x4
 251 0079 04       		.byte	0x4
 252 007a 6D000000 		.4byte	.LASF9
 253 007e 02       		.uleb128 0x2
 254 007f 08       		.byte	0x8
 255 0080 04       		.byte	0x4
 256 0081 57010000 		.4byte	.LASF10
 257 0085 02       		.uleb128 0x2
 258 0086 01       		.byte	0x1
 259 0087 08       		.byte	0x8
 260 0088 ED010000 		.4byte	.LASF11
 261 008c 04       		.uleb128 0x4
 262 008d 81000000 		.4byte	.LASF13
 263 0091 02       		.byte	0x2
 264 0092 3C02     		.2byte	0x23c
 265 0094 98000000 		.4byte	0x98
 266 0098 05       		.uleb128 0x5
 267 0099 6B000000 		.4byte	0x6b
 268 009d 02       		.uleb128 0x2
 269 009e 04       		.byte	0x4
 270 009f 07       		.byte	0x7
 271 00a0 AC010000 		.4byte	.LASF14
 272 00a4 06       		.uleb128 0x6
 273 00a5 03       		.byte	0x3
 274 00a6 03       		.byte	0x3
 275 00a7 40       		.byte	0x40
 276 00a8 D1000000 		.4byte	0xd1
 277 00ac 07       		.uleb128 0x7
 278 00ad B5010000 		.4byte	.LASF15
 279 00b1 03       		.byte	0x3
 280 00b2 42       		.byte	0x42
 281 00b3 6B000000 		.4byte	0x6b
 282 00b7 00       		.byte	0
 283 00b8 07       		.uleb128 0x7
 284 00b9 38000000 		.4byte	.LASF16
 285 00bd 03       		.byte	0x3
 286 00be 43       		.byte	0x43
 287 00bf 6B000000 		.4byte	0x6b
 288 00c3 01       		.byte	0x1
 289 00c4 07       		.uleb128 0x7
 290 00c5 D6010000 		.4byte	.LASF17
 291 00c9 03       		.byte	0x3
 292 00ca 46       		.byte	0x46
ARM GAS  C:\Users\chemi\AppData\Local\Temp\ccDJH09B.s 			page 9


 293 00cb 6B000000 		.4byte	0x6b
 294 00cf 02       		.byte	0x2
 295 00d0 00       		.byte	0
 296 00d1 08       		.uleb128 0x8
 297 00d2 65020000 		.4byte	.LASF18
 298 00d6 03       		.byte	0x3
 299 00d7 49       		.byte	0x49
 300 00d8 A4000000 		.4byte	0xa4
 301 00dc 09       		.uleb128 0x9
 302 00dd 43000000 		.4byte	.LASF19
 303 00e1 01       		.byte	0x1
 304 00e2 2A       		.byte	0x2a
 305 00e3 00000000 		.4byte	.LFB0
 306 00e7 18000000 		.4byte	.LFE0-.LFB0
 307 00eb 01       		.uleb128 0x1
 308 00ec 9C       		.byte	0x9c
 309 00ed 04010000 		.4byte	0x104
 310 00f1 0A       		.uleb128 0xa
 311 00f2 06000000 		.4byte	.LVL0
 312 00f6 8D010000 		.4byte	0x18d
 313 00fa 0A       		.uleb128 0xa
 314 00fb 0E000000 		.4byte	.LVL1
 315 00ff 98010000 		.4byte	0x198
 316 0103 00       		.byte	0
 317 0104 09       		.uleb128 0x9
 318 0105 1D020000 		.4byte	.LASF20
 319 0109 01       		.byte	0x1
 320 010a 4A       		.byte	0x4a
 321 010b 00000000 		.4byte	.LFB1
 322 010f 18000000 		.4byte	.LFE1-.LFB1
 323 0113 01       		.uleb128 0x1
 324 0114 9C       		.byte	0x9c
 325 0115 2C010000 		.4byte	0x12c
 326 0119 0A       		.uleb128 0xa
 327 011a 0A000000 		.4byte	.LVL2
 328 011e A3010000 		.4byte	0x1a3
 329 0122 0B       		.uleb128 0xb
 330 0123 14000000 		.4byte	.LVL3
 331 0127 AE010000 		.4byte	0x1ae
 332 012b 00       		.byte	0
 333 012c 09       		.uleb128 0x9
 334 012d 00000000 		.4byte	.LASF21
 335 0131 01       		.byte	0x1
 336 0132 69       		.byte	0x69
 337 0133 00000000 		.4byte	.LFB2
 338 0137 28000000 		.4byte	.LFE2-.LFB2
 339 013b 01       		.uleb128 0x1
 340 013c 9C       		.byte	0x9c
 341 013d 54010000 		.4byte	0x154
 342 0141 0A       		.uleb128 0xa
 343 0142 18000000 		.4byte	.LVL4
 344 0146 B9010000 		.4byte	0x1b9
 345 014a 0B       		.uleb128 0xb
 346 014b 20000000 		.4byte	.LVL5
 347 014f DC000000 		.4byte	0xdc
 348 0153 00       		.byte	0
 349 0154 09       		.uleb128 0x9
ARM GAS  C:\Users\chemi\AppData\Local\Temp\ccDJH09B.s 			page 10


 350 0155 25000000 		.4byte	.LASF22
 351 0159 01       		.byte	0x1
 352 015a 96       		.byte	0x96
 353 015b 00000000 		.4byte	.LFB3
 354 015f 1C000000 		.4byte	.LFE3-.LFB3
 355 0163 01       		.uleb128 0x1
 356 0164 9C       		.byte	0x9c
 357 0165 7C010000 		.4byte	0x17c
 358 0169 0A       		.uleb128 0xa
 359 016a 06000000 		.4byte	.LVL6
 360 016e 04010000 		.4byte	0x104
 361 0172 0B       		.uleb128 0xb
 362 0173 16000000 		.4byte	.LVL7
 363 0177 C4010000 		.4byte	0x1c4
 364 017b 00       		.byte	0
 365 017c 0C       		.uleb128 0xc
 366 017d 5A000000 		.4byte	.LASF32
 367 0181 01       		.byte	0x1
 368 0182 15       		.byte	0x15
 369 0183 D1000000 		.4byte	0xd1
 370 0187 05       		.uleb128 0x5
 371 0188 03       		.byte	0x3
 372 0189 00000000 		.4byte	ZCD_counter_backup
 373 018d 0D       		.uleb128 0xd
 374 018e C5020000 		.4byte	.LASF23
 375 0192 C5020000 		.4byte	.LASF23
 376 0196 03       		.byte	0x3
 377 0197 5D       		.byte	0x5d
 378 0198 0D       		.uleb128 0xd
 379 0199 37010000 		.4byte	.LASF24
 380 019d 37010000 		.4byte	.LASF24
 381 01a1 03       		.byte	0x3
 382 01a2 55       		.byte	0x55
 383 01a3 0D       		.uleb128 0xd
 384 01a4 5E010000 		.4byte	.LASF25
 385 01a8 5E010000 		.4byte	.LASF25
 386 01ac 03       		.byte	0x3
 387 01ad 5A       		.byte	0x5a
 388 01ae 0D       		.uleb128 0xd
 389 01af F2010000 		.4byte	.LASF26
 390 01b3 F2010000 		.4byte	.LASF26
 391 01b7 03       		.byte	0x3
 392 01b8 56       		.byte	0x56
 393 01b9 0D       		.uleb128 0xd
 394 01ba 9B010000 		.4byte	.LASF27
 395 01be 9B010000 		.4byte	.LASF27
 396 01c2 03       		.byte	0x3
 397 01c3 50       		.byte	0x50
 398 01c4 0D       		.uleb128 0xd
 399 01c5 7E020000 		.4byte	.LASF28
 400 01c9 7E020000 		.4byte	.LASF28
 401 01cd 03       		.byte	0x3
 402 01ce 71       		.byte	0x71
 403 01cf 00       		.byte	0
 404              		.section	.debug_abbrev,"",%progbits
 405              	.Ldebug_abbrev0:
 406 0000 01       		.uleb128 0x1
ARM GAS  C:\Users\chemi\AppData\Local\Temp\ccDJH09B.s 			page 11


 407 0001 11       		.uleb128 0x11
 408 0002 01       		.byte	0x1
 409 0003 25       		.uleb128 0x25
 410 0004 0E       		.uleb128 0xe
 411 0005 13       		.uleb128 0x13
 412 0006 0B       		.uleb128 0xb
 413 0007 03       		.uleb128 0x3
 414 0008 0E       		.uleb128 0xe
 415 0009 1B       		.uleb128 0x1b
 416 000a 0E       		.uleb128 0xe
 417 000b 55       		.uleb128 0x55
 418 000c 17       		.uleb128 0x17
 419 000d 11       		.uleb128 0x11
 420 000e 01       		.uleb128 0x1
 421 000f 10       		.uleb128 0x10
 422 0010 17       		.uleb128 0x17
 423 0011 00       		.byte	0
 424 0012 00       		.byte	0
 425 0013 02       		.uleb128 0x2
 426 0014 24       		.uleb128 0x24
 427 0015 00       		.byte	0
 428 0016 0B       		.uleb128 0xb
 429 0017 0B       		.uleb128 0xb
 430 0018 3E       		.uleb128 0x3e
 431 0019 0B       		.uleb128 0xb
 432 001a 03       		.uleb128 0x3
 433 001b 0E       		.uleb128 0xe
 434 001c 00       		.byte	0
 435 001d 00       		.byte	0
 436 001e 03       		.uleb128 0x3
 437 001f 24       		.uleb128 0x24
 438 0020 00       		.byte	0
 439 0021 0B       		.uleb128 0xb
 440 0022 0B       		.uleb128 0xb
 441 0023 3E       		.uleb128 0x3e
 442 0024 0B       		.uleb128 0xb
 443 0025 03       		.uleb128 0x3
 444 0026 08       		.uleb128 0x8
 445 0027 00       		.byte	0
 446 0028 00       		.byte	0
 447 0029 04       		.uleb128 0x4
 448 002a 16       		.uleb128 0x16
 449 002b 00       		.byte	0
 450 002c 03       		.uleb128 0x3
 451 002d 0E       		.uleb128 0xe
 452 002e 3A       		.uleb128 0x3a
 453 002f 0B       		.uleb128 0xb
 454 0030 3B       		.uleb128 0x3b
 455 0031 05       		.uleb128 0x5
 456 0032 49       		.uleb128 0x49
 457 0033 13       		.uleb128 0x13
 458 0034 00       		.byte	0
 459 0035 00       		.byte	0
 460 0036 05       		.uleb128 0x5
 461 0037 35       		.uleb128 0x35
 462 0038 00       		.byte	0
 463 0039 49       		.uleb128 0x49
ARM GAS  C:\Users\chemi\AppData\Local\Temp\ccDJH09B.s 			page 12


 464 003a 13       		.uleb128 0x13
 465 003b 00       		.byte	0
 466 003c 00       		.byte	0
 467 003d 06       		.uleb128 0x6
 468 003e 13       		.uleb128 0x13
 469 003f 01       		.byte	0x1
 470 0040 0B       		.uleb128 0xb
 471 0041 0B       		.uleb128 0xb
 472 0042 3A       		.uleb128 0x3a
 473 0043 0B       		.uleb128 0xb
 474 0044 3B       		.uleb128 0x3b
 475 0045 0B       		.uleb128 0xb
 476 0046 01       		.uleb128 0x1
 477 0047 13       		.uleb128 0x13
 478 0048 00       		.byte	0
 479 0049 00       		.byte	0
 480 004a 07       		.uleb128 0x7
 481 004b 0D       		.uleb128 0xd
 482 004c 00       		.byte	0
 483 004d 03       		.uleb128 0x3
 484 004e 0E       		.uleb128 0xe
 485 004f 3A       		.uleb128 0x3a
 486 0050 0B       		.uleb128 0xb
 487 0051 3B       		.uleb128 0x3b
 488 0052 0B       		.uleb128 0xb
 489 0053 49       		.uleb128 0x49
 490 0054 13       		.uleb128 0x13
 491 0055 38       		.uleb128 0x38
 492 0056 0B       		.uleb128 0xb
 493 0057 00       		.byte	0
 494 0058 00       		.byte	0
 495 0059 08       		.uleb128 0x8
 496 005a 16       		.uleb128 0x16
 497 005b 00       		.byte	0
 498 005c 03       		.uleb128 0x3
 499 005d 0E       		.uleb128 0xe
 500 005e 3A       		.uleb128 0x3a
 501 005f 0B       		.uleb128 0xb
 502 0060 3B       		.uleb128 0x3b
 503 0061 0B       		.uleb128 0xb
 504 0062 49       		.uleb128 0x49
 505 0063 13       		.uleb128 0x13
 506 0064 00       		.byte	0
 507 0065 00       		.byte	0
 508 0066 09       		.uleb128 0x9
 509 0067 2E       		.uleb128 0x2e
 510 0068 01       		.byte	0x1
 511 0069 3F       		.uleb128 0x3f
 512 006a 19       		.uleb128 0x19
 513 006b 03       		.uleb128 0x3
 514 006c 0E       		.uleb128 0xe
 515 006d 3A       		.uleb128 0x3a
 516 006e 0B       		.uleb128 0xb
 517 006f 3B       		.uleb128 0x3b
 518 0070 0B       		.uleb128 0xb
 519 0071 27       		.uleb128 0x27
 520 0072 19       		.uleb128 0x19
ARM GAS  C:\Users\chemi\AppData\Local\Temp\ccDJH09B.s 			page 13


 521 0073 11       		.uleb128 0x11
 522 0074 01       		.uleb128 0x1
 523 0075 12       		.uleb128 0x12
 524 0076 06       		.uleb128 0x6
 525 0077 40       		.uleb128 0x40
 526 0078 18       		.uleb128 0x18
 527 0079 9742     		.uleb128 0x2117
 528 007b 19       		.uleb128 0x19
 529 007c 01       		.uleb128 0x1
 530 007d 13       		.uleb128 0x13
 531 007e 00       		.byte	0
 532 007f 00       		.byte	0
 533 0080 0A       		.uleb128 0xa
 534 0081 898201   		.uleb128 0x4109
 535 0084 00       		.byte	0
 536 0085 11       		.uleb128 0x11
 537 0086 01       		.uleb128 0x1
 538 0087 31       		.uleb128 0x31
 539 0088 13       		.uleb128 0x13
 540 0089 00       		.byte	0
 541 008a 00       		.byte	0
 542 008b 0B       		.uleb128 0xb
 543 008c 898201   		.uleb128 0x4109
 544 008f 00       		.byte	0
 545 0090 11       		.uleb128 0x11
 546 0091 01       		.uleb128 0x1
 547 0092 9542     		.uleb128 0x2115
 548 0094 19       		.uleb128 0x19
 549 0095 31       		.uleb128 0x31
 550 0096 13       		.uleb128 0x13
 551 0097 00       		.byte	0
 552 0098 00       		.byte	0
 553 0099 0C       		.uleb128 0xc
 554 009a 34       		.uleb128 0x34
 555 009b 00       		.byte	0
 556 009c 03       		.uleb128 0x3
 557 009d 0E       		.uleb128 0xe
 558 009e 3A       		.uleb128 0x3a
 559 009f 0B       		.uleb128 0xb
 560 00a0 3B       		.uleb128 0x3b
 561 00a1 0B       		.uleb128 0xb
 562 00a2 49       		.uleb128 0x49
 563 00a3 13       		.uleb128 0x13
 564 00a4 02       		.uleb128 0x2
 565 00a5 18       		.uleb128 0x18
 566 00a6 00       		.byte	0
 567 00a7 00       		.byte	0
 568 00a8 0D       		.uleb128 0xd
 569 00a9 2E       		.uleb128 0x2e
 570 00aa 00       		.byte	0
 571 00ab 3F       		.uleb128 0x3f
 572 00ac 19       		.uleb128 0x19
 573 00ad 3C       		.uleb128 0x3c
 574 00ae 19       		.uleb128 0x19
 575 00af 6E       		.uleb128 0x6e
 576 00b0 0E       		.uleb128 0xe
 577 00b1 03       		.uleb128 0x3
ARM GAS  C:\Users\chemi\AppData\Local\Temp\ccDJH09B.s 			page 14


 578 00b2 0E       		.uleb128 0xe
 579 00b3 3A       		.uleb128 0x3a
 580 00b4 0B       		.uleb128 0xb
 581 00b5 3B       		.uleb128 0x3b
 582 00b6 0B       		.uleb128 0xb
 583 00b7 00       		.byte	0
 584 00b8 00       		.byte	0
 585 00b9 00       		.byte	0
 586              		.section	.debug_aranges,"",%progbits
 587 0000 34000000 		.4byte	0x34
 588 0004 0200     		.2byte	0x2
 589 0006 00000000 		.4byte	.Ldebug_info0
 590 000a 04       		.byte	0x4
 591 000b 00       		.byte	0
 592 000c 0000     		.2byte	0
 593 000e 0000     		.2byte	0
 594 0010 00000000 		.4byte	.LFB0
 595 0014 18000000 		.4byte	.LFE0-.LFB0
 596 0018 00000000 		.4byte	.LFB1
 597 001c 18000000 		.4byte	.LFE1-.LFB1
 598 0020 00000000 		.4byte	.LFB2
 599 0024 28000000 		.4byte	.LFE2-.LFB2
 600 0028 00000000 		.4byte	.LFB3
 601 002c 1C000000 		.4byte	.LFE3-.LFB3
 602 0030 00000000 		.4byte	0
 603 0034 00000000 		.4byte	0
 604              		.section	.debug_ranges,"",%progbits
 605              	.Ldebug_ranges0:
 606 0000 00000000 		.4byte	.LFB0
 607 0004 18000000 		.4byte	.LFE0
 608 0008 00000000 		.4byte	.LFB1
 609 000c 18000000 		.4byte	.LFE1
 610 0010 00000000 		.4byte	.LFB2
 611 0014 28000000 		.4byte	.LFE2
 612 0018 00000000 		.4byte	.LFB3
 613 001c 1C000000 		.4byte	.LFE3
 614 0020 00000000 		.4byte	0
 615 0024 00000000 		.4byte	0
 616              		.section	.debug_line,"",%progbits
 617              	.Ldebug_line0:
 618 0000 B3000000 		.section	.debug_str,"MS",%progbits,1
 618      02005C00 
 618      00000201 
 618      FB0E0D00 
 618      01010101 
 619              	.LASF21:
 620 0000 5A43445F 		.ascii	"ZCD_counter_Sleep\000"
 620      636F756E 
 620      7465725F 
 620      536C6565 
 620      7000
 621              	.LASF3:
 622 0012 73686F72 		.ascii	"short unsigned int\000"
 622      7420756E 
 622      7369676E 
 622      65642069 
 622      6E7400
ARM GAS  C:\Users\chemi\AppData\Local\Temp\ccDJH09B.s 			page 15


 623              	.LASF22:
 624 0025 5A43445F 		.ascii	"ZCD_counter_Wakeup\000"
 624      636F756E 
 624      7465725F 
 624      57616B65 
 624      757000
 625              	.LASF16:
 626 0038 436F756E 		.ascii	"CounterUdb\000"
 626      74657255 
 626      646200
 627              	.LASF19:
 628 0043 5A43445F 		.ascii	"ZCD_counter_SaveConfig\000"
 628      636F756E 
 628      7465725F 
 628      53617665 
 628      436F6E66 
 629              	.LASF32:
 630 005a 5A43445F 		.ascii	"ZCD_counter_backup\000"
 630      636F756E 
 630      7465725F 
 630      6261636B 
 630      757000
 631              	.LASF9:
 632 006d 666C6F61 		.ascii	"float\000"
 632      7400
 633              	.LASF1:
 634 0073 756E7369 		.ascii	"unsigned char\000"
 634      676E6564 
 634      20636861 
 634      7200
 635              	.LASF13:
 636 0081 72656738 		.ascii	"reg8\000"
 636      00
 637              	.LASF5:
 638 0086 6C6F6E67 		.ascii	"long unsigned int\000"
 638      20756E73 
 638      69676E65 
 638      6420696E 
 638      7400
 639              	.LASF29:
 640 0098 474E5520 		.ascii	"GNU C99 5.4.1 20160609 (release) [ARM/embedded-5-br"
 640      43393920 
 640      352E342E 
 640      31203230 
 640      31363036 
 641 00cb 616E6368 		.ascii	"anch revision 237715] -mcpu=cortex-m3 -mthumb -g -O"
 641      20726576 
 641      6973696F 
 641      6E203233 
 641      37373135 
 642 00fe 73202D73 		.ascii	"s -std=gnu99 -ffunction-sections -ffat-lto-objects\000"
 642      74643D67 
 642      6E753939 
 642      202D6666 
 642      756E6374 
 643              	.LASF12:
 644 0131 75696E74 		.ascii	"uint8\000"
ARM GAS  C:\Users\chemi\AppData\Local\Temp\ccDJH09B.s 			page 16


 644      3800
 645              	.LASF24:
 646 0137 5A43445F 		.ascii	"ZCD_counter_ReadControlRegister\000"
 646      636F756E 
 646      7465725F 
 646      52656164 
 646      436F6E74 
 647              	.LASF10:
 648 0157 646F7562 		.ascii	"double\000"
 648      6C6500
 649              	.LASF25:
 650 015e 5A43445F 		.ascii	"ZCD_counter_WriteCounter\000"
 650      636F756E 
 650      7465725F 
 650      57726974 
 650      65436F75 
 651              	.LASF8:
 652 0177 756E7369 		.ascii	"unsigned int\000"
 652      676E6564 
 652      20696E74 
 652      00
 653              	.LASF7:
 654 0184 6C6F6E67 		.ascii	"long long unsigned int\000"
 654      206C6F6E 
 654      6720756E 
 654      7369676E 
 654      65642069 
 655              	.LASF27:
 656 019b 5A43445F 		.ascii	"ZCD_counter_Stop\000"
 656      636F756E 
 656      7465725F 
 656      53746F70 
 656      00
 657              	.LASF14:
 658 01ac 73697A65 		.ascii	"sizetype\000"
 658      74797065 
 658      00
 659              	.LASF15:
 660 01b5 436F756E 		.ascii	"CounterEnableState\000"
 660      74657245 
 660      6E61626C 
 660      65537461 
 660      746500
 661              	.LASF6:
 662 01c8 6C6F6E67 		.ascii	"long long int\000"
 662      206C6F6E 
 662      6720696E 
 662      7400
 663              	.LASF17:
 664 01d6 436F756E 		.ascii	"CounterControlRegister\000"
 664      74657243 
 664      6F6E7472 
 664      6F6C5265 
 664      67697374 
 665              	.LASF11:
 666 01ed 63686172 		.ascii	"char\000"
 666      00
ARM GAS  C:\Users\chemi\AppData\Local\Temp\ccDJH09B.s 			page 17


 667              	.LASF26:
 668 01f2 5A43445F 		.ascii	"ZCD_counter_WriteControlRegister\000"
 668      636F756E 
 668      7465725F 
 668      57726974 
 668      65436F6E 
 669              	.LASF2:
 670 0213 73686F72 		.ascii	"short int\000"
 670      7420696E 
 670      7400
 671              	.LASF20:
 672 021d 5A43445F 		.ascii	"ZCD_counter_RestoreConfig\000"
 672      636F756E 
 672      7465725F 
 672      52657374 
 672      6F726543 
 673              	.LASF31:
 674 0237 433A5C55 		.ascii	"C:\\Users\\chemi\\UD3_QCW\\UD3_QFN.cydsn\000"
 674      73657273 
 674      5C636865 
 674      6D695C55 
 674      44335F51 
 675              	.LASF4:
 676 025c 6C6F6E67 		.ascii	"long int\000"
 676      20696E74 
 676      00
 677              	.LASF18:
 678 0265 5A43445F 		.ascii	"ZCD_counter_backupStruct\000"
 678      636F756E 
 678      7465725F 
 678      6261636B 
 678      75705374 
 679              	.LASF28:
 680 027e 5A43445F 		.ascii	"ZCD_counter_Enable\000"
 680      636F756E 
 680      7465725F 
 680      456E6162 
 680      6C6500
 681              	.LASF0:
 682 0291 7369676E 		.ascii	"signed char\000"
 682      65642063 
 682      68617200 
 683              	.LASF30:
 684 029d 47656E65 		.ascii	"Generated_Source\\PSoC5\\ZCD_counter_PM.c\000"
 684      72617465 
 684      645F536F 
 684      75726365 
 684      5C50536F 
 685              	.LASF23:
 686 02c5 5A43445F 		.ascii	"ZCD_counter_ReadCounter\000"
 686      636F756E 
 686      7465725F 
 686      52656164 
 686      436F756E 
 687              		.ident	"GCC: (GNU Tools for ARM Embedded Processors) 5.4.1 20160609 (release) [ARM/embedded-5-bran
