ARM GAS  C:\Users\chemi\AppData\Local\Temp\ccwkHjiA.s 			page 1


   1              		.syntax unified
   2              		.cpu cortex-m3
   3              		.fpu softvfp
   4              		.eabi_attribute 20, 1
   5              		.eabi_attribute 21, 1
   6              		.eabi_attribute 23, 3
   7              		.eabi_attribute 24, 1
   8              		.eabi_attribute 25, 1
   9              		.eabi_attribute 26, 1
  10              		.eabi_attribute 30, 4
  11              		.eabi_attribute 34, 1
  12              		.eabi_attribute 18, 4
  13              		.thumb
  14              		.syntax unified
  15              		.file	"cli_basic.c"
  16              		.text
  17              	.Ltext0:
  18              		.cfi_sections	.debug_frame
  19              		.section	.text.djb_hash,"ax",%progbits
  20              		.align	1
  21              		.global	djb_hash
  22              		.thumb
  23              		.thumb_func
  24              		.type	djb_hash, %function
  25              	djb_hash:
  26              	.LFB63:
  27              		.file 1 "..\\common\\uart_ldr\\cli_basic.c"
   1:..\common\uart_ldr/cli_basic.c **** #include "cli_basic.h"
   2:..\common\uart_ldr/cli_basic.c **** 
   3:..\common\uart_ldr/cli_basic.c **** #include <project.h>
   4:..\common\uart_ldr/cli_basic.c **** 
   5:..\common\uart_ldr/cli_basic.c **** uint16_t byte_cnt;
   6:..\common\uart_ldr/cli_basic.c **** 
   7:..\common\uart_ldr/cli_basic.c **** 
   8:..\common\uart_ldr/cli_basic.c **** #define EEPROM_READ_BYTE(x) EEPROM_1_ReadByte(x)
   9:..\common\uart_ldr/cli_basic.c **** #define EEPROM_WRITE_ROW(x,y) EEPROM_1_Write(y,x)
  10:..\common\uart_ldr/cli_basic.c **** 
  11:..\common\uart_ldr/cli_basic.c **** uint32_t djb_hash(const char* cp)
  12:..\common\uart_ldr/cli_basic.c **** {
  28              		.loc 1 12 0
  29              		.cfi_startproc
  30              		@ args = 0, pretend = 0, frame = 0
  31              		@ frame_needed = 0, uses_anonymous_args = 0
  32              		@ link register save eliminated.
  33              	.LVL0:
  34 0000 421E     		subs	r2, r0, #1
  13:..\common\uart_ldr/cli_basic.c ****     uint32_t hash = 5381;
  35              		.loc 1 13 0
  36 0002 41F20550 		movw	r0, #5381
  37              	.LVL1:
  38              	.L2:
  14:..\common\uart_ldr/cli_basic.c ****     while (*cp)
  39              		.loc 1 14 0
  40 0006 12F8013F 		ldrb	r3, [r2, #1]!	@ zero_extendqisi2
  41              	.LVL2:
  42 000a 1BB1     		cbz	r3, .L5
  15:..\common\uart_ldr/cli_basic.c ****         hash = 33 * hash ^ (unsigned char) *cp++;
ARM GAS  C:\Users\chemi\AppData\Local\Temp\ccwkHjiA.s 			page 2


  43              		.loc 1 15 0
  44 000c 00EB4010 		add	r0, r0, r0, lsl #5
  45              	.LVL3:
  46 0010 5840     		eors	r0, r0, r3
  47              	.LVL4:
  48 0012 F8E7     		b	.L2
  49              	.LVL5:
  50              	.L5:
  16:..\common\uart_ldr/cli_basic.c ****     return hash;
  17:..\common\uart_ldr/cli_basic.c **** }
  51              		.loc 1 17 0
  52 0014 7047     		bx	lr
  53              		.cfi_endproc
  54              	.LFE63:
  55              		.size	djb_hash, .-djb_hash
  56              		.section	.text.EEPROM_read_conf,"ax",%progbits
  57              		.align	1
  58              		.global	EEPROM_read_conf
  59              		.thumb
  60              		.thumb_func
  61              		.type	EEPROM_read_conf, %function
  62              	EEPROM_read_conf:
  63              	.LFB64:
  18:..\common\uart_ldr/cli_basic.c **** 
  19:..\common\uart_ldr/cli_basic.c **** void EEPROM_read_conf(parameter_entry * params, uint8_t param_size, uint16_t eeprom_offset ,uint8_t
  64              		.loc 1 19 0
  65              		.cfi_startproc
  66              		@ args = 0, pretend = 0, frame = 8
  67              		@ frame_needed = 0, uses_anonymous_args = 0
  68              	.LVL6:
  69 0000 2DE9F347 		push	{r0, r1, r4, r5, r6, r7, r8, r9, r10, lr}
  70              		.cfi_def_cfa_offset 40
  71              		.cfi_offset 4, -32
  72              		.cfi_offset 5, -28
  73              		.cfi_offset 6, -24
  74              		.cfi_offset 7, -20
  75              		.cfi_offset 8, -16
  76              		.cfi_offset 9, -12
  77              		.cfi_offset 10, -8
  78              		.cfi_offset 14, -4
  79              		.loc 1 19 0
  80 0004 0746     		mov	r7, r0
  81 0006 0E46     		mov	r6, r1
  82 0008 1446     		mov	r4, r2
  83              	.LVL7:
  84              	.LBB2:
  20:..\common\uart_ldr/cli_basic.c ****     uint16_t addr=eeprom_offset;
  21:..\common\uart_ldr/cli_basic.c ****     uint32_t temp_hash=0;
  22:..\common\uart_ldr/cli_basic.c ****     uint8_t data[DATASET_BYTES];
  23:..\common\uart_ldr/cli_basic.c ****     uint16_t change_count=0;
  24:..\common\uart_ldr/cli_basic.c ****     uint8_t change_flag=0;
  25:..\common\uart_ldr/cli_basic.c ****         for(int i=0;i<DATASET_BYTES;i++){
  85              		.loc 1 25 0
  86 000a 0025     		movs	r5, #0
  87              	.LVL8:
  88              	.L7:
  26:..\common\uart_ldr/cli_basic.c ****             data[i] = EEPROM_READ_BYTE(addr);
ARM GAS  C:\Users\chemi\AppData\Local\Temp\ccwkHjiA.s 			page 3


  89              		.loc 1 26 0 discriminator 3
  90 000c 6019     		adds	r0, r4, r5
  91 000e 80B2     		uxth	r0, r0
  92 0010 FFF7FEFF 		bl	EEPROM_1_ReadByte
  93              	.LVL9:
  94 0014 0DF80500 		strb	r0, [sp, r5]
  95              	.LVL10:
  25:..\common\uart_ldr/cli_basic.c ****             data[i] = EEPROM_READ_BYTE(addr);
  96              		.loc 1 25 0 discriminator 3
  97 0018 0135     		adds	r5, r5, #1
  98              	.LVL11:
  99 001a 052D     		cmp	r5, #5
 100 001c F6D1     		bne	.L7
 101              	.LBE2:
  27:..\common\uart_ldr/cli_basic.c ****             addr++;
  28:..\common\uart_ldr/cli_basic.c ****         }
  29:..\common\uart_ldr/cli_basic.c ****         if(!(data[0]== 0x00 && data[1] == 0xC0 && data[2] == 0xFF && data[3] == 0xEE)) {
 102              		.loc 1 29 0
 103 001e 9DF80030 		ldrb	r3, [sp]	@ zero_extendqisi2
 104 0022 0534     		adds	r4, r4, #5
 105 0024 A4B2     		uxth	r4, r4
 106 0026 002B     		cmp	r3, #0
 107 0028 65D1     		bne	.L6
 108              		.loc 1 29 0 is_stmt 0 discriminator 1
 109 002a 9DF80130 		ldrb	r3, [sp, #1]	@ zero_extendqisi2
 110 002e C02B     		cmp	r3, #192
 111 0030 61D1     		bne	.L6
 112              		.loc 1 29 0 discriminator 2
 113 0032 9DF80230 		ldrb	r3, [sp, #2]	@ zero_extendqisi2
 114 0036 FF2B     		cmp	r3, #255
 115 0038 5DD1     		bne	.L6
 116              		.loc 1 29 0 discriminator 3
 117 003a 9DF80330 		ldrb	r3, [sp, #3]	@ zero_extendqisi2
 118 003e EE2B     		cmp	r3, #238
 119 0040 59D1     		bne	.L6
 120 0042 07EB0616 		add	r6, r7, r6, lsl #4
 121              	.LVL12:
 122              	.L9:
  30:..\common\uart_ldr/cli_basic.c ****             return;
  31:..\common\uart_ldr/cli_basic.c ****         }
  32:..\common\uart_ldr/cli_basic.c **** 
  33:..\common\uart_ldr/cli_basic.c ****     while(addr<CY_EEPROM_SIZE){
 123              		.loc 1 33 0 is_stmt 1
 124 0046 B4F5006F 		cmp	r4, #2048
 125 004a 54D2     		bcs	.L6
 126 004c 0025     		movs	r5, #0
 127              	.LVL13:
 128              	.L10:
 129              	.LBB3:
 130              	.LBB4:
  34:..\common\uart_ldr/cli_basic.c ****         change_flag=0;
  35:..\common\uart_ldr/cli_basic.c ****         for(int i=0;i<DATASET_BYTES;i++){
  36:..\common\uart_ldr/cli_basic.c ****             data[i] = EEPROM_READ_BYTE(addr);
 131              		.loc 1 36 0 discriminator 3
 132 004e 6019     		adds	r0, r4, r5
 133 0050 80B2     		uxth	r0, r0
 134 0052 FFF7FEFF 		bl	EEPROM_1_ReadByte
ARM GAS  C:\Users\chemi\AppData\Local\Temp\ccwkHjiA.s 			page 4


 135              	.LVL14:
 136 0056 0DF80500 		strb	r0, [sp, r5]
 137              	.LVL15:
  35:..\common\uart_ldr/cli_basic.c ****             data[i] = EEPROM_READ_BYTE(addr);
 138              		.loc 1 35 0 discriminator 3
 139 005a 0135     		adds	r5, r5, #1
 140              	.LVL16:
 141 005c 052D     		cmp	r5, #5
 142 005e F6D1     		bne	.L10
 143              	.LBE4:
  37:..\common\uart_ldr/cli_basic.c ****             addr++;
  38:..\common\uart_ldr/cli_basic.c ****         }
  39:..\common\uart_ldr/cli_basic.c ****         if(data[0]== 0xDE && data[1] == 0xAD && data[2] == 0xBE && data[3] == 0xEF) break;
 144              		.loc 1 39 0
 145 0060 9DF80010 		ldrb	r1, [sp]	@ zero_extendqisi2
 146 0064 9DF80150 		ldrb	r5, [sp, #1]	@ zero_extendqisi2
 147              	.LVL17:
 148 0068 DE29     		cmp	r1, #222
 149 006a 9DF80290 		ldrb	r9, [sp, #2]	@ zero_extendqisi2
 150 006e 9DF803A0 		ldrb	r10, [sp, #3]	@ zero_extendqisi2
 151 0072 01D1     		bne	.L11
 152              		.loc 1 39 0 is_stmt 0 discriminator 1
 153 0074 AD2D     		cmp	r5, #173
 154 0076 01D0     		beq	.L12
 155              	.L11:
 156 0078 B846     		mov	r8, r7
 157 007a 0CE0     		b	.L13
 158              	.L12:
 159              		.loc 1 39 0 discriminator 2
 160 007c B9F1BE0F 		cmp	r9, #190
 161 0080 FAD1     		bne	.L11
 162              		.loc 1 39 0 discriminator 3
 163 0082 BAF1EF0F 		cmp	r10, #239
 164 0086 F7D1     		bne	.L11
 165 0088 35E0     		b	.L6
 166              	.L19:
  40:..\common\uart_ldr/cli_basic.c ****         uint8_t current_parameter=0;
  41:..\common\uart_ldr/cli_basic.c ****         for ( current_parameter = 0; current_parameter < param_size; current_parameter++) {
  42:..\common\uart_ldr/cli_basic.c ****             if(params[current_parameter].parameter_type==PARAM_CONFIG){
 167              		.loc 1 42 0 is_stmt 1
 168 008a 98F80030 		ldrb	r3, [r8]	@ zero_extendqisi2
 169 008e 012B     		cmp	r3, #1
 170 0090 04D0     		beq	.L26
 171              	.L15:
 172 0092 08F11008 		add	r8, r8, #16
 173              	.L13:
  41:..\common\uart_ldr/cli_basic.c ****             if(params[current_parameter].parameter_type==PARAM_CONFIG){
 174              		.loc 1 41 0 discriminator 1
 175 0096 B045     		cmp	r8, r6
 176 0098 F7D1     		bne	.L19
 177 009a 25E0     		b	.L27
 178              	.L26:
  43:..\common\uart_ldr/cli_basic.c ****                 temp_hash=djb_hash(params[current_parameter].name);
 179              		.loc 1 43 0
 180 009c D8F80400 		ldr	r0, [r8, #4]
 181 00a0 FFF7FEFF 		bl	djb_hash
 182              	.LVL18:
ARM GAS  C:\Users\chemi\AppData\Local\Temp\ccwkHjiA.s 			page 5


  44:..\common\uart_ldr/cli_basic.c ****                 if((uint8_t)temp_hash == data[0] && (uint8_t)(temp_hash>>8) == data[1]&& (uint8_t)(
 183              		.loc 1 44 0
 184 00a4 C3B2     		uxtb	r3, r0
 185 00a6 8B42     		cmp	r3, r1
 186 00a8 F3D1     		bne	.L15
 187              		.loc 1 44 0 is_stmt 0 discriminator 1
 188 00aa C0F30723 		ubfx	r3, r0, #8, #8
 189 00ae AB42     		cmp	r3, r5
 190 00b0 EFD1     		bne	.L15
 191              		.loc 1 44 0 discriminator 2
 192 00b2 C0F30743 		ubfx	r3, r0, #16, #8
 193 00b6 4B45     		cmp	r3, r9
 194 00b8 EBD1     		bne	.L15
 195              		.loc 1 44 0 discriminator 3
 196 00ba BAEB106F 		cmp	r10, r0, lsr #24
 197 00be E8D1     		bne	.L15
 198 00c0 0534     		adds	r4, r4, #5
 199 00c2 0023     		movs	r3, #0
 200 00c4 A4B2     		uxth	r4, r4
 201              	.LVL19:
 202              	.L16:
 203              	.LBB5:
  45:..\common\uart_ldr/cli_basic.c ****                     for(uint8_t i=0;i<data[4];i++){
 204              		.loc 1 45 0 is_stmt 1 discriminator 1
 205 00c6 9DF80420 		ldrb	r2, [sp, #4]	@ zero_extendqisi2
 206 00ca DDB2     		uxtb	r5, r3
 207 00cc E018     		adds	r0, r4, r3
 208 00ce AA42     		cmp	r2, r5
 209 00d0 80B2     		uxth	r0, r0
 210              	.LVL20:
 211 00d2 03F10109 		add	r9, r3, #1
 212 00d6 0CD9     		bls	.L18
  46:..\common\uart_ldr/cli_basic.c ****                         *(i+(uint8_t * )params[current_parameter].value) = EEPROM_READ_BYTE(addr);
 213              		.loc 1 46 0 discriminator 3
 214 00d8 D8F808A0 		ldr	r10, [r8, #8]
 215 00dc FFF7FEFF 		bl	EEPROM_1_ReadByte
 216              	.LVL21:
 217 00e0 4B46     		mov	r3, r9
 218 00e2 0AF80500 		strb	r0, [r10, r5]
 219              	.LVL22:
 220 00e6 EEE7     		b	.L16
 221              	.LVL23:
 222              	.L27:
 223              	.LBE5:
  47:..\common\uart_ldr/cli_basic.c ****                         addr++;
  48:..\common\uart_ldr/cli_basic.c ****                     }
  49:..\common\uart_ldr/cli_basic.c ****                     change_count++;
  50:..\common\uart_ldr/cli_basic.c ****                     change_flag=1;
  51:..\common\uart_ldr/cli_basic.c ****                     break;
  52:..\common\uart_ldr/cli_basic.c ****                 }
  53:..\common\uart_ldr/cli_basic.c ****             }
  54:..\common\uart_ldr/cli_basic.c ****         }
  55:..\common\uart_ldr/cli_basic.c ****         if(!change_flag) addr+=data[4];
 224              		.loc 1 55 0
 225 00e8 9DF80400 		ldrb	r0, [sp, #4]	@ zero_extendqisi2
 226 00ec 0530     		adds	r0, r0, #5
 227 00ee 0444     		add	r4, r4, r0
ARM GAS  C:\Users\chemi\AppData\Local\Temp\ccwkHjiA.s 			page 6


 228              	.LVL24:
 229 00f0 A0B2     		uxth	r0, r4
 230              	.LVL25:
 231              	.L18:
 232              	.LBB6:
  46:..\common\uart_ldr/cli_basic.c ****                         *(i+(uint8_t * )params[current_parameter].value) = EEPROM_READ_BYTE(addr);
 233              		.loc 1 46 0
 234 00f2 0446     		mov	r4, r0
 235 00f4 A7E7     		b	.L9
 236              	.LVL26:
 237              	.L6:
 238              	.LBE6:
 239              	.LBE3:
  56:..\common\uart_ldr/cli_basic.c ****        
  57:..\common\uart_ldr/cli_basic.c **** 
  58:..\common\uart_ldr/cli_basic.c ****     }
  59:..\common\uart_ldr/cli_basic.c ****  }
 240              		.loc 1 59 0
 241 00f6 02B0     		add	sp, sp, #8
 242              		.cfi_def_cfa_offset 32
 243              		@ sp needed
 244 00f8 BDE8F087 		pop	{r4, r5, r6, r7, r8, r9, r10, pc}
 245              		.cfi_endproc
 246              	.LFE64:
 247              		.size	EEPROM_read_conf, .-EEPROM_read_conf
 248              		.comm	byte_cnt,2,2
 249              		.text
 250              	.Letext0:
 251              		.file 2 "c:\\program files (x86)\\cypress\\psoc creator\\4.4\\psoc creator\\import\\gnu\\arm\\5.4.
 252              		.file 3 "c:\\program files (x86)\\cypress\\psoc creator\\4.4\\psoc creator\\import\\gnu\\arm\\5.4.
 253              		.file 4 "..\\common\\uart_ldr\\cli_basic.h"
 254              		.file 5 "Generated_Source\\PSoC5/core_cm3.h"
 255              		.file 6 "Generated_Source\\PSoC5/EEPROM_1.h"
 256              		.section	.debug_info,"",%progbits
 257              	.Ldebug_info0:
 258 0000 02030000 		.4byte	0x302
 259 0004 0400     		.2byte	0x4
 260 0006 00000000 		.4byte	.Ldebug_abbrev0
 261 000a 04       		.byte	0x4
 262 000b 01       		.uleb128 0x1
 263 000c 79010000 		.4byte	.LASF40
 264 0010 0C       		.byte	0xc
 265 0011 73000000 		.4byte	.LASF41
 266 0015 A4000000 		.4byte	.LASF42
 267 0019 18000000 		.4byte	.Ldebug_ranges0+0x18
 268 001d 00000000 		.4byte	0
 269 0021 00000000 		.4byte	.Ldebug_line0
 270 0025 02       		.uleb128 0x2
 271 0026 01       		.byte	0x1
 272 0027 06       		.byte	0x6
 273 0028 A0020000 		.4byte	.LASF0
 274 002c 03       		.uleb128 0x3
 275 002d 0A000000 		.4byte	.LASF3
 276 0031 02       		.byte	0x2
 277 0032 1D       		.byte	0x1d
 278 0033 37000000 		.4byte	0x37
 279 0037 02       		.uleb128 0x2
ARM GAS  C:\Users\chemi\AppData\Local\Temp\ccwkHjiA.s 			page 7


 280 0038 01       		.byte	0x1
 281 0039 08       		.byte	0x8
 282 003a 1B010000 		.4byte	.LASF1
 283 003e 02       		.uleb128 0x2
 284 003f 02       		.byte	0x2
 285 0040 05       		.byte	0x5
 286 0041 51020000 		.4byte	.LASF2
 287 0045 03       		.uleb128 0x3
 288 0046 30010000 		.4byte	.LASF4
 289 004a 02       		.byte	0x2
 290 004b 2B       		.byte	0x2b
 291 004c 50000000 		.4byte	0x50
 292 0050 02       		.uleb128 0x2
 293 0051 02       		.byte	0x2
 294 0052 07       		.byte	0x7
 295 0053 55000000 		.4byte	.LASF5
 296 0057 03       		.uleb128 0x3
 297 0058 4B000000 		.4byte	.LASF6
 298 005c 02       		.byte	0x2
 299 005d 3F       		.byte	0x3f
 300 005e 62000000 		.4byte	0x62
 301 0062 02       		.uleb128 0x2
 302 0063 04       		.byte	0x4
 303 0064 05       		.byte	0x5
 304 0065 7E020000 		.4byte	.LASF7
 305 0069 03       		.uleb128 0x3
 306 006a 42010000 		.4byte	.LASF8
 307 006e 02       		.byte	0x2
 308 006f 41       		.byte	0x41
 309 0070 74000000 		.4byte	0x74
 310 0074 02       		.uleb128 0x2
 311 0075 04       		.byte	0x4
 312 0076 07       		.byte	0x7
 313 0077 E2000000 		.4byte	.LASF9
 314 007b 02       		.uleb128 0x2
 315 007c 08       		.byte	0x8
 316 007d 05       		.byte	0x5
 317 007e 34020000 		.4byte	.LASF10
 318 0082 02       		.uleb128 0x2
 319 0083 08       		.byte	0x8
 320 0084 07       		.byte	0x7
 321 0085 5A010000 		.4byte	.LASF11
 322 0089 04       		.uleb128 0x4
 323 008a 04       		.byte	0x4
 324 008b 05       		.byte	0x5
 325 008c 696E7400 		.ascii	"int\000"
 326 0090 02       		.uleb128 0x2
 327 0091 04       		.byte	0x4
 328 0092 07       		.byte	0x7
 329 0093 4D010000 		.4byte	.LASF12
 330 0097 03       		.uleb128 0x3
 331 0098 71010000 		.4byte	.LASF13
 332 009c 03       		.byte	0x3
 333 009d 18       		.byte	0x18
 334 009e 2C000000 		.4byte	0x2c
 335 00a2 03       		.uleb128 0x3
 336 00a3 6C020000 		.4byte	.LASF14
ARM GAS  C:\Users\chemi\AppData\Local\Temp\ccwkHjiA.s 			page 8


 337 00a7 03       		.byte	0x3
 338 00a8 24       		.byte	0x24
 339 00a9 45000000 		.4byte	0x45
 340 00ad 03       		.uleb128 0x3
 341 00ae 23020000 		.4byte	.LASF15
 342 00b2 03       		.byte	0x3
 343 00b3 2C       		.byte	0x2c
 344 00b4 57000000 		.4byte	0x57
 345 00b8 03       		.uleb128 0x3
 346 00b9 75020000 		.4byte	.LASF16
 347 00bd 03       		.byte	0x3
 348 00be 30       		.byte	0x30
 349 00bf 69000000 		.4byte	0x69
 350 00c3 03       		.uleb128 0x3
 351 00c4 23000000 		.4byte	.LASF17
 352 00c8 04       		.byte	0x4
 353 00c9 3B       		.byte	0x3b
 354 00ca CE000000 		.4byte	0xce
 355 00ce 05       		.uleb128 0x5
 356 00cf 07020000 		.4byte	.LASF43
 357 00d3 10       		.byte	0x10
 358 00d4 04       		.byte	0x4
 359 00d5 3C       		.byte	0x3c
 360 00d6 17010000 		.4byte	0x117
 361 00da 06       		.uleb128 0x6
 362 00db 14000000 		.4byte	.LASF18
 363 00df 04       		.byte	0x4
 364 00e0 3D       		.byte	0x3d
 365 00e1 17010000 		.4byte	0x117
 366 00e5 00       		.byte	0
 367 00e6 06       		.uleb128 0x6
 368 00e7 BA020000 		.4byte	.LASF19
 369 00eb 04       		.byte	0x4
 370 00ec 3E       		.byte	0x3e
 371 00ed 1C010000 		.4byte	0x11c
 372 00f1 04       		.byte	0x4
 373 00f2 06       		.uleb128 0x6
 374 00f3 45000000 		.4byte	.LASF20
 375 00f7 04       		.byte	0x4
 376 00f8 3F       		.byte	0x3f
 377 00f9 2E010000 		.4byte	0x12e
 378 00fd 08       		.byte	0x8
 379 00fe 06       		.uleb128 0x6
 380 00ff DD000000 		.4byte	.LASF21
 381 0103 04       		.byte	0x4
 382 0104 40       		.byte	0x40
 383 0105 17010000 		.4byte	0x117
 384 0109 0C       		.byte	0xc
 385 010a 06       		.uleb128 0x6
 386 010b 4C020000 		.4byte	.LASF22
 387 010f 04       		.byte	0x4
 388 0110 41       		.byte	0x41
 389 0111 17010000 		.4byte	0x117
 390 0115 0D       		.byte	0xd
 391 0116 00       		.byte	0
 392 0117 07       		.uleb128 0x7
 393 0118 97000000 		.4byte	0x97
ARM GAS  C:\Users\chemi\AppData\Local\Temp\ccwkHjiA.s 			page 9


 394 011c 08       		.uleb128 0x8
 395 011d 04       		.byte	0x4
 396 011e 29010000 		.4byte	0x129
 397 0122 02       		.uleb128 0x2
 398 0123 01       		.byte	0x1
 399 0124 08       		.byte	0x8
 400 0125 42020000 		.4byte	.LASF23
 401 0129 07       		.uleb128 0x7
 402 012a 22010000 		.4byte	0x122
 403 012e 09       		.uleb128 0x9
 404 012f 04       		.byte	0x4
 405 0130 02       		.uleb128 0x2
 406 0131 04       		.byte	0x4
 407 0132 04       		.byte	0x4
 408 0133 C9000000 		.4byte	.LASF24
 409 0137 02       		.uleb128 0x2
 410 0138 08       		.byte	0x8
 411 0139 04       		.byte	0x4
 412 013a 3B010000 		.4byte	.LASF25
 413 013e 02       		.uleb128 0x2
 414 013f 08       		.byte	0x8
 415 0140 04       		.byte	0x4
 416 0141 94020000 		.4byte	.LASF26
 417 0145 02       		.uleb128 0x2
 418 0146 04       		.byte	0x4
 419 0147 07       		.byte	0x7
 420 0148 2B020000 		.4byte	.LASF27
 421 014c 0A       		.uleb128 0xa
 422 014d D4000000 		.4byte	.LASF44
 423 0151 01       		.byte	0x1
 424 0152 0B       		.byte	0xb
 425 0153 B8000000 		.4byte	0xb8
 426 0157 00000000 		.4byte	.LFB63
 427 015b 16000000 		.4byte	.LFE63-.LFB63
 428 015f 01       		.uleb128 0x1
 429 0160 9C       		.byte	0x9c
 430 0161 83010000 		.4byte	0x183
 431 0165 0B       		.uleb128 0xb
 432 0166 637000   		.ascii	"cp\000"
 433 0169 01       		.byte	0x1
 434 016a 0B       		.byte	0xb
 435 016b 1C010000 		.4byte	0x11c
 436 016f 00000000 		.4byte	.LLST0
 437 0173 0C       		.uleb128 0xc
 438 0174 1E020000 		.4byte	.LASF32
 439 0178 01       		.byte	0x1
 440 0179 0D       		.byte	0xd
 441 017a B8000000 		.4byte	0xb8
 442 017e 43000000 		.4byte	.LLST1
 443 0182 00       		.byte	0
 444 0183 0D       		.uleb128 0xd
 445 0184 5B020000 		.4byte	.LASF45
 446 0188 01       		.byte	0x1
 447 0189 13       		.byte	0x13
 448 018a 00000000 		.4byte	.LFB64
 449 018e FC000000 		.4byte	.LFE64-.LFB64
 450 0192 01       		.uleb128 0x1
ARM GAS  C:\Users\chemi\AppData\Local\Temp\ccwkHjiA.s 			page 10


 451 0193 9C       		.byte	0x9c
 452 0194 C2020000 		.4byte	0x2c2
 453 0198 0E       		.uleb128 0xe
 454 0199 29010000 		.4byte	.LASF28
 455 019d 01       		.byte	0x1
 456 019e 13       		.byte	0x13
 457 019f C2020000 		.4byte	0x2c2
 458 01a3 6F000000 		.4byte	.LLST2
 459 01a7 0E       		.uleb128 0xe
 460 01a8 68000000 		.4byte	.LASF29
 461 01ac 01       		.byte	0x1
 462 01ad 13       		.byte	0x13
 463 01ae 97000000 		.4byte	0x97
 464 01b2 8D000000 		.4byte	.LLST3
 465 01b6 0E       		.uleb128 0xe
 466 01b7 AC020000 		.4byte	.LASF30
 467 01bb 01       		.byte	0x1
 468 01bc 13       		.byte	0x13
 469 01bd A2000000 		.4byte	0xa2
 470 01c1 AE000000 		.4byte	.LLST4
 471 01c5 0E       		.uleb128 0xe
 472 01c6 47020000 		.4byte	.LASF31
 473 01ca 01       		.byte	0x1
 474 01cb 13       		.byte	0x13
 475 01cc 97000000 		.4byte	0x97
 476 01d0 CF000000 		.4byte	.LLST5
 477 01d4 0C       		.uleb128 0xc
 478 01d5 F4000000 		.4byte	.LASF33
 479 01d9 01       		.byte	0x1
 480 01da 14       		.byte	0x14
 481 01db A2000000 		.4byte	0xa2
 482 01df F0000000 		.4byte	.LLST6
 483 01e3 0C       		.uleb128 0xc
 484 01e4 00000000 		.4byte	.LASF34
 485 01e8 01       		.byte	0x1
 486 01e9 15       		.byte	0x15
 487 01ea B8000000 		.4byte	0xb8
 488 01ee 87010000 		.4byte	.LLST7
 489 01f2 0F       		.uleb128 0xf
 490 01f3 CF000000 		.4byte	.LASF35
 491 01f7 01       		.byte	0x1
 492 01f8 16       		.byte	0x16
 493 01f9 C8020000 		.4byte	0x2c8
 494 01fd 02       		.uleb128 0x2
 495 01fe 91       		.byte	0x91
 496 01ff 58       		.sleb128 -40
 497 0200 0C       		.uleb128 0xc
 498 0201 87020000 		.4byte	.LASF36
 499 0205 01       		.byte	0x1
 500 0206 17       		.byte	0x17
 501 0207 A2000000 		.4byte	0xa2
 502 020b A6010000 		.4byte	.LLST8
 503 020f 10       		.uleb128 0x10
 504 0210 02010000 		.4byte	.LASF37
 505 0214 01       		.byte	0x1
 506 0215 18       		.byte	0x18
 507 0216 97000000 		.4byte	0x97
ARM GAS  C:\Users\chemi\AppData\Local\Temp\ccwkHjiA.s 			page 11


 508 021a 00       		.byte	0
 509 021b 11       		.uleb128 0x11
 510 021c 0A000000 		.4byte	.LBB2
 511 0220 14000000 		.4byte	.LBE2-.LBB2
 512 0224 49020000 		.4byte	0x249
 513 0228 12       		.uleb128 0x12
 514 0229 6900     		.ascii	"i\000"
 515 022b 01       		.byte	0x1
 516 022c 19       		.byte	0x19
 517 022d 89000000 		.4byte	0x89
 518 0231 BA010000 		.4byte	.LLST9
 519 0235 13       		.uleb128 0x13
 520 0236 14000000 		.4byte	.LVL9
 521 023a FA020000 		.4byte	0x2fa
 522 023e 14       		.uleb128 0x14
 523 023f 01       		.uleb128 0x1
 524 0240 50       		.byte	0x50
 525 0241 05       		.uleb128 0x5
 526 0242 74       		.byte	0x74
 527 0243 00       		.sleb128 0
 528 0244 75       		.byte	0x75
 529 0245 00       		.sleb128 0
 530 0246 22       		.byte	0x22
 531 0247 00       		.byte	0
 532 0248 00       		.byte	0
 533 0249 15       		.uleb128 0x15
 534 024a 4E000000 		.4byte	.LBB3
 535 024e A8000000 		.4byte	.LBE3-.LBB3
 536 0252 16       		.uleb128 0x16
 537 0253 92000000 		.4byte	.LASF46
 538 0257 01       		.byte	0x1
 539 0258 28       		.byte	0x28
 540 0259 97000000 		.4byte	0x97
 541 025d 11       		.uleb128 0x11
 542 025e 4E000000 		.4byte	.LBB4
 543 0262 12000000 		.4byte	.LBE4-.LBB4
 544 0266 8B020000 		.4byte	0x28b
 545 026a 12       		.uleb128 0x12
 546 026b 6900     		.ascii	"i\000"
 547 026d 01       		.byte	0x1
 548 026e 23       		.byte	0x23
 549 026f 89000000 		.4byte	0x89
 550 0273 D9010000 		.4byte	.LLST10
 551 0277 13       		.uleb128 0x13
 552 0278 56000000 		.4byte	.LVL14
 553 027c FA020000 		.4byte	0x2fa
 554 0280 14       		.uleb128 0x14
 555 0281 01       		.uleb128 0x1
 556 0282 50       		.byte	0x50
 557 0283 05       		.uleb128 0x5
 558 0284 74       		.byte	0x74
 559 0285 00       		.sleb128 0
 560 0286 75       		.byte	0x75
 561 0287 00       		.sleb128 0
 562 0288 22       		.byte	0x22
 563 0289 00       		.byte	0
 564 028a 00       		.byte	0
ARM GAS  C:\Users\chemi\AppData\Local\Temp\ccwkHjiA.s 			page 12


 565 028b 17       		.uleb128 0x17
 566 028c 00000000 		.4byte	.Ldebug_ranges0+0
 567 0290 B7020000 		.4byte	0x2b7
 568 0294 12       		.uleb128 0x12
 569 0295 6900     		.ascii	"i\000"
 570 0297 01       		.byte	0x1
 571 0298 2D       		.byte	0x2d
 572 0299 97000000 		.4byte	0x97
 573 029d EC010000 		.4byte	.LLST11
 574 02a1 13       		.uleb128 0x13
 575 02a2 E0000000 		.4byte	.LVL21
 576 02a6 FA020000 		.4byte	0x2fa
 577 02aa 14       		.uleb128 0x14
 578 02ab 01       		.uleb128 0x1
 579 02ac 50       		.byte	0x50
 580 02ad 07       		.uleb128 0x7
 581 02ae 74       		.byte	0x74
 582 02af 00       		.sleb128 0
 583 02b0 79       		.byte	0x79
 584 02b1 00       		.sleb128 0
 585 02b2 22       		.byte	0x22
 586 02b3 31       		.byte	0x31
 587 02b4 1C       		.byte	0x1c
 588 02b5 00       		.byte	0
 589 02b6 00       		.byte	0
 590 02b7 18       		.uleb128 0x18
 591 02b8 A4000000 		.4byte	.LVL18
 592 02bc 4C010000 		.4byte	0x14c
 593 02c0 00       		.byte	0
 594 02c1 00       		.byte	0
 595 02c2 08       		.uleb128 0x8
 596 02c3 04       		.byte	0x4
 597 02c4 C3000000 		.4byte	0xc3
 598 02c8 19       		.uleb128 0x19
 599 02c9 97000000 		.4byte	0x97
 600 02cd D8020000 		.4byte	0x2d8
 601 02d1 1A       		.uleb128 0x1a
 602 02d2 45010000 		.4byte	0x145
 603 02d6 04       		.byte	0x4
 604 02d7 00       		.byte	0
 605 02d8 1B       		.uleb128 0x1b
 606 02d9 0E010000 		.4byte	.LASF38
 607 02dd 05       		.byte	0x5
 608 02de 1207     		.2byte	0x712
 609 02e0 E4020000 		.4byte	0x2e4
 610 02e4 1C       		.uleb128 0x1c
 611 02e5 AD000000 		.4byte	0xad
 612 02e9 1D       		.uleb128 0x1d
 613 02ea F9000000 		.4byte	.LASF39
 614 02ee 01       		.byte	0x1
 615 02ef 05       		.byte	0x5
 616 02f0 A2000000 		.4byte	0xa2
 617 02f4 05       		.uleb128 0x5
 618 02f5 03       		.byte	0x3
 619 02f6 00000000 		.4byte	byte_cnt
 620 02fa 1E       		.uleb128 0x1e
 621 02fb 33000000 		.4byte	.LASF47
ARM GAS  C:\Users\chemi\AppData\Local\Temp\ccwkHjiA.s 			page 13


 622 02ff 33000000 		.4byte	.LASF47
 623 0303 06       		.byte	0x6
 624 0304 23       		.byte	0x23
 625 0305 00       		.byte	0
 626              		.section	.debug_abbrev,"",%progbits
 627              	.Ldebug_abbrev0:
 628 0000 01       		.uleb128 0x1
 629 0001 11       		.uleb128 0x11
 630 0002 01       		.byte	0x1
 631 0003 25       		.uleb128 0x25
 632 0004 0E       		.uleb128 0xe
 633 0005 13       		.uleb128 0x13
 634 0006 0B       		.uleb128 0xb
 635 0007 03       		.uleb128 0x3
 636 0008 0E       		.uleb128 0xe
 637 0009 1B       		.uleb128 0x1b
 638 000a 0E       		.uleb128 0xe
 639 000b 55       		.uleb128 0x55
 640 000c 17       		.uleb128 0x17
 641 000d 11       		.uleb128 0x11
 642 000e 01       		.uleb128 0x1
 643 000f 10       		.uleb128 0x10
 644 0010 17       		.uleb128 0x17
 645 0011 00       		.byte	0
 646 0012 00       		.byte	0
 647 0013 02       		.uleb128 0x2
 648 0014 24       		.uleb128 0x24
 649 0015 00       		.byte	0
 650 0016 0B       		.uleb128 0xb
 651 0017 0B       		.uleb128 0xb
 652 0018 3E       		.uleb128 0x3e
 653 0019 0B       		.uleb128 0xb
 654 001a 03       		.uleb128 0x3
 655 001b 0E       		.uleb128 0xe
 656 001c 00       		.byte	0
 657 001d 00       		.byte	0
 658 001e 03       		.uleb128 0x3
 659 001f 16       		.uleb128 0x16
 660 0020 00       		.byte	0
 661 0021 03       		.uleb128 0x3
 662 0022 0E       		.uleb128 0xe
 663 0023 3A       		.uleb128 0x3a
 664 0024 0B       		.uleb128 0xb
 665 0025 3B       		.uleb128 0x3b
 666 0026 0B       		.uleb128 0xb
 667 0027 49       		.uleb128 0x49
 668 0028 13       		.uleb128 0x13
 669 0029 00       		.byte	0
 670 002a 00       		.byte	0
 671 002b 04       		.uleb128 0x4
 672 002c 24       		.uleb128 0x24
 673 002d 00       		.byte	0
 674 002e 0B       		.uleb128 0xb
 675 002f 0B       		.uleb128 0xb
 676 0030 3E       		.uleb128 0x3e
 677 0031 0B       		.uleb128 0xb
 678 0032 03       		.uleb128 0x3
ARM GAS  C:\Users\chemi\AppData\Local\Temp\ccwkHjiA.s 			page 14


 679 0033 08       		.uleb128 0x8
 680 0034 00       		.byte	0
 681 0035 00       		.byte	0
 682 0036 05       		.uleb128 0x5
 683 0037 13       		.uleb128 0x13
 684 0038 01       		.byte	0x1
 685 0039 03       		.uleb128 0x3
 686 003a 0E       		.uleb128 0xe
 687 003b 0B       		.uleb128 0xb
 688 003c 0B       		.uleb128 0xb
 689 003d 3A       		.uleb128 0x3a
 690 003e 0B       		.uleb128 0xb
 691 003f 3B       		.uleb128 0x3b
 692 0040 0B       		.uleb128 0xb
 693 0041 01       		.uleb128 0x1
 694 0042 13       		.uleb128 0x13
 695 0043 00       		.byte	0
 696 0044 00       		.byte	0
 697 0045 06       		.uleb128 0x6
 698 0046 0D       		.uleb128 0xd
 699 0047 00       		.byte	0
 700 0048 03       		.uleb128 0x3
 701 0049 0E       		.uleb128 0xe
 702 004a 3A       		.uleb128 0x3a
 703 004b 0B       		.uleb128 0xb
 704 004c 3B       		.uleb128 0x3b
 705 004d 0B       		.uleb128 0xb
 706 004e 49       		.uleb128 0x49
 707 004f 13       		.uleb128 0x13
 708 0050 38       		.uleb128 0x38
 709 0051 0B       		.uleb128 0xb
 710 0052 00       		.byte	0
 711 0053 00       		.byte	0
 712 0054 07       		.uleb128 0x7
 713 0055 26       		.uleb128 0x26
 714 0056 00       		.byte	0
 715 0057 49       		.uleb128 0x49
 716 0058 13       		.uleb128 0x13
 717 0059 00       		.byte	0
 718 005a 00       		.byte	0
 719 005b 08       		.uleb128 0x8
 720 005c 0F       		.uleb128 0xf
 721 005d 00       		.byte	0
 722 005e 0B       		.uleb128 0xb
 723 005f 0B       		.uleb128 0xb
 724 0060 49       		.uleb128 0x49
 725 0061 13       		.uleb128 0x13
 726 0062 00       		.byte	0
 727 0063 00       		.byte	0
 728 0064 09       		.uleb128 0x9
 729 0065 0F       		.uleb128 0xf
 730 0066 00       		.byte	0
 731 0067 0B       		.uleb128 0xb
 732 0068 0B       		.uleb128 0xb
 733 0069 00       		.byte	0
 734 006a 00       		.byte	0
 735 006b 0A       		.uleb128 0xa
ARM GAS  C:\Users\chemi\AppData\Local\Temp\ccwkHjiA.s 			page 15


 736 006c 2E       		.uleb128 0x2e
 737 006d 01       		.byte	0x1
 738 006e 3F       		.uleb128 0x3f
 739 006f 19       		.uleb128 0x19
 740 0070 03       		.uleb128 0x3
 741 0071 0E       		.uleb128 0xe
 742 0072 3A       		.uleb128 0x3a
 743 0073 0B       		.uleb128 0xb
 744 0074 3B       		.uleb128 0x3b
 745 0075 0B       		.uleb128 0xb
 746 0076 27       		.uleb128 0x27
 747 0077 19       		.uleb128 0x19
 748 0078 49       		.uleb128 0x49
 749 0079 13       		.uleb128 0x13
 750 007a 11       		.uleb128 0x11
 751 007b 01       		.uleb128 0x1
 752 007c 12       		.uleb128 0x12
 753 007d 06       		.uleb128 0x6
 754 007e 40       		.uleb128 0x40
 755 007f 18       		.uleb128 0x18
 756 0080 9742     		.uleb128 0x2117
 757 0082 19       		.uleb128 0x19
 758 0083 01       		.uleb128 0x1
 759 0084 13       		.uleb128 0x13
 760 0085 00       		.byte	0
 761 0086 00       		.byte	0
 762 0087 0B       		.uleb128 0xb
 763 0088 05       		.uleb128 0x5
 764 0089 00       		.byte	0
 765 008a 03       		.uleb128 0x3
 766 008b 08       		.uleb128 0x8
 767 008c 3A       		.uleb128 0x3a
 768 008d 0B       		.uleb128 0xb
 769 008e 3B       		.uleb128 0x3b
 770 008f 0B       		.uleb128 0xb
 771 0090 49       		.uleb128 0x49
 772 0091 13       		.uleb128 0x13
 773 0092 02       		.uleb128 0x2
 774 0093 17       		.uleb128 0x17
 775 0094 00       		.byte	0
 776 0095 00       		.byte	0
 777 0096 0C       		.uleb128 0xc
 778 0097 34       		.uleb128 0x34
 779 0098 00       		.byte	0
 780 0099 03       		.uleb128 0x3
 781 009a 0E       		.uleb128 0xe
 782 009b 3A       		.uleb128 0x3a
 783 009c 0B       		.uleb128 0xb
 784 009d 3B       		.uleb128 0x3b
 785 009e 0B       		.uleb128 0xb
 786 009f 49       		.uleb128 0x49
 787 00a0 13       		.uleb128 0x13
 788 00a1 02       		.uleb128 0x2
 789 00a2 17       		.uleb128 0x17
 790 00a3 00       		.byte	0
 791 00a4 00       		.byte	0
 792 00a5 0D       		.uleb128 0xd
ARM GAS  C:\Users\chemi\AppData\Local\Temp\ccwkHjiA.s 			page 16


 793 00a6 2E       		.uleb128 0x2e
 794 00a7 01       		.byte	0x1
 795 00a8 3F       		.uleb128 0x3f
 796 00a9 19       		.uleb128 0x19
 797 00aa 03       		.uleb128 0x3
 798 00ab 0E       		.uleb128 0xe
 799 00ac 3A       		.uleb128 0x3a
 800 00ad 0B       		.uleb128 0xb
 801 00ae 3B       		.uleb128 0x3b
 802 00af 0B       		.uleb128 0xb
 803 00b0 27       		.uleb128 0x27
 804 00b1 19       		.uleb128 0x19
 805 00b2 11       		.uleb128 0x11
 806 00b3 01       		.uleb128 0x1
 807 00b4 12       		.uleb128 0x12
 808 00b5 06       		.uleb128 0x6
 809 00b6 40       		.uleb128 0x40
 810 00b7 18       		.uleb128 0x18
 811 00b8 9742     		.uleb128 0x2117
 812 00ba 19       		.uleb128 0x19
 813 00bb 01       		.uleb128 0x1
 814 00bc 13       		.uleb128 0x13
 815 00bd 00       		.byte	0
 816 00be 00       		.byte	0
 817 00bf 0E       		.uleb128 0xe
 818 00c0 05       		.uleb128 0x5
 819 00c1 00       		.byte	0
 820 00c2 03       		.uleb128 0x3
 821 00c3 0E       		.uleb128 0xe
 822 00c4 3A       		.uleb128 0x3a
 823 00c5 0B       		.uleb128 0xb
 824 00c6 3B       		.uleb128 0x3b
 825 00c7 0B       		.uleb128 0xb
 826 00c8 49       		.uleb128 0x49
 827 00c9 13       		.uleb128 0x13
 828 00ca 02       		.uleb128 0x2
 829 00cb 17       		.uleb128 0x17
 830 00cc 00       		.byte	0
 831 00cd 00       		.byte	0
 832 00ce 0F       		.uleb128 0xf
 833 00cf 34       		.uleb128 0x34
 834 00d0 00       		.byte	0
 835 00d1 03       		.uleb128 0x3
 836 00d2 0E       		.uleb128 0xe
 837 00d3 3A       		.uleb128 0x3a
 838 00d4 0B       		.uleb128 0xb
 839 00d5 3B       		.uleb128 0x3b
 840 00d6 0B       		.uleb128 0xb
 841 00d7 49       		.uleb128 0x49
 842 00d8 13       		.uleb128 0x13
 843 00d9 02       		.uleb128 0x2
 844 00da 18       		.uleb128 0x18
 845 00db 00       		.byte	0
 846 00dc 00       		.byte	0
 847 00dd 10       		.uleb128 0x10
 848 00de 34       		.uleb128 0x34
 849 00df 00       		.byte	0
ARM GAS  C:\Users\chemi\AppData\Local\Temp\ccwkHjiA.s 			page 17


 850 00e0 03       		.uleb128 0x3
 851 00e1 0E       		.uleb128 0xe
 852 00e2 3A       		.uleb128 0x3a
 853 00e3 0B       		.uleb128 0xb
 854 00e4 3B       		.uleb128 0x3b
 855 00e5 0B       		.uleb128 0xb
 856 00e6 49       		.uleb128 0x49
 857 00e7 13       		.uleb128 0x13
 858 00e8 1C       		.uleb128 0x1c
 859 00e9 0B       		.uleb128 0xb
 860 00ea 00       		.byte	0
 861 00eb 00       		.byte	0
 862 00ec 11       		.uleb128 0x11
 863 00ed 0B       		.uleb128 0xb
 864 00ee 01       		.byte	0x1
 865 00ef 11       		.uleb128 0x11
 866 00f0 01       		.uleb128 0x1
 867 00f1 12       		.uleb128 0x12
 868 00f2 06       		.uleb128 0x6
 869 00f3 01       		.uleb128 0x1
 870 00f4 13       		.uleb128 0x13
 871 00f5 00       		.byte	0
 872 00f6 00       		.byte	0
 873 00f7 12       		.uleb128 0x12
 874 00f8 34       		.uleb128 0x34
 875 00f9 00       		.byte	0
 876 00fa 03       		.uleb128 0x3
 877 00fb 08       		.uleb128 0x8
 878 00fc 3A       		.uleb128 0x3a
 879 00fd 0B       		.uleb128 0xb
 880 00fe 3B       		.uleb128 0x3b
 881 00ff 0B       		.uleb128 0xb
 882 0100 49       		.uleb128 0x49
 883 0101 13       		.uleb128 0x13
 884 0102 02       		.uleb128 0x2
 885 0103 17       		.uleb128 0x17
 886 0104 00       		.byte	0
 887 0105 00       		.byte	0
 888 0106 13       		.uleb128 0x13
 889 0107 898201   		.uleb128 0x4109
 890 010a 01       		.byte	0x1
 891 010b 11       		.uleb128 0x11
 892 010c 01       		.uleb128 0x1
 893 010d 31       		.uleb128 0x31
 894 010e 13       		.uleb128 0x13
 895 010f 00       		.byte	0
 896 0110 00       		.byte	0
 897 0111 14       		.uleb128 0x14
 898 0112 8A8201   		.uleb128 0x410a
 899 0115 00       		.byte	0
 900 0116 02       		.uleb128 0x2
 901 0117 18       		.uleb128 0x18
 902 0118 9142     		.uleb128 0x2111
 903 011a 18       		.uleb128 0x18
 904 011b 00       		.byte	0
 905 011c 00       		.byte	0
 906 011d 15       		.uleb128 0x15
ARM GAS  C:\Users\chemi\AppData\Local\Temp\ccwkHjiA.s 			page 18


 907 011e 0B       		.uleb128 0xb
 908 011f 01       		.byte	0x1
 909 0120 11       		.uleb128 0x11
 910 0121 01       		.uleb128 0x1
 911 0122 12       		.uleb128 0x12
 912 0123 06       		.uleb128 0x6
 913 0124 00       		.byte	0
 914 0125 00       		.byte	0
 915 0126 16       		.uleb128 0x16
 916 0127 34       		.uleb128 0x34
 917 0128 00       		.byte	0
 918 0129 03       		.uleb128 0x3
 919 012a 0E       		.uleb128 0xe
 920 012b 3A       		.uleb128 0x3a
 921 012c 0B       		.uleb128 0xb
 922 012d 3B       		.uleb128 0x3b
 923 012e 0B       		.uleb128 0xb
 924 012f 49       		.uleb128 0x49
 925 0130 13       		.uleb128 0x13
 926 0131 00       		.byte	0
 927 0132 00       		.byte	0
 928 0133 17       		.uleb128 0x17
 929 0134 0B       		.uleb128 0xb
 930 0135 01       		.byte	0x1
 931 0136 55       		.uleb128 0x55
 932 0137 17       		.uleb128 0x17
 933 0138 01       		.uleb128 0x1
 934 0139 13       		.uleb128 0x13
 935 013a 00       		.byte	0
 936 013b 00       		.byte	0
 937 013c 18       		.uleb128 0x18
 938 013d 898201   		.uleb128 0x4109
 939 0140 00       		.byte	0
 940 0141 11       		.uleb128 0x11
 941 0142 01       		.uleb128 0x1
 942 0143 31       		.uleb128 0x31
 943 0144 13       		.uleb128 0x13
 944 0145 00       		.byte	0
 945 0146 00       		.byte	0
 946 0147 19       		.uleb128 0x19
 947 0148 01       		.uleb128 0x1
 948 0149 01       		.byte	0x1
 949 014a 49       		.uleb128 0x49
 950 014b 13       		.uleb128 0x13
 951 014c 01       		.uleb128 0x1
 952 014d 13       		.uleb128 0x13
 953 014e 00       		.byte	0
 954 014f 00       		.byte	0
 955 0150 1A       		.uleb128 0x1a
 956 0151 21       		.uleb128 0x21
 957 0152 00       		.byte	0
 958 0153 49       		.uleb128 0x49
 959 0154 13       		.uleb128 0x13
 960 0155 2F       		.uleb128 0x2f
 961 0156 0B       		.uleb128 0xb
 962 0157 00       		.byte	0
 963 0158 00       		.byte	0
ARM GAS  C:\Users\chemi\AppData\Local\Temp\ccwkHjiA.s 			page 19


 964 0159 1B       		.uleb128 0x1b
 965 015a 34       		.uleb128 0x34
 966 015b 00       		.byte	0
 967 015c 03       		.uleb128 0x3
 968 015d 0E       		.uleb128 0xe
 969 015e 3A       		.uleb128 0x3a
 970 015f 0B       		.uleb128 0xb
 971 0160 3B       		.uleb128 0x3b
 972 0161 05       		.uleb128 0x5
 973 0162 49       		.uleb128 0x49
 974 0163 13       		.uleb128 0x13
 975 0164 3F       		.uleb128 0x3f
 976 0165 19       		.uleb128 0x19
 977 0166 3C       		.uleb128 0x3c
 978 0167 19       		.uleb128 0x19
 979 0168 00       		.byte	0
 980 0169 00       		.byte	0
 981 016a 1C       		.uleb128 0x1c
 982 016b 35       		.uleb128 0x35
 983 016c 00       		.byte	0
 984 016d 49       		.uleb128 0x49
 985 016e 13       		.uleb128 0x13
 986 016f 00       		.byte	0
 987 0170 00       		.byte	0
 988 0171 1D       		.uleb128 0x1d
 989 0172 34       		.uleb128 0x34
 990 0173 00       		.byte	0
 991 0174 03       		.uleb128 0x3
 992 0175 0E       		.uleb128 0xe
 993 0176 3A       		.uleb128 0x3a
 994 0177 0B       		.uleb128 0xb
 995 0178 3B       		.uleb128 0x3b
 996 0179 0B       		.uleb128 0xb
 997 017a 49       		.uleb128 0x49
 998 017b 13       		.uleb128 0x13
 999 017c 3F       		.uleb128 0x3f
 1000 017d 19       		.uleb128 0x19
 1001 017e 02       		.uleb128 0x2
 1002 017f 18       		.uleb128 0x18
 1003 0180 00       		.byte	0
 1004 0181 00       		.byte	0
 1005 0182 1E       		.uleb128 0x1e
 1006 0183 2E       		.uleb128 0x2e
 1007 0184 00       		.byte	0
 1008 0185 3F       		.uleb128 0x3f
 1009 0186 19       		.uleb128 0x19
 1010 0187 3C       		.uleb128 0x3c
 1011 0188 19       		.uleb128 0x19
 1012 0189 6E       		.uleb128 0x6e
 1013 018a 0E       		.uleb128 0xe
 1014 018b 03       		.uleb128 0x3
 1015 018c 0E       		.uleb128 0xe
 1016 018d 3A       		.uleb128 0x3a
 1017 018e 0B       		.uleb128 0xb
 1018 018f 3B       		.uleb128 0x3b
 1019 0190 0B       		.uleb128 0xb
 1020 0191 00       		.byte	0
ARM GAS  C:\Users\chemi\AppData\Local\Temp\ccwkHjiA.s 			page 20


 1021 0192 00       		.byte	0
 1022 0193 00       		.byte	0
 1023              		.section	.debug_loc,"",%progbits
 1024              	.Ldebug_loc0:
 1025              	.LLST0:
 1026 0000 00000000 		.4byte	.LVL0
 1027 0004 06000000 		.4byte	.LVL1
 1028 0008 0100     		.2byte	0x1
 1029 000a 50       		.byte	0x50
 1030 000b 06000000 		.4byte	.LVL1
 1031 000f 0A000000 		.4byte	.LVL2
 1032 0013 0300     		.2byte	0x3
 1033 0015 72       		.byte	0x72
 1034 0016 01       		.sleb128 1
 1035 0017 9F       		.byte	0x9f
 1036 0018 0A000000 		.4byte	.LVL2
 1037 001c 10000000 		.4byte	.LVL3
 1038 0020 0100     		.2byte	0x1
 1039 0022 52       		.byte	0x52
 1040 0023 10000000 		.4byte	.LVL3
 1041 0027 14000000 		.4byte	.LVL5
 1042 002b 0300     		.2byte	0x3
 1043 002d 72       		.byte	0x72
 1044 002e 01       		.sleb128 1
 1045 002f 9F       		.byte	0x9f
 1046 0030 14000000 		.4byte	.LVL5
 1047 0034 16000000 		.4byte	.LFE63
 1048 0038 0100     		.2byte	0x1
 1049 003a 52       		.byte	0x52
 1050 003b 00000000 		.4byte	0
 1051 003f 00000000 		.4byte	0
 1052              	.LLST1:
 1053 0043 00000000 		.4byte	.LVL0
 1054 0047 06000000 		.4byte	.LVL1
 1055 004b 0400     		.2byte	0x4
 1056 004d 0A       		.byte	0xa
 1057 004e 0515     		.2byte	0x1505
 1058 0050 9F       		.byte	0x9f
 1059 0051 06000000 		.4byte	.LVL1
 1060 0055 10000000 		.4byte	.LVL3
 1061 0059 0100     		.2byte	0x1
 1062 005b 50       		.byte	0x50
 1063 005c 12000000 		.4byte	.LVL4
 1064 0060 16000000 		.4byte	.LFE63
 1065 0064 0100     		.2byte	0x1
 1066 0066 50       		.byte	0x50
 1067 0067 00000000 		.4byte	0
 1068 006b 00000000 		.4byte	0
 1069              	.LLST2:
 1070 006f 00000000 		.4byte	.LVL6
 1071 0073 0C000000 		.4byte	.LVL8
 1072 0077 0100     		.2byte	0x1
 1073 0079 50       		.byte	0x50
 1074 007a 0C000000 		.4byte	.LVL8
 1075 007e FC000000 		.4byte	.LFE64
 1076 0082 0100     		.2byte	0x1
 1077 0084 57       		.byte	0x57
ARM GAS  C:\Users\chemi\AppData\Local\Temp\ccwkHjiA.s 			page 21


 1078 0085 00000000 		.4byte	0
 1079 0089 00000000 		.4byte	0
 1080              	.LLST3:
 1081 008d 00000000 		.4byte	.LVL6
 1082 0091 0C000000 		.4byte	.LVL8
 1083 0095 0100     		.2byte	0x1
 1084 0097 51       		.byte	0x51
 1085 0098 0C000000 		.4byte	.LVL8
 1086 009c FC000000 		.4byte	.LFE64
 1087 00a0 0400     		.2byte	0x4
 1088 00a2 F3       		.byte	0xf3
 1089 00a3 01       		.uleb128 0x1
 1090 00a4 51       		.byte	0x51
 1091 00a5 9F       		.byte	0x9f
 1092 00a6 00000000 		.4byte	0
 1093 00aa 00000000 		.4byte	0
 1094              	.LLST4:
 1095 00ae 00000000 		.4byte	.LVL6
 1096 00b2 0C000000 		.4byte	.LVL8
 1097 00b6 0100     		.2byte	0x1
 1098 00b8 52       		.byte	0x52
 1099 00b9 0C000000 		.4byte	.LVL8
 1100 00bd FC000000 		.4byte	.LFE64
 1101 00c1 0400     		.2byte	0x4
 1102 00c3 F3       		.byte	0xf3
 1103 00c4 01       		.uleb128 0x1
 1104 00c5 52       		.byte	0x52
 1105 00c6 9F       		.byte	0x9f
 1106 00c7 00000000 		.4byte	0
 1107 00cb 00000000 		.4byte	0
 1108              	.LLST5:
 1109 00cf 00000000 		.4byte	.LVL6
 1110 00d3 0C000000 		.4byte	.LVL8
 1111 00d7 0100     		.2byte	0x1
 1112 00d9 53       		.byte	0x53
 1113 00da 0C000000 		.4byte	.LVL8
 1114 00de FC000000 		.4byte	.LFE64
 1115 00e2 0400     		.2byte	0x4
 1116 00e4 F3       		.byte	0xf3
 1117 00e5 01       		.uleb128 0x1
 1118 00e6 53       		.byte	0x53
 1119 00e7 9F       		.byte	0x9f
 1120 00e8 00000000 		.4byte	0
 1121 00ec 00000000 		.4byte	0
 1122              	.LLST6:
 1123 00f0 0A000000 		.4byte	.LVL7
 1124 00f4 0C000000 		.4byte	.LVL8
 1125 00f8 0100     		.2byte	0x1
 1126 00fa 54       		.byte	0x54
 1127 00fb 0C000000 		.4byte	.LVL8
 1128 00ff 18000000 		.4byte	.LVL10
 1129 0103 0600     		.2byte	0x6
 1130 0105 75       		.byte	0x75
 1131 0106 00       		.sleb128 0
 1132 0107 74       		.byte	0x74
 1133 0108 00       		.sleb128 0
 1134 0109 22       		.byte	0x22
ARM GAS  C:\Users\chemi\AppData\Local\Temp\ccwkHjiA.s 			page 22


 1135 010a 9F       		.byte	0x9f
 1136 010b 18000000 		.4byte	.LVL10
 1137 010f 1A000000 		.4byte	.LVL11
 1138 0113 0800     		.2byte	0x8
 1139 0115 74       		.byte	0x74
 1140 0116 00       		.sleb128 0
 1141 0117 75       		.byte	0x75
 1142 0118 00       		.sleb128 0
 1143 0119 22       		.byte	0x22
 1144 011a 23       		.byte	0x23
 1145 011b 01       		.uleb128 0x1
 1146 011c 9F       		.byte	0x9f
 1147 011d 46000000 		.4byte	.LVL12
 1148 0121 4E000000 		.4byte	.LVL13
 1149 0125 0100     		.2byte	0x1
 1150 0127 54       		.byte	0x54
 1151 0128 4E000000 		.4byte	.LVL13
 1152 012c 5A000000 		.4byte	.LVL15
 1153 0130 0600     		.2byte	0x6
 1154 0132 75       		.byte	0x75
 1155 0133 00       		.sleb128 0
 1156 0134 74       		.byte	0x74
 1157 0135 00       		.sleb128 0
 1158 0136 22       		.byte	0x22
 1159 0137 9F       		.byte	0x9f
 1160 0138 5A000000 		.4byte	.LVL15
 1161 013c 5C000000 		.4byte	.LVL16
 1162 0140 0800     		.2byte	0x8
 1163 0142 74       		.byte	0x74
 1164 0143 00       		.sleb128 0
 1165 0144 75       		.byte	0x75
 1166 0145 00       		.sleb128 0
 1167 0146 22       		.byte	0x22
 1168 0147 23       		.byte	0x23
 1169 0148 01       		.uleb128 0x1
 1170 0149 9F       		.byte	0x9f
 1171 014a D2000000 		.4byte	.LVL20
 1172 014e DF000000 		.4byte	.LVL21-1
 1173 0152 0100     		.2byte	0x1
 1174 0154 50       		.byte	0x50
 1175 0155 DF000000 		.4byte	.LVL21-1
 1176 0159 E6000000 		.4byte	.LVL22
 1177 015d 0800     		.2byte	0x8
 1178 015f 74       		.byte	0x74
 1179 0160 00       		.sleb128 0
 1180 0161 79       		.byte	0x79
 1181 0162 00       		.sleb128 0
 1182 0163 22       		.byte	0x22
 1183 0164 31       		.byte	0x31
 1184 0165 1C       		.byte	0x1c
 1185 0166 9F       		.byte	0x9f
 1186 0167 E8000000 		.4byte	.LVL23
 1187 016b F0000000 		.4byte	.LVL24
 1188 016f 0300     		.2byte	0x3
 1189 0171 74       		.byte	0x74
 1190 0172 05       		.sleb128 5
 1191 0173 9F       		.byte	0x9f
ARM GAS  C:\Users\chemi\AppData\Local\Temp\ccwkHjiA.s 			page 23


 1192 0174 F2000000 		.4byte	.LVL25
 1193 0178 F6000000 		.4byte	.LVL26
 1194 017c 0100     		.2byte	0x1
 1195 017e 50       		.byte	0x50
 1196 017f 00000000 		.4byte	0
 1197 0183 00000000 		.4byte	0
 1198              	.LLST7:
 1199 0187 00000000 		.4byte	.LVL6
 1200 018b 46000000 		.4byte	.LVL12
 1201 018f 0200     		.2byte	0x2
 1202 0191 30       		.byte	0x30
 1203 0192 9F       		.byte	0x9f
 1204 0193 A4000000 		.4byte	.LVL18
 1205 0197 C6000000 		.4byte	.LVL19
 1206 019b 0100     		.2byte	0x1
 1207 019d 50       		.byte	0x50
 1208 019e 00000000 		.4byte	0
 1209 01a2 00000000 		.4byte	0
 1210              	.LLST8:
 1211 01a6 00000000 		.4byte	.LVL6
 1212 01aa 46000000 		.4byte	.LVL12
 1213 01ae 0200     		.2byte	0x2
 1214 01b0 30       		.byte	0x30
 1215 01b1 9F       		.byte	0x9f
 1216 01b2 00000000 		.4byte	0
 1217 01b6 00000000 		.4byte	0
 1218              	.LLST9:
 1219 01ba 00000000 		.4byte	.LVL6
 1220 01be 0C000000 		.4byte	.LVL8
 1221 01c2 0200     		.2byte	0x2
 1222 01c4 30       		.byte	0x30
 1223 01c5 9F       		.byte	0x9f
 1224 01c6 0C000000 		.4byte	.LVL8
 1225 01ca 46000000 		.4byte	.LVL12
 1226 01ce 0100     		.2byte	0x1
 1227 01d0 55       		.byte	0x55
 1228 01d1 00000000 		.4byte	0
 1229 01d5 00000000 		.4byte	0
 1230              	.LLST10:
 1231 01d9 4E000000 		.4byte	.LVL13
 1232 01dd 68000000 		.4byte	.LVL17
 1233 01e1 0100     		.2byte	0x1
 1234 01e3 55       		.byte	0x55
 1235 01e4 00000000 		.4byte	0
 1236 01e8 00000000 		.4byte	0
 1237              	.LLST11:
 1238 01ec D2000000 		.4byte	.LVL20
 1239 01f0 DF000000 		.4byte	.LVL21-1
 1240 01f4 0100     		.2byte	0x1
 1241 01f6 53       		.byte	0x53
 1242 01f7 DF000000 		.4byte	.LVL21-1
 1243 01fb E6000000 		.4byte	.LVL22
 1244 01ff 0100     		.2byte	0x1
 1245 0201 55       		.byte	0x55
 1246 0202 E6000000 		.4byte	.LVL22
 1247 0206 E8000000 		.4byte	.LVL23
 1248 020a 0100     		.2byte	0x1
ARM GAS  C:\Users\chemi\AppData\Local\Temp\ccwkHjiA.s 			page 24


 1249 020c 59       		.byte	0x59
 1250 020d 00000000 		.4byte	0
 1251 0211 00000000 		.4byte	0
 1252              		.section	.debug_aranges,"",%progbits
 1253 0000 24000000 		.4byte	0x24
 1254 0004 0200     		.2byte	0x2
 1255 0006 00000000 		.4byte	.Ldebug_info0
 1256 000a 04       		.byte	0x4
 1257 000b 00       		.byte	0
 1258 000c 0000     		.2byte	0
 1259 000e 0000     		.2byte	0
 1260 0010 00000000 		.4byte	.LFB63
 1261 0014 16000000 		.4byte	.LFE63-.LFB63
 1262 0018 00000000 		.4byte	.LFB64
 1263 001c FC000000 		.4byte	.LFE64-.LFB64
 1264 0020 00000000 		.4byte	0
 1265 0024 00000000 		.4byte	0
 1266              		.section	.debug_ranges,"",%progbits
 1267              	.Ldebug_ranges0:
 1268 0000 C6000000 		.4byte	.LBB5
 1269 0004 E8000000 		.4byte	.LBE5
 1270 0008 F2000000 		.4byte	.LBB6
 1271 000c F6000000 		.4byte	.LBE6
 1272 0010 00000000 		.4byte	0
 1273 0014 00000000 		.4byte	0
 1274 0018 00000000 		.4byte	.LFB63
 1275 001c 16000000 		.4byte	.LFE63
 1276 0020 00000000 		.4byte	.LFB64
 1277 0024 FC000000 		.4byte	.LFE64
 1278 0028 00000000 		.4byte	0
 1279 002c 00000000 		.4byte	0
 1280              		.section	.debug_line,"",%progbits
 1281              	.Ldebug_line0:
 1282 0000 03020000 		.section	.debug_str,"MS",%progbits,1
 1282      02007401 
 1282      00000201 
 1282      FB0E0D00 
 1282      01010101 
 1283              	.LASF34:
 1284 0000 74656D70 		.ascii	"temp_hash\000"
 1284      5F686173 
 1284      6800
 1285              	.LASF3:
 1286 000a 5F5F7569 		.ascii	"__uint8_t\000"
 1286      6E74385F 
 1286      7400
 1287              	.LASF18:
 1288 0014 70617261 		.ascii	"parameter_type\000"
 1288      6D657465 
 1288      725F7479 
 1288      706500
 1289              	.LASF17:
 1290 0023 70617261 		.ascii	"parameter_entry\000"
 1290      6D657465 
 1290      725F656E 
 1290      74727900 
 1291              	.LASF47:
ARM GAS  C:\Users\chemi\AppData\Local\Temp\ccwkHjiA.s 			page 25


 1292 0033 45455052 		.ascii	"EEPROM_1_ReadByte\000"
 1292      4F4D5F31 
 1292      5F526561 
 1292      64427974 
 1292      6500
 1293              	.LASF20:
 1294 0045 76616C75 		.ascii	"value\000"
 1294      6500
 1295              	.LASF6:
 1296 004b 5F5F696E 		.ascii	"__int32_t\000"
 1296      7433325F 
 1296      7400
 1297              	.LASF5:
 1298 0055 73686F72 		.ascii	"short unsigned int\000"
 1298      7420756E 
 1298      7369676E 
 1298      65642069 
 1298      6E7400
 1299              	.LASF29:
 1300 0068 70617261 		.ascii	"param_size\000"
 1300      6D5F7369 
 1300      7A6500
 1301              	.LASF41:
 1302 0073 2E2E5C63 		.ascii	"..\\common\\uart_ldr\\cli_basic.c\000"
 1302      6F6D6D6F 
 1302      6E5C7561 
 1302      72745F6C 
 1302      64725C63 
 1303              	.LASF46:
 1304 0092 63757272 		.ascii	"current_parameter\000"
 1304      656E745F 
 1304      70617261 
 1304      6D657465 
 1304      7200
 1305              	.LASF42:
 1306 00a4 433A5C55 		.ascii	"C:\\Users\\chemi\\UD3\\UARTldr_QFN.cydsn\000"
 1306      73657273 
 1306      5C636865 
 1306      6D695C55 
 1306      44335C55 
 1307              	.LASF24:
 1308 00c9 666C6F61 		.ascii	"float\000"
 1308      7400
 1309              	.LASF35:
 1310 00cf 64617461 		.ascii	"data\000"
 1310      00
 1311              	.LASF44:
 1312 00d4 646A625F 		.ascii	"djb_hash\000"
 1312      68617368 
 1312      00
 1313              	.LASF21:
 1314 00dd 73697A65 		.ascii	"size\000"
 1314      00
 1315              	.LASF9:
 1316 00e2 6C6F6E67 		.ascii	"long unsigned int\000"
 1316      20756E73 
 1316      69676E65 
ARM GAS  C:\Users\chemi\AppData\Local\Temp\ccwkHjiA.s 			page 26


 1316      6420696E 
 1316      7400
 1317              	.LASF33:
 1318 00f4 61646472 		.ascii	"addr\000"
 1318      00
 1319              	.LASF39:
 1320 00f9 62797465 		.ascii	"byte_cnt\000"
 1320      5F636E74 
 1320      00
 1321              	.LASF37:
 1322 0102 6368616E 		.ascii	"change_flag\000"
 1322      67655F66 
 1322      6C616700 
 1323              	.LASF38:
 1324 010e 49544D5F 		.ascii	"ITM_RxBuffer\000"
 1324      52784275 
 1324      66666572 
 1324      00
 1325              	.LASF1:
 1326 011b 756E7369 		.ascii	"unsigned char\000"
 1326      676E6564 
 1326      20636861 
 1326      7200
 1327              	.LASF28:
 1328 0129 70617261 		.ascii	"params\000"
 1328      6D7300
 1329              	.LASF4:
 1330 0130 5F5F7569 		.ascii	"__uint16_t\000"
 1330      6E743136 
 1330      5F7400
 1331              	.LASF25:
 1332 013b 646F7562 		.ascii	"double\000"
 1332      6C6500
 1333              	.LASF8:
 1334 0142 5F5F7569 		.ascii	"__uint32_t\000"
 1334      6E743332 
 1334      5F7400
 1335              	.LASF12:
 1336 014d 756E7369 		.ascii	"unsigned int\000"
 1336      676E6564 
 1336      20696E74 
 1336      00
 1337              	.LASF11:
 1338 015a 6C6F6E67 		.ascii	"long long unsigned int\000"
 1338      206C6F6E 
 1338      6720756E 
 1338      7369676E 
 1338      65642069 
 1339              	.LASF13:
 1340 0171 75696E74 		.ascii	"uint8_t\000"
 1340      385F7400 
 1341              	.LASF40:
 1342 0179 474E5520 		.ascii	"GNU C11 5.4.1 20160609 (release) [ARM/embedded-5-br"
 1342      43313120 
 1342      352E342E 
 1342      31203230 
 1342      31363036 
ARM GAS  C:\Users\chemi\AppData\Local\Temp\ccwkHjiA.s 			page 27


 1343 01ac 616E6368 		.ascii	"anch revision 237715] -mcpu=cortex-m3 -mthumb -g -O"
 1343      20726576 
 1343      6973696F 
 1343      6E203233 
 1343      37373135 
 1344 01df 73202D66 		.ascii	"s -ffunction-sections -ffat-lto-objects\000"
 1344      66756E63 
 1344      74696F6E 
 1344      2D736563 
 1344      74696F6E 
 1345              	.LASF43:
 1346 0207 70617261 		.ascii	"parameter_entry_struct\000"
 1346      6D657465 
 1346      725F656E 
 1346      7472795F 
 1346      73747275 
 1347              	.LASF32:
 1348 021e 68617368 		.ascii	"hash\000"
 1348      00
 1349              	.LASF15:
 1350 0223 696E7433 		.ascii	"int32_t\000"
 1350      325F7400 
 1351              	.LASF27:
 1352 022b 73697A65 		.ascii	"sizetype\000"
 1352      74797065 
 1352      00
 1353              	.LASF10:
 1354 0234 6C6F6E67 		.ascii	"long long int\000"
 1354      206C6F6E 
 1354      6720696E 
 1354      7400
 1355              	.LASF23:
 1356 0242 63686172 		.ascii	"char\000"
 1356      00
 1357              	.LASF31:
 1358 0247 706F7274 		.ascii	"port\000"
 1358      00
 1359              	.LASF22:
 1360 024c 74797065 		.ascii	"type\000"
 1360      00
 1361              	.LASF2:
 1362 0251 73686F72 		.ascii	"short int\000"
 1362      7420696E 
 1362      7400
 1363              	.LASF45:
 1364 025b 45455052 		.ascii	"EEPROM_read_conf\000"
 1364      4F4D5F72 
 1364      6561645F 
 1364      636F6E66 
 1364      00
 1365              	.LASF14:
 1366 026c 75696E74 		.ascii	"uint16_t\000"
 1366      31365F74 
 1366      00
 1367              	.LASF16:
 1368 0275 75696E74 		.ascii	"uint32_t\000"
 1368      33325F74 
ARM GAS  C:\Users\chemi\AppData\Local\Temp\ccwkHjiA.s 			page 28


 1368      00
 1369              	.LASF7:
 1370 027e 6C6F6E67 		.ascii	"long int\000"
 1370      20696E74 
 1370      00
 1371              	.LASF36:
 1372 0287 6368616E 		.ascii	"change_count\000"
 1372      67655F63 
 1372      6F756E74 
 1372      00
 1373              	.LASF26:
 1374 0294 6C6F6E67 		.ascii	"long double\000"
 1374      20646F75 
 1374      626C6500 
 1375              	.LASF0:
 1376 02a0 7369676E 		.ascii	"signed char\000"
 1376      65642063 
 1376      68617200 
 1377              	.LASF30:
 1378 02ac 65657072 		.ascii	"eeprom_offset\000"
 1378      6F6D5F6F 
 1378      66667365 
 1378      7400
 1379              	.LASF19:
 1380 02ba 6E616D65 		.ascii	"name\000"
 1380      00
 1381              		.ident	"GCC: (GNU Tools for ARM Embedded Processors) 5.4.1 20160609 (release) [ARM/embedded-5-bran
