ARM GAS  C:\Users\chemi\AppData\Local\Temp\ccTMm1y0.s 			page 1


   1              		.syntax unified
   2              		.cpu cortex-m3
   3              		.fpu softvfp
   4              		.eabi_attribute 20, 1
   5              		.eabi_attribute 21, 1
   6              		.eabi_attribute 23, 3
   7              		.eabi_attribute 24, 1
   8              		.eabi_attribute 25, 1
   9              		.eabi_attribute 26, 1
  10              		.eabi_attribute 30, 4
  11              		.eabi_attribute 34, 1
  12              		.eabi_attribute 18, 4
  13              		.thumb
  14              		.syntax unified
  15              		.file	"main.c"
  16              		.text
  17              	.Ltext0:
  18              		.cfi_sections	.debug_frame
  19              		.section	.text.update_ivo_uart,"ax",%progbits
  20              		.align	1
  21              		.global	update_ivo_uart
  22              		.thumb
  23              		.thumb_func
  24              		.type	update_ivo_uart, %function
  25              	update_ivo_uart:
  26              	.LFB63:
  27              		.file 1 "..\\common\\uart_ldr\\main.c"
   1:..\common\uart_ldr/main.c **** /*  --------------------------------------------------------------------------
   2:..\common\uart_ldr/main.c **** * Copyright 2015, Cypress Semiconductor Corporation.
   3:..\common\uart_ldr/main.c **** *
   4:..\common\uart_ldr/main.c **** * This software is owned by Cypress Semiconductor Corporation (Cypress)
   5:..\common\uart_ldr/main.c **** * and is protected by and subject to worldwide patent protection (United
   6:..\common\uart_ldr/main.c **** * States and foreign), United States copyright laws and international
   7:..\common\uart_ldr/main.c **** * treaty provisions. Cypress hereby grants to licensee a personal,
   8:..\common\uart_ldr/main.c **** * non-exclusive, non-transferable license to copy, use, modify, create
   9:..\common\uart_ldr/main.c **** * derivative works of, and compile the Cypress Source Code and derivative
  10:..\common\uart_ldr/main.c **** * works for the sole purpose of creating custom software in support of
  11:..\common\uart_ldr/main.c **** * licensee product to be used only in conjunction with a Cypress integrated
  12:..\common\uart_ldr/main.c **** * circuit as specified in the applicable agreement. Any reproduction,
  13:..\common\uart_ldr/main.c **** * modification, translation, compilation, or representation of this
  14:..\common\uart_ldr/main.c **** * software except as specified above is prohibited without the express
  15:..\common\uart_ldr/main.c **** * written permission of Cypress.
  16:..\common\uart_ldr/main.c **** * 
  17:..\common\uart_ldr/main.c **** * Disclaimer: CYPRESS MAKES NO WARRANTY OF ANY KIND,EXPRESS OR IMPLIED,
  18:..\common\uart_ldr/main.c **** * WITH REGARD TO THIS MATERIAL, INCLUDING, BUT NOT LIMITED TO, THE IMPLIED
  19:..\common\uart_ldr/main.c **** * WARRANTIES OF MERCHANTABILITY AND FITNESS FOR A PARTICULAR PURPOSE.
  20:..\common\uart_ldr/main.c **** * Cypress reserves the right to make changes without further notice to the
  21:..\common\uart_ldr/main.c **** * materials described herein. Cypress does not assume any liability arising
  22:..\common\uart_ldr/main.c **** * out of the application or use of any product or circuit described herein.
  23:..\common\uart_ldr/main.c **** * Cypress does not authorize its products for use as critical components in
  24:..\common\uart_ldr/main.c **** * life-support systems where a malfunction or failure may reasonably be
  25:..\common\uart_ldr/main.c **** * expected to result in significant injury to the user. The inclusion of
  26:..\common\uart_ldr/main.c **** * Cypress' product in a life-support systems application implies that the
  27:..\common\uart_ldr/main.c **** * manufacturer assumes all risk of such use and in doing so indemnifies
  28:..\common\uart_ldr/main.c **** * Cypress against all charges.
  29:..\common\uart_ldr/main.c **** * 
  30:..\common\uart_ldr/main.c **** * Use may be limited by and subject to the applicable Cypress software
ARM GAS  C:\Users\chemi\AppData\Local\Temp\ccTMm1y0.s 			page 2


  31:..\common\uart_ldr/main.c **** * license agreement.
  32:..\common\uart_ldr/main.c **** * -----------------------------------------------------------------------------
  33:..\common\uart_ldr/main.c **** * Copyright (c) Cypress Semiconductors 2000-2015. All Rights Reserved.
  34:..\common\uart_ldr/main.c **** *
  35:..\common\uart_ldr/main.c **** *****************************************************************************
  36:..\common\uart_ldr/main.c **** *  Project Name: UART_Bootloader
  37:..\common\uart_ldr/main.c **** *  Project Revision: 1.00
  38:..\common\uart_ldr/main.c **** *  Software Version: PSoC Creator 3.1 CP1
  39:..\common\uart_ldr/main.c **** *  Device Tested: CY8C3866AXI-040
  40:..\common\uart_ldr/main.c **** *  Compilers Tested: Keil
  41:..\common\uart_ldr/main.c **** *  Related Hardware: CY8CKIT-030
  42:..\common\uart_ldr/main.c **** *****************************************************************************
  43:..\common\uart_ldr/main.c **** ***************************************************************************** */
  44:..\common\uart_ldr/main.c **** 
  45:..\common\uart_ldr/main.c **** /*
  46:..\common\uart_ldr/main.c **** * Project Description:
  47:..\common\uart_ldr/main.c **** * This is a sample bootloader program demonstrating PSoC 5LP bootloading PSoC 3.
  48:..\common\uart_ldr/main.c **** * The project is tested using two DVKs - One with PSoC 3 on CY8CKIT-030 and the second one
  49:..\common\uart_ldr/main.c **** * with PSoC 5LP on CY8CKIT-050. PSoC 3 must be programmed with this Program.
  50:..\common\uart_ldr/main.c **** *
  51:..\common\uart_ldr/main.c **** * Connections Required
  52:..\common\uart_ldr/main.c **** * CY8CKIT-050 (PSoC 5LP DVK) :
  53:..\common\uart_ldr/main.c **** *  P0[0] - Rx -  connected to Tx of PSoC3
  54:..\common\uart_ldr/main.c **** *  P0[1] - Tx -  connected to Rx of PSoC3 
  55:..\common\uart_ldr/main.c **** *  P6.1 is internally connected to SW1 on DVK.
  56:..\common\uart_ldr/main.c **** *
  57:..\common\uart_ldr/main.c **** * CY8CKIT-030 (PSoC 3 DVK) : PSoC  3 intially programmed with UART_Bootloader program.
  58:..\common\uart_ldr/main.c **** *  P0[0] - Rx - Connected to Tx of PSoC 5LP
  59:..\common\uart_ldr/main.c **** *  P0[1] - Tx - Connected to Rx of PSoC 5LP
  60:..\common\uart_ldr/main.c **** *  P6.1 is internally connected to SW1 on DVK.
  61:..\common\uart_ldr/main.c **** *
  62:..\common\uart_ldr/main.c **** * Note that the GNDs of both DVKs should be connected together.
  63:..\common\uart_ldr/main.c **** *
  64:..\common\uart_ldr/main.c **** * The main()function of this program calls the CyBtldr_Start() API. This API performs the entire bo
  65:..\common\uart_ldr/main.c **** * It communicates with the host. After a successful bootload operation, this API passes control to 
  66:..\common\uart_ldr/main.c **** * via a software reset.
  67:..\common\uart_ldr/main.c **** *
  68:..\common\uart_ldr/main.c **** * There are two bootloadable projects: Bootloadable1 (displays “Hello” on char LCD) and Bootloa
  69:..\common\uart_ldr/main.c **** * With successive bootload operation, alternate bootloadables will be programmed onto the target. 
  70:..\common\uart_ldr/main.c **** *
  71:..\common\uart_ldr/main.c **** * The following events happen on each trigger of the switch P6 [1] of CY8CKIT – 050 (PSoC 5LP):
  72:..\common\uart_ldr/main.c **** *
  73:..\common\uart_ldr/main.c **** * On first switch press, Bootloadable1.cyacd file will be bootloaded onto the target PSoC 3. 
  74:..\common\uart_ldr/main.c **** * On successful bootloading the message “Bootloaded - Hello” will be displayed on CY8CKIT – 0
  75:..\common\uart_ldr/main.c **** * and the message “Hello” will be displayed on CY8CKIT – 030 LCD.
  76:..\common\uart_ldr/main.c **** *
  77:..\common\uart_ldr/main.c **** * For subsequent bootloading operation press the switch P6 [1] on CY8CKIT – 030. This makes PSoC 
  78:..\common\uart_ldr/main.c **** * and be ready to bootload a new application.
  79:..\common\uart_ldr/main.c **** *
  80:..\common\uart_ldr/main.c **** * On next switch press on CY8CKIT – 050, Bootloadable2.cyacd file will be bootloaded onto the tar
  81:..\common\uart_ldr/main.c **** * On successful bootloading the message “Bootloaded - Bye” will be displayed on CY8CKIT – 050
  82:..\common\uart_ldr/main.c **** * will be displayed on CY8CKIT – 030 LCD.
  83:..\common\uart_ldr/main.c **** ***************************************************************************** */
  84:..\common\uart_ldr/main.c **** #include <project.h>
  85:..\common\uart_ldr/main.c **** #include "Bootloader.h"
  86:..\common\uart_ldr/main.c **** #include "UART.h"
  87:..\common\uart_ldr/main.c **** #include "cli_basic.h"
ARM GAS  C:\Users\chemi\AppData\Local\Temp\ccTMm1y0.s 			page 3


  88:..\common\uart_ldr/main.c **** #include <math.h>
  89:..\common\uart_ldr/main.c **** 
  90:..\common\uart_ldr/main.c **** struct config_struct{
  91:..\common\uart_ldr/main.c ****     uint32_t baudrate;
  92:..\common\uart_ldr/main.c ****     uint8_t ivo_uart;
  93:..\common\uart_ldr/main.c ****     uint8_t line_code;
  94:..\common\uart_ldr/main.c **** };
  95:..\common\uart_ldr/main.c **** typedef struct config_struct cli_config;
  96:..\common\uart_ldr/main.c **** cli_config configuration;
  97:..\common\uart_ldr/main.c **** 
  98:..\common\uart_ldr/main.c **** /*****************************************************************************
  99:..\common\uart_ldr/main.c **** * Parameter struct
 100:..\common\uart_ldr/main.c **** ******************************************************************************/
 101:..\common\uart_ldr/main.c **** parameter_entry confparam[] = {
 102:..\common\uart_ldr/main.c ****     ADD_PARAM(PARAM_CONFIG  ,"baudrate"        , configuration.baudrate)
 103:..\common\uart_ldr/main.c ****     ADD_PARAM(PARAM_CONFIG  ,"ivo_uart"        , configuration.ivo_uart)
 104:..\common\uart_ldr/main.c ****     ADD_PARAM(PARAM_CONFIG  ,"linecode"        , configuration.line_code)
 105:..\common\uart_ldr/main.c **** };
 106:..\common\uart_ldr/main.c **** 
 107:..\common\uart_ldr/main.c **** void update_ivo_uart(){
  28              		.loc 1 107 0
  29              		.cfi_startproc
  30              		@ args = 0, pretend = 0, frame = 0
  31              		@ frame_needed = 0, uses_anonymous_args = 0
  32              		@ link register save eliminated.
 108:..\common\uart_ldr/main.c ****     IVO_UART_Control=0;
  33              		.loc 1 108 0
  34 0000 134B     		ldr	r3, .L10
  35 0002 0022     		movs	r2, #0
  36 0004 1A70     		strb	r2, [r3]
 109:..\common\uart_ldr/main.c ****     switch(configuration.ivo_uart){
  37              		.loc 1 109 0
  38 0006 134A     		ldr	r2, .L10+4
  39 0008 1179     		ldrb	r1, [r2, #4]	@ zero_extendqisi2
  40 000a 0A29     		cmp	r1, #10
  41 000c 04D0     		beq	.L3
  42 000e 0B29     		cmp	r1, #11
  43 0010 06D0     		beq	.L4
  44 0012 0129     		cmp	r1, #1
  45 0014 0CD1     		bne	.L2
  46 0016 07E0     		b	.L7
  47              	.L3:
 110:..\common\uart_ldr/main.c ****     case 0:
 111:..\common\uart_ldr/main.c ****         break;
 112:..\common\uart_ldr/main.c ****     case 1:
 113:..\common\uart_ldr/main.c ****         set_bit(IVO_UART_Control,1);
 114:..\common\uart_ldr/main.c ****         break;
 115:..\common\uart_ldr/main.c ****     case 10:
 116:..\common\uart_ldr/main.c ****         set_bit(IVO_UART_Control,0);
  48              		.loc 1 116 0
  49 0018 1978     		ldrb	r1, [r3]	@ zero_extendqisi2
  50 001a 41F00101 		orr	r1, r1, #1
  51 001e 06E0     		b	.L8
  52              	.L4:
 117:..\common\uart_ldr/main.c ****         break;
 118:..\common\uart_ldr/main.c ****     case 11:
 119:..\common\uart_ldr/main.c ****         set_bit(IVO_UART_Control,0);
ARM GAS  C:\Users\chemi\AppData\Local\Temp\ccTMm1y0.s 			page 4


  53              		.loc 1 119 0
  54 0020 1978     		ldrb	r1, [r3]	@ zero_extendqisi2
  55 0022 41F00101 		orr	r1, r1, #1
  56 0026 1970     		strb	r1, [r3]
  57              	.L7:
 120:..\common\uart_ldr/main.c ****         set_bit(IVO_UART_Control,1);
  58              		.loc 1 120 0
  59 0028 1978     		ldrb	r1, [r3]	@ zero_extendqisi2
  60 002a 41F00201 		orr	r1, r1, #2
  61              	.L8:
  62 002e 1970     		strb	r1, [r3]
  63              	.L2:
 121:..\common\uart_ldr/main.c ****         break;
 122:..\common\uart_ldr/main.c ****     }
 123:..\common\uart_ldr/main.c ****     
 124:..\common\uart_ldr/main.c ****     if(configuration.line_code==1){
  64              		.loc 1 124 0
  65 0030 5279     		ldrb	r2, [r2, #5]	@ zero_extendqisi2
  66 0032 012A     		cmp	r2, #1
  67 0034 0BD1     		bne	.L1
  68              	.LBB4:
 125:..\common\uart_ldr/main.c ****         set_bit(IVO_UART_Control,2);
  69              		.loc 1 125 0
  70 0036 1A78     		ldrb	r2, [r3]	@ zero_extendqisi2
  71 0038 42F00402 		orr	r2, r2, #4
  72 003c 1A70     		strb	r2, [r3]
 126:..\common\uart_ldr/main.c ****         set_bit(IVO_UART_Control,3);
  73              		.loc 1 126 0
  74 003e 1A78     		ldrb	r2, [r3]	@ zero_extendqisi2
  75 0040 42F00802 		orr	r2, r2, #8
  76 0044 1A70     		strb	r2, [r3]
 127:..\common\uart_ldr/main.c ****         toggle_bit(IVO_UART_Control,0);
  77              		.loc 1 127 0
  78 0046 1A78     		ldrb	r2, [r3]	@ zero_extendqisi2
  79 0048 82F00102 		eor	r2, r2, #1
  80 004c 1A70     		strb	r2, [r3]
  81              	.L1:
  82 004e 7047     		bx	lr
  83              	.L11:
  84              		.align	2
  85              	.L10:
  86 0050 7B650040 		.word	1073767803
  87 0054 00000000 		.word	configuration
  88              	.LBE4:
  89              		.cfi_endproc
  90              	.LFE63:
  91              		.size	update_ivo_uart, .-update_ivo_uart
  92              		.global	__aeabi_ui2f
  93              		.global	__aeabi_fdiv
  94              		.global	__aeabi_f2d
  95              		.global	__aeabi_ddiv
  96              		.global	__aeabi_d2uiz
  97              		.global	__aeabi_fsub
  98              		.global	__aeabi_fcmplt
  99              		.section	.text.uart_baudrate,"ax",%progbits
 100              		.align	1
 101              		.global	uart_baudrate
ARM GAS  C:\Users\chemi\AppData\Local\Temp\ccTMm1y0.s 			page 5


 102              		.thumb
 103              		.thumb_func
 104              		.type	uart_baudrate, %function
 105              	uart_baudrate:
 106              	.LFB64:
 128:..\common\uart_ldr/main.c ****     }
 129:..\common\uart_ldr/main.c **** }
 130:..\common\uart_ldr/main.c **** 
 131:..\common\uart_ldr/main.c **** /*****************************************************************************
 132:..\common\uart_ldr/main.c **** * Callback if the baudrate is changed
 133:..\common\uart_ldr/main.c **** ******************************************************************************/
 134:..\common\uart_ldr/main.c **** void uart_baudrate(uint32_t baudrate){
 107              		.loc 1 134 0
 108              		.cfi_startproc
 109              		@ args = 0, pretend = 0, frame = 0
 110              		@ frame_needed = 0, uses_anonymous_args = 0
 111              	.LVL0:
 112 0000 2DE9F843 		push	{r3, r4, r5, r6, r7, r8, r9, lr}
 113              		.cfi_def_cfa_offset 32
 114              		.cfi_offset 3, -32
 115              		.cfi_offset 4, -28
 116              		.cfi_offset 5, -24
 117              		.cfi_offset 6, -20
 118              		.cfi_offset 7, -16
 119              		.cfi_offset 8, -12
 120              		.cfi_offset 9, -8
 121              		.cfi_offset 14, -4
 135:..\common\uart_ldr/main.c ****     float divider = (float)(BCLK__BUS_CLK__HZ/8)/(float)baudrate;
 122              		.loc 1 135 0
 123 0004 FFF7FEFF 		bl	__aeabi_ui2f
 124              	.LVL1:
 125 0008 0446     		mov	r4, r0
 126              	.LVL2:
 136:..\common\uart_ldr/main.c ****     uint16_t divider_selected=1;
 137:..\common\uart_ldr/main.c ****    
 138:..\common\uart_ldr/main.c ****     uint32_t down_rate = (BCLK__BUS_CLK__HZ/8)/floor(divider);
 127              		.loc 1 138 0
 128 000a 0146     		mov	r1, r0
 129 000c 3048     		ldr	r0, .L19+8
 130              	.LVL3:
 131 000e FFF7FEFF 		bl	__aeabi_fdiv
 132              	.LVL4:
 133 0012 FFF7FEFF 		bl	__aeabi_f2d
 134              	.LVL5:
 135 0016 0646     		mov	r6, r0
 136 0018 0F46     		mov	r7, r1
 137 001a FFF7FEFF 		bl	floor
 138              	.LVL6:
 139 001e 8046     		mov	r8, r0
 140 0020 8946     		mov	r9, r1
 141              	.LVL7:
 139:..\common\uart_ldr/main.c ****     uint32_t up_rate = (BCLK__BUS_CLK__HZ/8)/ceil(divider);
 142              		.loc 1 139 0
 143 0022 3046     		mov	r0, r6
 144 0024 3946     		mov	r1, r7
 145 0026 FFF7FEFF 		bl	ceil
 146              	.LVL8:
ARM GAS  C:\Users\chemi\AppData\Local\Temp\ccTMm1y0.s 			page 6


 147 002a 0646     		mov	r6, r0
 148 002c 0F46     		mov	r7, r1
 149              	.LVL9:
 140:..\common\uart_ldr/main.c ****    
 141:..\common\uart_ldr/main.c ****     float down_rate_error = (down_rate/(float)baudrate)-1;
 142:..\common\uart_ldr/main.c ****     float up_rate_error = (up_rate/(float)baudrate)-1;
 143:..\common\uart_ldr/main.c ****     
 144:..\common\uart_ldr/main.c ****     UART_Stop();
 150              		.loc 1 144 0
 151 002e FFF7FEFF 		bl	UART_Stop
 152              	.LVL10:
 145:..\common\uart_ldr/main.c ****     if(fabs(down_rate_error) < fabs(up_rate_error)){
 153              		.loc 1 145 0
 154 0032 25A1     		adr	r1, .L19
 155 0034 D1E90001 		ldrd	r0, [r1]
 156 0038 4246     		mov	r2, r8
 157 003a 4B46     		mov	r3, r9
 158 003c FFF7FEFF 		bl	__aeabi_ddiv
 159              	.LVL11:
 160 0040 FFF7FEFF 		bl	__aeabi_d2uiz
 161              	.LVL12:
 162 0044 FFF7FEFF 		bl	__aeabi_ui2f
 163              	.LVL13:
 164 0048 2146     		mov	r1, r4
 165 004a FFF7FEFF 		bl	__aeabi_fdiv
 166              	.LVL14:
 167 004e 4FF07E51 		mov	r1, #1065353216
 168 0052 FFF7FEFF 		bl	__aeabi_fsub
 169              	.LVL15:
 170 0056 3246     		mov	r2, r6
 171 0058 3B46     		mov	r3, r7
 172 005a 20F00045 		bic	r5, r0, #-2147483648
 173 005e 1AA1     		adr	r1, .L19
 174 0060 D1E90001 		ldrd	r0, [r1]
 175 0064 FFF7FEFF 		bl	__aeabi_ddiv
 176              	.LVL16:
 177 0068 FFF7FEFF 		bl	__aeabi_d2uiz
 178              	.LVL17:
 179 006c FFF7FEFF 		bl	__aeabi_ui2f
 180              	.LVL18:
 181 0070 2146     		mov	r1, r4
 182 0072 FFF7FEFF 		bl	__aeabi_fdiv
 183              	.LVL19:
 184 0076 4FF07E51 		mov	r1, #1065353216
 185 007a FFF7FEFF 		bl	__aeabi_fsub
 186              	.LVL20:
 187 007e 20F00041 		bic	r1, r0, #-2147483648
 188 0082 2846     		mov	r0, r5
 189 0084 FFF7FEFF 		bl	__aeabi_fcmplt
 190              	.LVL21:
 191 0088 10B1     		cbz	r0, .L17
 146:..\common\uart_ldr/main.c ****         //selected round down divider
 147:..\common\uart_ldr/main.c ****         divider_selected = floor(divider);
 192              		.loc 1 147 0
 193 008a 4046     		mov	r0, r8
 194 008c 4946     		mov	r1, r9
 195 008e 01E0     		b	.L18
ARM GAS  C:\Users\chemi\AppData\Local\Temp\ccTMm1y0.s 			page 7


 196              	.L17:
 148:..\common\uart_ldr/main.c ****     }else{
 149:..\common\uart_ldr/main.c ****         //selected round up divider
 150:..\common\uart_ldr/main.c ****         divider_selected = ceil(divider);
 197              		.loc 1 150 0
 198 0090 3046     		mov	r0, r6
 199 0092 3946     		mov	r1, r7
 200              	.L18:
 201 0094 FFF7FEFF 		bl	__aeabi_d2uiz
 202              	.LVL22:
 151:..\common\uart_ldr/main.c ****     }
 152:..\common\uart_ldr/main.c ****     uint32_t uart_frequency = BCLK__BUS_CLK__HZ / divider_selected;
 153:..\common\uart_ldr/main.c ****     uint32_t delay_tmr = ((BCLK__BUS_CLK__HZ / uart_frequency)*3)/4;
 154:..\common\uart_ldr/main.c **** 
 155:..\common\uart_ldr/main.c ****     Mantmr_WritePeriod(delay_tmr-3);
 203              		.loc 1 155 0
 204 0098 0E4B     		ldr	r3, .L19+12
 150:..\common\uart_ldr/main.c ****     }
 205              		.loc 1 150 0
 206 009a 84B2     		uxth	r4, r0
 207              	.LVL23:
 208              		.loc 1 155 0
 209 009c B3FBF4F0 		udiv	r0, r3, r4
 210 00a0 B3FBF0F0 		udiv	r0, r3, r0
 211 00a4 00EB4000 		add	r0, r0, r0, lsl #1
 212 00a8 8008     		lsrs	r0, r0, #2
 213 00aa 0338     		subs	r0, r0, #3
 214 00ac C0B2     		uxtb	r0, r0
 215 00ae FFF7FEFF 		bl	Mantmr_WritePeriod
 216              	.LVL24:
 156:..\common\uart_ldr/main.c **** 
 157:..\common\uart_ldr/main.c ****     UART_CLK_SetDividerValue(divider_selected);
 217              		.loc 1 157 0
 218 00b2 601E     		subs	r0, r4, #1
 219 00b4 0121     		movs	r1, #1
 220 00b6 80B2     		uxth	r0, r0
 221 00b8 FFF7FEFF 		bl	UART_CLK_SetDividerRegister
 222              	.LVL25:
 158:..\common\uart_ldr/main.c ****     
 159:..\common\uart_ldr/main.c ****     UART_Start();    
 160:..\common\uart_ldr/main.c ****   
 161:..\common\uart_ldr/main.c **** }
 223              		.loc 1 161 0
 224 00bc BDE8F843 		pop	{r3, r4, r5, r6, r7, r8, r9, lr}
 225              		.cfi_restore 14
 226              		.cfi_restore 9
 227              		.cfi_restore 8
 228              		.cfi_restore 7
 229              		.cfi_restore 6
 230              		.cfi_restore 5
 231              		.cfi_restore 4
 232              		.cfi_restore 3
 233              		.cfi_def_cfa_offset 0
 234              	.LVL26:
 159:..\common\uart_ldr/main.c ****   
 235              		.loc 1 159 0
 236 00c0 FFF7FEBF 		b	UART_Start
ARM GAS  C:\Users\chemi\AppData\Local\Temp\ccTMm1y0.s 			page 8


 237              	.LVL27:
 238              	.L20:
 239 00c4 AFF30080 		.align	3
 240              	.L19:
 241 00c8 00000000 		.word	0
 242 00cc 80845E41 		.word	1096713344
 243 00d0 0024F44A 		.word	1257513984
 244 00d4 0090D003 		.word	64000000
 245              		.cfi_endproc
 246              	.LFE64:
 247              		.size	uart_baudrate, .-uart_baudrate
 248              		.section	.text.startup.main,"ax",%progbits
 249              		.align	1
 250              		.global	main
 251              		.thumb
 252              		.thumb_func
 253              		.type	main, %function
 254              	main:
 255              	.LFB65:
 162:..\common\uart_ldr/main.c **** 
 163:..\common\uart_ldr/main.c **** #define USBFS_DEVICE    (0u)
 164:..\common\uart_ldr/main.c **** 
 165:..\common\uart_ldr/main.c **** /* The buffer size is equal to the maximum packet size of the IN and OUT bulk
 166:..\common\uart_ldr/main.c **** * endpoints.
 167:..\common\uart_ldr/main.c **** */
 168:..\common\uart_ldr/main.c **** 
 169:..\common\uart_ldr/main.c **** int main()
 170:..\common\uart_ldr/main.c **** {
 256              		.loc 1 170 0
 257              		.cfi_startproc
 258              		@ Volatile: function does not return.
 259              		@ args = 0, pretend = 0, frame = 0
 260              		@ frame_needed = 0, uses_anonymous_args = 0
 171:..\common\uart_ldr/main.c ****     
 172:..\common\uart_ldr/main.c **** 	/* Initialize PWM */
 173:..\common\uart_ldr/main.c ****     
 174:..\common\uart_ldr/main.c ****     configuration.baudrate=115200;
 261              		.loc 1 174 0
 262 0000 104C     		ldr	r4, .L26
 170:..\common\uart_ldr/main.c ****     
 263              		.loc 1 170 0
 264 0002 08B5     		push	{r3, lr}
 265              		.cfi_def_cfa_offset 8
 266              		.cfi_offset 3, -8
 267              		.cfi_offset 14, -4
 175:..\common\uart_ldr/main.c ****     configuration.ivo_uart=0;
 268              		.loc 1 175 0
 269 0004 0025     		movs	r5, #0
 174:..\common\uart_ldr/main.c ****     configuration.ivo_uart=0;
 270              		.loc 1 174 0
 271 0006 4FF4E133 		mov	r3, #115200
 272 000a 2360     		str	r3, [r4]
 273              		.loc 1 175 0
 274 000c 2571     		strb	r5, [r4, #4]
 176:..\common\uart_ldr/main.c ****     configuration.line_code=0;
 275              		.loc 1 176 0
 276 000e 6571     		strb	r5, [r4, #5]
ARM GAS  C:\Users\chemi\AppData\Local\Temp\ccTMm1y0.s 			page 9


 177:..\common\uart_ldr/main.c ****     Mantmr_Start();
 277              		.loc 1 177 0
 278 0010 FFF7FEFF 		bl	Mantmr_Start
 279              	.LVL28:
 178:..\common\uart_ldr/main.c ****     
 179:..\common\uart_ldr/main.c ****     EEPROM_1_Start();
 280              		.loc 1 179 0
 281 0014 FFF7FEFF 		bl	EEPROM_1_Start
 282              	.LVL29:
 180:..\common\uart_ldr/main.c ****     if(safe_reg_Read()){
 283              		.loc 1 180 0
 284 0018 FFF7FEFF 		bl	safe_reg_Read
 285              	.LVL30:
 286 001c 38B1     		cbz	r0, .L22
 181:..\common\uart_ldr/main.c ****         EEPROM_read_conf(confparam, PARAM_SIZE(confparam) ,0,NONE); 
 287              		.loc 1 181 0
 288 001e 0323     		movs	r3, #3
 289 0020 0948     		ldr	r0, .L26+4
 290 0022 2A46     		mov	r2, r5
 291 0024 1946     		mov	r1, r3
 292 0026 FFF7FEFF 		bl	EEPROM_read_conf
 293              	.LVL31:
 182:..\common\uart_ldr/main.c ****         safe_state_Write(0);
 294              		.loc 1 182 0
 295 002a 2846     		mov	r0, r5
 296 002c 00E0     		b	.L25
 297              	.L22:
 183:..\common\uart_ldr/main.c ****     }else{
 184:..\common\uart_ldr/main.c ****         safe_state_Write(1);
 298              		.loc 1 184 0
 299 002e 0120     		movs	r0, #1
 300              	.L25:
 301 0030 FFF7FEFF 		bl	safe_state_Write
 302              	.LVL32:
 185:..\common\uart_ldr/main.c ****     }
 186:..\common\uart_ldr/main.c **** 
 187:..\common\uart_ldr/main.c ****     uart_baudrate(configuration.baudrate);
 303              		.loc 1 187 0
 304 0034 2068     		ldr	r0, [r4]
 305 0036 FFF7FEFF 		bl	uart_baudrate
 306              	.LVL33:
 188:..\common\uart_ldr/main.c ****     update_ivo_uart();
 307              		.loc 1 188 0
 308 003a FFF7FEFF 		bl	update_ivo_uart
 309              	.LVL34:
 189:..\common\uart_ldr/main.c **** 	
 190:..\common\uart_ldr/main.c **** 	/* This API does the entire bootload operation. After a succesful bootload operation, this API tra
 191:..\common\uart_ldr/main.c **** 	   program control to the new application via a software reset */
 192:..\common\uart_ldr/main.c **** 	CyBtldr_Start();
 310              		.loc 1 192 0
 311 003e FFF7FEFF 		bl	Bootloader_Start
 312              	.LVL35:
 313              	.L24:
 314 0042 FEE7     		b	.L24
 315              	.L27:
 316              		.align	2
 317              	.L26:
ARM GAS  C:\Users\chemi\AppData\Local\Temp\ccTMm1y0.s 			page 10


 318 0044 00000000 		.word	configuration
 319 0048 00000000 		.word	.LANCHOR0
 320              		.cfi_endproc
 321              	.LFE65:
 322              		.size	main, .-main
 323              		.global	confparam
 324              		.comm	configuration,8,4
 325              		.section	.rodata.str1.1,"aMS",%progbits,1
 326              	.LC0:
 327 0000 62617564 		.ascii	"baudrate\000"
 327      72617465 
 327      00
 328              	.LC1:
 329 0009 69766F5F 		.ascii	"ivo_uart\000"
 329      75617274 
 329      00
 330              	.LC2:
 331 0012 6C696E65 		.ascii	"linecode\000"
 331      636F6465 
 331      00
 332              		.data
 333              		.align	2
 334              		.set	.LANCHOR0,. + 0
 335              		.type	confparam, %object
 336              		.size	confparam, 48
 337              	confparam:
 338 0000 01       		.byte	1
 339 0001 000000   		.space	3
 340 0004 00000000 		.word	.LC0
 341 0008 00000000 		.word	configuration
 342 000c 04       		.byte	4
 343 000d 00       		.byte	0
 344 000e 0000     		.space	2
 345 0010 01       		.byte	1
 346 0011 000000   		.space	3
 347 0014 09000000 		.word	.LC1
 348 0018 04000000 		.word	configuration+4
 349 001c 01       		.byte	1
 350 001d 00       		.byte	0
 351 001e 0000     		.space	2
 352 0020 01       		.byte	1
 353 0021 000000   		.space	3
 354 0024 12000000 		.word	.LC2
 355 0028 05000000 		.word	configuration+5
 356 002c 01       		.byte	1
 357 002d 00       		.byte	0
 358 002e 0000     		.space	2
 359              		.text
 360              	.Letext0:
 361              		.file 2 "c:\\program files (x86)\\cypress\\psoc creator\\4.4\\psoc creator\\import\\gnu\\arm\\5.4.
 362              		.file 3 "c:\\program files (x86)\\cypress\\psoc creator\\4.4\\psoc creator\\import\\gnu\\arm\\5.4.
 363              		.file 4 "Generated_Source\\PSoC5/cytypes.h"
 364              		.file 5 "..\\common\\uart_ldr\\cli_basic.h"
 365              		.file 6 "Generated_Source\\PSoC5/core_cm3.h"
 366              		.file 7 "c:\\program files (x86)\\cypress\\psoc creator\\4.4\\psoc creator\\import\\gnu\\arm\\5.4.
 367              		.file 8 "..\\common\\uart_ldr\\UART.h"
 368              		.file 9 "Generated_Source\\PSoC5/Mantmr.h"
ARM GAS  C:\Users\chemi\AppData\Local\Temp\ccTMm1y0.s 			page 11


 369              		.file 10 "Generated_Source\\PSoC5/UART_CLK.h"
 370              		.file 11 "Generated_Source\\PSoC5/EEPROM_1.h"
 371              		.file 12 "Generated_Source\\PSoC5/safe_reg.h"
 372              		.file 13 "Generated_Source\\PSoC5/safe_state.h"
 373              		.file 14 "..\\common\\uart_ldr\\Bootloader.h"
 374              		.section	.debug_info,"",%progbits
 375              	.Ldebug_info0:
 376 0000 0C040000 		.4byte	0x40c
 377 0004 0400     		.2byte	0x4
 378 0006 00000000 		.4byte	.Ldebug_abbrev0
 379 000a 04       		.byte	0x4
 380 000b 01       		.uleb128 0x1
 381 000c D1010000 		.4byte	.LASF59
 382 0010 0C       		.byte	0xc
 383 0011 C1000000 		.4byte	.LASF60
 384 0015 2B000000 		.4byte	.LASF61
 385 0019 00000000 		.4byte	.Ldebug_ranges0+0
 386 001d 00000000 		.4byte	0
 387 0021 00000000 		.4byte	.Ldebug_line0
 388 0025 02       		.uleb128 0x2
 389 0026 04       		.byte	0x4
 390 0027 07       		.byte	0x7
 391 0028 BB010000 		.4byte	.LASF0
 392 002c 02       		.uleb128 0x2
 393 002d 04       		.byte	0x4
 394 002e 04       		.byte	0x4
 395 002f DB000000 		.4byte	.LASF1
 396 0033 02       		.uleb128 0x2
 397 0034 08       		.byte	0x8
 398 0035 04       		.byte	0x4
 399 0036 F4020000 		.4byte	.LASF2
 400 003a 02       		.uleb128 0x2
 401 003b 01       		.byte	0x1
 402 003c 06       		.byte	0x6
 403 003d 80010000 		.4byte	.LASF3
 404 0041 03       		.uleb128 0x3
 405 0042 25010000 		.4byte	.LASF6
 406 0046 02       		.byte	0x2
 407 0047 1D       		.byte	0x1d
 408 0048 4C000000 		.4byte	0x4c
 409 004c 02       		.uleb128 0x2
 410 004d 01       		.byte	0x1
 411 004e 08       		.byte	0x8
 412 004f 2F010000 		.4byte	.LASF4
 413 0053 02       		.uleb128 0x2
 414 0054 02       		.byte	0x2
 415 0055 05       		.byte	0x5
 416 0056 9E000000 		.4byte	.LASF5
 417 005a 03       		.uleb128 0x3
 418 005b 85000000 		.4byte	.LASF7
 419 005f 02       		.byte	0x2
 420 0060 2B       		.byte	0x2b
 421 0061 65000000 		.4byte	0x65
 422 0065 02       		.uleb128 0x2
 423 0066 02       		.byte	0x2
 424 0067 07       		.byte	0x7
 425 0068 5F020000 		.4byte	.LASF8
ARM GAS  C:\Users\chemi\AppData\Local\Temp\ccTMm1y0.s 			page 12


 426 006c 03       		.uleb128 0x3
 427 006d 24030000 		.4byte	.LASF9
 428 0071 02       		.byte	0x2
 429 0072 3F       		.byte	0x3f
 430 0073 77000000 		.4byte	0x77
 431 0077 02       		.uleb128 0x2
 432 0078 04       		.byte	0x4
 433 0079 05       		.byte	0x5
 434 007a 0B010000 		.4byte	.LASF10
 435 007e 03       		.uleb128 0x3
 436 007f 10000000 		.4byte	.LASF11
 437 0083 02       		.byte	0x2
 438 0084 41       		.byte	0x41
 439 0085 89000000 		.4byte	0x89
 440 0089 02       		.uleb128 0x2
 441 008a 04       		.byte	0x4
 442 008b 07       		.byte	0x7
 443 008c E2020000 		.4byte	.LASF12
 444 0090 02       		.uleb128 0x2
 445 0091 08       		.byte	0x8
 446 0092 05       		.byte	0x5
 447 0093 E1000000 		.4byte	.LASF13
 448 0097 02       		.uleb128 0x2
 449 0098 08       		.byte	0x8
 450 0099 07       		.byte	0x7
 451 009a 8C010000 		.4byte	.LASF14
 452 009e 04       		.uleb128 0x4
 453 009f 04       		.byte	0x4
 454 00a0 05       		.byte	0x5
 455 00a1 696E7400 		.ascii	"int\000"
 456 00a5 03       		.uleb128 0x3
 457 00a6 B3000000 		.4byte	.LASF15
 458 00aa 03       		.byte	0x3
 459 00ab 18       		.byte	0x18
 460 00ac 41000000 		.4byte	0x41
 461 00b0 03       		.uleb128 0x3
 462 00b1 C8010000 		.4byte	.LASF16
 463 00b5 03       		.byte	0x3
 464 00b6 24       		.byte	0x24
 465 00b7 5A000000 		.4byte	0x5a
 466 00bb 03       		.uleb128 0x3
 467 00bc 82020000 		.4byte	.LASF17
 468 00c0 03       		.byte	0x3
 469 00c1 2C       		.byte	0x2c
 470 00c2 6C000000 		.4byte	0x6c
 471 00c6 03       		.uleb128 0x3
 472 00c7 A3010000 		.4byte	.LASF18
 473 00cb 03       		.byte	0x3
 474 00cc 30       		.byte	0x30
 475 00cd 7E000000 		.4byte	0x7e
 476 00d1 05       		.uleb128 0x5
 477 00d2 BB000000 		.4byte	.LASF19
 478 00d6 04       		.byte	0x4
 479 00d7 9201     		.2byte	0x192
 480 00d9 4C000000 		.4byte	0x4c
 481 00dd 02       		.uleb128 0x2
 482 00de 01       		.byte	0x1
ARM GAS  C:\Users\chemi\AppData\Local\Temp\ccTMm1y0.s 			page 13


 483 00df 08       		.byte	0x8
 484 00e0 72020000 		.4byte	.LASF20
 485 00e4 05       		.uleb128 0x5
 486 00e5 DD020000 		.4byte	.LASF21
 487 00e9 04       		.byte	0x4
 488 00ea 3C02     		.2byte	0x23c
 489 00ec F0000000 		.4byte	0xf0
 490 00f0 06       		.uleb128 0x6
 491 00f1 D1000000 		.4byte	0xd1
 492 00f5 02       		.uleb128 0x2
 493 00f6 08       		.byte	0x8
 494 00f7 04       		.byte	0x4
 495 00f8 4B010000 		.4byte	.LASF22
 496 00fc 02       		.uleb128 0x2
 497 00fd 04       		.byte	0x4
 498 00fe 07       		.byte	0x7
 499 00ff 3D030000 		.4byte	.LASF23
 500 0103 07       		.uleb128 0x7
 501 0104 04       		.byte	0x4
 502 0105 08       		.uleb128 0x8
 503 0106 04       		.byte	0x4
 504 0107 0B010000 		.4byte	0x10b
 505 010b 09       		.uleb128 0x9
 506 010c DD000000 		.4byte	0xdd
 507 0110 03       		.uleb128 0x3
 508 0111 62010000 		.4byte	.LASF24
 509 0115 05       		.byte	0x5
 510 0116 3B       		.byte	0x3b
 511 0117 1B010000 		.4byte	0x11b
 512 011b 0A       		.uleb128 0xa
 513 011c 46030000 		.4byte	.LASF30
 514 0120 10       		.byte	0x10
 515 0121 05       		.byte	0x5
 516 0122 3C       		.byte	0x3c
 517 0123 64010000 		.4byte	0x164
 518 0127 0B       		.uleb128 0xb
 519 0128 76000000 		.4byte	.LASF25
 520 012c 05       		.byte	0x5
 521 012d 3D       		.byte	0x3d
 522 012e 64010000 		.4byte	0x164
 523 0132 00       		.byte	0
 524 0133 0B       		.uleb128 0xb
 525 0134 46010000 		.4byte	.LASF26
 526 0138 05       		.byte	0x5
 527 0139 3E       		.byte	0x3e
 528 013a 05010000 		.4byte	0x105
 529 013e 04       		.byte	0x4
 530 013f 0B       		.uleb128 0xb
 531 0140 A8000000 		.4byte	.LASF27
 532 0144 05       		.byte	0x5
 533 0145 3F       		.byte	0x3f
 534 0146 03010000 		.4byte	0x103
 535 014a 08       		.byte	0x8
 536 014b 0B       		.uleb128 0xb
 537 014c 0C030000 		.4byte	.LASF28
 538 0150 05       		.byte	0x5
 539 0151 40       		.byte	0x40
ARM GAS  C:\Users\chemi\AppData\Local\Temp\ccTMm1y0.s 			page 14


 540 0152 64010000 		.4byte	0x164
 541 0156 0C       		.byte	0xc
 542 0157 0B       		.uleb128 0xb
 543 0158 AE000000 		.4byte	.LASF29
 544 015c 05       		.byte	0x5
 545 015d 41       		.byte	0x41
 546 015e 64010000 		.4byte	0x164
 547 0162 0D       		.byte	0xd
 548 0163 00       		.byte	0
 549 0164 09       		.uleb128 0x9
 550 0165 A5000000 		.4byte	0xa5
 551 0169 0A       		.uleb128 0xa
 552 016a 90000000 		.4byte	.LASF31
 553 016e 08       		.byte	0x8
 554 016f 01       		.byte	0x1
 555 0170 5A       		.byte	0x5a
 556 0171 9A010000 		.4byte	0x19a
 557 0175 0B       		.uleb128 0xb
 558 0176 3D010000 		.4byte	.LASF32
 559 017a 01       		.byte	0x1
 560 017b 5B       		.byte	0x5b
 561 017c C6000000 		.4byte	0xc6
 562 0180 00       		.byte	0
 563 0181 0B       		.uleb128 0xb
 564 0182 1B030000 		.4byte	.LASF33
 565 0186 01       		.byte	0x1
 566 0187 5C       		.byte	0x5c
 567 0188 A5000000 		.4byte	0xa5
 568 018c 04       		.byte	0x4
 569 018d 0B       		.uleb128 0xb
 570 018e 11030000 		.4byte	.LASF34
 571 0192 01       		.byte	0x1
 572 0193 5D       		.byte	0x5d
 573 0194 A5000000 		.4byte	0xa5
 574 0198 05       		.byte	0x5
 575 0199 00       		.byte	0
 576 019a 03       		.uleb128 0x3
 577 019b 57010000 		.4byte	.LASF35
 578 019f 01       		.byte	0x1
 579 01a0 5F       		.byte	0x5f
 580 01a1 69010000 		.4byte	0x169
 581 01a5 0C       		.uleb128 0xc
 582 01a6 CD020000 		.4byte	.LASF62
 583 01aa 01       		.byte	0x1
 584 01ab 6B       		.byte	0x6b
 585 01ac 01       		.byte	0x1
 586 01ad 0D       		.uleb128 0xd
 587 01ae A5010000 		.4byte	0x1a5
 588 01b2 00000000 		.4byte	.LFB63
 589 01b6 58000000 		.4byte	.LFE63-.LFB63
 590 01ba 01       		.uleb128 0x1
 591 01bb 9C       		.byte	0x9c
 592 01bc 0E       		.uleb128 0xe
 593 01bd 74030000 		.4byte	.LASF63
 594 01c1 01       		.byte	0x1
 595 01c2 86       		.byte	0x86
 596 01c3 00000000 		.4byte	.LFB64
ARM GAS  C:\Users\chemi\AppData\Local\Temp\ccTMm1y0.s 			page 15


 597 01c7 D8000000 		.4byte	.LFE64-.LFB64
 598 01cb 01       		.uleb128 0x1
 599 01cc 9C       		.byte	0x9c
 600 01cd C8020000 		.4byte	0x2c8
 601 01d1 0F       		.uleb128 0xf
 602 01d2 3D010000 		.4byte	.LASF32
 603 01d6 01       		.byte	0x1
 604 01d7 86       		.byte	0x86
 605 01d8 C6000000 		.4byte	0xc6
 606 01dc 00000000 		.4byte	.LLST0
 607 01e0 10       		.uleb128 0x10
 608 01e1 9D030000 		.4byte	.LASF36
 609 01e5 01       		.byte	0x1
 610 01e6 87       		.byte	0x87
 611 01e7 2C000000 		.4byte	0x2c
 612 01eb 21000000 		.4byte	.LLST1
 613 01ef 10       		.uleb128 0x10
 614 01f0 94020000 		.4byte	.LASF37
 615 01f4 01       		.byte	0x1
 616 01f5 88       		.byte	0x88
 617 01f6 B0000000 		.4byte	0xb0
 618 01fa 6B000000 		.4byte	.LLST2
 619 01fe 10       		.uleb128 0x10
 620 01ff 8A020000 		.4byte	.LASF38
 621 0203 01       		.byte	0x1
 622 0204 8A       		.byte	0x8a
 623 0205 C6000000 		.4byte	0xc6
 624 0209 8A000000 		.4byte	.LLST3
 625 020d 10       		.uleb128 0x10
 626 020e C5020000 		.4byte	.LASF39
 627 0212 01       		.byte	0x1
 628 0213 8B       		.byte	0x8b
 629 0214 C6000000 		.4byte	0xc6
 630 0218 AE000000 		.4byte	.LLST4
 631 021c 10       		.uleb128 0x10
 632 021d 1B000000 		.4byte	.LASF40
 633 0221 01       		.byte	0x1
 634 0222 8D       		.byte	0x8d
 635 0223 2C000000 		.4byte	0x2c
 636 0227 D2000000 		.4byte	.LLST5
 637 022b 10       		.uleb128 0x10
 638 022c 63000000 		.4byte	.LASF41
 639 0230 01       		.byte	0x1
 640 0231 8E       		.byte	0x8e
 641 0232 2C000000 		.4byte	0x2c
 642 0236 04010000 		.4byte	.LLST6
 643 023a 10       		.uleb128 0x10
 644 023b AC010000 		.4byte	.LASF42
 645 023f 01       		.byte	0x1
 646 0240 98       		.byte	0x98
 647 0241 C6000000 		.4byte	0xc6
 648 0245 36010000 		.4byte	.LLST7
 649 0249 10       		.uleb128 0x10
 650 024a 00000000 		.4byte	.LASF43
 651 024e 01       		.byte	0x1
 652 024f 99       		.byte	0x99
 653 0250 C6000000 		.4byte	0xc6
ARM GAS  C:\Users\chemi\AppData\Local\Temp\ccTMm1y0.s 			page 16


 654 0254 5B010000 		.4byte	.LLST8
 655 0258 11       		.uleb128 0x11
 656 0259 1E000000 		.4byte	.LVL6
 657 025d 8B030000 		.4byte	0x38b
 658 0261 11       		.uleb128 0x11
 659 0262 2A000000 		.4byte	.LVL8
 660 0266 96030000 		.4byte	0x396
 661 026a 11       		.uleb128 0x11
 662 026b 32000000 		.4byte	.LVL10
 663 026f A1030000 		.4byte	0x3a1
 664 0273 12       		.uleb128 0x12
 665 0274 B2000000 		.4byte	.LVL24
 666 0278 AC030000 		.4byte	0x3ac
 667 027c A5020000 		.4byte	0x2a5
 668 0280 13       		.uleb128 0x13
 669 0281 01       		.uleb128 0x1
 670 0282 50       		.byte	0x50
 671 0283 20       		.uleb128 0x20
 672 0284 0C       		.byte	0xc
 673 0285 0090D003 		.4byte	0x3d09000
 674 0289 F7       		.byte	0xf7
 675 028a 25       		.uleb128 0x25
 676 028b 0C       		.byte	0xc
 677 028c 0090D003 		.4byte	0x3d09000
 678 0290 F7       		.byte	0xf7
 679 0291 25       		.uleb128 0x25
 680 0292 74       		.byte	0x74
 681 0293 00       		.sleb128 0
 682 0294 F7       		.byte	0xf7
 683 0295 25       		.uleb128 0x25
 684 0296 1B       		.byte	0x1b
 685 0297 F7       		.byte	0xf7
 686 0298 00       		.uleb128 0
 687 0299 F7       		.byte	0xf7
 688 029a 25       		.uleb128 0x25
 689 029b 1B       		.byte	0x1b
 690 029c F7       		.byte	0xf7
 691 029d 00       		.uleb128 0
 692 029e 33       		.byte	0x33
 693 029f 1E       		.byte	0x1e
 694 02a0 32       		.byte	0x32
 695 02a1 25       		.byte	0x25
 696 02a2 33       		.byte	0x33
 697 02a3 1C       		.byte	0x1c
 698 02a4 00       		.byte	0
 699 02a5 12       		.uleb128 0x12
 700 02a6 BC000000 		.4byte	.LVL25
 701 02aa B7030000 		.4byte	0x3b7
 702 02ae BE020000 		.4byte	0x2be
 703 02b2 13       		.uleb128 0x13
 704 02b3 01       		.uleb128 0x1
 705 02b4 50       		.byte	0x50
 706 02b5 02       		.uleb128 0x2
 707 02b6 74       		.byte	0x74
 708 02b7 7F       		.sleb128 -1
 709 02b8 13       		.uleb128 0x13
 710 02b9 01       		.uleb128 0x1
ARM GAS  C:\Users\chemi\AppData\Local\Temp\ccTMm1y0.s 			page 17


 711 02ba 51       		.byte	0x51
 712 02bb 01       		.uleb128 0x1
 713 02bc 31       		.byte	0x31
 714 02bd 00       		.byte	0
 715 02be 14       		.uleb128 0x14
 716 02bf C4000000 		.4byte	.LVL27
 717 02c3 C2030000 		.4byte	0x3c2
 718 02c7 00       		.byte	0
 719 02c8 15       		.uleb128 0x15
 720 02c9 71000000 		.4byte	.LASF64
 721 02cd 01       		.byte	0x1
 722 02ce A9       		.byte	0xa9
 723 02cf 9E000000 		.4byte	0x9e
 724 02d3 00000000 		.4byte	.LFB65
 725 02d7 4C000000 		.4byte	.LFE65-.LFB65
 726 02db 01       		.uleb128 0x1
 727 02dc 9C       		.byte	0x9c
 728 02dd 48030000 		.4byte	0x348
 729 02e1 11       		.uleb128 0x11
 730 02e2 14000000 		.4byte	.LVL28
 731 02e6 CD030000 		.4byte	0x3cd
 732 02ea 11       		.uleb128 0x11
 733 02eb 18000000 		.4byte	.LVL29
 734 02ef D8030000 		.4byte	0x3d8
 735 02f3 11       		.uleb128 0x11
 736 02f4 1C000000 		.4byte	.LVL30
 737 02f8 E3030000 		.4byte	0x3e3
 738 02fc 12       		.uleb128 0x12
 739 02fd 2A000000 		.4byte	.LVL31
 740 0301 EE030000 		.4byte	0x3ee
 741 0305 23030000 		.4byte	0x323
 742 0309 13       		.uleb128 0x13
 743 030a 01       		.uleb128 0x1
 744 030b 50       		.byte	0x50
 745 030c 05       		.uleb128 0x5
 746 030d 03       		.byte	0x3
 747 030e 00000000 		.4byte	.LANCHOR0
 748 0312 13       		.uleb128 0x13
 749 0313 01       		.uleb128 0x1
 750 0314 51       		.byte	0x51
 751 0315 01       		.uleb128 0x1
 752 0316 33       		.byte	0x33
 753 0317 13       		.uleb128 0x13
 754 0318 01       		.uleb128 0x1
 755 0319 52       		.byte	0x52
 756 031a 02       		.uleb128 0x2
 757 031b 75       		.byte	0x75
 758 031c 00       		.sleb128 0
 759 031d 13       		.uleb128 0x13
 760 031e 01       		.uleb128 0x1
 761 031f 53       		.byte	0x53
 762 0320 01       		.uleb128 0x1
 763 0321 33       		.byte	0x33
 764 0322 00       		.byte	0
 765 0323 11       		.uleb128 0x11
 766 0324 34000000 		.4byte	.LVL32
 767 0328 F9030000 		.4byte	0x3f9
ARM GAS  C:\Users\chemi\AppData\Local\Temp\ccTMm1y0.s 			page 18


 768 032c 11       		.uleb128 0x11
 769 032d 3A000000 		.4byte	.LVL33
 770 0331 BC010000 		.4byte	0x1bc
 771 0335 11       		.uleb128 0x11
 772 0336 3E000000 		.4byte	.LVL34
 773 033a A5010000 		.4byte	0x1a5
 774 033e 11       		.uleb128 0x11
 775 033f 42000000 		.4byte	.LVL35
 776 0343 04040000 		.4byte	0x404
 777 0347 00       		.byte	0
 778 0348 16       		.uleb128 0x16
 779 0349 82030000 		.4byte	.LASF44
 780 034d 06       		.byte	0x6
 781 034e 1207     		.2byte	0x712
 782 0350 54030000 		.4byte	0x354
 783 0354 06       		.uleb128 0x6
 784 0355 BB000000 		.4byte	0xbb
 785 0359 17       		.uleb128 0x17
 786 035a 72010000 		.4byte	.LASF45
 787 035e 01       		.byte	0x1
 788 035f 60       		.byte	0x60
 789 0360 9A010000 		.4byte	0x19a
 790 0364 05       		.uleb128 0x5
 791 0365 03       		.byte	0x3
 792 0366 00000000 		.4byte	configuration
 793 036a 18       		.uleb128 0x18
 794 036b 10010000 		.4byte	0x110
 795 036f 7A030000 		.4byte	0x37a
 796 0373 19       		.uleb128 0x19
 797 0374 FC000000 		.4byte	0xfc
 798 0378 02       		.byte	0x2
 799 0379 00       		.byte	0
 800 037a 17       		.uleb128 0x17
 801 037b 33030000 		.4byte	.LASF46
 802 037f 01       		.byte	0x1
 803 0380 65       		.byte	0x65
 804 0381 6A030000 		.4byte	0x36a
 805 0385 05       		.uleb128 0x5
 806 0386 03       		.byte	0x3
 807 0387 00000000 		.4byte	confparam
 808 038b 1A       		.uleb128 0x1a
 809 038c 0A000000 		.4byte	.LASF47
 810 0390 0A000000 		.4byte	.LASF47
 811 0394 07       		.byte	0x7
 812 0395 76       		.byte	0x76
 813 0396 1A       		.uleb128 0x1a
 814 0397 2E030000 		.4byte	.LASF48
 815 039b 2E030000 		.4byte	.LASF48
 816 039f 07       		.byte	0x7
 817 03a0 74       		.byte	0x74
 818 03a1 1A       		.uleb128 0x1a
 819 03a2 6A030000 		.4byte	.LASF49
 820 03a6 6A030000 		.4byte	.LASF49
 821 03aa 08       		.byte	0x8
 822 03ab 55       		.byte	0x55
 823 03ac 1A       		.uleb128 0x1a
 824 03ad 50000000 		.4byte	.LASF50
ARM GAS  C:\Users\chemi\AppData\Local\Temp\ccTMm1y0.s 			page 19


 825 03b1 50000000 		.4byte	.LASF50
 826 03b5 09       		.byte	0x9
 827 03b6 BE       		.byte	0xbe
 828 03b7 1A       		.uleb128 0x1a
 829 03b8 EF000000 		.4byte	.LASF51
 830 03bc EF000000 		.4byte	.LASF51
 831 03c0 0A       		.byte	0xa
 832 03c1 2F       		.byte	0x2f
 833 03c2 1A       		.uleb128 0x1a
 834 03c3 77020000 		.4byte	.LASF52
 835 03c7 77020000 		.4byte	.LASF52
 836 03cb 08       		.byte	0x8
 837 03cc 54       		.byte	0x54
 838 03cd 1A       		.uleb128 0x1a
 839 03ce 5D030000 		.4byte	.LASF53
 840 03d2 5D030000 		.4byte	.LASF53
 841 03d6 09       		.byte	0x9
 842 03d7 92       		.byte	0x92
 843 03d8 1A       		.uleb128 0x1a
 844 03d9 A5020000 		.4byte	.LASF54
 845 03dd A5020000 		.4byte	.LASF54
 846 03e1 0B       		.byte	0xb
 847 03e2 1F       		.byte	0x1f
 848 03e3 1A       		.uleb128 0x1a
 849 03e4 8F030000 		.4byte	.LASF55
 850 03e8 8F030000 		.4byte	.LASF55
 851 03ec 0C       		.byte	0xc
 852 03ed 30       		.byte	0x30
 853 03ee 1A       		.uleb128 0x1a
 854 03ef B4020000 		.4byte	.LASF56
 855 03f3 B4020000 		.4byte	.LASF56
 856 03f7 05       		.byte	0x5
 857 03f8 44       		.byte	0x44
 858 03f9 1A       		.uleb128 0x1a
 859 03fa FB020000 		.4byte	.LASF57
 860 03fe FB020000 		.4byte	.LASF57
 861 0402 0D       		.byte	0xd
 862 0403 2F       		.byte	0x2f
 863 0404 1A       		.uleb128 0x1a
 864 0405 14010000 		.4byte	.LASF58
 865 0409 14010000 		.4byte	.LASF58
 866 040d 0E       		.byte	0xe
 867 040e E8       		.byte	0xe8
 868 040f 00       		.byte	0
 869              		.section	.debug_abbrev,"",%progbits
 870              	.Ldebug_abbrev0:
 871 0000 01       		.uleb128 0x1
 872 0001 11       		.uleb128 0x11
 873 0002 01       		.byte	0x1
 874 0003 25       		.uleb128 0x25
 875 0004 0E       		.uleb128 0xe
 876 0005 13       		.uleb128 0x13
 877 0006 0B       		.uleb128 0xb
 878 0007 03       		.uleb128 0x3
 879 0008 0E       		.uleb128 0xe
 880 0009 1B       		.uleb128 0x1b
 881 000a 0E       		.uleb128 0xe
ARM GAS  C:\Users\chemi\AppData\Local\Temp\ccTMm1y0.s 			page 20


 882 000b 55       		.uleb128 0x55
 883 000c 17       		.uleb128 0x17
 884 000d 11       		.uleb128 0x11
 885 000e 01       		.uleb128 0x1
 886 000f 10       		.uleb128 0x10
 887 0010 17       		.uleb128 0x17
 888 0011 00       		.byte	0
 889 0012 00       		.byte	0
 890 0013 02       		.uleb128 0x2
 891 0014 24       		.uleb128 0x24
 892 0015 00       		.byte	0
 893 0016 0B       		.uleb128 0xb
 894 0017 0B       		.uleb128 0xb
 895 0018 3E       		.uleb128 0x3e
 896 0019 0B       		.uleb128 0xb
 897 001a 03       		.uleb128 0x3
 898 001b 0E       		.uleb128 0xe
 899 001c 00       		.byte	0
 900 001d 00       		.byte	0
 901 001e 03       		.uleb128 0x3
 902 001f 16       		.uleb128 0x16
 903 0020 00       		.byte	0
 904 0021 03       		.uleb128 0x3
 905 0022 0E       		.uleb128 0xe
 906 0023 3A       		.uleb128 0x3a
 907 0024 0B       		.uleb128 0xb
 908 0025 3B       		.uleb128 0x3b
 909 0026 0B       		.uleb128 0xb
 910 0027 49       		.uleb128 0x49
 911 0028 13       		.uleb128 0x13
 912 0029 00       		.byte	0
 913 002a 00       		.byte	0
 914 002b 04       		.uleb128 0x4
 915 002c 24       		.uleb128 0x24
 916 002d 00       		.byte	0
 917 002e 0B       		.uleb128 0xb
 918 002f 0B       		.uleb128 0xb
 919 0030 3E       		.uleb128 0x3e
 920 0031 0B       		.uleb128 0xb
 921 0032 03       		.uleb128 0x3
 922 0033 08       		.uleb128 0x8
 923 0034 00       		.byte	0
 924 0035 00       		.byte	0
 925 0036 05       		.uleb128 0x5
 926 0037 16       		.uleb128 0x16
 927 0038 00       		.byte	0
 928 0039 03       		.uleb128 0x3
 929 003a 0E       		.uleb128 0xe
 930 003b 3A       		.uleb128 0x3a
 931 003c 0B       		.uleb128 0xb
 932 003d 3B       		.uleb128 0x3b
 933 003e 05       		.uleb128 0x5
 934 003f 49       		.uleb128 0x49
 935 0040 13       		.uleb128 0x13
 936 0041 00       		.byte	0
 937 0042 00       		.byte	0
 938 0043 06       		.uleb128 0x6
ARM GAS  C:\Users\chemi\AppData\Local\Temp\ccTMm1y0.s 			page 21


 939 0044 35       		.uleb128 0x35
 940 0045 00       		.byte	0
 941 0046 49       		.uleb128 0x49
 942 0047 13       		.uleb128 0x13
 943 0048 00       		.byte	0
 944 0049 00       		.byte	0
 945 004a 07       		.uleb128 0x7
 946 004b 0F       		.uleb128 0xf
 947 004c 00       		.byte	0
 948 004d 0B       		.uleb128 0xb
 949 004e 0B       		.uleb128 0xb
 950 004f 00       		.byte	0
 951 0050 00       		.byte	0
 952 0051 08       		.uleb128 0x8
 953 0052 0F       		.uleb128 0xf
 954 0053 00       		.byte	0
 955 0054 0B       		.uleb128 0xb
 956 0055 0B       		.uleb128 0xb
 957 0056 49       		.uleb128 0x49
 958 0057 13       		.uleb128 0x13
 959 0058 00       		.byte	0
 960 0059 00       		.byte	0
 961 005a 09       		.uleb128 0x9
 962 005b 26       		.uleb128 0x26
 963 005c 00       		.byte	0
 964 005d 49       		.uleb128 0x49
 965 005e 13       		.uleb128 0x13
 966 005f 00       		.byte	0
 967 0060 00       		.byte	0
 968 0061 0A       		.uleb128 0xa
 969 0062 13       		.uleb128 0x13
 970 0063 01       		.byte	0x1
 971 0064 03       		.uleb128 0x3
 972 0065 0E       		.uleb128 0xe
 973 0066 0B       		.uleb128 0xb
 974 0067 0B       		.uleb128 0xb
 975 0068 3A       		.uleb128 0x3a
 976 0069 0B       		.uleb128 0xb
 977 006a 3B       		.uleb128 0x3b
 978 006b 0B       		.uleb128 0xb
 979 006c 01       		.uleb128 0x1
 980 006d 13       		.uleb128 0x13
 981 006e 00       		.byte	0
 982 006f 00       		.byte	0
 983 0070 0B       		.uleb128 0xb
 984 0071 0D       		.uleb128 0xd
 985 0072 00       		.byte	0
 986 0073 03       		.uleb128 0x3
 987 0074 0E       		.uleb128 0xe
 988 0075 3A       		.uleb128 0x3a
 989 0076 0B       		.uleb128 0xb
 990 0077 3B       		.uleb128 0x3b
 991 0078 0B       		.uleb128 0xb
 992 0079 49       		.uleb128 0x49
 993 007a 13       		.uleb128 0x13
 994 007b 38       		.uleb128 0x38
 995 007c 0B       		.uleb128 0xb
ARM GAS  C:\Users\chemi\AppData\Local\Temp\ccTMm1y0.s 			page 22


 996 007d 00       		.byte	0
 997 007e 00       		.byte	0
 998 007f 0C       		.uleb128 0xc
 999 0080 2E       		.uleb128 0x2e
 1000 0081 00       		.byte	0
 1001 0082 3F       		.uleb128 0x3f
 1002 0083 19       		.uleb128 0x19
 1003 0084 03       		.uleb128 0x3
 1004 0085 0E       		.uleb128 0xe
 1005 0086 3A       		.uleb128 0x3a
 1006 0087 0B       		.uleb128 0xb
 1007 0088 3B       		.uleb128 0x3b
 1008 0089 0B       		.uleb128 0xb
 1009 008a 20       		.uleb128 0x20
 1010 008b 0B       		.uleb128 0xb
 1011 008c 00       		.byte	0
 1012 008d 00       		.byte	0
 1013 008e 0D       		.uleb128 0xd
 1014 008f 2E       		.uleb128 0x2e
 1015 0090 00       		.byte	0
 1016 0091 31       		.uleb128 0x31
 1017 0092 13       		.uleb128 0x13
 1018 0093 11       		.uleb128 0x11
 1019 0094 01       		.uleb128 0x1
 1020 0095 12       		.uleb128 0x12
 1021 0096 06       		.uleb128 0x6
 1022 0097 40       		.uleb128 0x40
 1023 0098 18       		.uleb128 0x18
 1024 0099 9742     		.uleb128 0x2117
 1025 009b 19       		.uleb128 0x19
 1026 009c 00       		.byte	0
 1027 009d 00       		.byte	0
 1028 009e 0E       		.uleb128 0xe
 1029 009f 2E       		.uleb128 0x2e
 1030 00a0 01       		.byte	0x1
 1031 00a1 3F       		.uleb128 0x3f
 1032 00a2 19       		.uleb128 0x19
 1033 00a3 03       		.uleb128 0x3
 1034 00a4 0E       		.uleb128 0xe
 1035 00a5 3A       		.uleb128 0x3a
 1036 00a6 0B       		.uleb128 0xb
 1037 00a7 3B       		.uleb128 0x3b
 1038 00a8 0B       		.uleb128 0xb
 1039 00a9 27       		.uleb128 0x27
 1040 00aa 19       		.uleb128 0x19
 1041 00ab 11       		.uleb128 0x11
 1042 00ac 01       		.uleb128 0x1
 1043 00ad 12       		.uleb128 0x12
 1044 00ae 06       		.uleb128 0x6
 1045 00af 40       		.uleb128 0x40
 1046 00b0 18       		.uleb128 0x18
 1047 00b1 9642     		.uleb128 0x2116
 1048 00b3 19       		.uleb128 0x19
 1049 00b4 01       		.uleb128 0x1
 1050 00b5 13       		.uleb128 0x13
 1051 00b6 00       		.byte	0
 1052 00b7 00       		.byte	0
ARM GAS  C:\Users\chemi\AppData\Local\Temp\ccTMm1y0.s 			page 23


 1053 00b8 0F       		.uleb128 0xf
 1054 00b9 05       		.uleb128 0x5
 1055 00ba 00       		.byte	0
 1056 00bb 03       		.uleb128 0x3
 1057 00bc 0E       		.uleb128 0xe
 1058 00bd 3A       		.uleb128 0x3a
 1059 00be 0B       		.uleb128 0xb
 1060 00bf 3B       		.uleb128 0x3b
 1061 00c0 0B       		.uleb128 0xb
 1062 00c1 49       		.uleb128 0x49
 1063 00c2 13       		.uleb128 0x13
 1064 00c3 02       		.uleb128 0x2
 1065 00c4 17       		.uleb128 0x17
 1066 00c5 00       		.byte	0
 1067 00c6 00       		.byte	0
 1068 00c7 10       		.uleb128 0x10
 1069 00c8 34       		.uleb128 0x34
 1070 00c9 00       		.byte	0
 1071 00ca 03       		.uleb128 0x3
 1072 00cb 0E       		.uleb128 0xe
 1073 00cc 3A       		.uleb128 0x3a
 1074 00cd 0B       		.uleb128 0xb
 1075 00ce 3B       		.uleb128 0x3b
 1076 00cf 0B       		.uleb128 0xb
 1077 00d0 49       		.uleb128 0x49
 1078 00d1 13       		.uleb128 0x13
 1079 00d2 02       		.uleb128 0x2
 1080 00d3 17       		.uleb128 0x17
 1081 00d4 00       		.byte	0
 1082 00d5 00       		.byte	0
 1083 00d6 11       		.uleb128 0x11
 1084 00d7 898201   		.uleb128 0x4109
 1085 00da 00       		.byte	0
 1086 00db 11       		.uleb128 0x11
 1087 00dc 01       		.uleb128 0x1
 1088 00dd 31       		.uleb128 0x31
 1089 00de 13       		.uleb128 0x13
 1090 00df 00       		.byte	0
 1091 00e0 00       		.byte	0
 1092 00e1 12       		.uleb128 0x12
 1093 00e2 898201   		.uleb128 0x4109
 1094 00e5 01       		.byte	0x1
 1095 00e6 11       		.uleb128 0x11
 1096 00e7 01       		.uleb128 0x1
 1097 00e8 31       		.uleb128 0x31
 1098 00e9 13       		.uleb128 0x13
 1099 00ea 01       		.uleb128 0x1
 1100 00eb 13       		.uleb128 0x13
 1101 00ec 00       		.byte	0
 1102 00ed 00       		.byte	0
 1103 00ee 13       		.uleb128 0x13
 1104 00ef 8A8201   		.uleb128 0x410a
 1105 00f2 00       		.byte	0
 1106 00f3 02       		.uleb128 0x2
 1107 00f4 18       		.uleb128 0x18
 1108 00f5 9142     		.uleb128 0x2111
 1109 00f7 18       		.uleb128 0x18
ARM GAS  C:\Users\chemi\AppData\Local\Temp\ccTMm1y0.s 			page 24


 1110 00f8 00       		.byte	0
 1111 00f9 00       		.byte	0
 1112 00fa 14       		.uleb128 0x14
 1113 00fb 898201   		.uleb128 0x4109
 1114 00fe 00       		.byte	0
 1115 00ff 11       		.uleb128 0x11
 1116 0100 01       		.uleb128 0x1
 1117 0101 9542     		.uleb128 0x2115
 1118 0103 19       		.uleb128 0x19
 1119 0104 31       		.uleb128 0x31
 1120 0105 13       		.uleb128 0x13
 1121 0106 00       		.byte	0
 1122 0107 00       		.byte	0
 1123 0108 15       		.uleb128 0x15
 1124 0109 2E       		.uleb128 0x2e
 1125 010a 01       		.byte	0x1
 1126 010b 3F       		.uleb128 0x3f
 1127 010c 19       		.uleb128 0x19
 1128 010d 03       		.uleb128 0x3
 1129 010e 0E       		.uleb128 0xe
 1130 010f 3A       		.uleb128 0x3a
 1131 0110 0B       		.uleb128 0xb
 1132 0111 3B       		.uleb128 0x3b
 1133 0112 0B       		.uleb128 0xb
 1134 0113 49       		.uleb128 0x49
 1135 0114 13       		.uleb128 0x13
 1136 0115 8701     		.uleb128 0x87
 1137 0117 19       		.uleb128 0x19
 1138 0118 11       		.uleb128 0x11
 1139 0119 01       		.uleb128 0x1
 1140 011a 12       		.uleb128 0x12
 1141 011b 06       		.uleb128 0x6
 1142 011c 40       		.uleb128 0x40
 1143 011d 18       		.uleb128 0x18
 1144 011e 9742     		.uleb128 0x2117
 1145 0120 19       		.uleb128 0x19
 1146 0121 01       		.uleb128 0x1
 1147 0122 13       		.uleb128 0x13
 1148 0123 00       		.byte	0
 1149 0124 00       		.byte	0
 1150 0125 16       		.uleb128 0x16
 1151 0126 34       		.uleb128 0x34
 1152 0127 00       		.byte	0
 1153 0128 03       		.uleb128 0x3
 1154 0129 0E       		.uleb128 0xe
 1155 012a 3A       		.uleb128 0x3a
 1156 012b 0B       		.uleb128 0xb
 1157 012c 3B       		.uleb128 0x3b
 1158 012d 05       		.uleb128 0x5
 1159 012e 49       		.uleb128 0x49
 1160 012f 13       		.uleb128 0x13
 1161 0130 3F       		.uleb128 0x3f
 1162 0131 19       		.uleb128 0x19
 1163 0132 3C       		.uleb128 0x3c
 1164 0133 19       		.uleb128 0x19
 1165 0134 00       		.byte	0
 1166 0135 00       		.byte	0
ARM GAS  C:\Users\chemi\AppData\Local\Temp\ccTMm1y0.s 			page 25


 1167 0136 17       		.uleb128 0x17
 1168 0137 34       		.uleb128 0x34
 1169 0138 00       		.byte	0
 1170 0139 03       		.uleb128 0x3
 1171 013a 0E       		.uleb128 0xe
 1172 013b 3A       		.uleb128 0x3a
 1173 013c 0B       		.uleb128 0xb
 1174 013d 3B       		.uleb128 0x3b
 1175 013e 0B       		.uleb128 0xb
 1176 013f 49       		.uleb128 0x49
 1177 0140 13       		.uleb128 0x13
 1178 0141 3F       		.uleb128 0x3f
 1179 0142 19       		.uleb128 0x19
 1180 0143 02       		.uleb128 0x2
 1181 0144 18       		.uleb128 0x18
 1182 0145 00       		.byte	0
 1183 0146 00       		.byte	0
 1184 0147 18       		.uleb128 0x18
 1185 0148 01       		.uleb128 0x1
 1186 0149 01       		.byte	0x1
 1187 014a 49       		.uleb128 0x49
 1188 014b 13       		.uleb128 0x13
 1189 014c 01       		.uleb128 0x1
 1190 014d 13       		.uleb128 0x13
 1191 014e 00       		.byte	0
 1192 014f 00       		.byte	0
 1193 0150 19       		.uleb128 0x19
 1194 0151 21       		.uleb128 0x21
 1195 0152 00       		.byte	0
 1196 0153 49       		.uleb128 0x49
 1197 0154 13       		.uleb128 0x13
 1198 0155 2F       		.uleb128 0x2f
 1199 0156 0B       		.uleb128 0xb
 1200 0157 00       		.byte	0
 1201 0158 00       		.byte	0
 1202 0159 1A       		.uleb128 0x1a
 1203 015a 2E       		.uleb128 0x2e
 1204 015b 00       		.byte	0
 1205 015c 3F       		.uleb128 0x3f
 1206 015d 19       		.uleb128 0x19
 1207 015e 3C       		.uleb128 0x3c
 1208 015f 19       		.uleb128 0x19
 1209 0160 6E       		.uleb128 0x6e
 1210 0161 0E       		.uleb128 0xe
 1211 0162 03       		.uleb128 0x3
 1212 0163 0E       		.uleb128 0xe
 1213 0164 3A       		.uleb128 0x3a
 1214 0165 0B       		.uleb128 0xb
 1215 0166 3B       		.uleb128 0x3b
 1216 0167 0B       		.uleb128 0xb
 1217 0168 00       		.byte	0
 1218 0169 00       		.byte	0
 1219 016a 00       		.byte	0
 1220              		.section	.debug_loc,"",%progbits
 1221              	.Ldebug_loc0:
 1222              	.LLST0:
 1223 0000 00000000 		.4byte	.LVL0
ARM GAS  C:\Users\chemi\AppData\Local\Temp\ccTMm1y0.s 			page 26


 1224 0004 07000000 		.4byte	.LVL1-1
 1225 0008 0100     		.2byte	0x1
 1226 000a 50       		.byte	0x50
 1227 000b 07000000 		.4byte	.LVL1-1
 1228 000f D8000000 		.4byte	.LFE64
 1229 0013 0400     		.2byte	0x4
 1230 0015 F3       		.byte	0xf3
 1231 0016 01       		.uleb128 0x1
 1232 0017 50       		.byte	0x50
 1233 0018 9F       		.byte	0x9f
 1234 0019 00000000 		.4byte	0
 1235 001d 00000000 		.4byte	0
 1236              	.LLST1:
 1237 0021 0A000000 		.4byte	.LVL2
 1238 0025 0E000000 		.4byte	.LVL3
 1239 0029 0C00     		.2byte	0xc
 1240 002b F4       		.byte	0xf4
 1241 002c 2C       		.uleb128 0x2c
 1242 002d 04       		.byte	0x4
 1243 002e 0024F44A 		.4byte	0x4af42400
 1244 0032 F5       		.byte	0xf5
 1245 0033 00       		.uleb128 0
 1246 0034 2C       		.uleb128 0x2c
 1247 0035 1B       		.byte	0x1b
 1248 0036 9F       		.byte	0x9f
 1249 0037 0E000000 		.4byte	.LVL3
 1250 003b 11000000 		.4byte	.LVL4-1
 1251 003f 0C00     		.2byte	0xc
 1252 0041 F4       		.byte	0xf4
 1253 0042 2C       		.uleb128 0x2c
 1254 0043 04       		.byte	0x4
 1255 0044 0024F44A 		.4byte	0x4af42400
 1256 0048 F5       		.byte	0xf5
 1257 0049 01       		.uleb128 0x1
 1258 004a 2C       		.uleb128 0x2c
 1259 004b 1B       		.byte	0x1b
 1260 004c 9F       		.byte	0x9f
 1261 004d 11000000 		.4byte	.LVL4-1
 1262 0051 9C000000 		.4byte	.LVL23
 1263 0055 0C00     		.2byte	0xc
 1264 0057 F4       		.byte	0xf4
 1265 0058 2C       		.uleb128 0x2c
 1266 0059 04       		.byte	0x4
 1267 005a 0024F44A 		.4byte	0x4af42400
 1268 005e F5       		.byte	0xf5
 1269 005f 04       		.uleb128 0x4
 1270 0060 2C       		.uleb128 0x2c
 1271 0061 1B       		.byte	0x1b
 1272 0062 9F       		.byte	0x9f
 1273 0063 00000000 		.4byte	0
 1274 0067 00000000 		.4byte	0
 1275              	.LLST2:
 1276 006b 0A000000 		.4byte	.LVL2
 1277 006f 9C000000 		.4byte	.LVL23
 1278 0073 0200     		.2byte	0x2
 1279 0075 31       		.byte	0x31
 1280 0076 9F       		.byte	0x9f
ARM GAS  C:\Users\chemi\AppData\Local\Temp\ccTMm1y0.s 			page 27


 1281 0077 9C000000 		.4byte	.LVL23
 1282 007b C0000000 		.4byte	.LVL26
 1283 007f 0100     		.2byte	0x1
 1284 0081 54       		.byte	0x54
 1285 0082 00000000 		.4byte	0
 1286 0086 00000000 		.4byte	0
 1287              	.LLST3:
 1288 008a 22000000 		.4byte	.LVL7
 1289 008e C0000000 		.4byte	.LVL26
 1290 0092 1200     		.2byte	0x12
 1291 0094 F4       		.byte	0xf4
 1292 0095 33       		.uleb128 0x33
 1293 0096 08       		.byte	0x8
 1294 0097 00000000 		.4byte	0
 1295 009b 80845E41 		.4byte	0x415e8480
 1296 009f F5       		.byte	0xf5
 1297 00a0 08       		.uleb128 0x8
 1298 00a1 33       		.uleb128 0x33
 1299 00a2 1B       		.byte	0x1b
 1300 00a3 F7       		.byte	0xf7
 1301 00a4 25       		.uleb128 0x25
 1302 00a5 9F       		.byte	0x9f
 1303 00a6 00000000 		.4byte	0
 1304 00aa 00000000 		.4byte	0
 1305              	.LLST4:
 1306 00ae 2E000000 		.4byte	.LVL9
 1307 00b2 C0000000 		.4byte	.LVL26
 1308 00b6 1200     		.2byte	0x12
 1309 00b8 F4       		.byte	0xf4
 1310 00b9 33       		.uleb128 0x33
 1311 00ba 08       		.byte	0x8
 1312 00bb 00000000 		.4byte	0
 1313 00bf 80845E41 		.4byte	0x415e8480
 1314 00c3 F5       		.byte	0xf5
 1315 00c4 06       		.uleb128 0x6
 1316 00c5 33       		.uleb128 0x33
 1317 00c6 1B       		.byte	0x1b
 1318 00c7 F7       		.byte	0xf7
 1319 00c8 25       		.uleb128 0x25
 1320 00c9 9F       		.byte	0x9f
 1321 00ca 00000000 		.4byte	0
 1322 00ce 00000000 		.4byte	0
 1323              	.LLST5:
 1324 00d2 2E000000 		.4byte	.LVL9
 1325 00d6 9C000000 		.4byte	.LVL23
 1326 00da 2000     		.2byte	0x20
 1327 00dc F4       		.byte	0xf4
 1328 00dd 33       		.uleb128 0x33
 1329 00de 08       		.byte	0x8
 1330 00df 00000000 		.4byte	0
 1331 00e3 80845E41 		.4byte	0x415e8480
 1332 00e7 F5       		.byte	0xf5
 1333 00e8 08       		.uleb128 0x8
 1334 00e9 33       		.uleb128 0x33
 1335 00ea 1B       		.byte	0x1b
 1336 00eb F7       		.byte	0xf7
 1337 00ec 25       		.uleb128 0x25
ARM GAS  C:\Users\chemi\AppData\Local\Temp\ccTMm1y0.s 			page 28


 1338 00ed F7       		.byte	0xf7
 1339 00ee 2C       		.uleb128 0x2c
 1340 00ef F5       		.byte	0xf5
 1341 00f0 04       		.uleb128 0x4
 1342 00f1 2C       		.uleb128 0x2c
 1343 00f2 1B       		.byte	0x1b
 1344 00f3 F4       		.byte	0xf4
 1345 00f4 2C       		.uleb128 0x2c
 1346 00f5 04       		.byte	0x4
 1347 00f6 0000803F 		.4byte	0x3f800000
 1348 00fa 1C       		.byte	0x1c
 1349 00fb 9F       		.byte	0x9f
 1350 00fc 00000000 		.4byte	0
 1351 0100 00000000 		.4byte	0
 1352              	.LLST6:
 1353 0104 2E000000 		.4byte	.LVL9
 1354 0108 9C000000 		.4byte	.LVL23
 1355 010c 2000     		.2byte	0x20
 1356 010e F4       		.byte	0xf4
 1357 010f 33       		.uleb128 0x33
 1358 0110 08       		.byte	0x8
 1359 0111 00000000 		.4byte	0
 1360 0115 80845E41 		.4byte	0x415e8480
 1361 0119 F5       		.byte	0xf5
 1362 011a 06       		.uleb128 0x6
 1363 011b 33       		.uleb128 0x33
 1364 011c 1B       		.byte	0x1b
 1365 011d F7       		.byte	0xf7
 1366 011e 25       		.uleb128 0x25
 1367 011f F7       		.byte	0xf7
 1368 0120 2C       		.uleb128 0x2c
 1369 0121 F5       		.byte	0xf5
 1370 0122 04       		.uleb128 0x4
 1371 0123 2C       		.uleb128 0x2c
 1372 0124 1B       		.byte	0x1b
 1373 0125 F4       		.byte	0xf4
 1374 0126 2C       		.uleb128 0x2c
 1375 0127 04       		.byte	0x4
 1376 0128 0000803F 		.4byte	0x3f800000
 1377 012c 1C       		.byte	0x1c
 1378 012d 9F       		.byte	0x9f
 1379 012e 00000000 		.4byte	0
 1380 0132 00000000 		.4byte	0
 1381              	.LLST7:
 1382 0136 9C000000 		.4byte	.LVL23
 1383 013a C0000000 		.4byte	.LVL26
 1384 013e 1300     		.2byte	0x13
 1385 0140 0C       		.byte	0xc
 1386 0141 0090D003 		.4byte	0x3d09000
 1387 0145 F7       		.byte	0xf7
 1388 0146 25       		.uleb128 0x25
 1389 0147 74       		.byte	0x74
 1390 0148 00       		.sleb128 0
 1391 0149 0A       		.byte	0xa
 1392 014a FFFF     		.2byte	0xffff
 1393 014c 1A       		.byte	0x1a
 1394 014d F7       		.byte	0xf7
ARM GAS  C:\Users\chemi\AppData\Local\Temp\ccTMm1y0.s 			page 29


 1395 014e 25       		.uleb128 0x25
 1396 014f 1B       		.byte	0x1b
 1397 0150 F7       		.byte	0xf7
 1398 0151 00       		.uleb128 0
 1399 0152 9F       		.byte	0x9f
 1400 0153 00000000 		.4byte	0
 1401 0157 00000000 		.4byte	0
 1402              	.LLST8:
 1403 015b 9C000000 		.4byte	.LVL23
 1404 015f C0000000 		.4byte	.LVL26
 1405 0163 2300     		.2byte	0x23
 1406 0165 0C       		.byte	0xc
 1407 0166 0090D003 		.4byte	0x3d09000
 1408 016a F7       		.byte	0xf7
 1409 016b 25       		.uleb128 0x25
 1410 016c 0C       		.byte	0xc
 1411 016d 0090D003 		.4byte	0x3d09000
 1412 0171 F7       		.byte	0xf7
 1413 0172 25       		.uleb128 0x25
 1414 0173 74       		.byte	0x74
 1415 0174 00       		.sleb128 0
 1416 0175 0A       		.byte	0xa
 1417 0176 FFFF     		.2byte	0xffff
 1418 0178 1A       		.byte	0x1a
 1419 0179 F7       		.byte	0xf7
 1420 017a 25       		.uleb128 0x25
 1421 017b 1B       		.byte	0x1b
 1422 017c F7       		.byte	0xf7
 1423 017d 00       		.uleb128 0
 1424 017e F7       		.byte	0xf7
 1425 017f 25       		.uleb128 0x25
 1426 0180 1B       		.byte	0x1b
 1427 0181 F7       		.byte	0xf7
 1428 0182 00       		.uleb128 0
 1429 0183 33       		.byte	0x33
 1430 0184 1E       		.byte	0x1e
 1431 0185 32       		.byte	0x32
 1432 0186 25       		.byte	0x25
 1433 0187 9F       		.byte	0x9f
 1434 0188 00000000 		.4byte	0
 1435 018c 00000000 		.4byte	0
 1436              		.section	.debug_aranges,"",%progbits
 1437 0000 2C000000 		.4byte	0x2c
 1438 0004 0200     		.2byte	0x2
 1439 0006 00000000 		.4byte	.Ldebug_info0
 1440 000a 04       		.byte	0x4
 1441 000b 00       		.byte	0
 1442 000c 0000     		.2byte	0
 1443 000e 0000     		.2byte	0
 1444 0010 00000000 		.4byte	.LFB63
 1445 0014 58000000 		.4byte	.LFE63-.LFB63
 1446 0018 00000000 		.4byte	.LFB64
 1447 001c D8000000 		.4byte	.LFE64-.LFB64
 1448 0020 00000000 		.4byte	.LFB65
 1449 0024 4C000000 		.4byte	.LFE65-.LFB65
 1450 0028 00000000 		.4byte	0
 1451 002c 00000000 		.4byte	0
ARM GAS  C:\Users\chemi\AppData\Local\Temp\ccTMm1y0.s 			page 30


 1452              		.section	.debug_ranges,"",%progbits
 1453              	.Ldebug_ranges0:
 1454 0000 00000000 		.4byte	.LFB63
 1455 0004 58000000 		.4byte	.LFE63
 1456 0008 00000000 		.4byte	.LFB64
 1457 000c D8000000 		.4byte	.LFE64
 1458 0010 00000000 		.4byte	.LFB65
 1459 0014 4C000000 		.4byte	.LFE65
 1460 0018 00000000 		.4byte	0
 1461 001c 00000000 		.4byte	0
 1462              		.section	.debug_line,"",%progbits
 1463              	.Ldebug_line0:
 1464 0000 9D020000 		.section	.debug_str,"MS",%progbits,1
 1464      02004002 
 1464      00000201 
 1464      FB0E0D00 
 1464      01010101 
 1465              	.LASF43:
 1466 0000 64656C61 		.ascii	"delay_tmr\000"
 1466      795F746D 
 1466      7200
 1467              	.LASF47:
 1468 000a 666C6F6F 		.ascii	"floor\000"
 1468      7200
 1469              	.LASF11:
 1470 0010 5F5F7569 		.ascii	"__uint32_t\000"
 1470      6E743332 
 1470      5F7400
 1471              	.LASF40:
 1472 001b 646F776E 		.ascii	"down_rate_error\000"
 1472      5F726174 
 1472      655F6572 
 1472      726F7200 
 1473              	.LASF61:
 1474 002b 433A5C55 		.ascii	"C:\\Users\\chemi\\UD3\\UARTldr_QFN.cydsn\000"
 1474      73657273 
 1474      5C636865 
 1474      6D695C55 
 1474      44335C55 
 1475              	.LASF50:
 1476 0050 4D616E74 		.ascii	"Mantmr_WritePeriod\000"
 1476      6D725F57 
 1476      72697465 
 1476      50657269 
 1476      6F6400
 1477              	.LASF41:
 1478 0063 75705F72 		.ascii	"up_rate_error\000"
 1478      6174655F 
 1478      6572726F 
 1478      7200
 1479              	.LASF64:
 1480 0071 6D61696E 		.ascii	"main\000"
 1480      00
 1481              	.LASF25:
 1482 0076 70617261 		.ascii	"parameter_type\000"
 1482      6D657465 
 1482      725F7479 
ARM GAS  C:\Users\chemi\AppData\Local\Temp\ccTMm1y0.s 			page 31


 1482      706500
 1483              	.LASF7:
 1484 0085 5F5F7569 		.ascii	"__uint16_t\000"
 1484      6E743136 
 1484      5F7400
 1485              	.LASF31:
 1486 0090 636F6E66 		.ascii	"config_struct\000"
 1486      69675F73 
 1486      74727563 
 1486      7400
 1487              	.LASF5:
 1488 009e 73686F72 		.ascii	"short int\000"
 1488      7420696E 
 1488      7400
 1489              	.LASF27:
 1490 00a8 76616C75 		.ascii	"value\000"
 1490      6500
 1491              	.LASF29:
 1492 00ae 74797065 		.ascii	"type\000"
 1492      00
 1493              	.LASF15:
 1494 00b3 75696E74 		.ascii	"uint8_t\000"
 1494      385F7400 
 1495              	.LASF19:
 1496 00bb 75696E74 		.ascii	"uint8\000"
 1496      3800
 1497              	.LASF60:
 1498 00c1 2E2E5C63 		.ascii	"..\\common\\uart_ldr\\main.c\000"
 1498      6F6D6D6F 
 1498      6E5C7561 
 1498      72745F6C 
 1498      64725C6D 
 1499              	.LASF1:
 1500 00db 666C6F61 		.ascii	"float\000"
 1500      7400
 1501              	.LASF13:
 1502 00e1 6C6F6E67 		.ascii	"long long int\000"
 1502      206C6F6E 
 1502      6720696E 
 1502      7400
 1503              	.LASF51:
 1504 00ef 55415254 		.ascii	"UART_CLK_SetDividerRegister\000"
 1504      5F434C4B 
 1504      5F536574 
 1504      44697669 
 1504      64657252 
 1505              	.LASF10:
 1506 010b 6C6F6E67 		.ascii	"long int\000"
 1506      20696E74 
 1506      00
 1507              	.LASF58:
 1508 0114 426F6F74 		.ascii	"Bootloader_Start\000"
 1508      6C6F6164 
 1508      65725F53 
 1508      74617274 
 1508      00
 1509              	.LASF6:
ARM GAS  C:\Users\chemi\AppData\Local\Temp\ccTMm1y0.s 			page 32


 1510 0125 5F5F7569 		.ascii	"__uint8_t\000"
 1510      6E74385F 
 1510      7400
 1511              	.LASF4:
 1512 012f 756E7369 		.ascii	"unsigned char\000"
 1512      676E6564 
 1512      20636861 
 1512      7200
 1513              	.LASF32:
 1514 013d 62617564 		.ascii	"baudrate\000"
 1514      72617465 
 1514      00
 1515              	.LASF26:
 1516 0146 6E616D65 		.ascii	"name\000"
 1516      00
 1517              	.LASF22:
 1518 014b 6C6F6E67 		.ascii	"long double\000"
 1518      20646F75 
 1518      626C6500 
 1519              	.LASF35:
 1520 0157 636C695F 		.ascii	"cli_config\000"
 1520      636F6E66 
 1520      696700
 1521              	.LASF24:
 1522 0162 70617261 		.ascii	"parameter_entry\000"
 1522      6D657465 
 1522      725F656E 
 1522      74727900 
 1523              	.LASF45:
 1524 0172 636F6E66 		.ascii	"configuration\000"
 1524      69677572 
 1524      6174696F 
 1524      6E00
 1525              	.LASF3:
 1526 0180 7369676E 		.ascii	"signed char\000"
 1526      65642063 
 1526      68617200 
 1527              	.LASF14:
 1528 018c 6C6F6E67 		.ascii	"long long unsigned int\000"
 1528      206C6F6E 
 1528      6720756E 
 1528      7369676E 
 1528      65642069 
 1529              	.LASF18:
 1530 01a3 75696E74 		.ascii	"uint32_t\000"
 1530      33325F74 
 1530      00
 1531              	.LASF42:
 1532 01ac 75617274 		.ascii	"uart_frequency\000"
 1532      5F667265 
 1532      7175656E 
 1532      637900
 1533              	.LASF0:
 1534 01bb 756E7369 		.ascii	"unsigned int\000"
 1534      676E6564 
 1534      20696E74 
 1534      00
ARM GAS  C:\Users\chemi\AppData\Local\Temp\ccTMm1y0.s 			page 33


 1535              	.LASF16:
 1536 01c8 75696E74 		.ascii	"uint16_t\000"
 1536      31365F74 
 1536      00
 1537              	.LASF59:
 1538 01d1 474E5520 		.ascii	"GNU C11 5.4.1 20160609 (release) [ARM/embedded-5-br"
 1538      43313120 
 1538      352E342E 
 1538      31203230 
 1538      31363036 
 1539 0204 616E6368 		.ascii	"anch revision 237715] -mcpu=cortex-m3 -mthumb -g -O"
 1539      20726576 
 1539      6973696F 
 1539      6E203233 
 1539      37373135 
 1540 0237 73202D66 		.ascii	"s -ffunction-sections -ffat-lto-objects\000"
 1540      66756E63 
 1540      74696F6E 
 1540      2D736563 
 1540      74696F6E 
 1541              	.LASF8:
 1542 025f 73686F72 		.ascii	"short unsigned int\000"
 1542      7420756E 
 1542      7369676E 
 1542      65642069 
 1542      6E7400
 1543              	.LASF20:
 1544 0272 63686172 		.ascii	"char\000"
 1544      00
 1545              	.LASF52:
 1546 0277 55415254 		.ascii	"UART_Start\000"
 1546      5F537461 
 1546      727400
 1547              	.LASF17:
 1548 0282 696E7433 		.ascii	"int32_t\000"
 1548      325F7400 
 1549              	.LASF38:
 1550 028a 646F776E 		.ascii	"down_rate\000"
 1550      5F726174 
 1550      6500
 1551              	.LASF37:
 1552 0294 64697669 		.ascii	"divider_selected\000"
 1552      6465725F 
 1552      73656C65 
 1552      63746564 
 1552      00
 1553              	.LASF54:
 1554 02a5 45455052 		.ascii	"EEPROM_1_Start\000"
 1554      4F4D5F31 
 1554      5F537461 
 1554      727400
 1555              	.LASF56:
 1556 02b4 45455052 		.ascii	"EEPROM_read_conf\000"
 1556      4F4D5F72 
 1556      6561645F 
 1556      636F6E66 
 1556      00
ARM GAS  C:\Users\chemi\AppData\Local\Temp\ccTMm1y0.s 			page 34


 1557              	.LASF39:
 1558 02c5 75705F72 		.ascii	"up_rate\000"
 1558      61746500 
 1559              	.LASF62:
 1560 02cd 75706461 		.ascii	"update_ivo_uart\000"
 1560      74655F69 
 1560      766F5F75 
 1560      61727400 
 1561              	.LASF21:
 1562 02dd 72656738 		.ascii	"reg8\000"
 1562      00
 1563              	.LASF12:
 1564 02e2 6C6F6E67 		.ascii	"long unsigned int\000"
 1564      20756E73 
 1564      69676E65 
 1564      6420696E 
 1564      7400
 1565              	.LASF2:
 1566 02f4 646F7562 		.ascii	"double\000"
 1566      6C6500
 1567              	.LASF57:
 1568 02fb 73616665 		.ascii	"safe_state_Write\000"
 1568      5F737461 
 1568      74655F57 
 1568      72697465 
 1568      00
 1569              	.LASF28:
 1570 030c 73697A65 		.ascii	"size\000"
 1570      00
 1571              	.LASF34:
 1572 0311 6C696E65 		.ascii	"line_code\000"
 1572      5F636F64 
 1572      6500
 1573              	.LASF33:
 1574 031b 69766F5F 		.ascii	"ivo_uart\000"
 1574      75617274 
 1574      00
 1575              	.LASF9:
 1576 0324 5F5F696E 		.ascii	"__int32_t\000"
 1576      7433325F 
 1576      7400
 1577              	.LASF48:
 1578 032e 6365696C 		.ascii	"ceil\000"
 1578      00
 1579              	.LASF46:
 1580 0333 636F6E66 		.ascii	"confparam\000"
 1580      70617261 
 1580      6D00
 1581              	.LASF23:
 1582 033d 73697A65 		.ascii	"sizetype\000"
 1582      74797065 
 1582      00
 1583              	.LASF30:
 1584 0346 70617261 		.ascii	"parameter_entry_struct\000"
 1584      6D657465 
 1584      725F656E 
 1584      7472795F 
ARM GAS  C:\Users\chemi\AppData\Local\Temp\ccTMm1y0.s 			page 35


 1584      73747275 
 1585              	.LASF53:
 1586 035d 4D616E74 		.ascii	"Mantmr_Start\000"
 1586      6D725F53 
 1586      74617274 
 1586      00
 1587              	.LASF49:
 1588 036a 55415254 		.ascii	"UART_Stop\000"
 1588      5F53746F 
 1588      7000
 1589              	.LASF63:
 1590 0374 75617274 		.ascii	"uart_baudrate\000"
 1590      5F626175 
 1590      64726174 
 1590      6500
 1591              	.LASF44:
 1592 0382 49544D5F 		.ascii	"ITM_RxBuffer\000"
 1592      52784275 
 1592      66666572 
 1592      00
 1593              	.LASF55:
 1594 038f 73616665 		.ascii	"safe_reg_Read\000"
 1594      5F726567 
 1594      5F526561 
 1594      6400
 1595              	.LASF36:
 1596 039d 64697669 		.ascii	"divider\000"
 1596      64657200 
 1597              		.ident	"GCC: (GNU Tools for ARM Embedded Processors) 5.4.1 20160609 (release) [ARM/embedded-5-bran
