ARM GAS  C:\Users\chemi\AppData\Local\Temp\ccYT22ut.s 			page 1


   1              		.syntax unified
   2              		.cpu cortex-m3
   3              		.fpu softvfp
   4              		.eabi_attribute 20, 1
   5              		.eabi_attribute 21, 1
   6              		.eabi_attribute 23, 3
   7              		.eabi_attribute 24, 1
   8              		.eabi_attribute 25, 1
   9              		.eabi_attribute 26, 1
  10              		.eabi_attribute 30, 4
  11              		.eabi_attribute 34, 1
  12              		.eabi_attribute 18, 4
  13              		.thumb
  14              		.syntax unified
  15              		.file	"USBUART_descr.c"
  16              		.text
  17              	.Ltext0:
  18              		.cfi_sections	.debug_frame
  19              		.comm	USBUART_idSerialNumberStringDescriptor,34,1
  20              		.global	USBUART_MSOS_CONFIGURATION_DESCR
  21              		.global	USBUART_MSOS_DESCRIPTOR
  22              		.global	USBUART_TABLE
  23              		.global	USBUART_DEVICE0_TABLE
  24              		.global	USBUART_DEVICE0_CONFIGURATION0_TABLE
  25              		.global	USBUART_DEVICE0_CONFIGURATION0_INTERFACE_CLASS
  26              		.global	USBUART_DEVICE0_CONFIGURATION0_EP_SETTINGS_TABLE
  27              		.global	USBUART_SN_STRING_DESCRIPTOR
  28              		.global	USBUART_STRING_DESCRIPTORS
  29              		.global	USBUART_DEVICE0_CONFIGURATION0_DESCR
  30              		.global	USBUART_DEVICE0_DESCR
  31              		.section	.rodata
  32              		.align	2
  33              		.type	USBUART_MSOS_CONFIGURATION_DESCR, %object
  34              		.size	USBUART_MSOS_CONFIGURATION_DESCR, 40
  35              	USBUART_MSOS_CONFIGURATION_DESCR:
  36 0000 28       		.byte	40
  37 0001 00       		.byte	0
  38 0002 00       		.byte	0
  39 0003 00       		.byte	0
  40 0004 00       		.byte	0
  41 0005 01       		.byte	1
  42 0006 04       		.byte	4
  43 0007 00       		.byte	0
  44 0008 01       		.byte	1
  45 0009 00       		.byte	0
  46 000a 00       		.byte	0
  47 000b 00       		.byte	0
  48 000c 00       		.byte	0
  49 000d 00       		.byte	0
  50 000e 00       		.byte	0
  51 000f 00       		.byte	0
  52 0010 00       		.byte	0
  53 0011 01       		.byte	1
  54 0012 43       		.byte	67
  55 0013 59       		.byte	89
  56 0014 55       		.byte	85
  57 0015 53       		.byte	83
ARM GAS  C:\Users\chemi\AppData\Local\Temp\ccYT22ut.s 			page 2


  58 0016 42       		.byte	66
  59 0017 00       		.byte	0
  60 0018 00       		.byte	0
  61 0019 00       		.byte	0
  62 001a 30       		.byte	48
  63 001b 30       		.byte	48
  64 001c 30       		.byte	48
  65 001d 30       		.byte	48
  66 001e 31       		.byte	49
  67 001f 00       		.byte	0
  68 0020 00       		.byte	0
  69 0021 00       		.byte	0
  70 0022 00       		.byte	0
  71 0023 00       		.byte	0
  72 0024 00       		.byte	0
  73 0025 00       		.byte	0
  74 0026 00       		.byte	0
  75 0027 00       		.byte	0
  76              		.type	USBUART_MSOS_DESCRIPTOR, %object
  77              		.size	USBUART_MSOS_DESCRIPTOR, 18
  78              	USBUART_MSOS_DESCRIPTOR:
  79 0028 12       		.byte	18
  80 0029 03       		.byte	3
  81 002a 4D       		.byte	77
  82 002b 00       		.byte	0
  83 002c 53       		.byte	83
  84 002d 00       		.byte	0
  85 002e 46       		.byte	70
  86 002f 00       		.byte	0
  87 0030 54       		.byte	84
  88 0031 00       		.byte	0
  89 0032 31       		.byte	49
  90 0033 00       		.byte	0
  91 0034 30       		.byte	48
  92 0035 00       		.byte	0
  93 0036 30       		.byte	48
  94 0037 00       		.byte	0
  95 0038 01       		.byte	1
  96 0039 00       		.byte	0
  97 003a 0000     		.space	2
  98              		.type	USBUART_TABLE, %object
  99              		.size	USBUART_TABLE, 8
 100              	USBUART_TABLE:
 101 003c 01       		.byte	1
 102 003d 000000   		.space	3
 103 0040 00000000 		.word	USBUART_DEVICE0_TABLE
 104              		.type	USBUART_DEVICE0_TABLE, %object
 105              		.size	USBUART_DEVICE0_TABLE, 24
 106              	USBUART_DEVICE0_TABLE:
 107 0044 01       		.byte	1
 108 0045 000000   		.space	3
 109 0048 00000000 		.word	USBUART_DEVICE0_DESCR
 110 004c 00       		.byte	0
 111 004d 000000   		.space	3
 112 0050 00000000 		.word	0
 113 0054 01       		.byte	1
 114 0055 000000   		.space	3
ARM GAS  C:\Users\chemi\AppData\Local\Temp\ccYT22ut.s 			page 3


 115 0058 00000000 		.word	USBUART_DEVICE0_CONFIGURATION0_TABLE
 116              		.type	USBUART_DEVICE0_CONFIGURATION0_TABLE, %object
 117              		.size	USBUART_DEVICE0_CONFIGURATION0_TABLE, 40
 118              	USBUART_DEVICE0_CONFIGURATION0_TABLE:
 119 005c 01       		.byte	1
 120 005d 000000   		.space	3
 121 0060 00000000 		.word	USBUART_DEVICE0_CONFIGURATION0_DESCR
 122 0064 03       		.byte	3
 123 0065 000000   		.space	3
 124 0068 00000000 		.word	USBUART_DEVICE0_CONFIGURATION0_EP_SETTINGS_TABLE
 125 006c 00       		.byte	0
 126 006d 000000   		.space	3
 127 0070 00000000 		.word	0
 128 0074 00       		.byte	0
 129 0075 000000   		.space	3
 130 0078 00000000 		.word	0
 131 007c 00       		.byte	0
 132 007d 000000   		.space	3
 133 0080 00000000 		.word	USBUART_DEVICE0_CONFIGURATION0_INTERFACE_CLASS
 134              		.type	USBUART_DEVICE0_CONFIGURATION0_INTERFACE_CLASS, %object
 135              		.size	USBUART_DEVICE0_CONFIGURATION0_INTERFACE_CLASS, 2
 136              	USBUART_DEVICE0_CONFIGURATION0_INTERFACE_CLASS:
 137 0084 02       		.byte	2
 138 0085 0A       		.byte	10
 139              		.type	USBUART_DEVICE0_CONFIGURATION0_EP_SETTINGS_TABLE, %object
 140              		.size	USBUART_DEVICE0_CONFIGURATION0_EP_SETTINGS_TABLE, 24
 141              	USBUART_DEVICE0_CONFIGURATION0_EP_SETTINGS_TABLE:
 142 0086 00       		.byte	0
 143 0087 00       		.byte	0
 144 0088 81       		.byte	-127
 145 0089 03       		.byte	3
 146 008a 0800     		.short	8
 147 008c 02       		.byte	2
 148 008d 00       		.space	1
 149 008e 01       		.byte	1
 150 008f 00       		.byte	0
 151 0090 82       		.byte	-126
 152 0091 02       		.byte	2
 153 0092 4000     		.short	64
 154 0094 0A       		.byte	10
 155 0095 00       		.space	1
 156 0096 01       		.byte	1
 157 0097 00       		.byte	0
 158 0098 03       		.byte	3
 159 0099 02       		.byte	2
 160 009a 4000     		.short	64
 161 009c 0A       		.byte	10
 162 009d 00       		.space	1
 163              		.type	USBUART_SN_STRING_DESCRIPTOR, %object
 164              		.size	USBUART_SN_STRING_DESCRIPTOR, 2
 165              	USBUART_SN_STRING_DESCRIPTOR:
 166 009e 02       		.byte	2
 167 009f 03       		.byte	3
 168              		.type	USBUART_STRING_DESCRIPTORS, %object
 169              		.size	USBUART_STRING_DESCRIPTORS, 159
 170              	USBUART_STRING_DESCRIPTORS:
 171 00a0 04       		.byte	4
ARM GAS  C:\Users\chemi\AppData\Local\Temp\ccYT22ut.s 			page 4


 172 00a1 03       		.byte	3
 173 00a2 09       		.byte	9
 174 00a3 04       		.byte	4
 175 00a4 2C       		.byte	44
 176 00a5 03       		.byte	3
 177 00a6 43       		.byte	67
 178 00a7 00       		.byte	0
 179 00a8 79       		.byte	121
 180 00a9 00       		.byte	0
 181 00aa 70       		.byte	112
 182 00ab 00       		.byte	0
 183 00ac 72       		.byte	114
 184 00ad 00       		.byte	0
 185 00ae 65       		.byte	101
 186 00af 00       		.byte	0
 187 00b0 73       		.byte	115
 188 00b1 00       		.byte	0
 189 00b2 73       		.byte	115
 190 00b3 00       		.byte	0
 191 00b4 20       		.byte	32
 192 00b5 00       		.byte	0
 193 00b6 53       		.byte	83
 194 00b7 00       		.byte	0
 195 00b8 65       		.byte	101
 196 00b9 00       		.byte	0
 197 00ba 6D       		.byte	109
 198 00bb 00       		.byte	0
 199 00bc 69       		.byte	105
 200 00bd 00       		.byte	0
 201 00be 63       		.byte	99
 202 00bf 00       		.byte	0
 203 00c0 6F       		.byte	111
 204 00c1 00       		.byte	0
 205 00c2 6E       		.byte	110
 206 00c3 00       		.byte	0
 207 00c4 64       		.byte	100
 208 00c5 00       		.byte	0
 209 00c6 75       		.byte	117
 210 00c7 00       		.byte	0
 211 00c8 63       		.byte	99
 212 00c9 00       		.byte	0
 213 00ca 74       		.byte	116
 214 00cb 00       		.byte	0
 215 00cc 6F       		.byte	111
 216 00cd 00       		.byte	0
 217 00ce 72       		.byte	114
 218 00cf 00       		.byte	0
 219 00d0 10       		.byte	16
 220 00d1 03       		.byte	3
 221 00d2 55       		.byte	85
 222 00d3 00       		.byte	0
 223 00d4 53       		.byte	83
 224 00d5 00       		.byte	0
 225 00d6 42       		.byte	66
 226 00d7 00       		.byte	0
 227 00d8 55       		.byte	85
 228 00d9 00       		.byte	0
ARM GAS  C:\Users\chemi\AppData\Local\Temp\ccYT22ut.s 			page 5


 229 00da 41       		.byte	65
 230 00db 00       		.byte	0
 231 00dc 52       		.byte	82
 232 00dd 00       		.byte	0
 233 00de 54       		.byte	84
 234 00df 00       		.byte	0
 235 00e0 38       		.byte	56
 236 00e1 03       		.byte	3
 237 00e2 43       		.byte	67
 238 00e3 00       		.byte	0
 239 00e4 44       		.byte	68
 240 00e5 00       		.byte	0
 241 00e6 43       		.byte	67
 242 00e7 00       		.byte	0
 243 00e8 20       		.byte	32
 244 00e9 00       		.byte	0
 245 00ea 43       		.byte	67
 246 00eb 00       		.byte	0
 247 00ec 6F       		.byte	111
 248 00ed 00       		.byte	0
 249 00ee 6D       		.byte	109
 250 00ef 00       		.byte	0
 251 00f0 6D       		.byte	109
 252 00f1 00       		.byte	0
 253 00f2 75       		.byte	117
 254 00f3 00       		.byte	0
 255 00f4 6E       		.byte	110
 256 00f5 00       		.byte	0
 257 00f6 69       		.byte	105
 258 00f7 00       		.byte	0
 259 00f8 63       		.byte	99
 260 00f9 00       		.byte	0
 261 00fa 61       		.byte	97
 262 00fb 00       		.byte	0
 263 00fc 74       		.byte	116
 264 00fd 00       		.byte	0
 265 00fe 69       		.byte	105
 266 00ff 00       		.byte	0
 267 0100 6F       		.byte	111
 268 0101 00       		.byte	0
 269 0102 6E       		.byte	110
 270 0103 00       		.byte	0
 271 0104 20       		.byte	32
 272 0105 00       		.byte	0
 273 0106 49       		.byte	73
 274 0107 00       		.byte	0
 275 0108 6E       		.byte	110
 276 0109 00       		.byte	0
 277 010a 74       		.byte	116
 278 010b 00       		.byte	0
 279 010c 65       		.byte	101
 280 010d 00       		.byte	0
 281 010e 72       		.byte	114
 282 010f 00       		.byte	0
 283 0110 66       		.byte	102
 284 0111 00       		.byte	0
 285 0112 61       		.byte	97
ARM GAS  C:\Users\chemi\AppData\Local\Temp\ccYT22ut.s 			page 6


 286 0113 00       		.byte	0
 287 0114 63       		.byte	99
 288 0115 00       		.byte	0
 289 0116 65       		.byte	101
 290 0117 00       		.byte	0
 291 0118 26       		.byte	38
 292 0119 03       		.byte	3
 293 011a 43       		.byte	67
 294 011b 00       		.byte	0
 295 011c 44       		.byte	68
 296 011d 00       		.byte	0
 297 011e 43       		.byte	67
 298 011f 00       		.byte	0
 299 0120 20       		.byte	32
 300 0121 00       		.byte	0
 301 0122 44       		.byte	68
 302 0123 00       		.byte	0
 303 0124 61       		.byte	97
 304 0125 00       		.byte	0
 305 0126 74       		.byte	116
 306 0127 00       		.byte	0
 307 0128 61       		.byte	97
 308 0129 00       		.byte	0
 309 012a 20       		.byte	32
 310 012b 00       		.byte	0
 311 012c 49       		.byte	73
 312 012d 00       		.byte	0
 313 012e 6E       		.byte	110
 314 012f 00       		.byte	0
 315 0130 74       		.byte	116
 316 0131 00       		.byte	0
 317 0132 65       		.byte	101
 318 0133 00       		.byte	0
 319 0134 72       		.byte	114
 320 0135 00       		.byte	0
 321 0136 66       		.byte	102
 322 0137 00       		.byte	0
 323 0138 61       		.byte	97
 324 0139 00       		.byte	0
 325 013a 63       		.byte	99
 326 013b 00       		.byte	0
 327 013c 65       		.byte	101
 328 013d 00       		.byte	0
 329 013e 00       		.byte	0
 330              		.type	USBUART_DEVICE0_CONFIGURATION0_DESCR, %object
 331              		.size	USBUART_DEVICE0_CONFIGURATION0_DESCR, 67
 332              	USBUART_DEVICE0_CONFIGURATION0_DESCR:
 333 013f 09       		.byte	9
 334 0140 02       		.byte	2
 335 0141 43       		.byte	67
 336 0142 00       		.byte	0
 337 0143 02       		.byte	2
 338 0144 01       		.byte	1
 339 0145 01       		.byte	1
 340 0146 C0       		.byte	-64
 341 0147 32       		.byte	50
 342 0148 09       		.byte	9
ARM GAS  C:\Users\chemi\AppData\Local\Temp\ccYT22ut.s 			page 7


 343 0149 04       		.byte	4
 344 014a 00       		.byte	0
 345 014b 00       		.byte	0
 346 014c 01       		.byte	1
 347 014d 02       		.byte	2
 348 014e 02       		.byte	2
 349 014f 01       		.byte	1
 350 0150 03       		.byte	3
 351 0151 05       		.byte	5
 352 0152 24       		.byte	36
 353 0153 00       		.byte	0
 354 0154 10       		.byte	16
 355 0155 01       		.byte	1
 356 0156 04       		.byte	4
 357 0157 24       		.byte	36
 358 0158 02       		.byte	2
 359 0159 02       		.byte	2
 360 015a 05       		.byte	5
 361 015b 24       		.byte	36
 362 015c 06       		.byte	6
 363 015d 00       		.byte	0
 364 015e 01       		.byte	1
 365 015f 05       		.byte	5
 366 0160 24       		.byte	36
 367 0161 01       		.byte	1
 368 0162 00       		.byte	0
 369 0163 01       		.byte	1
 370 0164 07       		.byte	7
 371 0165 05       		.byte	5
 372 0166 81       		.byte	-127
 373 0167 03       		.byte	3
 374 0168 08       		.byte	8
 375 0169 00       		.byte	0
 376 016a 0A       		.byte	10
 377 016b 09       		.byte	9
 378 016c 04       		.byte	4
 379 016d 01       		.byte	1
 380 016e 00       		.byte	0
 381 016f 02       		.byte	2
 382 0170 0A       		.byte	10
 383 0171 00       		.byte	0
 384 0172 00       		.byte	0
 385 0173 04       		.byte	4
 386 0174 07       		.byte	7
 387 0175 05       		.byte	5
 388 0176 82       		.byte	-126
 389 0177 02       		.byte	2
 390 0178 40       		.byte	64
 391 0179 00       		.byte	0
 392 017a 00       		.byte	0
 393 017b 07       		.byte	7
 394 017c 05       		.byte	5
 395 017d 03       		.byte	3
 396 017e 02       		.byte	2
 397 017f 40       		.byte	64
 398 0180 00       		.byte	0
 399 0181 00       		.byte	0
ARM GAS  C:\Users\chemi\AppData\Local\Temp\ccYT22ut.s 			page 8


 400              		.type	USBUART_DEVICE0_DESCR, %object
 401              		.size	USBUART_DEVICE0_DESCR, 18
 402              	USBUART_DEVICE0_DESCR:
 403 0182 12       		.byte	18
 404 0183 01       		.byte	1
 405 0184 00       		.byte	0
 406 0185 02       		.byte	2
 407 0186 02       		.byte	2
 408 0187 00       		.byte	0
 409 0188 00       		.byte	0
 410 0189 08       		.byte	8
 411 018a B4       		.byte	-76
 412 018b 04       		.byte	4
 413 018c 32       		.byte	50
 414 018d F2       		.byte	-14
 415 018e 01       		.byte	1
 416 018f 00       		.byte	0
 417 0190 01       		.byte	1
 418 0191 02       		.byte	2
 419 0192 80       		.byte	-128
 420 0193 01       		.byte	1
 421              		.text
 422              	.Letext0:
 423              		.file 1 "Generated_Source\\PSoC5\\cytypes.h"
 424              		.file 2 "Generated_Source\\PSoC5\\USBUART.h"
 425              		.file 3 "Generated_Source\\PSoC5\\USBUART_descr.c"
 426              		.section	.debug_info,"",%progbits
 427              	.Ldebug_info0:
 428 0000 DD020000 		.4byte	0x2dd
 429 0004 0400     		.2byte	0x4
 430 0006 00000000 		.4byte	.Ldebug_abbrev0
 431 000a 04       		.byte	0x4
 432 000b 01       		.uleb128 0x1
 433 000c 58010000 		.4byte	.LASF37
 434 0010 0C       		.byte	0xc
 435 0011 93000000 		.4byte	.LASF38
 436 0015 D0000000 		.4byte	.LASF39
 437 0019 00000000 		.4byte	.Ldebug_line0
 438 001d 02       		.uleb128 0x2
 439 001e 01       		.byte	0x1
 440 001f 06       		.byte	0x6
 441 0020 13030000 		.4byte	.LASF0
 442 0024 02       		.uleb128 0x2
 443 0025 01       		.byte	0x1
 444 0026 08       		.byte	0x8
 445 0027 23010000 		.4byte	.LASF1
 446 002b 02       		.uleb128 0x2
 447 002c 02       		.byte	0x2
 448 002d 05       		.byte	0x5
 449 002e E4020000 		.4byte	.LASF2
 450 0032 02       		.uleb128 0x2
 451 0033 02       		.byte	0x2
 452 0034 07       		.byte	0x7
 453 0035 1F030000 		.4byte	.LASF3
 454 0039 02       		.uleb128 0x2
 455 003a 04       		.byte	0x4
 456 003b 05       		.byte	0x5
ARM GAS  C:\Users\chemi\AppData\Local\Temp\ccYT22ut.s 			page 9


 457 003c FE020000 		.4byte	.LASF4
 458 0040 02       		.uleb128 0x2
 459 0041 04       		.byte	0x4
 460 0042 07       		.byte	0x7
 461 0043 3F020000 		.4byte	.LASF5
 462 0047 02       		.uleb128 0x2
 463 0048 08       		.byte	0x8
 464 0049 05       		.byte	0x5
 465 004a B8020000 		.4byte	.LASF6
 466 004e 02       		.uleb128 0x2
 467 004f 08       		.byte	0x8
 468 0050 07       		.byte	0x7
 469 0051 6C020000 		.4byte	.LASF7
 470 0055 03       		.uleb128 0x3
 471 0056 04       		.byte	0x4
 472 0057 05       		.byte	0x5
 473 0058 696E7400 		.ascii	"int\000"
 474 005c 02       		.uleb128 0x2
 475 005d 04       		.byte	0x4
 476 005e 07       		.byte	0x7
 477 005f 51020000 		.4byte	.LASF8
 478 0063 04       		.uleb128 0x4
 479 0064 EE020000 		.4byte	.LASF9
 480 0068 01       		.byte	0x1
 481 0069 9201     		.2byte	0x192
 482 006b 24000000 		.4byte	0x24
 483 006f 04       		.uleb128 0x4
 484 0070 38020000 		.4byte	.LASF10
 485 0074 01       		.byte	0x1
 486 0075 9301     		.2byte	0x193
 487 0077 32000000 		.4byte	0x32
 488 007b 02       		.uleb128 0x2
 489 007c 04       		.byte	0x4
 490 007d 04       		.byte	0x4
 491 007e F5000000 		.4byte	.LASF11
 492 0082 02       		.uleb128 0x2
 493 0083 08       		.byte	0x8
 494 0084 04       		.byte	0x4
 495 0085 31020000 		.4byte	.LASF12
 496 0089 02       		.uleb128 0x2
 497 008a 01       		.byte	0x1
 498 008b 08       		.byte	0x8
 499 008c C6020000 		.4byte	.LASF13
 500 0090 02       		.uleb128 0x2
 501 0091 08       		.byte	0x8
 502 0092 04       		.byte	0x4
 503 0093 07030000 		.4byte	.LASF14
 504 0097 02       		.uleb128 0x2
 505 0098 04       		.byte	0x4
 506 0099 07       		.byte	0x7
 507 009a AF020000 		.4byte	.LASF15
 508 009e 05       		.uleb128 0x5
 509 009f 08       		.byte	0x8
 510 00a0 02       		.byte	0x2
 511 00a1 9B       		.byte	0x9b
 512 00a2 EF000000 		.4byte	0xef
 513 00a6 06       		.uleb128 0x6
ARM GAS  C:\Users\chemi\AppData\Local\Temp\ccYT22ut.s 			page 10


 514 00a7 F4020000 		.4byte	.LASF16
 515 00ab 02       		.byte	0x2
 516 00ac 9D       		.byte	0x9d
 517 00ad 63000000 		.4byte	0x63
 518 00b1 00       		.byte	0
 519 00b2 06       		.uleb128 0x6
 520 00b3 18010000 		.4byte	.LASF17
 521 00b7 02       		.byte	0x2
 522 00b8 9E       		.byte	0x9e
 523 00b9 63000000 		.4byte	0x63
 524 00bd 01       		.byte	0x1
 525 00be 06       		.uleb128 0x6
 526 00bf E6010000 		.4byte	.LASF18
 527 00c3 02       		.byte	0x2
 528 00c4 9F       		.byte	0x9f
 529 00c5 63000000 		.4byte	0x63
 530 00c9 02       		.byte	0x2
 531 00ca 06       		.uleb128 0x6
 532 00cb 31010000 		.4byte	.LASF19
 533 00cf 02       		.byte	0x2
 534 00d0 A0       		.byte	0xa0
 535 00d1 63000000 		.4byte	0x63
 536 00d5 03       		.byte	0x3
 537 00d6 06       		.uleb128 0x6
 538 00d7 CB020000 		.4byte	.LASF20
 539 00db 02       		.byte	0x2
 540 00dc A1       		.byte	0xa1
 541 00dd 6F000000 		.4byte	0x6f
 542 00e1 04       		.byte	0x4
 543 00e2 06       		.uleb128 0x6
 544 00e3 48030000 		.4byte	.LASF21
 545 00e7 02       		.byte	0x2
 546 00e8 A2       		.byte	0xa2
 547 00e9 63000000 		.4byte	0x63
 548 00ed 06       		.byte	0x6
 549 00ee 00       		.byte	0
 550 00ef 07       		.uleb128 0x7
 551 00f0 3C010000 		.4byte	.LASF22
 552 00f4 02       		.byte	0x2
 553 00f5 A3       		.byte	0xa3
 554 00f6 9E000000 		.4byte	0x9e
 555 00fa 05       		.uleb128 0x5
 556 00fb 08       		.byte	0x8
 557 00fc 02       		.byte	0x2
 558 00fd B2       		.byte	0xb2
 559 00fe 19010000 		.4byte	0x119
 560 0102 08       		.uleb128 0x8
 561 0103 6300     		.ascii	"c\000"
 562 0105 02       		.byte	0x2
 563 0106 B4       		.byte	0xb4
 564 0107 63000000 		.4byte	0x63
 565 010b 00       		.byte	0
 566 010c 06       		.uleb128 0x6
 567 010d A8020000 		.4byte	.LASF23
 568 0111 02       		.byte	0x2
 569 0112 B5       		.byte	0xb5
 570 0113 19010000 		.4byte	0x119
ARM GAS  C:\Users\chemi\AppData\Local\Temp\ccYT22ut.s 			page 11


 571 0117 04       		.byte	0x4
 572 0118 00       		.byte	0
 573 0119 09       		.uleb128 0x9
 574 011a 04       		.byte	0x4
 575 011b 1F010000 		.4byte	0x11f
 576 011f 0A       		.uleb128 0xa
 577 0120 07       		.uleb128 0x7
 578 0121 5E020000 		.4byte	.LASF24
 579 0125 02       		.byte	0x2
 580 0126 B6       		.byte	0xb6
 581 0127 FA000000 		.4byte	0xfa
 582 012b 0B       		.uleb128 0xb
 583 012c 3B010000 		.4byte	0x13b
 584 0130 3B010000 		.4byte	0x13b
 585 0134 0C       		.uleb128 0xc
 586 0135 97000000 		.4byte	0x97
 587 0139 11       		.byte	0x11
 588 013a 00       		.byte	0
 589 013b 0D       		.uleb128 0xd
 590 013c 63000000 		.4byte	0x63
 591 0140 0E       		.uleb128 0xe
 592 0141 BA000000 		.4byte	.LASF25
 593 0145 03       		.byte	0x3
 594 0146 24       		.byte	0x24
 595 0147 51010000 		.4byte	0x151
 596 014b 05       		.uleb128 0x5
 597 014c 03       		.byte	0x3
 598 014d 00000000 		.4byte	USBUART_DEVICE0_DESCR
 599 0151 0D       		.uleb128 0xd
 600 0152 2B010000 		.4byte	0x12b
 601 0156 0B       		.uleb128 0xb
 602 0157 3B010000 		.4byte	0x13b
 603 015b 66010000 		.4byte	0x166
 604 015f 0C       		.uleb128 0xc
 605 0160 97000000 		.4byte	0x97
 606 0164 42       		.byte	0x42
 607 0165 00       		.byte	0
 608 0166 0E       		.uleb128 0xe
 609 0167 83020000 		.4byte	.LASF26
 610 016b 03       		.byte	0x3
 611 016c 37       		.byte	0x37
 612 016d 77010000 		.4byte	0x177
 613 0171 05       		.uleb128 0x5
 614 0172 03       		.byte	0x3
 615 0173 00000000 		.4byte	USBUART_DEVICE0_CONFIGURATION0_DESCR
 616 0177 0D       		.uleb128 0xd
 617 0178 56010000 		.4byte	0x156
 618 017c 0B       		.uleb128 0xb
 619 017d 8C010000 		.4byte	0x18c
 620 0181 8C010000 		.4byte	0x18c
 621 0185 0C       		.uleb128 0xc
 622 0186 97000000 		.4byte	0x97
 623 018a 02       		.byte	0x2
 624 018b 00       		.byte	0
 625 018c 0D       		.uleb128 0xd
 626 018d EF000000 		.4byte	0xef
 627 0191 0E       		.uleb128 0xe
ARM GAS  C:\Users\chemi\AppData\Local\Temp\ccYT22ut.s 			page 12


 628 0192 4A000000 		.4byte	.LASF27
 629 0196 03       		.byte	0x3
 630 0197 D8       		.byte	0xd8
 631 0198 A2010000 		.4byte	0x1a2
 632 019c 05       		.uleb128 0x5
 633 019d 03       		.byte	0x3
 634 019e 00000000 		.4byte	USBUART_DEVICE0_CONFIGURATION0_EP_SETTINGS_TABLE
 635 01a2 0D       		.uleb128 0xd
 636 01a3 7C010000 		.4byte	0x17c
 637 01a7 0B       		.uleb128 0xb
 638 01a8 3B010000 		.4byte	0x13b
 639 01ac B7010000 		.4byte	0x1b7
 640 01b0 0C       		.uleb128 0xc
 641 01b1 97000000 		.4byte	0x97
 642 01b5 01       		.byte	0x1
 643 01b6 00       		.byte	0
 644 01b7 0E       		.uleb128 0xe
 645 01b8 00000000 		.4byte	.LASF28
 646 01bc 03       		.byte	0x3
 647 01bd DE       		.byte	0xde
 648 01be C8010000 		.4byte	0x1c8
 649 01c2 05       		.uleb128 0x5
 650 01c3 03       		.byte	0x3
 651 01c4 00000000 		.4byte	USBUART_DEVICE0_CONFIGURATION0_INTERFACE_CLASS
 652 01c8 0D       		.uleb128 0xd
 653 01c9 A7010000 		.4byte	0x1a7
 654 01cd 0B       		.uleb128 0xb
 655 01ce DD010000 		.4byte	0x1dd
 656 01d2 DD010000 		.4byte	0x1dd
 657 01d6 0C       		.uleb128 0xc
 658 01d7 97000000 		.4byte	0x97
 659 01db 04       		.byte	0x4
 660 01dc 00       		.byte	0
 661 01dd 0D       		.uleb128 0xd
 662 01de 20010000 		.4byte	0x120
 663 01e2 0E       		.uleb128 0xe
 664 01e3 EB010000 		.4byte	.LASF29
 665 01e7 03       		.byte	0x3
 666 01e8 E6       		.byte	0xe6
 667 01e9 F3010000 		.4byte	0x1f3
 668 01ed 05       		.uleb128 0x5
 669 01ee 03       		.byte	0x3
 670 01ef 00000000 		.4byte	USBUART_DEVICE0_CONFIGURATION0_TABLE
 671 01f3 0D       		.uleb128 0xd
 672 01f4 CD010000 		.4byte	0x1cd
 673 01f8 0B       		.uleb128 0xb
 674 01f9 DD010000 		.4byte	0x1dd
 675 01fd 08020000 		.4byte	0x208
 676 0201 0C       		.uleb128 0xc
 677 0202 97000000 		.4byte	0x97
 678 0206 02       		.byte	0x2
 679 0207 00       		.byte	0
 680 0208 0E       		.uleb128 0xe
 681 0209 32030000 		.4byte	.LASF30
 682 020d 03       		.byte	0x3
 683 020e F1       		.byte	0xf1
 684 020f 19020000 		.4byte	0x219
ARM GAS  C:\Users\chemi\AppData\Local\Temp\ccYT22ut.s 			page 13


 685 0213 05       		.uleb128 0x5
 686 0214 03       		.byte	0x3
 687 0215 00000000 		.4byte	USBUART_DEVICE0_TABLE
 688 0219 0D       		.uleb128 0xd
 689 021a F8010000 		.4byte	0x1f8
 690 021e 0B       		.uleb128 0xb
 691 021f DD010000 		.4byte	0x1dd
 692 0223 2E020000 		.4byte	0x22e
 693 0227 0C       		.uleb128 0xc
 694 0228 97000000 		.4byte	0x97
 695 022c 00       		.byte	0
 696 022d 00       		.byte	0
 697 022e 0E       		.uleb128 0xe
 698 022f D6020000 		.4byte	.LASF31
 699 0233 03       		.byte	0x3
 700 0234 F9       		.byte	0xf9
 701 0235 3F020000 		.4byte	0x23f
 702 0239 05       		.uleb128 0x5
 703 023a 03       		.byte	0x3
 704 023b 00000000 		.4byte	USBUART_TABLE
 705 023f 0D       		.uleb128 0xd
 706 0240 1E020000 		.4byte	0x21e
 707 0244 0E       		.uleb128 0xe
 708 0245 FB000000 		.4byte	.LASF32
 709 0249 03       		.byte	0x3
 710 024a C9       		.byte	0xc9
 711 024b 55020000 		.4byte	0x255
 712 024f 05       		.uleb128 0x5
 713 0250 03       		.byte	0x3
 714 0251 00000000 		.4byte	USBUART_SN_STRING_DESCRIPTOR
 715 0255 0D       		.uleb128 0xd
 716 0256 A7010000 		.4byte	0x1a7
 717 025a 0B       		.uleb128 0xb
 718 025b 3B010000 		.4byte	0x13b
 719 025f 6A020000 		.4byte	0x26a
 720 0263 0C       		.uleb128 0xc
 721 0264 97000000 		.4byte	0x97
 722 0268 9E       		.byte	0x9e
 723 0269 00       		.byte	0
 724 026a 0E       		.uleb128 0xe
 725 026b 2F000000 		.4byte	.LASF33
 726 026f 03       		.byte	0x3
 727 0270 96       		.byte	0x96
 728 0271 7B020000 		.4byte	0x27b
 729 0275 05       		.uleb128 0x5
 730 0276 03       		.byte	0x3
 731 0277 00000000 		.4byte	USBUART_STRING_DESCRIPTORS
 732 027b 0D       		.uleb128 0xd
 733 027c 5A020000 		.4byte	0x25a
 734 0280 0F       		.uleb128 0xf
 735 0281 7B000000 		.4byte	.LASF34
 736 0285 03       		.byte	0x3
 737 0286 0901     		.2byte	0x109
 738 0288 92020000 		.4byte	0x292
 739 028c 05       		.uleb128 0x5
 740 028d 03       		.byte	0x3
 741 028e 00000000 		.4byte	USBUART_MSOS_DESCRIPTOR
ARM GAS  C:\Users\chemi\AppData\Local\Temp\ccYT22ut.s 			page 14


 742 0292 0D       		.uleb128 0xd
 743 0293 2B010000 		.4byte	0x12b
 744 0297 0B       		.uleb128 0xb
 745 0298 3B010000 		.4byte	0x13b
 746 029c A7020000 		.4byte	0x2a7
 747 02a0 0C       		.uleb128 0xc
 748 02a1 97000000 		.4byte	0x97
 749 02a5 27       		.byte	0x27
 750 02a6 00       		.byte	0
 751 02a7 0F       		.uleb128 0xf
 752 02a8 10020000 		.4byte	.LASF35
 753 02ac 03       		.byte	0x3
 754 02ad 1401     		.2byte	0x114
 755 02af B9020000 		.4byte	0x2b9
 756 02b3 05       		.uleb128 0x5
 757 02b4 03       		.byte	0x3
 758 02b5 00000000 		.4byte	USBUART_MSOS_CONFIGURATION_DESCR
 759 02b9 0D       		.uleb128 0xd
 760 02ba 97020000 		.4byte	0x297
 761 02be 0B       		.uleb128 0xb
 762 02bf 63000000 		.4byte	0x63
 763 02c3 CE020000 		.4byte	0x2ce
 764 02c7 0C       		.uleb128 0xc
 765 02c8 97000000 		.4byte	0x97
 766 02cc 21       		.byte	0x21
 767 02cd 00       		.byte	0
 768 02ce 0F       		.uleb128 0xf
 769 02cf 4E030000 		.4byte	.LASF36
 770 02d3 03       		.byte	0x3
 771 02d4 2701     		.2byte	0x127
 772 02d6 BE020000 		.4byte	0x2be
 773 02da 05       		.uleb128 0x5
 774 02db 03       		.byte	0x3
 775 02dc 00000000 		.4byte	USBUART_idSerialNumberStringDescriptor
 776 02e0 00       		.byte	0
 777              		.section	.debug_abbrev,"",%progbits
 778              	.Ldebug_abbrev0:
 779 0000 01       		.uleb128 0x1
 780 0001 11       		.uleb128 0x11
 781 0002 01       		.byte	0x1
 782 0003 25       		.uleb128 0x25
 783 0004 0E       		.uleb128 0xe
 784 0005 13       		.uleb128 0x13
 785 0006 0B       		.uleb128 0xb
 786 0007 03       		.uleb128 0x3
 787 0008 0E       		.uleb128 0xe
 788 0009 1B       		.uleb128 0x1b
 789 000a 0E       		.uleb128 0xe
 790 000b 10       		.uleb128 0x10
 791 000c 17       		.uleb128 0x17
 792 000d 00       		.byte	0
 793 000e 00       		.byte	0
 794 000f 02       		.uleb128 0x2
 795 0010 24       		.uleb128 0x24
 796 0011 00       		.byte	0
 797 0012 0B       		.uleb128 0xb
 798 0013 0B       		.uleb128 0xb
ARM GAS  C:\Users\chemi\AppData\Local\Temp\ccYT22ut.s 			page 15


 799 0014 3E       		.uleb128 0x3e
 800 0015 0B       		.uleb128 0xb
 801 0016 03       		.uleb128 0x3
 802 0017 0E       		.uleb128 0xe
 803 0018 00       		.byte	0
 804 0019 00       		.byte	0
 805 001a 03       		.uleb128 0x3
 806 001b 24       		.uleb128 0x24
 807 001c 00       		.byte	0
 808 001d 0B       		.uleb128 0xb
 809 001e 0B       		.uleb128 0xb
 810 001f 3E       		.uleb128 0x3e
 811 0020 0B       		.uleb128 0xb
 812 0021 03       		.uleb128 0x3
 813 0022 08       		.uleb128 0x8
 814 0023 00       		.byte	0
 815 0024 00       		.byte	0
 816 0025 04       		.uleb128 0x4
 817 0026 16       		.uleb128 0x16
 818 0027 00       		.byte	0
 819 0028 03       		.uleb128 0x3
 820 0029 0E       		.uleb128 0xe
 821 002a 3A       		.uleb128 0x3a
 822 002b 0B       		.uleb128 0xb
 823 002c 3B       		.uleb128 0x3b
 824 002d 05       		.uleb128 0x5
 825 002e 49       		.uleb128 0x49
 826 002f 13       		.uleb128 0x13
 827 0030 00       		.byte	0
 828 0031 00       		.byte	0
 829 0032 05       		.uleb128 0x5
 830 0033 13       		.uleb128 0x13
 831 0034 01       		.byte	0x1
 832 0035 0B       		.uleb128 0xb
 833 0036 0B       		.uleb128 0xb
 834 0037 3A       		.uleb128 0x3a
 835 0038 0B       		.uleb128 0xb
 836 0039 3B       		.uleb128 0x3b
 837 003a 0B       		.uleb128 0xb
 838 003b 01       		.uleb128 0x1
 839 003c 13       		.uleb128 0x13
 840 003d 00       		.byte	0
 841 003e 00       		.byte	0
 842 003f 06       		.uleb128 0x6
 843 0040 0D       		.uleb128 0xd
 844 0041 00       		.byte	0
 845 0042 03       		.uleb128 0x3
 846 0043 0E       		.uleb128 0xe
 847 0044 3A       		.uleb128 0x3a
 848 0045 0B       		.uleb128 0xb
 849 0046 3B       		.uleb128 0x3b
 850 0047 0B       		.uleb128 0xb
 851 0048 49       		.uleb128 0x49
 852 0049 13       		.uleb128 0x13
 853 004a 38       		.uleb128 0x38
 854 004b 0B       		.uleb128 0xb
 855 004c 00       		.byte	0
ARM GAS  C:\Users\chemi\AppData\Local\Temp\ccYT22ut.s 			page 16


 856 004d 00       		.byte	0
 857 004e 07       		.uleb128 0x7
 858 004f 16       		.uleb128 0x16
 859 0050 00       		.byte	0
 860 0051 03       		.uleb128 0x3
 861 0052 0E       		.uleb128 0xe
 862 0053 3A       		.uleb128 0x3a
 863 0054 0B       		.uleb128 0xb
 864 0055 3B       		.uleb128 0x3b
 865 0056 0B       		.uleb128 0xb
 866 0057 49       		.uleb128 0x49
 867 0058 13       		.uleb128 0x13
 868 0059 00       		.byte	0
 869 005a 00       		.byte	0
 870 005b 08       		.uleb128 0x8
 871 005c 0D       		.uleb128 0xd
 872 005d 00       		.byte	0
 873 005e 03       		.uleb128 0x3
 874 005f 08       		.uleb128 0x8
 875 0060 3A       		.uleb128 0x3a
 876 0061 0B       		.uleb128 0xb
 877 0062 3B       		.uleb128 0x3b
 878 0063 0B       		.uleb128 0xb
 879 0064 49       		.uleb128 0x49
 880 0065 13       		.uleb128 0x13
 881 0066 38       		.uleb128 0x38
 882 0067 0B       		.uleb128 0xb
 883 0068 00       		.byte	0
 884 0069 00       		.byte	0
 885 006a 09       		.uleb128 0x9
 886 006b 0F       		.uleb128 0xf
 887 006c 00       		.byte	0
 888 006d 0B       		.uleb128 0xb
 889 006e 0B       		.uleb128 0xb
 890 006f 49       		.uleb128 0x49
 891 0070 13       		.uleb128 0x13
 892 0071 00       		.byte	0
 893 0072 00       		.byte	0
 894 0073 0A       		.uleb128 0xa
 895 0074 26       		.uleb128 0x26
 896 0075 00       		.byte	0
 897 0076 00       		.byte	0
 898 0077 00       		.byte	0
 899 0078 0B       		.uleb128 0xb
 900 0079 01       		.uleb128 0x1
 901 007a 01       		.byte	0x1
 902 007b 49       		.uleb128 0x49
 903 007c 13       		.uleb128 0x13
 904 007d 01       		.uleb128 0x1
 905 007e 13       		.uleb128 0x13
 906 007f 00       		.byte	0
 907 0080 00       		.byte	0
 908 0081 0C       		.uleb128 0xc
 909 0082 21       		.uleb128 0x21
 910 0083 00       		.byte	0
 911 0084 49       		.uleb128 0x49
 912 0085 13       		.uleb128 0x13
ARM GAS  C:\Users\chemi\AppData\Local\Temp\ccYT22ut.s 			page 17


 913 0086 2F       		.uleb128 0x2f
 914 0087 0B       		.uleb128 0xb
 915 0088 00       		.byte	0
 916 0089 00       		.byte	0
 917 008a 0D       		.uleb128 0xd
 918 008b 26       		.uleb128 0x26
 919 008c 00       		.byte	0
 920 008d 49       		.uleb128 0x49
 921 008e 13       		.uleb128 0x13
 922 008f 00       		.byte	0
 923 0090 00       		.byte	0
 924 0091 0E       		.uleb128 0xe
 925 0092 34       		.uleb128 0x34
 926 0093 00       		.byte	0
 927 0094 03       		.uleb128 0x3
 928 0095 0E       		.uleb128 0xe
 929 0096 3A       		.uleb128 0x3a
 930 0097 0B       		.uleb128 0xb
 931 0098 3B       		.uleb128 0x3b
 932 0099 0B       		.uleb128 0xb
 933 009a 49       		.uleb128 0x49
 934 009b 13       		.uleb128 0x13
 935 009c 3F       		.uleb128 0x3f
 936 009d 19       		.uleb128 0x19
 937 009e 02       		.uleb128 0x2
 938 009f 18       		.uleb128 0x18
 939 00a0 00       		.byte	0
 940 00a1 00       		.byte	0
 941 00a2 0F       		.uleb128 0xf
 942 00a3 34       		.uleb128 0x34
 943 00a4 00       		.byte	0
 944 00a5 03       		.uleb128 0x3
 945 00a6 0E       		.uleb128 0xe
 946 00a7 3A       		.uleb128 0x3a
 947 00a8 0B       		.uleb128 0xb
 948 00a9 3B       		.uleb128 0x3b
 949 00aa 05       		.uleb128 0x5
 950 00ab 49       		.uleb128 0x49
 951 00ac 13       		.uleb128 0x13
 952 00ad 3F       		.uleb128 0x3f
 953 00ae 19       		.uleb128 0x19
 954 00af 02       		.uleb128 0x2
 955 00b0 18       		.uleb128 0x18
 956 00b1 00       		.byte	0
 957 00b2 00       		.byte	0
 958 00b3 00       		.byte	0
 959              		.section	.debug_aranges,"",%progbits
 960 0000 14000000 		.4byte	0x14
 961 0004 0200     		.2byte	0x2
 962 0006 00000000 		.4byte	.Ldebug_info0
 963 000a 04       		.byte	0x4
 964 000b 00       		.byte	0
 965 000c 0000     		.2byte	0
 966 000e 0000     		.2byte	0
 967 0010 00000000 		.4byte	0
 968 0014 00000000 		.4byte	0
 969              		.section	.debug_line,"",%progbits
ARM GAS  C:\Users\chemi\AppData\Local\Temp\ccYT22ut.s 			page 18


 970              	.Ldebug_line0:
 971 0000 5D000000 		.section	.debug_str,"MS",%progbits,1
 971      02005700 
 971      00000201 
 971      FB0E0D00 
 971      01010101 
 972              	.LASF28:
 973 0000 55534255 		.ascii	"USBUART_DEVICE0_CONFIGURATION0_INTERFACE_CLASS\000"
 973      4152545F 
 973      44455649 
 973      4345305F 
 973      434F4E46 
 974              	.LASF33:
 975 002f 55534255 		.ascii	"USBUART_STRING_DESCRIPTORS\000"
 975      4152545F 
 975      53545249 
 975      4E475F44 
 975      45534352 
 976              	.LASF27:
 977 004a 55534255 		.ascii	"USBUART_DEVICE0_CONFIGURATION0_EP_SETTINGS_TABLE\000"
 977      4152545F 
 977      44455649 
 977      4345305F 
 977      434F4E46 
 978              	.LASF34:
 979 007b 55534255 		.ascii	"USBUART_MSOS_DESCRIPTOR\000"
 979      4152545F 
 979      4D534F53 
 979      5F444553 
 979      43524950 
 980              	.LASF38:
 981 0093 47656E65 		.ascii	"Generated_Source\\PSoC5\\USBUART_descr.c\000"
 981      72617465 
 981      645F536F 
 981      75726365 
 981      5C50536F 
 982              	.LASF25:
 983 00ba 55534255 		.ascii	"USBUART_DEVICE0_DESCR\000"
 983      4152545F 
 983      44455649 
 983      4345305F 
 983      44455343 
 984              	.LASF39:
 985 00d0 433A5C55 		.ascii	"C:\\Users\\chemi\\UD3\\UARTldr_QFN.cydsn\000"
 985      73657273 
 985      5C636865 
 985      6D695C55 
 985      44335C55 
 986              	.LASF11:
 987 00f5 666C6F61 		.ascii	"float\000"
 987      7400
 988              	.LASF32:
 989 00fb 55534255 		.ascii	"USBUART_SN_STRING_DESCRIPTOR\000"
 989      4152545F 
 989      534E5F53 
 989      5452494E 
 989      475F4445 
ARM GAS  C:\Users\chemi\AppData\Local\Temp\ccYT22ut.s 			page 19


 990              	.LASF17:
 991 0118 616C7453 		.ascii	"altSetting\000"
 991      65747469 
 991      6E6700
 992              	.LASF1:
 993 0123 756E7369 		.ascii	"unsigned char\000"
 993      676E6564 
 993      20636861 
 993      7200
 994              	.LASF19:
 995 0131 61747472 		.ascii	"attributes\000"
 995      69627574 
 995      657300
 996              	.LASF22:
 997 013c 545F5553 		.ascii	"T_USBUART_EP_SETTINGS_BLOCK\000"
 997      42554152 
 997      545F4550 
 997      5F534554 
 997      54494E47 
 998              	.LASF37:
 999 0158 474E5520 		.ascii	"GNU C11 5.4.1 20160609 (release) [ARM/embedded-5-br"
 999      43313120 
 999      352E342E 
 999      31203230 
 999      31363036 
 1000 018b 616E6368 		.ascii	"anch revision 237715] -mcpu=cortex-m3 -mthumb -g -O"
 1000      20726576 
 1000      6973696F 
 1000      6E203233 
 1000      37373135 
 1001 01be 73202D66 		.ascii	"s -ffunction-sections -ffat-lto-objects\000"
 1001      66756E63 
 1001      74696F6E 
 1001      2D736563 
 1001      74696F6E 
 1002              	.LASF18:
 1003 01e6 61646472 		.ascii	"addr\000"
 1003      00
 1004              	.LASF29:
 1005 01eb 55534255 		.ascii	"USBUART_DEVICE0_CONFIGURATION0_TABLE\000"
 1005      4152545F 
 1005      44455649 
 1005      4345305F 
 1005      434F4E46 
 1006              	.LASF35:
 1007 0210 55534255 		.ascii	"USBUART_MSOS_CONFIGURATION_DESCR\000"
 1007      4152545F 
 1007      4D534F53 
 1007      5F434F4E 
 1007      46494755 
 1008              	.LASF12:
 1009 0231 646F7562 		.ascii	"double\000"
 1009      6C6500
 1010              	.LASF10:
 1011 0238 75696E74 		.ascii	"uint16\000"
 1011      313600
 1012              	.LASF5:
ARM GAS  C:\Users\chemi\AppData\Local\Temp\ccYT22ut.s 			page 20


 1013 023f 6C6F6E67 		.ascii	"long unsigned int\000"
 1013      20756E73 
 1013      69676E65 
 1013      6420696E 
 1013      7400
 1014              	.LASF8:
 1015 0251 756E7369 		.ascii	"unsigned int\000"
 1015      676E6564 
 1015      20696E74 
 1015      00
 1016              	.LASF24:
 1017 025e 545F5553 		.ascii	"T_USBUART_LUT\000"
 1017      42554152 
 1017      545F4C55 
 1017      5400
 1018              	.LASF7:
 1019 026c 6C6F6E67 		.ascii	"long long unsigned int\000"
 1019      206C6F6E 
 1019      6720756E 
 1019      7369676E 
 1019      65642069 
 1020              	.LASF26:
 1021 0283 55534255 		.ascii	"USBUART_DEVICE0_CONFIGURATION0_DESCR\000"
 1021      4152545F 
 1021      44455649 
 1021      4345305F 
 1021      434F4E46 
 1022              	.LASF23:
 1023 02a8 705F6C69 		.ascii	"p_list\000"
 1023      737400
 1024              	.LASF15:
 1025 02af 73697A65 		.ascii	"sizetype\000"
 1025      74797065 
 1025      00
 1026              	.LASF6:
 1027 02b8 6C6F6E67 		.ascii	"long long int\000"
 1027      206C6F6E 
 1027      6720696E 
 1027      7400
 1028              	.LASF13:
 1029 02c6 63686172 		.ascii	"char\000"
 1029      00
 1030              	.LASF20:
 1031 02cb 62756666 		.ascii	"bufferSize\000"
 1031      65725369 
 1031      7A6500
 1032              	.LASF31:
 1033 02d6 55534255 		.ascii	"USBUART_TABLE\000"
 1033      4152545F 
 1033      5441424C 
 1033      4500
 1034              	.LASF2:
 1035 02e4 73686F72 		.ascii	"short int\000"
 1035      7420696E 
 1035      7400
 1036              	.LASF9:
 1037 02ee 75696E74 		.ascii	"uint8\000"
ARM GAS  C:\Users\chemi\AppData\Local\Temp\ccYT22ut.s 			page 21


 1037      3800
 1038              	.LASF16:
 1039 02f4 696E7465 		.ascii	"interface\000"
 1039      72666163 
 1039      6500
 1040              	.LASF4:
 1041 02fe 6C6F6E67 		.ascii	"long int\000"
 1041      20696E74 
 1041      00
 1042              	.LASF14:
 1043 0307 6C6F6E67 		.ascii	"long double\000"
 1043      20646F75 
 1043      626C6500 
 1044              	.LASF0:
 1045 0313 7369676E 		.ascii	"signed char\000"
 1045      65642063 
 1045      68617200 
 1046              	.LASF3:
 1047 031f 73686F72 		.ascii	"short unsigned int\000"
 1047      7420756E 
 1047      7369676E 
 1047      65642069 
 1047      6E7400
 1048              	.LASF30:
 1049 0332 55534255 		.ascii	"USBUART_DEVICE0_TABLE\000"
 1049      4152545F 
 1049      44455649 
 1049      4345305F 
 1049      5441424C 
 1050              	.LASF21:
 1051 0348 624D6973 		.ascii	"bMisc\000"
 1051      6300
 1052              	.LASF36:
 1053 034e 55534255 		.ascii	"USBUART_idSerialNumberStringDescriptor\000"
 1053      4152545F 
 1053      69645365 
 1053      7269616C 
 1053      4E756D62 
 1054              		.ident	"GCC: (GNU Tools for ARM Embedded Processors) 5.4.1 20160609 (release) [ARM/embedded-5-bran
